Document: ID=file_38.txt (7 sentences, 154 tokens)

Sentence #1 (63 tokens):
vendados los transportaron en un vehículo y el día 6 -
de los corrientes lo abandonaron cerca de su domicilio
Se dijo que la manifestación realizada el día señalado
como protesta contra la Policía porque se suponía que
ésta había secuestrado a RUMBO ALEXANDRE,no tuvo otra
finalidad que la de mantener un ambiente de intranquili
lidad entre la comunidad preparatoriana.

Tokens:
[Text=vendados CharacterOffsetBegin=0 CharacterOffsetEnd=8 PartOfSpeech=ADJ Lemma=vendados NamedEntityTag=O]
[Text=los CharacterOffsetBegin=9 CharacterOffsetEnd=12 PartOfSpeech=DET Lemma=los NamedEntityTag=O]
[Text=transportaron CharacterOffsetBegin=13 CharacterOffsetEnd=26 PartOfSpeech=VERB Lemma=transportaron NamedEntityTag=O]
[Text=en CharacterOffsetBegin=27 CharacterOffsetEnd=29 PartOfSpeech=ADP Lemma=en NamedEntityTag=O]
[Text=un CharacterOffsetBegin=30 CharacterOffsetEnd=32 PartOfSpeech=DET Lemma=un NamedEntityTag=O]
[Text=vehículo CharacterOffsetBegin=33 CharacterOffsetEnd=41 PartOfSpeech=NOUN Lemma=vehículo NamedEntityTag=O]
[Text=y CharacterOffsetBegin=42 CharacterOffsetEnd=43 PartOfSpeech=CCONJ Lemma=y NamedEntityTag=O]
[Text=el CharacterOffsetBegin=44 CharacterOffsetEnd=46 PartOfSpeech=DET Lemma=el NamedEntityTag=O]
[Text=día CharacterOffsetBegin=47 CharacterOffsetEnd=50 PartOfSpeech=NOUN Lemma=día NamedEntityTag=O]
[Text=6 CharacterOffsetBegin=51 CharacterOffsetEnd=52 PartOfSpeech=NUM Lemma=6 NamedEntityTag=NUMBER NormalizedNamedEntityTag=6.0]
[Text=- CharacterOffsetBegin=53 CharacterOffsetEnd=54 PartOfSpeech=PUNCT Lemma=- NamedEntityTag=O]
[Text=de CharacterOffsetBegin=55 CharacterOffsetEnd=57 PartOfSpeech=ADP Lemma=de NamedEntityTag=O]
[Text=los CharacterOffsetBegin=58 CharacterOffsetEnd=61 PartOfSpeech=DET Lemma=los NamedEntityTag=O]
[Text=corrientes CharacterOffsetBegin=62 CharacterOffsetEnd=72 PartOfSpeech=NOUN Lemma=corrientes NamedEntityTag=O]
[Text=lo CharacterOffsetBegin=73 CharacterOffsetEnd=75 PartOfSpeech=PRON Lemma=lo NamedEntityTag=O]
[Text=abandonaron CharacterOffsetBegin=76 CharacterOffsetEnd=87 PartOfSpeech=VERB Lemma=abandonaron NamedEntityTag=O]
[Text=cerca CharacterOffsetBegin=88 CharacterOffsetEnd=93 PartOfSpeech=ADV Lemma=cerca NamedEntityTag=O]
[Text=de CharacterOffsetBegin=94 CharacterOffsetEnd=96 PartOfSpeech=ADP Lemma=de NamedEntityTag=O]
[Text=su CharacterOffsetBegin=97 CharacterOffsetEnd=99 PartOfSpeech=DET Lemma=su NamedEntityTag=O]
[Text=domicilio CharacterOffsetBegin=100 CharacterOffsetEnd=109 PartOfSpeech=NOUN Lemma=domicilio NamedEntityTag=O]
[Text=Se CharacterOffsetBegin=110 CharacterOffsetEnd=112 PartOfSpeech=PRON Lemma=se NamedEntityTag=O]
[Text=dijo CharacterOffsetBegin=113 CharacterOffsetEnd=117 PartOfSpeech=VERB Lemma=dijo NamedEntityTag=O]
[Text=que CharacterOffsetBegin=118 CharacterOffsetEnd=121 PartOfSpeech=SCONJ Lemma=que NamedEntityTag=O]
[Text=la CharacterOffsetBegin=122 CharacterOffsetEnd=124 PartOfSpeech=DET Lemma=la NamedEntityTag=O]
[Text=manifestación CharacterOffsetBegin=125 CharacterOffsetEnd=138 PartOfSpeech=NOUN Lemma=manifestación NamedEntityTag=O]
[Text=realizada CharacterOffsetBegin=139 CharacterOffsetEnd=148 PartOfSpeech=ADJ Lemma=realizada NamedEntityTag=O]
[Text=el CharacterOffsetBegin=149 CharacterOffsetEnd=151 PartOfSpeech=DET Lemma=el NamedEntityTag=O]
[Text=día CharacterOffsetBegin=152 CharacterOffsetEnd=155 PartOfSpeech=NOUN Lemma=día NamedEntityTag=O]
[Text=señalado CharacterOffsetBegin=156 CharacterOffsetEnd=164 PartOfSpeech=VERB Lemma=señalado NamedEntityTag=O]
[Text=como CharacterOffsetBegin=165 CharacterOffsetEnd=169 PartOfSpeech=SCONJ Lemma=como NamedEntityTag=O]
[Text=protesta CharacterOffsetBegin=170 CharacterOffsetEnd=178 PartOfSpeech=NOUN Lemma=protesta NamedEntityTag=O]
[Text=contra CharacterOffsetBegin=179 CharacterOffsetEnd=185 PartOfSpeech=ADP Lemma=contra NamedEntityTag=O]
[Text=la CharacterOffsetBegin=186 CharacterOffsetEnd=188 PartOfSpeech=DET Lemma=la NamedEntityTag=O]
[Text=Policía CharacterOffsetBegin=189 CharacterOffsetEnd=196 PartOfSpeech=PROPN Lemma=policía NamedEntityTag=ORGANIZATION]
[Text=porque CharacterOffsetBegin=197 CharacterOffsetEnd=203 PartOfSpeech=SCONJ Lemma=porque NamedEntityTag=O]
[Text=se CharacterOffsetBegin=204 CharacterOffsetEnd=206 PartOfSpeech=PRON Lemma=se NamedEntityTag=O]
[Text=suponía CharacterOffsetBegin=207 CharacterOffsetEnd=214 PartOfSpeech=VERB Lemma=suponía NamedEntityTag=O]
[Text=que CharacterOffsetBegin=215 CharacterOffsetEnd=218 PartOfSpeech=SCONJ Lemma=que NamedEntityTag=O]
[Text=ésta CharacterOffsetBegin=219 CharacterOffsetEnd=223 PartOfSpeech=PRON Lemma=ésta NamedEntityTag=O]
[Text=había CharacterOffsetBegin=224 CharacterOffsetEnd=229 PartOfSpeech=AUX Lemma=había NamedEntityTag=O]
[Text=secuestrado CharacterOffsetBegin=230 CharacterOffsetEnd=241 PartOfSpeech=ADJ Lemma=secuestrado NamedEntityTag=O]
[Text=a CharacterOffsetBegin=242 CharacterOffsetEnd=243 PartOfSpeech=ADP Lemma=a NamedEntityTag=O]
[Text=RUMBO CharacterOffsetBegin=244 CharacterOffsetEnd=249 PartOfSpeech=PROPN Lemma=rumbo NamedEntityTag=O]
[Text=ALEXANDRE CharacterOffsetBegin=250 CharacterOffsetEnd=259 PartOfSpeech=PROPN Lemma=alexandre NamedEntityTag=O]
[Text=, CharacterOffsetBegin=259 CharacterOffsetEnd=260 PartOfSpeech=PUNCT Lemma=, NamedEntityTag=O]
[Text=no CharacterOffsetBegin=260 CharacterOffsetEnd=262 PartOfSpeech=ADV Lemma=no NamedEntityTag=O]
[Text=tuvo CharacterOffsetBegin=263 CharacterOffsetEnd=267 PartOfSpeech=VERB Lemma=tuvo NamedEntityTag=O]
[Text=otra CharacterOffsetBegin=268 CharacterOffsetEnd=272 PartOfSpeech=DET Lemma=otra NamedEntityTag=O]
[Text=finalidad CharacterOffsetBegin=273 CharacterOffsetEnd=282 PartOfSpeech=NOUN Lemma=finalidad NamedEntityTag=O]
[Text=que CharacterOffsetBegin=283 CharacterOffsetEnd=286 PartOfSpeech=PRON Lemma=que NamedEntityTag=O]
[Text=la CharacterOffsetBegin=287 CharacterOffsetEnd=289 PartOfSpeech=PRON Lemma=la NamedEntityTag=O]
[Text=de CharacterOffsetBegin=290 CharacterOffsetEnd=292 PartOfSpeech=ADP Lemma=de NamedEntityTag=O]
[Text=mantener CharacterOffsetBegin=293 CharacterOffsetEnd=301 PartOfSpeech=VERB Lemma=mantener NamedEntityTag=O]
[Text=un CharacterOffsetBegin=302 CharacterOffsetEnd=304 PartOfSpeech=DET Lemma=un NamedEntityTag=O]
[Text=ambiente CharacterOffsetBegin=305 CharacterOffsetEnd=313 PartOfSpeech=NOUN Lemma=ambiente NamedEntityTag=O]
[Text=de CharacterOffsetBegin=314 CharacterOffsetEnd=316 PartOfSpeech=ADP Lemma=de NamedEntityTag=O]
[Text=intranquili CharacterOffsetBegin=317 CharacterOffsetEnd=328 PartOfSpeech=NOUN Lemma=intranquili NamedEntityTag=O]
[Text=lidad CharacterOffsetBegin=329 CharacterOffsetEnd=334 PartOfSpeech=NOUN Lemma=lidad NamedEntityTag=O]
[Text=entre CharacterOffsetBegin=335 CharacterOffsetEnd=340 PartOfSpeech=ADP Lemma=entre NamedEntityTag=O]
[Text=la CharacterOffsetBegin=341 CharacterOffsetEnd=343 PartOfSpeech=DET Lemma=la NamedEntityTag=O]
[Text=comunidad CharacterOffsetBegin=344 CharacterOffsetEnd=353 PartOfSpeech=NOUN Lemma=comunidad NamedEntityTag=O]
[Text=preparatoriana CharacterOffsetBegin=354 CharacterOffsetEnd=368 PartOfSpeech=ADJ Lemma=preparatoriana NamedEntityTag=O]
[Text=. CharacterOffsetBegin=368 CharacterOffsetEnd=369 PartOfSpeech=PUNCT Lemma=. NamedEntityTag=O]

Dependency Parse (enhanced plus plus dependencies):
root(ROOT-0, dijo-22)
amod(transportaron-3, vendados-1)
obj(transportaron-3, los-2)
csubj(dijo-22, transportaron-3)
case(vehículo-6, en-4)
det(vehículo-6, un-5)
obl(transportaron-3, vehículo-6)
cc(abandonaron-16, y-7)
det(día-9, el-8)
obl(abandonaron-16, día-9)
compound(día-9, 6-10)
punct(corrientes-14, --11)
case(corrientes-14, de-12)
det(corrientes-14, los-13)
obl(abandonaron-16, corrientes-14)
obj(abandonaron-16, lo-15)
conj:y(transportaron-3, abandonaron-16)
csubj(dijo-22, abandonaron-16)
advmod(abandonaron-16, cerca-17)
case(domicilio-20, de-18)
det(domicilio-20, su-19)
obl(cerca-17, domicilio-20)
obj(dijo-22, Se-21)
mark(señalado-29, que-23)
det(manifestación-25, la-24)
nsubj(señalado-29, manifestación-25)
amod(manifestación-25, realizada-26)
det(día-28, el-27)
obl(realizada-26, día-28)
csubj(dijo-22, señalado-29)
mark(protesta-31, como-30)
obj(señalado-29, protesta-31)
case(Policía-34, contra-32)
det(Policía-34, la-33)
nmod(protesta-31, Policía-34)
mark(suponía-37, porque-35)
obj(suponía-37, se-36)
advcl(señalado-29, suponía-37)
mark(secuestrado-41, que-38)
nsubj(secuestrado-41, ésta-39)
aux(secuestrado-41, había-40)
csubj(suponía-37, secuestrado-41)
case(RUMBO-43, a-42)
obl(secuestrado-41, RUMBO-43)
flat(RUMBO-43, ALEXANDRE-44)
punct(señalado-29, ,-45)
advmod(tuvo-47, no-46)
advcl(señalado-29, tuvo-47)
det(finalidad-49, otra-48)
obj(tuvo-47, finalidad-49)
nmod(finalidad-49, que-50)
obj(que-50, la-51)
mark(mantener-53, de-52)
acl(la-51, mantener-53)
det(ambiente-55, un-54)
obj(mantener-53, ambiente-55)
case(intranquili-57, de-56)
nmod(ambiente-55, intranquili-57)
appos(ambiente-55, lidad-58)
case(comunidad-61, entre-59)
det(comunidad-61, la-60)
nmod(lidad-58, comunidad-61)
amod(comunidad-61, preparatoriana-62)
punct(dijo-22, .-63)

Extracted the following NER entity mentions:
6	NUMBER	NUMBER:-1.0
Policía	ORGANIZATION	ORGANIZATION:0.7357647405173541

Sentence #2 (3 tokens):
-
Exp-100-10-1-75.

Tokens:
[Text=- CharacterOffsetBegin=369 CharacterOffsetEnd=370 PartOfSpeech=PUNCT Lemma=- NamedEntityTag=O]
[Text=Exp-100-10-1-75 CharacterOffsetBegin=371 CharacterOffsetEnd=386 PartOfSpeech=NUM Lemma=exp-100-10-1-75 NamedEntityTag=O]
[Text=. CharacterOffsetBegin=386 CharacterOffsetEnd=387 PartOfSpeech=PUNCT Lemma=. NamedEntityTag=O]

Dependency Parse (enhanced plus plus dependencies):
root(ROOT-0, Exp-100-10-1-75-2)
punct(Exp-100-10-1-75-2, --1)
punct(Exp-100-10-1-75-2, .-3)

Extracted the following NER entity mentions:

Sentence #3 (6 tokens):
H-180 L-52
10-Mayo-75.

Tokens:
[Text=H-180 CharacterOffsetBegin=388 CharacterOffsetEnd=393 PartOfSpeech=NUM Lemma=h-180 NamedEntityTag=O]
[Text=L-52 CharacterOffsetBegin=394 CharacterOffsetEnd=398 PartOfSpeech=NUM Lemma=l-52 NamedEntityTag=O]
[Text=10 CharacterOffsetBegin=399 CharacterOffsetEnd=401 PartOfSpeech=NUM Lemma=10 NamedEntityTag=O]
[Text=- CharacterOffsetBegin=401 CharacterOffsetEnd=402 PartOfSpeech=PUNCT Lemma=- NamedEntityTag=O]
[Text=Mayo-75 CharacterOffsetBegin=402 CharacterOffsetEnd=409 PartOfSpeech=NUM Lemma=mayo-75 NamedEntityTag=O]
[Text=. CharacterOffsetBegin=409 CharacterOffsetEnd=410 PartOfSpeech=PUNCT Lemma=. NamedEntityTag=O]

Dependency Parse (enhanced plus plus dependencies):
root(ROOT-0, 10-3)
nummod(10-3, H-180-1)
nummod(10-3, L-52-2)
punct(10-3, --4)
nummod(10-3, Mayo-75-5)
punct(10-3, .-6)

Extracted the following NER entity mentions:

Sentence #4 (32 tokens):
-El 9 actual,los estudiantes ARMANDO TERRA
ZAS SANCHEZ,FELIPE ALDAPE ALVAREZ y EDUARDO MONJE ---
TORRES,de las Prepas 2 y 7 de Acapulco,Gro.

Tokens:
[Text=- CharacterOffsetBegin=410 CharacterOffsetEnd=411 PartOfSpeech=PUNCT Lemma=- NamedEntityTag=O]
[Text=El CharacterOffsetBegin=411 CharacterOffsetEnd=413 PartOfSpeech=DET Lemma=el NamedEntityTag=O]
[Text=9 CharacterOffsetBegin=414 CharacterOffsetEnd=415 PartOfSpeech=NUM Lemma=9 NamedEntityTag=NUMBER NormalizedNamedEntityTag=9.0]
[Text=actual CharacterOffsetBegin=416 CharacterOffsetEnd=422 PartOfSpeech=ADJ Lemma=actual NamedEntityTag=O]
[Text=, CharacterOffsetBegin=422 CharacterOffsetEnd=423 PartOfSpeech=PUNCT Lemma=, NamedEntityTag=O]
[Text=los CharacterOffsetBegin=423 CharacterOffsetEnd=426 PartOfSpeech=DET Lemma=los NamedEntityTag=O]
[Text=estudiantes CharacterOffsetBegin=427 CharacterOffsetEnd=438 PartOfSpeech=NOUN Lemma=estudiantes NamedEntityTag=O]
[Text=ARMANDO CharacterOffsetBegin=439 CharacterOffsetEnd=446 PartOfSpeech=PROPN Lemma=armando NamedEntityTag=O]
[Text=TERRA CharacterOffsetBegin=447 CharacterOffsetEnd=452 PartOfSpeech=PROPN Lemma=terra NamedEntityTag=O]
[Text=ZAS CharacterOffsetBegin=453 CharacterOffsetEnd=456 PartOfSpeech=PROPN Lemma=zas NamedEntityTag=PERSON]
[Text=SANCHEZ CharacterOffsetBegin=457 CharacterOffsetEnd=464 PartOfSpeech=PROPN Lemma=sanchez NamedEntityTag=PERSON]
[Text=, CharacterOffsetBegin=464 CharacterOffsetEnd=465 PartOfSpeech=PUNCT Lemma=, NamedEntityTag=O]
[Text=FELIPE CharacterOffsetBegin=465 CharacterOffsetEnd=471 PartOfSpeech=PROPN Lemma=felipe NamedEntityTag=PERSON]
[Text=ALDAPE CharacterOffsetBegin=472 CharacterOffsetEnd=478 PartOfSpeech=PROPN Lemma=aldape NamedEntityTag=PERSON]
[Text=ALVAREZ CharacterOffsetBegin=479 CharacterOffsetEnd=486 PartOfSpeech=PROPN Lemma=alvarez NamedEntityTag=PERSON]
[Text=y CharacterOffsetBegin=487 CharacterOffsetEnd=488 PartOfSpeech=CCONJ Lemma=y NamedEntityTag=O]
[Text=EDUARDO CharacterOffsetBegin=489 CharacterOffsetEnd=496 PartOfSpeech=PROPN Lemma=eduardo NamedEntityTag=O]
[Text=MONJE CharacterOffsetBegin=497 CharacterOffsetEnd=502 PartOfSpeech=PROPN Lemma=monje NamedEntityTag=TITLE]
[Text=--- CharacterOffsetBegin=503 CharacterOffsetEnd=506 PartOfSpeech=NUM Lemma=--- NamedEntityTag=O]
[Text=TORRES CharacterOffsetBegin=507 CharacterOffsetEnd=513 PartOfSpeech=PROPN Lemma=torres NamedEntityTag=O]
[Text=, CharacterOffsetBegin=513 CharacterOffsetEnd=514 PartOfSpeech=PUNCT Lemma=, NamedEntityTag=O]
[Text=de CharacterOffsetBegin=514 CharacterOffsetEnd=516 PartOfSpeech=ADP Lemma=de NamedEntityTag=O]
[Text=las CharacterOffsetBegin=517 CharacterOffsetEnd=520 PartOfSpeech=DET Lemma=las NamedEntityTag=O]
[Text=Prepas CharacterOffsetBegin=521 CharacterOffsetEnd=527 PartOfSpeech=PROPN Lemma=prepas NamedEntityTag=MISC]
[Text=2 CharacterOffsetBegin=528 CharacterOffsetEnd=529 PartOfSpeech=NUM Lemma=2 NamedEntityTag=NUMBER NormalizedNamedEntityTag=2.0]
[Text=y CharacterOffsetBegin=530 CharacterOffsetEnd=531 PartOfSpeech=CCONJ Lemma=y NamedEntityTag=O]
[Text=7 CharacterOffsetBegin=532 CharacterOffsetEnd=533 PartOfSpeech=NUM Lemma=7 NamedEntityTag=NUMBER NormalizedNamedEntityTag=7.0]
[Text=de CharacterOffsetBegin=534 CharacterOffsetEnd=536 PartOfSpeech=ADP Lemma=de NamedEntityTag=O]
[Text=Acapulco CharacterOffsetBegin=537 CharacterOffsetEnd=545 PartOfSpeech=PROPN Lemma=acapulco NamedEntityTag=CITY]
[Text=, CharacterOffsetBegin=545 CharacterOffsetEnd=546 PartOfSpeech=PUNCT Lemma=, NamedEntityTag=O]
[Text=Gro CharacterOffsetBegin=546 CharacterOffsetEnd=549 PartOfSpeech=PROPN Lemma=gro NamedEntityTag=O]
[Text=. CharacterOffsetBegin=549 CharacterOffsetEnd=550 PartOfSpeech=PUNCT Lemma=. NamedEntityTag=O]

Dependency Parse (enhanced plus plus dependencies):
root(ROOT-0, 9-3)
punct(9-3, --1)
det(9-3, El-2)
amod(9-3, actual-4)
punct(9-3, ,-5)
det(estudiantes-7, los-6)
appos(9-3, estudiantes-7)
appos(estudiantes-7, ARMANDO-8)
flat(ARMANDO-8, TERRA-9)
flat(ARMANDO-8, ZAS-10)
flat(ARMANDO-8, SANCHEZ-11)
punct(FELIPE-13, ,-12)
appos(estudiantes-7, FELIPE-13)
flat(FELIPE-13, ALDAPE-14)
flat(FELIPE-13, ALVAREZ-15)
cc(EDUARDO-17, y-16)
appos(estudiantes-7, EDUARDO-17)
conj:y(FELIPE-13, EDUARDO-17)
flat(EDUARDO-17, MONJE-18)
nummod(FELIPE-13, ----19)
flat(----19, TORRES-20)
punct(FELIPE-13, ,-21)
case(Prepas-24, de-22)
det(Prepas-24, las-23)
nmod(estudiantes-7, Prepas-24)
nummod(Prepas-24, 2-25)
cc(7-27, y-26)
appos(9-3, 7-27)
conj:y(estudiantes-7, 7-27)
case(Acapulco-29, de-28)
nmod(7-27, Acapulco-29)
punct(9-3, ,-30)
appos(9-3, Gro-31)
punct(9-3, .-32)

Extracted the following NER entity mentions:
9	NUMBER	NUMBER:-1.0
ZAS SANCHEZ	PERSON	PERSON:0.7132739894082042
FELIPE ALDAPE ALVAREZ	PERSON	PERSON:0.9627839859556468
MONJE	TITLE	-
Prepas	MISC	MISC:0.7603326603160804
2	NUMBER	NUMBER:-1.0
7	NUMBER	NUMBER:-1.0
Acapulco	CITY	LOCATION:0.9477927148030596

Sentence #5 (17 tokens):
,en estado
ebriedad apedrearon el edificio de la Rectoría de la -
Univ.,Aut.

Tokens:
[Text=, CharacterOffsetBegin=550 CharacterOffsetEnd=551 PartOfSpeech=PUNCT Lemma=, NamedEntityTag=O]
[Text=en CharacterOffsetBegin=551 CharacterOffsetEnd=553 PartOfSpeech=ADP Lemma=en NamedEntityTag=O]
[Text=estado CharacterOffsetBegin=554 CharacterOffsetEnd=560 PartOfSpeech=NOUN Lemma=estado NamedEntityTag=O]
[Text=ebriedad CharacterOffsetBegin=561 CharacterOffsetEnd=569 PartOfSpeech=NOUN Lemma=ebriedad NamedEntityTag=O]
[Text=apedrearon CharacterOffsetBegin=570 CharacterOffsetEnd=580 PartOfSpeech=VERB Lemma=apedrearon NamedEntityTag=O]
[Text=el CharacterOffsetBegin=581 CharacterOffsetEnd=583 PartOfSpeech=DET Lemma=el NamedEntityTag=O]
[Text=edificio CharacterOffsetBegin=584 CharacterOffsetEnd=592 PartOfSpeech=NOUN Lemma=edificio NamedEntityTag=O]
[Text=de CharacterOffsetBegin=593 CharacterOffsetEnd=595 PartOfSpeech=ADP Lemma=de NamedEntityTag=O]
[Text=la CharacterOffsetBegin=596 CharacterOffsetEnd=598 PartOfSpeech=DET Lemma=la NamedEntityTag=O]
[Text=Rectoría CharacterOffsetBegin=599 CharacterOffsetEnd=607 PartOfSpeech=PROPN Lemma=rectoría NamedEntityTag=ORGANIZATION]
[Text=de CharacterOffsetBegin=608 CharacterOffsetEnd=610 PartOfSpeech=ADP Lemma=de NamedEntityTag=O]
[Text=la CharacterOffsetBegin=611 CharacterOffsetEnd=613 PartOfSpeech=DET Lemma=la NamedEntityTag=O]
[Text=- CharacterOffsetBegin=614 CharacterOffsetEnd=615 PartOfSpeech=PUNCT Lemma=- NamedEntityTag=O]
[Text=Univ. CharacterOffsetBegin=616 CharacterOffsetEnd=621 PartOfSpeech=PROPN Lemma=univ. NamedEntityTag=O]
[Text=, CharacterOffsetBegin=621 CharacterOffsetEnd=622 PartOfSpeech=PUNCT Lemma=, NamedEntityTag=O]
[Text=Aut CharacterOffsetBegin=622 CharacterOffsetEnd=625 PartOfSpeech=PROPN Lemma=aut NamedEntityTag=ORGANIZATION]
[Text=. CharacterOffsetBegin=625 CharacterOffsetEnd=626 PartOfSpeech=PUNCT Lemma=. NamedEntityTag=O]

Dependency Parse (enhanced plus plus dependencies):
root(ROOT-0, apedrearon-5)
punct(estado-3, ,-1)
case(estado-3, en-2)
obl(apedrearon-5, estado-3)
nsubj(apedrearon-5, ebriedad-4)
det(edificio-7, el-6)
obj(apedrearon-5, edificio-7)
case(Rectoría-10, de-8)
det(Rectoría-10, la-9)
nmod(edificio-7, Rectoría-10)
case(Univ.-14, de-11)
det(Univ.-14, la-12)
punct(Univ.-14, --13)
flat(Rectoría-10, Univ.-14)
punct(Aut-16, ,-15)
appos(edificio-7, Aut-16)
punct(apedrearon-5, .-17)

Extracted the following NER entity mentions:
Rectoría	ORGANIZATION	ORGANIZATION:0.6901860100612633
Aut	ORGANIZATION	ORGANIZATION:0.7278926768747628

Sentence #6 (4 tokens):
,de Gro.

Tokens:
[Text=, CharacterOffsetBegin=626 CharacterOffsetEnd=627 PartOfSpeech=PUNCT Lemma=, NamedEntityTag=O]
[Text=de CharacterOffsetBegin=627 CharacterOffsetEnd=629 PartOfSpeech=ADP Lemma=de NamedEntityTag=O]
[Text=Gro CharacterOffsetBegin=630 CharacterOffsetEnd=633 PartOfSpeech=PROPN Lemma=gro NamedEntityTag=PERSON]
[Text=. CharacterOffsetBegin=633 CharacterOffsetEnd=634 PartOfSpeech=PUNCT Lemma=. NamedEntityTag=O]

Dependency Parse (enhanced plus plus dependencies):
root(ROOT-0, Gro-3)
punct(Gro-3, ,-1)
case(Gro-3, de-2)
punct(Gro-3, .-4)

Extracted the following NER entity mentions:
Gro	PERSON	PERSON:0.6677537653169991

Sentence #7 (29 tokens):
,siendo detenidos por la Policía y
puestos a disposición del Agente del M.P.,del F.C.,Lic
ANIBAL ROBLES ALARCON,acusados de daño en propiedad -

Tokens:
[Text=, CharacterOffsetBegin=634 CharacterOffsetEnd=635 PartOfSpeech=PUNCT Lemma=, NamedEntityTag=O]
[Text=siendo CharacterOffsetBegin=635 CharacterOffsetEnd=641 PartOfSpeech=AUX Lemma=siendo NamedEntityTag=O]
[Text=detenidos CharacterOffsetBegin=642 CharacterOffsetEnd=651 PartOfSpeech=VERB Lemma=detenido NamedEntityTag=O]
[Text=por CharacterOffsetBegin=652 CharacterOffsetEnd=655 PartOfSpeech=ADP Lemma=por NamedEntityTag=O]
[Text=la CharacterOffsetBegin=656 CharacterOffsetEnd=658 PartOfSpeech=DET Lemma=la NamedEntityTag=O]
[Text=Policía CharacterOffsetBegin=659 CharacterOffsetEnd=666 PartOfSpeech=PROPN Lemma=policía NamedEntityTag=ORGANIZATION]
[Text=y CharacterOffsetBegin=667 CharacterOffsetEnd=668 PartOfSpeech=CCONJ Lemma=y NamedEntityTag=O]
[Text=puestos CharacterOffsetBegin=669 CharacterOffsetEnd=676 PartOfSpeech=VERB Lemma=puesto NamedEntityTag=O]
[Text=a CharacterOffsetBegin=677 CharacterOffsetEnd=678 PartOfSpeech=ADP Lemma=a NamedEntityTag=O]
[Text=disposición CharacterOffsetBegin=679 CharacterOffsetEnd=690 PartOfSpeech=NOUN Lemma=disposición NamedEntityTag=O]
[Text=del CharacterOffsetBegin=691 CharacterOffsetEnd=694 PartOfSpeech=ADP Lemma=del NamedEntityTag=O]
[Text=Agente CharacterOffsetBegin=695 CharacterOffsetEnd=701 PartOfSpeech=PROPN Lemma=agente NamedEntityTag=PERSON]
[Text=del CharacterOffsetBegin=702 CharacterOffsetEnd=705 PartOfSpeech=ADP Lemma=del NamedEntityTag=PERSON]
[Text=M.P. CharacterOffsetBegin=706 CharacterOffsetEnd=710 PartOfSpeech=PROPN Lemma=m.p. NamedEntityTag=PERSON]
[Text=, CharacterOffsetBegin=710 CharacterOffsetEnd=711 PartOfSpeech=PUNCT Lemma=, NamedEntityTag=O]
[Text=del CharacterOffsetBegin=711 CharacterOffsetEnd=714 PartOfSpeech=ADP Lemma=del NamedEntityTag=O]
[Text=F.C. CharacterOffsetBegin=715 CharacterOffsetEnd=719 PartOfSpeech=PROPN Lemma=f.c. NamedEntityTag=ORGANIZATION]
[Text=, CharacterOffsetBegin=719 CharacterOffsetEnd=720 PartOfSpeech=PUNCT Lemma=, NamedEntityTag=O]
[Text=Lic CharacterOffsetBegin=720 CharacterOffsetEnd=723 PartOfSpeech=PROPN Lemma=lic NamedEntityTag=PERSON]
[Text=ANIBAL CharacterOffsetBegin=724 CharacterOffsetEnd=730 PartOfSpeech=PROPN Lemma=anibal NamedEntityTag=PERSON]
[Text=ROBLES CharacterOffsetBegin=731 CharacterOffsetEnd=737 PartOfSpeech=PROPN Lemma=robles NamedEntityTag=PERSON]
[Text=ALARCON CharacterOffsetBegin=738 CharacterOffsetEnd=745 PartOfSpeech=PROPN Lemma=alarcon NamedEntityTag=PERSON]
[Text=, CharacterOffsetBegin=745 CharacterOffsetEnd=746 PartOfSpeech=PUNCT Lemma=, NamedEntityTag=O]
[Text=acusados CharacterOffsetBegin=746 CharacterOffsetEnd=754 PartOfSpeech=ADJ Lemma=acusados NamedEntityTag=O]
[Text=de CharacterOffsetBegin=755 CharacterOffsetEnd=757 PartOfSpeech=ADP Lemma=de NamedEntityTag=O]
[Text=daño CharacterOffsetBegin=758 CharacterOffsetEnd=762 PartOfSpeech=NOUN Lemma=daño NamedEntityTag=O]
[Text=en CharacterOffsetBegin=763 CharacterOffsetEnd=765 PartOfSpeech=ADP Lemma=en NamedEntityTag=O]
[Text=propiedad CharacterOffsetBegin=766 CharacterOffsetEnd=775 PartOfSpeech=NOUN Lemma=propiedad NamedEntityTag=O]
[Text=- CharacterOffsetBegin=776 CharacterOffsetEnd=777 PartOfSpeech=PUNCT Lemma=- NamedEntityTag=O]

Dependency Parse (enhanced plus plus dependencies):
root(ROOT-0, Lic-19)
punct(detenidos-3, ,-1)
aux(detenidos-3, siendo-2)
acl(Lic-19, detenidos-3)
case(Policía-6, por-4)
det(Policía-6, la-5)
obj(detenidos-3, Policía-6)
cc(puestos-8, y-7)
conj:y(detenidos-3, puestos-8)
acl(Lic-19, puestos-8)
case(disposición-10, a-9)
obl(puestos-8, disposición-10)
case(Agente-12, del-11)
nmod(disposición-10, Agente-12)
case(M.P.-14, del-13)
flat(Agente-12, M.P.-14)
punct(F.C.-17, ,-15)
case(F.C.-17, del-16)
conj(Agente-12, F.C.-17)
punct(detenidos-3, ,-18)
flat(Lic-19, ANIBAL-20)
flat(Lic-19, ROBLES-21)
flat(Lic-19, ALARCON-22)
punct(acusados-24, ,-23)
amod(Lic-19, acusados-24)
case(daño-26, de-25)
obj(acusados-24, daño-26)
case(propiedad-28, en-27)
nmod(daño-26, propiedad-28)
punct(Lic-19, --29)

Extracted the following NER entity mentions:
Policía	ORGANIZATION	ORGANIZATION:0.9397888206631869
Agente del M.P.	PERSON	PERSON:0.3342796713997223
F.C.	ORGANIZATION	ORGANIZATION:0.8756177310360075
Lic
ANIBAL ROBLES ALARCON	PERSON	PERSON:0.8566834989996069
