Document: ID=file_86.txt (7 sentences, 142 tokens)

Sentence #1 (6 tokens):
SALAS OBREGON, Ignacio Arturo.

Tokens:
[Text=SALAS CharacterOffsetBegin=0 CharacterOffsetEnd=5 PartOfSpeech=NOUN Lemma=salas NamedEntityTag=O]
[Text=OBREGON CharacterOffsetBegin=6 CharacterOffsetEnd=13 PartOfSpeech=ADJ Lemma=obregon NamedEntityTag=O]
[Text=, CharacterOffsetBegin=13 CharacterOffsetEnd=14 PartOfSpeech=PUNCT Lemma=, NamedEntityTag=O]
[Text=Ignacio CharacterOffsetBegin=15 CharacterOffsetEnd=22 PartOfSpeech=PROPN Lemma=ignacio NamedEntityTag=PERSON]
[Text=Arturo CharacterOffsetBegin=23 CharacterOffsetEnd=29 PartOfSpeech=PROPN Lemma=arturo NamedEntityTag=PERSON]
[Text=. CharacterOffsetBegin=29 CharacterOffsetEnd=30 PartOfSpeech=PUNCT Lemma=. NamedEntityTag=O]

Dependency Parse (enhanced plus plus dependencies):
root(ROOT-0, SALAS-1)
amod(SALAS-1, OBREGON-2)
punct(SALAS-1, ,-3)
appos(SALAS-1, Ignacio-4)
flat(Ignacio-4, Arturo-5)
punct(SALAS-1, .-6)

Extracted the following NER entity mentions:
Ignacio Arturo	PERSON	PERSON:0.999519757060982

Sentence #2 (2 tokens):
Exp.

Tokens:
[Text=Exp CharacterOffsetBegin=31 CharacterOffsetEnd=34 PartOfSpeech=PROPN Lemma=exp NamedEntityTag=O]
[Text=. CharacterOffsetBegin=34 CharacterOffsetEnd=35 PartOfSpeech=PUNCT Lemma=. NamedEntityTag=O]

Dependency Parse (enhanced plus plus dependencies):
root(ROOT-0, Exp-1)
punct(Exp-1, .-2)

Extracted the following NER entity mentions:

Sentence #3 (2 tokens):
11-235-74.

Tokens:
[Text=11-235-74 CharacterOffsetBegin=36 CharacterOffsetEnd=45 PartOfSpeech=NOUN Lemma=11-235-74 NamedEntityTag=O]
[Text=. CharacterOffsetBegin=45 CharacterOffsetEnd=46 PartOfSpeech=PUNCT Lemma=. NamedEntityTag=O]

Dependency Parse (enhanced plus plus dependencies):
root(ROOT-0, 11-235-74-1)
punct(11-235-74-1, .-2)

Extracted the following NER entity mentions:

Sentence #4 (6 tokens):
(68) H-309 L-11.

Tokens:
[Text=( CharacterOffsetBegin=47 CharacterOffsetEnd=48 PartOfSpeech=PUNCT Lemma=( NamedEntityTag=O]
[Text=68 CharacterOffsetBegin=48 CharacterOffsetEnd=50 PartOfSpeech=NOUN Lemma=68 NamedEntityTag=NUMBER NormalizedNamedEntityTag=68.0]
[Text=) CharacterOffsetBegin=50 CharacterOffsetEnd=51 PartOfSpeech=PUNCT Lemma=) NamedEntityTag=O]
[Text=H-309 CharacterOffsetBegin=52 CharacterOffsetEnd=57 PartOfSpeech=PROPN Lemma=h-309 NamedEntityTag=O]
[Text=L-11 CharacterOffsetBegin=58 CharacterOffsetEnd=62 PartOfSpeech=PROPN Lemma=l-11 NamedEntityTag=O]
[Text=. CharacterOffsetBegin=62 CharacterOffsetEnd=63 PartOfSpeech=PUNCT Lemma=. NamedEntityTag=O]

Dependency Parse (enhanced plus plus dependencies):
root(ROOT-0, 68-2)
punct(68-2, (-1)
punct(68-2, )-3)
appos(68-2, H-309-4)
flat(H-309-4, L-11-5)
punct(68-2, .-6)

Extracted the following NER entity mentions:
68	NUMBER	NUMBER:-1.0

Sentence #5 (49 tokens):
temente de que no contaban con las casas de seguri-
dad necesarias pára esos actos, que los dirigentes -
de la Brigada Roja investigaron tambien el horario-
y demas detalles, relativos a las corridas del ferro
carril que hace el servicio entre esta Cd.

Tokens:
[Text=temente CharacterOffsetBegin=64 CharacterOffsetEnd=71 PartOfSpeech=ADV Lemma=temente NamedEntityTag=O]
[Text=de CharacterOffsetBegin=72 CharacterOffsetEnd=74 PartOfSpeech=ADP Lemma=de NamedEntityTag=O]
[Text=que CharacterOffsetBegin=75 CharacterOffsetEnd=78 PartOfSpeech=SCONJ Lemma=que NamedEntityTag=O]
[Text=no CharacterOffsetBegin=79 CharacterOffsetEnd=81 PartOfSpeech=ADV Lemma=no NamedEntityTag=O]
[Text=contaban CharacterOffsetBegin=82 CharacterOffsetEnd=90 PartOfSpeech=VERB Lemma=contaban NamedEntityTag=O]
[Text=con CharacterOffsetBegin=91 CharacterOffsetEnd=94 PartOfSpeech=ADP Lemma=con NamedEntityTag=O]
[Text=las CharacterOffsetBegin=95 CharacterOffsetEnd=98 PartOfSpeech=DET Lemma=las NamedEntityTag=O]
[Text=casas CharacterOffsetBegin=99 CharacterOffsetEnd=104 PartOfSpeech=NOUN Lemma=casas NamedEntityTag=O]
[Text=de CharacterOffsetBegin=105 CharacterOffsetEnd=107 PartOfSpeech=ADP Lemma=de NamedEntityTag=O]
[Text=seguri CharacterOffsetBegin=108 CharacterOffsetEnd=114 PartOfSpeech=NOUN Lemma=seguri NamedEntityTag=O]
[Text=- CharacterOffsetBegin=114 CharacterOffsetEnd=115 PartOfSpeech=PUNCT Lemma=- NamedEntityTag=O]
[Text=dad CharacterOffsetBegin=116 CharacterOffsetEnd=119 PartOfSpeech=NOUN Lemma=dad NamedEntityTag=O]
[Text=necesarias CharacterOffsetBegin=120 CharacterOffsetEnd=130 PartOfSpeech=ADJ Lemma=necesarias NamedEntityTag=O]
[Text=pára CharacterOffsetBegin=131 CharacterOffsetEnd=135 PartOfSpeech=VERB Lemma=pára NamedEntityTag=O]
[Text=esos CharacterOffsetBegin=136 CharacterOffsetEnd=140 PartOfSpeech=DET Lemma=esos NamedEntityTag=O]
[Text=actos CharacterOffsetBegin=141 CharacterOffsetEnd=146 PartOfSpeech=NOUN Lemma=actos NamedEntityTag=O]
[Text=, CharacterOffsetBegin=146 CharacterOffsetEnd=147 PartOfSpeech=PUNCT Lemma=, NamedEntityTag=O]
[Text=que CharacterOffsetBegin=148 CharacterOffsetEnd=151 PartOfSpeech=PRON Lemma=que NamedEntityTag=O]
[Text=los CharacterOffsetBegin=152 CharacterOffsetEnd=155 PartOfSpeech=DET Lemma=los NamedEntityTag=O]
[Text=dirigentes CharacterOffsetBegin=156 CharacterOffsetEnd=166 PartOfSpeech=NOUN Lemma=dirigentes NamedEntityTag=O]
[Text=- CharacterOffsetBegin=167 CharacterOffsetEnd=168 PartOfSpeech=PUNCT Lemma=- NamedEntityTag=O]
[Text=de CharacterOffsetBegin=169 CharacterOffsetEnd=171 PartOfSpeech=ADP Lemma=de NamedEntityTag=O]
[Text=la CharacterOffsetBegin=172 CharacterOffsetEnd=174 PartOfSpeech=DET Lemma=la NamedEntityTag=O]
[Text=Brigada CharacterOffsetBegin=175 CharacterOffsetEnd=182 PartOfSpeech=PROPN Lemma=brigada NamedEntityTag=ORGANIZATION]
[Text=Roja CharacterOffsetBegin=183 CharacterOffsetEnd=187 PartOfSpeech=PROPN Lemma=roja NamedEntityTag=ORGANIZATION]
[Text=investigaron CharacterOffsetBegin=188 CharacterOffsetEnd=200 PartOfSpeech=VERB Lemma=investigaron NamedEntityTag=O]
[Text=tambien CharacterOffsetBegin=201 CharacterOffsetEnd=208 PartOfSpeech=NOUN Lemma=tambien NamedEntityTag=O]
[Text=el CharacterOffsetBegin=209 CharacterOffsetEnd=211 PartOfSpeech=DET Lemma=el NamedEntityTag=O]
[Text=horario CharacterOffsetBegin=212 CharacterOffsetEnd=219 PartOfSpeech=NOUN Lemma=horario NamedEntityTag=O]
[Text=- CharacterOffsetBegin=219 CharacterOffsetEnd=220 PartOfSpeech=PUNCT Lemma=- NamedEntityTag=O]
[Text=y CharacterOffsetBegin=221 CharacterOffsetEnd=222 PartOfSpeech=CCONJ Lemma=y NamedEntityTag=O]
[Text=demas CharacterOffsetBegin=223 CharacterOffsetEnd=228 PartOfSpeech=NOUN Lemma=demas NamedEntityTag=O]
[Text=detalles CharacterOffsetBegin=229 CharacterOffsetEnd=237 PartOfSpeech=NOUN Lemma=detalles NamedEntityTag=O]
[Text=, CharacterOffsetBegin=237 CharacterOffsetEnd=238 PartOfSpeech=PUNCT Lemma=, NamedEntityTag=O]
[Text=relativos CharacterOffsetBegin=239 CharacterOffsetEnd=248 PartOfSpeech=ADJ Lemma=relativos NamedEntityTag=O]
[Text=a CharacterOffsetBegin=249 CharacterOffsetEnd=250 PartOfSpeech=ADP Lemma=a NamedEntityTag=O]
[Text=las CharacterOffsetBegin=251 CharacterOffsetEnd=254 PartOfSpeech=DET Lemma=las NamedEntityTag=O]
[Text=corridas CharacterOffsetBegin=255 CharacterOffsetEnd=263 PartOfSpeech=NOUN Lemma=corridas NamedEntityTag=O]
[Text=del CharacterOffsetBegin=264 CharacterOffsetEnd=267 PartOfSpeech=ADP Lemma=del NamedEntityTag=O]
[Text=ferro CharacterOffsetBegin=268 CharacterOffsetEnd=273 PartOfSpeech=ADJ Lemma=ferro NamedEntityTag=O]
[Text=carril CharacterOffsetBegin=274 CharacterOffsetEnd=280 PartOfSpeech=NOUN Lemma=carril NamedEntityTag=O]
[Text=que CharacterOffsetBegin=281 CharacterOffsetEnd=284 PartOfSpeech=PRON Lemma=que NamedEntityTag=O]
[Text=hace CharacterOffsetBegin=285 CharacterOffsetEnd=289 PartOfSpeech=VERB Lemma=hace NamedEntityTag=O]
[Text=el CharacterOffsetBegin=290 CharacterOffsetEnd=292 PartOfSpeech=DET Lemma=el NamedEntityTag=O]
[Text=servicio CharacterOffsetBegin=293 CharacterOffsetEnd=301 PartOfSpeech=NOUN Lemma=servicio NamedEntityTag=O]
[Text=entre CharacterOffsetBegin=302 CharacterOffsetEnd=307 PartOfSpeech=ADP Lemma=entre NamedEntityTag=O]
[Text=esta CharacterOffsetBegin=308 CharacterOffsetEnd=312 PartOfSpeech=DET Lemma=esta NamedEntityTag=O]
[Text=Cd CharacterOffsetBegin=313 CharacterOffsetEnd=315 PartOfSpeech=PROPN Lemma=cd NamedEntityTag=O]
[Text=. CharacterOffsetBegin=315 CharacterOffsetEnd=316 PartOfSpeech=PUNCT Lemma=. NamedEntityTag=O]

Dependency Parse (enhanced plus plus dependencies):
root(ROOT-0, temente-1)
mark(contaban-5, de-2)
mark(contaban-5, que-3)
advmod(contaban-5, no-4)
advcl(temente-1, contaban-5)
case(casas-8, con-6)
det(casas-8, las-7)
obl(contaban-5, casas-8)
case(seguri-10, de-9)
nmod(casas-8, seguri-10)
punct(dad-12, --11)
appos(casas-8, dad-12)
amod(dad-12, necesarias-13)
acl(dad-12, pára-14)
det(actos-16, esos-15)
obj(pára-14, actos-16)
punct(investigaron-26, ,-17)
obj(investigaron-26, que-18)
det(dirigentes-20, los-19)
nsubj(investigaron-26, dirigentes-20)
punct(Brigada-24, --21)
case(Brigada-24, de-22)
det(Brigada-24, la-23)
obl(investigaron-26, Brigada-24)
flat(Brigada-24, Roja-25)
acl(actos-16, investigaron-26)
nsubj(investigaron-26, tambien-27)
det(horario-29, el-28)
appos(tambien-27, horario-29)
punct(dad-12, --30)
cc(demas-32, y-31)
obl(contaban-5, demas-32)
conj:y(casas-8, demas-32)
appos(demas-32, detalles-33)
punct(relativos-35, ,-34)
amod(casas-8, relativos-35)
case(corridas-38, a-36)
det(corridas-38, las-37)
nmod(relativos-35, corridas-38)
case(carril-41, del-39)
amod(carril-41, ferro-40)
nmod(corridas-38, carril-41)
nsubj(hace-43, que-42)
acl(relativos-35, hace-43)
det(servicio-45, el-44)
obj(hace-43, servicio-45)
case(Cd-48, entre-46)
det(Cd-48, esta-47)
nmod(servicio-45, Cd-48)
punct(temente-1, .-49)

Extracted the following NER entity mentions:
Brigada Roja	ORGANIZATION	ORGANIZATION:0.8419126225105671

Sentence #6 (7 tokens):
y la de
Cuernavaca, Mor.

Tokens:
[Text=y CharacterOffsetBegin=317 CharacterOffsetEnd=318 PartOfSpeech=CCONJ Lemma=y NamedEntityTag=O]
[Text=la CharacterOffsetBegin=319 CharacterOffsetEnd=321 PartOfSpeech=DET Lemma=la NamedEntityTag=O]
[Text=de CharacterOffsetBegin=322 CharacterOffsetEnd=324 PartOfSpeech=ADP Lemma=de NamedEntityTag=O]
[Text=Cuernavaca CharacterOffsetBegin=325 CharacterOffsetEnd=335 PartOfSpeech=PROPN Lemma=cuernavaca NamedEntityTag=CITY]
[Text=, CharacterOffsetBegin=335 CharacterOffsetEnd=336 PartOfSpeech=PUNCT Lemma=, NamedEntityTag=O]
[Text=Mor CharacterOffsetBegin=337 CharacterOffsetEnd=340 PartOfSpeech=PROPN Lemma=mor NamedEntityTag=PERSON]
[Text=. CharacterOffsetBegin=340 CharacterOffsetEnd=341 PartOfSpeech=PUNCT Lemma=. NamedEntityTag=O]

Dependency Parse (enhanced plus plus dependencies):
root(ROOT-0, la-2)
cc(la-2, y-1)
case(la-2, de-3)
dep(la-2, Cuernavaca-4)
punct(Mor-6, ,-5)
dep(la-2, Mor-6)
punct(la-2, .-7)

Extracted the following NER entity mentions:
Cuernavaca	CITY	LOCATION:0.9850131129301759
Mor	PERSON	PERSON:0.8674773509647081

Sentence #7 (70 tokens):
, con el fin de realizar una opera
ción en contra de la escolta militar de ese convoy
similar a la Xalostoc, que los mismos individuos --
estan encargados de investigar los movimientos y cos
tumbres de algunos de los principales dirigentes de
empresas industriales y ubicar o algún funcionorio
o ejecutivo de las mismas para cfectuar un secues-
tro y obtener medios econémicos para solventar los -

Tokens:
[Text=, CharacterOffsetBegin=341 CharacterOffsetEnd=342 PartOfSpeech=PUNCT Lemma=, NamedEntityTag=O]
[Text=con CharacterOffsetBegin=343 CharacterOffsetEnd=346 PartOfSpeech=ADP Lemma=con NamedEntityTag=O]
[Text=el CharacterOffsetBegin=347 CharacterOffsetEnd=349 PartOfSpeech=DET Lemma=el NamedEntityTag=O]
[Text=fin CharacterOffsetBegin=350 CharacterOffsetEnd=353 PartOfSpeech=NOUN Lemma=fin NamedEntityTag=O]
[Text=de CharacterOffsetBegin=354 CharacterOffsetEnd=356 PartOfSpeech=ADP Lemma=de NamedEntityTag=O]
[Text=realizar CharacterOffsetBegin=357 CharacterOffsetEnd=365 PartOfSpeech=VERB Lemma=realizar NamedEntityTag=O]
[Text=una CharacterOffsetBegin=366 CharacterOffsetEnd=369 PartOfSpeech=PRON Lemma=una NamedEntityTag=O]
[Text=opera CharacterOffsetBegin=370 CharacterOffsetEnd=375 PartOfSpeech=VERB Lemma=opera NamedEntityTag=O]
[Text=ción CharacterOffsetBegin=376 CharacterOffsetEnd=380 PartOfSpeech=NOUN Lemma=ción NamedEntityTag=O]
[Text=en CharacterOffsetBegin=381 CharacterOffsetEnd=383 PartOfSpeech=ADP Lemma=en NamedEntityTag=O]
[Text=contra CharacterOffsetBegin=384 CharacterOffsetEnd=390 PartOfSpeech=NOUN Lemma=contra NamedEntityTag=O]
[Text=de CharacterOffsetBegin=391 CharacterOffsetEnd=393 PartOfSpeech=ADP Lemma=de NamedEntityTag=O]
[Text=la CharacterOffsetBegin=394 CharacterOffsetEnd=396 PartOfSpeech=DET Lemma=la NamedEntityTag=O]
[Text=escolta CharacterOffsetBegin=397 CharacterOffsetEnd=404 PartOfSpeech=NOUN Lemma=escolta NamedEntityTag=TITLE]
[Text=militar CharacterOffsetBegin=405 CharacterOffsetEnd=412 PartOfSpeech=ADJ Lemma=militar NamedEntityTag=O]
[Text=de CharacterOffsetBegin=413 CharacterOffsetEnd=415 PartOfSpeech=ADP Lemma=de NamedEntityTag=O]
[Text=ese CharacterOffsetBegin=416 CharacterOffsetEnd=419 PartOfSpeech=DET Lemma=ese NamedEntityTag=O]
[Text=convoy CharacterOffsetBegin=420 CharacterOffsetEnd=426 PartOfSpeech=NOUN Lemma=convoy NamedEntityTag=O]
[Text=similar CharacterOffsetBegin=427 CharacterOffsetEnd=434 PartOfSpeech=ADJ Lemma=similar NamedEntityTag=O]
[Text=a CharacterOffsetBegin=435 CharacterOffsetEnd=436 PartOfSpeech=ADP Lemma=a NamedEntityTag=O]
[Text=la CharacterOffsetBegin=437 CharacterOffsetEnd=439 PartOfSpeech=DET Lemma=la NamedEntityTag=O]
[Text=Xalostoc CharacterOffsetBegin=440 CharacterOffsetEnd=448 PartOfSpeech=PROPN Lemma=xalostoc NamedEntityTag=LOCATION]
[Text=, CharacterOffsetBegin=448 CharacterOffsetEnd=449 PartOfSpeech=PUNCT Lemma=, NamedEntityTag=O]
[Text=que CharacterOffsetBegin=450 CharacterOffsetEnd=453 PartOfSpeech=PRON Lemma=que NamedEntityTag=O]
[Text=los CharacterOffsetBegin=454 CharacterOffsetEnd=457 PartOfSpeech=DET Lemma=los NamedEntityTag=O]
[Text=mismos CharacterOffsetBegin=458 CharacterOffsetEnd=464 PartOfSpeech=DET Lemma=mismos NamedEntityTag=O]
[Text=individuos CharacterOffsetBegin=465 CharacterOffsetEnd=475 PartOfSpeech=NOUN Lemma=individuos NamedEntityTag=O]
[Text=-- CharacterOffsetBegin=476 CharacterOffsetEnd=478 PartOfSpeech=PROPN Lemma=-- NamedEntityTag=O]
[Text=estan CharacterOffsetBegin=479 CharacterOffsetEnd=484 PartOfSpeech=VERB Lemma=estan NamedEntityTag=O]
[Text=encargados CharacterOffsetBegin=485 CharacterOffsetEnd=495 PartOfSpeech=ADJ Lemma=encargados NamedEntityTag=O]
[Text=de CharacterOffsetBegin=496 CharacterOffsetEnd=498 PartOfSpeech=ADP Lemma=de NamedEntityTag=O]
[Text=investigar CharacterOffsetBegin=499 CharacterOffsetEnd=509 PartOfSpeech=VERB Lemma=investigar NamedEntityTag=O]
[Text=los CharacterOffsetBegin=510 CharacterOffsetEnd=513 PartOfSpeech=DET Lemma=los NamedEntityTag=O]
[Text=movimientos CharacterOffsetBegin=514 CharacterOffsetEnd=525 PartOfSpeech=NOUN Lemma=movimientos NamedEntityTag=O]
[Text=y CharacterOffsetBegin=526 CharacterOffsetEnd=527 PartOfSpeech=CCONJ Lemma=y NamedEntityTag=O]
[Text=cos CharacterOffsetBegin=528 CharacterOffsetEnd=531 PartOfSpeech=NOUN Lemma=cos NamedEntityTag=O]
[Text=tumbres CharacterOffsetBegin=532 CharacterOffsetEnd=539 PartOfSpeech=ADJ Lemma=tumbres NamedEntityTag=O]
[Text=de CharacterOffsetBegin=540 CharacterOffsetEnd=542 PartOfSpeech=ADP Lemma=de NamedEntityTag=O]
[Text=algunos CharacterOffsetBegin=543 CharacterOffsetEnd=550 PartOfSpeech=PRON Lemma=algunos NamedEntityTag=O]
[Text=de CharacterOffsetBegin=551 CharacterOffsetEnd=553 PartOfSpeech=ADP Lemma=de NamedEntityTag=O]
[Text=los CharacterOffsetBegin=554 CharacterOffsetEnd=557 PartOfSpeech=DET Lemma=los NamedEntityTag=O]
[Text=principales CharacterOffsetBegin=558 CharacterOffsetEnd=569 PartOfSpeech=ADJ Lemma=principales NamedEntityTag=O]
[Text=dirigentes CharacterOffsetBegin=570 CharacterOffsetEnd=580 PartOfSpeech=NOUN Lemma=dirigentes NamedEntityTag=O]
[Text=de CharacterOffsetBegin=581 CharacterOffsetEnd=583 PartOfSpeech=ADP Lemma=de NamedEntityTag=O]
[Text=empresas CharacterOffsetBegin=584 CharacterOffsetEnd=592 PartOfSpeech=NOUN Lemma=empresas NamedEntityTag=O]
[Text=industriales CharacterOffsetBegin=593 CharacterOffsetEnd=605 PartOfSpeech=ADJ Lemma=industriales NamedEntityTag=O]
[Text=y CharacterOffsetBegin=606 CharacterOffsetEnd=607 PartOfSpeech=CCONJ Lemma=y NamedEntityTag=O]
[Text=ubicar CharacterOffsetBegin=608 CharacterOffsetEnd=614 PartOfSpeech=VERB Lemma=ubicar NamedEntityTag=O]
[Text=o CharacterOffsetBegin=615 CharacterOffsetEnd=616 PartOfSpeech=CCONJ Lemma=o NamedEntityTag=O]
[Text=algún CharacterOffsetBegin=617 CharacterOffsetEnd=622 PartOfSpeech=DET Lemma=algún NamedEntityTag=O]
[Text=funcionorio CharacterOffsetBegin=623 CharacterOffsetEnd=634 PartOfSpeech=NOUN Lemma=funcionorio NamedEntityTag=O]
[Text=o CharacterOffsetBegin=635 CharacterOffsetEnd=636 PartOfSpeech=CCONJ Lemma=o NamedEntityTag=O]
[Text=ejecutivo CharacterOffsetBegin=637 CharacterOffsetEnd=646 PartOfSpeech=NOUN Lemma=ejecutivo NamedEntityTag=TITLE]
[Text=de CharacterOffsetBegin=647 CharacterOffsetEnd=649 PartOfSpeech=ADP Lemma=de NamedEntityTag=O]
[Text=las CharacterOffsetBegin=650 CharacterOffsetEnd=653 PartOfSpeech=DET Lemma=las NamedEntityTag=O]
[Text=mismas CharacterOffsetBegin=654 CharacterOffsetEnd=660 PartOfSpeech=DET Lemma=mismas NamedEntityTag=O]
[Text=para CharacterOffsetBegin=661 CharacterOffsetEnd=665 PartOfSpeech=ADP Lemma=para NamedEntityTag=O]
[Text=cfectuar CharacterOffsetBegin=666 CharacterOffsetEnd=674 PartOfSpeech=VERB Lemma=cfectuar NamedEntityTag=O]
[Text=un CharacterOffsetBegin=675 CharacterOffsetEnd=677 PartOfSpeech=DET Lemma=un NamedEntityTag=O]
[Text=secues CharacterOffsetBegin=678 CharacterOffsetEnd=684 PartOfSpeech=NOUN Lemma=secues NamedEntityTag=O]
[Text=- CharacterOffsetBegin=684 CharacterOffsetEnd=685 PartOfSpeech=PUNCT Lemma=- NamedEntityTag=O]
[Text=tro CharacterOffsetBegin=686 CharacterOffsetEnd=689 PartOfSpeech=NOUN Lemma=tro NamedEntityTag=O]
[Text=y CharacterOffsetBegin=690 CharacterOffsetEnd=691 PartOfSpeech=CCONJ Lemma=y NamedEntityTag=O]
[Text=obtener CharacterOffsetBegin=692 CharacterOffsetEnd=699 PartOfSpeech=VERB Lemma=obtener NamedEntityTag=O]
[Text=medios CharacterOffsetBegin=700 CharacterOffsetEnd=706 PartOfSpeech=NOUN Lemma=medios NamedEntityTag=O]
[Text=econémicos CharacterOffsetBegin=707 CharacterOffsetEnd=717 PartOfSpeech=ADJ Lemma=econémicos NamedEntityTag=O]
[Text=para CharacterOffsetBegin=718 CharacterOffsetEnd=722 PartOfSpeech=ADP Lemma=para NamedEntityTag=O]
[Text=solventar CharacterOffsetBegin=723 CharacterOffsetEnd=732 PartOfSpeech=VERB Lemma=solventar NamedEntityTag=O]
[Text=los CharacterOffsetBegin=733 CharacterOffsetEnd=736 PartOfSpeech=DET Lemma=los NamedEntityTag=O]
[Text=- CharacterOffsetBegin=737 CharacterOffsetEnd=738 PartOfSpeech=PUNCT Lemma=- NamedEntityTag=O]

Dependency Parse (enhanced plus plus dependencies):
root(ROOT-0, opera-8)
punct(fin-4, ,-1)
case(fin-4, con-2)
det(fin-4, el-3)
obl(opera-8, fin-4)
mark(realizar-6, de-5)
acl(fin-4, realizar-6)
obj(realizar-6, una-7)
nsubj(opera-8, ción-9)
case(escolta-14, en-10)
fixed(en-10, contra-11)
fixed(en-10, de-12)
det(escolta-14, la-13)
obl(opera-8, escolta-14)
obl(opera-8, escolta-14)
amod(escolta-14, militar-15)
case(convoy-18, de-16)
det(convoy-18, ese-17)
nmod(escolta-14, convoy-18)
amod(convoy-18, similar-19)
case(Xalostoc-22, a-20)
det(Xalostoc-22, la-21)
nmod(similar-19, Xalostoc-22)
punct(estan-29, ,-23)
obj(estan-29, que-24)
det(individuos-27, los-25)
det(los-25, mismos-26)
nsubj(estan-29, individuos-27)
appos(individuos-27, ---28)
acl(convoy-18, estan-29)
obj(estan-29, encargados-30)
mark(investigar-32, de-31)
xcomp(encargados-30, investigar-32)
det(movimientos-34, los-33)
obj(investigar-32, movimientos-34)
cc(cos-36, y-35)
obj(investigar-32, cos-36)
conj:y(movimientos-34, cos-36)
amod(cos-36, tumbres-37)
case(algunos-39, de-38)
nmod(movimientos-34, algunos-39)
case(dirigentes-43, de-40)
det(dirigentes-43, los-41)
amod(dirigentes-43, principales-42)
nmod(algunos-39, dirigentes-43)
case(empresas-45, de-44)
nmod(dirigentes-43, empresas-45)
amod(empresas-45, industriales-46)
cc(ubicar-48, y-47)
xcomp(encargados-30, ubicar-48)
conj:y(investigar-32, ubicar-48)
cc(funcionorio-51, o-49)
det(funcionorio-51, algún-50)
conj:y(investigar-32, funcionorio-51)
conj:o(ubicar-48, funcionorio-51)
cc(ejecutivo-53, o-52)
conj:y(investigar-32, ejecutivo-53)
conj:o(ubicar-48, ejecutivo-53)
case(mismas-56, de-54)
det(mismas-56, las-55)
obj(ubicar-48, mismas-56)
mark(cfectuar-58, para-57)
acl(mismas-56, cfectuar-58)
det(secues-60, un-59)
obj(cfectuar-58, secues-60)
punct(tro-62, --61)
appos(secues-60, tro-62)
cc(obtener-64, y-63)
appos(secues-60, obtener-64)
conj:y(tro-62, obtener-64)
obj(obtener-64, medios-65)
amod(medios-65, econémicos-66)
mark(solventar-68, para-67)
advcl(obtener-64, solventar-68)
obj(solventar-68, los-69)
punct(opera-8, --70)

Extracted the following NER entity mentions:
escolta	TITLE	-
Xalostoc	LOCATION	LOCATION:0.7384963298812701
ejecutivo	TITLE	-
