Document: ID=file_121.txt (4 sentences, 135 tokens)

Sentence #1 (45 tokens):
un manifiesto dirigido a los universitarios y
Cpinion Publoca,s en el cual contesta los ataque
que lanzaron los directivos de la Federacion
citada por medio de un desplegado en los perió
dicos locales, achacándoles malos manejos del
subsidio de la Universidad.

Tokens:
[Text=un CharacterOffsetBegin=0 CharacterOffsetEnd=2 PartOfSpeech=DET Lemma=un NamedEntityTag=O]
[Text=manifiesto CharacterOffsetBegin=3 CharacterOffsetEnd=13 PartOfSpeech=NOUN Lemma=manifiesto NamedEntityTag=O]
[Text=dirigido CharacterOffsetBegin=14 CharacterOffsetEnd=22 PartOfSpeech=ADJ Lemma=dirigido NamedEntityTag=O]
[Text=a CharacterOffsetBegin=23 CharacterOffsetEnd=24 PartOfSpeech=ADP Lemma=a NamedEntityTag=O]
[Text=los CharacterOffsetBegin=25 CharacterOffsetEnd=28 PartOfSpeech=DET Lemma=los NamedEntityTag=O]
[Text=universitarios CharacterOffsetBegin=29 CharacterOffsetEnd=43 PartOfSpeech=NOUN Lemma=universitarios NamedEntityTag=O]
[Text=y CharacterOffsetBegin=44 CharacterOffsetEnd=45 PartOfSpeech=CCONJ Lemma=y NamedEntityTag=O]
[Text=Cpinion CharacterOffsetBegin=46 CharacterOffsetEnd=53 PartOfSpeech=PROPN Lemma=cpinion NamedEntityTag=ORGANIZATION]
[Text=Publoca CharacterOffsetBegin=54 CharacterOffsetEnd=61 PartOfSpeech=PROPN Lemma=publoca NamedEntityTag=ORGANIZATION]
[Text=, CharacterOffsetBegin=61 CharacterOffsetEnd=62 PartOfSpeech=PUNCT Lemma=, NamedEntityTag=O]
[Text=s CharacterOffsetBegin=62 CharacterOffsetEnd=63 PartOfSpeech=NOUN Lemma=s NamedEntityTag=O]
[Text=en CharacterOffsetBegin=64 CharacterOffsetEnd=66 PartOfSpeech=ADP Lemma=en NamedEntityTag=O]
[Text=el CharacterOffsetBegin=67 CharacterOffsetEnd=69 PartOfSpeech=DET Lemma=el NamedEntityTag=O]
[Text=cual CharacterOffsetBegin=70 CharacterOffsetEnd=74 PartOfSpeech=PRON Lemma=cual NamedEntityTag=O]
[Text=contesta CharacterOffsetBegin=75 CharacterOffsetEnd=83 PartOfSpeech=VERB Lemma=contesta NamedEntityTag=O]
[Text=los CharacterOffsetBegin=84 CharacterOffsetEnd=87 PartOfSpeech=DET Lemma=los NamedEntityTag=O]
[Text=ataque CharacterOffsetBegin=88 CharacterOffsetEnd=94 PartOfSpeech=NOUN Lemma=ataque NamedEntityTag=CAUSE_OF_DEATH]
[Text=que CharacterOffsetBegin=95 CharacterOffsetEnd=98 PartOfSpeech=PRON Lemma=que NamedEntityTag=O]
[Text=lanzaron CharacterOffsetBegin=99 CharacterOffsetEnd=107 PartOfSpeech=VERB Lemma=lanzaron NamedEntityTag=O]
[Text=los CharacterOffsetBegin=108 CharacterOffsetEnd=111 PartOfSpeech=DET Lemma=los NamedEntityTag=O]
[Text=directivos CharacterOffsetBegin=112 CharacterOffsetEnd=122 PartOfSpeech=NOUN Lemma=directivos NamedEntityTag=O]
[Text=de CharacterOffsetBegin=123 CharacterOffsetEnd=125 PartOfSpeech=ADP Lemma=de NamedEntityTag=O]
[Text=la CharacterOffsetBegin=126 CharacterOffsetEnd=128 PartOfSpeech=DET Lemma=la NamedEntityTag=O]
[Text=Federacion CharacterOffsetBegin=129 CharacterOffsetEnd=139 PartOfSpeech=PROPN Lemma=federacion NamedEntityTag=ORGANIZATION]
[Text=citada CharacterOffsetBegin=140 CharacterOffsetEnd=146 PartOfSpeech=ADJ Lemma=citada NamedEntityTag=O]
[Text=por CharacterOffsetBegin=147 CharacterOffsetEnd=150 PartOfSpeech=ADP Lemma=por NamedEntityTag=O]
[Text=medio CharacterOffsetBegin=151 CharacterOffsetEnd=156 PartOfSpeech=NOUN Lemma=medio NamedEntityTag=O]
[Text=de CharacterOffsetBegin=157 CharacterOffsetEnd=159 PartOfSpeech=ADP Lemma=de NamedEntityTag=O]
[Text=un CharacterOffsetBegin=160 CharacterOffsetEnd=162 PartOfSpeech=DET Lemma=un NamedEntityTag=O]
[Text=desplegado CharacterOffsetBegin=163 CharacterOffsetEnd=173 PartOfSpeech=ADJ Lemma=desplegado NamedEntityTag=O]
[Text=en CharacterOffsetBegin=174 CharacterOffsetEnd=176 PartOfSpeech=ADP Lemma=en NamedEntityTag=O]
[Text=los CharacterOffsetBegin=177 CharacterOffsetEnd=180 PartOfSpeech=DET Lemma=los NamedEntityTag=O]
[Text=perió CharacterOffsetBegin=181 CharacterOffsetEnd=186 PartOfSpeech=NOUN Lemma=perió NamedEntityTag=O]
[Text=dicos CharacterOffsetBegin=187 CharacterOffsetEnd=192 PartOfSpeech=ADJ Lemma=dicos NamedEntityTag=O]
[Text=locales CharacterOffsetBegin=193 CharacterOffsetEnd=200 PartOfSpeech=ADJ Lemma=locales NamedEntityTag=O]
[Text=, CharacterOffsetBegin=200 CharacterOffsetEnd=201 PartOfSpeech=PUNCT Lemma=, NamedEntityTag=O]
[Text=achacándoles CharacterOffsetBegin=202 CharacterOffsetEnd=214 PartOfSpeech=NOUN Lemma=achacándoles NamedEntityTag=O]
[Text=malos CharacterOffsetBegin=215 CharacterOffsetEnd=220 PartOfSpeech=ADJ Lemma=malos NamedEntityTag=O]
[Text=manejos CharacterOffsetBegin=221 CharacterOffsetEnd=228 PartOfSpeech=NOUN Lemma=manejos NamedEntityTag=O]
[Text=del CharacterOffsetBegin=229 CharacterOffsetEnd=232 PartOfSpeech=ADP Lemma=del NamedEntityTag=O]
[Text=subsidio CharacterOffsetBegin=233 CharacterOffsetEnd=241 PartOfSpeech=NOUN Lemma=subsidio NamedEntityTag=O]
[Text=de CharacterOffsetBegin=242 CharacterOffsetEnd=244 PartOfSpeech=ADP Lemma=de NamedEntityTag=O]
[Text=la CharacterOffsetBegin=245 CharacterOffsetEnd=247 PartOfSpeech=DET Lemma=la NamedEntityTag=O]
[Text=Universidad CharacterOffsetBegin=248 CharacterOffsetEnd=259 PartOfSpeech=PROPN Lemma=universidad NamedEntityTag=ORGANIZATION]
[Text=. CharacterOffsetBegin=259 CharacterOffsetEnd=260 PartOfSpeech=PUNCT Lemma=. NamedEntityTag=O]

Dependency Parse (enhanced plus plus dependencies):
root(ROOT-0, manifiesto-2)
det(manifiesto-2, un-1)
amod(manifiesto-2, dirigido-3)
case(universitarios-6, a-4)
det(universitarios-6, los-5)
obj(dirigido-3, universitarios-6)
cc(Cpinion-8, y-7)
obj(dirigido-3, Cpinion-8)
conj:y(universitarios-6, Cpinion-8)
flat(Cpinion-8, Publoca-9)
punct(s-11, ,-10)
appos(manifiesto-2, s-11)
case(cual-14, en-12)
det(cual-14, el-13)
obl(contesta-15, cual-14)
acl(s-11, contesta-15)
det(ataque-17, los-16)
nsubj(contesta-15, ataque-17)
obj(lanzaron-19, que-18)
acl(ataque-17, lanzaron-19)
det(directivos-21, los-20)
nsubj(lanzaron-19, directivos-21)
case(Federacion-24, de-22)
det(Federacion-24, la-23)
nmod(directivos-21, Federacion-24)
amod(Federacion-24, citada-25)
case(desplegado-30, por-26)
fixed(por-26, medio-27)
fixed(por-26, de-28)
det(desplegado-30, un-29)
obj(citada-25, desplegado-30)
case(perió-33, en-31)
det(perió-33, los-32)
nmod(desplegado-30, perió-33)
amod(perió-33, dicos-34)
amod(perió-33, locales-35)
punct(achacándoles-37, ,-36)
appos(perió-33, achacándoles-37)
amod(achacándoles-37, malos-38)
appos(achacándoles-37, manejos-39)
case(subsidio-41, del-40)
nmod(manejos-39, subsidio-41)
case(Universidad-44, de-42)
det(Universidad-44, la-43)
nmod(subsidio-41, Universidad-44)
punct(manifiesto-2, .-45)

Extracted the following NER entity mentions:
Cpinion Publoca	ORGANIZATION	ORGANIZATION:0.6854920008238787
ataque	CAUSE_OF_DEATH	-
Federacion	ORGANIZATION	ORGANIZATION:0.9191182033414499
Universidad	ORGANIZATION	ORGANIZATION:0.9914033313892852

Sentence #2 (3 tokens):
FOLIO 332.

Tokens:
[Text=FOLIO CharacterOffsetBegin=261 CharacterOffsetEnd=266 PartOfSpeech=PROPN Lemma=folio NamedEntityTag=O]
[Text=332 CharacterOffsetBegin=267 CharacterOffsetEnd=270 PartOfSpeech=NUM Lemma=332 NamedEntityTag=NUMBER NormalizedNamedEntityTag=332.0]
[Text=. CharacterOffsetBegin=270 CharacterOffsetEnd=271 PartOfSpeech=PUNCT Lemma=. NamedEntityTag=O]

Dependency Parse (enhanced plus plus dependencies):
root(ROOT-0, FOLIO-1)
nummod(FOLIO-1, 332-2)
punct(FOLIO-1, .-3)

Extracted the following NER entity mentions:
332	NUMBER	NUMBER:-1.0

Sentence #3 (5 tokens):
- El dia lo.

Tokens:
[Text=- CharacterOffsetBegin=271 CharacterOffsetEnd=272 PartOfSpeech=PUNCT Lemma=- NamedEntityTag=O]
[Text=El CharacterOffsetBegin=273 CharacterOffsetEnd=275 PartOfSpeech=DET Lemma=el NamedEntityTag=O]
[Text=dia CharacterOffsetBegin=276 CharacterOffsetEnd=279 PartOfSpeech=NOUN Lemma=dia NamedEntityTag=O]
[Text=lo CharacterOffsetBegin=280 CharacterOffsetEnd=282 PartOfSpeech=PRON Lemma=lo NamedEntityTag=O]
[Text=. CharacterOffsetBegin=282 CharacterOffsetEnd=283 PartOfSpeech=PUNCT Lemma=. NamedEntityTag=O]

Dependency Parse (enhanced plus plus dependencies):
root(ROOT-0, lo-4)
punct(lo-4, --1)
det(dia-3, El-2)
nsubj(lo-4, dia-3)
punct(lo-4, .-5)

Extracted the following NER entity mentions:

Sentence #4 (82 tokens):
actual, por la noche los
estudiattes Huelguistas de el Frente Universi-
tario Guerrerense efectuaron un Mitin, en el
cual los oradoresatacaron al Rector llamandolo
Ratero por sostener a maestris que no son titu-
lados y uno que otro procesado como RAMON CHO/
RRO LLOPIS y EDUARDO MURUETA URRUTIA; y CARMELO
CORTES CASTRO dijo que el H Consejo Universit
rio esta funcionando ilegalmente, al igual que
el Rector, quien se reelegio al margen de los

Tokens:
[Text=actual CharacterOffsetBegin=284 CharacterOffsetEnd=290 PartOfSpeech=ADJ Lemma=actual NamedEntityTag=O]
[Text=, CharacterOffsetBegin=290 CharacterOffsetEnd=291 PartOfSpeech=PUNCT Lemma=, NamedEntityTag=O]
[Text=por CharacterOffsetBegin=292 CharacterOffsetEnd=295 PartOfSpeech=ADP Lemma=por NamedEntityTag=O]
[Text=la CharacterOffsetBegin=296 CharacterOffsetEnd=298 PartOfSpeech=DET Lemma=la NamedEntityTag=O]
[Text=noche CharacterOffsetBegin=299 CharacterOffsetEnd=304 PartOfSpeech=NOUN Lemma=noche NamedEntityTag=O]
[Text=los CharacterOffsetBegin=305 CharacterOffsetEnd=308 PartOfSpeech=DET Lemma=los NamedEntityTag=O]
[Text=estudiattes CharacterOffsetBegin=309 CharacterOffsetEnd=320 PartOfSpeech=NOUN Lemma=estudiattes NamedEntityTag=O]
[Text=Huelguistas CharacterOffsetBegin=321 CharacterOffsetEnd=332 PartOfSpeech=PROPN Lemma=huelguistas NamedEntityTag=O]
[Text=de CharacterOffsetBegin=333 CharacterOffsetEnd=335 PartOfSpeech=ADP Lemma=de NamedEntityTag=O]
[Text=el CharacterOffsetBegin=336 CharacterOffsetEnd=338 PartOfSpeech=DET Lemma=el NamedEntityTag=O]
[Text=Frente CharacterOffsetBegin=339 CharacterOffsetEnd=345 PartOfSpeech=PROPN Lemma=frente NamedEntityTag=ORGANIZATION]
[Text=Universi CharacterOffsetBegin=346 CharacterOffsetEnd=354 PartOfSpeech=PROPN Lemma=universi NamedEntityTag=ORGANIZATION]
[Text=- CharacterOffsetBegin=354 CharacterOffsetEnd=355 PartOfSpeech=PUNCT Lemma=- NamedEntityTag=ORGANIZATION]
[Text=tario CharacterOffsetBegin=356 CharacterOffsetEnd=361 PartOfSpeech=ADJ Lemma=tario NamedEntityTag=O]
[Text=Guerrerense CharacterOffsetBegin=362 CharacterOffsetEnd=373 PartOfSpeech=PROPN Lemma=guerrerense NamedEntityTag=PERSON]
[Text=efectuaron CharacterOffsetBegin=374 CharacterOffsetEnd=384 PartOfSpeech=VERB Lemma=efectuaron NamedEntityTag=O]
[Text=un CharacterOffsetBegin=385 CharacterOffsetEnd=387 PartOfSpeech=DET Lemma=un NamedEntityTag=O]
[Text=Mitin CharacterOffsetBegin=388 CharacterOffsetEnd=393 PartOfSpeech=PROPN Lemma=mitin NamedEntityTag=O]
[Text=, CharacterOffsetBegin=393 CharacterOffsetEnd=394 PartOfSpeech=PUNCT Lemma=, NamedEntityTag=O]
[Text=en CharacterOffsetBegin=395 CharacterOffsetEnd=397 PartOfSpeech=ADP Lemma=en NamedEntityTag=O]
[Text=el CharacterOffsetBegin=398 CharacterOffsetEnd=400 PartOfSpeech=DET Lemma=el NamedEntityTag=O]
[Text=cual CharacterOffsetBegin=401 CharacterOffsetEnd=405 PartOfSpeech=PRON Lemma=cual NamedEntityTag=O]
[Text=los CharacterOffsetBegin=406 CharacterOffsetEnd=409 PartOfSpeech=DET Lemma=los NamedEntityTag=O]
[Text=oradoresatacaron CharacterOffsetBegin=410 CharacterOffsetEnd=426 PartOfSpeech=NOUN Lemma=oradoresatacaron NamedEntityTag=O]
[Text=al CharacterOffsetBegin=427 CharacterOffsetEnd=429 PartOfSpeech=ADP Lemma=al NamedEntityTag=O]
[Text=Rector CharacterOffsetBegin=430 CharacterOffsetEnd=436 PartOfSpeech=PROPN Lemma=rector NamedEntityTag=O]
[Text=llamandolo CharacterOffsetBegin=437 CharacterOffsetEnd=447 PartOfSpeech=PROPN Lemma=llamandolo NamedEntityTag=O]
[Text=Ratero CharacterOffsetBegin=448 CharacterOffsetEnd=454 PartOfSpeech=PROPN Lemma=ratero NamedEntityTag=PERSON]
[Text=por CharacterOffsetBegin=455 CharacterOffsetEnd=458 PartOfSpeech=ADP Lemma=por NamedEntityTag=O]
[Text=sostener CharacterOffsetBegin=459 CharacterOffsetEnd=467 PartOfSpeech=VERB Lemma=sostener NamedEntityTag=O]
[Text=a CharacterOffsetBegin=468 CharacterOffsetEnd=469 PartOfSpeech=ADP Lemma=a NamedEntityTag=O]
[Text=maestris CharacterOffsetBegin=470 CharacterOffsetEnd=478 PartOfSpeech=NOUN Lemma=maestris NamedEntityTag=O]
[Text=que CharacterOffsetBegin=479 CharacterOffsetEnd=482 PartOfSpeech=PRON Lemma=que NamedEntityTag=O]
[Text=no CharacterOffsetBegin=483 CharacterOffsetEnd=485 PartOfSpeech=ADV Lemma=no NamedEntityTag=O]
[Text=son CharacterOffsetBegin=486 CharacterOffsetEnd=489 PartOfSpeech=AUX Lemma=son NamedEntityTag=O]
[Text=titu CharacterOffsetBegin=490 CharacterOffsetEnd=494 PartOfSpeech=NOUN Lemma=titu NamedEntityTag=O]
[Text=- CharacterOffsetBegin=494 CharacterOffsetEnd=495 PartOfSpeech=PUNCT Lemma=- NamedEntityTag=O]
[Text=lados CharacterOffsetBegin=496 CharacterOffsetEnd=501 PartOfSpeech=NOUN Lemma=lados NamedEntityTag=O]
[Text=y CharacterOffsetBegin=502 CharacterOffsetEnd=503 PartOfSpeech=CCONJ Lemma=y NamedEntityTag=O]
[Text=uno CharacterOffsetBegin=504 CharacterOffsetEnd=507 PartOfSpeech=PRON Lemma=uno NamedEntityTag=O]
[Text=que CharacterOffsetBegin=508 CharacterOffsetEnd=511 PartOfSpeech=SCONJ Lemma=que NamedEntityTag=O]
[Text=otro CharacterOffsetBegin=512 CharacterOffsetEnd=516 PartOfSpeech=DET Lemma=otro NamedEntityTag=O]
[Text=procesado CharacterOffsetBegin=517 CharacterOffsetEnd=526 PartOfSpeech=NOUN Lemma=procesado NamedEntityTag=O]
[Text=como CharacterOffsetBegin=527 CharacterOffsetEnd=531 PartOfSpeech=SCONJ Lemma=como NamedEntityTag=O]
[Text=RAMON CharacterOffsetBegin=532 CharacterOffsetEnd=537 PartOfSpeech=PROPN Lemma=ramon NamedEntityTag=MISC]
[Text=CHO CharacterOffsetBegin=538 CharacterOffsetEnd=541 PartOfSpeech=PROPN Lemma=cho NamedEntityTag=MISC]
[Text=/ CharacterOffsetBegin=541 CharacterOffsetEnd=542 PartOfSpeech=PUNCT Lemma=/ NamedEntityTag=MISC]
[Text=RRO CharacterOffsetBegin=543 CharacterOffsetEnd=546 PartOfSpeech=PROPN Lemma=rro NamedEntityTag=MISC]
[Text=LLOPIS CharacterOffsetBegin=547 CharacterOffsetEnd=553 PartOfSpeech=PROPN Lemma=llopis NamedEntityTag=MISC]
[Text=y CharacterOffsetBegin=554 CharacterOffsetEnd=555 PartOfSpeech=CCONJ Lemma=y NamedEntityTag=O]
[Text=EDUARDO CharacterOffsetBegin=556 CharacterOffsetEnd=563 PartOfSpeech=PROPN Lemma=eduardo NamedEntityTag=PERSON]
[Text=MURUETA CharacterOffsetBegin=564 CharacterOffsetEnd=571 PartOfSpeech=PROPN Lemma=murueta NamedEntityTag=PERSON]
[Text=URRUTIA CharacterOffsetBegin=572 CharacterOffsetEnd=579 PartOfSpeech=PROPN Lemma=urrutia NamedEntityTag=O]
[Text=; CharacterOffsetBegin=579 CharacterOffsetEnd=580 PartOfSpeech=PUNCT Lemma=; NamedEntityTag=O]
[Text=y CharacterOffsetBegin=581 CharacterOffsetEnd=582 PartOfSpeech=CCONJ Lemma=y NamedEntityTag=O]
[Text=CARMELO CharacterOffsetBegin=583 CharacterOffsetEnd=590 PartOfSpeech=PROPN Lemma=carmelo NamedEntityTag=PERSON]
[Text=CORTES CharacterOffsetBegin=591 CharacterOffsetEnd=597 PartOfSpeech=PROPN Lemma=cortes NamedEntityTag=PERSON]
[Text=CASTRO CharacterOffsetBegin=598 CharacterOffsetEnd=604 PartOfSpeech=PROPN Lemma=castro NamedEntityTag=PERSON]
[Text=dijo CharacterOffsetBegin=605 CharacterOffsetEnd=609 PartOfSpeech=VERB Lemma=dijo NamedEntityTag=O]
[Text=que CharacterOffsetBegin=610 CharacterOffsetEnd=613 PartOfSpeech=SCONJ Lemma=que NamedEntityTag=O]
[Text=el CharacterOffsetBegin=614 CharacterOffsetEnd=616 PartOfSpeech=DET Lemma=el NamedEntityTag=O]
[Text=H CharacterOffsetBegin=617 CharacterOffsetEnd=618 PartOfSpeech=NOUN Lemma=h NamedEntityTag=ORGANIZATION]
[Text=Consejo CharacterOffsetBegin=619 CharacterOffsetEnd=626 PartOfSpeech=PROPN Lemma=consejo NamedEntityTag=ORGANIZATION]
[Text=Universit CharacterOffsetBegin=627 CharacterOffsetEnd=636 PartOfSpeech=PROPN Lemma=universit NamedEntityTag=ORGANIZATION]
[Text=rio CharacterOffsetBegin=637 CharacterOffsetEnd=640 PartOfSpeech=PROPN Lemma=rio NamedEntityTag=O]
[Text=esta CharacterOffsetBegin=641 CharacterOffsetEnd=645 PartOfSpeech=DET Lemma=esta NamedEntityTag=O]
[Text=funcionando CharacterOffsetBegin=646 CharacterOffsetEnd=657 PartOfSpeech=VERB Lemma=funcionando NamedEntityTag=O]
[Text=ilegalmente CharacterOffsetBegin=658 CharacterOffsetEnd=669 PartOfSpeech=ADV Lemma=ilegalmente NamedEntityTag=O]
[Text=, CharacterOffsetBegin=669 CharacterOffsetEnd=670 PartOfSpeech=PUNCT Lemma=, NamedEntityTag=O]
[Text=al CharacterOffsetBegin=671 CharacterOffsetEnd=673 PartOfSpeech=ADP Lemma=al NamedEntityTag=O]
[Text=igual CharacterOffsetBegin=674 CharacterOffsetEnd=679 PartOfSpeech=ADJ Lemma=igual NamedEntityTag=O]
[Text=que CharacterOffsetBegin=680 CharacterOffsetEnd=683 PartOfSpeech=SCONJ Lemma=que NamedEntityTag=O]
[Text=el CharacterOffsetBegin=684 CharacterOffsetEnd=686 PartOfSpeech=DET Lemma=el NamedEntityTag=O]
[Text=Rector CharacterOffsetBegin=687 CharacterOffsetEnd=693 PartOfSpeech=PROPN Lemma=rector NamedEntityTag=PERSON]
[Text=, CharacterOffsetBegin=693 CharacterOffsetEnd=694 PartOfSpeech=PUNCT Lemma=, NamedEntityTag=O]
[Text=quien CharacterOffsetBegin=695 CharacterOffsetEnd=700 PartOfSpeech=PRON Lemma=quien NamedEntityTag=O]
[Text=se CharacterOffsetBegin=701 CharacterOffsetEnd=703 PartOfSpeech=PRON Lemma=se NamedEntityTag=O]
[Text=reelegio CharacterOffsetBegin=704 CharacterOffsetEnd=712 PartOfSpeech=VERB Lemma=reelegio NamedEntityTag=O]
[Text=al CharacterOffsetBegin=713 CharacterOffsetEnd=715 PartOfSpeech=ADP Lemma=al NamedEntityTag=O]
[Text=margen CharacterOffsetBegin=716 CharacterOffsetEnd=722 PartOfSpeech=NOUN Lemma=margen NamedEntityTag=O]
[Text=de CharacterOffsetBegin=723 CharacterOffsetEnd=725 PartOfSpeech=ADP Lemma=de NamedEntityTag=O]
[Text=los CharacterOffsetBegin=726 CharacterOffsetEnd=729 PartOfSpeech=DET Lemma=los NamedEntityTag=O]

Dependency Parse (enhanced plus plus dependencies):
root(ROOT-0, dijo-59)
amod(efectuaron-16, actual-1)
punct(noche-5, ,-2)
case(noche-5, por-3)
det(noche-5, la-4)
obl(efectuaron-16, noche-5)
det(estudiattes-7, los-6)
nsubj(efectuaron-16, estudiattes-7)
appos(estudiattes-7, Huelguistas-8)
case(Frente-11, de-9)
det(Frente-11, el-10)
nmod(estudiattes-7, Frente-11)
flat(Frente-11, Universi-12)
punct(Frente-11, --13)
amod(estudiattes-7, tario-14)
appos(estudiattes-7, Guerrerense-15)
csubj(dijo-59, efectuaron-16)
det(Mitin-18, un-17)
nsubj(efectuaron-16, Mitin-18)
punct(oradoresatacaron-24, ,-19)
case(cual-22, en-20)
det(cual-22, el-21)
nmod(oradoresatacaron-24, cual-22)
det(oradoresatacaron-24, los-23)
appos(Mitin-18, oradoresatacaron-24)
case(Rector-26, al-25)
nmod(oradoresatacaron-24, Rector-26)
flat(Rector-26, llamandolo-27)
flat(Rector-26, Ratero-28)
mark(sostener-30, por-29)
acl(oradoresatacaron-24, sostener-30)
case(maestris-32, a-31)
obj(sostener-30, maestris-32)
nsubj(titu-36, que-33)
advmod(titu-36, no-34)
cop(titu-36, son-35)
acl(maestris-32, titu-36)
punct(lados-38, --37)
appos(titu-36, lados-38)
cc(uno-40, y-39)
appos(titu-36, uno-40)
conj:y(lados-38, uno-40)
mark(procesado-43, que-41)
det(procesado-43, otro-42)
nmod(lados-38, procesado-43)
mark(RAMON-45, como-44)
nmod(procesado-43, RAMON-45)
flat(RAMON-45, CHO-46)
punct(RRO-48, /-47)
appos(procesado-43, RRO-48)
flat(RRO-48, LLOPIS-49)
cc(EDUARDO-51, y-50)
appos(procesado-43, EDUARDO-51)
conj:y(RRO-48, EDUARDO-51)
flat(EDUARDO-51, MURUETA-52)
flat(EDUARDO-51, URRUTIA-53)
punct(oradoresatacaron-24, ;-54)
cc(CARMELO-56, y-55)
nsubj(efectuaron-16, CARMELO-56)
conj:y(Mitin-18, CARMELO-56)
flat(CARMELO-56, CORTES-57)
flat(CARMELO-56, CASTRO-58)
mark(funcionando-67, que-60)
det(H-62, el-61)
nsubj(funcionando-67, H-62)
appos(H-62, Consejo-63)
flat(Consejo-63, Universit-64)
flat(Consejo-63, rio-65)
obj(funcionando-67, esta-66)
ccomp(dijo-59, funcionando-67)
advmod(funcionando-67, ilegalmente-68)
punct(Rector-74, ,-69)
mark(Rector-74, al-70)
fixed(al-70, igual-71)
fixed(al-70, que-72)
det(Rector-74, el-73)
obl(funcionando-67, Rector-74)
punct(Rector-74, ,-75)
nsubj(reelegio-78, quien-76)
obj(reelegio-78, se-77)
ccomp(funcionando-67, reelegio-78)
case(los-82, al-79)
fixed(al-79, margen-80)
fixed(al-79, de-81)
obj(reelegio-78, los-82)

Extracted the following NER entity mentions:
Frente Universi-	ORGANIZATION	ORGANIZATION:0.7604261036939608
Guerrerense	PERSON	PERSON:0.49021464715772856
Ratero	PERSON	PERSON:0.571965640855887
RAMON CHO/
RRO LLOPIS	MISC	MISC:0.8305671071693599
EDUARDO MURUETA	PERSON	PERSON:0.19859814083303773
CARMELO
CORTES CASTRO	PERSON	PERSON:0.35766324428161456
H Consejo Universit	ORGANIZATION	ORGANIZATION:0.9345807527038098
Rector	PERSON	PERSON:0.3637235558887997
