Document: ID=file_381.txt (4 sentences, 150 tokens)

Sentence #1 (6 tokens):
NECOCHEA LOPEZ, Víctor Bruno.

Tokens:
[Text=NECOCHEA CharacterOffsetBegin=0 CharacterOffsetEnd=8 PartOfSpeech=PROPN Lemma=necochea NamedEntityTag=PERSON]
[Text=LOPEZ CharacterOffsetBegin=9 CharacterOffsetEnd=14 PartOfSpeech=PROPN Lemma=lopez NamedEntityTag=PERSON]
[Text=, CharacterOffsetBegin=14 CharacterOffsetEnd=15 PartOfSpeech=PUNCT Lemma=, NamedEntityTag=O]
[Text=Víctor CharacterOffsetBegin=16 CharacterOffsetEnd=22 PartOfSpeech=PROPN Lemma=víctor NamedEntityTag=PERSON]
[Text=Bruno CharacterOffsetBegin=23 CharacterOffsetEnd=28 PartOfSpeech=PROPN Lemma=bruno NamedEntityTag=PERSON]
[Text=. CharacterOffsetBegin=28 CharacterOffsetEnd=29 PartOfSpeech=PUNCT Lemma=. NamedEntityTag=O]

Dependency Parse (enhanced plus plus dependencies):
root(ROOT-0, NECOCHEA-1)
flat(NECOCHEA-1, LOPEZ-2)
punct(Víctor-4, ,-3)
appos(NECOCHEA-1, Víctor-4)
flat(Víctor-4, Bruno-5)
punct(NECOCHEA-1, .-6)

Extracted the following NER entity mentions:
NECOCHEA LOPEZ	PERSON	PERSON:0.7552631807066744
Víctor Bruno	PERSON	PERSON:0.9999352874287843

Sentence #2 (64 tokens):
Exp 11-238-75
H-67 L-2
-10-
Nacional de Antropología e Historia de Chapultepec;
que en ese lugar estuvieron dos días, al término de
los cuales "MAGGIE", según supo, por instrucciones
de ROJO CORONADO los transportó hasta Chicontepec, re
cordando que el Volkswagen de "MAGGIE", en el que -
viajaron hasta Chicontepec, Hgo.

Tokens:
[Text=Exp CharacterOffsetBegin=30 CharacterOffsetEnd=33 PartOfSpeech=PROPN Lemma=exp NamedEntityTag=O]
[Text=11-238-75 CharacterOffsetBegin=34 CharacterOffsetEnd=43 PartOfSpeech=NUM Lemma=11-238-75 NamedEntityTag=O]
[Text=H-67 CharacterOffsetBegin=44 CharacterOffsetEnd=48 PartOfSpeech=PROPN Lemma=h-67 NamedEntityTag=O]
[Text=L-2 CharacterOffsetBegin=49 CharacterOffsetEnd=52 PartOfSpeech=PROPN Lemma=l-2 NamedEntityTag=O]
[Text=-10 CharacterOffsetBegin=53 CharacterOffsetEnd=56 PartOfSpeech=PROPN Lemma=-10 NamedEntityTag=O]
[Text=- CharacterOffsetBegin=56 CharacterOffsetEnd=57 PartOfSpeech=PUNCT Lemma=- NamedEntityTag=O]
[Text=Nacional CharacterOffsetBegin=58 CharacterOffsetEnd=66 PartOfSpeech=PROPN Lemma=nacional NamedEntityTag=ORGANIZATION]
[Text=de CharacterOffsetBegin=67 CharacterOffsetEnd=69 PartOfSpeech=ADP Lemma=de NamedEntityTag=ORGANIZATION]
[Text=Antropología CharacterOffsetBegin=70 CharacterOffsetEnd=82 PartOfSpeech=PROPN Lemma=antropología NamedEntityTag=ORGANIZATION]
[Text=e CharacterOffsetBegin=83 CharacterOffsetEnd=84 PartOfSpeech=CCONJ Lemma=e NamedEntityTag=O]
[Text=Historia CharacterOffsetBegin=85 CharacterOffsetEnd=93 PartOfSpeech=PROPN Lemma=historia NamedEntityTag=MISC]
[Text=de CharacterOffsetBegin=94 CharacterOffsetEnd=96 PartOfSpeech=ADP Lemma=de NamedEntityTag=MISC]
[Text=Chapultepec CharacterOffsetBegin=97 CharacterOffsetEnd=108 PartOfSpeech=PROPN Lemma=chapultepec NamedEntityTag=MISC]
[Text=; CharacterOffsetBegin=108 CharacterOffsetEnd=109 PartOfSpeech=PUNCT Lemma=; NamedEntityTag=O]
[Text=que CharacterOffsetBegin=110 CharacterOffsetEnd=113 PartOfSpeech=SCONJ Lemma=que NamedEntityTag=O]
[Text=en CharacterOffsetBegin=114 CharacterOffsetEnd=116 PartOfSpeech=ADP Lemma=en NamedEntityTag=O]
[Text=ese CharacterOffsetBegin=117 CharacterOffsetEnd=120 PartOfSpeech=DET Lemma=ese NamedEntityTag=O]
[Text=lugar CharacterOffsetBegin=121 CharacterOffsetEnd=126 PartOfSpeech=NOUN Lemma=lugar NamedEntityTag=O]
[Text=estuvieron CharacterOffsetBegin=127 CharacterOffsetEnd=137 PartOfSpeech=AUX Lemma=estuvieron NamedEntityTag=O]
[Text=dos CharacterOffsetBegin=138 CharacterOffsetEnd=141 PartOfSpeech=NUM Lemma=dos NamedEntityTag=NUMBER]
[Text=días CharacterOffsetBegin=142 CharacterOffsetEnd=146 PartOfSpeech=NOUN Lemma=días NamedEntityTag=O]
[Text=, CharacterOffsetBegin=146 CharacterOffsetEnd=147 PartOfSpeech=PUNCT Lemma=, NamedEntityTag=O]
[Text=al CharacterOffsetBegin=148 CharacterOffsetEnd=150 PartOfSpeech=ADP Lemma=al NamedEntityTag=O]
[Text=término CharacterOffsetBegin=151 CharacterOffsetEnd=158 PartOfSpeech=NOUN Lemma=término NamedEntityTag=O]
[Text=de CharacterOffsetBegin=159 CharacterOffsetEnd=161 PartOfSpeech=ADP Lemma=de NamedEntityTag=O]
[Text=los CharacterOffsetBegin=162 CharacterOffsetEnd=165 PartOfSpeech=DET Lemma=los NamedEntityTag=O]
[Text=cuales CharacterOffsetBegin=166 CharacterOffsetEnd=172 PartOfSpeech=PRON Lemma=cuales NamedEntityTag=O]
[Text=" CharacterOffsetBegin=173 CharacterOffsetEnd=174 PartOfSpeech=PUNCT Lemma=" NamedEntityTag=O]
[Text=MAGGIE CharacterOffsetBegin=174 CharacterOffsetEnd=180 PartOfSpeech=PROPN Lemma=maggie NamedEntityTag=PERSON]
[Text=" CharacterOffsetBegin=180 CharacterOffsetEnd=181 PartOfSpeech=PUNCT Lemma=" NamedEntityTag=O]
[Text=, CharacterOffsetBegin=181 CharacterOffsetEnd=182 PartOfSpeech=PUNCT Lemma=, NamedEntityTag=O]
[Text=según CharacterOffsetBegin=183 CharacterOffsetEnd=188 PartOfSpeech=SCONJ Lemma=según NamedEntityTag=O]
[Text=supo CharacterOffsetBegin=189 CharacterOffsetEnd=193 PartOfSpeech=VERB Lemma=supo NamedEntityTag=O]
[Text=, CharacterOffsetBegin=193 CharacterOffsetEnd=194 PartOfSpeech=PUNCT Lemma=, NamedEntityTag=O]
[Text=por CharacterOffsetBegin=195 CharacterOffsetEnd=198 PartOfSpeech=ADP Lemma=por NamedEntityTag=O]
[Text=instrucciones CharacterOffsetBegin=199 CharacterOffsetEnd=212 PartOfSpeech=NOUN Lemma=instrucciones NamedEntityTag=O]
[Text=de CharacterOffsetBegin=213 CharacterOffsetEnd=215 PartOfSpeech=ADP Lemma=de NamedEntityTag=O]
[Text=ROJO CharacterOffsetBegin=216 CharacterOffsetEnd=220 PartOfSpeech=PROPN Lemma=rojo NamedEntityTag=O]
[Text=CORONADO CharacterOffsetBegin=221 CharacterOffsetEnd=229 PartOfSpeech=PROPN Lemma=coronado NamedEntityTag=O]
[Text=los CharacterOffsetBegin=230 CharacterOffsetEnd=233 PartOfSpeech=DET Lemma=los NamedEntityTag=O]
[Text=transportó CharacterOffsetBegin=234 CharacterOffsetEnd=244 PartOfSpeech=VERB Lemma=transportó NamedEntityTag=O]
[Text=hasta CharacterOffsetBegin=245 CharacterOffsetEnd=250 PartOfSpeech=ADP Lemma=hasta NamedEntityTag=O]
[Text=Chicontepec CharacterOffsetBegin=251 CharacterOffsetEnd=262 PartOfSpeech=PROPN Lemma=chicontepec NamedEntityTag=CITY]
[Text=, CharacterOffsetBegin=262 CharacterOffsetEnd=263 PartOfSpeech=PUNCT Lemma=, NamedEntityTag=O]
[Text=re CharacterOffsetBegin=264 CharacterOffsetEnd=266 PartOfSpeech=NOUN Lemma=re NamedEntityTag=O]
[Text=cordando CharacterOffsetBegin=267 CharacterOffsetEnd=275 PartOfSpeech=VERB Lemma=cordando NamedEntityTag=O]
[Text=que CharacterOffsetBegin=276 CharacterOffsetEnd=279 PartOfSpeech=SCONJ Lemma=que NamedEntityTag=O]
[Text=el CharacterOffsetBegin=280 CharacterOffsetEnd=282 PartOfSpeech=DET Lemma=el NamedEntityTag=O]
[Text=Volkswagen CharacterOffsetBegin=283 CharacterOffsetEnd=293 PartOfSpeech=PROPN Lemma=volkswagen NamedEntityTag=ORGANIZATION]
[Text=de CharacterOffsetBegin=294 CharacterOffsetEnd=296 PartOfSpeech=ADP Lemma=de NamedEntityTag=O]
[Text=" CharacterOffsetBegin=297 CharacterOffsetEnd=298 PartOfSpeech=PUNCT Lemma=" NamedEntityTag=O]
[Text=MAGGIE CharacterOffsetBegin=298 CharacterOffsetEnd=304 PartOfSpeech=PROPN Lemma=maggie NamedEntityTag=PERSON]
[Text=" CharacterOffsetBegin=304 CharacterOffsetEnd=305 PartOfSpeech=PUNCT Lemma=" NamedEntityTag=O]
[Text=, CharacterOffsetBegin=305 CharacterOffsetEnd=306 PartOfSpeech=PUNCT Lemma=, NamedEntityTag=O]
[Text=en CharacterOffsetBegin=307 CharacterOffsetEnd=309 PartOfSpeech=ADP Lemma=en NamedEntityTag=O]
[Text=el CharacterOffsetBegin=310 CharacterOffsetEnd=312 PartOfSpeech=DET Lemma=el NamedEntityTag=O]
[Text=que CharacterOffsetBegin=313 CharacterOffsetEnd=316 PartOfSpeech=PRON Lemma=que NamedEntityTag=O]
[Text=- CharacterOffsetBegin=317 CharacterOffsetEnd=318 PartOfSpeech=PUNCT Lemma=- NamedEntityTag=O]
[Text=viajaron CharacterOffsetBegin=319 CharacterOffsetEnd=327 PartOfSpeech=VERB Lemma=viajaron NamedEntityTag=O]
[Text=hasta CharacterOffsetBegin=328 CharacterOffsetEnd=333 PartOfSpeech=ADP Lemma=hasta NamedEntityTag=O]
[Text=Chicontepec CharacterOffsetBegin=334 CharacterOffsetEnd=345 PartOfSpeech=PROPN Lemma=chicontepec NamedEntityTag=CITY]
[Text=, CharacterOffsetBegin=345 CharacterOffsetEnd=346 PartOfSpeech=PUNCT Lemma=, NamedEntityTag=O]
[Text=Hgo CharacterOffsetBegin=347 CharacterOffsetEnd=350 PartOfSpeech=PROPN Lemma=hgo NamedEntityTag=O]
[Text=. CharacterOffsetBegin=350 CharacterOffsetEnd=351 PartOfSpeech=PUNCT Lemma=. NamedEntityTag=O]

Dependency Parse (enhanced plus plus dependencies):
root(ROOT-0, Exp-1)
nummod(Exp-1, 11-238-75-2)
flat(Exp-1, H-67-3)
flat(Exp-1, L-2-4)
flat(Exp-1, -10-5)
punct(Nacional-7, --6)
conj(Exp-1, Nacional-7)
case(Antropología-9, de-8)
flat(Nacional-7, Antropología-9)
cc(Historia-11, e-10)
conj:e(Exp-1, Historia-11)
case(Chapultepec-13, de-12)
flat(Historia-11, Chapultepec-13)
punct(Exp-1, ;-14)
mark(días-21, que-15)
case(lugar-18, en-16)
det(lugar-18, ese-17)
obl(días-21, lugar-18)
cop(días-21, estuvieron-19)
nummod(días-21, dos-20)
obl(cordando-46, días-21)
punct(cuales-27, ,-22)
case(cuales-27, al-23)
fixed(al-23, término-24)
fixed(al-23, de-25)
det(cuales-27, los-26)
obl(transportó-41, cuales-27)
obl(transportó-41, cuales-27)
punct(MAGGIE-29, "-28)
appos(cuales-27, MAGGIE-29)
punct(MAGGIE-29, "-30)
punct(supo-33, ,-31)
mark(supo-33, según-32)
advcl(transportó-41, supo-33)
punct(supo-33, ,-34)
case(instrucciones-36, por-35)
obl(transportó-41, instrucciones-36)
case(ROJO-38, de-37)
nmod(instrucciones-36, ROJO-38)
flat(ROJO-38, CORONADO-39)
obj(transportó-41, los-40)
acl(días-21, transportó-41)
case(Chicontepec-43, hasta-42)
obl(transportó-41, Chicontepec-43)
punct(días-21, ,-44)
nsubj(cordando-46, re-45)
acl(Exp-1, cordando-46)
advmod(cordando-46, que-47)
det(Volkswagen-49, el-48)
nsubj:pass(que-47, Volkswagen-49)
case(MAGGIE-52, de-50)
punct(MAGGIE-52, "-51)
flat(Volkswagen-49, MAGGIE-52)
punct(MAGGIE-52, "-53)
punct(viajaron-59, ,-54)
case(que-57, en-55)
det(que-57, el-56)
obl(viajaron-59, que-57)
punct(viajaron-59, --58)
acl(Volkswagen-49, viajaron-59)
case(Chicontepec-61, hasta-60)
obl(viajaron-59, Chicontepec-61)
punct(Hgo-63, ,-62)
flat(Chicontepec-61, Hgo-63)
punct(Volkswagen-49, .-64)

Extracted the following NER entity mentions:
Nacional de Antropología	ORGANIZATION	ORGANIZATION:0.859514474508099
Historia de Chapultepec	MISC	MISC:0.5782514226952972
dos	NUMBER	-
MAGGIE	PERSON	PERSON:0.34095238929949023
Chicontepec	CITY	LOCATION:0.9855082594547366
Volkswagen	ORGANIZATION	ORGANIZATION:0.4933440597245322
MAGGIE	PERSON	PERSON:0.5519946979454019
Chicontepec	CITY	LOCATION:0.988288787152627

Sentence #3 (16 tokens):
, le habían robado
la llanta de refacción y de ello le informaron al Lic.

Tokens:
[Text=, CharacterOffsetBegin=351 CharacterOffsetEnd=352 PartOfSpeech=PUNCT Lemma=, NamedEntityTag=O]
[Text=le CharacterOffsetBegin=353 CharacterOffsetEnd=355 PartOfSpeech=PRON Lemma=le NamedEntityTag=O]
[Text=habían CharacterOffsetBegin=356 CharacterOffsetEnd=362 PartOfSpeech=AUX Lemma=habían NamedEntityTag=O]
[Text=robado CharacterOffsetBegin=363 CharacterOffsetEnd=369 PartOfSpeech=VERB Lemma=robado NamedEntityTag=O]
[Text=la CharacterOffsetBegin=370 CharacterOffsetEnd=372 PartOfSpeech=DET Lemma=la NamedEntityTag=O]
[Text=llanta CharacterOffsetBegin=373 CharacterOffsetEnd=379 PartOfSpeech=NOUN Lemma=llanta NamedEntityTag=O]
[Text=de CharacterOffsetBegin=380 CharacterOffsetEnd=382 PartOfSpeech=ADP Lemma=de NamedEntityTag=O]
[Text=refacción CharacterOffsetBegin=383 CharacterOffsetEnd=392 PartOfSpeech=NOUN Lemma=refacción NamedEntityTag=O]
[Text=y CharacterOffsetBegin=393 CharacterOffsetEnd=394 PartOfSpeech=CCONJ Lemma=y NamedEntityTag=O]
[Text=de CharacterOffsetBegin=395 CharacterOffsetEnd=397 PartOfSpeech=ADP Lemma=de NamedEntityTag=O]
[Text=ello CharacterOffsetBegin=398 CharacterOffsetEnd=402 PartOfSpeech=PRON Lemma=ello NamedEntityTag=O]
[Text=le CharacterOffsetBegin=403 CharacterOffsetEnd=405 PartOfSpeech=PRON Lemma=le NamedEntityTag=O]
[Text=informaron CharacterOffsetBegin=406 CharacterOffsetEnd=416 PartOfSpeech=VERB Lemma=informaron NamedEntityTag=O]
[Text=al CharacterOffsetBegin=417 CharacterOffsetEnd=419 PartOfSpeech=ADP Lemma=al NamedEntityTag=O]
[Text=Lic CharacterOffsetBegin=420 CharacterOffsetEnd=423 PartOfSpeech=PROPN Lemma=lic NamedEntityTag=ORGANIZATION]
[Text=. CharacterOffsetBegin=423 CharacterOffsetEnd=424 PartOfSpeech=PUNCT Lemma=. NamedEntityTag=O]

Dependency Parse (enhanced plus plus dependencies):
root(ROOT-0, robado-4)
punct(robado-4, ,-1)
obj(robado-4, le-2)
aux(robado-4, habían-3)
det(llanta-6, la-5)
obj(robado-4, llanta-6)
case(refacción-8, de-7)
nmod(llanta-6, refacción-8)
cc(informaron-13, y-9)
case(ello-11, de-10)
obj(informaron-13, ello-11)
obj(informaron-13, le-12)
nmod(llanta-6, informaron-13)
conj:y(refacción-8, informaron-13)
case(Lic-15, al-14)
obj(informaron-13, Lic-15)
punct(robado-4, .-16)

Extracted the following NER entity mentions:
Lic	ORGANIZATION	ORGANIZATION:0.4693669540022616

Sentence #4 (64 tokens):
JOSE ROJO CORONADO quien les proporcionó la llanta
de refacción y al mismo tiempo les dió instrucciones
en el sentido de que en Chicontepec los estaría espe-
rando un indígena de nombre "SERGIO"; que el viaje lo
iniciaron el 15 o 16 de mayo de 1974 y conforme a las
instrucciones recibidas viajaron el de la voz, "CON

Tokens:
[Text=JOSE CharacterOffsetBegin=425 CharacterOffsetEnd=429 PartOfSpeech=PROPN Lemma=jose NamedEntityTag=O]
[Text=ROJO CharacterOffsetBegin=430 CharacterOffsetEnd=434 PartOfSpeech=PROPN Lemma=rojo NamedEntityTag=O]
[Text=CORONADO CharacterOffsetBegin=435 CharacterOffsetEnd=443 PartOfSpeech=PROPN Lemma=coronado NamedEntityTag=O]
[Text=quien CharacterOffsetBegin=444 CharacterOffsetEnd=449 PartOfSpeech=PRON Lemma=quien NamedEntityTag=O]
[Text=les CharacterOffsetBegin=450 CharacterOffsetEnd=453 PartOfSpeech=PRON Lemma=les NamedEntityTag=O]
[Text=proporcionó CharacterOffsetBegin=454 CharacterOffsetEnd=465 PartOfSpeech=VERB Lemma=proporcionó NamedEntityTag=O]
[Text=la CharacterOffsetBegin=466 CharacterOffsetEnd=468 PartOfSpeech=DET Lemma=la NamedEntityTag=O]
[Text=llanta CharacterOffsetBegin=469 CharacterOffsetEnd=475 PartOfSpeech=NOUN Lemma=llanta NamedEntityTag=O]
[Text=de CharacterOffsetBegin=476 CharacterOffsetEnd=478 PartOfSpeech=ADP Lemma=de NamedEntityTag=O]
[Text=refacción CharacterOffsetBegin=479 CharacterOffsetEnd=488 PartOfSpeech=NOUN Lemma=refacción NamedEntityTag=O]
[Text=y CharacterOffsetBegin=489 CharacterOffsetEnd=490 PartOfSpeech=CCONJ Lemma=y NamedEntityTag=O]
[Text=al CharacterOffsetBegin=491 CharacterOffsetEnd=493 PartOfSpeech=ADP Lemma=al NamedEntityTag=O]
[Text=mismo CharacterOffsetBegin=494 CharacterOffsetEnd=499 PartOfSpeech=DET Lemma=mismo NamedEntityTag=O]
[Text=tiempo CharacterOffsetBegin=500 CharacterOffsetEnd=506 PartOfSpeech=NOUN Lemma=tiempo NamedEntityTag=O]
[Text=les CharacterOffsetBegin=507 CharacterOffsetEnd=510 PartOfSpeech=PRON Lemma=les NamedEntityTag=O]
[Text=dió CharacterOffsetBegin=511 CharacterOffsetEnd=514 PartOfSpeech=VERB Lemma=dió NamedEntityTag=O]
[Text=instrucciones CharacterOffsetBegin=515 CharacterOffsetEnd=528 PartOfSpeech=NOUN Lemma=instrucciones NamedEntityTag=O]
[Text=en CharacterOffsetBegin=529 CharacterOffsetEnd=531 PartOfSpeech=ADP Lemma=en NamedEntityTag=O]
[Text=el CharacterOffsetBegin=532 CharacterOffsetEnd=534 PartOfSpeech=DET Lemma=el NamedEntityTag=O]
[Text=sentido CharacterOffsetBegin=535 CharacterOffsetEnd=542 PartOfSpeech=NOUN Lemma=sentido NamedEntityTag=O]
[Text=de CharacterOffsetBegin=543 CharacterOffsetEnd=545 PartOfSpeech=ADP Lemma=de NamedEntityTag=O]
[Text=que CharacterOffsetBegin=546 CharacterOffsetEnd=549 PartOfSpeech=SCONJ Lemma=que NamedEntityTag=O]
[Text=en CharacterOffsetBegin=550 CharacterOffsetEnd=552 PartOfSpeech=ADP Lemma=en NamedEntityTag=O]
[Text=Chicontepec CharacterOffsetBegin=553 CharacterOffsetEnd=564 PartOfSpeech=PROPN Lemma=chicontepec NamedEntityTag=CITY]
[Text=los CharacterOffsetBegin=565 CharacterOffsetEnd=568 PartOfSpeech=DET Lemma=los NamedEntityTag=O]
[Text=estaría CharacterOffsetBegin=569 CharacterOffsetEnd=576 PartOfSpeech=AUX Lemma=estaría NamedEntityTag=O]
[Text=espe CharacterOffsetBegin=577 CharacterOffsetEnd=581 PartOfSpeech=VERB Lemma=espe NamedEntityTag=O]
[Text=- CharacterOffsetBegin=581 CharacterOffsetEnd=582 PartOfSpeech=PUNCT Lemma=- NamedEntityTag=O]
[Text=rando CharacterOffsetBegin=583 CharacterOffsetEnd=588 PartOfSpeech=VERB Lemma=rando NamedEntityTag=O]
[Text=un CharacterOffsetBegin=589 CharacterOffsetEnd=591 PartOfSpeech=DET Lemma=un NamedEntityTag=O]
[Text=indígena CharacterOffsetBegin=592 CharacterOffsetEnd=600 PartOfSpeech=NOUN Lemma=indígena NamedEntityTag=O]
[Text=de CharacterOffsetBegin=601 CharacterOffsetEnd=603 PartOfSpeech=ADP Lemma=de NamedEntityTag=O]
[Text=nombre CharacterOffsetBegin=604 CharacterOffsetEnd=610 PartOfSpeech=NOUN Lemma=nombre NamedEntityTag=O]
[Text=" CharacterOffsetBegin=611 CharacterOffsetEnd=612 PartOfSpeech=PUNCT Lemma=" NamedEntityTag=O]
[Text=SERGIO CharacterOffsetBegin=612 CharacterOffsetEnd=618 PartOfSpeech=PROPN Lemma=sergio NamedEntityTag=MISC]
[Text=" CharacterOffsetBegin=618 CharacterOffsetEnd=619 PartOfSpeech=PUNCT Lemma=" NamedEntityTag=O]
[Text=; CharacterOffsetBegin=619 CharacterOffsetEnd=620 PartOfSpeech=PUNCT Lemma=; NamedEntityTag=O]
[Text=que CharacterOffsetBegin=621 CharacterOffsetEnd=624 PartOfSpeech=SCONJ Lemma=que NamedEntityTag=O]
[Text=el CharacterOffsetBegin=625 CharacterOffsetEnd=627 PartOfSpeech=DET Lemma=el NamedEntityTag=O]
[Text=viaje CharacterOffsetBegin=628 CharacterOffsetEnd=633 PartOfSpeech=NOUN Lemma=viaje NamedEntityTag=O]
[Text=lo CharacterOffsetBegin=634 CharacterOffsetEnd=636 PartOfSpeech=PRON Lemma=lo NamedEntityTag=O]
[Text=iniciaron CharacterOffsetBegin=637 CharacterOffsetEnd=646 PartOfSpeech=VERB Lemma=iniciaron NamedEntityTag=O]
[Text=el CharacterOffsetBegin=647 CharacterOffsetEnd=649 PartOfSpeech=DET Lemma=el NamedEntityTag=O]
[Text=15 CharacterOffsetBegin=650 CharacterOffsetEnd=652 PartOfSpeech=NUM Lemma=15 NamedEntityTag=NUMBER NormalizedNamedEntityTag=15.0]
[Text=o CharacterOffsetBegin=653 CharacterOffsetEnd=654 PartOfSpeech=CCONJ Lemma=o NamedEntityTag=O]
[Text=16 CharacterOffsetBegin=655 CharacterOffsetEnd=657 PartOfSpeech=NUM Lemma=16 NamedEntityTag=DATE NormalizedNamedEntityTag=1974-05-16 Timex=<TIMEX3 tid="t1" type="DATE" value="1974-05-16">16 de mayo de 1974</TIMEX3>]
[Text=de CharacterOffsetBegin=658 CharacterOffsetEnd=660 PartOfSpeech=ADP Lemma=de NamedEntityTag=DATE NormalizedNamedEntityTag=1974-05-16 Timex=<TIMEX3 tid="t1" type="DATE" value="1974-05-16">16 de mayo de 1974</TIMEX3>]
[Text=mayo CharacterOffsetBegin=661 CharacterOffsetEnd=665 PartOfSpeech=NOUN Lemma=mayo NamedEntityTag=DATE NormalizedNamedEntityTag=1974-05-16 Timex=<TIMEX3 tid="t1" type="DATE" value="1974-05-16">16 de mayo de 1974</TIMEX3>]
[Text=de CharacterOffsetBegin=666 CharacterOffsetEnd=668 PartOfSpeech=ADP Lemma=de NamedEntityTag=DATE NormalizedNamedEntityTag=1974-05-16 Timex=<TIMEX3 tid="t1" type="DATE" value="1974-05-16">16 de mayo de 1974</TIMEX3>]
[Text=1974 CharacterOffsetBegin=669 CharacterOffsetEnd=673 PartOfSpeech=NOUN Lemma=1974 NamedEntityTag=DATE NormalizedNamedEntityTag=1974-05-16 Timex=<TIMEX3 tid="t1" type="DATE" value="1974-05-16">16 de mayo de 1974</TIMEX3>]
[Text=y CharacterOffsetBegin=674 CharacterOffsetEnd=675 PartOfSpeech=CCONJ Lemma=y NamedEntityTag=O]
[Text=conforme CharacterOffsetBegin=676 CharacterOffsetEnd=684 PartOfSpeech=NOUN Lemma=conforme NamedEntityTag=O]
[Text=a CharacterOffsetBegin=685 CharacterOffsetEnd=686 PartOfSpeech=ADP Lemma=a NamedEntityTag=O]
[Text=las CharacterOffsetBegin=687 CharacterOffsetEnd=690 PartOfSpeech=DET Lemma=las NamedEntityTag=O]
[Text=instrucciones CharacterOffsetBegin=691 CharacterOffsetEnd=704 PartOfSpeech=NOUN Lemma=instrucciones NamedEntityTag=O]
[Text=recibidas CharacterOffsetBegin=705 CharacterOffsetEnd=714 PartOfSpeech=ADJ Lemma=recibidas NamedEntityTag=O]
[Text=viajaron CharacterOffsetBegin=715 CharacterOffsetEnd=723 PartOfSpeech=VERB Lemma=viajaron NamedEntityTag=O]
[Text=el CharacterOffsetBegin=724 CharacterOffsetEnd=726 PartOfSpeech=DET Lemma=el NamedEntityTag=O]
[Text=de CharacterOffsetBegin=727 CharacterOffsetEnd=729 PartOfSpeech=ADP Lemma=de NamedEntityTag=O]
[Text=la CharacterOffsetBegin=730 CharacterOffsetEnd=732 PartOfSpeech=DET Lemma=la NamedEntityTag=O]
[Text=voz CharacterOffsetBegin=733 CharacterOffsetEnd=736 PartOfSpeech=NOUN Lemma=voz NamedEntityTag=O]
[Text=, CharacterOffsetBegin=736 CharacterOffsetEnd=737 PartOfSpeech=PUNCT Lemma=, NamedEntityTag=O]
[Text=" CharacterOffsetBegin=738 CharacterOffsetEnd=739 PartOfSpeech=PUNCT Lemma=" NamedEntityTag=O]
[Text=CON CharacterOffsetBegin=739 CharacterOffsetEnd=742 PartOfSpeech=ADP Lemma=con NamedEntityTag=O]

Dependency Parse (enhanced plus plus dependencies):
root(ROOT-0, rando-29)
nsubj(rando-29, JOSE-1)
flat(JOSE-1, ROJO-2)
flat(JOSE-1, CORONADO-3)
nsubj(proporcionó-6, quien-4)
obj(proporcionó-6, les-5)
acl(JOSE-1, proporcionó-6)
det(llanta-8, la-7)
obj(proporcionó-6, llanta-8)
case(refacción-10, de-9)
nmod(llanta-8, refacción-10)
cc(dió-16, y-11)
advmod(dió-16, al-12)
fixed(al-12, mismo-13)
fixed(al-12, tiempo-14)
obj(dió-16, les-15)
conj:y(JOSE-1, dió-16)
nsubj(rando-29, dió-16)
obj(dió-16, instrucciones-17)
case(sentido-20, en-18)
det(sentido-20, el-19)
obl(dió-16, sentido-20)
mark(espe-27, de-21)
mark(espe-27, que-22)
case(Chicontepec-24, en-23)
obl(espe-27, Chicontepec-24)
obj(espe-27, los-25)
aux(espe-27, estaría-26)
acl(sentido-20, espe-27)
punct(JOSE-1, --28)
det(indígena-31, un-30)
obj(rando-29, indígena-31)
case(nombre-33, de-32)
nmod(indígena-31, nombre-33)
punct(SERGIO-35, "-34)
appos(indígena-31, SERGIO-35)
punct(SERGIO-35, "-36)
punct(rando-29, ;-37)
mark(iniciaron-42, que-38)
det(viaje-40, el-39)
iobj(iniciaron-42, viaje-40)
obj(iniciaron-42, lo-41)
parataxis(CON-64, iniciaron-42)
det(15-44, el-43)
nsubj(iniciaron-42, 15-44)
cc(16-46, o-45)
nsubj(iniciaron-42, 16-46)
conj:o(15-44, 16-46)
case(mayo-48, de-47)
compound(16-46, mayo-48)
case(1974-50, de-49)
nmod(15-44, 1974-50)
cc(conforme-52, y-51)
nsubj(iniciaron-42, conforme-52)
conj:y(15-44, conforme-52)
case(instrucciones-55, a-53)
det(instrucciones-55, las-54)
nmod(conforme-52, instrucciones-55)
amod(instrucciones-55, recibidas-56)
advcl(iniciaron-42, viajaron-57)
det(viajaron-57, el-58)
case(el-58, de-59)
det(voz-61, la-60)
obj(el-58, voz-61)
punct(CON-64, ,-62)
punct(CON-64, "-63)
cc(rando-29, CON-64)

Extracted the following NER entity mentions:
Chicontepec	CITY	LOCATION:0.9995467655751488
SERGIO	MISC	MISC:0.5025308390446198
15	NUMBER	NUMBER:-1.0
16 de mayo de 1974	DATE	DATE:-1.0
