Document: ID=file_413.txt (12 sentences, 150 tokens)

Sentence #1 (5 tokens):
BRIGADA CAMPESINA DE AJUSTICIAMIENTO.

Tokens:
[Text=BRIGADA CharacterOffsetBegin=0 CharacterOffsetEnd=7 PartOfSpeech=NOUN Lemma=brigada NamedEntityTag=O]
[Text=CAMPESINA CharacterOffsetBegin=8 CharacterOffsetEnd=17 PartOfSpeech=ADJ Lemma=campesina NamedEntityTag=O]
[Text=DE CharacterOffsetBegin=18 CharacterOffsetEnd=20 PartOfSpeech=ADP Lemma=de NamedEntityTag=O]
[Text=AJUSTICIAMIENTO CharacterOffsetBegin=21 CharacterOffsetEnd=36 PartOfSpeech=PROPN Lemma=ajusticiamiento NamedEntityTag=O]
[Text=. CharacterOffsetBegin=36 CharacterOffsetEnd=37 PartOfSpeech=PUNCT Lemma=. NamedEntityTag=O]

Dependency Parse (enhanced plus plus dependencies):
root(ROOT-0, BRIGADA-1)
amod(BRIGADA-1, CAMPESINA-2)
case(AJUSTICIAMIENTO-4, DE-3)
nmod(BRIGADA-1, AJUSTICIAMIENTO-4)
punct(BRIGADA-1, .-5)

Extracted the following NER entity mentions:

Sentence #2 (38 tokens):
Exp-100-10-16-4-74
H-1 L-9
29
se ne aron a firmar de conformidad, argumentando que rec
rrirán al amparo y la revisión de su causa toda vez que
no estaban de acuerdo con las sentencias correspondien-
tes.

Tokens:
[Text=Exp-100-10-16-4-74 CharacterOffsetBegin=37 CharacterOffsetEnd=55 PartOfSpeech=ADP Lemma=exp-100-10-16-4-74 NamedEntityTag=O]
[Text=H-1 CharacterOffsetBegin=56 CharacterOffsetEnd=59 PartOfSpeech=NUM Lemma=h-1 NamedEntityTag=O]
[Text=L-9 CharacterOffsetBegin=60 CharacterOffsetEnd=63 PartOfSpeech=NUM Lemma=l-9 NamedEntityTag=O]
[Text=29 CharacterOffsetBegin=64 CharacterOffsetEnd=66 PartOfSpeech=NUM Lemma=29 NamedEntityTag=NUMBER NormalizedNamedEntityTag=29.0]
[Text=se CharacterOffsetBegin=67 CharacterOffsetEnd=69 PartOfSpeech=PRON Lemma=se NamedEntityTag=O]
[Text=ne CharacterOffsetBegin=70 CharacterOffsetEnd=72 PartOfSpeech=VERB Lemma=ne NamedEntityTag=O]
[Text=aron CharacterOffsetBegin=73 CharacterOffsetEnd=77 PartOfSpeech=VERB Lemma=aron NamedEntityTag=O]
[Text=a CharacterOffsetBegin=78 CharacterOffsetEnd=79 PartOfSpeech=ADP Lemma=a NamedEntityTag=O]
[Text=firmar CharacterOffsetBegin=80 CharacterOffsetEnd=86 PartOfSpeech=VERB Lemma=firmar NamedEntityTag=O]
[Text=de CharacterOffsetBegin=87 CharacterOffsetEnd=89 PartOfSpeech=ADP Lemma=de NamedEntityTag=O]
[Text=conformidad CharacterOffsetBegin=90 CharacterOffsetEnd=101 PartOfSpeech=NOUN Lemma=conformidad NamedEntityTag=O]
[Text=, CharacterOffsetBegin=101 CharacterOffsetEnd=102 PartOfSpeech=PUNCT Lemma=, NamedEntityTag=O]
[Text=argumentando CharacterOffsetBegin=103 CharacterOffsetEnd=115 PartOfSpeech=AUX Lemma=argumentando NamedEntityTag=O]
[Text=que CharacterOffsetBegin=116 CharacterOffsetEnd=119 PartOfSpeech=SCONJ Lemma=que NamedEntityTag=O]
[Text=rec CharacterOffsetBegin=120 CharacterOffsetEnd=123 PartOfSpeech=VERB Lemma=rec NamedEntityTag=O]
[Text=rrirán CharacterOffsetBegin=124 CharacterOffsetEnd=130 PartOfSpeech=NOUN Lemma=rrirán NamedEntityTag=O]
[Text=al CharacterOffsetBegin=131 CharacterOffsetEnd=133 PartOfSpeech=ADP Lemma=al NamedEntityTag=O]
[Text=amparo CharacterOffsetBegin=134 CharacterOffsetEnd=140 PartOfSpeech=NOUN Lemma=amparo NamedEntityTag=O]
[Text=y CharacterOffsetBegin=141 CharacterOffsetEnd=142 PartOfSpeech=CCONJ Lemma=y NamedEntityTag=O]
[Text=la CharacterOffsetBegin=143 CharacterOffsetEnd=145 PartOfSpeech=DET Lemma=la NamedEntityTag=O]
[Text=revisión CharacterOffsetBegin=146 CharacterOffsetEnd=154 PartOfSpeech=NOUN Lemma=revisión NamedEntityTag=O]
[Text=de CharacterOffsetBegin=155 CharacterOffsetEnd=157 PartOfSpeech=ADP Lemma=de NamedEntityTag=O]
[Text=su CharacterOffsetBegin=158 CharacterOffsetEnd=160 PartOfSpeech=DET Lemma=su NamedEntityTag=O]
[Text=causa CharacterOffsetBegin=161 CharacterOffsetEnd=166 PartOfSpeech=NOUN Lemma=causa NamedEntityTag=O]
[Text=toda CharacterOffsetBegin=167 CharacterOffsetEnd=171 PartOfSpeech=DET Lemma=toda NamedEntityTag=O]
[Text=vez CharacterOffsetBegin=172 CharacterOffsetEnd=175 PartOfSpeech=NOUN Lemma=vez NamedEntityTag=O]
[Text=que CharacterOffsetBegin=176 CharacterOffsetEnd=179 PartOfSpeech=SCONJ Lemma=que NamedEntityTag=O]
[Text=no CharacterOffsetBegin=180 CharacterOffsetEnd=182 PartOfSpeech=ADV Lemma=no NamedEntityTag=O]
[Text=estaban CharacterOffsetBegin=183 CharacterOffsetEnd=190 PartOfSpeech=AUX Lemma=estaban NamedEntityTag=O]
[Text=de CharacterOffsetBegin=191 CharacterOffsetEnd=193 PartOfSpeech=ADP Lemma=de NamedEntityTag=O]
[Text=acuerdo CharacterOffsetBegin=194 CharacterOffsetEnd=201 PartOfSpeech=NOUN Lemma=acuerdo NamedEntityTag=O]
[Text=con CharacterOffsetBegin=202 CharacterOffsetEnd=205 PartOfSpeech=ADP Lemma=con NamedEntityTag=O]
[Text=las CharacterOffsetBegin=206 CharacterOffsetEnd=209 PartOfSpeech=DET Lemma=las NamedEntityTag=O]
[Text=sentencias CharacterOffsetBegin=210 CharacterOffsetEnd=220 PartOfSpeech=NOUN Lemma=sentencias NamedEntityTag=O]
[Text=correspondien CharacterOffsetBegin=221 CharacterOffsetEnd=234 PartOfSpeech=VERB Lemma=correspondien NamedEntityTag=O]
[Text=- CharacterOffsetBegin=234 CharacterOffsetEnd=235 PartOfSpeech=PUNCT Lemma=- NamedEntityTag=O]
[Text=tes CharacterOffsetBegin=236 CharacterOffsetEnd=239 PartOfSpeech=NOUN Lemma=tes NamedEntityTag=O]
[Text=. CharacterOffsetBegin=239 CharacterOffsetEnd=240 PartOfSpeech=PUNCT Lemma=. NamedEntityTag=O]

Dependency Parse (enhanced plus plus dependencies):
root(ROOT-0, ne-6)
case(H-1-2, Exp-100-10-16-4-74-1)
obl(ne-6, H-1-2)
compound(H-1-2, L-9-3)
compound(H-1-2, 29-4)
obj(ne-6, se-5)
csubj(ne-6, aron-7)
mark(firmar-9, a-8)
xcomp(aron-7, firmar-9)
case(conformidad-11, de-10)
obj(firmar-9, conformidad-11)
punct(ne-6, ,-12)
aux(rec-15, argumentando-13)
mark(rec-15, que-14)
advcl(ne-6, rec-15)
obj(rec-15, rrirán-16)
case(amparo-18, al-17)
obl(rec-15, amparo-18)
cc(revisión-21, y-19)
det(revisión-21, la-20)
obl(rec-15, revisión-21)
conj:y(amparo-18, revisión-21)
case(causa-24, de-22)
det(causa-24, su-23)
nmod(revisión-21, causa-24)
det(vez-26, toda-25)
obl(rec-15, vez-26)
mark(sentencias-34, que-27)
advmod(sentencias-34, no-28)
cop(sentencias-34, estaban-29)
case(sentencias-34, de-30)
fixed(de-30, acuerdo-31)
fixed(de-30, con-32)
det(sentencias-34, las-33)
acl(vez-26, sentencias-34)
acl(vez-26, sentencias-34)
amod(sentencias-34, correspondien-35)
punct(sentencias-34, --36)
nmod(sentencias-34, tes-37)
punct(ne-6, .-38)

Extracted the following NER entity mentions:
29	NUMBER	NUMBER:-1.0

Sentence #3 (2 tokens):
FOLIO.

Tokens:
[Text=FOLIO CharacterOffsetBegin=240 CharacterOffsetEnd=245 PartOfSpeech=PROPN Lemma=folio NamedEntityTag=O]
[Text=. CharacterOffsetBegin=245 CharacterOffsetEnd=246 PartOfSpeech=PUNCT Lemma=. NamedEntityTag=O]

Dependency Parse (enhanced plus plus dependencies):
root(ROOT-0, FOLIO-1)
punct(FOLIO-1, .-2)

Extracted the following NER entity mentions:

Sentence #4 (2 tokens):
-3.

Tokens:
[Text=-3 CharacterOffsetBegin=246 CharacterOffsetEnd=248 PartOfSpeech=NUM Lemma=-3 NamedEntityTag=NUMBER NormalizedNamedEntityTag=-3.0]
[Text=. CharacterOffsetBegin=248 CharacterOffsetEnd=249 PartOfSpeech=PUNCT Lemma=. NamedEntityTag=O]

Dependency Parse (enhanced plus plus dependencies):
root(ROOT-0, -3-1)
punct(-3-1, .-2)

Extracted the following NER entity mentions:
-3	NUMBER	NUMBER:-1.0

Sentence #5 (5 tokens):
-ATOYAC DE ALVAREZ.

Tokens:
[Text=- CharacterOffsetBegin=249 CharacterOffsetEnd=250 PartOfSpeech=PUNCT Lemma=- NamedEntityTag=O]
[Text=ATOYAC CharacterOffsetBegin=250 CharacterOffsetEnd=256 PartOfSpeech=PROPN Lemma=atoyac NamedEntityTag=O]
[Text=DE CharacterOffsetBegin=257 CharacterOffsetEnd=259 PartOfSpeech=ADP Lemma=de NamedEntityTag=O]
[Text=ALVAREZ CharacterOffsetBegin=260 CharacterOffsetEnd=267 PartOfSpeech=PROPN Lemma=alvarez NamedEntityTag=PERSON]
[Text=. CharacterOffsetBegin=267 CharacterOffsetEnd=268 PartOfSpeech=PUNCT Lemma=. NamedEntityTag=O]

Dependency Parse (enhanced plus plus dependencies):
root(ROOT-0, ATOYAC-2)
punct(ATOYAC-2, --1)
case(ALVAREZ-4, DE-3)
flat(ATOYAC-2, ALVAREZ-4)
punct(ATOYAC-2, .-5)

Extracted the following NER entity mentions:
ALVAREZ	PERSON	PERSON:0.6596664482281078

Sentence #6 (46 tokens):
----Se tiene conocimien
to que el 15 actual, porlanoche, se llevó al cabo una ac
ción militar en un lugar desconocido de la sierra, en el
que perdió la vida el Soldado Alberto Ceferino Rosas,
perteneciente al 27/°.

Tokens:
[Text=---- CharacterOffsetBegin=268 CharacterOffsetEnd=272 PartOfSpeech=SYM Lemma=---- NamedEntityTag=O]
[Text=Se CharacterOffsetBegin=272 CharacterOffsetEnd=274 PartOfSpeech=PRON Lemma=se NamedEntityTag=O]
[Text=tiene CharacterOffsetBegin=275 CharacterOffsetEnd=280 PartOfSpeech=VERB Lemma=tiene NamedEntityTag=O]
[Text=conocimien CharacterOffsetBegin=281 CharacterOffsetEnd=291 PartOfSpeech=PROPN Lemma=conocimien NamedEntityTag=O]
[Text=to CharacterOffsetBegin=292 CharacterOffsetEnd=294 PartOfSpeech=PROPN Lemma=to NamedEntityTag=O]
[Text=que CharacterOffsetBegin=295 CharacterOffsetEnd=298 PartOfSpeech=PRON Lemma=que NamedEntityTag=O]
[Text=el CharacterOffsetBegin=299 CharacterOffsetEnd=301 PartOfSpeech=DET Lemma=el NamedEntityTag=O]
[Text=15 CharacterOffsetBegin=302 CharacterOffsetEnd=304 PartOfSpeech=NUM Lemma=15 NamedEntityTag=NUMBER NormalizedNamedEntityTag=15.0]
[Text=actual CharacterOffsetBegin=305 CharacterOffsetEnd=311 PartOfSpeech=ADJ Lemma=actual NamedEntityTag=O]
[Text=, CharacterOffsetBegin=311 CharacterOffsetEnd=312 PartOfSpeech=PUNCT Lemma=, NamedEntityTag=O]
[Text=porlanoche CharacterOffsetBegin=313 CharacterOffsetEnd=323 PartOfSpeech=NOUN Lemma=porlanoche NamedEntityTag=O]
[Text=, CharacterOffsetBegin=323 CharacterOffsetEnd=324 PartOfSpeech=PUNCT Lemma=, NamedEntityTag=O]
[Text=se CharacterOffsetBegin=325 CharacterOffsetEnd=327 PartOfSpeech=PRON Lemma=se NamedEntityTag=O]
[Text=llevó CharacterOffsetBegin=328 CharacterOffsetEnd=333 PartOfSpeech=VERB Lemma=llevó NamedEntityTag=O]
[Text=al CharacterOffsetBegin=334 CharacterOffsetEnd=336 PartOfSpeech=ADP Lemma=al NamedEntityTag=O]
[Text=cabo CharacterOffsetBegin=337 CharacterOffsetEnd=341 PartOfSpeech=NOUN Lemma=cabo NamedEntityTag=O]
[Text=una CharacterOffsetBegin=342 CharacterOffsetEnd=345 PartOfSpeech=DET Lemma=una NamedEntityTag=O]
[Text=ac CharacterOffsetBegin=346 CharacterOffsetEnd=348 PartOfSpeech=NOUN Lemma=ac NamedEntityTag=O]
[Text=ción CharacterOffsetBegin=349 CharacterOffsetEnd=353 PartOfSpeech=NOUN Lemma=ción NamedEntityTag=O]
[Text=militar CharacterOffsetBegin=354 CharacterOffsetEnd=361 PartOfSpeech=ADJ Lemma=militar NamedEntityTag=O]
[Text=en CharacterOffsetBegin=362 CharacterOffsetEnd=364 PartOfSpeech=ADP Lemma=en NamedEntityTag=O]
[Text=un CharacterOffsetBegin=365 CharacterOffsetEnd=367 PartOfSpeech=DET Lemma=un NamedEntityTag=O]
[Text=lugar CharacterOffsetBegin=368 CharacterOffsetEnd=373 PartOfSpeech=NOUN Lemma=lugar NamedEntityTag=O]
[Text=desconocido CharacterOffsetBegin=374 CharacterOffsetEnd=385 PartOfSpeech=ADJ Lemma=desconocido NamedEntityTag=O]
[Text=de CharacterOffsetBegin=386 CharacterOffsetEnd=388 PartOfSpeech=ADP Lemma=de NamedEntityTag=O]
[Text=la CharacterOffsetBegin=389 CharacterOffsetEnd=391 PartOfSpeech=DET Lemma=la NamedEntityTag=O]
[Text=sierra CharacterOffsetBegin=392 CharacterOffsetEnd=398 PartOfSpeech=NOUN Lemma=sierra NamedEntityTag=O]
[Text=, CharacterOffsetBegin=398 CharacterOffsetEnd=399 PartOfSpeech=PUNCT Lemma=, NamedEntityTag=O]
[Text=en CharacterOffsetBegin=400 CharacterOffsetEnd=402 PartOfSpeech=ADP Lemma=en NamedEntityTag=O]
[Text=el CharacterOffsetBegin=403 CharacterOffsetEnd=405 PartOfSpeech=DET Lemma=el NamedEntityTag=O]
[Text=que CharacterOffsetBegin=406 CharacterOffsetEnd=409 PartOfSpeech=PRON Lemma=que NamedEntityTag=O]
[Text=perdió CharacterOffsetBegin=410 CharacterOffsetEnd=416 PartOfSpeech=VERB Lemma=perdió NamedEntityTag=O]
[Text=la CharacterOffsetBegin=417 CharacterOffsetEnd=419 PartOfSpeech=DET Lemma=la NamedEntityTag=O]
[Text=vida CharacterOffsetBegin=420 CharacterOffsetEnd=424 PartOfSpeech=NOUN Lemma=vida NamedEntityTag=O]
[Text=el CharacterOffsetBegin=425 CharacterOffsetEnd=427 PartOfSpeech=DET Lemma=el NamedEntityTag=O]
[Text=Soldado CharacterOffsetBegin=428 CharacterOffsetEnd=435 PartOfSpeech=NOUN Lemma=soldado NamedEntityTag=ORGANIZATION]
[Text=Alberto CharacterOffsetBegin=436 CharacterOffsetEnd=443 PartOfSpeech=PROPN Lemma=alberto NamedEntityTag=PERSON]
[Text=Ceferino CharacterOffsetBegin=444 CharacterOffsetEnd=452 PartOfSpeech=PROPN Lemma=ceferino NamedEntityTag=PERSON]
[Text=Rosas CharacterOffsetBegin=453 CharacterOffsetEnd=458 PartOfSpeech=PROPN Lemma=rosas NamedEntityTag=PERSON]
[Text=, CharacterOffsetBegin=458 CharacterOffsetEnd=459 PartOfSpeech=PUNCT Lemma=, NamedEntityTag=O]
[Text=perteneciente CharacterOffsetBegin=460 CharacterOffsetEnd=473 PartOfSpeech=ADJ Lemma=perteneciente NamedEntityTag=O]
[Text=al CharacterOffsetBegin=474 CharacterOffsetEnd=476 PartOfSpeech=ADP Lemma=al NamedEntityTag=O]
[Text=27 CharacterOffsetBegin=477 CharacterOffsetEnd=479 PartOfSpeech=NUM Lemma=27 NamedEntityTag=NUMBER NormalizedNamedEntityTag=27.0]
[Text=/ CharacterOffsetBegin=479 CharacterOffsetEnd=480 PartOfSpeech=PUNCT Lemma=/ NamedEntityTag=O]
[Text=° CharacterOffsetBegin=480 CharacterOffsetEnd=481 PartOfSpeech=INTJ Lemma=° NamedEntityTag=O]
[Text=. CharacterOffsetBegin=481 CharacterOffsetEnd=482 PartOfSpeech=PUNCT Lemma=. NamedEntityTag=O]

Dependency Parse (enhanced plus plus dependencies):
root(ROOT-0, tiene-3)
advmod(tiene-3, -----1)
obj(tiene-3, Se-2)
nsubj(tiene-3, conocimien-4)
flat(conocimien-4, to-5)
obj(llevó-14, que-6)
det(15-8, el-7)
nsubj(llevó-14, 15-8)
amod(15-8, actual-9)
punct(porlanoche-11, ,-10)
appos(15-8, porlanoche-11)
punct(porlanoche-11, ,-12)
obj(llevó-14, se-13)
acl(conocimien-4, llevó-14)
case(cabo-16, al-15)
compound(llevó-14, cabo-16)
det(ac-18, una-17)
obj(llevó-14, ac-18)
appos(ac-18, ción-19)
amod(ción-19, militar-20)
case(lugar-23, en-21)
det(lugar-23, un-22)
obl(llevó-14, lugar-23)
amod(lugar-23, desconocido-24)
case(sierra-27, de-25)
det(sierra-27, la-26)
nmod(lugar-23, sierra-27)
punct(perdió-32, ,-28)
case(que-31, en-29)
det(que-31, el-30)
obl(perdió-32, que-31)
acl(lugar-23, perdió-32)
det(vida-34, la-33)
obj(perdió-32, vida-34)
det(Soldado-36, el-35)
nsubj(perdió-32, Soldado-36)
appos(Soldado-36, Alberto-37)
flat(Alberto-37, Ceferino-38)
flat(Alberto-37, Rosas-39)
punct(perteneciente-41, ,-40)
amod(Soldado-36, perteneciente-41)
case(27-43, al-42)
nummod(perteneciente-41, 27-43)
punct(27-43, /-44)
appos(27-43, °-45)
punct(tiene-3, .-46)

Extracted the following NER entity mentions:
15	NUMBER	NUMBER:-1.0
Soldado	ORGANIZATION	ORGANIZATION:0.4764125756412612
Alberto Ceferino Rosas	PERSON	PERSON:0.9460594976698778
27	NUMBER	NUMBER:-1.0

Sentence #7 (2 tokens):
Btn.

Tokens:
[Text=Btn CharacterOffsetBegin=482 CharacterOffsetEnd=485 PartOfSpeech=PROPN Lemma=btn NamedEntityTag=O]
[Text=. CharacterOffsetBegin=485 CharacterOffsetEnd=486 PartOfSpeech=PUNCT Lemma=. NamedEntityTag=O]

Dependency Parse (enhanced plus plus dependencies):
root(ROOT-0, Btn-1)
punct(Btn-1, .-2)

Extracted the following NER entity mentions:

Sentence #8 (3 tokens):
de Inf.

Tokens:
[Text=de CharacterOffsetBegin=486 CharacterOffsetEnd=488 PartOfSpeech=ADP Lemma=de NamedEntityTag=O]
[Text=Inf CharacterOffsetBegin=489 CharacterOffsetEnd=492 PartOfSpeech=PROPN Lemma=inf NamedEntityTag=PERSON]
[Text=. CharacterOffsetBegin=492 CharacterOffsetEnd=493 PartOfSpeech=PUNCT Lemma=. NamedEntityTag=O]

Dependency Parse (enhanced plus plus dependencies):
root(ROOT-0, Inf-2)
case(Inf-2, de-1)
punct(Inf-2, .-3)

Extracted the following NER entity mentions:
Inf	PERSON	PERSON:0.3802651704840554

Sentence #9 (23 tokens):
y resultó herido un --
Cabo de quien e ignora su nombre, mismo que fue trasla
ado a Chilpancingo, Gro.

Tokens:
[Text=y CharacterOffsetBegin=494 CharacterOffsetEnd=495 PartOfSpeech=CCONJ Lemma=y NamedEntityTag=O]
[Text=resultó CharacterOffsetBegin=496 CharacterOffsetEnd=503 PartOfSpeech=VERB Lemma=resultó NamedEntityTag=O]
[Text=herido CharacterOffsetBegin=504 CharacterOffsetEnd=510 PartOfSpeech=ADJ Lemma=herido NamedEntityTag=O]
[Text=un CharacterOffsetBegin=511 CharacterOffsetEnd=513 PartOfSpeech=DET Lemma=un NamedEntityTag=O]
[Text=-- CharacterOffsetBegin=514 CharacterOffsetEnd=516 PartOfSpeech=PROPN Lemma=-- NamedEntityTag=O]
[Text=Cabo CharacterOffsetBegin=517 CharacterOffsetEnd=521 PartOfSpeech=PROPN Lemma=cabo NamedEntityTag=O]
[Text=de CharacterOffsetBegin=522 CharacterOffsetEnd=524 PartOfSpeech=ADP Lemma=de NamedEntityTag=O]
[Text=quien CharacterOffsetBegin=525 CharacterOffsetEnd=530 PartOfSpeech=PRON Lemma=quien NamedEntityTag=O]
[Text=e CharacterOffsetBegin=531 CharacterOffsetEnd=532 PartOfSpeech=CCONJ Lemma=e NamedEntityTag=O]
[Text=ignora CharacterOffsetBegin=533 CharacterOffsetEnd=539 PartOfSpeech=VERB Lemma=ignora NamedEntityTag=O]
[Text=su CharacterOffsetBegin=540 CharacterOffsetEnd=542 PartOfSpeech=DET Lemma=su NamedEntityTag=O]
[Text=nombre CharacterOffsetBegin=543 CharacterOffsetEnd=549 PartOfSpeech=NOUN Lemma=nombre NamedEntityTag=O]
[Text=, CharacterOffsetBegin=549 CharacterOffsetEnd=550 PartOfSpeech=PUNCT Lemma=, NamedEntityTag=O]
[Text=mismo CharacterOffsetBegin=551 CharacterOffsetEnd=556 PartOfSpeech=DET Lemma=mismo NamedEntityTag=O]
[Text=que CharacterOffsetBegin=557 CharacterOffsetEnd=560 PartOfSpeech=PRON Lemma=que NamedEntityTag=O]
[Text=fue CharacterOffsetBegin=561 CharacterOffsetEnd=564 PartOfSpeech=AUX Lemma=fue NamedEntityTag=O]
[Text=trasla CharacterOffsetBegin=565 CharacterOffsetEnd=571 PartOfSpeech=VERB Lemma=trasla NamedEntityTag=O]
[Text=ado CharacterOffsetBegin=572 CharacterOffsetEnd=575 PartOfSpeech=SCONJ Lemma=ado NamedEntityTag=O]
[Text=a CharacterOffsetBegin=576 CharacterOffsetEnd=577 PartOfSpeech=ADP Lemma=a NamedEntityTag=O]
[Text=Chilpancingo CharacterOffsetBegin=578 CharacterOffsetEnd=590 PartOfSpeech=PROPN Lemma=chilpancingo NamedEntityTag=CITY]
[Text=, CharacterOffsetBegin=590 CharacterOffsetEnd=591 PartOfSpeech=PUNCT Lemma=, NamedEntityTag=O]
[Text=Gro CharacterOffsetBegin=592 CharacterOffsetEnd=595 PartOfSpeech=PROPN Lemma=gro NamedEntityTag=PERSON]
[Text=. CharacterOffsetBegin=595 CharacterOffsetEnd=596 PartOfSpeech=PUNCT Lemma=. NamedEntityTag=O]

Dependency Parse (enhanced plus plus dependencies):
root(ROOT-0, resultó-2)
cc(resultó-2, y-1)
obj(resultó-2, herido-3)
det(---5, un-4)
obj(resultó-2, ---5)
flat(---5, Cabo-6)
case(quien-8, de-7)
nmod(---5, quien-8)
cc(ignora-10, e-9)
nmod(---5, ignora-10)
conj:e(quien-8, ignora-10)
det(nombre-12, su-11)
obj(ignora-10, nombre-12)
punct(mismo-14, ,-13)
appos(quien-8, mismo-14)
nsubj(trasla-17, que-15)
aux(trasla-17, fue-16)
acl(mismo-14, trasla-17)
obj(trasla-17, ado-18)
case(Chilpancingo-20, a-19)
nmod(ado-18, Chilpancingo-20)
punct(Gro-22, ,-21)
flat(Chilpancingo-20, Gro-22)
punct(resultó-2, .-23)

Extracted the following NER entity mentions:
Chilpancingo	CITY	LOCATION:0.9834086699650015
Gro	PERSON	PERSON:0.5348774106990171

Sentence #10 (4 tokens):
para su curación.

Tokens:
[Text=para CharacterOffsetBegin=597 CharacterOffsetEnd=601 PartOfSpeech=ADP Lemma=para NamedEntityTag=O]
[Text=su CharacterOffsetBegin=602 CharacterOffsetEnd=604 PartOfSpeech=DET Lemma=su NamedEntityTag=O]
[Text=curación CharacterOffsetBegin=605 CharacterOffsetEnd=613 PartOfSpeech=NOUN Lemma=curación NamedEntityTag=O]
[Text=. CharacterOffsetBegin=613 CharacterOffsetEnd=614 PartOfSpeech=PUNCT Lemma=. NamedEntityTag=O]

Dependency Parse (enhanced plus plus dependencies):
root(ROOT-0, curación-3)
case(curación-3, para-1)
det(curación-3, su-2)
punct(curación-3, .-4)

Extracted the following NER entity mentions:

Sentence #11 (7 tokens):
Exp.11-235-74
H-207 L-6
19-feb-74.

Tokens:
[Text=Exp.11-235-74 CharacterOffsetBegin=615 CharacterOffsetEnd=628 PartOfSpeech=ADP Lemma=exp.11-235-74 NamedEntityTag=O]
[Text=H-207 CharacterOffsetBegin=629 CharacterOffsetEnd=634 PartOfSpeech=NUM Lemma=h-207 NamedEntityTag=O]
[Text=L-6 CharacterOffsetBegin=635 CharacterOffsetEnd=638 PartOfSpeech=NUM Lemma=l-6 NamedEntityTag=O]
[Text=19 CharacterOffsetBegin=639 CharacterOffsetEnd=641 PartOfSpeech=NUM Lemma=19 NamedEntityTag=O]
[Text=- CharacterOffsetBegin=641 CharacterOffsetEnd=642 PartOfSpeech=PUNCT Lemma=- NamedEntityTag=O]
[Text=feb-74 CharacterOffsetBegin=642 CharacterOffsetEnd=648 PartOfSpeech=NUM Lemma=feb-74 NamedEntityTag=O]
[Text=. CharacterOffsetBegin=648 CharacterOffsetEnd=649 PartOfSpeech=PUNCT Lemma=. NamedEntityTag=O]

Dependency Parse (enhanced plus plus dependencies):
root(ROOT-0, H-207-2)
case(H-207-2, Exp.11-235-74-1)
appos(H-207-2, L-6-3)
compound(L-6-3, 19-4)
punct(H-207-2, --5)
appos(H-207-2, feb-74-6)
punct(H-207-2, .-7)

Extracted the following NER entity mentions:

Sentence #12 (13 tokens):
-MANUEL CHOLICO CISNEROS detenido en
Guadalajara, por actividades sybversivas con --

Tokens:
[Text=- CharacterOffsetBegin=649 CharacterOffsetEnd=650 PartOfSpeech=PUNCT Lemma=- NamedEntityTag=O]
[Text=MANUEL CharacterOffsetBegin=650 CharacterOffsetEnd=656 PartOfSpeech=PROPN Lemma=manuel NamedEntityTag=O]
[Text=CHOLICO CharacterOffsetBegin=657 CharacterOffsetEnd=664 PartOfSpeech=PROPN Lemma=cholico NamedEntityTag=ORGANIZATION]
[Text=CISNEROS CharacterOffsetBegin=665 CharacterOffsetEnd=673 PartOfSpeech=PROPN Lemma=cisneros NamedEntityTag=ORGANIZATION]
[Text=detenido CharacterOffsetBegin=674 CharacterOffsetEnd=682 PartOfSpeech=VERB Lemma=detenido NamedEntityTag=O]
[Text=en CharacterOffsetBegin=683 CharacterOffsetEnd=685 PartOfSpeech=ADP Lemma=en NamedEntityTag=O]
[Text=Guadalajara CharacterOffsetBegin=686 CharacterOffsetEnd=697 PartOfSpeech=PROPN Lemma=guadalajara NamedEntityTag=CITY]
[Text=, CharacterOffsetBegin=697 CharacterOffsetEnd=698 PartOfSpeech=PUNCT Lemma=, NamedEntityTag=O]
[Text=por CharacterOffsetBegin=699 CharacterOffsetEnd=702 PartOfSpeech=ADP Lemma=por NamedEntityTag=O]
[Text=actividades CharacterOffsetBegin=703 CharacterOffsetEnd=714 PartOfSpeech=NOUN Lemma=actividades NamedEntityTag=O]
[Text=sybversivas CharacterOffsetBegin=715 CharacterOffsetEnd=726 PartOfSpeech=ADJ Lemma=sybversivas NamedEntityTag=O]
[Text=con CharacterOffsetBegin=727 CharacterOffsetEnd=730 PartOfSpeech=ADP Lemma=con NamedEntityTag=O]
[Text=-- CharacterOffsetBegin=731 CharacterOffsetEnd=733 PartOfSpeech=NUM Lemma=-- NamedEntityTag=O]

Dependency Parse (enhanced plus plus dependencies):
root(ROOT-0, detenido-5)
punct(detenido-5, --1)
nsubj(detenido-5, MANUEL-2)
flat(MANUEL-2, CHOLICO-3)
flat(MANUEL-2, CISNEROS-4)
case(Guadalajara-7, en-6)
obl(detenido-5, Guadalajara-7)
punct(actividades-10, ,-8)
case(actividades-10, por-9)
obl(detenido-5, actividades-10)
amod(actividades-10, sybversivas-11)
case(---13, con-12)
nummod(actividades-10, ---13)

Extracted the following NER entity mentions:
CHOLICO CISNEROS	ORGANIZATION	ORGANIZATION:0.36899573096876437
Guadalajara	CITY	LOCATION:0.9967909539577497
