Document: ID=file_483.txt (9 sentences, 151 tokens)

Sentence #1 (2 tokens):
Exp-100-10-1-78.

Tokens:
[Text=Exp-100-10-1-78 CharacterOffsetBegin=0 CharacterOffsetEnd=15 PartOfSpeech=NUM Lemma=exp-100-10-1-78 NamedEntityTag=O]
[Text=. CharacterOffsetBegin=15 CharacterOffsetEnd=16 PartOfSpeech=PUNCT Lemma=. NamedEntityTag=O]

Dependency Parse (enhanced plus plus dependencies):
root(ROOT-0, Exp-100-10-1-78-1)
punct(Exp-100-10-1-78-1, .-2)

Extracted the following NER entity mentions:

Sentence #2 (7 tokens):
H-29 L-75
17-Jul.-78.

Tokens:
[Text=H-29 CharacterOffsetBegin=17 CharacterOffsetEnd=21 PartOfSpeech=NUM Lemma=h-29 NamedEntityTag=O]
[Text=L-75 CharacterOffsetBegin=22 CharacterOffsetEnd=26 PartOfSpeech=NUM Lemma=l-75 NamedEntityTag=O]
[Text=17 CharacterOffsetBegin=27 CharacterOffsetEnd=29 PartOfSpeech=NUM Lemma=17 NamedEntityTag=O]
[Text=- CharacterOffsetBegin=29 CharacterOffsetEnd=30 PartOfSpeech=PUNCT Lemma=- NamedEntityTag=O]
[Text=Jul. CharacterOffsetBegin=30 CharacterOffsetEnd=34 PartOfSpeech=INTJ Lemma=jul. NamedEntityTag=O]
[Text=-78 CharacterOffsetBegin=34 CharacterOffsetEnd=37 PartOfSpeech=INTJ Lemma=-78 NamedEntityTag=NUMBER NormalizedNamedEntityTag=-78.0]
[Text=. CharacterOffsetBegin=37 CharacterOffsetEnd=38 PartOfSpeech=PUNCT Lemma=. NamedEntityTag=O]

Dependency Parse (enhanced plus plus dependencies):
root(ROOT-0, H-29-1)
appos(H-29-1, L-75-2)
compound(L-75-2, 17-3)
punct(H-29-1, --4)
appos(H-29-1, Jul.-5)
dep(Jul.-5, -78-6)
punct(H-29-1, .-7)

Extracted the following NER entity mentions:
-78	NUMBER	NUMBER:-1.0

Sentence #3 (19 tokens):
-El 16 actual, se nombró nuevo comandante en
esta Zona, siendo el Gral. de Bgda.

Tokens:
[Text=- CharacterOffsetBegin=38 CharacterOffsetEnd=39 PartOfSpeech=PUNCT Lemma=- NamedEntityTag=O]
[Text=El CharacterOffsetBegin=39 CharacterOffsetEnd=41 PartOfSpeech=DET Lemma=el NamedEntityTag=O]
[Text=16 CharacterOffsetBegin=42 CharacterOffsetEnd=44 PartOfSpeech=NUM Lemma=16 NamedEntityTag=NUMBER NormalizedNamedEntityTag=16.0]
[Text=actual CharacterOffsetBegin=45 CharacterOffsetEnd=51 PartOfSpeech=ADJ Lemma=actual NamedEntityTag=O]
[Text=, CharacterOffsetBegin=51 CharacterOffsetEnd=52 PartOfSpeech=PUNCT Lemma=, NamedEntityTag=O]
[Text=se CharacterOffsetBegin=53 CharacterOffsetEnd=55 PartOfSpeech=PRON Lemma=se NamedEntityTag=O]
[Text=nombró CharacterOffsetBegin=56 CharacterOffsetEnd=62 PartOfSpeech=VERB Lemma=nombró NamedEntityTag=O]
[Text=nuevo CharacterOffsetBegin=63 CharacterOffsetEnd=68 PartOfSpeech=ADJ Lemma=nuevo NamedEntityTag=O]
[Text=comandante CharacterOffsetBegin=69 CharacterOffsetEnd=79 PartOfSpeech=NOUN Lemma=comandante NamedEntityTag=TITLE]
[Text=en CharacterOffsetBegin=80 CharacterOffsetEnd=82 PartOfSpeech=ADP Lemma=en NamedEntityTag=O]
[Text=esta CharacterOffsetBegin=83 CharacterOffsetEnd=87 PartOfSpeech=DET Lemma=esta NamedEntityTag=O]
[Text=Zona CharacterOffsetBegin=88 CharacterOffsetEnd=92 PartOfSpeech=PROPN Lemma=zona NamedEntityTag=O]
[Text=, CharacterOffsetBegin=92 CharacterOffsetEnd=93 PartOfSpeech=PUNCT Lemma=, NamedEntityTag=O]
[Text=siendo CharacterOffsetBegin=94 CharacterOffsetEnd=100 PartOfSpeech=AUX Lemma=siendo NamedEntityTag=O]
[Text=el CharacterOffsetBegin=101 CharacterOffsetEnd=103 PartOfSpeech=DET Lemma=el NamedEntityTag=O]
[Text=Gral. CharacterOffsetBegin=104 CharacterOffsetEnd=109 PartOfSpeech=PROPN Lemma=gral. NamedEntityTag=O]
[Text=de CharacterOffsetBegin=110 CharacterOffsetEnd=112 PartOfSpeech=ADP Lemma=de NamedEntityTag=O]
[Text=Bgda CharacterOffsetBegin=113 CharacterOffsetEnd=117 PartOfSpeech=PROPN Lemma=bgda NamedEntityTag=LOCATION]
[Text=. CharacterOffsetBegin=117 CharacterOffsetEnd=118 PartOfSpeech=PUNCT Lemma=. NamedEntityTag=O]

Dependency Parse (enhanced plus plus dependencies):
root(ROOT-0, nombró-7)
punct(nombró-7, --1)
det(16-3, El-2)
nsubj(nombró-7, 16-3)
amod(16-3, actual-4)
punct(16-3, ,-5)
obj(nombró-7, se-6)
amod(comandante-9, nuevo-8)
obj(nombró-7, comandante-9)
case(Zona-12, en-10)
det(Zona-12, esta-11)
obl(nombró-7, Zona-12)
punct(nombró-7, ,-13)
cop(Gral.-16, siendo-14)
det(Gral.-16, el-15)
advcl(nombró-7, Gral.-16)
case(Bgda-18, de-17)
flat(Gral.-16, Bgda-18)
punct(nombró-7, .-19)

Extracted the following NER entity mentions:
16	NUMBER	NUMBER:-1.0
comandante	TITLE	-
Bgda	LOCATION	LOCATION:0.6667250716430617

Sentence #4 (16 tokens):
RICARDO CERVANTES GAR
CIA ROJAS, quien sustituyó en su cargo al Gral. De Div.

Tokens:
[Text=RICARDO CharacterOffsetBegin=119 CharacterOffsetEnd=126 PartOfSpeech=PROPN Lemma=ricardo NamedEntityTag=PERSON]
[Text=CERVANTES CharacterOffsetBegin=127 CharacterOffsetEnd=136 PartOfSpeech=PROPN Lemma=cervantes NamedEntityTag=PERSON]
[Text=GAR CharacterOffsetBegin=137 CharacterOffsetEnd=140 PartOfSpeech=PROPN Lemma=gar NamedEntityTag=PERSON]
[Text=CIA CharacterOffsetBegin=141 CharacterOffsetEnd=144 PartOfSpeech=PROPN Lemma=cia NamedEntityTag=PERSON]
[Text=ROJAS CharacterOffsetBegin=145 CharacterOffsetEnd=150 PartOfSpeech=PROPN Lemma=rojas NamedEntityTag=PERSON]
[Text=, CharacterOffsetBegin=150 CharacterOffsetEnd=151 PartOfSpeech=PUNCT Lemma=, NamedEntityTag=O]
[Text=quien CharacterOffsetBegin=152 CharacterOffsetEnd=157 PartOfSpeech=PRON Lemma=quien NamedEntityTag=O]
[Text=sustituyó CharacterOffsetBegin=158 CharacterOffsetEnd=167 PartOfSpeech=VERB Lemma=sustituyó NamedEntityTag=O]
[Text=en CharacterOffsetBegin=168 CharacterOffsetEnd=170 PartOfSpeech=ADP Lemma=en NamedEntityTag=O]
[Text=su CharacterOffsetBegin=171 CharacterOffsetEnd=173 PartOfSpeech=DET Lemma=su NamedEntityTag=O]
[Text=cargo CharacterOffsetBegin=174 CharacterOffsetEnd=179 PartOfSpeech=NOUN Lemma=cargo NamedEntityTag=O]
[Text=al CharacterOffsetBegin=180 CharacterOffsetEnd=182 PartOfSpeech=ADP Lemma=al NamedEntityTag=O]
[Text=Gral. CharacterOffsetBegin=183 CharacterOffsetEnd=188 PartOfSpeech=PROPN Lemma=gral. NamedEntityTag=O]
[Text=De CharacterOffsetBegin=189 CharacterOffsetEnd=191 PartOfSpeech=ADP Lemma=de NamedEntityTag=PERSON]
[Text=Div CharacterOffsetBegin=192 CharacterOffsetEnd=195 PartOfSpeech=PROPN Lemma=div NamedEntityTag=PERSON]
[Text=. CharacterOffsetBegin=195 CharacterOffsetEnd=196 PartOfSpeech=PUNCT Lemma=. NamedEntityTag=O]

Dependency Parse (enhanced plus plus dependencies):
root(ROOT-0, RICARDO-1)
flat(RICARDO-1, CERVANTES-2)
flat(RICARDO-1, GAR-3)
flat(RICARDO-1, CIA-4)
flat(RICARDO-1, ROJAS-5)
punct(sustituyó-8, ,-6)
nsubj(sustituyó-8, quien-7)
acl(RICARDO-1, sustituyó-8)
case(cargo-11, en-9)
det(cargo-11, su-10)
obl(sustituyó-8, cargo-11)
case(Gral.-13, al-12)
obj(sustituyó-8, Gral.-13)
case(Div-15, De-14)
flat(Gral.-13, Div-15)
punct(RICARDO-1, .-16)

Extracted the following NER entity mentions:
RICARDO CERVANTES GAR
CIA ROJAS	PERSON	PERSON:0.34492704757278264
De Div	PERSON	PERSON:0.5366245752713839

Sentence #5 (17 tokens):
- D.E.M. SALVADOR RANGEL DE MEDINA,- quien se concentrará-
al D.F.- Exp-100-10-1-78.

Tokens:
[Text=- CharacterOffsetBegin=196 CharacterOffsetEnd=197 PartOfSpeech=PUNCT Lemma=- NamedEntityTag=O]
[Text=D.E.M. CharacterOffsetBegin=198 CharacterOffsetEnd=204 PartOfSpeech=NOUN Lemma=d.e.m. NamedEntityTag=O]
[Text=SALVADOR CharacterOffsetBegin=205 CharacterOffsetEnd=213 PartOfSpeech=ADJ Lemma=salvador NamedEntityTag=O]
[Text=RANGEL CharacterOffsetBegin=214 CharacterOffsetEnd=220 PartOfSpeech=ADJ Lemma=rangel NamedEntityTag=PERSON]
[Text=DE CharacterOffsetBegin=221 CharacterOffsetEnd=223 PartOfSpeech=ADP Lemma=de NamedEntityTag=PERSON]
[Text=MEDINA CharacterOffsetBegin=224 CharacterOffsetEnd=230 PartOfSpeech=PROPN Lemma=medina NamedEntityTag=PERSON]
[Text=, CharacterOffsetBegin=230 CharacterOffsetEnd=231 PartOfSpeech=PUNCT Lemma=, NamedEntityTag=O]
[Text=- CharacterOffsetBegin=231 CharacterOffsetEnd=232 PartOfSpeech=PUNCT Lemma=- NamedEntityTag=O]
[Text=quien CharacterOffsetBegin=233 CharacterOffsetEnd=238 PartOfSpeech=PRON Lemma=quien NamedEntityTag=O]
[Text=se CharacterOffsetBegin=239 CharacterOffsetEnd=241 PartOfSpeech=PRON Lemma=se NamedEntityTag=O]
[Text=concentrará CharacterOffsetBegin=242 CharacterOffsetEnd=253 PartOfSpeech=VERB Lemma=concentrará NamedEntityTag=O]
[Text=- CharacterOffsetBegin=253 CharacterOffsetEnd=254 PartOfSpeech=PUNCT Lemma=- NamedEntityTag=O]
[Text=al CharacterOffsetBegin=255 CharacterOffsetEnd=257 PartOfSpeech=ADP Lemma=al NamedEntityTag=O]
[Text=D.F. CharacterOffsetBegin=258 CharacterOffsetEnd=262 PartOfSpeech=PROPN Lemma=d.f. NamedEntityTag=O]
[Text=- CharacterOffsetBegin=262 CharacterOffsetEnd=263 PartOfSpeech=PUNCT Lemma=- NamedEntityTag=O]
[Text=Exp-100-10-1-78 CharacterOffsetBegin=264 CharacterOffsetEnd=279 PartOfSpeech=PROPN Lemma=exp-100-10-1-78 NamedEntityTag=O]
[Text=. CharacterOffsetBegin=279 CharacterOffsetEnd=280 PartOfSpeech=PUNCT Lemma=. NamedEntityTag=O]

Dependency Parse (enhanced plus plus dependencies):
root(ROOT-0, D.E.M.-2)
punct(D.E.M.-2, --1)
amod(D.E.M.-2, SALVADOR-3)
amod(D.E.M.-2, RANGEL-4)
case(MEDINA-6, DE-5)
nmod(D.E.M.-2, MEDINA-6)
punct(D.E.M.-2, ,-7)
punct(concentrará-11, --8)
nsubj(concentrará-11, quien-9)
obj(concentrará-11, se-10)
acl(D.E.M.-2, concentrará-11)
punct(concentrará-11, --12)
case(D.F.-14, al-13)
obl(concentrará-11, D.F.-14)
punct(Exp-100-10-1-78-16, --15)
flat(D.F.-14, Exp-100-10-1-78-16)
punct(D.E.M.-2, .-17)

Extracted the following NER entity mentions:
RANGEL DE MEDINA	PERSON	PERSON:0.6057056953022919

Sentence #6 (7 tokens):
H-269 L-77
3-Nov.-78.

Tokens:
[Text=H-269 CharacterOffsetBegin=281 CharacterOffsetEnd=286 PartOfSpeech=NUM Lemma=h-269 NamedEntityTag=O]
[Text=L-77 CharacterOffsetBegin=287 CharacterOffsetEnd=291 PartOfSpeech=NUM Lemma=l-77 NamedEntityTag=O]
[Text=3 CharacterOffsetBegin=292 CharacterOffsetEnd=293 PartOfSpeech=NUM Lemma=3 NamedEntityTag=O]
[Text=- CharacterOffsetBegin=293 CharacterOffsetEnd=294 PartOfSpeech=PUNCT Lemma=- NamedEntityTag=O]
[Text=Nov. CharacterOffsetBegin=294 CharacterOffsetEnd=298 PartOfSpeech=NOUN Lemma=nov. NamedEntityTag=O]
[Text=-78 CharacterOffsetBegin=298 CharacterOffsetEnd=301 PartOfSpeech=NUM Lemma=-78 NamedEntityTag=NUMBER NormalizedNamedEntityTag=-78.0]
[Text=. CharacterOffsetBegin=301 CharacterOffsetEnd=302 PartOfSpeech=PUNCT Lemma=. NamedEntityTag=O]

Dependency Parse (enhanced plus plus dependencies):
root(ROOT-0, Nov.-5)
nummod(Nov.-5, H-269-1)
appos(H-269-1, L-77-2)
compound(L-77-2, 3-3)
punct(Nov.-5, --4)
appos(Nov.-5, -78-6)
punct(Nov.-5, .-7)

Extracted the following NER entity mentions:
-78	NUMBER	NUMBER:-1.0

Sentence #7 (8 tokens):
-El 29 de Oct.,Ppdo.

Tokens:
[Text=- CharacterOffsetBegin=302 CharacterOffsetEnd=303 PartOfSpeech=PUNCT Lemma=- NamedEntityTag=O]
[Text=El CharacterOffsetBegin=303 CharacterOffsetEnd=305 PartOfSpeech=DET Lemma=el NamedEntityTag=O]
[Text=29 CharacterOffsetBegin=306 CharacterOffsetEnd=308 PartOfSpeech=NUM Lemma=29 NamedEntityTag=NUMBER NormalizedNamedEntityTag=29.0]
[Text=de CharacterOffsetBegin=309 CharacterOffsetEnd=311 PartOfSpeech=ADP Lemma=de NamedEntityTag=O]
[Text=Oct. CharacterOffsetBegin=312 CharacterOffsetEnd=316 PartOfSpeech=PROPN Lemma=oct. NamedEntityTag=O]
[Text=, CharacterOffsetBegin=316 CharacterOffsetEnd=317 PartOfSpeech=PUNCT Lemma=, NamedEntityTag=O]
[Text=Ppdo CharacterOffsetBegin=317 CharacterOffsetEnd=321 PartOfSpeech=PROPN Lemma=ppdo NamedEntityTag=PERSON]
[Text=. CharacterOffsetBegin=321 CharacterOffsetEnd=322 PartOfSpeech=PUNCT Lemma=. NamedEntityTag=O]

Dependency Parse (enhanced plus plus dependencies):
root(ROOT-0, 29-3)
punct(29-3, --1)
det(29-3, El-2)
case(Oct.-5, de-4)
flat(29-3, Oct.-5)
punct(Ppdo-7, ,-6)
appos(29-3, Ppdo-7)
punct(29-3, .-8)

Extracted the following NER entity mentions:
29	NUMBER	NUMBER:-1.0
Ppdo	PERSON	PERSON:0.5755756716721381

Sentence #8 (14 tokens):
,en la madrugada en la
Zona de Tolerancia de Acapulco, Gro.

Tokens:
[Text=, CharacterOffsetBegin=322 CharacterOffsetEnd=323 PartOfSpeech=PUNCT Lemma=, NamedEntityTag=O]
[Text=en CharacterOffsetBegin=323 CharacterOffsetEnd=325 PartOfSpeech=ADP Lemma=en NamedEntityTag=O]
[Text=la CharacterOffsetBegin=326 CharacterOffsetEnd=328 PartOfSpeech=DET Lemma=la NamedEntityTag=O]
[Text=madrugada CharacterOffsetBegin=329 CharacterOffsetEnd=338 PartOfSpeech=NOUN Lemma=madrugada NamedEntityTag=O]
[Text=en CharacterOffsetBegin=339 CharacterOffsetEnd=341 PartOfSpeech=ADP Lemma=en NamedEntityTag=O]
[Text=la CharacterOffsetBegin=342 CharacterOffsetEnd=344 PartOfSpeech=DET Lemma=la NamedEntityTag=O]
[Text=Zona CharacterOffsetBegin=345 CharacterOffsetEnd=349 PartOfSpeech=PROPN Lemma=zona NamedEntityTag=LOCATION]
[Text=de CharacterOffsetBegin=350 CharacterOffsetEnd=352 PartOfSpeech=ADP Lemma=de NamedEntityTag=LOCATION]
[Text=Tolerancia CharacterOffsetBegin=353 CharacterOffsetEnd=363 PartOfSpeech=PROPN Lemma=tolerancia NamedEntityTag=LOCATION]
[Text=de CharacterOffsetBegin=364 CharacterOffsetEnd=366 PartOfSpeech=ADP Lemma=de NamedEntityTag=LOCATION]
[Text=Acapulco CharacterOffsetBegin=367 CharacterOffsetEnd=375 PartOfSpeech=PROPN Lemma=acapulco NamedEntityTag=CITY]
[Text=, CharacterOffsetBegin=375 CharacterOffsetEnd=376 PartOfSpeech=PUNCT Lemma=, NamedEntityTag=O]
[Text=Gro CharacterOffsetBegin=377 CharacterOffsetEnd=380 PartOfSpeech=PROPN Lemma=gro NamedEntityTag=PERSON]
[Text=. CharacterOffsetBegin=380 CharacterOffsetEnd=381 PartOfSpeech=PUNCT Lemma=. NamedEntityTag=O]

Dependency Parse (enhanced plus plus dependencies):
root(ROOT-0, madrugada-4)
punct(madrugada-4, ,-1)
case(madrugada-4, en-2)
det(madrugada-4, la-3)
case(Zona-7, en-5)
det(Zona-7, la-6)
nmod(madrugada-4, Zona-7)
case(Tolerancia-9, de-8)
flat(Zona-7, Tolerancia-9)
case(Acapulco-11, de-10)
flat(Zona-7, Acapulco-11)
punct(madrugada-4, ,-12)
orphan(madrugada-4, Gro-13)
punct(madrugada-4, .-14)

Extracted the following NER entity mentions:
Zona de Tolerancia de	LOCATION	LOCATION:0.8423756177728032
Acapulco	CITY	LOCATION:0.8966019489582115
Gro	PERSON	PERSON:0.4471785299194983

Sentence #9 (61 tokens):
, fue detenido por la Policía Judicial Federal NOE SALINAS MANRIQUE, de -
35 años de edad, con domicilio conocido en Pie de la -
Cuesta, de ocupación chofer, y el día 31 del mismo mes lo llevaron ante su hermano GILDARDO de los mismos --
apellidos, del mismo oficio, domiciliado en la calle 6

Tokens:
[Text=, CharacterOffsetBegin=381 CharacterOffsetEnd=382 PartOfSpeech=PUNCT Lemma=, NamedEntityTag=O]
[Text=fue CharacterOffsetBegin=383 CharacterOffsetEnd=386 PartOfSpeech=AUX Lemma=fue NamedEntityTag=O]
[Text=detenido CharacterOffsetBegin=387 CharacterOffsetEnd=395 PartOfSpeech=VERB Lemma=detenido NamedEntityTag=O]
[Text=por CharacterOffsetBegin=396 CharacterOffsetEnd=399 PartOfSpeech=ADP Lemma=por NamedEntityTag=O]
[Text=la CharacterOffsetBegin=400 CharacterOffsetEnd=402 PartOfSpeech=DET Lemma=la NamedEntityTag=O]
[Text=Policía CharacterOffsetBegin=403 CharacterOffsetEnd=410 PartOfSpeech=PROPN Lemma=policía NamedEntityTag=ORGANIZATION]
[Text=Judicial CharacterOffsetBegin=411 CharacterOffsetEnd=419 PartOfSpeech=PROPN Lemma=judicial NamedEntityTag=ORGANIZATION]
[Text=Federal CharacterOffsetBegin=420 CharacterOffsetEnd=427 PartOfSpeech=PROPN Lemma=federal NamedEntityTag=ORGANIZATION]
[Text=NOE CharacterOffsetBegin=428 CharacterOffsetEnd=431 PartOfSpeech=PROPN Lemma=noe NamedEntityTag=ORGANIZATION]
[Text=SALINAS CharacterOffsetBegin=432 CharacterOffsetEnd=439 PartOfSpeech=PROPN Lemma=salinas NamedEntityTag=PERSON]
[Text=MANRIQUE CharacterOffsetBegin=440 CharacterOffsetEnd=448 PartOfSpeech=PROPN Lemma=manrique NamedEntityTag=PERSON]
[Text=, CharacterOffsetBegin=448 CharacterOffsetEnd=449 PartOfSpeech=PUNCT Lemma=, NamedEntityTag=O]
[Text=de CharacterOffsetBegin=450 CharacterOffsetEnd=452 PartOfSpeech=ADP Lemma=de NamedEntityTag=O]
[Text=- CharacterOffsetBegin=453 CharacterOffsetEnd=454 PartOfSpeech=PUNCT Lemma=- NamedEntityTag=O]
[Text=35 CharacterOffsetBegin=455 CharacterOffsetEnd=457 PartOfSpeech=NUM Lemma=35 NamedEntityTag=NUMBER NormalizedNamedEntityTag=35.0]
[Text=años CharacterOffsetBegin=458 CharacterOffsetEnd=462 PartOfSpeech=NOUN Lemma=años NamedEntityTag=O]
[Text=de CharacterOffsetBegin=463 CharacterOffsetEnd=465 PartOfSpeech=ADP Lemma=de NamedEntityTag=O]
[Text=edad CharacterOffsetBegin=466 CharacterOffsetEnd=470 PartOfSpeech=NOUN Lemma=edad NamedEntityTag=O]
[Text=, CharacterOffsetBegin=470 CharacterOffsetEnd=471 PartOfSpeech=PUNCT Lemma=, NamedEntityTag=O]
[Text=con CharacterOffsetBegin=472 CharacterOffsetEnd=475 PartOfSpeech=ADP Lemma=con NamedEntityTag=O]
[Text=domicilio CharacterOffsetBegin=476 CharacterOffsetEnd=485 PartOfSpeech=NOUN Lemma=domicilio NamedEntityTag=O]
[Text=conocido CharacterOffsetBegin=486 CharacterOffsetEnd=494 PartOfSpeech=ADJ Lemma=conocido NamedEntityTag=O]
[Text=en CharacterOffsetBegin=495 CharacterOffsetEnd=497 PartOfSpeech=ADP Lemma=en NamedEntityTag=O]
[Text=Pie CharacterOffsetBegin=498 CharacterOffsetEnd=501 PartOfSpeech=PROPN Lemma=pie NamedEntityTag=MISC]
[Text=de CharacterOffsetBegin=502 CharacterOffsetEnd=504 PartOfSpeech=ADP Lemma=de NamedEntityTag=O]
[Text=la CharacterOffsetBegin=505 CharacterOffsetEnd=507 PartOfSpeech=DET Lemma=la NamedEntityTag=O]
[Text=- CharacterOffsetBegin=508 CharacterOffsetEnd=509 PartOfSpeech=PUNCT Lemma=- NamedEntityTag=O]
[Text=Cuesta CharacterOffsetBegin=510 CharacterOffsetEnd=516 PartOfSpeech=PROPN Lemma=cuesta NamedEntityTag=O]
[Text=, CharacterOffsetBegin=516 CharacterOffsetEnd=517 PartOfSpeech=PUNCT Lemma=, NamedEntityTag=O]
[Text=de CharacterOffsetBegin=518 CharacterOffsetEnd=520 PartOfSpeech=ADP Lemma=de NamedEntityTag=O]
[Text=ocupación CharacterOffsetBegin=521 CharacterOffsetEnd=530 PartOfSpeech=NOUN Lemma=ocupación NamedEntityTag=O]
[Text=chofer CharacterOffsetBegin=531 CharacterOffsetEnd=537 PartOfSpeech=ADJ Lemma=chofer NamedEntityTag=TITLE]
[Text=, CharacterOffsetBegin=537 CharacterOffsetEnd=538 PartOfSpeech=PUNCT Lemma=, NamedEntityTag=O]
[Text=y CharacterOffsetBegin=539 CharacterOffsetEnd=540 PartOfSpeech=CCONJ Lemma=y NamedEntityTag=O]
[Text=el CharacterOffsetBegin=541 CharacterOffsetEnd=543 PartOfSpeech=DET Lemma=el NamedEntityTag=O]
[Text=día CharacterOffsetBegin=544 CharacterOffsetEnd=547 PartOfSpeech=NOUN Lemma=día NamedEntityTag=O]
[Text=31 CharacterOffsetBegin=548 CharacterOffsetEnd=550 PartOfSpeech=NUM Lemma=31 NamedEntityTag=NUMBER NormalizedNamedEntityTag=31.0]
[Text=del CharacterOffsetBegin=551 CharacterOffsetEnd=554 PartOfSpeech=ADP Lemma=del NamedEntityTag=O]
[Text=mismo CharacterOffsetBegin=555 CharacterOffsetEnd=560 PartOfSpeech=DET Lemma=mismo NamedEntityTag=O]
[Text=mes CharacterOffsetBegin=561 CharacterOffsetEnd=564 PartOfSpeech=NOUN Lemma=mes NamedEntityTag=O]
[Text=lo CharacterOffsetBegin=565 CharacterOffsetEnd=567 PartOfSpeech=PRON Lemma=lo NamedEntityTag=O]
[Text=llevaron CharacterOffsetBegin=568 CharacterOffsetEnd=576 PartOfSpeech=VERB Lemma=llevaron NamedEntityTag=O]
[Text=ante CharacterOffsetBegin=577 CharacterOffsetEnd=581 PartOfSpeech=ADP Lemma=ante NamedEntityTag=O]
[Text=su CharacterOffsetBegin=582 CharacterOffsetEnd=584 PartOfSpeech=DET Lemma=su NamedEntityTag=O]
[Text=hermano CharacterOffsetBegin=585 CharacterOffsetEnd=592 PartOfSpeech=NOUN Lemma=hermano NamedEntityTag=O]
[Text=GILDARDO CharacterOffsetBegin=593 CharacterOffsetEnd=601 PartOfSpeech=PROPN Lemma=gildardo NamedEntityTag=MISC]
[Text=de CharacterOffsetBegin=602 CharacterOffsetEnd=604 PartOfSpeech=ADP Lemma=de NamedEntityTag=O]
[Text=los CharacterOffsetBegin=605 CharacterOffsetEnd=608 PartOfSpeech=DET Lemma=los NamedEntityTag=O]
[Text=mismos CharacterOffsetBegin=609 CharacterOffsetEnd=615 PartOfSpeech=DET Lemma=mismos NamedEntityTag=O]
[Text=-- CharacterOffsetBegin=616 CharacterOffsetEnd=618 PartOfSpeech=NUM Lemma=-- NamedEntityTag=O]
[Text=apellidos CharacterOffsetBegin=619 CharacterOffsetEnd=628 PartOfSpeech=NOUN Lemma=apellidos NamedEntityTag=O]
[Text=, CharacterOffsetBegin=628 CharacterOffsetEnd=629 PartOfSpeech=PUNCT Lemma=, NamedEntityTag=O]
[Text=del CharacterOffsetBegin=630 CharacterOffsetEnd=633 PartOfSpeech=ADP Lemma=del NamedEntityTag=O]
[Text=mismo CharacterOffsetBegin=634 CharacterOffsetEnd=639 PartOfSpeech=DET Lemma=mismo NamedEntityTag=O]
[Text=oficio CharacterOffsetBegin=640 CharacterOffsetEnd=646 PartOfSpeech=NOUN Lemma=oficio NamedEntityTag=O]
[Text=, CharacterOffsetBegin=646 CharacterOffsetEnd=647 PartOfSpeech=PUNCT Lemma=, NamedEntityTag=O]
[Text=domiciliado CharacterOffsetBegin=648 CharacterOffsetEnd=659 PartOfSpeech=ADJ Lemma=domiciliado NamedEntityTag=O]
[Text=en CharacterOffsetBegin=660 CharacterOffsetEnd=662 PartOfSpeech=ADP Lemma=en NamedEntityTag=O]
[Text=la CharacterOffsetBegin=663 CharacterOffsetEnd=665 PartOfSpeech=DET Lemma=la NamedEntityTag=O]
[Text=calle CharacterOffsetBegin=666 CharacterOffsetEnd=671 PartOfSpeech=NOUN Lemma=calle NamedEntityTag=O]
[Text=6 CharacterOffsetBegin=672 CharacterOffsetEnd=673 PartOfSpeech=NUM Lemma=6 NamedEntityTag=NUMBER NormalizedNamedEntityTag=6.0]

Dependency Parse (enhanced plus plus dependencies):
root(ROOT-0, detenido-3)
punct(detenido-3, ,-1)
aux(detenido-3, fue-2)
case(Policía-6, por-4)
det(Policía-6, la-5)
obj(detenido-3, Policía-6)
flat(Policía-6, Judicial-7)
flat(Policía-6, Federal-8)
flat(Policía-6, NOE-9)
flat(Policía-6, SALINAS-10)
flat(Policía-6, MANRIQUE-11)
punct(años-16, ,-12)
case(años-16, de-13)
punct(años-16, --14)
nummod(años-16, 35-15)
nmod(Policía-6, años-16)
case(edad-18, de-17)
nmod(años-16, edad-18)
punct(años-16, ,-19)
case(domicilio-21, con-20)
obl(detenido-3, domicilio-21)
amod(domicilio-21, conocido-22)
case(Pie-24, en-23)
obl(conocido-22, Pie-24)
case(Cuesta-28, de-25)
det(Cuesta-28, la-26)
punct(Cuesta-28, --27)
flat(Pie-24, Cuesta-28)
punct(detenido-3, ,-29)
case(ocupación-31, de-30)
obl(detenido-3, ocupación-31)
amod(ocupación-31, chofer-32)
punct(llevaron-42, ,-33)
cc(llevaron-42, y-34)
det(día-36, el-35)
obl(llevaron-42, día-36)
compound(día-36, 31-37)
case(mes-40, del-38)
det(mes-40, mismo-39)
nmod(día-36, mes-40)
obj(llevaron-42, lo-41)
obl(detenido-3, llevaron-42)
conj:y(ocupación-31, llevaron-42)
case(hermano-45, ante-43)
det(hermano-45, su-44)
obl(llevaron-42, hermano-45)
appos(hermano-45, GILDARDO-46)
case(apellidos-51, de-47)
det(apellidos-51, los-48)
det(los-48, mismos-49)
nummod(los-48, ---50)
nmod(hermano-45, apellidos-51)
punct(oficio-55, ,-52)
case(oficio-55, del-53)
det(oficio-55, mismo-54)
nmod(hermano-45, oficio-55)
punct(oficio-55, ,-56)
amod(hermano-45, domiciliado-57)
case(calle-60, en-58)
det(calle-60, la-59)
obl(domiciliado-57, calle-60)
nummod(calle-60, 6-61)

Extracted the following NER entity mentions:
Policía Judicial Federal NOE	ORGANIZATION	ORGANIZATION:0.8920641209511615
SALINAS MANRIQUE	PERSON	PERSON:0.604094642826267
35	NUMBER	NUMBER:-1.0
Pie	MISC	MISC:0.6210526418648168
chofer	TITLE	-
31	NUMBER	NUMBER:-1.0
GILDARDO	MISC	MISC:0.3922291265322926
6	NUMBER	NUMBER:-1.0
