Document: ID=file_390.txt (10 sentences, 174 tokens)

Sentence #1 (43 tokens):
re de 1973, con la firma de este elemento y o-
tors, en la que hablan de dos emboscadas puestas
al Ejército como una señalación del camino hacia
la guerra de los pobres contra los millonarios o-
presores.

Tokens:
[Text=re CharacterOffsetBegin=0 CharacterOffsetEnd=2 PartOfSpeech=NOUN Lemma=re NamedEntityTag=O]
[Text=de CharacterOffsetBegin=3 CharacterOffsetEnd=5 PartOfSpeech=ADP Lemma=de NamedEntityTag=O]
[Text=1973 CharacterOffsetBegin=6 CharacterOffsetEnd=10 PartOfSpeech=NOUN Lemma=1973 NamedEntityTag=NUMBER NormalizedNamedEntityTag=1973.0]
[Text=, CharacterOffsetBegin=10 CharacterOffsetEnd=11 PartOfSpeech=PUNCT Lemma=, NamedEntityTag=O]
[Text=con CharacterOffsetBegin=12 CharacterOffsetEnd=15 PartOfSpeech=ADP Lemma=con NamedEntityTag=O]
[Text=la CharacterOffsetBegin=16 CharacterOffsetEnd=18 PartOfSpeech=DET Lemma=la NamedEntityTag=O]
[Text=firma CharacterOffsetBegin=19 CharacterOffsetEnd=24 PartOfSpeech=NOUN Lemma=firma NamedEntityTag=O]
[Text=de CharacterOffsetBegin=25 CharacterOffsetEnd=27 PartOfSpeech=ADP Lemma=de NamedEntityTag=O]
[Text=este CharacterOffsetBegin=28 CharacterOffsetEnd=32 PartOfSpeech=DET Lemma=este NamedEntityTag=O]
[Text=elemento CharacterOffsetBegin=33 CharacterOffsetEnd=41 PartOfSpeech=NOUN Lemma=elemento NamedEntityTag=O]
[Text=y CharacterOffsetBegin=42 CharacterOffsetEnd=43 PartOfSpeech=CCONJ Lemma=y NamedEntityTag=O]
[Text=o CharacterOffsetBegin=44 CharacterOffsetEnd=45 PartOfSpeech=CCONJ Lemma=o NamedEntityTag=O]
[Text=- CharacterOffsetBegin=45 CharacterOffsetEnd=46 PartOfSpeech=PUNCT Lemma=- NamedEntityTag=O]
[Text=tors CharacterOffsetBegin=47 CharacterOffsetEnd=51 PartOfSpeech=NOUN Lemma=tors NamedEntityTag=O]
[Text=, CharacterOffsetBegin=51 CharacterOffsetEnd=52 PartOfSpeech=PUNCT Lemma=, NamedEntityTag=O]
[Text=en CharacterOffsetBegin=53 CharacterOffsetEnd=55 PartOfSpeech=ADP Lemma=en NamedEntityTag=O]
[Text=la CharacterOffsetBegin=56 CharacterOffsetEnd=58 PartOfSpeech=DET Lemma=la NamedEntityTag=O]
[Text=que CharacterOffsetBegin=59 CharacterOffsetEnd=62 PartOfSpeech=PRON Lemma=que NamedEntityTag=O]
[Text=hablan CharacterOffsetBegin=63 CharacterOffsetEnd=69 PartOfSpeech=VERB Lemma=hablan NamedEntityTag=O]
[Text=de CharacterOffsetBegin=70 CharacterOffsetEnd=72 PartOfSpeech=ADP Lemma=de NamedEntityTag=O]
[Text=dos CharacterOffsetBegin=73 CharacterOffsetEnd=76 PartOfSpeech=NUM Lemma=dos NamedEntityTag=NUMBER]
[Text=emboscadas CharacterOffsetBegin=77 CharacterOffsetEnd=87 PartOfSpeech=NOUN Lemma=emboscadas NamedEntityTag=O]
[Text=puestas CharacterOffsetBegin=88 CharacterOffsetEnd=95 PartOfSpeech=ADJ Lemma=puestas NamedEntityTag=O]
[Text=al CharacterOffsetBegin=96 CharacterOffsetEnd=98 PartOfSpeech=ADP Lemma=al NamedEntityTag=O]
[Text=Ejército CharacterOffsetBegin=99 CharacterOffsetEnd=107 PartOfSpeech=PROPN Lemma=ejército NamedEntityTag=ORGANIZATION]
[Text=como CharacterOffsetBegin=108 CharacterOffsetEnd=112 PartOfSpeech=SCONJ Lemma=como NamedEntityTag=O]
[Text=una CharacterOffsetBegin=113 CharacterOffsetEnd=116 PartOfSpeech=DET Lemma=una NamedEntityTag=O]
[Text=señalación CharacterOffsetBegin=117 CharacterOffsetEnd=127 PartOfSpeech=NOUN Lemma=señalación NamedEntityTag=O]
[Text=del CharacterOffsetBegin=128 CharacterOffsetEnd=131 PartOfSpeech=ADP Lemma=del NamedEntityTag=O]
[Text=camino CharacterOffsetBegin=132 CharacterOffsetEnd=138 PartOfSpeech=NOUN Lemma=camino NamedEntityTag=O]
[Text=hacia CharacterOffsetBegin=139 CharacterOffsetEnd=144 PartOfSpeech=ADP Lemma=hacia NamedEntityTag=O]
[Text=la CharacterOffsetBegin=145 CharacterOffsetEnd=147 PartOfSpeech=DET Lemma=la NamedEntityTag=O]
[Text=guerra CharacterOffsetBegin=148 CharacterOffsetEnd=154 PartOfSpeech=NOUN Lemma=guerra NamedEntityTag=CAUSE_OF_DEATH]
[Text=de CharacterOffsetBegin=155 CharacterOffsetEnd=157 PartOfSpeech=ADP Lemma=de NamedEntityTag=O]
[Text=los CharacterOffsetBegin=158 CharacterOffsetEnd=161 PartOfSpeech=DET Lemma=los NamedEntityTag=O]
[Text=pobres CharacterOffsetBegin=162 CharacterOffsetEnd=168 PartOfSpeech=NOUN Lemma=pobres NamedEntityTag=O]
[Text=contra CharacterOffsetBegin=169 CharacterOffsetEnd=175 PartOfSpeech=ADP Lemma=contra NamedEntityTag=O]
[Text=los CharacterOffsetBegin=176 CharacterOffsetEnd=179 PartOfSpeech=DET Lemma=los NamedEntityTag=O]
[Text=millonarios CharacterOffsetBegin=180 CharacterOffsetEnd=191 PartOfSpeech=ADJ Lemma=millonarios NamedEntityTag=O]
[Text=o CharacterOffsetBegin=192 CharacterOffsetEnd=193 PartOfSpeech=CCONJ Lemma=o NamedEntityTag=O]
[Text=- CharacterOffsetBegin=193 CharacterOffsetEnd=194 PartOfSpeech=PUNCT Lemma=- NamedEntityTag=O]
[Text=presores CharacterOffsetBegin=195 CharacterOffsetEnd=203 PartOfSpeech=ADJ Lemma=presores NamedEntityTag=O]
[Text=. CharacterOffsetBegin=203 CharacterOffsetEnd=204 PartOfSpeech=PUNCT Lemma=. NamedEntityTag=O]

Dependency Parse (enhanced plus plus dependencies):
root(ROOT-0, re-1)
case(1973-3, de-2)
nmod(re-1, 1973-3)
punct(firma-7, ,-4)
case(firma-7, con-5)
det(firma-7, la-6)
nmod(re-1, firma-7)
case(elemento-10, de-8)
det(elemento-10, este-9)
nmod(firma-7, elemento-10)
cc(tors-14, y-11)
cc(tors-14, o-12)
punct(tors-14, --13)
nmod(re-1, tors-14)
conj:o(firma-7, tors-14)
punct(firma-7, ,-15)
case(que-18, en-16)
det(que-18, la-17)
obl(hablan-19, que-18)
acl(re-1, hablan-19)
case(emboscadas-22, de-20)
nummod(emboscadas-22, dos-21)
obj(hablan-19, emboscadas-22)
amod(emboscadas-22, puestas-23)
case(Ejército-25, al-24)
obj(puestas-23, Ejército-25)
mark(señalación-28, como-26)
det(señalación-28, una-27)
obl(hablan-19, señalación-28)
case(camino-30, del-29)
nmod(señalación-28, camino-30)
case(guerra-33, hacia-31)
det(guerra-33, la-32)
nmod(camino-30, guerra-33)
case(pobres-36, de-34)
det(pobres-36, los-35)
nmod(guerra-33, pobres-36)
case(millonarios-39, contra-37)
det(millonarios-39, los-38)
nmod(guerra-33, millonarios-39)
cc(presores-42, o-40)
punct(presores-42, --41)
nmod(guerra-33, presores-42)
conj:o(millonarios-39, presores-42)
punct(re-1, .-43)

Extracted the following NER entity mentions:
1973	NUMBER	NUMBER:-1.0
dos	NUMBER	-
Ejército	ORGANIZATION	ORGANIZATION:0.9870597059556047
guerra	CAUSE_OF_DEATH	-

Sentence #2 (17 tokens):
- Hablan de su viril actuación que con-
trasta con el cobarde proceder del Ejército.

Tokens:
[Text=- CharacterOffsetBegin=204 CharacterOffsetEnd=205 PartOfSpeech=PUNCT Lemma=- NamedEntityTag=O]
[Text=Hablan CharacterOffsetBegin=206 CharacterOffsetEnd=212 PartOfSpeech=VERB Lemma=hablan NamedEntityTag=O]
[Text=de CharacterOffsetBegin=213 CharacterOffsetEnd=215 PartOfSpeech=ADP Lemma=de NamedEntityTag=O]
[Text=su CharacterOffsetBegin=216 CharacterOffsetEnd=218 PartOfSpeech=DET Lemma=su NamedEntityTag=O]
[Text=viril CharacterOffsetBegin=219 CharacterOffsetEnd=224 PartOfSpeech=ADJ Lemma=viril NamedEntityTag=O]
[Text=actuación CharacterOffsetBegin=225 CharacterOffsetEnd=234 PartOfSpeech=NOUN Lemma=actuación NamedEntityTag=O]
[Text=que CharacterOffsetBegin=235 CharacterOffsetEnd=238 PartOfSpeech=PRON Lemma=que NamedEntityTag=O]
[Text=con CharacterOffsetBegin=239 CharacterOffsetEnd=242 PartOfSpeech=ADP Lemma=con NamedEntityTag=O]
[Text=- CharacterOffsetBegin=242 CharacterOffsetEnd=243 PartOfSpeech=PUNCT Lemma=- NamedEntityTag=O]
[Text=trasta CharacterOffsetBegin=244 CharacterOffsetEnd=250 PartOfSpeech=NOUN Lemma=trasta NamedEntityTag=O]
[Text=con CharacterOffsetBegin=251 CharacterOffsetEnd=254 PartOfSpeech=ADP Lemma=con NamedEntityTag=O]
[Text=el CharacterOffsetBegin=255 CharacterOffsetEnd=257 PartOfSpeech=DET Lemma=el NamedEntityTag=O]
[Text=cobarde CharacterOffsetBegin=258 CharacterOffsetEnd=265 PartOfSpeech=ADJ Lemma=cobarde NamedEntityTag=O]
[Text=proceder CharacterOffsetBegin=266 CharacterOffsetEnd=274 PartOfSpeech=NOUN Lemma=proceder NamedEntityTag=O]
[Text=del CharacterOffsetBegin=275 CharacterOffsetEnd=278 PartOfSpeech=ADP Lemma=del NamedEntityTag=O]
[Text=Ejército CharacterOffsetBegin=279 CharacterOffsetEnd=287 PartOfSpeech=PROPN Lemma=ejército NamedEntityTag=ORGANIZATION]
[Text=. CharacterOffsetBegin=287 CharacterOffsetEnd=288 PartOfSpeech=PUNCT Lemma=. NamedEntityTag=O]

Dependency Parse (enhanced plus plus dependencies):
root(ROOT-0, Hablan-2)
punct(Hablan-2, --1)
case(actuación-6, de-3)
det(actuación-6, su-4)
amod(actuación-6, viril-5)
obj(Hablan-2, actuación-6)
appos(actuación-6, que-7)
case(trasta-10, con-8)
punct(trasta-10, --9)
nmod(que-7, trasta-10)
case(proceder-14, con-11)
det(proceder-14, el-12)
amod(proceder-14, cobarde-13)
nmod(trasta-10, proceder-14)
case(Ejército-16, del-15)
nmod(proceder-14, Ejército-16)
punct(Hablan-2, .-17)

Extracted the following NER entity mentions:
Ejército	ORGANIZATION	ORGANIZATION:0.9898410893828979

Sentence #3 (17 tokens):
- Ter
minan con el lema de Viva la guerra campesina y
muera el mal Gobierno.

Tokens:
[Text=- CharacterOffsetBegin=288 CharacterOffsetEnd=289 PartOfSpeech=PUNCT Lemma=- NamedEntityTag=O]
[Text=Ter CharacterOffsetBegin=290 CharacterOffsetEnd=293 PartOfSpeech=PROPN Lemma=ter NamedEntityTag=O]
[Text=minan CharacterOffsetBegin=294 CharacterOffsetEnd=299 PartOfSpeech=VERB Lemma=minan NamedEntityTag=O]
[Text=con CharacterOffsetBegin=300 CharacterOffsetEnd=303 PartOfSpeech=ADP Lemma=con NamedEntityTag=O]
[Text=el CharacterOffsetBegin=304 CharacterOffsetEnd=306 PartOfSpeech=DET Lemma=el NamedEntityTag=O]
[Text=lema CharacterOffsetBegin=307 CharacterOffsetEnd=311 PartOfSpeech=NOUN Lemma=lema NamedEntityTag=O]
[Text=de CharacterOffsetBegin=312 CharacterOffsetEnd=314 PartOfSpeech=ADP Lemma=de NamedEntityTag=O]
[Text=Viva CharacterOffsetBegin=315 CharacterOffsetEnd=319 PartOfSpeech=PROPN Lemma=viva NamedEntityTag=MISC]
[Text=la CharacterOffsetBegin=320 CharacterOffsetEnd=322 PartOfSpeech=DET Lemma=la NamedEntityTag=MISC]
[Text=guerra CharacterOffsetBegin=323 CharacterOffsetEnd=329 PartOfSpeech=PROPN Lemma=guerra NamedEntityTag=CAUSE_OF_DEATH]
[Text=campesina CharacterOffsetBegin=330 CharacterOffsetEnd=339 PartOfSpeech=PROPN Lemma=campesina NamedEntityTag=MISC]
[Text=y CharacterOffsetBegin=340 CharacterOffsetEnd=341 PartOfSpeech=CCONJ Lemma=y NamedEntityTag=O]
[Text=muera CharacterOffsetBegin=342 CharacterOffsetEnd=347 PartOfSpeech=VERB Lemma=muera NamedEntityTag=O]
[Text=el CharacterOffsetBegin=348 CharacterOffsetEnd=350 PartOfSpeech=DET Lemma=el NamedEntityTag=O]
[Text=mal CharacterOffsetBegin=351 CharacterOffsetEnd=354 PartOfSpeech=NOUN Lemma=mal NamedEntityTag=O]
[Text=Gobierno CharacterOffsetBegin=355 CharacterOffsetEnd=363 PartOfSpeech=PROPN Lemma=gobierno NamedEntityTag=ORGANIZATION]
[Text=. CharacterOffsetBegin=363 CharacterOffsetEnd=364 PartOfSpeech=PUNCT Lemma=. NamedEntityTag=O]

Dependency Parse (enhanced plus plus dependencies):
root(ROOT-0, minan-3)
punct(minan-3, --1)
nsubj(minan-3, Ter-2)
case(lema-6, con-4)
det(lema-6, el-5)
obj(minan-3, lema-6)
case(Viva-8, de-7)
nmod(lema-6, Viva-8)
det(guerra-10, la-9)
flat(Viva-8, guerra-10)
flat(Viva-8, campesina-11)
cc(muera-13, y-12)
conj:y(minan-3, muera-13)
det(mal-15, el-14)
obj(muera-13, mal-15)
appos(mal-15, Gobierno-16)
punct(minan-3, .-17)

Extracted the following NER entity mentions:
Viva la	MISC	MISC:0.8378020413367916
guerra	CAUSE_OF_DEATH	MISC:0.8336916132649729
campesina	MISC	MISC:0.6194991840412388
Gobierno	ORGANIZATION	ORGANIZATION:0.9812866542566667

Sentence #4 (3 tokens):
- Exp.100-10-16-4-73.

Tokens:
[Text=- CharacterOffsetBegin=364 CharacterOffsetEnd=365 PartOfSpeech=PUNCT Lemma=- NamedEntityTag=O]
[Text=Exp.100-10-16-4-73 CharacterOffsetBegin=366 CharacterOffsetEnd=384 PartOfSpeech=NUM Lemma=exp.100-10-16-4-73 NamedEntityTag=O]
[Text=. CharacterOffsetBegin=384 CharacterOffsetEnd=385 PartOfSpeech=PUNCT Lemma=. NamedEntityTag=O]

Dependency Parse (enhanced plus plus dependencies):
root(ROOT-0, Exp.100-10-16-4-73-2)
punct(Exp.100-10-16-4-73-2, --1)
punct(Exp.100-10-16-4-73-2, .-3)

Extracted the following NER entity mentions:

Sentence #5 (6 tokens):
H-204 L-8
27-Dic.73.

Tokens:
[Text=H-204 CharacterOffsetBegin=386 CharacterOffsetEnd=391 PartOfSpeech=NUM Lemma=h-204 NamedEntityTag=O]
[Text=L-8 CharacterOffsetBegin=392 CharacterOffsetEnd=395 PartOfSpeech=NUM Lemma=l-8 NamedEntityTag=O]
[Text=27 CharacterOffsetBegin=396 CharacterOffsetEnd=398 PartOfSpeech=NUM Lemma=27 NamedEntityTag=O]
[Text=- CharacterOffsetBegin=398 CharacterOffsetEnd=399 PartOfSpeech=PUNCT Lemma=- NamedEntityTag=O]
[Text=Dic.73 CharacterOffsetBegin=399 CharacterOffsetEnd=405 PartOfSpeech=NUM Lemma=dic.73 NamedEntityTag=O]
[Text=. CharacterOffsetBegin=405 CharacterOffsetEnd=406 PartOfSpeech=PUNCT Lemma=. NamedEntityTag=O]

Dependency Parse (enhanced plus plus dependencies):
root(ROOT-0, L-8-2)
nummod(L-8-2, H-204-1)
compound(L-8-2, 27-3)
punct(L-8-2, --4)
appos(L-8-2, Dic.73-5)
punct(L-8-2, .-6)

Extracted the following NER entity mentions:

Sentence #6 (5 tokens):
-El 26 actl.

Tokens:
[Text=- CharacterOffsetBegin=406 CharacterOffsetEnd=407 PartOfSpeech=PUNCT Lemma=- NamedEntityTag=O]
[Text=El CharacterOffsetBegin=407 CharacterOffsetEnd=409 PartOfSpeech=DET Lemma=el NamedEntityTag=O]
[Text=26 CharacterOffsetBegin=410 CharacterOffsetEnd=412 PartOfSpeech=NUM Lemma=26 NamedEntityTag=NUMBER NormalizedNamedEntityTag=26.0]
[Text=actl CharacterOffsetBegin=413 CharacterOffsetEnd=417 PartOfSpeech=NOUN Lemma=actl NamedEntityTag=O]
[Text=. CharacterOffsetBegin=417 CharacterOffsetEnd=418 PartOfSpeech=PUNCT Lemma=. NamedEntityTag=O]

Dependency Parse (enhanced plus plus dependencies):
root(ROOT-0, actl-4)
punct(actl-4, --1)
det(26-3, El-2)
nummod(actl-4, 26-3)
punct(actl-4, .-5)

Extracted the following NER entity mentions:
26	NUMBER	NUMBER:-1.0

Sentence #7 (6 tokens):
, en Acapulco, Gro.

Tokens:
[Text=, CharacterOffsetBegin=418 CharacterOffsetEnd=419 PartOfSpeech=PUNCT Lemma=, NamedEntityTag=O]
[Text=en CharacterOffsetBegin=420 CharacterOffsetEnd=422 PartOfSpeech=ADP Lemma=en NamedEntityTag=O]
[Text=Acapulco CharacterOffsetBegin=423 CharacterOffsetEnd=431 PartOfSpeech=PROPN Lemma=acapulco NamedEntityTag=CITY]
[Text=, CharacterOffsetBegin=431 CharacterOffsetEnd=432 PartOfSpeech=PUNCT Lemma=, NamedEntityTag=O]
[Text=Gro CharacterOffsetBegin=433 CharacterOffsetEnd=436 PartOfSpeech=PROPN Lemma=gro NamedEntityTag=PERSON]
[Text=. CharacterOffsetBegin=436 CharacterOffsetEnd=437 PartOfSpeech=PUNCT Lemma=. NamedEntityTag=O]

Dependency Parse (enhanced plus plus dependencies):
root(ROOT-0, Acapulco-3)
punct(Acapulco-3, ,-1)
case(Acapulco-3, en-2)
punct(Acapulco-3, ,-4)
flat(Acapulco-3, Gro-5)
punct(Acapulco-3, .-6)

Extracted the following NER entity mentions:
Acapulco	CITY	LOCATION:0.9987041548224721
Gro	PERSON	PERSON:0.5063529724443563

Sentence #8 (22 tokens):
, en el -
periódico Prensa Libre, que se edita en este --
Puerto, se publicó en el No.

Tokens:
[Text=, CharacterOffsetBegin=437 CharacterOffsetEnd=438 PartOfSpeech=PUNCT Lemma=, NamedEntityTag=O]
[Text=en CharacterOffsetBegin=439 CharacterOffsetEnd=441 PartOfSpeech=ADP Lemma=en NamedEntityTag=O]
[Text=el CharacterOffsetBegin=442 CharacterOffsetEnd=444 PartOfSpeech=DET Lemma=el NamedEntityTag=O]
[Text=- CharacterOffsetBegin=445 CharacterOffsetEnd=446 PartOfSpeech=PUNCT Lemma=- NamedEntityTag=O]
[Text=periódico CharacterOffsetBegin=447 CharacterOffsetEnd=456 PartOfSpeech=NOUN Lemma=periódico NamedEntityTag=O]
[Text=Prensa CharacterOffsetBegin=457 CharacterOffsetEnd=463 PartOfSpeech=PROPN Lemma=prensa NamedEntityTag=MISC]
[Text=Libre CharacterOffsetBegin=464 CharacterOffsetEnd=469 PartOfSpeech=ADJ Lemma=libre NamedEntityTag=MISC]
[Text=, CharacterOffsetBegin=469 CharacterOffsetEnd=470 PartOfSpeech=PUNCT Lemma=, NamedEntityTag=O]
[Text=que CharacterOffsetBegin=471 CharacterOffsetEnd=474 PartOfSpeech=PRON Lemma=que NamedEntityTag=O]
[Text=se CharacterOffsetBegin=475 CharacterOffsetEnd=477 PartOfSpeech=PRON Lemma=se NamedEntityTag=O]
[Text=edita CharacterOffsetBegin=478 CharacterOffsetEnd=483 PartOfSpeech=VERB Lemma=edita NamedEntityTag=O]
[Text=en CharacterOffsetBegin=484 CharacterOffsetEnd=486 PartOfSpeech=ADP Lemma=en NamedEntityTag=O]
[Text=este CharacterOffsetBegin=487 CharacterOffsetEnd=491 PartOfSpeech=DET Lemma=este NamedEntityTag=O]
[Text=-- CharacterOffsetBegin=492 CharacterOffsetEnd=494 PartOfSpeech=PROPN Lemma=-- NamedEntityTag=O]
[Text=Puerto CharacterOffsetBegin=495 CharacterOffsetEnd=501 PartOfSpeech=PROPN Lemma=puerto NamedEntityTag=CITY]
[Text=, CharacterOffsetBegin=501 CharacterOffsetEnd=502 PartOfSpeech=PUNCT Lemma=, NamedEntityTag=O]
[Text=se CharacterOffsetBegin=503 CharacterOffsetEnd=505 PartOfSpeech=PRON Lemma=se NamedEntityTag=O]
[Text=publicó CharacterOffsetBegin=506 CharacterOffsetEnd=513 PartOfSpeech=VERB Lemma=publicó NamedEntityTag=O]
[Text=en CharacterOffsetBegin=514 CharacterOffsetEnd=516 PartOfSpeech=ADP Lemma=en NamedEntityTag=O]
[Text=el CharacterOffsetBegin=517 CharacterOffsetEnd=519 PartOfSpeech=DET Lemma=el NamedEntityTag=O]
[Text=No CharacterOffsetBegin=520 CharacterOffsetEnd=522 PartOfSpeech=ADV Lemma=no NamedEntityTag=O]
[Text=. CharacterOffsetBegin=522 CharacterOffsetEnd=523 PartOfSpeech=PUNCT Lemma=. NamedEntityTag=O]

Dependency Parse (enhanced plus plus dependencies):
root(ROOT-0, publicó-18)
punct(periódico-5, ,-1)
case(periódico-5, en-2)
det(periódico-5, el-3)
punct(periódico-5, --4)
obl(publicó-18, periódico-5)
appos(periódico-5, Prensa-6)
flat(Prensa-6, Libre-7)
punct(periódico-5, ,-8)
nsubj(edita-11, que-9)
obj(edita-11, se-10)
acl(periódico-5, edita-11)
case(---14, en-12)
det(---14, este-13)
obl(edita-11, ---14)
flat(---14, Puerto-15)
punct(periódico-5, ,-16)
obj(publicó-18, se-17)
case(No-21, en-19)
det(No-21, el-20)
advmod(publicó-18, No-21)
punct(publicó-18, .-22)

Extracted the following NER entity mentions:
Prensa Libre	MISC	MISC:0.9894738047071057
Puerto	CITY	LOCATION:0.5643640210612875

Sentence #9 (54 tokens):
1213, en su primera -
plana, una supuesta carta de LUCIO CABAÑAS BA-
RRIENTOS, firmada por este elemento y otros, en-
la que manifiestan que el 18 de novimbre pasado,
efectuaron una emboscada a soldados del mal Go-
bierno haciendo 12 bajas sin recoger armas.

Tokens:
[Text=1213 CharacterOffsetBegin=524 CharacterOffsetEnd=528 PartOfSpeech=NUM Lemma=1213 NamedEntityTag=NUMBER NormalizedNamedEntityTag=1213.0]
[Text=, CharacterOffsetBegin=528 CharacterOffsetEnd=529 PartOfSpeech=PUNCT Lemma=, NamedEntityTag=O]
[Text=en CharacterOffsetBegin=530 CharacterOffsetEnd=532 PartOfSpeech=ADP Lemma=en NamedEntityTag=O]
[Text=su CharacterOffsetBegin=533 CharacterOffsetEnd=535 PartOfSpeech=DET Lemma=su NamedEntityTag=O]
[Text=primera CharacterOffsetBegin=536 CharacterOffsetEnd=543 PartOfSpeech=ADJ Lemma=primera NamedEntityTag=O]
[Text=- CharacterOffsetBegin=544 CharacterOffsetEnd=545 PartOfSpeech=PUNCT Lemma=- NamedEntityTag=O]
[Text=plana CharacterOffsetBegin=546 CharacterOffsetEnd=551 PartOfSpeech=ADJ Lemma=plana NamedEntityTag=O]
[Text=, CharacterOffsetBegin=551 CharacterOffsetEnd=552 PartOfSpeech=PUNCT Lemma=, NamedEntityTag=O]
[Text=una CharacterOffsetBegin=553 CharacterOffsetEnd=556 PartOfSpeech=DET Lemma=una NamedEntityTag=O]
[Text=supuesta CharacterOffsetBegin=557 CharacterOffsetEnd=565 PartOfSpeech=ADJ Lemma=supuesta NamedEntityTag=O]
[Text=carta CharacterOffsetBegin=566 CharacterOffsetEnd=571 PartOfSpeech=NOUN Lemma=carta NamedEntityTag=O]
[Text=de CharacterOffsetBegin=572 CharacterOffsetEnd=574 PartOfSpeech=ADP Lemma=de NamedEntityTag=O]
[Text=LUCIO CharacterOffsetBegin=575 CharacterOffsetEnd=580 PartOfSpeech=PROPN Lemma=lucio NamedEntityTag=ORGANIZATION]
[Text=CABAÑAS CharacterOffsetBegin=581 CharacterOffsetEnd=588 PartOfSpeech=PROPN Lemma=cabañas NamedEntityTag=ORGANIZATION]
[Text=BA CharacterOffsetBegin=589 CharacterOffsetEnd=591 PartOfSpeech=PROPN Lemma=ba NamedEntityTag=ORGANIZATION]
[Text=- CharacterOffsetBegin=591 CharacterOffsetEnd=592 PartOfSpeech=PUNCT Lemma=- NamedEntityTag=ORGANIZATION]
[Text=RRIENTOS CharacterOffsetBegin=593 CharacterOffsetEnd=601 PartOfSpeech=PROPN Lemma=rrientos NamedEntityTag=ORGANIZATION]
[Text=, CharacterOffsetBegin=601 CharacterOffsetEnd=602 PartOfSpeech=PUNCT Lemma=, NamedEntityTag=O]
[Text=firmada CharacterOffsetBegin=603 CharacterOffsetEnd=610 PartOfSpeech=ADJ Lemma=firmada NamedEntityTag=O]
[Text=por CharacterOffsetBegin=611 CharacterOffsetEnd=614 PartOfSpeech=ADP Lemma=por NamedEntityTag=O]
[Text=este CharacterOffsetBegin=615 CharacterOffsetEnd=619 PartOfSpeech=DET Lemma=este NamedEntityTag=O]
[Text=elemento CharacterOffsetBegin=620 CharacterOffsetEnd=628 PartOfSpeech=NOUN Lemma=elemento NamedEntityTag=O]
[Text=y CharacterOffsetBegin=629 CharacterOffsetEnd=630 PartOfSpeech=CCONJ Lemma=y NamedEntityTag=O]
[Text=otros CharacterOffsetBegin=631 CharacterOffsetEnd=636 PartOfSpeech=PRON Lemma=otros NamedEntityTag=O]
[Text=, CharacterOffsetBegin=636 CharacterOffsetEnd=637 PartOfSpeech=PUNCT Lemma=, NamedEntityTag=O]
[Text=en CharacterOffsetBegin=638 CharacterOffsetEnd=640 PartOfSpeech=ADP Lemma=en NamedEntityTag=O]
[Text=- CharacterOffsetBegin=640 CharacterOffsetEnd=641 PartOfSpeech=PUNCT Lemma=- NamedEntityTag=O]
[Text=la CharacterOffsetBegin=642 CharacterOffsetEnd=644 PartOfSpeech=DET Lemma=la NamedEntityTag=O]
[Text=que CharacterOffsetBegin=645 CharacterOffsetEnd=648 PartOfSpeech=PRON Lemma=que NamedEntityTag=O]
[Text=manifiestan CharacterOffsetBegin=649 CharacterOffsetEnd=660 PartOfSpeech=VERB Lemma=manifiestan NamedEntityTag=O]
[Text=que CharacterOffsetBegin=661 CharacterOffsetEnd=664 PartOfSpeech=SCONJ Lemma=que NamedEntityTag=O]
[Text=el CharacterOffsetBegin=665 CharacterOffsetEnd=667 PartOfSpeech=DET Lemma=el NamedEntityTag=O]
[Text=18 CharacterOffsetBegin=668 CharacterOffsetEnd=670 PartOfSpeech=NUM Lemma=18 NamedEntityTag=NUMBER NormalizedNamedEntityTag=18.0]
[Text=de CharacterOffsetBegin=671 CharacterOffsetEnd=673 PartOfSpeech=ADP Lemma=de NamedEntityTag=O]
[Text=novimbre CharacterOffsetBegin=674 CharacterOffsetEnd=682 PartOfSpeech=NOUN Lemma=novimbre NamedEntityTag=O]
[Text=pasado CharacterOffsetBegin=683 CharacterOffsetEnd=689 PartOfSpeech=ADJ Lemma=pasado NamedEntityTag=O]
[Text=, CharacterOffsetBegin=689 CharacterOffsetEnd=690 PartOfSpeech=PUNCT Lemma=, NamedEntityTag=O]
[Text=efectuaron CharacterOffsetBegin=691 CharacterOffsetEnd=701 PartOfSpeech=VERB Lemma=efectuaron NamedEntityTag=O]
[Text=una CharacterOffsetBegin=702 CharacterOffsetEnd=705 PartOfSpeech=DET Lemma=una NamedEntityTag=O]
[Text=emboscada CharacterOffsetBegin=706 CharacterOffsetEnd=715 PartOfSpeech=NOUN Lemma=emboscada NamedEntityTag=O]
[Text=a CharacterOffsetBegin=716 CharacterOffsetEnd=717 PartOfSpeech=ADP Lemma=a NamedEntityTag=O]
[Text=soldados CharacterOffsetBegin=718 CharacterOffsetEnd=726 PartOfSpeech=NOUN Lemma=soldados NamedEntityTag=O]
[Text=del CharacterOffsetBegin=727 CharacterOffsetEnd=730 PartOfSpeech=ADP Lemma=del NamedEntityTag=O]
[Text=mal CharacterOffsetBegin=731 CharacterOffsetEnd=734 PartOfSpeech=NOUN Lemma=mal NamedEntityTag=O]
[Text=Go CharacterOffsetBegin=735 CharacterOffsetEnd=737 PartOfSpeech=PROPN Lemma=go NamedEntityTag=O]
[Text=- CharacterOffsetBegin=737 CharacterOffsetEnd=738 PartOfSpeech=PUNCT Lemma=- NamedEntityTag=O]
[Text=bierno CharacterOffsetBegin=739 CharacterOffsetEnd=745 PartOfSpeech=ADJ Lemma=bierno NamedEntityTag=O]
[Text=haciendo CharacterOffsetBegin=746 CharacterOffsetEnd=754 PartOfSpeech=AUX Lemma=haciendo NamedEntityTag=O]
[Text=12 CharacterOffsetBegin=755 CharacterOffsetEnd=757 PartOfSpeech=NUM Lemma=12 NamedEntityTag=NUMBER NormalizedNamedEntityTag=12.0]
[Text=bajas CharacterOffsetBegin=758 CharacterOffsetEnd=763 PartOfSpeech=NOUN Lemma=bajas NamedEntityTag=O]
[Text=sin CharacterOffsetBegin=764 CharacterOffsetEnd=767 PartOfSpeech=ADP Lemma=sin NamedEntityTag=O]
[Text=recoger CharacterOffsetBegin=768 CharacterOffsetEnd=775 PartOfSpeech=VERB Lemma=recoger NamedEntityTag=O]
[Text=armas CharacterOffsetBegin=776 CharacterOffsetEnd=781 PartOfSpeech=NOUN Lemma=armas NamedEntityTag=O]
[Text=. CharacterOffsetBegin=781 CharacterOffsetEnd=782 PartOfSpeech=PUNCT Lemma=. NamedEntityTag=O]

Dependency Parse (enhanced plus plus dependencies):
root(ROOT-0, 1213-1)
punct(plana-7, ,-2)
case(plana-7, en-3)
det(plana-7, su-4)
amod(plana-7, primera-5)
punct(plana-7, --6)
conj(1213-1, plana-7)
punct(plana-7, ,-8)
det(carta-11, una-9)
amod(carta-11, supuesta-10)
obj(plana-7, carta-11)
case(LUCIO-13, de-12)
nmod(carta-11, LUCIO-13)
flat(LUCIO-13, CABAÑAS-14)
flat(LUCIO-13, BA-15)
punct(RRIENTOS-17, --16)
appos(carta-11, RRIENTOS-17)
punct(firmada-19, ,-18)
amod(RRIENTOS-17, firmada-19)
case(elemento-22, por-20)
det(elemento-22, este-21)
obj(firmada-19, elemento-22)
cc(otros-24, y-23)
amod(RRIENTOS-17, otros-24)
conj:y(firmada-19, otros-24)
punct(manifiestan-30, ,-25)
mark(manifiestan-30, en-26)
punct(manifiestan-30, --27)
det(manifiestan-30, la-28)
nsubj(manifiestan-30, que-29)
acl(otros-24, manifiestan-30)
mark(efectuaron-38, que-31)
det(18-33, el-32)
nsubj(efectuaron-38, 18-33)
case(novimbre-35, de-34)
compound(18-33, novimbre-35)
amod(18-33, pasado-36)
punct(18-33, ,-37)
ccomp(manifiestan-30, efectuaron-38)
det(emboscada-40, una-39)
obj(efectuaron-38, emboscada-40)
case(soldados-42, a-41)
obj(efectuaron-38, soldados-42)
case(mal-44, del-43)
nmod(soldados-42, mal-44)
appos(mal-44, Go-45)
punct(bierno-47, --46)
amod(soldados-42, bierno-47)
advcl(bierno-47, haciendo-48)
nummod(bajas-50, 12-49)
obj(haciendo-48, bajas-50)
mark(recoger-52, sin-51)
acl(bajas-50, recoger-52)
obj(recoger-52, armas-53)
punct(1213-1, .-54)

Extracted the following NER entity mentions:
1213	NUMBER	NUMBER:-1.0
LUCIO CABAÑAS BA-
RRIENTOS	ORGANIZATION	ORGANIZATION:0.2222265755783328
18	NUMBER	NUMBER:-1.0
12	NUMBER	NUMBER:-1.0

Sentence #10 (1 tokens):
-

Tokens:
[Text=- CharacterOffsetBegin=782 CharacterOffsetEnd=783 PartOfSpeech=PUNCT Lemma=- NamedEntityTag=O]

Dependency Parse (enhanced plus plus dependencies):
root(ROOT-0, --1)

Extracted the following NER entity mentions:
