Document: ID=file_377.txt (4 sentences, 164 tokens)

Sentence #1 (102 tokens):
QUES sintio a necesidad de convertirse en líder
e inventó lo del grupo guerrillero para convencer-
a estas dos personas, reconoce que sólo conven---
cio a ALEJANDRO del que dice es muy bruto, no --
así a Norma quien se dio cuenta que en esos pa-
quetes había droga, por lo que la puso encontacto
con CARLOS para que también fuera correo, que
también las armas fueron proporcionadas por ----
CARLOS para cuidar la mercancia, que también ---
invetó el asalto a la Comercial Mexicana de ----
Salamanca, Gto.

Tokens:
[Text=QUES CharacterOffsetBegin=0 CharacterOffsetEnd=4 PartOfSpeech=PROPN Lemma=ques NamedEntityTag=O]
[Text=sintio CharacterOffsetBegin=5 CharacterOffsetEnd=11 PartOfSpeech=VERB Lemma=sintio NamedEntityTag=O]
[Text=a CharacterOffsetBegin=12 CharacterOffsetEnd=13 PartOfSpeech=ADP Lemma=a NamedEntityTag=O]
[Text=necesidad CharacterOffsetBegin=14 CharacterOffsetEnd=23 PartOfSpeech=NOUN Lemma=necesidad NamedEntityTag=O]
[Text=de CharacterOffsetBegin=24 CharacterOffsetEnd=26 PartOfSpeech=ADP Lemma=de NamedEntityTag=O]
[Text=convertir CharacterOffsetBegin=27 CharacterOffsetEnd=38 PartOfSpeech=VERB Lemma=convertir NamedEntityTag=O]
[Text=se CharacterOffsetBegin=27 CharacterOffsetEnd=38 PartOfSpeech=PRON Lemma=se NamedEntityTag=O]
[Text=en CharacterOffsetBegin=39 CharacterOffsetEnd=41 PartOfSpeech=ADP Lemma=en NamedEntityTag=O]
[Text=líder CharacterOffsetBegin=42 CharacterOffsetEnd=47 PartOfSpeech=NOUN Lemma=líder NamedEntityTag=TITLE]
[Text=e CharacterOffsetBegin=48 CharacterOffsetEnd=49 PartOfSpeech=CCONJ Lemma=e NamedEntityTag=O]
[Text=inventó CharacterOffsetBegin=50 CharacterOffsetEnd=57 PartOfSpeech=VERB Lemma=inventó NamedEntityTag=O]
[Text=lo CharacterOffsetBegin=58 CharacterOffsetEnd=60 PartOfSpeech=PRON Lemma=lo NamedEntityTag=O]
[Text=del CharacterOffsetBegin=61 CharacterOffsetEnd=64 PartOfSpeech=ADP Lemma=del NamedEntityTag=O]
[Text=grupo CharacterOffsetBegin=65 CharacterOffsetEnd=70 PartOfSpeech=NOUN Lemma=grupo NamedEntityTag=O]
[Text=guerrillero CharacterOffsetBegin=71 CharacterOffsetEnd=82 PartOfSpeech=ADJ Lemma=guerrillero NamedEntityTag=O]
[Text=para CharacterOffsetBegin=83 CharacterOffsetEnd=87 PartOfSpeech=ADP Lemma=para NamedEntityTag=O]
[Text=convencer CharacterOffsetBegin=88 CharacterOffsetEnd=97 PartOfSpeech=VERB Lemma=convencer NamedEntityTag=O]
[Text=- CharacterOffsetBegin=97 CharacterOffsetEnd=98 PartOfSpeech=PUNCT Lemma=- NamedEntityTag=O]
[Text=a CharacterOffsetBegin=99 CharacterOffsetEnd=100 PartOfSpeech=ADP Lemma=a NamedEntityTag=O]
[Text=estas CharacterOffsetBegin=101 CharacterOffsetEnd=106 PartOfSpeech=DET Lemma=estas NamedEntityTag=O]
[Text=dos CharacterOffsetBegin=107 CharacterOffsetEnd=110 PartOfSpeech=NUM Lemma=dos NamedEntityTag=NUMBER]
[Text=personas CharacterOffsetBegin=111 CharacterOffsetEnd=119 PartOfSpeech=NOUN Lemma=personas NamedEntityTag=O]
[Text=, CharacterOffsetBegin=119 CharacterOffsetEnd=120 PartOfSpeech=PUNCT Lemma=, NamedEntityTag=O]
[Text=reconoce CharacterOffsetBegin=121 CharacterOffsetEnd=129 PartOfSpeech=VERB Lemma=reconoce NamedEntityTag=O]
[Text=que CharacterOffsetBegin=130 CharacterOffsetEnd=133 PartOfSpeech=SCONJ Lemma=que NamedEntityTag=O]
[Text=sólo CharacterOffsetBegin=134 CharacterOffsetEnd=138 PartOfSpeech=ADV Lemma=sólo NamedEntityTag=O]
[Text=conven CharacterOffsetBegin=139 CharacterOffsetEnd=145 PartOfSpeech=VERB Lemma=conven NamedEntityTag=O]
[Text=--- CharacterOffsetBegin=145 CharacterOffsetEnd=148 PartOfSpeech=NUM Lemma=--- NamedEntityTag=O]
[Text=cio CharacterOffsetBegin=149 CharacterOffsetEnd=152 PartOfSpeech=NOUN Lemma=cio NamedEntityTag=O]
[Text=a CharacterOffsetBegin=153 CharacterOffsetEnd=154 PartOfSpeech=ADP Lemma=a NamedEntityTag=O]
[Text=ALEJANDRO CharacterOffsetBegin=155 CharacterOffsetEnd=164 PartOfSpeech=PROPN Lemma=alejandro NamedEntityTag=ORGANIZATION]
[Text=del CharacterOffsetBegin=165 CharacterOffsetEnd=168 PartOfSpeech=ADP Lemma=del NamedEntityTag=O]
[Text=que CharacterOffsetBegin=169 CharacterOffsetEnd=172 PartOfSpeech=PRON Lemma=que NamedEntityTag=O]
[Text=dice CharacterOffsetBegin=173 CharacterOffsetEnd=177 PartOfSpeech=VERB Lemma=dice NamedEntityTag=O]
[Text=es CharacterOffsetBegin=178 CharacterOffsetEnd=180 PartOfSpeech=AUX Lemma=es NamedEntityTag=O]
[Text=muy CharacterOffsetBegin=181 CharacterOffsetEnd=184 PartOfSpeech=ADV Lemma=muy NamedEntityTag=O]
[Text=bruto CharacterOffsetBegin=185 CharacterOffsetEnd=190 PartOfSpeech=ADJ Lemma=bruto NamedEntityTag=O]
[Text=, CharacterOffsetBegin=190 CharacterOffsetEnd=191 PartOfSpeech=PUNCT Lemma=, NamedEntityTag=O]
[Text=no CharacterOffsetBegin=192 CharacterOffsetEnd=194 PartOfSpeech=ADV Lemma=no NamedEntityTag=O]
[Text=-- CharacterOffsetBegin=195 CharacterOffsetEnd=197 PartOfSpeech=VERB Lemma=--_VERB NamedEntityTag=O]
[Text=así CharacterOffsetBegin=198 CharacterOffsetEnd=201 PartOfSpeech=ADV Lemma=así NamedEntityTag=O]
[Text=a CharacterOffsetBegin=202 CharacterOffsetEnd=203 PartOfSpeech=ADP Lemma=a NamedEntityTag=O]
[Text=Norma CharacterOffsetBegin=204 CharacterOffsetEnd=209 PartOfSpeech=PROPN Lemma=norma NamedEntityTag=PERSON]
[Text=quien CharacterOffsetBegin=210 CharacterOffsetEnd=215 PartOfSpeech=PRON Lemma=quien NamedEntityTag=O]
[Text=se CharacterOffsetBegin=216 CharacterOffsetEnd=218 PartOfSpeech=PRON Lemma=se NamedEntityTag=O]
[Text=dio CharacterOffsetBegin=219 CharacterOffsetEnd=222 PartOfSpeech=VERB Lemma=dio NamedEntityTag=O]
[Text=cuenta CharacterOffsetBegin=223 CharacterOffsetEnd=229 PartOfSpeech=NOUN Lemma=cuenta NamedEntityTag=O]
[Text=que CharacterOffsetBegin=230 CharacterOffsetEnd=233 PartOfSpeech=SCONJ Lemma=que NamedEntityTag=O]
[Text=en CharacterOffsetBegin=234 CharacterOffsetEnd=236 PartOfSpeech=ADP Lemma=en NamedEntityTag=O]
[Text=esos CharacterOffsetBegin=237 CharacterOffsetEnd=241 PartOfSpeech=PRON Lemma=esos NamedEntityTag=O]
[Text=pa CharacterOffsetBegin=242 CharacterOffsetEnd=244 PartOfSpeech=ADP Lemma=pa NamedEntityTag=O]
[Text=- CharacterOffsetBegin=244 CharacterOffsetEnd=245 PartOfSpeech=PUNCT Lemma=- NamedEntityTag=O]
[Text=quetes CharacterOffsetBegin=246 CharacterOffsetEnd=252 PartOfSpeech=NOUN Lemma=quetes NamedEntityTag=O]
[Text=había CharacterOffsetBegin=253 CharacterOffsetEnd=258 PartOfSpeech=AUX Lemma=había NamedEntityTag=O]
[Text=droga CharacterOffsetBegin=259 CharacterOffsetEnd=264 PartOfSpeech=NOUN Lemma=droga NamedEntityTag=O]
[Text=, CharacterOffsetBegin=264 CharacterOffsetEnd=265 PartOfSpeech=PUNCT Lemma=, NamedEntityTag=O]
[Text=por CharacterOffsetBegin=266 CharacterOffsetEnd=269 PartOfSpeech=ADP Lemma=por NamedEntityTag=O]
[Text=lo CharacterOffsetBegin=270 CharacterOffsetEnd=272 PartOfSpeech=DET Lemma=lo NamedEntityTag=O]
[Text=que CharacterOffsetBegin=273 CharacterOffsetEnd=276 PartOfSpeech=PRON Lemma=que NamedEntityTag=O]
[Text=la CharacterOffsetBegin=277 CharacterOffsetEnd=279 PartOfSpeech=PRON Lemma=la NamedEntityTag=O]
[Text=puso CharacterOffsetBegin=280 CharacterOffsetEnd=284 PartOfSpeech=VERB Lemma=puso NamedEntityTag=O]
[Text=encontacto CharacterOffsetBegin=285 CharacterOffsetEnd=295 PartOfSpeech=NOUN Lemma=encontacto NamedEntityTag=O]
[Text=con CharacterOffsetBegin=296 CharacterOffsetEnd=299 PartOfSpeech=ADP Lemma=con NamedEntityTag=O]
[Text=CAR CharacterOffsetBegin=300 CharacterOffsetEnd=306 PartOfSpeech=NOUN Lemma=car NamedEntityTag=O]
[Text=LOS CharacterOffsetBegin=300 CharacterOffsetEnd=306 PartOfSpeech=DET Lemma=los NamedEntityTag=O]
[Text=para CharacterOffsetBegin=307 CharacterOffsetEnd=311 PartOfSpeech=ADP Lemma=para NamedEntityTag=O]
[Text=que CharacterOffsetBegin=312 CharacterOffsetEnd=315 PartOfSpeech=SCONJ Lemma=que NamedEntityTag=O]
[Text=también CharacterOffsetBegin=316 CharacterOffsetEnd=323 PartOfSpeech=ADV Lemma=también NamedEntityTag=O]
[Text=fuera CharacterOffsetBegin=324 CharacterOffsetEnd=329 PartOfSpeech=AUX Lemma=fuera NamedEntityTag=O]
[Text=correo CharacterOffsetBegin=330 CharacterOffsetEnd=336 PartOfSpeech=NOUN Lemma=correo NamedEntityTag=O]
[Text=, CharacterOffsetBegin=336 CharacterOffsetEnd=337 PartOfSpeech=PUNCT Lemma=, NamedEntityTag=O]
[Text=que CharacterOffsetBegin=338 CharacterOffsetEnd=341 PartOfSpeech=PRON Lemma=que NamedEntityTag=O]
[Text=también CharacterOffsetBegin=342 CharacterOffsetEnd=349 PartOfSpeech=ADV Lemma=también NamedEntityTag=O]
[Text=las CharacterOffsetBegin=350 CharacterOffsetEnd=353 PartOfSpeech=DET Lemma=las NamedEntityTag=O]
[Text=armas CharacterOffsetBegin=354 CharacterOffsetEnd=359 PartOfSpeech=NOUN Lemma=armas NamedEntityTag=O]
[Text=fueron CharacterOffsetBegin=360 CharacterOffsetEnd=366 PartOfSpeech=AUX Lemma=fueron NamedEntityTag=O]
[Text=proporcionadas CharacterOffsetBegin=367 CharacterOffsetEnd=381 PartOfSpeech=VERB Lemma=proporcionada NamedEntityTag=O]
[Text=por CharacterOffsetBegin=382 CharacterOffsetEnd=385 PartOfSpeech=ADP Lemma=por NamedEntityTag=O]
[Text=---- CharacterOffsetBegin=386 CharacterOffsetEnd=390 PartOfSpeech=NUM Lemma=---- NamedEntityTag=O]
[Text=CAR CharacterOffsetBegin=391 CharacterOffsetEnd=397 PartOfSpeech=NOUN Lemma=car NamedEntityTag=O]
[Text=LOS CharacterOffsetBegin=391 CharacterOffsetEnd=397 PartOfSpeech=DET Lemma=los NamedEntityTag=O]
[Text=para CharacterOffsetBegin=398 CharacterOffsetEnd=402 PartOfSpeech=ADP Lemma=para NamedEntityTag=O]
[Text=cuidar CharacterOffsetBegin=403 CharacterOffsetEnd=409 PartOfSpeech=VERB Lemma=cuidar NamedEntityTag=O]
[Text=la CharacterOffsetBegin=410 CharacterOffsetEnd=412 PartOfSpeech=DET Lemma=la NamedEntityTag=O]
[Text=mercancia CharacterOffsetBegin=413 CharacterOffsetEnd=422 PartOfSpeech=NOUN Lemma=mercancia NamedEntityTag=O]
[Text=, CharacterOffsetBegin=422 CharacterOffsetEnd=423 PartOfSpeech=PUNCT Lemma=, NamedEntityTag=O]
[Text=que CharacterOffsetBegin=424 CharacterOffsetEnd=427 PartOfSpeech=PRON Lemma=que NamedEntityTag=O]
[Text=también CharacterOffsetBegin=428 CharacterOffsetEnd=435 PartOfSpeech=ADV Lemma=también NamedEntityTag=O]
[Text=--- CharacterOffsetBegin=436 CharacterOffsetEnd=439 PartOfSpeech=NUM Lemma=--- NamedEntityTag=O]
[Text=invetó CharacterOffsetBegin=440 CharacterOffsetEnd=446 PartOfSpeech=VERB Lemma=invetó NamedEntityTag=O]
[Text=el CharacterOffsetBegin=447 CharacterOffsetEnd=449 PartOfSpeech=DET Lemma=el NamedEntityTag=O]
[Text=asalto CharacterOffsetBegin=450 CharacterOffsetEnd=456 PartOfSpeech=NOUN Lemma=asalto NamedEntityTag=CRIMINAL_CHARGE]
[Text=a CharacterOffsetBegin=457 CharacterOffsetEnd=458 PartOfSpeech=ADP Lemma=a NamedEntityTag=O]
[Text=la CharacterOffsetBegin=459 CharacterOffsetEnd=461 PartOfSpeech=DET Lemma=la NamedEntityTag=O]
[Text=Comercial CharacterOffsetBegin=462 CharacterOffsetEnd=471 PartOfSpeech=PROPN Lemma=comercial NamedEntityTag=ORGANIZATION]
[Text=Mexicana CharacterOffsetBegin=472 CharacterOffsetEnd=480 PartOfSpeech=PROPN Lemma=mexicana NamedEntityTag=ORGANIZATION]
[Text=de CharacterOffsetBegin=481 CharacterOffsetEnd=483 PartOfSpeech=ADP Lemma=de NamedEntityTag=ORGANIZATION]
[Text=---- CharacterOffsetBegin=484 CharacterOffsetEnd=488 PartOfSpeech=PROPN Lemma=---- NamedEntityTag=ORGANIZATION]
[Text=Salamanca CharacterOffsetBegin=489 CharacterOffsetEnd=498 PartOfSpeech=PROPN Lemma=salamanca NamedEntityTag=ORGANIZATION]
[Text=, CharacterOffsetBegin=498 CharacterOffsetEnd=499 PartOfSpeech=PUNCT Lemma=, NamedEntityTag=O]
[Text=Gto CharacterOffsetBegin=500 CharacterOffsetEnd=503 PartOfSpeech=PROPN Lemma=gto NamedEntityTag=O]
[Text=. CharacterOffsetBegin=503 CharacterOffsetEnd=504 PartOfSpeech=PUNCT Lemma=. NamedEntityTag=O]

Dependency Parse (enhanced plus plus dependencies):
root(ROOT-0, reconoce-24)
acl(necesidad-4, convertir-6)
obj(convertir-6, se-7)
obl(puso-61, CAR-64)
det(correo-70, LOS-65)
obl(proporcionadas-77, CAR-80)
obj(proporcionadas-77, LOS-81)
nsubj(sintio-2, QUES-1)
csubj(reconoce-24, sintio-2)
case(necesidad-4, a-3)
obj(sintio-2, necesidad-4)
mark(convertir-6, de-5)
case(líder-9, en-8)
obj(convertir-6, líder-9)
cc(inventó-11, e-10)
conj:e(sintio-2, inventó-11)
csubj(reconoce-24, inventó-11)
obj(inventó-11, lo-12)
case(lo-12, del-13)
nmod(lo-12, grupo-14)
amod(grupo-14, guerrillero-15)
mark(convencer-17, para-16)
acl(grupo-14, convencer-17)
punct(personas-22, --18)
case(personas-22, a-19)
det(personas-22, estas-20)
nummod(estas-20, dos-21)
obj(convencer-17, personas-22)
punct(sintio-2, ,-23)
mark(conven-27, que-25)
advmod(conven-27, sólo-26)
csubj(bruto-37, conven-27)
nummod(cio-29, ----28)
obj(conven-27, cio-29)
case(ALEJANDRO-31, a-30)
obj(conven-27, ALEJANDRO-31)
case(que-33, del-32)
obj(dice-34, que-33)
acl(ALEJANDRO-31, dice-34)
cop(bruto-37, es-35)
advmod(bruto-37, muy-36)
ccomp(reconoce-24, bruto-37)
punct(bruto-37, ,-38)
advmod(---40, no-39)
advcl(bruto-37, ---40)
advmod(---40, así-41)
case(Norma-43, a-42)
obj(---40, Norma-43)
nsubj(dio-46, quien-44)
obj(dio-46, se-45)
acl(Norma-43, dio-46)
compound(dio-46, cuenta-47)
advmod(dio-46, que-48)
case(esos-50, en-49)
obl(que-48, esos-50)
mark(droga-55, pa-51)
punct(droga-55, --52)
nsubj(droga-55, quetes-53)
aux(droga-55, había-54)
acl(esos-50, droga-55)
punct(puso-61, ,-56)
mark(puso-61, por-57)
det(puso-61, lo-58)
obl(puso-61, que-59)
obj(puso-61, la-60)
advcl(droga-55, puso-61)
obj(puso-61, encontacto-62)
case(CAR-64, con-63)
mark(correo-70, para-66)
mark(correo-70, que-67)
advmod(correo-70, también-68)
cop(correo-70, fuera-69)
obj(puso-61, correo-70)
punct(proporcionadas-77, ,-71)
mark(proporcionadas-77, que-72)
advmod(proporcionadas-77, también-73)
det(armas-75, las-74)
nsubj(proporcionadas-77, armas-75)
aux(proporcionadas-77, fueron-76)
acl(correo-70, proporcionadas-77)
case(CAR-80, por-78)
nummod(CAR-80, -----79)
mark(cuidar-83, para-82)
acl(LOS-81, cuidar-83)
det(mercancia-85, la-84)
obj(cuidar-83, mercancia-85)
punct(invetó-90, ,-86)
nsubj(invetó-90, que-87)
advmod(invetó-90, también-88)
nsubj(invetó-90, ----89)
acl(mercancia-85, invetó-90)
det(asalto-92, el-91)
obj(invetó-90, asalto-92)
case(Comercial-95, a-93)
det(Comercial-95, la-94)
obj(invetó-90, Comercial-95)
flat(Comercial-95, Mexicana-96)
case(-----98, de-97)
flat(Comercial-95, -----98)
flat(-----98, Salamanca-99)
punct(Gto-101, ,-100)
flat(Comercial-95, Gto-101)
punct(reconoce-24, .-102)

Extracted the following NER entity mentions:
líder	TITLE	-
dos	NUMBER	-
ALEJANDRO	ORGANIZATION	ORGANIZATION:0.6041544601608141
Norma	PERSON	PERSON:0.9931203114536887
asalto	CRIMINAL_CHARGE	-
Comercial Mexicana de ----
Salamanca	ORGANIZATION	ORGANIZATION:0.8578927557256241

Sentence #2 (14 tokens):
,ya que era una forma más fácil --
de convencer a ALEJANDRO .

Tokens:
[Text=, CharacterOffsetBegin=504 CharacterOffsetEnd=505 PartOfSpeech=PUNCT Lemma=, NamedEntityTag=O]
[Text=ya CharacterOffsetBegin=505 CharacterOffsetEnd=507 PartOfSpeech=ADV Lemma=ya NamedEntityTag=O]
[Text=que CharacterOffsetBegin=508 CharacterOffsetEnd=511 PartOfSpeech=SCONJ Lemma=que NamedEntityTag=O]
[Text=era CharacterOffsetBegin=512 CharacterOffsetEnd=515 PartOfSpeech=AUX Lemma=era NamedEntityTag=O]
[Text=una CharacterOffsetBegin=516 CharacterOffsetEnd=519 PartOfSpeech=DET Lemma=una NamedEntityTag=O]
[Text=forma CharacterOffsetBegin=520 CharacterOffsetEnd=525 PartOfSpeech=NOUN Lemma=forma NamedEntityTag=O]
[Text=más CharacterOffsetBegin=526 CharacterOffsetEnd=529 PartOfSpeech=ADV Lemma=más NamedEntityTag=O]
[Text=fácil CharacterOffsetBegin=530 CharacterOffsetEnd=535 PartOfSpeech=ADJ Lemma=fácil NamedEntityTag=O]
[Text=-- CharacterOffsetBegin=536 CharacterOffsetEnd=538 PartOfSpeech=PROPN Lemma=-- NamedEntityTag=O]
[Text=de CharacterOffsetBegin=539 CharacterOffsetEnd=541 PartOfSpeech=ADP Lemma=de NamedEntityTag=O]
[Text=convencer CharacterOffsetBegin=542 CharacterOffsetEnd=551 PartOfSpeech=VERB Lemma=convencer NamedEntityTag=O]
[Text=a CharacterOffsetBegin=552 CharacterOffsetEnd=553 PartOfSpeech=ADP Lemma=a NamedEntityTag=O]
[Text=ALEJANDRO CharacterOffsetBegin=554 CharacterOffsetEnd=563 PartOfSpeech=PROPN Lemma=alejandro NamedEntityTag=ORGANIZATION]
[Text=. CharacterOffsetBegin=564 CharacterOffsetEnd=565 PartOfSpeech=PUNCT Lemma=. NamedEntityTag=O]

Dependency Parse (enhanced plus plus dependencies):
root(ROOT-0, forma-6)
punct(forma-6, ,-1)
mark(forma-6, ya-2)
fixed(ya-2, que-3)
cop(forma-6, era-4)
det(forma-6, una-5)
advmod(fácil-8, más-7)
amod(forma-6, fácil-8)
appos(forma-6, ---9)
mark(convencer-11, de-10)
acl(---9, convencer-11)
case(ALEJANDRO-13, a-12)
obj(convencer-11, ALEJANDRO-13)
punct(forma-6, .-14)

Extracted the following NER entity mentions:
ALEJANDRO	ORGANIZATION	ORGANIZATION:0.6586417568927118

Sentence #3 (26 tokens):
--Que él tenía la forma
FM-10, que a su ingreso al país vivia de los ---
vales de CONASUPO que proporciona el Gbno.

Tokens:
[Text=-- CharacterOffsetBegin=565 CharacterOffsetEnd=567 PartOfSpeech=NOUN Lemma=-- NamedEntityTag=O]
[Text=Que CharacterOffsetBegin=567 CharacterOffsetEnd=570 PartOfSpeech=SCONJ Lemma=que NamedEntityTag=O]
[Text=él CharacterOffsetBegin=571 CharacterOffsetEnd=573 PartOfSpeech=PRON Lemma=él NamedEntityTag=O]
[Text=tenía CharacterOffsetBegin=574 CharacterOffsetEnd=579 PartOfSpeech=VERB Lemma=tenía NamedEntityTag=O]
[Text=la CharacterOffsetBegin=580 CharacterOffsetEnd=582 PartOfSpeech=DET Lemma=la NamedEntityTag=O]
[Text=forma CharacterOffsetBegin=583 CharacterOffsetEnd=588 PartOfSpeech=NOUN Lemma=forma NamedEntityTag=O]
[Text=FM-10 CharacterOffsetBegin=589 CharacterOffsetEnd=594 PartOfSpeech=PROPN Lemma=fm-10 NamedEntityTag=MISC]
[Text=, CharacterOffsetBegin=594 CharacterOffsetEnd=595 PartOfSpeech=PUNCT Lemma=, NamedEntityTag=O]
[Text=que CharacterOffsetBegin=596 CharacterOffsetEnd=599 PartOfSpeech=PRON Lemma=que NamedEntityTag=O]
[Text=a CharacterOffsetBegin=600 CharacterOffsetEnd=601 PartOfSpeech=ADP Lemma=a NamedEntityTag=O]
[Text=su CharacterOffsetBegin=602 CharacterOffsetEnd=604 PartOfSpeech=DET Lemma=su NamedEntityTag=O]
[Text=ingreso CharacterOffsetBegin=605 CharacterOffsetEnd=612 PartOfSpeech=NOUN Lemma=ingreso NamedEntityTag=O]
[Text=al CharacterOffsetBegin=613 CharacterOffsetEnd=615 PartOfSpeech=ADP Lemma=al NamedEntityTag=O]
[Text=país CharacterOffsetBegin=616 CharacterOffsetEnd=620 PartOfSpeech=NOUN Lemma=país NamedEntityTag=O]
[Text=vivia CharacterOffsetBegin=621 CharacterOffsetEnd=626 PartOfSpeech=VERB Lemma=vivia NamedEntityTag=O]
[Text=de CharacterOffsetBegin=627 CharacterOffsetEnd=629 PartOfSpeech=ADP Lemma=de NamedEntityTag=O]
[Text=los CharacterOffsetBegin=630 CharacterOffsetEnd=633 PartOfSpeech=DET Lemma=los NamedEntityTag=O]
[Text=--- CharacterOffsetBegin=634 CharacterOffsetEnd=637 PartOfSpeech=PROPN Lemma=--- NamedEntityTag=O]
[Text=vales CharacterOffsetBegin=638 CharacterOffsetEnd=643 PartOfSpeech=VERB Lemma=vale NamedEntityTag=O]
[Text=de CharacterOffsetBegin=644 CharacterOffsetEnd=646 PartOfSpeech=ADP Lemma=de NamedEntityTag=O]
[Text=CONASUPO CharacterOffsetBegin=647 CharacterOffsetEnd=655 PartOfSpeech=PROPN Lemma=conasupo NamedEntityTag=ORGANIZATION]
[Text=que CharacterOffsetBegin=656 CharacterOffsetEnd=659 PartOfSpeech=PRON Lemma=que NamedEntityTag=O]
[Text=proporciona CharacterOffsetBegin=660 CharacterOffsetEnd=671 PartOfSpeech=VERB Lemma=proporciona NamedEntityTag=O]
[Text=el CharacterOffsetBegin=672 CharacterOffsetEnd=674 PartOfSpeech=DET Lemma=el NamedEntityTag=O]
[Text=Gbno CharacterOffsetBegin=675 CharacterOffsetEnd=679 PartOfSpeech=PROPN Lemma=gbno NamedEntityTag=LOCATION]
[Text=. CharacterOffsetBegin=679 CharacterOffsetEnd=680 PartOfSpeech=PUNCT Lemma=. NamedEntityTag=O]

Dependency Parse (enhanced plus plus dependencies):
root(ROOT-0, tenía-4)
mark(tenía-4, ---1)
obj(tenía-4, Que-2)
nsubj(tenía-4, él-3)
det(forma-6, la-5)
obj(tenía-4, forma-6)
appos(forma-6, FM-10-7)
punct(vivia-15, ,-8)
nsubj(vivia-15, que-9)
case(ingreso-12, a-10)
det(ingreso-12, su-11)
obl(vivia-15, ingreso-12)
case(país-14, al-13)
nmod(ingreso-12, país-14)
acl(forma-6, vivia-15)
case(----18, de-16)
det(----18, los-17)
obj(vales-19, ----18)
advcl(vivia-15, vales-19)
case(CONASUPO-21, de-20)
obl(vales-19, CONASUPO-21)
obj(proporciona-23, que-22)
advcl(vales-19, proporciona-23)
det(Gbno-25, el-24)
nsubj(proporciona-23, Gbno-25)
punct(tenía-4, .-26)

Extracted the following NER entity mentions:
FM-10	MISC	MISC:0.4696789498644636
CONASUPO	ORGANIZATION	ORGANIZATION:0.9916354222262422
Gbno	LOCATION	LOCATION:0.42591264328745315

Sentence #4 (22 tokens):
Mexica
no y ropa que le proporcionabala Col. Española, --
que el día 29 de julio anterior, había quedado--

Tokens:
[Text=Mexica CharacterOffsetBegin=681 CharacterOffsetEnd=687 PartOfSpeech=PROPN Lemma=mexica NamedEntityTag=PERSON]
[Text=no CharacterOffsetBegin=688 CharacterOffsetEnd=690 PartOfSpeech=ADV Lemma=no NamedEntityTag=O]
[Text=y CharacterOffsetBegin=691 CharacterOffsetEnd=692 PartOfSpeech=CCONJ Lemma=y NamedEntityTag=O]
[Text=ropa CharacterOffsetBegin=693 CharacterOffsetEnd=697 PartOfSpeech=NOUN Lemma=ropa NamedEntityTag=O]
[Text=que CharacterOffsetBegin=698 CharacterOffsetEnd=701 PartOfSpeech=PRON Lemma=que NamedEntityTag=O]
[Text=le CharacterOffsetBegin=702 CharacterOffsetEnd=704 PartOfSpeech=PRON Lemma=le NamedEntityTag=O]
[Text=proporcionabala CharacterOffsetBegin=705 CharacterOffsetEnd=720 PartOfSpeech=VERB Lemma=proporcionabala NamedEntityTag=O]
[Text=Col. CharacterOffsetBegin=721 CharacterOffsetEnd=725 PartOfSpeech=PROPN Lemma=col. NamedEntityTag=ORGANIZATION]
[Text=Española CharacterOffsetBegin=726 CharacterOffsetEnd=734 PartOfSpeech=PROPN Lemma=española NamedEntityTag=ORGANIZATION]
[Text=, CharacterOffsetBegin=734 CharacterOffsetEnd=735 PartOfSpeech=PUNCT Lemma=, NamedEntityTag=O]
[Text=-- CharacterOffsetBegin=736 CharacterOffsetEnd=738 PartOfSpeech=NOUN Lemma=-- NamedEntityTag=O]
[Text=que CharacterOffsetBegin=739 CharacterOffsetEnd=742 PartOfSpeech=PRON Lemma=que NamedEntityTag=O]
[Text=el CharacterOffsetBegin=743 CharacterOffsetEnd=745 PartOfSpeech=DET Lemma=el NamedEntityTag=O]
[Text=día CharacterOffsetBegin=746 CharacterOffsetEnd=749 PartOfSpeech=NOUN Lemma=día NamedEntityTag=O]
[Text=29 CharacterOffsetBegin=750 CharacterOffsetEnd=752 PartOfSpeech=NUM Lemma=29 NamedEntityTag=DATE NormalizedNamedEntityTag=XXXX-07-29 Timex=<TIMEX3 tid="t1" type="DATE" value="XXXX-07-29">29 de julio</TIMEX3>]
[Text=de CharacterOffsetBegin=753 CharacterOffsetEnd=755 PartOfSpeech=ADP Lemma=de NamedEntityTag=DATE NormalizedNamedEntityTag=XXXX-07-29 Timex=<TIMEX3 tid="t1" type="DATE" value="XXXX-07-29">29 de julio</TIMEX3>]
[Text=julio CharacterOffsetBegin=756 CharacterOffsetEnd=761 PartOfSpeech=NOUN Lemma=julio NamedEntityTag=DATE NormalizedNamedEntityTag=XXXX-07-29 Timex=<TIMEX3 tid="t1" type="DATE" value="XXXX-07-29">29 de julio</TIMEX3>]
[Text=anterior CharacterOffsetBegin=762 CharacterOffsetEnd=770 PartOfSpeech=ADJ Lemma=anterior NamedEntityTag=O]
[Text=, CharacterOffsetBegin=770 CharacterOffsetEnd=771 PartOfSpeech=PUNCT Lemma=, NamedEntityTag=O]
[Text=había CharacterOffsetBegin=772 CharacterOffsetEnd=777 PartOfSpeech=AUX Lemma=había NamedEntityTag=O]
[Text=quedado CharacterOffsetBegin=778 CharacterOffsetEnd=785 PartOfSpeech=VERB Lemma=quedado NamedEntityTag=O]
[Text=-- CharacterOffsetBegin=785 CharacterOffsetEnd=787 PartOfSpeech=NUM Lemma=-- NamedEntityTag=O]

Dependency Parse (enhanced plus plus dependencies):
root(ROOT-0, proporcionabala-7)
nsubj(proporcionabala-7, Mexica-1)
advmod(proporcionabala-7, no-2)
cc(ropa-4, y-3)
conj:y(no-2, ropa-4)
advmod(proporcionabala-7, ropa-4)
obj(proporcionabala-7, que-5)
obj(proporcionabala-7, le-6)
obj(proporcionabala-7, Col.-8)
flat(Col.-8, Española-9)
punct(---11, ,-10)
appos(Col.-8, ---11)
nsubj(quedado-21, que-12)
det(día-14, el-13)
obl(quedado-21, día-14)
compound(día-14, 29-15)
case(julio-17, de-16)
compound(día-14, julio-17)
amod(julio-17, anterior-18)
punct(día-14, ,-19)
aux(quedado-21, había-20)
acl(---11, quedado-21)
obj(quedado-21, ---22)

Extracted the following NER entity mentions:
Mexica	PERSON	PERSON:0.6250311971208279
Col. Española	ORGANIZATION	ORGANIZATION:0.7519372930967685
29 de julio	DATE	DATE:-1.0
