Document: ID=file_274.txt (11 sentences, 177 tokens)

Sentence #1 (40 tokens):
notar que SOLIS TROVAMALA, CAMARENA DE SANTIAGO y ----
ORTIZ TOLEDO, trataron de obligar a los empleados a que
firmaran una acta sin decir el motivo del contenido --
de ésta, a lo que se negaron.

Tokens:
[Text=notar CharacterOffsetBegin=0 CharacterOffsetEnd=5 PartOfSpeech=VERB Lemma=notar NamedEntityTag=O]
[Text=que CharacterOffsetBegin=6 CharacterOffsetEnd=9 PartOfSpeech=SCONJ Lemma=que NamedEntityTag=O]
[Text=SOLIS CharacterOffsetBegin=10 CharacterOffsetEnd=15 PartOfSpeech=PROPN Lemma=solis NamedEntityTag=ORGANIZATION]
[Text=TROVAMALA CharacterOffsetBegin=16 CharacterOffsetEnd=25 PartOfSpeech=PROPN Lemma=trovamala NamedEntityTag=ORGANIZATION]
[Text=, CharacterOffsetBegin=25 CharacterOffsetEnd=26 PartOfSpeech=PUNCT Lemma=, NamedEntityTag=O]
[Text=CAMARENA CharacterOffsetBegin=27 CharacterOffsetEnd=35 PartOfSpeech=PROPN Lemma=camarena NamedEntityTag=ORGANIZATION]
[Text=DE CharacterOffsetBegin=36 CharacterOffsetEnd=38 PartOfSpeech=ADP Lemma=de NamedEntityTag=ORGANIZATION]
[Text=SANTIAGO CharacterOffsetBegin=39 CharacterOffsetEnd=47 PartOfSpeech=PROPN Lemma=santiago NamedEntityTag=ORGANIZATION]
[Text=y CharacterOffsetBegin=48 CharacterOffsetEnd=49 PartOfSpeech=CCONJ Lemma=y NamedEntityTag=O]
[Text=---- CharacterOffsetBegin=50 CharacterOffsetEnd=54 PartOfSpeech=PROPN Lemma=---- NamedEntityTag=O]
[Text=ORTIZ CharacterOffsetBegin=55 CharacterOffsetEnd=60 PartOfSpeech=PROPN Lemma=ortiz NamedEntityTag=PERSON]
[Text=TOLEDO CharacterOffsetBegin=61 CharacterOffsetEnd=67 PartOfSpeech=PROPN Lemma=toledo NamedEntityTag=PERSON]
[Text=, CharacterOffsetBegin=67 CharacterOffsetEnd=68 PartOfSpeech=PUNCT Lemma=, NamedEntityTag=O]
[Text=trataron CharacterOffsetBegin=69 CharacterOffsetEnd=77 PartOfSpeech=VERB Lemma=trataron NamedEntityTag=O]
[Text=de CharacterOffsetBegin=78 CharacterOffsetEnd=80 PartOfSpeech=ADP Lemma=de NamedEntityTag=O]
[Text=obligar CharacterOffsetBegin=81 CharacterOffsetEnd=88 PartOfSpeech=VERB Lemma=obligar NamedEntityTag=O]
[Text=a CharacterOffsetBegin=89 CharacterOffsetEnd=90 PartOfSpeech=ADP Lemma=a NamedEntityTag=O]
[Text=los CharacterOffsetBegin=91 CharacterOffsetEnd=94 PartOfSpeech=DET Lemma=los NamedEntityTag=O]
[Text=empleados CharacterOffsetBegin=95 CharacterOffsetEnd=104 PartOfSpeech=NOUN Lemma=empleados NamedEntityTag=O]
[Text=a CharacterOffsetBegin=105 CharacterOffsetEnd=106 PartOfSpeech=ADP Lemma=a NamedEntityTag=O]
[Text=que CharacterOffsetBegin=107 CharacterOffsetEnd=110 PartOfSpeech=SCONJ Lemma=que NamedEntityTag=O]
[Text=firmaran CharacterOffsetBegin=111 CharacterOffsetEnd=119 PartOfSpeech=VERB Lemma=firmaran NamedEntityTag=O]
[Text=una CharacterOffsetBegin=120 CharacterOffsetEnd=123 PartOfSpeech=DET Lemma=una NamedEntityTag=O]
[Text=acta CharacterOffsetBegin=124 CharacterOffsetEnd=128 PartOfSpeech=NOUN Lemma=acta NamedEntityTag=O]
[Text=sin CharacterOffsetBegin=129 CharacterOffsetEnd=132 PartOfSpeech=ADP Lemma=sin NamedEntityTag=O]
[Text=decir CharacterOffsetBegin=133 CharacterOffsetEnd=138 PartOfSpeech=VERB Lemma=decir NamedEntityTag=O]
[Text=el CharacterOffsetBegin=139 CharacterOffsetEnd=141 PartOfSpeech=DET Lemma=el NamedEntityTag=O]
[Text=motivo CharacterOffsetBegin=142 CharacterOffsetEnd=148 PartOfSpeech=NOUN Lemma=motivo NamedEntityTag=O]
[Text=del CharacterOffsetBegin=149 CharacterOffsetEnd=152 PartOfSpeech=ADP Lemma=del NamedEntityTag=O]
[Text=contenido CharacterOffsetBegin=153 CharacterOffsetEnd=162 PartOfSpeech=NOUN Lemma=contenido NamedEntityTag=O]
[Text=-- CharacterOffsetBegin=163 CharacterOffsetEnd=165 PartOfSpeech=NUM Lemma=-- NamedEntityTag=O]
[Text=de CharacterOffsetBegin=166 CharacterOffsetEnd=168 PartOfSpeech=ADP Lemma=de NamedEntityTag=O]
[Text=ésta CharacterOffsetBegin=169 CharacterOffsetEnd=173 PartOfSpeech=PRON Lemma=ésta NamedEntityTag=O]
[Text=, CharacterOffsetBegin=173 CharacterOffsetEnd=174 PartOfSpeech=PUNCT Lemma=, NamedEntityTag=O]
[Text=a CharacterOffsetBegin=175 CharacterOffsetEnd=176 PartOfSpeech=ADP Lemma=a NamedEntityTag=O]
[Text=lo CharacterOffsetBegin=177 CharacterOffsetEnd=179 PartOfSpeech=DET Lemma=lo NamedEntityTag=O]
[Text=que CharacterOffsetBegin=180 CharacterOffsetEnd=183 PartOfSpeech=PRON Lemma=que NamedEntityTag=O]
[Text=se CharacterOffsetBegin=184 CharacterOffsetEnd=186 PartOfSpeech=PRON Lemma=se NamedEntityTag=O]
[Text=negaron CharacterOffsetBegin=187 CharacterOffsetEnd=194 PartOfSpeech=VERB Lemma=negaron NamedEntityTag=O]
[Text=. CharacterOffsetBegin=194 CharacterOffsetEnd=195 PartOfSpeech=PUNCT Lemma=. NamedEntityTag=O]

Dependency Parse (enhanced plus plus dependencies):
root(ROOT-0, notar-1)
mark(trataron-14, que-2)
nsubj(trataron-14, SOLIS-3)
flat(SOLIS-3, TROVAMALA-4)
punct(CAMARENA-6, ,-5)
conj(SOLIS-3, CAMARENA-6)
case(SANTIAGO-8, DE-7)
flat(CAMARENA-6, SANTIAGO-8)
cc(-----10, y-9)
conj:y(SOLIS-3, -----10)
nsubj(trataron-14, -----10)
flat(-----10, ORTIZ-11)
flat(-----10, TOLEDO-12)
punct(SOLIS-3, ,-13)
ccomp(notar-1, trataron-14)
mark(obligar-16, de-15)
xcomp(trataron-14, obligar-16)
case(empleados-19, a-17)
det(empleados-19, los-18)
iobj(obligar-16, empleados-19)
mark(firmaran-22, a-20)
mark(firmaran-22, que-21)
ccomp(obligar-16, firmaran-22)
det(acta-24, una-23)
obj(firmaran-22, acta-24)
mark(decir-26, sin-25)
advcl(firmaran-22, decir-26)
det(motivo-28, el-27)
obj(decir-26, motivo-28)
case(contenido-30, del-29)
nmod(motivo-28, contenido-30)
appos(contenido-30, ---31)
case(ésta-33, de-32)
nmod(contenido-30, ésta-33)
punct(negaron-39, ,-34)
mark(negaron-39, a-35)
det(negaron-39, lo-36)
nsubj(negaron-39, que-37)
obj(negaron-39, se-38)
advcl(trataron-14, negaron-39)
punct(notar-1, .-40)

Extracted the following NER entity mentions:
SOLIS TROVAMALA	ORGANIZATION	ORGANIZATION:0.6918331222142398
CAMARENA DE SANTIAGO	ORGANIZATION	ORGANIZATION:0.2783274483205587
ORTIZ TOLEDO	PERSON	PERSON:0.5994997835252973

Sentence #2 (16 tokens):
-El total de trabajadores
que se encuentran en huelga era de 550,aprox.

Tokens:
[Text=- CharacterOffsetBegin=195 CharacterOffsetEnd=196 PartOfSpeech=PUNCT Lemma=- NamedEntityTag=O]
[Text=El CharacterOffsetBegin=196 CharacterOffsetEnd=198 PartOfSpeech=DET Lemma=el NamedEntityTag=O]
[Text=total CharacterOffsetBegin=199 CharacterOffsetEnd=204 PartOfSpeech=NOUN Lemma=total NamedEntityTag=O]
[Text=de CharacterOffsetBegin=205 CharacterOffsetEnd=207 PartOfSpeech=ADP Lemma=de NamedEntityTag=O]
[Text=trabajadores CharacterOffsetBegin=208 CharacterOffsetEnd=220 PartOfSpeech=NOUN Lemma=trabajadores NamedEntityTag=O]
[Text=que CharacterOffsetBegin=221 CharacterOffsetEnd=224 PartOfSpeech=PRON Lemma=que NamedEntityTag=O]
[Text=se CharacterOffsetBegin=225 CharacterOffsetEnd=227 PartOfSpeech=PRON Lemma=se NamedEntityTag=O]
[Text=encuentran CharacterOffsetBegin=228 CharacterOffsetEnd=238 PartOfSpeech=VERB Lemma=encuentran NamedEntityTag=O]
[Text=en CharacterOffsetBegin=239 CharacterOffsetEnd=241 PartOfSpeech=ADP Lemma=en NamedEntityTag=O]
[Text=huelga CharacterOffsetBegin=242 CharacterOffsetEnd=248 PartOfSpeech=NOUN Lemma=huelga NamedEntityTag=O]
[Text=era CharacterOffsetBegin=249 CharacterOffsetEnd=252 PartOfSpeech=AUX Lemma=era NamedEntityTag=O]
[Text=de CharacterOffsetBegin=253 CharacterOffsetEnd=255 PartOfSpeech=ADP Lemma=de NamedEntityTag=O]
[Text=550 CharacterOffsetBegin=256 CharacterOffsetEnd=259 PartOfSpeech=NUM Lemma=550 NamedEntityTag=NUMBER NormalizedNamedEntityTag=550.0]
[Text=, CharacterOffsetBegin=259 CharacterOffsetEnd=260 PartOfSpeech=PUNCT Lemma=, NamedEntityTag=O]
[Text=aprox CharacterOffsetBegin=260 CharacterOffsetEnd=265 PartOfSpeech=NOUN Lemma=aprox NamedEntityTag=O]
[Text=. CharacterOffsetBegin=265 CharacterOffsetEnd=266 PartOfSpeech=PUNCT Lemma=. NamedEntityTag=O]

Dependency Parse (enhanced plus plus dependencies):
root(ROOT-0, 550-13)
punct(550-13, --1)
det(total-3, El-2)
nsubj(550-13, total-3)
case(trabajadores-5, de-4)
nmod(total-3, trabajadores-5)
nsubj(encuentran-8, que-6)
obj(encuentran-8, se-7)
acl(total-3, encuentran-8)
case(huelga-10, en-9)
obl(encuentran-8, huelga-10)
cop(550-13, era-11)
case(550-13, de-12)
punct(aprox-15, ,-14)
appos(550-13, aprox-15)
punct(550-13, .-16)

Extracted the following NER entity mentions:
550	NUMBER	NUMBER:-1.0

Sentence #3 (3 tokens):
-
Exp-100-10-1-78.

Tokens:
[Text=- CharacterOffsetBegin=266 CharacterOffsetEnd=267 PartOfSpeech=PUNCT Lemma=- NamedEntityTag=O]
[Text=Exp-100-10-1-78 CharacterOffsetBegin=268 CharacterOffsetEnd=283 PartOfSpeech=NUM Lemma=exp-100-10-1-78 NamedEntityTag=O]
[Text=. CharacterOffsetBegin=283 CharacterOffsetEnd=284 PartOfSpeech=PUNCT Lemma=. NamedEntityTag=O]

Dependency Parse (enhanced plus plus dependencies):
root(ROOT-0, Exp-100-10-1-78-2)
punct(Exp-100-10-1-78-2, --1)
punct(Exp-100-10-1-78-2, .-3)

Extracted the following NER entity mentions:

Sentence #4 (6 tokens):
H-206 L-71
21-Enero-78.

Tokens:
[Text=H-206 CharacterOffsetBegin=285 CharacterOffsetEnd=290 PartOfSpeech=PROPN Lemma=h-206 NamedEntityTag=O]
[Text=L-71 CharacterOffsetBegin=291 CharacterOffsetEnd=295 PartOfSpeech=PROPN Lemma=l-71 NamedEntityTag=O]
[Text=21 CharacterOffsetBegin=296 CharacterOffsetEnd=298 PartOfSpeech=NUM Lemma=21 NamedEntityTag=O]
[Text=- CharacterOffsetBegin=298 CharacterOffsetEnd=299 PartOfSpeech=PUNCT Lemma=- NamedEntityTag=O]
[Text=Enero-78 CharacterOffsetBegin=299 CharacterOffsetEnd=307 PartOfSpeech=NUM Lemma=enero-78 NamedEntityTag=O]
[Text=. CharacterOffsetBegin=307 CharacterOffsetEnd=308 PartOfSpeech=PUNCT Lemma=. NamedEntityTag=O]

Dependency Parse (enhanced plus plus dependencies):
root(ROOT-0, Enero-78-5)
det(Enero-78-5, H-206-1)
flat(H-206-1, L-71-2)
nummod(H-206-1, 21-3)
punct(Enero-78-5, --4)
punct(Enero-78-5, .-6)

Extracted the following NER entity mentions:

Sentence #5 (9 tokens):
-El 20 actual,en la Esc.

Tokens:
[Text=- CharacterOffsetBegin=308 CharacterOffsetEnd=309 PartOfSpeech=PUNCT Lemma=- NamedEntityTag=O]
[Text=El CharacterOffsetBegin=309 CharacterOffsetEnd=311 PartOfSpeech=DET Lemma=el NamedEntityTag=O]
[Text=20 CharacterOffsetBegin=312 CharacterOffsetEnd=314 PartOfSpeech=NUM Lemma=20 NamedEntityTag=NUMBER NormalizedNamedEntityTag=20.0]
[Text=actual CharacterOffsetBegin=315 CharacterOffsetEnd=321 PartOfSpeech=ADJ Lemma=actual NamedEntityTag=O]
[Text=, CharacterOffsetBegin=321 CharacterOffsetEnd=322 PartOfSpeech=PUNCT Lemma=, NamedEntityTag=O]
[Text=en CharacterOffsetBegin=322 CharacterOffsetEnd=324 PartOfSpeech=ADP Lemma=en NamedEntityTag=O]
[Text=la CharacterOffsetBegin=325 CharacterOffsetEnd=327 PartOfSpeech=DET Lemma=la NamedEntityTag=O]
[Text=Esc CharacterOffsetBegin=328 CharacterOffsetEnd=331 PartOfSpeech=PROPN Lemma=esc NamedEntityTag=LOCATION]
[Text=. CharacterOffsetBegin=331 CharacterOffsetEnd=332 PartOfSpeech=PUNCT Lemma=. NamedEntityTag=O]

Dependency Parse (enhanced plus plus dependencies):
root(ROOT-0, 20-3)
punct(20-3, --1)
det(20-3, El-2)
amod(20-3, actual-4)
punct(Esc-8, ,-5)
case(Esc-8, en-6)
det(Esc-8, la-7)
nmod(20-3, Esc-8)
punct(20-3, .-9)

Extracted the following NER entity mentions:
20	NUMBER	NUMBER:-1.0
Esc	LOCATION	LOCATION:0.6352114017745729

Sentence #6 (30 tokens):
,de Ingeniería de
esta Univ.,se efectuó una reunión del "Movimiento Pro
ceso Democrático",de esta propia Univ.,presidida por -
los Ings.

Tokens:
[Text=, CharacterOffsetBegin=332 CharacterOffsetEnd=333 PartOfSpeech=PUNCT Lemma=, NamedEntityTag=O]
[Text=de CharacterOffsetBegin=333 CharacterOffsetEnd=335 PartOfSpeech=ADP Lemma=de NamedEntityTag=O]
[Text=Ingeniería CharacterOffsetBegin=336 CharacterOffsetEnd=346 PartOfSpeech=PROPN Lemma=ingeniería NamedEntityTag=MISC]
[Text=de CharacterOffsetBegin=347 CharacterOffsetEnd=349 PartOfSpeech=ADP Lemma=de NamedEntityTag=O]
[Text=esta CharacterOffsetBegin=350 CharacterOffsetEnd=354 PartOfSpeech=DET Lemma=esta NamedEntityTag=O]
[Text=Univ. CharacterOffsetBegin=355 CharacterOffsetEnd=360 PartOfSpeech=PROPN Lemma=univ. NamedEntityTag=O]
[Text=, CharacterOffsetBegin=360 CharacterOffsetEnd=361 PartOfSpeech=PUNCT Lemma=, NamedEntityTag=O]
[Text=se CharacterOffsetBegin=361 CharacterOffsetEnd=363 PartOfSpeech=PRON Lemma=se NamedEntityTag=O]
[Text=efectuó CharacterOffsetBegin=364 CharacterOffsetEnd=371 PartOfSpeech=VERB Lemma=efectuó NamedEntityTag=O]
[Text=una CharacterOffsetBegin=372 CharacterOffsetEnd=375 PartOfSpeech=DET Lemma=una NamedEntityTag=O]
[Text=reunión CharacterOffsetBegin=376 CharacterOffsetEnd=383 PartOfSpeech=NOUN Lemma=reunión NamedEntityTag=O]
[Text=del CharacterOffsetBegin=384 CharacterOffsetEnd=387 PartOfSpeech=ADP Lemma=del NamedEntityTag=O]
[Text=" CharacterOffsetBegin=388 CharacterOffsetEnd=389 PartOfSpeech=PUNCT Lemma=" NamedEntityTag=O]
[Text=Movimiento CharacterOffsetBegin=389 CharacterOffsetEnd=399 PartOfSpeech=PROPN Lemma=movimiento NamedEntityTag=ORGANIZATION]
[Text=Pro CharacterOffsetBegin=400 CharacterOffsetEnd=403 PartOfSpeech=PROPN Lemma=pro NamedEntityTag=ORGANIZATION]
[Text=ceso CharacterOffsetBegin=404 CharacterOffsetEnd=408 PartOfSpeech=PROPN Lemma=ceso NamedEntityTag=ORGANIZATION]
[Text=Democrático CharacterOffsetBegin=409 CharacterOffsetEnd=420 PartOfSpeech=PROPN Lemma=democrático NamedEntityTag=ORGANIZATION]
[Text=" CharacterOffsetBegin=420 CharacterOffsetEnd=421 PartOfSpeech=PUNCT Lemma=" NamedEntityTag=O]
[Text=, CharacterOffsetBegin=421 CharacterOffsetEnd=422 PartOfSpeech=PUNCT Lemma=, NamedEntityTag=O]
[Text=de CharacterOffsetBegin=422 CharacterOffsetEnd=424 PartOfSpeech=ADP Lemma=de NamedEntityTag=O]
[Text=esta CharacterOffsetBegin=425 CharacterOffsetEnd=429 PartOfSpeech=DET Lemma=esta NamedEntityTag=O]
[Text=propia CharacterOffsetBegin=430 CharacterOffsetEnd=436 PartOfSpeech=DET Lemma=propia NamedEntityTag=O]
[Text=Univ. CharacterOffsetBegin=437 CharacterOffsetEnd=442 PartOfSpeech=PROPN Lemma=univ. NamedEntityTag=O]
[Text=, CharacterOffsetBegin=442 CharacterOffsetEnd=443 PartOfSpeech=PUNCT Lemma=, NamedEntityTag=O]
[Text=presidida CharacterOffsetBegin=443 CharacterOffsetEnd=452 PartOfSpeech=ADJ Lemma=presidida NamedEntityTag=O]
[Text=por CharacterOffsetBegin=453 CharacterOffsetEnd=456 PartOfSpeech=ADP Lemma=por NamedEntityTag=O]
[Text=- CharacterOffsetBegin=457 CharacterOffsetEnd=458 PartOfSpeech=PUNCT Lemma=- NamedEntityTag=O]
[Text=los CharacterOffsetBegin=459 CharacterOffsetEnd=462 PartOfSpeech=DET Lemma=los NamedEntityTag=O]
[Text=Ings CharacterOffsetBegin=463 CharacterOffsetEnd=467 PartOfSpeech=PROPN Lemma=ings NamedEntityTag=ORGANIZATION]
[Text=. CharacterOffsetBegin=467 CharacterOffsetEnd=468 PartOfSpeech=PUNCT Lemma=. NamedEntityTag=O]

Dependency Parse (enhanced plus plus dependencies):
root(ROOT-0, efectuó-9)
punct(Ingeniería-3, ,-1)
case(Ingeniería-3, de-2)
obl(efectuó-9, Ingeniería-3)
case(Univ.-6, de-4)
det(Univ.-6, esta-5)
flat(Ingeniería-3, Univ.-6)
punct(Ingeniería-3, ,-7)
obj(efectuó-9, se-8)
det(reunión-11, una-10)
nsubj(efectuó-9, reunión-11)
case(Movimiento-14, del-12)
punct(Movimiento-14, "-13)
nmod(reunión-11, Movimiento-14)
flat(Movimiento-14, Pro-15)
flat(Movimiento-14, ceso-16)
flat(Movimiento-14, Democrático-17)
punct(Movimiento-14, "-18)
punct(Univ.-23, ,-19)
case(Univ.-23, de-20)
det(Univ.-23, esta-21)
det(esta-21, propia-22)
nmod(Movimiento-14, Univ.-23)
punct(presidida-25, ,-24)
amod(Univ.-23, presidida-25)
case(Ings-29, por-26)
punct(Ings-29, --27)
det(Ings-29, los-28)
obj(presidida-25, Ings-29)
punct(efectuó-9, .-30)

Extracted the following NER entity mentions:
Ingeniería	MISC	MISC:0.6960200020876998
Movimiento Pro
ceso Democrático	ORGANIZATION	ORGANIZATION:0.7885026309531399
Ings	ORGANIZATION	ORGANIZATION:0.4585039994905226

Sentence #7 (13 tokens):
J.LUIS PARRA MIJANGOS y JORGE ALCARAZ VEGA, --
ante aprox.

Tokens:
[Text=J. CharacterOffsetBegin=468 CharacterOffsetEnd=470 PartOfSpeech=PROPN Lemma=j. NamedEntityTag=PERSON]
[Text=LUIS CharacterOffsetBegin=470 CharacterOffsetEnd=474 PartOfSpeech=PROPN Lemma=luis NamedEntityTag=PERSON]
[Text=PARRA CharacterOffsetBegin=475 CharacterOffsetEnd=480 PartOfSpeech=PROPN Lemma=parra NamedEntityTag=PERSON]
[Text=MIJANGOS CharacterOffsetBegin=481 CharacterOffsetEnd=489 PartOfSpeech=PROPN Lemma=mijangos NamedEntityTag=PERSON]
[Text=y CharacterOffsetBegin=490 CharacterOffsetEnd=491 PartOfSpeech=CCONJ Lemma=y NamedEntityTag=O]
[Text=JORGE CharacterOffsetBegin=492 CharacterOffsetEnd=497 PartOfSpeech=PROPN Lemma=jorge NamedEntityTag=PERSON]
[Text=ALCARAZ CharacterOffsetBegin=498 CharacterOffsetEnd=505 PartOfSpeech=PROPN Lemma=alcaraz NamedEntityTag=PERSON]
[Text=VEGA CharacterOffsetBegin=506 CharacterOffsetEnd=510 PartOfSpeech=PROPN Lemma=vega NamedEntityTag=PERSON]
[Text=, CharacterOffsetBegin=510 CharacterOffsetEnd=511 PartOfSpeech=PUNCT Lemma=, NamedEntityTag=O]
[Text=-- CharacterOffsetBegin=512 CharacterOffsetEnd=514 PartOfSpeech=NOUN Lemma=-- NamedEntityTag=O]
[Text=ante CharacterOffsetBegin=515 CharacterOffsetEnd=519 PartOfSpeech=ADP Lemma=ante NamedEntityTag=O]
[Text=aprox CharacterOffsetBegin=520 CharacterOffsetEnd=525 PartOfSpeech=NOUN Lemma=aprox NamedEntityTag=O]
[Text=. CharacterOffsetBegin=525 CharacterOffsetEnd=526 PartOfSpeech=PUNCT Lemma=. NamedEntityTag=O]

Dependency Parse (enhanced plus plus dependencies):
root(ROOT-0, J.-1)
flat(J.-1, LUIS-2)
flat(J.-1, PARRA-3)
flat(J.-1, MIJANGOS-4)
cc(JORGE-6, y-5)
conj:y(J.-1, JORGE-6)
flat(JORGE-6, ALCARAZ-7)
flat(JORGE-6, VEGA-8)
punct(---10, ,-9)
appos(J.-1, ---10)
case(aprox-12, ante-11)
nmod(---10, aprox-12)
punct(J.-1, .-13)

Extracted the following NER entity mentions:
J.LUIS PARRA MIJANGOS	PERSON	PERSON:0.9416148685975234
JORGE ALCARAZ VEGA	PERSON	PERSON:0.9065272624880435

Sentence #8 (3 tokens):
,55 personas.

Tokens:
[Text=,55 CharacterOffsetBegin=526 CharacterOffsetEnd=529 PartOfSpeech=NUM Lemma=,55 NamedEntityTag=NUMBER]
[Text=personas CharacterOffsetBegin=530 CharacterOffsetEnd=538 PartOfSpeech=NOUN Lemma=personas NamedEntityTag=O]
[Text=. CharacterOffsetBegin=538 CharacterOffsetEnd=539 PartOfSpeech=PUNCT Lemma=. NamedEntityTag=O]

Dependency Parse (enhanced plus plus dependencies):
root(ROOT-0, personas-2)
nummod(personas-2, ,55-1)
punct(personas-2, .-3)

Extracted the following NER entity mentions:
,55	NUMBER	-

Sentence #9 (38 tokens):
-En este acto se informó sobre
las reuniones que el citado "Moimiento",llevó a cabo
con el "Frente Unido de la Izquierda en defensa de la
U.A.G.",en el Depto.

Tokens:
[Text=- CharacterOffsetBegin=539 CharacterOffsetEnd=540 PartOfSpeech=PUNCT Lemma=- NamedEntityTag=O]
[Text=En CharacterOffsetBegin=540 CharacterOffsetEnd=542 PartOfSpeech=ADP Lemma=en NamedEntityTag=O]
[Text=este CharacterOffsetBegin=543 CharacterOffsetEnd=547 PartOfSpeech=DET Lemma=este NamedEntityTag=O]
[Text=acto CharacterOffsetBegin=548 CharacterOffsetEnd=552 PartOfSpeech=NOUN Lemma=acto NamedEntityTag=O]
[Text=se CharacterOffsetBegin=553 CharacterOffsetEnd=555 PartOfSpeech=PRON Lemma=se NamedEntityTag=O]
[Text=informó CharacterOffsetBegin=556 CharacterOffsetEnd=563 PartOfSpeech=VERB Lemma=informó NamedEntityTag=O]
[Text=sobre CharacterOffsetBegin=564 CharacterOffsetEnd=569 PartOfSpeech=ADP Lemma=sobre NamedEntityTag=O]
[Text=las CharacterOffsetBegin=570 CharacterOffsetEnd=573 PartOfSpeech=DET Lemma=las NamedEntityTag=O]
[Text=reuniones CharacterOffsetBegin=574 CharacterOffsetEnd=583 PartOfSpeech=NOUN Lemma=reuniones NamedEntityTag=O]
[Text=que CharacterOffsetBegin=584 CharacterOffsetEnd=587 PartOfSpeech=PRON Lemma=que NamedEntityTag=O]
[Text=el CharacterOffsetBegin=588 CharacterOffsetEnd=590 PartOfSpeech=DET Lemma=el NamedEntityTag=O]
[Text=citado CharacterOffsetBegin=591 CharacterOffsetEnd=597 PartOfSpeech=ADJ Lemma=citado NamedEntityTag=O]
[Text=" CharacterOffsetBegin=598 CharacterOffsetEnd=599 PartOfSpeech=PUNCT Lemma=" NamedEntityTag=O]
[Text=Moimiento CharacterOffsetBegin=599 CharacterOffsetEnd=608 PartOfSpeech=PROPN Lemma=moimiento NamedEntityTag=MISC]
[Text=" CharacterOffsetBegin=608 CharacterOffsetEnd=609 PartOfSpeech=PUNCT Lemma=" NamedEntityTag=O]
[Text=, CharacterOffsetBegin=609 CharacterOffsetEnd=610 PartOfSpeech=PUNCT Lemma=, NamedEntityTag=O]
[Text=llevó CharacterOffsetBegin=610 CharacterOffsetEnd=615 PartOfSpeech=VERB Lemma=llevó NamedEntityTag=O]
[Text=a CharacterOffsetBegin=616 CharacterOffsetEnd=617 PartOfSpeech=ADP Lemma=a NamedEntityTag=O]
[Text=cabo CharacterOffsetBegin=618 CharacterOffsetEnd=622 PartOfSpeech=NOUN Lemma=cabo NamedEntityTag=O]
[Text=con CharacterOffsetBegin=623 CharacterOffsetEnd=626 PartOfSpeech=ADP Lemma=con NamedEntityTag=O]
[Text=el CharacterOffsetBegin=627 CharacterOffsetEnd=629 PartOfSpeech=DET Lemma=el NamedEntityTag=O]
[Text=" CharacterOffsetBegin=630 CharacterOffsetEnd=631 PartOfSpeech=PUNCT Lemma=" NamedEntityTag=O]
[Text=Frente CharacterOffsetBegin=631 CharacterOffsetEnd=637 PartOfSpeech=PROPN Lemma=frente NamedEntityTag=ORGANIZATION]
[Text=Unido CharacterOffsetBegin=638 CharacterOffsetEnd=643 PartOfSpeech=PROPN Lemma=unido NamedEntityTag=ORGANIZATION]
[Text=de CharacterOffsetBegin=644 CharacterOffsetEnd=646 PartOfSpeech=ADP Lemma=de NamedEntityTag=ORGANIZATION]
[Text=la CharacterOffsetBegin=647 CharacterOffsetEnd=649 PartOfSpeech=DET Lemma=la NamedEntityTag=ORGANIZATION]
[Text=Izquierda CharacterOffsetBegin=650 CharacterOffsetEnd=659 PartOfSpeech=PROPN Lemma=izquierda NamedEntityTag=ORGANIZATION]
[Text=en CharacterOffsetBegin=660 CharacterOffsetEnd=662 PartOfSpeech=ADP Lemma=en NamedEntityTag=O]
[Text=defensa CharacterOffsetBegin=663 CharacterOffsetEnd=670 PartOfSpeech=NOUN Lemma=defensa NamedEntityTag=O]
[Text=de CharacterOffsetBegin=671 CharacterOffsetEnd=673 PartOfSpeech=ADP Lemma=de NamedEntityTag=O]
[Text=la CharacterOffsetBegin=674 CharacterOffsetEnd=676 PartOfSpeech=DET Lemma=la NamedEntityTag=O]
[Text=U.A.G. CharacterOffsetBegin=677 CharacterOffsetEnd=683 PartOfSpeech=PROPN Lemma=u.a.g. NamedEntityTag=O]
[Text=" CharacterOffsetBegin=683 CharacterOffsetEnd=684 PartOfSpeech=PUNCT Lemma=" NamedEntityTag=O]
[Text=, CharacterOffsetBegin=684 CharacterOffsetEnd=685 PartOfSpeech=PUNCT Lemma=, NamedEntityTag=O]
[Text=en CharacterOffsetBegin=685 CharacterOffsetEnd=687 PartOfSpeech=ADP Lemma=en NamedEntityTag=O]
[Text=el CharacterOffsetBegin=688 CharacterOffsetEnd=690 PartOfSpeech=DET Lemma=el NamedEntityTag=O]
[Text=Depto CharacterOffsetBegin=691 CharacterOffsetEnd=696 PartOfSpeech=PROPN Lemma=depto NamedEntityTag=ORGANIZATION]
[Text=. CharacterOffsetBegin=696 CharacterOffsetEnd=697 PartOfSpeech=PUNCT Lemma=. NamedEntityTag=O]

Dependency Parse (enhanced plus plus dependencies):
root(ROOT-0, informó-6)
punct(informó-6, --1)
case(acto-4, En-2)
det(acto-4, este-3)
obl(informó-6, acto-4)
obj(informó-6, se-5)
case(reuniones-9, sobre-7)
det(reuniones-9, las-8)
obl(informó-6, reuniones-9)
obj(llevó-17, que-10)
det(citado-12, el-11)
nsubj(llevó-17, citado-12)
punct(Moimiento-14, "-13)
obj(citado-12, Moimiento-14)
punct(Moimiento-14, "-15)
punct(citado-12, ,-16)
acl(reuniones-9, llevó-17)
case(cabo-19, a-18)
compound(llevó-17, cabo-19)
case(Frente-23, con-20)
det(Frente-23, el-21)
punct(Frente-23, "-22)
obl(llevó-17, Frente-23)
flat(Frente-23, Unido-24)
case(Izquierda-27, de-25)
det(Izquierda-27, la-26)
flat(Frente-23, Izquierda-27)
case(defensa-29, en-28)
nmod(Frente-23, defensa-29)
case(U.A.G.-32, de-30)
det(U.A.G.-32, la-31)
nmod(defensa-29, U.A.G.-32)
punct(Frente-23, "-33)
punct(Depto-37, ,-34)
case(Depto-37, en-35)
det(Depto-37, el-36)
nmod(reuniones-9, Depto-37)
punct(informó-6, .-38)

Extracted the following NER entity mentions:
Moimiento	MISC	MISC:0.3838086686608096
Frente Unido de la Izquierda	ORGANIZATION	ORGANIZATION:0.6948670919020823
Depto	ORGANIZATION	ORGANIZATION:0.8529363371643096

Sentence #10 (12 tokens):
,de Planeación Universitaria de -
esta propia Casa de Estudios.

Tokens:
[Text=, CharacterOffsetBegin=697 CharacterOffsetEnd=698 PartOfSpeech=PUNCT Lemma=, NamedEntityTag=O]
[Text=de CharacterOffsetBegin=698 CharacterOffsetEnd=700 PartOfSpeech=ADP Lemma=de NamedEntityTag=O]
[Text=Planeación CharacterOffsetBegin=701 CharacterOffsetEnd=711 PartOfSpeech=PROPN Lemma=planeación NamedEntityTag=ORGANIZATION]
[Text=Universitaria CharacterOffsetBegin=712 CharacterOffsetEnd=725 PartOfSpeech=PROPN Lemma=universitaria NamedEntityTag=ORGANIZATION]
[Text=de CharacterOffsetBegin=726 CharacterOffsetEnd=728 PartOfSpeech=ADP Lemma=de NamedEntityTag=O]
[Text=- CharacterOffsetBegin=729 CharacterOffsetEnd=730 PartOfSpeech=PUNCT Lemma=- NamedEntityTag=O]
[Text=esta CharacterOffsetBegin=731 CharacterOffsetEnd=735 PartOfSpeech=DET Lemma=esta NamedEntityTag=O]
[Text=propia CharacterOffsetBegin=736 CharacterOffsetEnd=742 PartOfSpeech=DET Lemma=propia NamedEntityTag=O]
[Text=Casa CharacterOffsetBegin=743 CharacterOffsetEnd=747 PartOfSpeech=PROPN Lemma=casa NamedEntityTag=MISC]
[Text=de CharacterOffsetBegin=748 CharacterOffsetEnd=750 PartOfSpeech=ADP Lemma=de NamedEntityTag=MISC]
[Text=Estudios CharacterOffsetBegin=751 CharacterOffsetEnd=759 PartOfSpeech=PROPN Lemma=estudios NamedEntityTag=MISC]
[Text=. CharacterOffsetBegin=759 CharacterOffsetEnd=760 PartOfSpeech=PUNCT Lemma=. NamedEntityTag=O]

Dependency Parse (enhanced plus plus dependencies):
root(ROOT-0, Planeación-3)
punct(Planeación-3, ,-1)
case(Planeación-3, de-2)
flat(Planeación-3, Universitaria-4)
case(Casa-9, de-5)
punct(Casa-9, --6)
det(Casa-9, esta-7)
det(esta-7, propia-8)
flat(Planeación-3, Casa-9)
case(Estudios-11, de-10)
flat(Planeación-3, Estudios-11)
punct(Planeación-3, .-12)

Extracted the following NER entity mentions:
Planeación Universitaria	ORGANIZATION	ORGANIZATION:0.9221701811076236
Casa de Estudios	MISC	MISC:0.6350884136348995

Sentence #11 (7 tokens):
-Que en la realizada el -

Tokens:
[Text=- CharacterOffsetBegin=760 CharacterOffsetEnd=761 PartOfSpeech=PUNCT Lemma=- NamedEntityTag=O]
[Text=Que CharacterOffsetBegin=761 CharacterOffsetEnd=764 PartOfSpeech=SCONJ Lemma=que NamedEntityTag=O]
[Text=en CharacterOffsetBegin=765 CharacterOffsetEnd=767 PartOfSpeech=ADP Lemma=en NamedEntityTag=O]
[Text=la CharacterOffsetBegin=768 CharacterOffsetEnd=770 PartOfSpeech=DET Lemma=la NamedEntityTag=O]
[Text=realizada CharacterOffsetBegin=771 CharacterOffsetEnd=780 PartOfSpeech=ADJ Lemma=realizada NamedEntityTag=O]
[Text=el CharacterOffsetBegin=781 CharacterOffsetEnd=783 PartOfSpeech=DET Lemma=el NamedEntityTag=O]
[Text=- CharacterOffsetBegin=784 CharacterOffsetEnd=785 PartOfSpeech=PUNCT Lemma=- NamedEntityTag=O]

Dependency Parse (enhanced plus plus dependencies):
root(ROOT-0, realizada-5)
punct(realizada-5, --1)
mark(realizada-5, Que-2)
case(realizada-5, en-3)
det(realizada-5, la-4)
det(realizada-5, el-6)
punct(el-6, --7)

Extracted the following NER entity mentions:
