Document: ID=file_298.txt (6 sentences, 194 tokens)

Sentence #1 (2 tokens):
Gro.

Tokens:
[Text=Gro CharacterOffsetBegin=0 CharacterOffsetEnd=3 PartOfSpeech=PROPN Lemma=gro NamedEntityTag=O]
[Text=. CharacterOffsetBegin=3 CharacterOffsetEnd=4 PartOfSpeech=PUNCT Lemma=. NamedEntityTag=O]

Dependency Parse (enhanced plus plus dependencies):
root(ROOT-0, Gro-1)
punct(Gro-1, .-2)

Extracted the following NER entity mentions:

Sentence #2 (66 tokens):
, para participar en el mitin en que se daria a cono
cer el asalto armado de que fueron víctimas los estudian-
tes del dormitorio Universitario de Acapulco el mes pasado
trasladándose al edificio docente alrededor de 20 personas
El citado acto se inició con una asistencia de 100 personas
a las que el Prof. EDUARDO RUIZ CASTELLANOS exhortó a que se
juntarán.

Tokens:
[Text=, CharacterOffsetBegin=4 CharacterOffsetEnd=5 PartOfSpeech=PUNCT Lemma=, NamedEntityTag=O]
[Text=para CharacterOffsetBegin=6 CharacterOffsetEnd=10 PartOfSpeech=ADP Lemma=para NamedEntityTag=O]
[Text=participar CharacterOffsetBegin=11 CharacterOffsetEnd=21 PartOfSpeech=VERB Lemma=participar NamedEntityTag=O]
[Text=en CharacterOffsetBegin=22 CharacterOffsetEnd=24 PartOfSpeech=ADP Lemma=en NamedEntityTag=O]
[Text=el CharacterOffsetBegin=25 CharacterOffsetEnd=27 PartOfSpeech=DET Lemma=el NamedEntityTag=O]
[Text=mitin CharacterOffsetBegin=28 CharacterOffsetEnd=33 PartOfSpeech=NOUN Lemma=mitin NamedEntityTag=O]
[Text=en CharacterOffsetBegin=34 CharacterOffsetEnd=36 PartOfSpeech=ADP Lemma=en NamedEntityTag=O]
[Text=que CharacterOffsetBegin=37 CharacterOffsetEnd=40 PartOfSpeech=PRON Lemma=que NamedEntityTag=O]
[Text=se CharacterOffsetBegin=41 CharacterOffsetEnd=43 PartOfSpeech=PRON Lemma=se NamedEntityTag=O]
[Text=daria CharacterOffsetBegin=44 CharacterOffsetEnd=49 PartOfSpeech=VERB Lemma=daria NamedEntityTag=O]
[Text=a CharacterOffsetBegin=50 CharacterOffsetEnd=51 PartOfSpeech=ADP Lemma=a NamedEntityTag=O]
[Text=cono CharacterOffsetBegin=52 CharacterOffsetEnd=56 PartOfSpeech=NOUN Lemma=cono NamedEntityTag=O]
[Text=cer CharacterOffsetBegin=57 CharacterOffsetEnd=60 PartOfSpeech=VERB Lemma=cer NamedEntityTag=O]
[Text=el CharacterOffsetBegin=61 CharacterOffsetEnd=63 PartOfSpeech=DET Lemma=el NamedEntityTag=O]
[Text=asalto CharacterOffsetBegin=64 CharacterOffsetEnd=70 PartOfSpeech=NOUN Lemma=asalto NamedEntityTag=CRIMINAL_CHARGE]
[Text=armado CharacterOffsetBegin=71 CharacterOffsetEnd=77 PartOfSpeech=ADJ Lemma=armado NamedEntityTag=O]
[Text=de CharacterOffsetBegin=78 CharacterOffsetEnd=80 PartOfSpeech=ADP Lemma=de NamedEntityTag=O]
[Text=que CharacterOffsetBegin=81 CharacterOffsetEnd=84 PartOfSpeech=SCONJ Lemma=que NamedEntityTag=O]
[Text=fueron CharacterOffsetBegin=85 CharacterOffsetEnd=91 PartOfSpeech=AUX Lemma=fueron NamedEntityTag=O]
[Text=víctimas CharacterOffsetBegin=92 CharacterOffsetEnd=100 PartOfSpeech=NOUN Lemma=víctimas NamedEntityTag=O]
[Text=los CharacterOffsetBegin=101 CharacterOffsetEnd=104 PartOfSpeech=DET Lemma=los NamedEntityTag=O]
[Text=estudian CharacterOffsetBegin=105 CharacterOffsetEnd=113 PartOfSpeech=VERB Lemma=estudian NamedEntityTag=O]
[Text=- CharacterOffsetBegin=113 CharacterOffsetEnd=114 PartOfSpeech=PUNCT Lemma=- NamedEntityTag=O]
[Text=tes CharacterOffsetBegin=115 CharacterOffsetEnd=118 PartOfSpeech=NOUN Lemma=tes NamedEntityTag=O]
[Text=del CharacterOffsetBegin=119 CharacterOffsetEnd=122 PartOfSpeech=ADP Lemma=del NamedEntityTag=O]
[Text=dormitorio CharacterOffsetBegin=123 CharacterOffsetEnd=133 PartOfSpeech=NOUN Lemma=dormitorio NamedEntityTag=O]
[Text=Universitario CharacterOffsetBegin=134 CharacterOffsetEnd=147 PartOfSpeech=PROPN Lemma=universitario NamedEntityTag=ORGANIZATION]
[Text=de CharacterOffsetBegin=148 CharacterOffsetEnd=150 PartOfSpeech=ADP Lemma=de NamedEntityTag=ORGANIZATION]
[Text=Acapulco CharacterOffsetBegin=151 CharacterOffsetEnd=159 PartOfSpeech=PROPN Lemma=acapulco NamedEntityTag=ORGANIZATION]
[Text=el CharacterOffsetBegin=160 CharacterOffsetEnd=162 PartOfSpeech=DET Lemma=el NamedEntityTag=O]
[Text=mes CharacterOffsetBegin=163 CharacterOffsetEnd=166 PartOfSpeech=NOUN Lemma=mes NamedEntityTag=O]
[Text=pasado CharacterOffsetBegin=167 CharacterOffsetEnd=173 PartOfSpeech=ADJ Lemma=pasado NamedEntityTag=O]
[Text=trasladando CharacterOffsetBegin=174 CharacterOffsetEnd=187 PartOfSpeech=VERB Lemma=trasladando NamedEntityTag=O]
[Text=se CharacterOffsetBegin=174 CharacterOffsetEnd=187 PartOfSpeech=PRON Lemma=se NamedEntityTag=O]
[Text=al CharacterOffsetBegin=188 CharacterOffsetEnd=190 PartOfSpeech=ADP Lemma=al NamedEntityTag=O]
[Text=edificio CharacterOffsetBegin=191 CharacterOffsetEnd=199 PartOfSpeech=NOUN Lemma=edificio NamedEntityTag=O]
[Text=docente CharacterOffsetBegin=200 CharacterOffsetEnd=207 PartOfSpeech=ADJ Lemma=docente NamedEntityTag=O]
[Text=alrededor CharacterOffsetBegin=208 CharacterOffsetEnd=217 PartOfSpeech=ADV Lemma=alrededor NamedEntityTag=O]
[Text=de CharacterOffsetBegin=218 CharacterOffsetEnd=220 PartOfSpeech=ADP Lemma=de NamedEntityTag=O]
[Text=20 CharacterOffsetBegin=221 CharacterOffsetEnd=223 PartOfSpeech=NUM Lemma=20 NamedEntityTag=NUMBER NormalizedNamedEntityTag=20.0]
[Text=personas CharacterOffsetBegin=224 CharacterOffsetEnd=232 PartOfSpeech=NOUN Lemma=personas NamedEntityTag=O]
[Text=El CharacterOffsetBegin=233 CharacterOffsetEnd=235 PartOfSpeech=DET Lemma=el NamedEntityTag=O]
[Text=citado CharacterOffsetBegin=236 CharacterOffsetEnd=242 PartOfSpeech=ADJ Lemma=citado NamedEntityTag=O]
[Text=acto CharacterOffsetBegin=243 CharacterOffsetEnd=247 PartOfSpeech=NOUN Lemma=acto NamedEntityTag=O]
[Text=se CharacterOffsetBegin=248 CharacterOffsetEnd=250 PartOfSpeech=PRON Lemma=se NamedEntityTag=O]
[Text=inició CharacterOffsetBegin=251 CharacterOffsetEnd=257 PartOfSpeech=VERB Lemma=inició NamedEntityTag=O]
[Text=con CharacterOffsetBegin=258 CharacterOffsetEnd=261 PartOfSpeech=ADP Lemma=con NamedEntityTag=O]
[Text=una CharacterOffsetBegin=262 CharacterOffsetEnd=265 PartOfSpeech=DET Lemma=una NamedEntityTag=O]
[Text=asistencia CharacterOffsetBegin=266 CharacterOffsetEnd=276 PartOfSpeech=NOUN Lemma=asistencia NamedEntityTag=O]
[Text=de CharacterOffsetBegin=277 CharacterOffsetEnd=279 PartOfSpeech=ADP Lemma=de NamedEntityTag=O]
[Text=100 CharacterOffsetBegin=280 CharacterOffsetEnd=283 PartOfSpeech=NUM Lemma=100 NamedEntityTag=NUMBER NormalizedNamedEntityTag=100.0]
[Text=personas CharacterOffsetBegin=284 CharacterOffsetEnd=292 PartOfSpeech=NOUN Lemma=personas NamedEntityTag=O]
[Text=a CharacterOffsetBegin=293 CharacterOffsetEnd=294 PartOfSpeech=ADP Lemma=a NamedEntityTag=O]
[Text=las CharacterOffsetBegin=295 CharacterOffsetEnd=298 PartOfSpeech=DET Lemma=las NamedEntityTag=O]
[Text=que CharacterOffsetBegin=299 CharacterOffsetEnd=302 PartOfSpeech=PRON Lemma=que NamedEntityTag=O]
[Text=el CharacterOffsetBegin=303 CharacterOffsetEnd=305 PartOfSpeech=DET Lemma=el NamedEntityTag=O]
[Text=Prof. CharacterOffsetBegin=306 CharacterOffsetEnd=311 PartOfSpeech=PROPN Lemma=prof. NamedEntityTag=O]
[Text=EDUARDO CharacterOffsetBegin=312 CharacterOffsetEnd=319 PartOfSpeech=PROPN Lemma=eduardo NamedEntityTag=PERSON]
[Text=RUIZ CharacterOffsetBegin=320 CharacterOffsetEnd=324 PartOfSpeech=PROPN Lemma=ruiz NamedEntityTag=PERSON]
[Text=CASTELLANOS CharacterOffsetBegin=325 CharacterOffsetEnd=336 PartOfSpeech=PROPN Lemma=castellanos NamedEntityTag=PERSON]
[Text=exhortó CharacterOffsetBegin=337 CharacterOffsetEnd=344 PartOfSpeech=VERB Lemma=exhortó NamedEntityTag=O]
[Text=a CharacterOffsetBegin=345 CharacterOffsetEnd=346 PartOfSpeech=ADP Lemma=a NamedEntityTag=O]
[Text=que CharacterOffsetBegin=347 CharacterOffsetEnd=350 PartOfSpeech=SCONJ Lemma=que NamedEntityTag=O]
[Text=se CharacterOffsetBegin=351 CharacterOffsetEnd=353 PartOfSpeech=PRON Lemma=se NamedEntityTag=O]
[Text=juntarán CharacterOffsetBegin=354 CharacterOffsetEnd=362 PartOfSpeech=VERB Lemma=juntarán NamedEntityTag=O]
[Text=. CharacterOffsetBegin=362 CharacterOffsetEnd=363 PartOfSpeech=PUNCT Lemma=. NamedEntityTag=O]

Dependency Parse (enhanced plus plus dependencies):
root(ROOT-0, cer-13)
advcl(inició-46, trasladando-33)
obj(trasladando-33, se-34)
punct(participar-3, ,-1)
mark(participar-3, para-2)
advcl(cer-13, participar-3)
case(mitin-6, en-4)
det(mitin-6, el-5)
obj(participar-3, mitin-6)
case(que-8, en-7)
obl(daria-10, que-8)
obj(daria-10, se-9)
acl(mitin-6, daria-10)
case(cono-12, a-11)
obl(daria-10, cono-12)
det(asalto-15, el-14)
nsubj(cer-13, asalto-15)
amod(asalto-15, armado-16)
mark(víctimas-20, de-17)
mark(víctimas-20, que-18)
cop(víctimas-20, fueron-19)
acl(asalto-15, víctimas-20)
obj(estudian-22, los-21)
acl(víctimas-20, estudian-22)
punct(tes-24, --23)
nsubj(estudian-22, tes-24)
case(dormitorio-26, del-25)
nmod(tes-24, dormitorio-26)
flat(dormitorio-26, Universitario-27)
case(Acapulco-29, de-28)
nmod(dormitorio-26, Acapulco-29)
det(mes-31, el-30)
appos(tes-24, mes-31)
amod(mes-31, pasado-32)
case(edificio-36, al-35)
obl(trasladando-33, edificio-36)
amod(edificio-36, docente-37)
advmod(personas-41, alrededor-38)
case(alrededor-38, de-39)
nummod(alrededor-38, 20-40)
obl(inició-46, personas-41)
det(acto-44, El-42)
amod(acto-44, citado-43)
nsubj(inició-46, acto-44)
obj(inició-46, se-45)
acl(tes-24, inició-46)
case(asistencia-49, con-47)
det(asistencia-49, una-48)
obl(inició-46, asistencia-49)
case(personas-52, de-50)
nummod(personas-52, 100-51)
nmod(asistencia-49, personas-52)
case(que-55, a-53)
det(que-55, las-54)
iobj(exhortó-61, que-55)
det(Prof.-57, el-56)
nsubj(exhortó-61, Prof.-57)
flat(Prof.-57, EDUARDO-58)
flat(Prof.-57, RUIZ-59)
flat(Prof.-57, CASTELLANOS-60)
acl(personas-52, exhortó-61)
mark(juntarán-65, a-62)
mark(juntarán-65, que-63)
obj(juntarán-65, se-64)
ccomp(exhortó-61, juntarán-65)
punct(cer-13, .-66)

Extracted the following NER entity mentions:
asalto	CRIMINAL_CHARGE	-
Universitario de Acapulco	ORGANIZATION	ORGANIZATION:0.547370239856396
20	NUMBER	NUMBER:-1.0
100	NUMBER	NUMBER:-1.0
EDUARDO RUIZ CASTELLANOS	PERSON	PERSON:0.7530685965532806

Sentence #3 (31 tokens):
SAUL LOPEZ SOLLANO Sub-Tesorero de la U.A.G., man
festó que se conmemoraba otro aniversario más del 10 de -
junio de 1971, e hizo historia de esos hechos.

Tokens:
[Text=SAUL CharacterOffsetBegin=364 CharacterOffsetEnd=368 PartOfSpeech=PROPN Lemma=saul NamedEntityTag=PERSON]
[Text=LOPEZ CharacterOffsetBegin=369 CharacterOffsetEnd=374 PartOfSpeech=PROPN Lemma=lopez NamedEntityTag=PERSON]
[Text=SOLLANO CharacterOffsetBegin=375 CharacterOffsetEnd=382 PartOfSpeech=PROPN Lemma=sollano NamedEntityTag=PERSON]
[Text=Sub-Tesorero CharacterOffsetBegin=383 CharacterOffsetEnd=395 PartOfSpeech=PROPN Lemma=sub-tesorero NamedEntityTag=PERSON]
[Text=de CharacterOffsetBegin=396 CharacterOffsetEnd=398 PartOfSpeech=ADP Lemma=de NamedEntityTag=PERSON]
[Text=la CharacterOffsetBegin=399 CharacterOffsetEnd=401 PartOfSpeech=DET Lemma=la NamedEntityTag=PERSON]
[Text=U.A.G. CharacterOffsetBegin=402 CharacterOffsetEnd=408 PartOfSpeech=PROPN Lemma=u.a.g. NamedEntityTag=PERSON]
[Text=, CharacterOffsetBegin=408 CharacterOffsetEnd=409 PartOfSpeech=PUNCT Lemma=, NamedEntityTag=O]
[Text=man CharacterOffsetBegin=410 CharacterOffsetEnd=413 PartOfSpeech=NOUN Lemma=man NamedEntityTag=O]
[Text=festó CharacterOffsetBegin=414 CharacterOffsetEnd=419 PartOfSpeech=ADJ Lemma=festó NamedEntityTag=O]
[Text=que CharacterOffsetBegin=420 CharacterOffsetEnd=423 PartOfSpeech=PRON Lemma=que NamedEntityTag=O]
[Text=se CharacterOffsetBegin=424 CharacterOffsetEnd=426 PartOfSpeech=PRON Lemma=se NamedEntityTag=O]
[Text=conmemoraba CharacterOffsetBegin=427 CharacterOffsetEnd=438 PartOfSpeech=VERB Lemma=conmemoraba NamedEntityTag=O]
[Text=otro CharacterOffsetBegin=439 CharacterOffsetEnd=443 PartOfSpeech=DET Lemma=otro NamedEntityTag=O]
[Text=aniversario CharacterOffsetBegin=444 CharacterOffsetEnd=455 PartOfSpeech=NOUN Lemma=aniversario NamedEntityTag=O]
[Text=más CharacterOffsetBegin=456 CharacterOffsetEnd=459 PartOfSpeech=ADV Lemma=más NamedEntityTag=O]
[Text=del CharacterOffsetBegin=460 CharacterOffsetEnd=463 PartOfSpeech=ADP Lemma=del NamedEntityTag=O]
[Text=10 CharacterOffsetBegin=464 CharacterOffsetEnd=466 PartOfSpeech=NUM Lemma=10 NamedEntityTag=NUMBER NormalizedNamedEntityTag=10.0]
[Text=de CharacterOffsetBegin=467 CharacterOffsetEnd=469 PartOfSpeech=ADP Lemma=de NamedEntityTag=O]
[Text=- CharacterOffsetBegin=470 CharacterOffsetEnd=471 PartOfSpeech=PUNCT Lemma=- NamedEntityTag=O]
[Text=junio CharacterOffsetBegin=472 CharacterOffsetEnd=477 PartOfSpeech=NOUN Lemma=junio NamedEntityTag=DATE NormalizedNamedEntityTag=XXXX-06 Timex=<TIMEX3 tid="t1" type="DATE" value="XXXX-06">junio</TIMEX3>]
[Text=de CharacterOffsetBegin=478 CharacterOffsetEnd=480 PartOfSpeech=ADP Lemma=de NamedEntityTag=O]
[Text=1971 CharacterOffsetBegin=481 CharacterOffsetEnd=485 PartOfSpeech=NOUN Lemma=1971 NamedEntityTag=NUMBER NormalizedNamedEntityTag=1971.0]
[Text=, CharacterOffsetBegin=485 CharacterOffsetEnd=486 PartOfSpeech=PUNCT Lemma=, NamedEntityTag=O]
[Text=e CharacterOffsetBegin=487 CharacterOffsetEnd=488 PartOfSpeech=CCONJ Lemma=e NamedEntityTag=O]
[Text=hizo CharacterOffsetBegin=489 CharacterOffsetEnd=493 PartOfSpeech=VERB Lemma=hizo NamedEntityTag=O]
[Text=historia CharacterOffsetBegin=494 CharacterOffsetEnd=502 PartOfSpeech=NOUN Lemma=historia NamedEntityTag=O]
[Text=de CharacterOffsetBegin=503 CharacterOffsetEnd=505 PartOfSpeech=ADP Lemma=de NamedEntityTag=O]
[Text=esos CharacterOffsetBegin=506 CharacterOffsetEnd=510 PartOfSpeech=DET Lemma=esos NamedEntityTag=O]
[Text=hechos CharacterOffsetBegin=511 CharacterOffsetEnd=517 PartOfSpeech=NOUN Lemma=hechos NamedEntityTag=O]
[Text=. CharacterOffsetBegin=517 CharacterOffsetEnd=518 PartOfSpeech=PUNCT Lemma=. NamedEntityTag=O]

Dependency Parse (enhanced plus plus dependencies):
root(ROOT-0, SAUL-1)
flat(SAUL-1, LOPEZ-2)
flat(SAUL-1, SOLLANO-3)
flat(SAUL-1, Sub-Tesorero-4)
case(U.A.G.-7, de-5)
det(U.A.G.-7, la-6)
flat(SAUL-1, U.A.G.-7)
punct(man-9, ,-8)
appos(SAUL-1, man-9)
amod(man-9, festó-10)
nsubj(conmemoraba-13, que-11)
obj(conmemoraba-13, se-12)
acl(man-9, conmemoraba-13)
det(aniversario-15, otro-14)
obj(conmemoraba-13, aniversario-15)
advmod(aniversario-15, más-16)
case(10-18, del-17)
obl(más-16, 10-18)
case(junio-21, de-19)
punct(junio-21, --20)
compound(10-18, junio-21)
case(1971-23, de-22)
compound(10-18, 1971-23)
punct(man-9, ,-24)
cc(hizo-26, e-25)
conj:e(SAUL-1, hizo-26)
obj(hizo-26, historia-27)
case(hechos-30, de-28)
det(hechos-30, esos-29)
nmod(historia-27, hechos-30)
punct(SAUL-1, .-31)

Extracted the following NER entity mentions:
SAUL LOPEZ SOLLANO Sub-Tesorero de la U.A.G.	PERSON	PERSON:0.6638382086026828
10	NUMBER	NUMBER:-1.0
junio	DATE	DATE:-1.0
1971	NUMBER	NUMBER:-1.0

Sentence #4 (64 tokens):
-CARLOS DIAZ
FRIAS miembro del P.P.U.A., externó que durante el asalto -
armado al dormitorio universitario de la U.A.G., en Acapul-
co, fueron detenidos universitarios de los cuales se des-
conoce su paradero y que mediante la tortura la Policía -
les arrancará Falsas acusaciones,Se refirió también al ca-
so del P rof.

Tokens:
[Text=- CharacterOffsetBegin=518 CharacterOffsetEnd=519 PartOfSpeech=PUNCT Lemma=- NamedEntityTag=O]
[Text=CAR CharacterOffsetBegin=519 CharacterOffsetEnd=525 PartOfSpeech=NOUN Lemma=car NamedEntityTag=O]
[Text=LOS CharacterOffsetBegin=519 CharacterOffsetEnd=525 PartOfSpeech=DET Lemma=los NamedEntityTag=O]
[Text=DIAZ CharacterOffsetBegin=526 CharacterOffsetEnd=530 PartOfSpeech=PROPN Lemma=diaz NamedEntityTag=O]
[Text=FRIAS CharacterOffsetBegin=531 CharacterOffsetEnd=536 PartOfSpeech=PROPN Lemma=frias NamedEntityTag=O]
[Text=miembro CharacterOffsetBegin=537 CharacterOffsetEnd=544 PartOfSpeech=NOUN Lemma=miembro NamedEntityTag=O]
[Text=del CharacterOffsetBegin=545 CharacterOffsetEnd=548 PartOfSpeech=ADP Lemma=del NamedEntityTag=O]
[Text=P.P.U.A. CharacterOffsetBegin=549 CharacterOffsetEnd=557 PartOfSpeech=PROPN Lemma=p.p.u.a. NamedEntityTag=O]
[Text=, CharacterOffsetBegin=557 CharacterOffsetEnd=558 PartOfSpeech=PUNCT Lemma=, NamedEntityTag=O]
[Text=externó CharacterOffsetBegin=559 CharacterOffsetEnd=566 PartOfSpeech=VERB Lemma=externó NamedEntityTag=O]
[Text=que CharacterOffsetBegin=567 CharacterOffsetEnd=570 PartOfSpeech=SCONJ Lemma=que NamedEntityTag=O]
[Text=durante CharacterOffsetBegin=571 CharacterOffsetEnd=578 PartOfSpeech=ADP Lemma=durante NamedEntityTag=O]
[Text=el CharacterOffsetBegin=579 CharacterOffsetEnd=581 PartOfSpeech=DET Lemma=el NamedEntityTag=O]
[Text=asalto CharacterOffsetBegin=582 CharacterOffsetEnd=588 PartOfSpeech=NOUN Lemma=asalto NamedEntityTag=CRIMINAL_CHARGE]
[Text=- CharacterOffsetBegin=589 CharacterOffsetEnd=590 PartOfSpeech=PUNCT Lemma=- NamedEntityTag=O]
[Text=armado CharacterOffsetBegin=591 CharacterOffsetEnd=597 PartOfSpeech=ADJ Lemma=armado NamedEntityTag=O]
[Text=al CharacterOffsetBegin=598 CharacterOffsetEnd=600 PartOfSpeech=ADP Lemma=al NamedEntityTag=O]
[Text=dormitorio CharacterOffsetBegin=601 CharacterOffsetEnd=611 PartOfSpeech=NOUN Lemma=dormitorio NamedEntityTag=O]
[Text=universitario CharacterOffsetBegin=612 CharacterOffsetEnd=625 PartOfSpeech=ADJ Lemma=universitario NamedEntityTag=O]
[Text=de CharacterOffsetBegin=626 CharacterOffsetEnd=628 PartOfSpeech=ADP Lemma=de NamedEntityTag=O]
[Text=la CharacterOffsetBegin=629 CharacterOffsetEnd=631 PartOfSpeech=DET Lemma=la NamedEntityTag=O]
[Text=U.A.G. CharacterOffsetBegin=632 CharacterOffsetEnd=638 PartOfSpeech=PROPN Lemma=u.a.g. NamedEntityTag=O]
[Text=, CharacterOffsetBegin=638 CharacterOffsetEnd=639 PartOfSpeech=PUNCT Lemma=, NamedEntityTag=O]
[Text=en CharacterOffsetBegin=640 CharacterOffsetEnd=642 PartOfSpeech=ADP Lemma=en NamedEntityTag=O]
[Text=Acapul CharacterOffsetBegin=643 CharacterOffsetEnd=649 PartOfSpeech=PROPN Lemma=acapul NamedEntityTag=O]
[Text=- CharacterOffsetBegin=649 CharacterOffsetEnd=650 PartOfSpeech=PUNCT Lemma=- NamedEntityTag=O]
[Text=co CharacterOffsetBegin=651 CharacterOffsetEnd=653 PartOfSpeech=INTJ Lemma=co NamedEntityTag=O]
[Text=, CharacterOffsetBegin=653 CharacterOffsetEnd=654 PartOfSpeech=PUNCT Lemma=, NamedEntityTag=O]
[Text=fueron CharacterOffsetBegin=655 CharacterOffsetEnd=661 PartOfSpeech=AUX Lemma=fueron NamedEntityTag=O]
[Text=detenidos CharacterOffsetBegin=662 CharacterOffsetEnd=671 PartOfSpeech=VERB Lemma=detenido NamedEntityTag=O]
[Text=universitarios CharacterOffsetBegin=672 CharacterOffsetEnd=686 PartOfSpeech=NOUN Lemma=universitarios NamedEntityTag=O]
[Text=de CharacterOffsetBegin=687 CharacterOffsetEnd=689 PartOfSpeech=ADP Lemma=de NamedEntityTag=O]
[Text=los CharacterOffsetBegin=690 CharacterOffsetEnd=693 PartOfSpeech=DET Lemma=los NamedEntityTag=O]
[Text=cuales CharacterOffsetBegin=694 CharacterOffsetEnd=700 PartOfSpeech=PRON Lemma=cuales NamedEntityTag=O]
[Text=se CharacterOffsetBegin=701 CharacterOffsetEnd=703 PartOfSpeech=PRON Lemma=se NamedEntityTag=O]
[Text=des CharacterOffsetBegin=704 CharacterOffsetEnd=707 PartOfSpeech=ADP Lemma=des NamedEntityTag=O]
[Text=- CharacterOffsetBegin=707 CharacterOffsetEnd=708 PartOfSpeech=PUNCT Lemma=- NamedEntityTag=O]
[Text=conoce CharacterOffsetBegin=709 CharacterOffsetEnd=715 PartOfSpeech=VERB Lemma=conoce NamedEntityTag=O]
[Text=su CharacterOffsetBegin=716 CharacterOffsetEnd=718 PartOfSpeech=DET Lemma=su NamedEntityTag=O]
[Text=paradero CharacterOffsetBegin=719 CharacterOffsetEnd=727 PartOfSpeech=NOUN Lemma=paradero NamedEntityTag=O]
[Text=y CharacterOffsetBegin=728 CharacterOffsetEnd=729 PartOfSpeech=CCONJ Lemma=y NamedEntityTag=O]
[Text=que CharacterOffsetBegin=730 CharacterOffsetEnd=733 PartOfSpeech=PRON Lemma=que NamedEntityTag=O]
[Text=mediante CharacterOffsetBegin=734 CharacterOffsetEnd=742 PartOfSpeech=ADP Lemma=mediante NamedEntityTag=O]
[Text=la CharacterOffsetBegin=743 CharacterOffsetEnd=745 PartOfSpeech=DET Lemma=la NamedEntityTag=O]
[Text=tortura CharacterOffsetBegin=746 CharacterOffsetEnd=753 PartOfSpeech=NOUN Lemma=tortura NamedEntityTag=CRIMINAL_CHARGE]
[Text=la CharacterOffsetBegin=754 CharacterOffsetEnd=756 PartOfSpeech=DET Lemma=la NamedEntityTag=O]
[Text=Policía CharacterOffsetBegin=757 CharacterOffsetEnd=764 PartOfSpeech=PROPN Lemma=policía NamedEntityTag=ORGANIZATION]
[Text=- CharacterOffsetBegin=765 CharacterOffsetEnd=766 PartOfSpeech=PUNCT Lemma=- NamedEntityTag=O]
[Text=les CharacterOffsetBegin=767 CharacterOffsetEnd=770 PartOfSpeech=PRON Lemma=les NamedEntityTag=O]
[Text=arrancará CharacterOffsetBegin=771 CharacterOffsetEnd=780 PartOfSpeech=VERB Lemma=arrancará NamedEntityTag=O]
[Text=Falsas CharacterOffsetBegin=781 CharacterOffsetEnd=787 PartOfSpeech=ADJ Lemma=falsas NamedEntityTag=O]
[Text=acusaciones CharacterOffsetBegin=788 CharacterOffsetEnd=799 PartOfSpeech=NOUN Lemma=acusaciones NamedEntityTag=O]
[Text=, CharacterOffsetBegin=799 CharacterOffsetEnd=800 PartOfSpeech=PUNCT Lemma=, NamedEntityTag=O]
[Text=Se CharacterOffsetBegin=800 CharacterOffsetEnd=802 PartOfSpeech=PRON Lemma=se NamedEntityTag=O]
[Text=refirió CharacterOffsetBegin=803 CharacterOffsetEnd=810 PartOfSpeech=VERB Lemma=refirió NamedEntityTag=O]
[Text=también CharacterOffsetBegin=811 CharacterOffsetEnd=818 PartOfSpeech=ADV Lemma=también NamedEntityTag=O]
[Text=al CharacterOffsetBegin=819 CharacterOffsetEnd=821 PartOfSpeech=ADP Lemma=al NamedEntityTag=O]
[Text=ca CharacterOffsetBegin=822 CharacterOffsetEnd=824 PartOfSpeech=NOUN Lemma=ca NamedEntityTag=O]
[Text=- CharacterOffsetBegin=824 CharacterOffsetEnd=825 PartOfSpeech=PUNCT Lemma=- NamedEntityTag=O]
[Text=so CharacterOffsetBegin=826 CharacterOffsetEnd=828 PartOfSpeech=NOUN Lemma=so NamedEntityTag=O]
[Text=del CharacterOffsetBegin=829 CharacterOffsetEnd=832 PartOfSpeech=ADP Lemma=del NamedEntityTag=O]
[Text=P CharacterOffsetBegin=833 CharacterOffsetEnd=834 PartOfSpeech=PROPN Lemma=p NamedEntityTag=MISC]
[Text=rof CharacterOffsetBegin=835 CharacterOffsetEnd=838 PartOfSpeech=PROPN Lemma=rof NamedEntityTag=MISC]
[Text=. CharacterOffsetBegin=838 CharacterOffsetEnd=839 PartOfSpeech=PUNCT Lemma=. NamedEntityTag=O]

Dependency Parse (enhanced plus plus dependencies):
root(ROOT-0, externó-10)
nsubj(externó-10, CAR-2)
det(DIAZ-4, LOS-3)
punct(externó-10, --1)
appos(CAR-2, DIAZ-4)
flat(DIAZ-4, FRIAS-5)
flat(DIAZ-4, miembro-6)
case(P.P.U.A.-8, del-7)
flat(DIAZ-4, P.P.U.A.-8)
punct(CAR-2, ,-9)
mark(detenidos-30, que-11)
case(asalto-14, durante-12)
det(asalto-14, el-13)
obl(detenidos-30, asalto-14)
punct(armado-16, --15)
amod(asalto-14, armado-16)
case(dormitorio-18, al-17)
obj(armado-16, dormitorio-18)
amod(dormitorio-18, universitario-19)
case(U.A.G.-22, de-20)
det(U.A.G.-22, la-21)
nmod(dormitorio-18, U.A.G.-22)
punct(Acapul-25, ,-23)
case(Acapul-25, en-24)
obl(armado-16, Acapul-25)
punct(armado-16, --26)
advmod(detenidos-30, co-27)
punct(co-27, ,-28)
aux(detenidos-30, fueron-29)
ccomp(externó-10, detenidos-30)
nsubj(conoce-38, universitarios-31)
case(cuales-34, de-32)
det(cuales-34, los-33)
nmod(universitarios-31, cuales-34)
obj(conoce-38, se-35)
mark(conoce-38, des-36)
punct(conoce-38, --37)
aux(refirió-55, conoce-38)
det(paradero-40, su-39)
nsubj(refirió-55, paradero-40)
cc(arrancará-50, y-41)
mark(arrancará-50, que-42)
case(tortura-45, mediante-43)
det(tortura-45, la-44)
obl(arrancará-50, tortura-45)
det(Policía-47, la-46)
appos(tortura-45, Policía-47)
punct(arrancará-50, --48)
obj(arrancará-50, les-49)
csubj(refirió-55, arrancará-50)
amod(acusaciones-52, Falsas-51)
obj(arrancará-50, acusaciones-52)
punct(arrancará-50, ,-53)
obj(refirió-55, Se-54)
ccomp(detenidos-30, refirió-55)
advmod(refirió-55, también-56)
case(ca-58, al-57)
obj(refirió-55, ca-58)
punct(so-60, --59)
appos(ca-58, so-60)
case(P-62, del-61)
nmod(so-60, P-62)
flat(P-62, rof-63)
punct(externó-10, .-64)

Extracted the following NER entity mentions:
asalto	CRIMINAL_CHARGE	-
tortura	CRIMINAL_CHARGE	-
Policía	ORGANIZATION	ORGANIZATION:0.7367834855919284
P rof	MISC	MISC:0.35007251259406447

Sentence #5 (24 tokens):
CISNEROS GUILLEN, indicando que será la unidad
universitaria y la movilización las que hagan posible la -
libertad del Prof.CISNEROS GUILLEN.

Tokens:
[Text=CISNEROS CharacterOffsetBegin=839 CharacterOffsetEnd=847 PartOfSpeech=PROPN Lemma=cisneros NamedEntityTag=PERSON]
[Text=GUILLEN CharacterOffsetBegin=848 CharacterOffsetEnd=855 PartOfSpeech=PROPN Lemma=guillen NamedEntityTag=PERSON]
[Text=, CharacterOffsetBegin=855 CharacterOffsetEnd=856 PartOfSpeech=PUNCT Lemma=, NamedEntityTag=O]
[Text=indicando CharacterOffsetBegin=857 CharacterOffsetEnd=866 PartOfSpeech=AUX Lemma=indicando NamedEntityTag=O]
[Text=que CharacterOffsetBegin=867 CharacterOffsetEnd=870 PartOfSpeech=SCONJ Lemma=que NamedEntityTag=O]
[Text=será CharacterOffsetBegin=871 CharacterOffsetEnd=875 PartOfSpeech=AUX Lemma=será NamedEntityTag=O]
[Text=la CharacterOffsetBegin=876 CharacterOffsetEnd=878 PartOfSpeech=DET Lemma=la NamedEntityTag=O]
[Text=unidad CharacterOffsetBegin=879 CharacterOffsetEnd=885 PartOfSpeech=NOUN Lemma=unidad NamedEntityTag=O]
[Text=universitaria CharacterOffsetBegin=886 CharacterOffsetEnd=899 PartOfSpeech=ADJ Lemma=universitaria NamedEntityTag=O]
[Text=y CharacterOffsetBegin=900 CharacterOffsetEnd=901 PartOfSpeech=CCONJ Lemma=y NamedEntityTag=O]
[Text=la CharacterOffsetBegin=902 CharacterOffsetEnd=904 PartOfSpeech=DET Lemma=la NamedEntityTag=O]
[Text=movilización CharacterOffsetBegin=905 CharacterOffsetEnd=917 PartOfSpeech=NOUN Lemma=movilización NamedEntityTag=O]
[Text=las CharacterOffsetBegin=918 CharacterOffsetEnd=921 PartOfSpeech=DET Lemma=las NamedEntityTag=O]
[Text=que CharacterOffsetBegin=922 CharacterOffsetEnd=925 PartOfSpeech=PRON Lemma=que NamedEntityTag=O]
[Text=hagan CharacterOffsetBegin=926 CharacterOffsetEnd=931 PartOfSpeech=VERB Lemma=hagan NamedEntityTag=O]
[Text=posible CharacterOffsetBegin=932 CharacterOffsetEnd=939 PartOfSpeech=ADJ Lemma=posible NamedEntityTag=O]
[Text=la CharacterOffsetBegin=940 CharacterOffsetEnd=942 PartOfSpeech=DET Lemma=la NamedEntityTag=O]
[Text=- CharacterOffsetBegin=943 CharacterOffsetEnd=944 PartOfSpeech=PUNCT Lemma=- NamedEntityTag=O]
[Text=libertad CharacterOffsetBegin=945 CharacterOffsetEnd=953 PartOfSpeech=NOUN Lemma=libertad NamedEntityTag=O]
[Text=del CharacterOffsetBegin=954 CharacterOffsetEnd=957 PartOfSpeech=ADP Lemma=del NamedEntityTag=O]
[Text=Prof. CharacterOffsetBegin=958 CharacterOffsetEnd=963 PartOfSpeech=PROPN Lemma=prof. NamedEntityTag=ORGANIZATION]
[Text=CISNEROS CharacterOffsetBegin=963 CharacterOffsetEnd=971 PartOfSpeech=PROPN Lemma=cisneros NamedEntityTag=ORGANIZATION]
[Text=GUILLEN CharacterOffsetBegin=972 CharacterOffsetEnd=979 PartOfSpeech=PROPN Lemma=guillen NamedEntityTag=ORGANIZATION]
[Text=. CharacterOffsetBegin=979 CharacterOffsetEnd=980 PartOfSpeech=PUNCT Lemma=. NamedEntityTag=O]

Dependency Parse (enhanced plus plus dependencies):
root(ROOT-0, CISNEROS-1)
flat(CISNEROS-1, GUILLEN-2)
punct(unidad-8, ,-3)
aux(unidad-8, indicando-4)
mark(unidad-8, que-5)
cop(unidad-8, será-6)
det(unidad-8, la-7)
appos(CISNEROS-1, unidad-8)
amod(unidad-8, universitaria-9)
cc(movilización-12, y-10)
det(movilización-12, la-11)
appos(CISNEROS-1, movilización-12)
conj:y(unidad-8, movilización-12)
det(hagan-15, las-13)
nsubj(hagan-15, que-14)
acl(movilización-12, hagan-15)
obj(hagan-15, posible-16)
det(libertad-19, la-17)
punct(libertad-19, --18)
obj(hagan-15, libertad-19)
case(Prof.-21, del-20)
nmod(libertad-19, Prof.-21)
flat(Prof.-21, CISNEROS-22)
flat(Prof.-21, GUILLEN-23)
punct(CISNEROS-1, .-24)

Extracted the following NER entity mentions:
CISNEROS GUILLEN	PERSON	PERSON:0.9007018027997099
Prof.CISNEROS GUILLEN	ORGANIZATION	ORGANIZATION:0.3788565904857487

Sentence #6 (7 tokens):
-Se hace notar que los-

Tokens:
[Text=- CharacterOffsetBegin=980 CharacterOffsetEnd=981 PartOfSpeech=PUNCT Lemma=- NamedEntityTag=O]
[Text=Se CharacterOffsetBegin=981 CharacterOffsetEnd=983 PartOfSpeech=PRON Lemma=se NamedEntityTag=O]
[Text=hace CharacterOffsetBegin=984 CharacterOffsetEnd=988 PartOfSpeech=AUX Lemma=hace NamedEntityTag=O]
[Text=notar CharacterOffsetBegin=989 CharacterOffsetEnd=994 PartOfSpeech=VERB Lemma=notar NamedEntityTag=O]
[Text=que CharacterOffsetBegin=995 CharacterOffsetEnd=998 PartOfSpeech=SCONJ Lemma=que NamedEntityTag=O]
[Text=los CharacterOffsetBegin=999 CharacterOffsetEnd=1002 PartOfSpeech=DET Lemma=los NamedEntityTag=O]
[Text=- CharacterOffsetBegin=1002 CharacterOffsetEnd=1003 PartOfSpeech=PUNCT Lemma=- NamedEntityTag=O]

Dependency Parse (enhanced plus plus dependencies):
root(ROOT-0, notar-4)
punct(notar-4, --1)
obj(notar-4, Se-2)
aux(notar-4, hace-3)
punct(notar-4, que-5)
det(que-5, los-6)
punct(los-6, --7)

Extracted the following NER entity mentions:
