Document: ID=file_487.txt (5 sentences, 154 tokens)

Sentence #1 (42 tokens):
teniente del Ejército insultándolos, ALEJANDRO
LOPEZ CAMACHO, le contesto que como Militar lo --
respetaba, pero en otro aspecto los dos eran hom
bres retirandose cada quien por su lado; Hoy a
las 19.30 Hrs.

Tokens:
[Text=teniente CharacterOffsetBegin=0 CharacterOffsetEnd=8 PartOfSpeech=NOUN Lemma=teniente NamedEntityTag=TITLE]
[Text=del CharacterOffsetBegin=9 CharacterOffsetEnd=12 PartOfSpeech=ADP Lemma=del NamedEntityTag=O]
[Text=Ejército CharacterOffsetBegin=13 CharacterOffsetEnd=21 PartOfSpeech=PROPN Lemma=ejército NamedEntityTag=ORGANIZATION]
[Text=insultando CharacterOffsetBegin=22 CharacterOffsetEnd=35 PartOfSpeech=VERB Lemma=insultando NamedEntityTag=O]
[Text=los CharacterOffsetBegin=22 CharacterOffsetEnd=35 PartOfSpeech=DET Lemma=los NamedEntityTag=O]
[Text=, CharacterOffsetBegin=35 CharacterOffsetEnd=36 PartOfSpeech=PUNCT Lemma=, NamedEntityTag=O]
[Text=ALEJANDRO CharacterOffsetBegin=37 CharacterOffsetEnd=46 PartOfSpeech=PROPN Lemma=alejandro NamedEntityTag=PERSON]
[Text=LOPEZ CharacterOffsetBegin=47 CharacterOffsetEnd=52 PartOfSpeech=PROPN Lemma=lopez NamedEntityTag=PERSON]
[Text=CAMACHO CharacterOffsetBegin=53 CharacterOffsetEnd=60 PartOfSpeech=PROPN Lemma=camacho NamedEntityTag=PERSON]
[Text=, CharacterOffsetBegin=60 CharacterOffsetEnd=61 PartOfSpeech=PUNCT Lemma=, NamedEntityTag=O]
[Text=le CharacterOffsetBegin=62 CharacterOffsetEnd=64 PartOfSpeech=PRON Lemma=le NamedEntityTag=O]
[Text=contesto CharacterOffsetBegin=65 CharacterOffsetEnd=73 PartOfSpeech=VERB Lemma=contesto NamedEntityTag=O]
[Text=que CharacterOffsetBegin=74 CharacterOffsetEnd=77 PartOfSpeech=SCONJ Lemma=que NamedEntityTag=O]
[Text=como CharacterOffsetBegin=78 CharacterOffsetEnd=82 PartOfSpeech=SCONJ Lemma=como NamedEntityTag=O]
[Text=Militar CharacterOffsetBegin=83 CharacterOffsetEnd=90 PartOfSpeech=PROPN Lemma=militar NamedEntityTag=PERSON]
[Text=lo CharacterOffsetBegin=91 CharacterOffsetEnd=93 PartOfSpeech=PRON Lemma=lo NamedEntityTag=O]
[Text=-- CharacterOffsetBegin=94 CharacterOffsetEnd=96 PartOfSpeech=VERB Lemma=--_VERB NamedEntityTag=O]
[Text=respetaba CharacterOffsetBegin=97 CharacterOffsetEnd=106 PartOfSpeech=VERB Lemma=respetaba NamedEntityTag=O]
[Text=, CharacterOffsetBegin=106 CharacterOffsetEnd=107 PartOfSpeech=PUNCT Lemma=, NamedEntityTag=O]
[Text=pero CharacterOffsetBegin=108 CharacterOffsetEnd=112 PartOfSpeech=CCONJ Lemma=pero NamedEntityTag=O]
[Text=en CharacterOffsetBegin=113 CharacterOffsetEnd=115 PartOfSpeech=ADP Lemma=en NamedEntityTag=O]
[Text=otro CharacterOffsetBegin=116 CharacterOffsetEnd=120 PartOfSpeech=DET Lemma=otro NamedEntityTag=O]
[Text=aspecto CharacterOffsetBegin=121 CharacterOffsetEnd=128 PartOfSpeech=NOUN Lemma=aspecto NamedEntityTag=O]
[Text=los CharacterOffsetBegin=129 CharacterOffsetEnd=132 PartOfSpeech=DET Lemma=los NamedEntityTag=O]
[Text=dos CharacterOffsetBegin=133 CharacterOffsetEnd=136 PartOfSpeech=NUM Lemma=dos NamedEntityTag=NUMBER]
[Text=eran CharacterOffsetBegin=137 CharacterOffsetEnd=141 PartOfSpeech=AUX Lemma=eran NamedEntityTag=O]
[Text=hom CharacterOffsetBegin=142 CharacterOffsetEnd=145 PartOfSpeech=NOUN Lemma=hom NamedEntityTag=O]
[Text=bres CharacterOffsetBegin=146 CharacterOffsetEnd=150 PartOfSpeech=ADJ Lemma=bres NamedEntityTag=O]
[Text=retirando CharacterOffsetBegin=151 CharacterOffsetEnd=162 PartOfSpeech=VERB Lemma=retirando NamedEntityTag=O]
[Text=se CharacterOffsetBegin=151 CharacterOffsetEnd=162 PartOfSpeech=PRON Lemma=se NamedEntityTag=O]
[Text=cada CharacterOffsetBegin=163 CharacterOffsetEnd=167 PartOfSpeech=DET Lemma=cada NamedEntityTag=O]
[Text=quien CharacterOffsetBegin=168 CharacterOffsetEnd=173 PartOfSpeech=PRON Lemma=quien NamedEntityTag=O]
[Text=por CharacterOffsetBegin=174 CharacterOffsetEnd=177 PartOfSpeech=ADP Lemma=por NamedEntityTag=O]
[Text=su CharacterOffsetBegin=178 CharacterOffsetEnd=180 PartOfSpeech=DET Lemma=su NamedEntityTag=O]
[Text=lado CharacterOffsetBegin=181 CharacterOffsetEnd=185 PartOfSpeech=NOUN Lemma=lado NamedEntityTag=O]
[Text=; CharacterOffsetBegin=185 CharacterOffsetEnd=186 PartOfSpeech=PUNCT Lemma=; NamedEntityTag=O]
[Text=Hoy CharacterOffsetBegin=187 CharacterOffsetEnd=190 PartOfSpeech=ADV Lemma=hoy NamedEntityTag=DATE NormalizedNamedEntityTag=THIS P1D Timex=<TIMEX3 alt_value="THIS P1D" anchorTimeID="t0" temporalFunction="true" tid="t1" type="DATE" valueFromFunction="tf0">Hoy</TIMEX3>]
[Text=a CharacterOffsetBegin=191 CharacterOffsetEnd=192 PartOfSpeech=ADP Lemma=a NamedEntityTag=O]
[Text=las CharacterOffsetBegin=193 CharacterOffsetEnd=196 PartOfSpeech=DET Lemma=las NamedEntityTag=O]
[Text=19.30 CharacterOffsetBegin=197 CharacterOffsetEnd=202 PartOfSpeech=NOUN Lemma=19.30 NamedEntityTag=NUMBER NormalizedNamedEntityTag=19.3]
[Text=Hrs CharacterOffsetBegin=203 CharacterOffsetEnd=206 PartOfSpeech=PROPN Lemma=hrs NamedEntityTag=O]
[Text=. CharacterOffsetBegin=206 CharacterOffsetEnd=207 PartOfSpeech=PUNCT Lemma=. NamedEntityTag=O]

Dependency Parse (enhanced plus plus dependencies):
root(ROOT-0, contesto-12)
advcl(contesto-12, insultando-4)
det(ALEJANDRO-7, los-5)
acl(hom-27, retirando-29)
obj(retirando-29, se-30)
nsubj(insultando-4, teniente-1)
case(Ejército-3, del-2)
nmod(teniente-1, Ejército-3)
punct(ALEJANDRO-7, ,-6)
obj(insultando-4, ALEJANDRO-7)
flat(ALEJANDRO-7, LOPEZ-8)
flat(ALEJANDRO-7, CAMACHO-9)
punct(insultando-4, ,-10)
iobj(contesto-12, le-11)
mark(---17, que-13)
mark(Militar-15, como-14)
iobj(---17, Militar-15)
iobj(---17, lo-16)
ccomp(contesto-12, ---17)
xcomp(---17, respetaba-18)
punct(hom-27, ,-19)
cc(hom-27, pero-20)
case(aspecto-23, en-21)
det(aspecto-23, otro-22)
obl(hom-27, aspecto-23)
det(dos-25, los-24)
nsubj(hom-27, dos-25)
cop(hom-27, eran-26)
ccomp(contesto-12, hom-27)
conj:pero(---17, hom-27)
amod(hom-27, bres-28)
det(quien-32, cada-31)
nsubj(retirando-29, quien-32)
case(lado-35, por-33)
det(lado-35, su-34)
obl(retirando-29, lado-35)
punct(contesto-12, ;-36)
case(19.30-40, Hoy-37)
fixed(Hoy-37, a-38)
det(19.30-40, las-39)
obl(contesto-12, 19.30-40)
appos(19.30-40, Hrs-41)
punct(contesto-12, .-42)

Extracted the following NER entity mentions:
teniente	TITLE	-
Ejército	ORGANIZATION	ORGANIZATION:0.9944214055197291
ALEJANDRO
LOPEZ CAMACHO	PERSON	PERSON:0.9955922966616938
Militar	PERSON	PERSON:0.34965426905925606
dos	NUMBER	-
Hoy	DATE	DATE:-1.0
19.30	NUMBER	NUMBER:-1.0

Sentence #2 (15 tokens):
se presentaron 20 soldados de esta
Zona, en la comandancia de la Pol.

Tokens:
[Text=se CharacterOffsetBegin=208 CharacterOffsetEnd=210 PartOfSpeech=PRON Lemma=se NamedEntityTag=O]
[Text=presentaron CharacterOffsetBegin=211 CharacterOffsetEnd=222 PartOfSpeech=VERB Lemma=presentaron NamedEntityTag=O]
[Text=20 CharacterOffsetBegin=223 CharacterOffsetEnd=225 PartOfSpeech=NUM Lemma=20 NamedEntityTag=NUMBER NormalizedNamedEntityTag=20.0]
[Text=soldados CharacterOffsetBegin=226 CharacterOffsetEnd=234 PartOfSpeech=NOUN Lemma=soldados NamedEntityTag=O]
[Text=de CharacterOffsetBegin=235 CharacterOffsetEnd=237 PartOfSpeech=ADP Lemma=de NamedEntityTag=O]
[Text=esta CharacterOffsetBegin=238 CharacterOffsetEnd=242 PartOfSpeech=DET Lemma=esta NamedEntityTag=O]
[Text=Zona CharacterOffsetBegin=243 CharacterOffsetEnd=247 PartOfSpeech=PROPN Lemma=zona NamedEntityTag=O]
[Text=, CharacterOffsetBegin=247 CharacterOffsetEnd=248 PartOfSpeech=PUNCT Lemma=, NamedEntityTag=O]
[Text=en CharacterOffsetBegin=249 CharacterOffsetEnd=251 PartOfSpeech=ADP Lemma=en NamedEntityTag=O]
[Text=la CharacterOffsetBegin=252 CharacterOffsetEnd=254 PartOfSpeech=DET Lemma=la NamedEntityTag=O]
[Text=comandancia CharacterOffsetBegin=255 CharacterOffsetEnd=266 PartOfSpeech=NOUN Lemma=comandancia NamedEntityTag=O]
[Text=de CharacterOffsetBegin=267 CharacterOffsetEnd=269 PartOfSpeech=ADP Lemma=de NamedEntityTag=O]
[Text=la CharacterOffsetBegin=270 CharacterOffsetEnd=272 PartOfSpeech=DET Lemma=la NamedEntityTag=O]
[Text=Pol CharacterOffsetBegin=273 CharacterOffsetEnd=276 PartOfSpeech=PROPN Lemma=pol NamedEntityTag=LOCATION]
[Text=. CharacterOffsetBegin=276 CharacterOffsetEnd=277 PartOfSpeech=PUNCT Lemma=. NamedEntityTag=O]

Dependency Parse (enhanced plus plus dependencies):
root(ROOT-0, presentaron-2)
obj(presentaron-2, se-1)
nummod(soldados-4, 20-3)
nsubj(presentaron-2, soldados-4)
case(Zona-7, de-5)
det(Zona-7, esta-6)
nmod(soldados-4, Zona-7)
punct(comandancia-11, ,-8)
case(comandancia-11, en-9)
det(comandancia-11, la-10)
nmod(soldados-4, comandancia-11)
case(Pol-14, de-12)
det(Pol-14, la-13)
nmod(comandancia-11, Pol-14)
punct(presentaron-2, .-15)

Extracted the following NER entity mentions:
20	NUMBER	NUMBER:-1.0
Pol	LOCATION	LOCATION:0.8672275005499158

Sentence #3 (2 tokens):
Jud.

Tokens:
[Text=Jud CharacterOffsetBegin=277 CharacterOffsetEnd=280 PartOfSpeech=PROPN Lemma=jud NamedEntityTag=O]
[Text=. CharacterOffsetBegin=280 CharacterOffsetEnd=281 PartOfSpeech=PUNCT Lemma=. NamedEntityTag=O]

Dependency Parse (enhanced plus plus dependencies):
root(ROOT-0, Jud-1)
punct(Jud-1, .-2)

Extracted the following NER entity mentions:

Sentence #4 (90 tokens):
del Puerto,
exigiendo les entregaran a los 4 Agentes, por or-
denes del Gral. JOSE HERNANDEZ TOLEDO, Jefe de la Zona; Su Jefe Inmediato PEDRO VAZQUEZ ALARCON, en-
trego en dicha Zona a LOPEZ CAMACHO, dejandolo a
disposición del mencionado Gral., cosa que moles
to a los elementos policiacos y el Gral. le orde
no entregara a los otros 3, pero al Llegar a la C
mandancia VAZQUEZ ALARCON, se comunico porla via
telefonica con el Lic.

Tokens:
[Text=del CharacterOffsetBegin=281 CharacterOffsetEnd=284 PartOfSpeech=ADP Lemma=del NamedEntityTag=O]
[Text=Puerto CharacterOffsetBegin=285 CharacterOffsetEnd=291 PartOfSpeech=PROPN Lemma=puerto NamedEntityTag=ORGANIZATION]
[Text=, CharacterOffsetBegin=291 CharacterOffsetEnd=292 PartOfSpeech=PUNCT Lemma=, NamedEntityTag=O]
[Text=exigiendo CharacterOffsetBegin=293 CharacterOffsetEnd=302 PartOfSpeech=VERB Lemma=exigiendo NamedEntityTag=O]
[Text=les CharacterOffsetBegin=303 CharacterOffsetEnd=306 PartOfSpeech=PRON Lemma=les NamedEntityTag=O]
[Text=entregaran CharacterOffsetBegin=307 CharacterOffsetEnd=317 PartOfSpeech=VERB Lemma=entregaran NamedEntityTag=O]
[Text=a CharacterOffsetBegin=318 CharacterOffsetEnd=319 PartOfSpeech=ADP Lemma=a NamedEntityTag=O]
[Text=los CharacterOffsetBegin=320 CharacterOffsetEnd=323 PartOfSpeech=DET Lemma=los NamedEntityTag=O]
[Text=4 CharacterOffsetBegin=324 CharacterOffsetEnd=325 PartOfSpeech=NUM Lemma=4 NamedEntityTag=NUMBER NormalizedNamedEntityTag=4.0]
[Text=Agentes CharacterOffsetBegin=326 CharacterOffsetEnd=333 PartOfSpeech=NOUN Lemma=agentes NamedEntityTag=O]
[Text=, CharacterOffsetBegin=333 CharacterOffsetEnd=334 PartOfSpeech=PUNCT Lemma=, NamedEntityTag=O]
[Text=por CharacterOffsetBegin=335 CharacterOffsetEnd=338 PartOfSpeech=ADP Lemma=por NamedEntityTag=O]
[Text=or CharacterOffsetBegin=339 CharacterOffsetEnd=341 PartOfSpeech=NOUN Lemma=or NamedEntityTag=O]
[Text=- CharacterOffsetBegin=341 CharacterOffsetEnd=342 PartOfSpeech=PUNCT Lemma=- NamedEntityTag=O]
[Text=denes CharacterOffsetBegin=343 CharacterOffsetEnd=348 PartOfSpeech=NOUN Lemma=denes NamedEntityTag=O]
[Text=del CharacterOffsetBegin=349 CharacterOffsetEnd=352 PartOfSpeech=ADP Lemma=del NamedEntityTag=O]
[Text=Gral. CharacterOffsetBegin=353 CharacterOffsetEnd=358 PartOfSpeech=PROPN Lemma=gral. NamedEntityTag=O]
[Text=JOSE CharacterOffsetBegin=359 CharacterOffsetEnd=363 PartOfSpeech=PROPN Lemma=jose NamedEntityTag=O]
[Text=HERNANDEZ CharacterOffsetBegin=364 CharacterOffsetEnd=373 PartOfSpeech=PROPN Lemma=hernandez NamedEntityTag=O]
[Text=TOLEDO CharacterOffsetBegin=374 CharacterOffsetEnd=380 PartOfSpeech=PROPN Lemma=toledo NamedEntityTag=O]
[Text=, CharacterOffsetBegin=380 CharacterOffsetEnd=381 PartOfSpeech=PUNCT Lemma=, NamedEntityTag=O]
[Text=Jefe CharacterOffsetBegin=382 CharacterOffsetEnd=386 PartOfSpeech=PROPN Lemma=jefe NamedEntityTag=PERSON]
[Text=de CharacterOffsetBegin=387 CharacterOffsetEnd=389 PartOfSpeech=ADP Lemma=de NamedEntityTag=PERSON]
[Text=la CharacterOffsetBegin=390 CharacterOffsetEnd=392 PartOfSpeech=DET Lemma=la NamedEntityTag=PERSON]
[Text=Zona CharacterOffsetBegin=393 CharacterOffsetEnd=397 PartOfSpeech=PROPN Lemma=zona NamedEntityTag=PERSON]
[Text=; CharacterOffsetBegin=397 CharacterOffsetEnd=398 PartOfSpeech=PUNCT Lemma=; NamedEntityTag=O]
[Text=Su CharacterOffsetBegin=399 CharacterOffsetEnd=401 PartOfSpeech=DET Lemma=su NamedEntityTag=PERSON]
[Text=Jefe CharacterOffsetBegin=402 CharacterOffsetEnd=406 PartOfSpeech=PROPN Lemma=jefe NamedEntityTag=PERSON]
[Text=Inmediato CharacterOffsetBegin=407 CharacterOffsetEnd=416 PartOfSpeech=PROPN Lemma=inmediato NamedEntityTag=PERSON]
[Text=PEDRO CharacterOffsetBegin=417 CharacterOffsetEnd=422 PartOfSpeech=PROPN Lemma=pedro NamedEntityTag=PERSON]
[Text=VAZQUEZ CharacterOffsetBegin=423 CharacterOffsetEnd=430 PartOfSpeech=PROPN Lemma=vazquez NamedEntityTag=PERSON]
[Text=ALARCON CharacterOffsetBegin=431 CharacterOffsetEnd=438 PartOfSpeech=PROPN Lemma=alarcon NamedEntityTag=PERSON]
[Text=, CharacterOffsetBegin=438 CharacterOffsetEnd=439 PartOfSpeech=PUNCT Lemma=, NamedEntityTag=O]
[Text=en CharacterOffsetBegin=440 CharacterOffsetEnd=442 PartOfSpeech=ADP Lemma=en NamedEntityTag=O]
[Text=- CharacterOffsetBegin=442 CharacterOffsetEnd=443 PartOfSpeech=PUNCT Lemma=- NamedEntityTag=O]
[Text=trego CharacterOffsetBegin=444 CharacterOffsetEnd=449 PartOfSpeech=NOUN Lemma=trego NamedEntityTag=O]
[Text=en CharacterOffsetBegin=450 CharacterOffsetEnd=452 PartOfSpeech=ADP Lemma=en NamedEntityTag=O]
[Text=dicha CharacterOffsetBegin=453 CharacterOffsetEnd=458 PartOfSpeech=ADJ Lemma=dicha NamedEntityTag=O]
[Text=Zona CharacterOffsetBegin=459 CharacterOffsetEnd=463 PartOfSpeech=PROPN Lemma=zona NamedEntityTag=O]
[Text=a CharacterOffsetBegin=464 CharacterOffsetEnd=465 PartOfSpeech=ADP Lemma=a NamedEntityTag=O]
[Text=LOPEZ CharacterOffsetBegin=466 CharacterOffsetEnd=471 PartOfSpeech=PROPN Lemma=lopez NamedEntityTag=PERSON]
[Text=CAMACHO CharacterOffsetBegin=472 CharacterOffsetEnd=479 PartOfSpeech=PROPN Lemma=camacho NamedEntityTag=PERSON]
[Text=, CharacterOffsetBegin=479 CharacterOffsetEnd=480 PartOfSpeech=PUNCT Lemma=, NamedEntityTag=O]
[Text=dejando CharacterOffsetBegin=481 CharacterOffsetEnd=490 PartOfSpeech=VERB Lemma=dejando NamedEntityTag=O]
[Text=lo CharacterOffsetBegin=481 CharacterOffsetEnd=490 PartOfSpeech=PRON Lemma=lo NamedEntityTag=O]
[Text=a CharacterOffsetBegin=491 CharacterOffsetEnd=492 PartOfSpeech=ADP Lemma=a NamedEntityTag=O]
[Text=disposición CharacterOffsetBegin=493 CharacterOffsetEnd=504 PartOfSpeech=NOUN Lemma=disposición NamedEntityTag=O]
[Text=del CharacterOffsetBegin=505 CharacterOffsetEnd=508 PartOfSpeech=ADP Lemma=del NamedEntityTag=O]
[Text=mencionado CharacterOffsetBegin=509 CharacterOffsetEnd=519 PartOfSpeech=ADJ Lemma=mencionado NamedEntityTag=O]
[Text=Gral. CharacterOffsetBegin=520 CharacterOffsetEnd=525 PartOfSpeech=PROPN Lemma=gral. NamedEntityTag=O]
[Text=, CharacterOffsetBegin=525 CharacterOffsetEnd=526 PartOfSpeech=PUNCT Lemma=, NamedEntityTag=O]
[Text=cosa CharacterOffsetBegin=527 CharacterOffsetEnd=531 PartOfSpeech=NOUN Lemma=cosa NamedEntityTag=O]
[Text=que CharacterOffsetBegin=532 CharacterOffsetEnd=535 PartOfSpeech=PRON Lemma=que NamedEntityTag=O]
[Text=moles CharacterOffsetBegin=536 CharacterOffsetEnd=541 PartOfSpeech=NOUN Lemma=moles NamedEntityTag=O]
[Text=to CharacterOffsetBegin=542 CharacterOffsetEnd=544 PartOfSpeech=PROPN Lemma=to NamedEntityTag=O]
[Text=a CharacterOffsetBegin=545 CharacterOffsetEnd=546 PartOfSpeech=ADP Lemma=a NamedEntityTag=O]
[Text=los CharacterOffsetBegin=547 CharacterOffsetEnd=550 PartOfSpeech=DET Lemma=los NamedEntityTag=O]
[Text=elementos CharacterOffsetBegin=551 CharacterOffsetEnd=560 PartOfSpeech=NOUN Lemma=elementos NamedEntityTag=O]
[Text=policiacos CharacterOffsetBegin=561 CharacterOffsetEnd=571 PartOfSpeech=ADJ Lemma=policiacos NamedEntityTag=O]
[Text=y CharacterOffsetBegin=572 CharacterOffsetEnd=573 PartOfSpeech=CCONJ Lemma=y NamedEntityTag=O]
[Text=el CharacterOffsetBegin=574 CharacterOffsetEnd=576 PartOfSpeech=DET Lemma=el NamedEntityTag=O]
[Text=Gral. CharacterOffsetBegin=577 CharacterOffsetEnd=582 PartOfSpeech=PROPN Lemma=gral. NamedEntityTag=O]
[Text=le CharacterOffsetBegin=583 CharacterOffsetEnd=585 PartOfSpeech=PRON Lemma=le NamedEntityTag=O]
[Text=orde CharacterOffsetBegin=586 CharacterOffsetEnd=590 PartOfSpeech=VERB Lemma=orde NamedEntityTag=O]
[Text=no CharacterOffsetBegin=591 CharacterOffsetEnd=593 PartOfSpeech=ADV Lemma=no NamedEntityTag=O]
[Text=entregara CharacterOffsetBegin=594 CharacterOffsetEnd=603 PartOfSpeech=VERB Lemma=entregara NamedEntityTag=O]
[Text=a CharacterOffsetBegin=604 CharacterOffsetEnd=605 PartOfSpeech=ADP Lemma=a NamedEntityTag=O]
[Text=los CharacterOffsetBegin=606 CharacterOffsetEnd=609 PartOfSpeech=DET Lemma=los NamedEntityTag=O]
[Text=otros CharacterOffsetBegin=610 CharacterOffsetEnd=615 PartOfSpeech=PRON Lemma=otros NamedEntityTag=O]
[Text=3 CharacterOffsetBegin=616 CharacterOffsetEnd=617 PartOfSpeech=NUM Lemma=3 NamedEntityTag=NUMBER NormalizedNamedEntityTag=3.0]
[Text=, CharacterOffsetBegin=617 CharacterOffsetEnd=618 PartOfSpeech=PUNCT Lemma=, NamedEntityTag=O]
[Text=pero CharacterOffsetBegin=619 CharacterOffsetEnd=623 PartOfSpeech=CCONJ Lemma=pero NamedEntityTag=O]
[Text=al CharacterOffsetBegin=624 CharacterOffsetEnd=626 PartOfSpeech=ADP Lemma=al NamedEntityTag=O]
[Text=Llegar CharacterOffsetBegin=627 CharacterOffsetEnd=633 PartOfSpeech=AUX Lemma=llegar NamedEntityTag=O]
[Text=a CharacterOffsetBegin=634 CharacterOffsetEnd=635 PartOfSpeech=ADP Lemma=a NamedEntityTag=O]
[Text=la CharacterOffsetBegin=636 CharacterOffsetEnd=638 PartOfSpeech=DET Lemma=la NamedEntityTag=O]
[Text=C CharacterOffsetBegin=639 CharacterOffsetEnd=640 PartOfSpeech=PROPN Lemma=c NamedEntityTag=O]
[Text=mandancia CharacterOffsetBegin=641 CharacterOffsetEnd=650 PartOfSpeech=PROPN Lemma=mandancia NamedEntityTag=O]
[Text=VAZQUEZ CharacterOffsetBegin=651 CharacterOffsetEnd=658 PartOfSpeech=PROPN Lemma=vazquez NamedEntityTag=PERSON]
[Text=ALARCON CharacterOffsetBegin=659 CharacterOffsetEnd=666 PartOfSpeech=PROPN Lemma=alarcon NamedEntityTag=PERSON]
[Text=, CharacterOffsetBegin=666 CharacterOffsetEnd=667 PartOfSpeech=PUNCT Lemma=, NamedEntityTag=O]
[Text=se CharacterOffsetBegin=668 CharacterOffsetEnd=670 PartOfSpeech=PRON Lemma=se NamedEntityTag=O]
[Text=comunico CharacterOffsetBegin=671 CharacterOffsetEnd=679 PartOfSpeech=VERB Lemma=comunico NamedEntityTag=O]
[Text=porla CharacterOffsetBegin=680 CharacterOffsetEnd=685 PartOfSpeech=ADJ Lemma=porla NamedEntityTag=O]
[Text=via CharacterOffsetBegin=686 CharacterOffsetEnd=689 PartOfSpeech=NOUN Lemma=via NamedEntityTag=O]
[Text=telefonica CharacterOffsetBegin=690 CharacterOffsetEnd=700 PartOfSpeech=ADJ Lemma=telefonica NamedEntityTag=O]
[Text=con CharacterOffsetBegin=701 CharacterOffsetEnd=704 PartOfSpeech=ADP Lemma=con NamedEntityTag=O]
[Text=el CharacterOffsetBegin=705 CharacterOffsetEnd=707 PartOfSpeech=DET Lemma=el NamedEntityTag=O]
[Text=Lic CharacterOffsetBegin=708 CharacterOffsetEnd=711 PartOfSpeech=PROPN Lemma=lic NamedEntityTag=O]
[Text=. CharacterOffsetBegin=711 CharacterOffsetEnd=712 PartOfSpeech=PUNCT Lemma=. NamedEntityTag=O]

Dependency Parse (enhanced plus plus dependencies):
root(ROOT-0, Puerto-2)
advcl(exigiendo-4, dejando-44)
obj(dejando-44, lo-45)
case(Puerto-2, del-1)
punct(exigiendo-4, ,-3)
acl(Puerto-2, exigiendo-4)
obj(exigiendo-4, les-5)
aux(dejando-44, entregaran-6)
case(Agentes-10, a-7)
det(4-9, los-8)
nummod(Agentes-10, 4-9)
obj(dejando-44, Agentes-10)
punct(or-13, ,-11)
case(or-13, por-12)
obl(dejando-44, or-13)
punct(or-13, --14)
punct(or-13, denes-15)
case(Gral.-17, del-16)
nmod(or-13, Gral.-17)
flat(Gral.-17, JOSE-18)
flat(Gral.-17, HERNANDEZ-19)
flat(Gral.-17, TOLEDO-20)
punct(or-13, ,-21)
appos(or-13, Jefe-22)
case(Zona-25, de-23)
det(Zona-25, la-24)
flat(Jefe-22, Zona-25)
punct(or-13, ;-26)
det(Jefe-28, Su-27)
nsubj(dejando-44, Jefe-28)
flat(Jefe-28, Inmediato-29)
flat(Jefe-28, PEDRO-30)
flat(Jefe-28, VAZQUEZ-31)
flat(Jefe-28, ALARCON-32)
punct(trego-36, ,-33)
case(trego-36, en-34)
punct(trego-36, --35)
nmod(Jefe-28, trego-36)
case(Zona-39, en-37)
amod(Zona-39, dicha-38)
nmod(trego-36, Zona-39)
case(LOPEZ-41, a-40)
nmod(trego-36, LOPEZ-41)
flat(LOPEZ-41, CAMACHO-42)
punct(trego-36, ,-43)
case(disposición-47, a-46)
obl(dejando-44, disposición-47)
case(Gral.-50, del-48)
amod(Gral.-50, mencionado-49)
nmod(disposición-47, Gral.-50)
punct(cosa-52, ,-51)
obl(dejando-44, cosa-52)
obj(orde-64, que-53)
nsubj(orde-64, moles-54)
appos(moles-54, to-55)
case(elementos-58, a-56)
det(elementos-58, los-57)
nmod(moles-54, elementos-58)
amod(elementos-58, policiacos-59)
cc(Gral.-62, y-60)
det(Gral.-62, el-61)
nmod(moles-54, Gral.-62)
conj:y(elementos-58, Gral.-62)
obj(orde-64, le-63)
acl(cosa-52, orde-64)
advmod(entregara-66, no-65)
advcl(orde-64, entregara-66)
case(otros-69, a-67)
det(otros-69, los-68)
obj(entregara-66, otros-69)
appos(otros-69, 3-70)
punct(comunico-83, ,-71)
cc(comunico-83, pero-72)
mark(Llegar-74, al-73)
advcl(comunico-83, Llegar-74)
case(C-77, a-75)
det(C-77, la-76)
obl(Llegar-74, C-77)
flat(C-77, mandancia-78)
flat(C-77, VAZQUEZ-79)
flat(C-77, ALARCON-80)
punct(Llegar-74, ,-81)
obj(comunico-83, se-82)
acl(Puerto-2, comunico-83)
conj:pero(exigiendo-4, comunico-83)
amod(via-85, porla-84)
obj(comunico-83, via-85)
amod(via-85, telefonica-86)
case(Lic-89, con-87)
det(Lic-89, el-88)
obl(comunico-83, Lic-89)
punct(Puerto-2, .-90)

Extracted the following NER entity mentions:
Puerto	ORGANIZATION	ORGANIZATION:0.5124575408769356
4	NUMBER	NUMBER:-1.0
Jefe de la Zona	PERSON	PERSON:0.8663615657415127
Su Jefe Inmediato PEDRO VAZQUEZ ALARCON	PERSON	PERSON:0.8593946889569293
LOPEZ CAMACHO	PERSON	PERSON:0.9782225735585919
3	NUMBER	NUMBER:-1.0
VAZQUEZ ALARCON	PERSON	PERSON:0.9084242657531402

Sentence #5 (5 tokens):
HUGO PEREZ BAUTISTA, Procu

Tokens:
[Text=HUGO CharacterOffsetBegin=713 CharacterOffsetEnd=717 PartOfSpeech=PROPN Lemma=hugo NamedEntityTag=PERSON]
[Text=PEREZ CharacterOffsetBegin=718 CharacterOffsetEnd=723 PartOfSpeech=PROPN Lemma=perez NamedEntityTag=PERSON]
[Text=BAUTISTA CharacterOffsetBegin=724 CharacterOffsetEnd=732 PartOfSpeech=PROPN Lemma=bautista NamedEntityTag=PERSON]
[Text=, CharacterOffsetBegin=732 CharacterOffsetEnd=733 PartOfSpeech=PUNCT Lemma=, NamedEntityTag=O]
[Text=Procu CharacterOffsetBegin=734 CharacterOffsetEnd=739 PartOfSpeech=PROPN Lemma=procu NamedEntityTag=MISC]

Dependency Parse (enhanced plus plus dependencies):
root(ROOT-0, HUGO-1)
flat(HUGO-1, PEREZ-2)
flat(HUGO-1, BAUTISTA-3)
punct(HUGO-1, ,-4)
flat(HUGO-1, Procu-5)

Extracted the following NER entity mentions:
HUGO PEREZ BAUTISTA	PERSON	PERSON:0.9441440800219025
Procu	MISC	MISC:0.4682247007958654
