Document: ID=file_474.txt (5 sentences, 171 tokens)

Sentence #1 (4 tokens):
ZAMORA GALINDO Camerino.

Tokens:
[Text=ZAMORA CharacterOffsetBegin=0 CharacterOffsetEnd=6 PartOfSpeech=PROPN Lemma=zamora NamedEntityTag=PERSON]
[Text=GALINDO CharacterOffsetBegin=7 CharacterOffsetEnd=14 PartOfSpeech=PROPN Lemma=galindo NamedEntityTag=PERSON]
[Text=Camerino CharacterOffsetBegin=15 CharacterOffsetEnd=23 PartOfSpeech=PROPN Lemma=camerino NamedEntityTag=PERSON]
[Text=. CharacterOffsetBegin=23 CharacterOffsetEnd=24 PartOfSpeech=PUNCT Lemma=. NamedEntityTag=O]

Dependency Parse (enhanced plus plus dependencies):
root(ROOT-0, ZAMORA-1)
flat(ZAMORA-1, GALINDO-2)
flat(ZAMORA-1, Camerino-3)
punct(ZAMORA-1, .-4)

Extracted the following NER entity mentions:
ZAMORA GALINDO Camerino	PERSON	PERSON:0.8974909421221953

Sentence #2 (2 tokens):
Exp.

Tokens:
[Text=Exp CharacterOffsetBegin=25 CharacterOffsetEnd=28 PartOfSpeech=PROPN Lemma=exp NamedEntityTag=O]
[Text=. CharacterOffsetBegin=28 CharacterOffsetEnd=29 PartOfSpeech=PUNCT Lemma=. NamedEntityTag=O]

Dependency Parse (enhanced plus plus dependencies):
root(ROOT-0, Exp-1)
punct(Exp-1, .-2)

Extracted the following NER entity mentions:

Sentence #3 (2 tokens):
11-235-75.

Tokens:
[Text=11-235-75 CharacterOffsetBegin=30 CharacterOffsetEnd=39 PartOfSpeech=NOUN Lemma=11-235-75 NamedEntityTag=O]
[Text=. CharacterOffsetBegin=39 CharacterOffsetEnd=40 PartOfSpeech=PUNCT Lemma=. NamedEntityTag=O]

Dependency Parse (enhanced plus plus dependencies):
root(ROOT-0, 11-235-75-1)
punct(11-235-75-1, .-2)

Extracted the following NER entity mentions:

Sentence #4 (5 tokens):
-18- H-56 L-30.

Tokens:
[Text=-18 CharacterOffsetBegin=41 CharacterOffsetEnd=44 PartOfSpeech=NUM Lemma=-18 NamedEntityTag=O]
[Text=- CharacterOffsetBegin=44 CharacterOffsetEnd=45 PartOfSpeech=PUNCT Lemma=- NamedEntityTag=O]
[Text=H-56 CharacterOffsetBegin=46 CharacterOffsetEnd=50 PartOfSpeech=NUM Lemma=h-56 NamedEntityTag=O]
[Text=L-30 CharacterOffsetBegin=51 CharacterOffsetEnd=55 PartOfSpeech=NUM Lemma=l-30 NamedEntityTag=O]
[Text=. CharacterOffsetBegin=55 CharacterOffsetEnd=56 PartOfSpeech=PUNCT Lemma=. NamedEntityTag=O]

Dependency Parse (enhanced plus plus dependencies):
root(ROOT-0, -18-1)
punct(-18-1, --2)
appos(-18-1, H-56-3)
compound(H-56-3, L-30-4)
punct(-18-1, .-5)

Extracted the following NER entity mentions:

Sentence #5 (158 tokens):
la tripulación de la patrulla de vigilancia, e igual-
mente se acordó que el de la voz, SIMON y EL GUERO ro
barían previamente un autommóvil estacionado en la vía
pública y en efecto, unos días antes, por la noche, -
se dirigieron por el rumbo de la Col. Prado Churubusco
y procedieron a violar con un desarmador la aleta iz-
quierda de un automóvil marca Ford Falcon, de color -
rojo, que luego pusieron directo y lo llevaron al Pue
blo de San Rafael Atlixco en donde lo dejaron esta---
cionado en una calle en la que había varios automóvi-
les para que no llamara la atención, mismo lugar de -
que fue recogido la víspera del asalto y conducido al
sitio que se había escogido para dejarlo cerca del ob
jetivo y usarlo en la huída; que la noche anterior al

Tokens:
[Text=la CharacterOffsetBegin=57 CharacterOffsetEnd=59 PartOfSpeech=DET Lemma=la NamedEntityTag=O]
[Text=tripulación CharacterOffsetBegin=60 CharacterOffsetEnd=71 PartOfSpeech=NOUN Lemma=tripulación NamedEntityTag=O]
[Text=de CharacterOffsetBegin=72 CharacterOffsetEnd=74 PartOfSpeech=ADP Lemma=de NamedEntityTag=O]
[Text=la CharacterOffsetBegin=75 CharacterOffsetEnd=77 PartOfSpeech=DET Lemma=la NamedEntityTag=O]
[Text=patrulla CharacterOffsetBegin=78 CharacterOffsetEnd=86 PartOfSpeech=NOUN Lemma=patrulla NamedEntityTag=O]
[Text=de CharacterOffsetBegin=87 CharacterOffsetEnd=89 PartOfSpeech=ADP Lemma=de NamedEntityTag=O]
[Text=vigilancia CharacterOffsetBegin=90 CharacterOffsetEnd=100 PartOfSpeech=NOUN Lemma=vigilancia NamedEntityTag=O]
[Text=, CharacterOffsetBegin=100 CharacterOffsetEnd=101 PartOfSpeech=PUNCT Lemma=, NamedEntityTag=O]
[Text=e CharacterOffsetBegin=102 CharacterOffsetEnd=103 PartOfSpeech=CCONJ Lemma=e NamedEntityTag=O]
[Text=igual CharacterOffsetBegin=104 CharacterOffsetEnd=109 PartOfSpeech=ADJ Lemma=igual NamedEntityTag=O]
[Text=- CharacterOffsetBegin=109 CharacterOffsetEnd=110 PartOfSpeech=PUNCT Lemma=- NamedEntityTag=O]
[Text=mente CharacterOffsetBegin=111 CharacterOffsetEnd=116 PartOfSpeech=NOUN Lemma=mente NamedEntityTag=O]
[Text=se CharacterOffsetBegin=117 CharacterOffsetEnd=119 PartOfSpeech=PRON Lemma=se NamedEntityTag=O]
[Text=acordó CharacterOffsetBegin=120 CharacterOffsetEnd=126 PartOfSpeech=VERB Lemma=acordó NamedEntityTag=O]
[Text=que CharacterOffsetBegin=127 CharacterOffsetEnd=130 PartOfSpeech=SCONJ Lemma=que NamedEntityTag=O]
[Text=el CharacterOffsetBegin=131 CharacterOffsetEnd=133 PartOfSpeech=DET Lemma=el NamedEntityTag=O]
[Text=de CharacterOffsetBegin=134 CharacterOffsetEnd=136 PartOfSpeech=ADP Lemma=de NamedEntityTag=O]
[Text=la CharacterOffsetBegin=137 CharacterOffsetEnd=139 PartOfSpeech=DET Lemma=la NamedEntityTag=O]
[Text=voz CharacterOffsetBegin=140 CharacterOffsetEnd=143 PartOfSpeech=NOUN Lemma=voz NamedEntityTag=O]
[Text=, CharacterOffsetBegin=143 CharacterOffsetEnd=144 PartOfSpeech=PUNCT Lemma=, NamedEntityTag=O]
[Text=SIMON CharacterOffsetBegin=145 CharacterOffsetEnd=150 PartOfSpeech=PROPN Lemma=simon NamedEntityTag=O]
[Text=y CharacterOffsetBegin=151 CharacterOffsetEnd=152 PartOfSpeech=CCONJ Lemma=y NamedEntityTag=O]
[Text=EL CharacterOffsetBegin=153 CharacterOffsetEnd=155 PartOfSpeech=DET Lemma=el NamedEntityTag=ORGANIZATION]
[Text=GUERO CharacterOffsetBegin=156 CharacterOffsetEnd=161 PartOfSpeech=PROPN Lemma=guero NamedEntityTag=ORGANIZATION]
[Text=ro CharacterOffsetBegin=162 CharacterOffsetEnd=164 PartOfSpeech=ADP Lemma=ro NamedEntityTag=O]
[Text=barían CharacterOffsetBegin=165 CharacterOffsetEnd=171 PartOfSpeech=PROPN Lemma=barían NamedEntityTag=O]
[Text=previamente CharacterOffsetBegin=172 CharacterOffsetEnd=183 PartOfSpeech=ADV Lemma=previamente NamedEntityTag=O]
[Text=un CharacterOffsetBegin=184 CharacterOffsetEnd=186 PartOfSpeech=DET Lemma=un NamedEntityTag=O]
[Text=autommóvil CharacterOffsetBegin=187 CharacterOffsetEnd=197 PartOfSpeech=ADJ Lemma=autommóvil NamedEntityTag=O]
[Text=estacionado CharacterOffsetBegin=198 CharacterOffsetEnd=209 PartOfSpeech=ADJ Lemma=estacionado NamedEntityTag=O]
[Text=en CharacterOffsetBegin=210 CharacterOffsetEnd=212 PartOfSpeech=ADP Lemma=en NamedEntityTag=O]
[Text=la CharacterOffsetBegin=213 CharacterOffsetEnd=215 PartOfSpeech=DET Lemma=la NamedEntityTag=O]
[Text=vía CharacterOffsetBegin=216 CharacterOffsetEnd=219 PartOfSpeech=NOUN Lemma=vía NamedEntityTag=O]
[Text=pública CharacterOffsetBegin=220 CharacterOffsetEnd=227 PartOfSpeech=ADJ Lemma=pública NamedEntityTag=O]
[Text=y CharacterOffsetBegin=228 CharacterOffsetEnd=229 PartOfSpeech=CCONJ Lemma=y NamedEntityTag=O]
[Text=en CharacterOffsetBegin=230 CharacterOffsetEnd=232 PartOfSpeech=ADP Lemma=en NamedEntityTag=O]
[Text=efecto CharacterOffsetBegin=233 CharacterOffsetEnd=239 PartOfSpeech=NOUN Lemma=efecto NamedEntityTag=O]
[Text=, CharacterOffsetBegin=239 CharacterOffsetEnd=240 PartOfSpeech=PUNCT Lemma=, NamedEntityTag=O]
[Text=unos CharacterOffsetBegin=241 CharacterOffsetEnd=245 PartOfSpeech=DET Lemma=unos NamedEntityTag=O]
[Text=días CharacterOffsetBegin=246 CharacterOffsetEnd=250 PartOfSpeech=NOUN Lemma=días NamedEntityTag=O]
[Text=antes CharacterOffsetBegin=251 CharacterOffsetEnd=256 PartOfSpeech=ADV Lemma=antes NamedEntityTag=O]
[Text=, CharacterOffsetBegin=256 CharacterOffsetEnd=257 PartOfSpeech=PUNCT Lemma=, NamedEntityTag=O]
[Text=por CharacterOffsetBegin=258 CharacterOffsetEnd=261 PartOfSpeech=ADP Lemma=por NamedEntityTag=O]
[Text=la CharacterOffsetBegin=262 CharacterOffsetEnd=264 PartOfSpeech=DET Lemma=la NamedEntityTag=O]
[Text=noche CharacterOffsetBegin=265 CharacterOffsetEnd=270 PartOfSpeech=NOUN Lemma=noche NamedEntityTag=O]
[Text=, CharacterOffsetBegin=270 CharacterOffsetEnd=271 PartOfSpeech=PUNCT Lemma=, NamedEntityTag=O]
[Text=- CharacterOffsetBegin=272 CharacterOffsetEnd=273 PartOfSpeech=PUNCT Lemma=- NamedEntityTag=O]
[Text=se CharacterOffsetBegin=274 CharacterOffsetEnd=276 PartOfSpeech=PRON Lemma=se NamedEntityTag=O]
[Text=dirigieron CharacterOffsetBegin=277 CharacterOffsetEnd=287 PartOfSpeech=VERB Lemma=dirigieron NamedEntityTag=O]
[Text=por CharacterOffsetBegin=288 CharacterOffsetEnd=291 PartOfSpeech=ADP Lemma=por NamedEntityTag=O]
[Text=el CharacterOffsetBegin=292 CharacterOffsetEnd=294 PartOfSpeech=DET Lemma=el NamedEntityTag=O]
[Text=rumbo CharacterOffsetBegin=295 CharacterOffsetEnd=300 PartOfSpeech=NOUN Lemma=rumbo NamedEntityTag=O]
[Text=de CharacterOffsetBegin=301 CharacterOffsetEnd=303 PartOfSpeech=ADP Lemma=de NamedEntityTag=O]
[Text=la CharacterOffsetBegin=304 CharacterOffsetEnd=306 PartOfSpeech=DET Lemma=la NamedEntityTag=O]
[Text=Col. CharacterOffsetBegin=307 CharacterOffsetEnd=311 PartOfSpeech=PROPN Lemma=col. NamedEntityTag=ORGANIZATION]
[Text=Prado CharacterOffsetBegin=312 CharacterOffsetEnd=317 PartOfSpeech=PROPN Lemma=prado NamedEntityTag=ORGANIZATION]
[Text=Churubusco CharacterOffsetBegin=318 CharacterOffsetEnd=328 PartOfSpeech=PROPN Lemma=churubusco NamedEntityTag=ORGANIZATION]
[Text=y CharacterOffsetBegin=329 CharacterOffsetEnd=330 PartOfSpeech=CCONJ Lemma=y NamedEntityTag=O]
[Text=procedieron CharacterOffsetBegin=331 CharacterOffsetEnd=342 PartOfSpeech=VERB Lemma=procedieron NamedEntityTag=O]
[Text=a CharacterOffsetBegin=343 CharacterOffsetEnd=344 PartOfSpeech=ADP Lemma=a NamedEntityTag=O]
[Text=violar CharacterOffsetBegin=345 CharacterOffsetEnd=351 PartOfSpeech=VERB Lemma=violar NamedEntityTag=O]
[Text=con CharacterOffsetBegin=352 CharacterOffsetEnd=355 PartOfSpeech=ADP Lemma=con NamedEntityTag=O]
[Text=un CharacterOffsetBegin=356 CharacterOffsetEnd=358 PartOfSpeech=DET Lemma=un NamedEntityTag=O]
[Text=desarmador CharacterOffsetBegin=359 CharacterOffsetEnd=369 PartOfSpeech=NOUN Lemma=desarmador NamedEntityTag=O]
[Text=la CharacterOffsetBegin=370 CharacterOffsetEnd=372 PartOfSpeech=DET Lemma=la NamedEntityTag=O]
[Text=aleta CharacterOffsetBegin=373 CharacterOffsetEnd=378 PartOfSpeech=NOUN Lemma=aleta NamedEntityTag=O]
[Text=iz CharacterOffsetBegin=379 CharacterOffsetEnd=381 PartOfSpeech=PROPN Lemma=iz NamedEntityTag=O]
[Text=- CharacterOffsetBegin=381 CharacterOffsetEnd=382 PartOfSpeech=PUNCT Lemma=- NamedEntityTag=O]
[Text=quierda CharacterOffsetBegin=383 CharacterOffsetEnd=390 PartOfSpeech=ADJ Lemma=quierda NamedEntityTag=O]
[Text=de CharacterOffsetBegin=391 CharacterOffsetEnd=393 PartOfSpeech=ADP Lemma=de NamedEntityTag=O]
[Text=un CharacterOffsetBegin=394 CharacterOffsetEnd=396 PartOfSpeech=DET Lemma=un NamedEntityTag=O]
[Text=automóvil CharacterOffsetBegin=397 CharacterOffsetEnd=406 PartOfSpeech=NOUN Lemma=automóvil NamedEntityTag=TITLE]
[Text=marca CharacterOffsetBegin=407 CharacterOffsetEnd=412 PartOfSpeech=VERB Lemma=marca NamedEntityTag=O]
[Text=Ford CharacterOffsetBegin=413 CharacterOffsetEnd=417 PartOfSpeech=PROPN Lemma=ford NamedEntityTag=MISC]
[Text=Falcon CharacterOffsetBegin=418 CharacterOffsetEnd=424 PartOfSpeech=PROPN Lemma=falcon NamedEntityTag=MISC]
[Text=, CharacterOffsetBegin=424 CharacterOffsetEnd=425 PartOfSpeech=PUNCT Lemma=, NamedEntityTag=O]
[Text=de CharacterOffsetBegin=426 CharacterOffsetEnd=428 PartOfSpeech=ADP Lemma=de NamedEntityTag=O]
[Text=color CharacterOffsetBegin=429 CharacterOffsetEnd=434 PartOfSpeech=NOUN Lemma=color NamedEntityTag=O]
[Text=- CharacterOffsetBegin=435 CharacterOffsetEnd=436 PartOfSpeech=PUNCT Lemma=- NamedEntityTag=O]
[Text=rojo CharacterOffsetBegin=437 CharacterOffsetEnd=441 PartOfSpeech=NOUN Lemma=rojo NamedEntityTag=O]
[Text=, CharacterOffsetBegin=441 CharacterOffsetEnd=442 PartOfSpeech=PUNCT Lemma=, NamedEntityTag=O]
[Text=que CharacterOffsetBegin=443 CharacterOffsetEnd=446 PartOfSpeech=PRON Lemma=que NamedEntityTag=O]
[Text=luego CharacterOffsetBegin=447 CharacterOffsetEnd=452 PartOfSpeech=ADV Lemma=luego NamedEntityTag=O]
[Text=pusieron CharacterOffsetBegin=453 CharacterOffsetEnd=461 PartOfSpeech=VERB Lemma=pusieron NamedEntityTag=O]
[Text=directo CharacterOffsetBegin=462 CharacterOffsetEnd=469 PartOfSpeech=NOUN Lemma=directo NamedEntityTag=O]
[Text=y CharacterOffsetBegin=470 CharacterOffsetEnd=471 PartOfSpeech=CCONJ Lemma=y NamedEntityTag=O]
[Text=lo CharacterOffsetBegin=472 CharacterOffsetEnd=474 PartOfSpeech=PRON Lemma=lo NamedEntityTag=O]
[Text=llevaron CharacterOffsetBegin=475 CharacterOffsetEnd=483 PartOfSpeech=VERB Lemma=llevaron NamedEntityTag=O]
[Text=al CharacterOffsetBegin=484 CharacterOffsetEnd=486 PartOfSpeech=ADP Lemma=al NamedEntityTag=O]
[Text=Pue CharacterOffsetBegin=487 CharacterOffsetEnd=490 PartOfSpeech=PROPN Lemma=pue NamedEntityTag=LOCATION]
[Text=blo CharacterOffsetBegin=491 CharacterOffsetEnd=494 PartOfSpeech=PROPN Lemma=blo NamedEntityTag=O]
[Text=de CharacterOffsetBegin=495 CharacterOffsetEnd=497 PartOfSpeech=ADP Lemma=de NamedEntityTag=O]
[Text=San CharacterOffsetBegin=498 CharacterOffsetEnd=501 PartOfSpeech=PROPN Lemma=san NamedEntityTag=CITY]
[Text=Rafael CharacterOffsetBegin=502 CharacterOffsetEnd=508 PartOfSpeech=PROPN Lemma=rafael NamedEntityTag=CITY]
[Text=Atlixco CharacterOffsetBegin=509 CharacterOffsetEnd=516 PartOfSpeech=PROPN Lemma=atlixco NamedEntityTag=CITY]
[Text=en CharacterOffsetBegin=517 CharacterOffsetEnd=519 PartOfSpeech=ADP Lemma=en NamedEntityTag=O]
[Text=donde CharacterOffsetBegin=520 CharacterOffsetEnd=525 PartOfSpeech=PRON Lemma=donde NamedEntityTag=O]
[Text=lo CharacterOffsetBegin=526 CharacterOffsetEnd=528 PartOfSpeech=DET Lemma=lo NamedEntityTag=O]
[Text=dejaron CharacterOffsetBegin=529 CharacterOffsetEnd=536 PartOfSpeech=VERB Lemma=dejaron NamedEntityTag=O]
[Text=esta CharacterOffsetBegin=537 CharacterOffsetEnd=541 PartOfSpeech=DET Lemma=esta NamedEntityTag=O]
[Text=--- CharacterOffsetBegin=541 CharacterOffsetEnd=544 PartOfSpeech=NOUN Lemma=--- NamedEntityTag=O]
[Text=cionado CharacterOffsetBegin=545 CharacterOffsetEnd=552 PartOfSpeech=ADJ Lemma=cionado NamedEntityTag=O]
[Text=en CharacterOffsetBegin=553 CharacterOffsetEnd=555 PartOfSpeech=ADP Lemma=en NamedEntityTag=O]
[Text=una CharacterOffsetBegin=556 CharacterOffsetEnd=559 PartOfSpeech=DET Lemma=una NamedEntityTag=O]
[Text=calle CharacterOffsetBegin=560 CharacterOffsetEnd=565 PartOfSpeech=NOUN Lemma=calle NamedEntityTag=O]
[Text=en CharacterOffsetBegin=566 CharacterOffsetEnd=568 PartOfSpeech=ADP Lemma=en NamedEntityTag=O]
[Text=la CharacterOffsetBegin=569 CharacterOffsetEnd=571 PartOfSpeech=DET Lemma=la NamedEntityTag=O]
[Text=que CharacterOffsetBegin=572 CharacterOffsetEnd=575 PartOfSpeech=PRON Lemma=que NamedEntityTag=O]
[Text=había CharacterOffsetBegin=576 CharacterOffsetEnd=581 PartOfSpeech=AUX Lemma=había NamedEntityTag=O]
[Text=varios CharacterOffsetBegin=582 CharacterOffsetEnd=588 PartOfSpeech=DET Lemma=varios NamedEntityTag=O]
[Text=automóvi CharacterOffsetBegin=589 CharacterOffsetEnd=597 PartOfSpeech=NOUN Lemma=automóvi NamedEntityTag=O]
[Text=- CharacterOffsetBegin=597 CharacterOffsetEnd=598 PartOfSpeech=PUNCT Lemma=- NamedEntityTag=O]
[Text=les CharacterOffsetBegin=599 CharacterOffsetEnd=602 PartOfSpeech=PRON Lemma=les NamedEntityTag=O]
[Text=para CharacterOffsetBegin=603 CharacterOffsetEnd=607 PartOfSpeech=ADP Lemma=para NamedEntityTag=O]
[Text=que CharacterOffsetBegin=608 CharacterOffsetEnd=611 PartOfSpeech=SCONJ Lemma=que NamedEntityTag=O]
[Text=no CharacterOffsetBegin=612 CharacterOffsetEnd=614 PartOfSpeech=ADV Lemma=no NamedEntityTag=O]
[Text=llamara CharacterOffsetBegin=615 CharacterOffsetEnd=622 PartOfSpeech=VERB Lemma=llamara NamedEntityTag=O]
[Text=la CharacterOffsetBegin=623 CharacterOffsetEnd=625 PartOfSpeech=DET Lemma=la NamedEntityTag=O]
[Text=atención CharacterOffsetBegin=626 CharacterOffsetEnd=634 PartOfSpeech=NOUN Lemma=atención NamedEntityTag=O]
[Text=, CharacterOffsetBegin=634 CharacterOffsetEnd=635 PartOfSpeech=PUNCT Lemma=, NamedEntityTag=O]
[Text=mismo CharacterOffsetBegin=636 CharacterOffsetEnd=641 PartOfSpeech=DET Lemma=mismo NamedEntityTag=O]
[Text=lugar CharacterOffsetBegin=642 CharacterOffsetEnd=647 PartOfSpeech=NOUN Lemma=lugar NamedEntityTag=O]
[Text=de CharacterOffsetBegin=648 CharacterOffsetEnd=650 PartOfSpeech=ADP Lemma=de NamedEntityTag=O]
[Text=- CharacterOffsetBegin=651 CharacterOffsetEnd=652 PartOfSpeech=PUNCT Lemma=- NamedEntityTag=O]
[Text=que CharacterOffsetBegin=653 CharacterOffsetEnd=656 PartOfSpeech=PRON Lemma=que NamedEntityTag=O]
[Text=fue CharacterOffsetBegin=657 CharacterOffsetEnd=660 PartOfSpeech=AUX Lemma=fue NamedEntityTag=O]
[Text=recogido CharacterOffsetBegin=661 CharacterOffsetEnd=669 PartOfSpeech=VERB Lemma=recogido NamedEntityTag=O]
[Text=la CharacterOffsetBegin=670 CharacterOffsetEnd=672 PartOfSpeech=DET Lemma=la NamedEntityTag=O]
[Text=víspera CharacterOffsetBegin=673 CharacterOffsetEnd=680 PartOfSpeech=NOUN Lemma=víspera NamedEntityTag=O]
[Text=del CharacterOffsetBegin=681 CharacterOffsetEnd=684 PartOfSpeech=ADP Lemma=del NamedEntityTag=O]
[Text=asalto CharacterOffsetBegin=685 CharacterOffsetEnd=691 PartOfSpeech=NOUN Lemma=asalto NamedEntityTag=CRIMINAL_CHARGE]
[Text=y CharacterOffsetBegin=692 CharacterOffsetEnd=693 PartOfSpeech=CCONJ Lemma=y NamedEntityTag=O]
[Text=conducido CharacterOffsetBegin=694 CharacterOffsetEnd=703 PartOfSpeech=VERB Lemma=conducido NamedEntityTag=O]
[Text=al CharacterOffsetBegin=704 CharacterOffsetEnd=706 PartOfSpeech=ADP Lemma=al NamedEntityTag=O]
[Text=sitio CharacterOffsetBegin=707 CharacterOffsetEnd=712 PartOfSpeech=NOUN Lemma=sitio NamedEntityTag=O]
[Text=que CharacterOffsetBegin=713 CharacterOffsetEnd=716 PartOfSpeech=PRON Lemma=que NamedEntityTag=O]
[Text=se CharacterOffsetBegin=717 CharacterOffsetEnd=719 PartOfSpeech=PRON Lemma=se NamedEntityTag=O]
[Text=había CharacterOffsetBegin=720 CharacterOffsetEnd=725 PartOfSpeech=AUX Lemma=había NamedEntityTag=O]
[Text=escogido CharacterOffsetBegin=726 CharacterOffsetEnd=734 PartOfSpeech=VERB Lemma=escogido NamedEntityTag=O]
[Text=para CharacterOffsetBegin=735 CharacterOffsetEnd=739 PartOfSpeech=ADP Lemma=para NamedEntityTag=O]
[Text=dejar CharacterOffsetBegin=740 CharacterOffsetEnd=747 PartOfSpeech=VERB Lemma=dejar NamedEntityTag=O]
[Text=lo CharacterOffsetBegin=740 CharacterOffsetEnd=747 PartOfSpeech=PRON Lemma=lo NamedEntityTag=O]
[Text=cerca CharacterOffsetBegin=748 CharacterOffsetEnd=753 PartOfSpeech=ADV Lemma=cerca NamedEntityTag=O]
[Text=del CharacterOffsetBegin=754 CharacterOffsetEnd=757 PartOfSpeech=ADP Lemma=del NamedEntityTag=O]
[Text=ob CharacterOffsetBegin=758 CharacterOffsetEnd=760 PartOfSpeech=NOUN Lemma=ob NamedEntityTag=O]
[Text=jetivo CharacterOffsetBegin=761 CharacterOffsetEnd=767 PartOfSpeech=ADJ Lemma=jetivo NamedEntityTag=O]
[Text=y CharacterOffsetBegin=768 CharacterOffsetEnd=769 PartOfSpeech=CCONJ Lemma=y NamedEntityTag=O]
[Text=usar CharacterOffsetBegin=770 CharacterOffsetEnd=776 PartOfSpeech=VERB Lemma=usar NamedEntityTag=O]
[Text=lo CharacterOffsetBegin=770 CharacterOffsetEnd=776 PartOfSpeech=PRON Lemma=lo NamedEntityTag=O]
[Text=en CharacterOffsetBegin=777 CharacterOffsetEnd=779 PartOfSpeech=ADP Lemma=en NamedEntityTag=O]
[Text=la CharacterOffsetBegin=780 CharacterOffsetEnd=782 PartOfSpeech=DET Lemma=la NamedEntityTag=O]
[Text=huída CharacterOffsetBegin=783 CharacterOffsetEnd=788 PartOfSpeech=NOUN Lemma=huída NamedEntityTag=O]
[Text=; CharacterOffsetBegin=788 CharacterOffsetEnd=789 PartOfSpeech=PUNCT Lemma=; NamedEntityTag=O]
[Text=que CharacterOffsetBegin=790 CharacterOffsetEnd=793 PartOfSpeech=SCONJ Lemma=que NamedEntityTag=O]
[Text=la CharacterOffsetBegin=794 CharacterOffsetEnd=796 PartOfSpeech=DET Lemma=la NamedEntityTag=O]
[Text=noche CharacterOffsetBegin=797 CharacterOffsetEnd=802 PartOfSpeech=NOUN Lemma=noche NamedEntityTag=O]
[Text=anterior CharacterOffsetBegin=803 CharacterOffsetEnd=811 PartOfSpeech=ADJ Lemma=anterior NamedEntityTag=O]
[Text=al CharacterOffsetBegin=812 CharacterOffsetEnd=814 PartOfSpeech=ADP Lemma=al NamedEntityTag=O]

Dependency Parse (enhanced plus plus dependencies):
root(ROOT-0, acordó-14)
advcl(escogido-139, dejar-141)
obj(dejar-141, lo-142)
conj:y(dejar-141, usar-148)
advcl(escogido-139, usar-148)
obj(usar-148, lo-149)
det(tripulación-2, la-1)
nsubj(acordó-14, tripulación-2)
case(patrulla-5, de-3)
det(patrulla-5, la-4)
nmod(tripulación-2, patrulla-5)
case(vigilancia-7, de-6)
nmod(patrulla-5, vigilancia-7)
punct(igual-10, ,-8)
cc(igual-10, e-9)
conj:e(tripulación-2, igual-10)
nsubj(acordó-14, igual-10)
punct(igual-10, --11)
nmod(igual-10, mente-12)
obj(acordó-14, se-13)
mark(voz-19, que-15)
cop(voz-19, el-16)
case(el-16, de-17)
det(voz-19, la-18)
advcl(acordó-14, voz-19)
punct(SIMON-21, ,-20)
conj(voz-19, SIMON-21)
cc(GUERO-24, y-22)
det(GUERO-24, EL-23)
advcl(acordó-14, GUERO-24)
conj:y(voz-19, GUERO-24)
case(barían-26, ro-25)
nmod(voz-19, barían-26)
advmod(autommóvil-29, previamente-27)
det(autommóvil-29, un-28)
amod(voz-19, autommóvil-29)
amod(autommóvil-29, estacionado-30)
case(vía-33, en-31)
det(vía-33, la-32)
obl(estacionado-30, vía-33)
amod(vía-33, pública-34)
cc(antes-41, y-35)
advmod(antes-41, en-36)
fixed(en-36, efecto-37)
punct(en-36, ,-38)
det(días-40, unos-39)
obl(antes-41, días-40)
amod(voz-19, antes-41)
conj:y(autommóvil-29, antes-41)
punct(noche-45, ,-42)
case(noche-45, por-43)
det(noche-45, la-44)
obl(antes-41, noche-45)
punct(noche-45, ,-46)
punct(autommóvil-29, --47)
obj(dirigieron-49, se-48)
acl(voz-19, dirigieron-49)
case(rumbo-52, por-50)
det(rumbo-52, el-51)
obl(dirigieron-49, rumbo-52)
case(Col.-55, de-53)
det(Col.-55, la-54)
nmod(rumbo-52, Col.-55)
flat(Col.-55, Prado-56)
flat(Col.-55, Churubusco-57)
cc(procedieron-59, y-58)
acl(voz-19, procedieron-59)
conj:y(dirigieron-49, procedieron-59)
mark(violar-61, a-60)
xcomp(procedieron-59, violar-61)
case(desarmador-64, con-62)
det(desarmador-64, un-63)
obl(violar-61, desarmador-64)
det(aleta-66, la-65)
obj(violar-61, aleta-66)
appos(aleta-66, iz-67)
punct(quierda-69, --68)
amod(aleta-66, quierda-69)
case(automóvil-72, de-70)
det(automóvil-72, un-71)
nmod(quierda-69, automóvil-72)
appos(voz-19, marca-73)
obj(marca-73, Ford-74)
flat(Ford-74, Falcon-75)
punct(color-78, ,-76)
case(color-78, de-77)
nmod(Ford-74, color-78)
punct(rojo-80, --79)
appos(color-78, rojo-80)
punct(pusieron-84, ,-81)
nsubj(pusieron-84, que-82)
advmod(pusieron-84, luego-83)
acl(rojo-80, pusieron-84)
obj(pusieron-84, directo-85)
cc(llevaron-88, y-86)
obj(llevaron-88, lo-87)
acl(rojo-80, llevaron-88)
conj:y(pusieron-84, llevaron-88)
case(Pue-90, al-89)
iobj(llevaron-88, Pue-90)
flat(Pue-90, blo-91)
case(San-93, de-92)
flat(Pue-90, San-93)
flat(Pue-90, Rafael-94)
flat(Pue-90, Atlixco-95)
case(donde-97, en-96)
obl(llevaron-88, donde-97)
obj(dejaron-99, lo-98)
advcl(llevaron-88, dejaron-99)
det(----101, esta-100)
nsubj(dejaron-99, ----101)
amod(----101, cionado-102)
case(calle-105, en-103)
det(calle-105, una-104)
obl(dejaron-99, calle-105)
case(que-108, en-106)
det(que-108, la-107)
obl(había-109, que-108)
advcl(dejaron-99, había-109)
det(automóvi-111, varios-110)
obj(había-109, automóvi-111)
punct(llamara-117, --112)
obj(llamara-117, les-113)
mark(llamara-117, para-114)
mark(llamara-117, que-115)
advmod(llamara-117, no-116)
advcl(había-109, llamara-117)
det(atención-119, la-118)
obj(llamara-117, atención-119)
punct(lugar-122, ,-120)
det(lugar-122, mismo-121)
appos(atención-119, lugar-122)
mark(recogido-127, de-123)
punct(recogido-127, --124)
nsubj(recogido-127, que-125)
aux(recogido-127, fue-126)
acl(lugar-122, recogido-127)
det(víspera-129, la-128)
obj(recogido-127, víspera-129)
case(asalto-131, del-130)
nmod(víspera-129, asalto-131)
cc(conducido-133, y-132)
acl(lugar-122, conducido-133)
conj:y(recogido-127, conducido-133)
case(sitio-135, al-134)
obj(conducido-133, sitio-135)
nsubj(escogido-139, que-136)
obj(escogido-139, se-137)
aux(escogido-139, había-138)
acl(sitio-135, escogido-139)
mark(dejar-141, para-140)
advmod(dejar-141, cerca-143)
case(ob-145, del-144)
obl(cerca-143, ob-145)
amod(ob-145, jetivo-146)
cc(usar-148, y-147)
case(huída-152, en-150)
det(huída-152, la-151)
obl(usar-148, huída-152)
punct(acordó-14, ;-153)
mark(acordó-14, que-154)
det(noche-156, la-155)
nsubj:pass(que-154, noche-156)
amod(noche-156, anterior-157)
case(noche-156, al-158)

Extracted the following NER entity mentions:
EL GUERO	ORGANIZATION	ORGANIZATION:0.4917796413202135
Col. Prado Churubusco	ORGANIZATION	ORGANIZATION:0.8757169657078184
automóvil	TITLE	-
Ford Falcon	MISC	MISC:0.49386904159216655
Pue	LOCATION	LOCATION:0.535404395241395
San Rafael Atlixco	CITY	LOCATION:0.9992487256029744
asalto	CRIMINAL_CHARGE	-
