Document: ID=file_100.txt (3 sentences, 147 tokens)

Sentence #1 (7 tokens):
SALAS OBREGON, Ignacio Arturo  Exp.11-235-74.

Tokens:
[Text=SALAS CharacterOffsetBegin=0 CharacterOffsetEnd=5 PartOfSpeech=NOUN Lemma=salas NamedEntityTag=O]
[Text=OBREGON CharacterOffsetBegin=6 CharacterOffsetEnd=13 PartOfSpeech=ADJ Lemma=obregon NamedEntityTag=O]
[Text=, CharacterOffsetBegin=13 CharacterOffsetEnd=14 PartOfSpeech=PUNCT Lemma=, NamedEntityTag=O]
[Text=Ignacio CharacterOffsetBegin=15 CharacterOffsetEnd=22 PartOfSpeech=PROPN Lemma=ignacio NamedEntityTag=PERSON]
[Text=Arturo CharacterOffsetBegin=23 CharacterOffsetEnd=29 PartOfSpeech=PROPN Lemma=arturo NamedEntityTag=PERSON]
[Text=Exp.11-235-74 CharacterOffsetBegin=31 CharacterOffsetEnd=44 PartOfSpeech=PROPN Lemma=exp.11-235-74 NamedEntityTag=PERSON]
[Text=. CharacterOffsetBegin=44 CharacterOffsetEnd=45 PartOfSpeech=PUNCT Lemma=. NamedEntityTag=O]

Dependency Parse (enhanced plus plus dependencies):
root(ROOT-0, SALAS-1)
amod(SALAS-1, OBREGON-2)
punct(Ignacio-4, ,-3)
appos(SALAS-1, Ignacio-4)
flat(Ignacio-4, Arturo-5)
flat(Ignacio-4, Exp.11-235-74-6)
punct(SALAS-1, .-7)

Extracted the following NER entity mentions:
Ignacio Arturo  Exp.11-235-74	PERSON	PERSON:0.6882498470842437

Sentence #2 (65 tokens):
(30) H-293 L-11
ble de nuevos militantes para la organización, el -
día 6 del prepio mes el deponente regreso a esta --
Capital, por haberse enterado por los periódicos --
y la radió que a Raúl Ramos Zavala, había resultado
muerto en un enfrentamiento con la policía ocurrido
en el Parque México, en esta misma Cd.

Tokens:
[Text=( CharacterOffsetBegin=46 CharacterOffsetEnd=47 PartOfSpeech=PUNCT Lemma=( NamedEntityTag=O]
[Text=30 CharacterOffsetBegin=47 CharacterOffsetEnd=49 PartOfSpeech=NUM Lemma=30 NamedEntityTag=NUMBER NormalizedNamedEntityTag=30.0]
[Text=) CharacterOffsetBegin=49 CharacterOffsetEnd=50 PartOfSpeech=PUNCT Lemma=) NamedEntityTag=O]
[Text=H-293 CharacterOffsetBegin=51 CharacterOffsetEnd=56 PartOfSpeech=NUM Lemma=h-293 NamedEntityTag=O]
[Text=L-11 CharacterOffsetBegin=57 CharacterOffsetEnd=61 PartOfSpeech=NUM Lemma=l-11 NamedEntityTag=O]
[Text=ble CharacterOffsetBegin=62 CharacterOffsetEnd=65 PartOfSpeech=NOUN Lemma=ble NamedEntityTag=O]
[Text=de CharacterOffsetBegin=66 CharacterOffsetEnd=68 PartOfSpeech=ADP Lemma=de NamedEntityTag=O]
[Text=nuevos CharacterOffsetBegin=69 CharacterOffsetEnd=75 PartOfSpeech=ADJ Lemma=nuevos NamedEntityTag=O]
[Text=militantes CharacterOffsetBegin=76 CharacterOffsetEnd=86 PartOfSpeech=NOUN Lemma=militantes NamedEntityTag=O]
[Text=para CharacterOffsetBegin=87 CharacterOffsetEnd=91 PartOfSpeech=ADP Lemma=para NamedEntityTag=O]
[Text=la CharacterOffsetBegin=92 CharacterOffsetEnd=94 PartOfSpeech=DET Lemma=la NamedEntityTag=O]
[Text=organización CharacterOffsetBegin=95 CharacterOffsetEnd=107 PartOfSpeech=NOUN Lemma=organización NamedEntityTag=O]
[Text=, CharacterOffsetBegin=107 CharacterOffsetEnd=108 PartOfSpeech=PUNCT Lemma=, NamedEntityTag=O]
[Text=el CharacterOffsetBegin=109 CharacterOffsetEnd=111 PartOfSpeech=DET Lemma=el NamedEntityTag=O]
[Text=- CharacterOffsetBegin=112 CharacterOffsetEnd=113 PartOfSpeech=PUNCT Lemma=- NamedEntityTag=O]
[Text=día CharacterOffsetBegin=114 CharacterOffsetEnd=117 PartOfSpeech=NOUN Lemma=día NamedEntityTag=O]
[Text=6 CharacterOffsetBegin=118 CharacterOffsetEnd=119 PartOfSpeech=NUM Lemma=6 NamedEntityTag=NUMBER NormalizedNamedEntityTag=6.0]
[Text=del CharacterOffsetBegin=120 CharacterOffsetEnd=123 PartOfSpeech=ADP Lemma=del NamedEntityTag=O]
[Text=prepio CharacterOffsetBegin=124 CharacterOffsetEnd=130 PartOfSpeech=NOUN Lemma=prepio NamedEntityTag=O]
[Text=mes CharacterOffsetBegin=131 CharacterOffsetEnd=134 PartOfSpeech=NOUN Lemma=mes NamedEntityTag=O]
[Text=el CharacterOffsetBegin=135 CharacterOffsetEnd=137 PartOfSpeech=DET Lemma=el NamedEntityTag=O]
[Text=deponente CharacterOffsetBegin=138 CharacterOffsetEnd=147 PartOfSpeech=ADJ Lemma=deponente NamedEntityTag=O]
[Text=regreso CharacterOffsetBegin=148 CharacterOffsetEnd=155 PartOfSpeech=NOUN Lemma=regreso NamedEntityTag=O]
[Text=a CharacterOffsetBegin=156 CharacterOffsetEnd=157 PartOfSpeech=ADP Lemma=a NamedEntityTag=O]
[Text=esta CharacterOffsetBegin=158 CharacterOffsetEnd=162 PartOfSpeech=DET Lemma=esta NamedEntityTag=O]
[Text=-- CharacterOffsetBegin=163 CharacterOffsetEnd=165 PartOfSpeech=PROPN Lemma=-- NamedEntityTag=O]
[Text=Capital CharacterOffsetBegin=166 CharacterOffsetEnd=173 PartOfSpeech=PROPN Lemma=capital NamedEntityTag=O]
[Text=, CharacterOffsetBegin=173 CharacterOffsetEnd=174 PartOfSpeech=PUNCT Lemma=, NamedEntityTag=O]
[Text=por CharacterOffsetBegin=175 CharacterOffsetEnd=178 PartOfSpeech=ADP Lemma=por NamedEntityTag=O]
[Text=haber CharacterOffsetBegin=179 CharacterOffsetEnd=186 PartOfSpeech=AUX Lemma=haber NamedEntityTag=O]
[Text=se CharacterOffsetBegin=179 CharacterOffsetEnd=186 PartOfSpeech=PRON Lemma=se NamedEntityTag=O]
[Text=enterado CharacterOffsetBegin=187 CharacterOffsetEnd=195 PartOfSpeech=VERB Lemma=enterado NamedEntityTag=O]
[Text=por CharacterOffsetBegin=196 CharacterOffsetEnd=199 PartOfSpeech=ADP Lemma=por NamedEntityTag=O]
[Text=los CharacterOffsetBegin=200 CharacterOffsetEnd=203 PartOfSpeech=DET Lemma=los NamedEntityTag=O]
[Text=periódicos CharacterOffsetBegin=204 CharacterOffsetEnd=214 PartOfSpeech=NOUN Lemma=periódicos NamedEntityTag=O]
[Text=-- CharacterOffsetBegin=215 CharacterOffsetEnd=217 PartOfSpeech=ADJ Lemma=-- NamedEntityTag=O]
[Text=y CharacterOffsetBegin=218 CharacterOffsetEnd=219 PartOfSpeech=CCONJ Lemma=y NamedEntityTag=O]
[Text=la CharacterOffsetBegin=220 CharacterOffsetEnd=222 PartOfSpeech=DET Lemma=la NamedEntityTag=O]
[Text=radió CharacterOffsetBegin=223 CharacterOffsetEnd=228 PartOfSpeech=NOUN Lemma=radió NamedEntityTag=O]
[Text=que CharacterOffsetBegin=229 CharacterOffsetEnd=232 PartOfSpeech=PRON Lemma=que NamedEntityTag=O]
[Text=a CharacterOffsetBegin=233 CharacterOffsetEnd=234 PartOfSpeech=ADP Lemma=a NamedEntityTag=O]
[Text=Raúl CharacterOffsetBegin=235 CharacterOffsetEnd=239 PartOfSpeech=PROPN Lemma=raúl NamedEntityTag=PERSON]
[Text=Ramos CharacterOffsetBegin=240 CharacterOffsetEnd=245 PartOfSpeech=PROPN Lemma=ramos NamedEntityTag=PERSON]
[Text=Zavala CharacterOffsetBegin=246 CharacterOffsetEnd=252 PartOfSpeech=PROPN Lemma=zavala NamedEntityTag=PERSON]
[Text=, CharacterOffsetBegin=252 CharacterOffsetEnd=253 PartOfSpeech=PUNCT Lemma=, NamedEntityTag=O]
[Text=había CharacterOffsetBegin=254 CharacterOffsetEnd=259 PartOfSpeech=AUX Lemma=había NamedEntityTag=O]
[Text=resultado CharacterOffsetBegin=260 CharacterOffsetEnd=269 PartOfSpeech=VERB Lemma=resultado NamedEntityTag=O]
[Text=muerto CharacterOffsetBegin=270 CharacterOffsetEnd=276 PartOfSpeech=ADJ Lemma=muerto NamedEntityTag=O]
[Text=en CharacterOffsetBegin=277 CharacterOffsetEnd=279 PartOfSpeech=ADP Lemma=en NamedEntityTag=O]
[Text=un CharacterOffsetBegin=280 CharacterOffsetEnd=282 PartOfSpeech=DET Lemma=un NamedEntityTag=O]
[Text=enfrentamiento CharacterOffsetBegin=283 CharacterOffsetEnd=297 PartOfSpeech=NOUN Lemma=enfrentamiento NamedEntityTag=O]
[Text=con CharacterOffsetBegin=298 CharacterOffsetEnd=301 PartOfSpeech=ADP Lemma=con NamedEntityTag=O]
[Text=la CharacterOffsetBegin=302 CharacterOffsetEnd=304 PartOfSpeech=DET Lemma=la NamedEntityTag=O]
[Text=policía CharacterOffsetBegin=305 CharacterOffsetEnd=312 PartOfSpeech=NOUN Lemma=policía NamedEntityTag=TITLE]
[Text=ocurrido CharacterOffsetBegin=313 CharacterOffsetEnd=321 PartOfSpeech=ADJ Lemma=ocurrido NamedEntityTag=O]
[Text=en CharacterOffsetBegin=322 CharacterOffsetEnd=324 PartOfSpeech=ADP Lemma=en NamedEntityTag=O]
[Text=el CharacterOffsetBegin=325 CharacterOffsetEnd=327 PartOfSpeech=DET Lemma=el NamedEntityTag=O]
[Text=Parque CharacterOffsetBegin=328 CharacterOffsetEnd=334 PartOfSpeech=PROPN Lemma=parque NamedEntityTag=LOCATION]
[Text=México CharacterOffsetBegin=335 CharacterOffsetEnd=341 PartOfSpeech=PROPN Lemma=méxico NamedEntityTag=COUNTRY]
[Text=, CharacterOffsetBegin=341 CharacterOffsetEnd=342 PartOfSpeech=PUNCT Lemma=, NamedEntityTag=O]
[Text=en CharacterOffsetBegin=343 CharacterOffsetEnd=345 PartOfSpeech=ADP Lemma=en NamedEntityTag=O]
[Text=esta CharacterOffsetBegin=346 CharacterOffsetEnd=350 PartOfSpeech=DET Lemma=esta NamedEntityTag=O]
[Text=misma CharacterOffsetBegin=351 CharacterOffsetEnd=356 PartOfSpeech=DET Lemma=misma NamedEntityTag=O]
[Text=Cd CharacterOffsetBegin=357 CharacterOffsetEnd=359 PartOfSpeech=NOUN Lemma=cd NamedEntityTag=MISC]
[Text=. CharacterOffsetBegin=359 CharacterOffsetEnd=360 PartOfSpeech=PUNCT Lemma=. NamedEntityTag=O]

Dependency Parse (enhanced plus plus dependencies):
root(ROOT-0, 30-2)
aux(enterado-32, haber-30)
obj(enterado-32, se-31)
punct(30-2, (-1)
punct(30-2, )-3)
nummod(ble-6, H-293-4)
nummod(ble-6, L-11-5)
appos(30-2, ble-6)
case(militantes-9, de-7)
amod(militantes-9, nuevos-8)
nmod(ble-6, militantes-9)
case(organización-12, para-10)
det(organización-12, la-11)
nmod(30-2, organización-12)
punct(30-2, ,-13)
det(día-16, el-14)
punct(día-16, --15)
appos(30-2, día-16)
compound(día-16, 6-17)
case(prepio-19, del-18)
nmod(día-16, prepio-19)
compound(prepio-19, mes-20)
det(regreso-23, el-21)
amod(regreso-23, deponente-22)
appos(día-16, regreso-23)
case(---26, a-24)
det(---26, esta-25)
nmod(regreso-23, ---26)
flat(---26, Capital-27)
punct(enterado-32, ,-28)
mark(enterado-32, por-29)
acl(regreso-23, enterado-32)
case(periódicos-35, por-33)
det(periódicos-35, los-34)
obj(enterado-32, periódicos-35)
amod(periódicos-35, ---36)
cc(radió-39, y-37)
det(radió-39, la-38)
acl(regreso-23, radió-39)
conj:y(enterado-32, radió-39)
appos(radió-39, que-40)
case(Raúl-42, a-41)
nmod(que-40, Raúl-42)
flat(Raúl-42, Ramos-43)
flat(Raúl-42, Zavala-44)
punct(resultado-47, ,-45)
aux(resultado-47, había-46)
acl(Raúl-42, resultado-47)
obj(resultado-47, muerto-48)
case(enfrentamiento-51, en-49)
det(enfrentamiento-51, un-50)
obl(muerto-48, enfrentamiento-51)
case(policía-54, con-52)
det(policía-54, la-53)
nmod(enfrentamiento-51, policía-54)
amod(policía-54, ocurrido-55)
case(Parque-58, en-56)
det(Parque-58, el-57)
obl(ocurrido-55, Parque-58)
flat(Parque-58, México-59)
punct(Cd-64, ,-60)
case(Cd-64, en-61)
det(Cd-64, esta-62)
det(esta-62, misma-63)
nmod(enfrentamiento-51, Cd-64)
punct(radió-39, .-65)

Extracted the following NER entity mentions:
30	NUMBER	NUMBER:-1.0
6	NUMBER	NUMBER:-1.0
Raúl Ramos Zavala	PERSON	PERSON:0.9998513192368499
policía	TITLE	-
Parque	LOCATION	LOCATION:0.9992315253149923
México	COUNTRY	LOCATION:0.999397836226816
Cd	MISC	MISC:0.4418898407157012

Sentence #3 (75 tokens):
y que además
estaba lesionado y detenido JORGE ALBERTO SANCHEZ =
HIRALESy en los días subsecuentes tambien fueron --
detenidos JOSE LUIS SIERRA VILLARREAL y LUIS ANGEL
GARZA VILLARREAL, que a su llegada trató de hacer
contacto con JOSE ANGEL GARCIA MARTINEZ (a) *El Gor
do* y GUASTAVO ADOLFO HIRALES MORAN (a) "Fermin", lo
que logró por conducto de un estudiante de la Esc.

Tokens:
[Text=y CharacterOffsetBegin=361 CharacterOffsetEnd=362 PartOfSpeech=CCONJ Lemma=y NamedEntityTag=O]
[Text=que CharacterOffsetBegin=363 CharacterOffsetEnd=366 PartOfSpeech=SCONJ Lemma=que NamedEntityTag=O]
[Text=además CharacterOffsetBegin=367 CharacterOffsetEnd=373 PartOfSpeech=ADV Lemma=además NamedEntityTag=O]
[Text=estaba CharacterOffsetBegin=374 CharacterOffsetEnd=380 PartOfSpeech=AUX Lemma=estaba NamedEntityTag=O]
[Text=lesionado CharacterOffsetBegin=381 CharacterOffsetEnd=390 PartOfSpeech=ADJ Lemma=lesionado NamedEntityTag=O]
[Text=y CharacterOffsetBegin=391 CharacterOffsetEnd=392 PartOfSpeech=CCONJ Lemma=y NamedEntityTag=O]
[Text=detenido CharacterOffsetBegin=393 CharacterOffsetEnd=401 PartOfSpeech=ADJ Lemma=detenido NamedEntityTag=O]
[Text=JORGE CharacterOffsetBegin=402 CharacterOffsetEnd=407 PartOfSpeech=PROPN Lemma=jorge NamedEntityTag=PERSON]
[Text=ALBERTO CharacterOffsetBegin=408 CharacterOffsetEnd=415 PartOfSpeech=PROPN Lemma=alberto NamedEntityTag=PERSON]
[Text=SANCHEZ CharacterOffsetBegin=416 CharacterOffsetEnd=423 PartOfSpeech=PROPN Lemma=sanchez NamedEntityTag=PERSON]
[Text== CharacterOffsetBegin=424 CharacterOffsetEnd=425 PartOfSpeech=SYM Lemma== NamedEntityTag=O]
[Text=HIRALESy CharacterOffsetBegin=426 CharacterOffsetEnd=434 PartOfSpeech=NOUN Lemma=hiralesy NamedEntityTag=PERSON]
[Text=en CharacterOffsetBegin=435 CharacterOffsetEnd=437 PartOfSpeech=ADP Lemma=en NamedEntityTag=O]
[Text=los CharacterOffsetBegin=438 CharacterOffsetEnd=441 PartOfSpeech=DET Lemma=los NamedEntityTag=O]
[Text=días CharacterOffsetBegin=442 CharacterOffsetEnd=446 PartOfSpeech=NOUN Lemma=días NamedEntityTag=O]
[Text=subsecuentes CharacterOffsetBegin=447 CharacterOffsetEnd=459 PartOfSpeech=ADJ Lemma=subsecuentes NamedEntityTag=O]
[Text=tambien CharacterOffsetBegin=460 CharacterOffsetEnd=467 PartOfSpeech=NOUN Lemma=tambien NamedEntityTag=O]
[Text=fueron CharacterOffsetBegin=468 CharacterOffsetEnd=474 PartOfSpeech=AUX Lemma=fueron NamedEntityTag=O]
[Text=-- CharacterOffsetBegin=475 CharacterOffsetEnd=477 PartOfSpeech=NUM Lemma=-- NamedEntityTag=O]
[Text=detenidos CharacterOffsetBegin=478 CharacterOffsetEnd=487 PartOfSpeech=NOUN Lemma=detenidos NamedEntityTag=O]
[Text=JOSE CharacterOffsetBegin=488 CharacterOffsetEnd=492 PartOfSpeech=PROPN Lemma=jose NamedEntityTag=O]
[Text=LUIS CharacterOffsetBegin=493 CharacterOffsetEnd=497 PartOfSpeech=PROPN Lemma=luis NamedEntityTag=O]
[Text=SIERRA CharacterOffsetBegin=498 CharacterOffsetEnd=504 PartOfSpeech=PROPN Lemma=sierra NamedEntityTag=O]
[Text=VILLARREAL CharacterOffsetBegin=505 CharacterOffsetEnd=515 PartOfSpeech=PROPN Lemma=villarreal NamedEntityTag=ORGANIZATION]
[Text=y CharacterOffsetBegin=516 CharacterOffsetEnd=517 PartOfSpeech=CCONJ Lemma=y NamedEntityTag=O]
[Text=LUIS CharacterOffsetBegin=518 CharacterOffsetEnd=522 PartOfSpeech=PROPN Lemma=luis NamedEntityTag=PERSON]
[Text=ANGEL CharacterOffsetBegin=523 CharacterOffsetEnd=528 PartOfSpeech=PROPN Lemma=angel NamedEntityTag=PERSON]
[Text=GARZA CharacterOffsetBegin=529 CharacterOffsetEnd=534 PartOfSpeech=PROPN Lemma=garza NamedEntityTag=PERSON]
[Text=VILLARREAL CharacterOffsetBegin=535 CharacterOffsetEnd=545 PartOfSpeech=PROPN Lemma=villarreal NamedEntityTag=PERSON]
[Text=, CharacterOffsetBegin=545 CharacterOffsetEnd=546 PartOfSpeech=PUNCT Lemma=, NamedEntityTag=O]
[Text=que CharacterOffsetBegin=547 CharacterOffsetEnd=550 PartOfSpeech=PRON Lemma=que NamedEntityTag=O]
[Text=a CharacterOffsetBegin=551 CharacterOffsetEnd=552 PartOfSpeech=ADP Lemma=a NamedEntityTag=O]
[Text=su CharacterOffsetBegin=553 CharacterOffsetEnd=555 PartOfSpeech=DET Lemma=su NamedEntityTag=O]
[Text=llegada CharacterOffsetBegin=556 CharacterOffsetEnd=563 PartOfSpeech=NOUN Lemma=llegada NamedEntityTag=O]
[Text=trató CharacterOffsetBegin=564 CharacterOffsetEnd=569 PartOfSpeech=VERB Lemma=trató NamedEntityTag=O]
[Text=de CharacterOffsetBegin=570 CharacterOffsetEnd=572 PartOfSpeech=ADP Lemma=de NamedEntityTag=O]
[Text=hacer CharacterOffsetBegin=573 CharacterOffsetEnd=578 PartOfSpeech=VERB Lemma=hacer NamedEntityTag=O]
[Text=contacto CharacterOffsetBegin=579 CharacterOffsetEnd=587 PartOfSpeech=NOUN Lemma=contacto NamedEntityTag=O]
[Text=con CharacterOffsetBegin=588 CharacterOffsetEnd=591 PartOfSpeech=ADP Lemma=con NamedEntityTag=O]
[Text=JOSE CharacterOffsetBegin=592 CharacterOffsetEnd=596 PartOfSpeech=PROPN Lemma=jose NamedEntityTag=PERSON]
[Text=ANGEL CharacterOffsetBegin=597 CharacterOffsetEnd=602 PartOfSpeech=PROPN Lemma=angel NamedEntityTag=PERSON]
[Text=GARCIA CharacterOffsetBegin=603 CharacterOffsetEnd=609 PartOfSpeech=PROPN Lemma=garcia NamedEntityTag=PERSON]
[Text=MARTINEZ CharacterOffsetBegin=610 CharacterOffsetEnd=618 PartOfSpeech=PROPN Lemma=martinez NamedEntityTag=PERSON]
[Text=( CharacterOffsetBegin=619 CharacterOffsetEnd=620 PartOfSpeech=PUNCT Lemma=( NamedEntityTag=O]
[Text=a CharacterOffsetBegin=620 CharacterOffsetEnd=621 PartOfSpeech=ADP Lemma=a NamedEntityTag=O]
[Text=) CharacterOffsetBegin=621 CharacterOffsetEnd=622 PartOfSpeech=PUNCT Lemma=) NamedEntityTag=O]
[Text=* CharacterOffsetBegin=623 CharacterOffsetEnd=624 PartOfSpeech=SYM Lemma=* NamedEntityTag=O]
[Text=El CharacterOffsetBegin=624 CharacterOffsetEnd=626 PartOfSpeech=DET Lemma=el NamedEntityTag=MISC]
[Text=Gor CharacterOffsetBegin=627 CharacterOffsetEnd=630 PartOfSpeech=PROPN Lemma=gor NamedEntityTag=MISC]
[Text=do CharacterOffsetBegin=631 CharacterOffsetEnd=633 PartOfSpeech=ADP Lemma=do NamedEntityTag=O]
[Text=* CharacterOffsetBegin=633 CharacterOffsetEnd=634 PartOfSpeech=SYM Lemma=* NamedEntityTag=O]
[Text=y CharacterOffsetBegin=635 CharacterOffsetEnd=636 PartOfSpeech=CCONJ Lemma=y NamedEntityTag=O]
[Text=GUASTAVO CharacterOffsetBegin=637 CharacterOffsetEnd=645 PartOfSpeech=PROPN Lemma=guastavo NamedEntityTag=PERSON]
[Text=ADOLFO CharacterOffsetBegin=646 CharacterOffsetEnd=652 PartOfSpeech=PROPN Lemma=adolfo NamedEntityTag=PERSON]
[Text=HIRALES CharacterOffsetBegin=653 CharacterOffsetEnd=660 PartOfSpeech=PROPN Lemma=hirales NamedEntityTag=PERSON]
[Text=MORAN CharacterOffsetBegin=661 CharacterOffsetEnd=666 PartOfSpeech=PROPN Lemma=moran NamedEntityTag=PERSON]
[Text=( CharacterOffsetBegin=667 CharacterOffsetEnd=668 PartOfSpeech=PUNCT Lemma=( NamedEntityTag=O]
[Text=a CharacterOffsetBegin=668 CharacterOffsetEnd=669 PartOfSpeech=ADP Lemma=a NamedEntityTag=O]
[Text=) CharacterOffsetBegin=669 CharacterOffsetEnd=670 PartOfSpeech=PUNCT Lemma=) NamedEntityTag=O]
[Text=" CharacterOffsetBegin=671 CharacterOffsetEnd=672 PartOfSpeech=PUNCT Lemma=" NamedEntityTag=O]
[Text=Fermin CharacterOffsetBegin=672 CharacterOffsetEnd=678 PartOfSpeech=PROPN Lemma=fermin NamedEntityTag=PERSON]
[Text=" CharacterOffsetBegin=678 CharacterOffsetEnd=679 PartOfSpeech=PUNCT Lemma=" NamedEntityTag=O]
[Text=, CharacterOffsetBegin=679 CharacterOffsetEnd=680 PartOfSpeech=PUNCT Lemma=, NamedEntityTag=O]
[Text=lo CharacterOffsetBegin=681 CharacterOffsetEnd=683 PartOfSpeech=DET Lemma=lo NamedEntityTag=O]
[Text=que CharacterOffsetBegin=684 CharacterOffsetEnd=687 PartOfSpeech=PRON Lemma=que NamedEntityTag=O]
[Text=logró CharacterOffsetBegin=688 CharacterOffsetEnd=693 PartOfSpeech=VERB Lemma=logró NamedEntityTag=O]
[Text=por CharacterOffsetBegin=694 CharacterOffsetEnd=697 PartOfSpeech=ADP Lemma=por NamedEntityTag=O]
[Text=conducto CharacterOffsetBegin=698 CharacterOffsetEnd=706 PartOfSpeech=NOUN Lemma=conducto NamedEntityTag=O]
[Text=de CharacterOffsetBegin=707 CharacterOffsetEnd=709 PartOfSpeech=ADP Lemma=de NamedEntityTag=O]
[Text=un CharacterOffsetBegin=710 CharacterOffsetEnd=712 PartOfSpeech=DET Lemma=un NamedEntityTag=O]
[Text=estudiante CharacterOffsetBegin=713 CharacterOffsetEnd=723 PartOfSpeech=NOUN Lemma=estudiante NamedEntityTag=TITLE]
[Text=de CharacterOffsetBegin=724 CharacterOffsetEnd=726 PartOfSpeech=ADP Lemma=de NamedEntityTag=O]
[Text=la CharacterOffsetBegin=727 CharacterOffsetEnd=729 PartOfSpeech=DET Lemma=la NamedEntityTag=O]
[Text=Esc CharacterOffsetBegin=730 CharacterOffsetEnd=733 PartOfSpeech=PROPN Lemma=esc NamedEntityTag=LOCATION]
[Text=. CharacterOffsetBegin=733 CharacterOffsetEnd=734 PartOfSpeech=PUNCT Lemma=. NamedEntityTag=O]

Dependency Parse (enhanced plus plus dependencies):
root(ROOT-0, lesionado-5)
cc(lesionado-5, y-1)
mark(lesionado-5, que-2)
advmod(lesionado-5, además-3)
cop(lesionado-5, estaba-4)
cc(detenido-7, y-6)
conj:y(lesionado-5, detenido-7)
obj(lesionado-5, JORGE-8)
flat(JORGE-8, ALBERTO-9)
flat(JORGE-8, SANCHEZ-10)
flat(JORGE-8, =-11)
nmod(=-11, HIRALESy-12)
case(días-15, en-13)
det(días-15, los-14)
obl(lesionado-5, días-15)
amod(días-15, subsecuentes-16)
nsubj(detenidos-20, tambien-17)
cop(detenidos-20, fueron-18)
nummod(detenidos-20, ---19)
advcl(lesionado-5, detenidos-20)
appos(detenidos-20, JOSE-21)
flat(JOSE-21, LUIS-22)
flat(JOSE-21, SIERRA-23)
flat(JOSE-21, VILLARREAL-24)
cc(LUIS-26, y-25)
appos(detenidos-20, LUIS-26)
conj:y(JOSE-21, LUIS-26)
flat(LUIS-26, ANGEL-27)
flat(LUIS-26, GARZA-28)
flat(LUIS-26, VILLARREAL-29)
punct(trató-35, ,-30)
nsubj(trató-35, que-31)
case(llegada-34, a-32)
det(llegada-34, su-33)
iobj(trató-35, llegada-34)
advcl(lesionado-5, trató-35)
mark(hacer-37, de-36)
xcomp(trató-35, hacer-37)
obj(hacer-37, contacto-38)
case(JOSE-40, con-39)
obl(hacer-37, JOSE-40)
flat(JOSE-40, ANGEL-41)
flat(JOSE-40, GARCIA-42)
flat(JOSE-40, MARTINEZ-43)
punct(*-47, (-44)
case(*-47, a-45)
punct(*-47, )-46)
nmod(JOSE-40, *-47)
det(Gor-49, El-48)
appos(*-47, Gor-49)
case(*-51, do-50)
nmod(*-47, *-51)
cc(GUASTAVO-53, y-52)
nmod(JOSE-40, GUASTAVO-53)
conj:y(*-47, GUASTAVO-53)
appos(*-47, ADOLFO-54)
flat(ADOLFO-54, HIRALES-55)
flat(ADOLFO-54, MORAN-56)
punct(a-58, (-57)
appos(*-47, a-58)
punct(a-58, )-59)
punct(*-47, "-60)
appos(*-47, Fermin-61)
punct(*-47, "-62)
punct(logró-66, ,-63)
det(logró-66, lo-64)
nsubj(logró-66, que-65)
advcl(trató-35, logró-66)
case(conducto-68, por-67)
obl(logró-66, conducto-68)
case(estudiante-71, de-69)
det(estudiante-71, un-70)
nmod(conducto-68, estudiante-71)
case(Esc-74, de-72)
det(Esc-74, la-73)
nmod(estudiante-71, Esc-74)
punct(lesionado-5, .-75)

Extracted the following NER entity mentions:
JORGE ALBERTO SANCHEZ	PERSON	PERSON:0.7426776076471284
HIRALESy	PERSON	PERSON:0.5752591219852982
VILLARREAL	ORGANIZATION	ORGANIZATION:0.7975385307806907
LUIS ANGEL
GARZA VILLARREAL	PERSON	PERSON:0.9127676781531601
JOSE ANGEL GARCIA MARTINEZ	PERSON	PERSON:0.7007111525747232
El Gor	MISC	MISC:0.7958891836245993
GUASTAVO ADOLFO HIRALES MORAN	PERSON	PERSON:0.2719562868152289
Fermin	PERSON	PERSON:0.9712785841599905
estudiante	TITLE	-
Esc	LOCATION	LOCATION:0.3337713529768883
