Document: ID=file_6.txt (4 sentences, 141 tokens)

Sentence #1 (6 tokens):
LOPEZ BETANCOURT, Raúl Eduardo.

Tokens:
[Text=LOPEZ CharacterOffsetBegin=0 CharacterOffsetEnd=5 PartOfSpeech=PROPN Lemma=lopez NamedEntityTag=PERSON]
[Text=BETANCOURT CharacterOffsetBegin=6 CharacterOffsetEnd=16 PartOfSpeech=PROPN Lemma=betancourt NamedEntityTag=PERSON]
[Text=, CharacterOffsetBegin=16 CharacterOffsetEnd=17 PartOfSpeech=PUNCT Lemma=, NamedEntityTag=O]
[Text=Raúl CharacterOffsetBegin=18 CharacterOffsetEnd=22 PartOfSpeech=PROPN Lemma=raúl NamedEntityTag=PERSON]
[Text=Eduardo CharacterOffsetBegin=23 CharacterOffsetEnd=30 PartOfSpeech=PROPN Lemma=eduardo NamedEntityTag=PERSON]
[Text=. CharacterOffsetBegin=30 CharacterOffsetEnd=31 PartOfSpeech=PUNCT Lemma=. NamedEntityTag=O]

Dependency Parse (enhanced plus plus dependencies):
root(ROOT-0, LOPEZ-1)
flat(LOPEZ-1, BETANCOURT-2)
punct(Raúl-4, ,-3)
appos(LOPEZ-1, Raúl-4)
flat(Raúl-4, Eduardo-5)
punct(LOPEZ-1, .-6)

Extracted the following NER entity mentions:
LOPEZ BETANCOURT	PERSON	PERSON:0.9537678689752553
Raúl Eduardo	PERSON	PERSON:0.9999667799361783

Sentence #2 (47 tokens):
Exp 35-17-79
-17- H-122 L-19
do en tanto que LEOS Y ROMO se dirigía a la --
Ciudad de Chilpancingo para dejar el primer --
comunicado a la familia NAIME NEMER  y el de la
voz se dirigía a la Ciudad de Acapulco, Gro.

Tokens:
[Text=Exp CharacterOffsetBegin=32 CharacterOffsetEnd=35 PartOfSpeech=PROPN Lemma=exp NamedEntityTag=O]
[Text=35-17-79 CharacterOffsetBegin=36 CharacterOffsetEnd=44 PartOfSpeech=NUM Lemma=35-17-79 NamedEntityTag=O]
[Text=-17 CharacterOffsetBegin=45 CharacterOffsetEnd=48 PartOfSpeech=NUM Lemma=-17 NamedEntityTag=O]
[Text=- CharacterOffsetBegin=48 CharacterOffsetEnd=49 PartOfSpeech=PUNCT Lemma=- NamedEntityTag=O]
[Text=H-122 CharacterOffsetBegin=50 CharacterOffsetEnd=55 PartOfSpeech=PROPN Lemma=h-122 NamedEntityTag=O]
[Text=L-19 CharacterOffsetBegin=56 CharacterOffsetEnd=60 PartOfSpeech=PROPN Lemma=l-19 NamedEntityTag=O]
[Text=do CharacterOffsetBegin=61 CharacterOffsetEnd=63 PartOfSpeech=ADP Lemma=do NamedEntityTag=O]
[Text=en CharacterOffsetBegin=64 CharacterOffsetEnd=66 PartOfSpeech=ADP Lemma=en NamedEntityTag=O]
[Text=tanto CharacterOffsetBegin=67 CharacterOffsetEnd=72 PartOfSpeech=NOUN Lemma=tanto NamedEntityTag=O]
[Text=que CharacterOffsetBegin=73 CharacterOffsetEnd=76 PartOfSpeech=SCONJ Lemma=que NamedEntityTag=O]
[Text=LEOS CharacterOffsetBegin=77 CharacterOffsetEnd=81 PartOfSpeech=PROPN Lemma=leos NamedEntityTag=ORGANIZATION]
[Text=Y CharacterOffsetBegin=82 CharacterOffsetEnd=83 PartOfSpeech=CCONJ Lemma=y NamedEntityTag=O]
[Text=ROMO CharacterOffsetBegin=84 CharacterOffsetEnd=88 PartOfSpeech=PROPN Lemma=romo NamedEntityTag=PERSON]
[Text=se CharacterOffsetBegin=89 CharacterOffsetEnd=91 PartOfSpeech=PRON Lemma=se NamedEntityTag=O]
[Text=dirigía CharacterOffsetBegin=92 CharacterOffsetEnd=99 PartOfSpeech=VERB Lemma=dirigía NamedEntityTag=O]
[Text=a CharacterOffsetBegin=100 CharacterOffsetEnd=101 PartOfSpeech=ADP Lemma=a NamedEntityTag=O]
[Text=la CharacterOffsetBegin=102 CharacterOffsetEnd=104 PartOfSpeech=DET Lemma=la NamedEntityTag=O]
[Text=-- CharacterOffsetBegin=105 CharacterOffsetEnd=107 PartOfSpeech=PROPN Lemma=-- NamedEntityTag=O]
[Text=Ciudad CharacterOffsetBegin=108 CharacterOffsetEnd=114 PartOfSpeech=PROPN Lemma=ciudad NamedEntityTag=LOCATION]
[Text=de CharacterOffsetBegin=115 CharacterOffsetEnd=117 PartOfSpeech=ADP Lemma=de NamedEntityTag=LOCATION]
[Text=Chilpancingo CharacterOffsetBegin=118 CharacterOffsetEnd=130 PartOfSpeech=PROPN Lemma=chilpancingo NamedEntityTag=CITY]
[Text=para CharacterOffsetBegin=131 CharacterOffsetEnd=135 PartOfSpeech=ADP Lemma=para NamedEntityTag=O]
[Text=dejar CharacterOffsetBegin=136 CharacterOffsetEnd=141 PartOfSpeech=VERB Lemma=dejar NamedEntityTag=O]
[Text=el CharacterOffsetBegin=142 CharacterOffsetEnd=144 PartOfSpeech=DET Lemma=el NamedEntityTag=O]
[Text=primer CharacterOffsetBegin=145 CharacterOffsetEnd=151 PartOfSpeech=ADJ Lemma=primer NamedEntityTag=O]
[Text=-- CharacterOffsetBegin=152 CharacterOffsetEnd=154 PartOfSpeech=NUM Lemma=-- NamedEntityTag=O]
[Text=comunicado CharacterOffsetBegin=155 CharacterOffsetEnd=165 PartOfSpeech=NOUN Lemma=comunicado NamedEntityTag=O]
[Text=a CharacterOffsetBegin=166 CharacterOffsetEnd=167 PartOfSpeech=ADP Lemma=a NamedEntityTag=O]
[Text=la CharacterOffsetBegin=168 CharacterOffsetEnd=170 PartOfSpeech=DET Lemma=la NamedEntityTag=O]
[Text=familia CharacterOffsetBegin=171 CharacterOffsetEnd=178 PartOfSpeech=NOUN Lemma=familia NamedEntityTag=O]
[Text=NAIME CharacterOffsetBegin=179 CharacterOffsetEnd=184 PartOfSpeech=PROPN Lemma=naime NamedEntityTag=PERSON]
[Text=NEMER CharacterOffsetBegin=185 CharacterOffsetEnd=190 PartOfSpeech=PROPN Lemma=nemer NamedEntityTag=PERSON]
[Text=y CharacterOffsetBegin=192 CharacterOffsetEnd=193 PartOfSpeech=CCONJ Lemma=y NamedEntityTag=O]
[Text=el CharacterOffsetBegin=194 CharacterOffsetEnd=196 PartOfSpeech=DET Lemma=el NamedEntityTag=O]
[Text=de CharacterOffsetBegin=197 CharacterOffsetEnd=199 PartOfSpeech=ADP Lemma=de NamedEntityTag=O]
[Text=la CharacterOffsetBegin=200 CharacterOffsetEnd=202 PartOfSpeech=DET Lemma=la NamedEntityTag=O]
[Text=voz CharacterOffsetBegin=203 CharacterOffsetEnd=206 PartOfSpeech=NOUN Lemma=voz NamedEntityTag=O]
[Text=se CharacterOffsetBegin=207 CharacterOffsetEnd=209 PartOfSpeech=PRON Lemma=se NamedEntityTag=O]
[Text=dirigía CharacterOffsetBegin=210 CharacterOffsetEnd=217 PartOfSpeech=VERB Lemma=dirigía NamedEntityTag=O]
[Text=a CharacterOffsetBegin=218 CharacterOffsetEnd=219 PartOfSpeech=ADP Lemma=a NamedEntityTag=O]
[Text=la CharacterOffsetBegin=220 CharacterOffsetEnd=222 PartOfSpeech=DET Lemma=la NamedEntityTag=O]
[Text=Ciudad CharacterOffsetBegin=223 CharacterOffsetEnd=229 PartOfSpeech=PROPN Lemma=ciudad NamedEntityTag=LOCATION]
[Text=de CharacterOffsetBegin=230 CharacterOffsetEnd=232 PartOfSpeech=ADP Lemma=de NamedEntityTag=LOCATION]
[Text=Acapulco CharacterOffsetBegin=233 CharacterOffsetEnd=241 PartOfSpeech=PROPN Lemma=acapulco NamedEntityTag=CITY]
[Text=, CharacterOffsetBegin=241 CharacterOffsetEnd=242 PartOfSpeech=PUNCT Lemma=, NamedEntityTag=O]
[Text=Gro CharacterOffsetBegin=243 CharacterOffsetEnd=246 PartOfSpeech=PROPN Lemma=gro NamedEntityTag=PERSON]
[Text=. CharacterOffsetBegin=246 CharacterOffsetEnd=247 PartOfSpeech=PUNCT Lemma=. NamedEntityTag=O]

Dependency Parse (enhanced plus plus dependencies):
root(ROOT-0, Exp-1)
nummod(Exp-1, 35-17-79-2)
nummod(Exp-1, -17-3)
punct(H-122-5, --4)
conj(Exp-1, H-122-5)
flat(H-122-5, L-19-6)
mark(dirigía-15, do-7)
mark(dirigía-15, en-8)
fixed(en-8, tanto-9)
fixed(en-8, que-10)
nsubj(dirigía-15, LEOS-11)
advmod(dirigía-15, Y-12)
nsubj(dirigía-15, ROMO-13)
obj(dirigía-15, se-14)
acl(H-122-5, dirigía-15)
acl(H-122-5, dirigía-15)
case(---18, a-16)
det(---18, la-17)
obj(dirigía-15, ---18)
flat(---18, Ciudad-19)
case(Chilpancingo-21, de-20)
flat(---18, Chilpancingo-21)
mark(dejar-23, para-22)
advcl(dirigía-15, dejar-23)
det(---26, el-24)
amod(---26, primer-25)
nummod(comunicado-27, ---26)
obj(dejar-23, comunicado-27)
case(familia-30, a-28)
det(familia-30, la-29)
obj(dejar-23, familia-30)
appos(familia-30, NAIME-31)
flat(NAIME-31, NEMER-32)
cc(el-34, y-33)
conj:y(Exp-1, el-34)
case(el-34, de-35)
det(voz-37, la-36)
nsubj(dirigía-39, voz-37)
obj(dirigía-39, se-38)
acl(el-34, dirigía-39)
case(Ciudad-42, a-40)
det(Ciudad-42, la-41)
obl(dirigía-39, Ciudad-42)
case(Acapulco-44, de-43)
flat(Ciudad-42, Acapulco-44)
punct(Gro-46, ,-45)
flat(Ciudad-42, Gro-46)
punct(Exp-1, .-47)

Extracted the following NER entity mentions:
LEOS	ORGANIZATION	ORGANIZATION:0.421398960437541
ROMO	PERSON	PERSON:0.8102131606852161
Ciudad de	LOCATION	LOCATION:0.4738560603140865
Chilpancingo	CITY	LOCATION:0.775470000392638
NAIME NEMER	PERSON	PERSON:0.8569961944438268
Ciudad de	LOCATION	LOCATION:0.7779444355591104
Acapulco	CITY	LOCATION:0.8215734329659959
Gro	PERSON	PERSON:0.5189072746702167

Sentence #3 (12 tokens):
,-
regresando periódicamente a la casa de Iguala,
Gro.

Tokens:
[Text=, CharacterOffsetBegin=247 CharacterOffsetEnd=248 PartOfSpeech=PUNCT Lemma=, NamedEntityTag=O]
[Text=- CharacterOffsetBegin=248 CharacterOffsetEnd=249 PartOfSpeech=PUNCT Lemma=- NamedEntityTag=O]
[Text=regresando CharacterOffsetBegin=250 CharacterOffsetEnd=260 PartOfSpeech=VERB Lemma=regresando NamedEntityTag=O]
[Text=periódicamente CharacterOffsetBegin=261 CharacterOffsetEnd=275 PartOfSpeech=ADV Lemma=periódicamente NamedEntityTag=O]
[Text=a CharacterOffsetBegin=276 CharacterOffsetEnd=277 PartOfSpeech=ADP Lemma=a NamedEntityTag=O]
[Text=la CharacterOffsetBegin=278 CharacterOffsetEnd=280 PartOfSpeech=DET Lemma=la NamedEntityTag=O]
[Text=casa CharacterOffsetBegin=281 CharacterOffsetEnd=285 PartOfSpeech=NOUN Lemma=casa NamedEntityTag=O]
[Text=de CharacterOffsetBegin=286 CharacterOffsetEnd=288 PartOfSpeech=ADP Lemma=de NamedEntityTag=O]
[Text=Iguala CharacterOffsetBegin=289 CharacterOffsetEnd=295 PartOfSpeech=PROPN Lemma=iguala NamedEntityTag=CITY]
[Text=, CharacterOffsetBegin=295 CharacterOffsetEnd=296 PartOfSpeech=PUNCT Lemma=, NamedEntityTag=O]
[Text=Gro CharacterOffsetBegin=297 CharacterOffsetEnd=300 PartOfSpeech=PROPN Lemma=gro NamedEntityTag=PERSON]
[Text=. CharacterOffsetBegin=300 CharacterOffsetEnd=301 PartOfSpeech=PUNCT Lemma=. NamedEntityTag=O]

Dependency Parse (enhanced plus plus dependencies):
root(ROOT-0, regresando-3)
punct(regresando-3, ,-1)
punct(regresando-3, --2)
advmod(regresando-3, periódicamente-4)
case(casa-7, a-5)
det(casa-7, la-6)
obj(regresando-3, casa-7)
case(Iguala-9, de-8)
nmod(casa-7, Iguala-9)
punct(Gro-11, ,-10)
appos(casa-7, Gro-11)
punct(regresando-3, .-12)

Extracted the following NER entity mentions:
Iguala	CITY	LOCATION:0.6346264433542728
Gro	PERSON	PERSON:0.44702379190265695

Sentence #4 (76 tokens):
para vigilar que las cosas marcharan bien
entre los que custodiaban a JORGE NAIME GOMEZ,
quedando finalmente encargado de la misma, úni
camente JOSE JIMENEZ y uno de los hermanos ---
ROGEL ORTIZ, encargándose LEOS Y ROMO  de hacer
llegar los comunicados a la familia del secues
trado y según tiene entendido el dicidente, tam-
bién el Dr. LOPEZ BETANCOURT intervinó en las-
negociaciones que se llevaron finalmente hasta

Tokens:
[Text=para CharacterOffsetBegin=302 CharacterOffsetEnd=306 PartOfSpeech=ADP Lemma=para NamedEntityTag=O]
[Text=vigilar CharacterOffsetBegin=307 CharacterOffsetEnd=314 PartOfSpeech=VERB Lemma=vigilar NamedEntityTag=O]
[Text=que CharacterOffsetBegin=315 CharacterOffsetEnd=318 PartOfSpeech=SCONJ Lemma=que NamedEntityTag=O]
[Text=las CharacterOffsetBegin=319 CharacterOffsetEnd=322 PartOfSpeech=DET Lemma=las NamedEntityTag=O]
[Text=cosas CharacterOffsetBegin=323 CharacterOffsetEnd=328 PartOfSpeech=NOUN Lemma=cosas NamedEntityTag=O]
[Text=marcharan CharacterOffsetBegin=329 CharacterOffsetEnd=338 PartOfSpeech=VERB Lemma=marcharan NamedEntityTag=O]
[Text=bien CharacterOffsetBegin=339 CharacterOffsetEnd=343 PartOfSpeech=ADV Lemma=bien NamedEntityTag=O]
[Text=entre CharacterOffsetBegin=344 CharacterOffsetEnd=349 PartOfSpeech=ADP Lemma=entre NamedEntityTag=O]
[Text=los CharacterOffsetBegin=350 CharacterOffsetEnd=353 PartOfSpeech=DET Lemma=los NamedEntityTag=O]
[Text=que CharacterOffsetBegin=354 CharacterOffsetEnd=357 PartOfSpeech=PRON Lemma=que NamedEntityTag=O]
[Text=custodiaban CharacterOffsetBegin=358 CharacterOffsetEnd=369 PartOfSpeech=VERB Lemma=custodiaban NamedEntityTag=O]
[Text=a CharacterOffsetBegin=370 CharacterOffsetEnd=371 PartOfSpeech=ADP Lemma=a NamedEntityTag=O]
[Text=JORGE CharacterOffsetBegin=372 CharacterOffsetEnd=377 PartOfSpeech=PROPN Lemma=jorge NamedEntityTag=PERSON]
[Text=NAIME CharacterOffsetBegin=378 CharacterOffsetEnd=383 PartOfSpeech=PROPN Lemma=naime NamedEntityTag=PERSON]
[Text=GOMEZ CharacterOffsetBegin=384 CharacterOffsetEnd=389 PartOfSpeech=PROPN Lemma=gomez NamedEntityTag=PERSON]
[Text=, CharacterOffsetBegin=389 CharacterOffsetEnd=390 PartOfSpeech=PUNCT Lemma=, NamedEntityTag=O]
[Text=quedando CharacterOffsetBegin=391 CharacterOffsetEnd=399 PartOfSpeech=VERB Lemma=quedando NamedEntityTag=O]
[Text=finalmente CharacterOffsetBegin=400 CharacterOffsetEnd=410 PartOfSpeech=ADV Lemma=finalmente NamedEntityTag=O]
[Text=encargado CharacterOffsetBegin=411 CharacterOffsetEnd=420 PartOfSpeech=ADJ Lemma=encargado NamedEntityTag=O]
[Text=de CharacterOffsetBegin=421 CharacterOffsetEnd=423 PartOfSpeech=ADP Lemma=de NamedEntityTag=O]
[Text=la CharacterOffsetBegin=424 CharacterOffsetEnd=426 PartOfSpeech=DET Lemma=la NamedEntityTag=O]
[Text=misma CharacterOffsetBegin=427 CharacterOffsetEnd=432 PartOfSpeech=PRON Lemma=misma NamedEntityTag=O]
[Text=, CharacterOffsetBegin=432 CharacterOffsetEnd=433 PartOfSpeech=PUNCT Lemma=, NamedEntityTag=O]
[Text=úni CharacterOffsetBegin=434 CharacterOffsetEnd=437 PartOfSpeech=NOUN Lemma=úni NamedEntityTag=O]
[Text=camente CharacterOffsetBegin=438 CharacterOffsetEnd=445 PartOfSpeech=ADV Lemma=camente NamedEntityTag=O]
[Text=JOSE CharacterOffsetBegin=446 CharacterOffsetEnd=450 PartOfSpeech=PROPN Lemma=jose NamedEntityTag=O]
[Text=JIMENEZ CharacterOffsetBegin=451 CharacterOffsetEnd=458 PartOfSpeech=PROPN Lemma=jimenez NamedEntityTag=O]
[Text=y CharacterOffsetBegin=459 CharacterOffsetEnd=460 PartOfSpeech=CCONJ Lemma=y NamedEntityTag=O]
[Text=uno CharacterOffsetBegin=461 CharacterOffsetEnd=464 PartOfSpeech=PRON Lemma=uno NamedEntityTag=O]
[Text=de CharacterOffsetBegin=465 CharacterOffsetEnd=467 PartOfSpeech=ADP Lemma=de NamedEntityTag=O]
[Text=los CharacterOffsetBegin=468 CharacterOffsetEnd=471 PartOfSpeech=DET Lemma=los NamedEntityTag=O]
[Text=hermanos CharacterOffsetBegin=472 CharacterOffsetEnd=480 PartOfSpeech=NOUN Lemma=hermanos NamedEntityTag=O]
[Text=--- CharacterOffsetBegin=481 CharacterOffsetEnd=484 PartOfSpeech=ADJ Lemma=--- NamedEntityTag=O]
[Text=ROGEL CharacterOffsetBegin=485 CharacterOffsetEnd=490 PartOfSpeech=PROPN Lemma=rogel NamedEntityTag=PERSON]
[Text=ORTIZ CharacterOffsetBegin=491 CharacterOffsetEnd=496 PartOfSpeech=PROPN Lemma=ortiz NamedEntityTag=PERSON]
[Text=, CharacterOffsetBegin=496 CharacterOffsetEnd=497 PartOfSpeech=PUNCT Lemma=, NamedEntityTag=O]
[Text=encargando CharacterOffsetBegin=498 CharacterOffsetEnd=510 PartOfSpeech=VERB Lemma=encargando NamedEntityTag=O]
[Text=se CharacterOffsetBegin=498 CharacterOffsetEnd=510 PartOfSpeech=PRON Lemma=se NamedEntityTag=O]
[Text=LEOS CharacterOffsetBegin=511 CharacterOffsetEnd=515 PartOfSpeech=PROPN Lemma=leos NamedEntityTag=O]
[Text=Y CharacterOffsetBegin=516 CharacterOffsetEnd=517 PartOfSpeech=CCONJ Lemma=y NamedEntityTag=O]
[Text=ROMO CharacterOffsetBegin=518 CharacterOffsetEnd=522 PartOfSpeech=PROPN Lemma=romo NamedEntityTag=O]
[Text=de CharacterOffsetBegin=524 CharacterOffsetEnd=526 PartOfSpeech=ADP Lemma=de NamedEntityTag=O]
[Text=hacer CharacterOffsetBegin=527 CharacterOffsetEnd=532 PartOfSpeech=AUX Lemma=hacer NamedEntityTag=O]
[Text=llegar CharacterOffsetBegin=533 CharacterOffsetEnd=539 PartOfSpeech=VERB Lemma=llegar NamedEntityTag=O]
[Text=los CharacterOffsetBegin=540 CharacterOffsetEnd=543 PartOfSpeech=DET Lemma=los NamedEntityTag=O]
[Text=comunicados CharacterOffsetBegin=544 CharacterOffsetEnd=555 PartOfSpeech=NOUN Lemma=comunicados NamedEntityTag=O]
[Text=a CharacterOffsetBegin=556 CharacterOffsetEnd=557 PartOfSpeech=ADP Lemma=a NamedEntityTag=O]
[Text=la CharacterOffsetBegin=558 CharacterOffsetEnd=560 PartOfSpeech=DET Lemma=la NamedEntityTag=O]
[Text=familia CharacterOffsetBegin=561 CharacterOffsetEnd=568 PartOfSpeech=NOUN Lemma=familia NamedEntityTag=O]
[Text=del CharacterOffsetBegin=569 CharacterOffsetEnd=572 PartOfSpeech=ADP Lemma=del NamedEntityTag=O]
[Text=secues CharacterOffsetBegin=573 CharacterOffsetEnd=579 PartOfSpeech=NOUN Lemma=secues NamedEntityTag=O]
[Text=trado CharacterOffsetBegin=580 CharacterOffsetEnd=585 PartOfSpeech=ADJ Lemma=trado NamedEntityTag=O]
[Text=y CharacterOffsetBegin=586 CharacterOffsetEnd=587 PartOfSpeech=CCONJ Lemma=y NamedEntityTag=O]
[Text=según CharacterOffsetBegin=588 CharacterOffsetEnd=593 PartOfSpeech=SCONJ Lemma=según NamedEntityTag=O]
[Text=tiene CharacterOffsetBegin=594 CharacterOffsetEnd=599 PartOfSpeech=VERB Lemma=tiene NamedEntityTag=O]
[Text=entendido CharacterOffsetBegin=600 CharacterOffsetEnd=609 PartOfSpeech=ADJ Lemma=entendido NamedEntityTag=O]
[Text=el CharacterOffsetBegin=610 CharacterOffsetEnd=612 PartOfSpeech=DET Lemma=el NamedEntityTag=O]
[Text=dicidente CharacterOffsetBegin=613 CharacterOffsetEnd=622 PartOfSpeech=ADJ Lemma=dicidente NamedEntityTag=O]
[Text=, CharacterOffsetBegin=622 CharacterOffsetEnd=623 PartOfSpeech=PUNCT Lemma=, NamedEntityTag=O]
[Text=tam CharacterOffsetBegin=624 CharacterOffsetEnd=627 PartOfSpeech=NOUN Lemma=tam NamedEntityTag=O]
[Text=- CharacterOffsetBegin=627 CharacterOffsetEnd=628 PartOfSpeech=PUNCT Lemma=- NamedEntityTag=O]
[Text=bién CharacterOffsetBegin=629 CharacterOffsetEnd=633 PartOfSpeech=VERB Lemma=bién NamedEntityTag=O]
[Text=el CharacterOffsetBegin=634 CharacterOffsetEnd=636 PartOfSpeech=DET Lemma=el NamedEntityTag=O]
[Text=Dr. CharacterOffsetBegin=637 CharacterOffsetEnd=640 PartOfSpeech=PROPN Lemma=dr. NamedEntityTag=O]
[Text=LOPEZ CharacterOffsetBegin=641 CharacterOffsetEnd=646 PartOfSpeech=PROPN Lemma=lopez NamedEntityTag=PERSON]
[Text=BETANCOURT CharacterOffsetBegin=647 CharacterOffsetEnd=657 PartOfSpeech=PROPN Lemma=betancourt NamedEntityTag=PERSON]
[Text=intervinó CharacterOffsetBegin=658 CharacterOffsetEnd=667 PartOfSpeech=VERB Lemma=intervinó NamedEntityTag=O]
[Text=en CharacterOffsetBegin=668 CharacterOffsetEnd=670 PartOfSpeech=ADP Lemma=en NamedEntityTag=O]
[Text=las CharacterOffsetBegin=671 CharacterOffsetEnd=674 PartOfSpeech=DET Lemma=las NamedEntityTag=O]
[Text=- CharacterOffsetBegin=674 CharacterOffsetEnd=675 PartOfSpeech=PUNCT Lemma=- NamedEntityTag=O]
[Text=negociaciones CharacterOffsetBegin=676 CharacterOffsetEnd=689 PartOfSpeech=NOUN Lemma=negociaciones NamedEntityTag=O]
[Text=que CharacterOffsetBegin=690 CharacterOffsetEnd=693 PartOfSpeech=PRON Lemma=que NamedEntityTag=O]
[Text=se CharacterOffsetBegin=694 CharacterOffsetEnd=696 PartOfSpeech=PRON Lemma=se NamedEntityTag=O]
[Text=llevaron CharacterOffsetBegin=697 CharacterOffsetEnd=705 PartOfSpeech=VERB Lemma=llevaron NamedEntityTag=O]
[Text=finalmente CharacterOffsetBegin=706 CharacterOffsetEnd=716 PartOfSpeech=ADV Lemma=finalmente NamedEntityTag=O]
[Text=hasta CharacterOffsetBegin=717 CharacterOffsetEnd=722 PartOfSpeech=ADP Lemma=hasta NamedEntityTag=O]

Dependency Parse (enhanced plus plus dependencies):
root(ROOT-0, quedando-17)
advcl(quedando-17, encargando-37)
obj(encargando-37, se-38)
mark(vigilar-2, para-1)
advcl(quedando-17, vigilar-2)
mark(marcharan-6, que-3)
det(cosas-5, las-4)
nsubj(marcharan-6, cosas-5)
ccomp(vigilar-2, marcharan-6)
advmod(marcharan-6, bien-7)
case(que-10, entre-8)
det(que-10, los-9)
obl(custodiaban-11, que-10)
advcl(marcharan-6, custodiaban-11)
case(JORGE-13, a-12)
obj(custodiaban-11, JORGE-13)
flat(JORGE-13, NAIME-14)
flat(JORGE-13, GOMEZ-15)
punct(vigilar-2, ,-16)
advmod(encargado-19, finalmente-18)
obj(quedando-17, encargado-19)
case(misma-22, de-20)
det(misma-22, la-21)
obj(encargado-19, misma-22)
punct(úni-24, ,-23)
advcl(quedando-17, úni-24)
advmod(úni-24, camente-25)
appos(úni-24, JOSE-26)
flat(JOSE-26, JIMENEZ-27)
cc(uno-29, y-28)
advcl(quedando-17, uno-29)
conj:y(úni-24, uno-29)
case(hermanos-32, de-30)
det(hermanos-32, los-31)
nmod(uno-29, hermanos-32)
amod(hermanos-32, ----33)
appos(hermanos-32, ROGEL-34)
flat(ROGEL-34, ORTIZ-35)
punct(úni-24, ,-36)
nsubj(encargando-37, LEOS-39)
cc(ROMO-41, Y-40)
nsubj(encargando-37, ROMO-41)
conj:y(LEOS-39, ROMO-41)
mark(llegar-44, de-42)
aux(llegar-44, hacer-43)
acl(LEOS-39, llegar-44)
det(comunicados-46, los-45)
obj(llegar-44, comunicados-46)
case(familia-49, a-47)
det(familia-49, la-48)
obl(llegar-44, familia-49)
case(secues-51, del-50)
nmod(familia-49, secues-51)
amod(secues-51, trado-52)
cc(bién-62, y-53)
mark(tiene-55, según-54)
advcl(bién-62, tiene-55)
obj(tiene-55, entendido-56)
det(dicidente-58, el-57)
nsubj(tiene-55, dicidente-58)
punct(tam-60, ,-59)
appos(dicidente-58, tam-60)
punct(tam-60, --61)
conj:y(encargando-37, bién-62)
advcl(quedando-17, bién-62)
det(Dr.-64, el-63)
nsubj(bién-62, Dr.-64)
flat(Dr.-64, LOPEZ-65)
flat(Dr.-64, BETANCOURT-66)
advcl(bién-62, intervinó-67)
case(negociaciones-71, en-68)
det(negociaciones-71, las-69)
punct(negociaciones-71, --70)
obl(intervinó-67, negociaciones-71)
nsubj(llevaron-74, que-72)
obj(llevaron-74, se-73)
acl(negociaciones-71, llevaron-74)
advmod(llevaron-74, finalmente-75)
punct(llevaron-74, hasta-76)

Extracted the following NER entity mentions:
JORGE NAIME GOMEZ	PERSON	PERSON:0.9315719317369963
ROGEL ORTIZ	PERSON	PERSON:0.9362633956788485
LOPEZ BETANCOURT	PERSON	PERSON:0.8393838114574279
