Document: ID=file_135.txt (11 sentences, 174 tokens)

Sentence #1 (25 tokens):
quien al parecer hasta el momento cuenta con la
simpatía y el apoyo del estudiantado y de la ma-
yoría de los Consejeros.

Tokens:
[Text=quien CharacterOffsetBegin=0 CharacterOffsetEnd=5 PartOfSpeech=PRON Lemma=quien NamedEntityTag=O]
[Text=al CharacterOffsetBegin=6 CharacterOffsetEnd=8 PartOfSpeech=ADP Lemma=al NamedEntityTag=O]
[Text=parecer CharacterOffsetBegin=9 CharacterOffsetEnd=16 PartOfSpeech=NOUN Lemma=parecer NamedEntityTag=O]
[Text=hasta CharacterOffsetBegin=17 CharacterOffsetEnd=22 PartOfSpeech=ADP Lemma=hasta NamedEntityTag=O]
[Text=el CharacterOffsetBegin=23 CharacterOffsetEnd=25 PartOfSpeech=DET Lemma=el NamedEntityTag=O]
[Text=momento CharacterOffsetBegin=26 CharacterOffsetEnd=33 PartOfSpeech=NOUN Lemma=momento NamedEntityTag=O]
[Text=cuenta CharacterOffsetBegin=34 CharacterOffsetEnd=40 PartOfSpeech=VERB Lemma=cuenta NamedEntityTag=O]
[Text=con CharacterOffsetBegin=41 CharacterOffsetEnd=44 PartOfSpeech=ADP Lemma=con NamedEntityTag=O]
[Text=la CharacterOffsetBegin=45 CharacterOffsetEnd=47 PartOfSpeech=DET Lemma=la NamedEntityTag=O]
[Text=simpatía CharacterOffsetBegin=48 CharacterOffsetEnd=56 PartOfSpeech=NOUN Lemma=simpatía NamedEntityTag=O]
[Text=y CharacterOffsetBegin=57 CharacterOffsetEnd=58 PartOfSpeech=CCONJ Lemma=y NamedEntityTag=O]
[Text=el CharacterOffsetBegin=59 CharacterOffsetEnd=61 PartOfSpeech=DET Lemma=el NamedEntityTag=O]
[Text=apoyo CharacterOffsetBegin=62 CharacterOffsetEnd=67 PartOfSpeech=NOUN Lemma=apoyo NamedEntityTag=O]
[Text=del CharacterOffsetBegin=68 CharacterOffsetEnd=71 PartOfSpeech=ADP Lemma=del NamedEntityTag=O]
[Text=estudiantado CharacterOffsetBegin=72 CharacterOffsetEnd=84 PartOfSpeech=NOUN Lemma=estudiantado NamedEntityTag=O]
[Text=y CharacterOffsetBegin=85 CharacterOffsetEnd=86 PartOfSpeech=CCONJ Lemma=y NamedEntityTag=O]
[Text=de CharacterOffsetBegin=87 CharacterOffsetEnd=89 PartOfSpeech=ADP Lemma=de NamedEntityTag=O]
[Text=la CharacterOffsetBegin=90 CharacterOffsetEnd=92 PartOfSpeech=DET Lemma=la NamedEntityTag=O]
[Text=ma CharacterOffsetBegin=93 CharacterOffsetEnd=95 PartOfSpeech=NOUN Lemma=ma NamedEntityTag=O]
[Text=- CharacterOffsetBegin=95 CharacterOffsetEnd=96 PartOfSpeech=PUNCT Lemma=- NamedEntityTag=O]
[Text=yoría CharacterOffsetBegin=97 CharacterOffsetEnd=102 PartOfSpeech=NOUN Lemma=yoría NamedEntityTag=O]
[Text=de CharacterOffsetBegin=103 CharacterOffsetEnd=105 PartOfSpeech=ADP Lemma=de NamedEntityTag=O]
[Text=los CharacterOffsetBegin=106 CharacterOffsetEnd=109 PartOfSpeech=DET Lemma=los NamedEntityTag=O]
[Text=Consejeros CharacterOffsetBegin=110 CharacterOffsetEnd=120 PartOfSpeech=PROPN Lemma=consejeros NamedEntityTag=ORGANIZATION]
[Text=. CharacterOffsetBegin=120 CharacterOffsetEnd=121 PartOfSpeech=PUNCT Lemma=. NamedEntityTag=O]

Dependency Parse (enhanced plus plus dependencies):
root(ROOT-0, cuenta-7)
nsubj(cuenta-7, quien-1)
mark(parecer-3, al-2)
advcl(cuenta-7, parecer-3)
case(momento-6, hasta-4)
det(momento-6, el-5)
obl(cuenta-7, momento-6)
case(simpatía-10, con-8)
det(simpatía-10, la-9)
obj(cuenta-7, simpatía-10)
cc(apoyo-13, y-11)
det(apoyo-13, el-12)
obj(cuenta-7, apoyo-13)
conj:y(simpatía-10, apoyo-13)
conj:y(simpatía-10, apoyo-13''')
conj:y(apoyo-13, apoyo-13''')
case(estudiantado-15, del-14)
nmod(apoyo-13, estudiantado-15)
cc(apoyo-13''', y-16)
case(ma-19, de-17)
det(ma-19, la-18)
nmod(apoyo-13''', ma-19)
punct(yoría-21, --20)
conj(estudiantado-15, yoría-21)
case(Consejeros-24, de-22)
det(Consejeros-24, los-23)
nmod(yoría-21, Consejeros-24)
punct(cuenta-7, .-25)

Extracted the following NER entity mentions:
Consejeros	ORGANIZATION	ORGANIZATION:0.7957463365058701

Sentence #2 (31 tokens):
-El alumnado se ha dado
cuenta de que losdirigentes de la Federación Es-
tudiantil Univ.,que preside ELIAS CUAUHTEMOC TA-
BARES, asesorado por el Lic.

Tokens:
[Text=- CharacterOffsetBegin=121 CharacterOffsetEnd=122 PartOfSpeech=PUNCT Lemma=- NamedEntityTag=O]
[Text=El CharacterOffsetBegin=122 CharacterOffsetEnd=124 PartOfSpeech=DET Lemma=el NamedEntityTag=O]
[Text=alumnado CharacterOffsetBegin=125 CharacterOffsetEnd=133 PartOfSpeech=NOUN Lemma=alumnado NamedEntityTag=O]
[Text=se CharacterOffsetBegin=134 CharacterOffsetEnd=136 PartOfSpeech=PRON Lemma=se NamedEntityTag=O]
[Text=ha CharacterOffsetBegin=137 CharacterOffsetEnd=139 PartOfSpeech=AUX Lemma=ha NamedEntityTag=O]
[Text=dado CharacterOffsetBegin=140 CharacterOffsetEnd=144 PartOfSpeech=VERB Lemma=dado NamedEntityTag=O]
[Text=cuenta CharacterOffsetBegin=145 CharacterOffsetEnd=151 PartOfSpeech=NOUN Lemma=cuenta NamedEntityTag=O]
[Text=de CharacterOffsetBegin=152 CharacterOffsetEnd=154 PartOfSpeech=ADP Lemma=de NamedEntityTag=O]
[Text=que CharacterOffsetBegin=155 CharacterOffsetEnd=158 PartOfSpeech=SCONJ Lemma=que NamedEntityTag=O]
[Text=losdirigentes CharacterOffsetBegin=159 CharacterOffsetEnd=172 PartOfSpeech=NOUN Lemma=losdirigentes NamedEntityTag=O]
[Text=de CharacterOffsetBegin=173 CharacterOffsetEnd=175 PartOfSpeech=ADP Lemma=de NamedEntityTag=O]
[Text=la CharacterOffsetBegin=176 CharacterOffsetEnd=178 PartOfSpeech=DET Lemma=la NamedEntityTag=O]
[Text=Federación CharacterOffsetBegin=179 CharacterOffsetEnd=189 PartOfSpeech=PROPN Lemma=federación NamedEntityTag=ORGANIZATION]
[Text=Es CharacterOffsetBegin=190 CharacterOffsetEnd=192 PartOfSpeech=PROPN Lemma=es NamedEntityTag=ORGANIZATION]
[Text=- CharacterOffsetBegin=192 CharacterOffsetEnd=193 PartOfSpeech=PUNCT Lemma=- NamedEntityTag=ORGANIZATION]
[Text=tudiantil CharacterOffsetBegin=194 CharacterOffsetEnd=203 PartOfSpeech=ADJ Lemma=tudiantil NamedEntityTag=ORGANIZATION]
[Text=Univ. CharacterOffsetBegin=204 CharacterOffsetEnd=209 PartOfSpeech=PROPN Lemma=univ. NamedEntityTag=ORGANIZATION]
[Text=, CharacterOffsetBegin=209 CharacterOffsetEnd=210 PartOfSpeech=PUNCT Lemma=, NamedEntityTag=O]
[Text=que CharacterOffsetBegin=210 CharacterOffsetEnd=213 PartOfSpeech=PRON Lemma=que NamedEntityTag=O]
[Text=preside CharacterOffsetBegin=214 CharacterOffsetEnd=221 PartOfSpeech=VERB Lemma=preside NamedEntityTag=O]
[Text=ELIAS CharacterOffsetBegin=222 CharacterOffsetEnd=227 PartOfSpeech=PROPN Lemma=elias NamedEntityTag=O]
[Text=CUAUHTEMOC CharacterOffsetBegin=228 CharacterOffsetEnd=238 PartOfSpeech=PROPN Lemma=cuauhtemoc NamedEntityTag=O]
[Text=TA CharacterOffsetBegin=239 CharacterOffsetEnd=241 PartOfSpeech=PROPN Lemma=ta NamedEntityTag=O]
[Text=- CharacterOffsetBegin=241 CharacterOffsetEnd=242 PartOfSpeech=PUNCT Lemma=- NamedEntityTag=O]
[Text=BARES CharacterOffsetBegin=243 CharacterOffsetEnd=248 PartOfSpeech=PROPN Lemma=bares NamedEntityTag=O]
[Text=, CharacterOffsetBegin=248 CharacterOffsetEnd=249 PartOfSpeech=PUNCT Lemma=, NamedEntityTag=O]
[Text=asesorado CharacterOffsetBegin=250 CharacterOffsetEnd=259 PartOfSpeech=ADJ Lemma=asesorado NamedEntityTag=O]
[Text=por CharacterOffsetBegin=260 CharacterOffsetEnd=263 PartOfSpeech=ADP Lemma=por NamedEntityTag=O]
[Text=el CharacterOffsetBegin=264 CharacterOffsetEnd=266 PartOfSpeech=DET Lemma=el NamedEntityTag=O]
[Text=Lic CharacterOffsetBegin=267 CharacterOffsetEnd=270 PartOfSpeech=PROPN Lemma=lic NamedEntityTag=O]
[Text=. CharacterOffsetBegin=270 CharacterOffsetEnd=271 PartOfSpeech=PUNCT Lemma=. NamedEntityTag=O]

Dependency Parse (enhanced plus plus dependencies):
root(ROOT-0, dado-6)
punct(dado-6, --1)
det(alumnado-3, El-2)
nsubj(dado-6, alumnado-3)
obj(dado-6, se-4)
aux(dado-6, ha-5)
compound(dado-6, cuenta-7)
case(que-9, de-8)
advmod(dado-6, que-9)
csubj:pass(que-9, losdirigentes-10)
case(Federación-13, de-11)
det(Federación-13, la-12)
nmod(losdirigentes-10, Federación-13)
flat(Federación-13, Es-14)
punct(Federación-13, --15)
amod(Federación-13, tudiantil-16)
flat(Federación-13, Univ.-17)
punct(preside-20, ,-18)
obj(preside-20, que-19)
acl(Federación-13, preside-20)
nsubj(preside-20, ELIAS-21)
flat(ELIAS-21, CUAUHTEMOC-22)
flat(ELIAS-21, TA-23)
punct(BARES-25, --24)
flat(ELIAS-21, BARES-25)
punct(asesorado-27, ,-26)
amod(BARES-25, asesorado-27)
case(Lic-30, por-28)
det(Lic-30, el-29)
obj(asesorado-27, Lic-30)
punct(losdirigentes-10, .-31)

Extracted the following NER entity mentions:
Federación Es-
tudiantil Univ.	ORGANIZATION	ORGANIZATION:0.9689562393095167

Sentence #3 (10 tokens):
NORBERTO PALAZUELOS--
BASSOLS, Magistrado del Tribunal Sup.

Tokens:
[Text=NORBERTO CharacterOffsetBegin=272 CharacterOffsetEnd=280 PartOfSpeech=PROPN Lemma=norberto NamedEntityTag=PERSON]
[Text=PALAZUELOS CharacterOffsetBegin=281 CharacterOffsetEnd=291 PartOfSpeech=PROPN Lemma=palazuelos NamedEntityTag=PERSON]
[Text=-- CharacterOffsetBegin=291 CharacterOffsetEnd=293 PartOfSpeech=NUM Lemma=-- NamedEntityTag=PERSON]
[Text=BASSOLS CharacterOffsetBegin=294 CharacterOffsetEnd=301 PartOfSpeech=PROPN Lemma=bassols NamedEntityTag=PERSON]
[Text=, CharacterOffsetBegin=301 CharacterOffsetEnd=302 PartOfSpeech=PUNCT Lemma=, NamedEntityTag=O]
[Text=Magistrado CharacterOffsetBegin=303 CharacterOffsetEnd=313 PartOfSpeech=PROPN Lemma=magistrado NamedEntityTag=ORGANIZATION]
[Text=del CharacterOffsetBegin=314 CharacterOffsetEnd=317 PartOfSpeech=ADP Lemma=del NamedEntityTag=ORGANIZATION]
[Text=Tribunal CharacterOffsetBegin=318 CharacterOffsetEnd=326 PartOfSpeech=PROPN Lemma=tribunal NamedEntityTag=ORGANIZATION]
[Text=Sup CharacterOffsetBegin=327 CharacterOffsetEnd=330 PartOfSpeech=PROPN Lemma=sup NamedEntityTag=ORGANIZATION]
[Text=. CharacterOffsetBegin=330 CharacterOffsetEnd=331 PartOfSpeech=PUNCT Lemma=. NamedEntityTag=O]

Dependency Parse (enhanced plus plus dependencies):
root(ROOT-0, NORBERTO-1)
flat(NORBERTO-1, PALAZUELOS-2)
nummod(NORBERTO-1, ---3)
flat(NORBERTO-1, BASSOLS-4)
punct(Magistrado-6, ,-5)
appos(NORBERTO-1, Magistrado-6)
case(Tribunal-8, del-7)
flat(Magistrado-6, Tribunal-8)
flat(Tribunal-8, Sup-9)
punct(NORBERTO-1, .-10)

Extracted the following NER entity mentions:
NORBERTO PALAZUELOS--
BASSOLS	PERSON	PERSON:0.40870261024592364
Magistrado del Tribunal Sup	ORGANIZATION	ORGANIZATION:0.42859478098367454

Sentence #4 (4 tokens):
, de Just.

Tokens:
[Text=, CharacterOffsetBegin=331 CharacterOffsetEnd=332 PartOfSpeech=PUNCT Lemma=, NamedEntityTag=O]
[Text=de CharacterOffsetBegin=333 CharacterOffsetEnd=335 PartOfSpeech=ADP Lemma=de NamedEntityTag=O]
[Text=Just CharacterOffsetBegin=336 CharacterOffsetEnd=340 PartOfSpeech=PROPN Lemma=just NamedEntityTag=ORGANIZATION]
[Text=. CharacterOffsetBegin=340 CharacterOffsetEnd=341 PartOfSpeech=PUNCT Lemma=. NamedEntityTag=O]

Dependency Parse (enhanced plus plus dependencies):
root(ROOT-0, Just-3)
punct(Just-3, ,-1)
case(Just-3, de-2)
punct(Just-3, .-4)

Extracted the following NER entity mentions:
Just	ORGANIZATION	ORGANIZATION:0.41174509164921663

Sentence #5 (11 tokens):
—
en la Entidad y LEOPOLDO CASTRO GARCÍA, Srio.

Tokens:
[Text=— CharacterOffsetBegin=341 CharacterOffsetEnd=342 PartOfSpeech=NOUN Lemma=— NamedEntityTag=O]
[Text=en CharacterOffsetBegin=343 CharacterOffsetEnd=345 PartOfSpeech=ADP Lemma=en NamedEntityTag=O]
[Text=la CharacterOffsetBegin=346 CharacterOffsetEnd=348 PartOfSpeech=DET Lemma=la NamedEntityTag=O]
[Text=Entidad CharacterOffsetBegin=349 CharacterOffsetEnd=356 PartOfSpeech=PROPN Lemma=entidad NamedEntityTag=MISC]
[Text=y CharacterOffsetBegin=357 CharacterOffsetEnd=358 PartOfSpeech=CCONJ Lemma=y NamedEntityTag=O]
[Text=LEOPOLDO CharacterOffsetBegin=359 CharacterOffsetEnd=367 PartOfSpeech=PROPN Lemma=leopoldo NamedEntityTag=PERSON]
[Text=CASTRO CharacterOffsetBegin=368 CharacterOffsetEnd=374 PartOfSpeech=PROPN Lemma=castro NamedEntityTag=PERSON]
[Text=GARCÍA CharacterOffsetBegin=375 CharacterOffsetEnd=381 PartOfSpeech=PROPN Lemma=garcía NamedEntityTag=PERSON]
[Text=, CharacterOffsetBegin=381 CharacterOffsetEnd=382 PartOfSpeech=PUNCT Lemma=, NamedEntityTag=O]
[Text=Srio CharacterOffsetBegin=383 CharacterOffsetEnd=387 PartOfSpeech=PROPN Lemma=srio NamedEntityTag=PERSON]
[Text=. CharacterOffsetBegin=387 CharacterOffsetEnd=388 PartOfSpeech=PUNCT Lemma=. NamedEntityTag=O]

Dependency Parse (enhanced plus plus dependencies):
root(ROOT-0, —-1)
case(Entidad-4, en-2)
det(Entidad-4, la-3)
nmod(—-1, Entidad-4)
cc(LEOPOLDO-6, y-5)
nmod(—-1, LEOPOLDO-6)
conj:y(Entidad-4, LEOPOLDO-6)
flat(LEOPOLDO-6, CASTRO-7)
flat(LEOPOLDO-6, GARCÍA-8)
punct(Srio-10, ,-9)
nmod(—-1, Srio-10)
conj:y(Entidad-4, Srio-10)
punct(—-1, .-11)

Extracted the following NER entity mentions:
Entidad	MISC	MISC:0.3883947620626289
LEOPOLDO CASTRO GARCÍA	PERSON	PERSON:0.9660423908798778
Srio	PERSON	PERSON:0.6921481441049961

Sentence #6 (8 tokens):
Part,
del C. Gobernador del Edo.

Tokens:
[Text=Part CharacterOffsetBegin=388 CharacterOffsetEnd=392 PartOfSpeech=PROPN Lemma=part NamedEntityTag=PERSON]
[Text=, CharacterOffsetBegin=392 CharacterOffsetEnd=393 PartOfSpeech=PUNCT Lemma=, NamedEntityTag=O]
[Text=del CharacterOffsetBegin=394 CharacterOffsetEnd=397 PartOfSpeech=ADP Lemma=del NamedEntityTag=O]
[Text=C. CharacterOffsetBegin=398 CharacterOffsetEnd=400 PartOfSpeech=PROPN Lemma=c. NamedEntityTag=PERSON]
[Text=Gobernador CharacterOffsetBegin=401 CharacterOffsetEnd=411 PartOfSpeech=PROPN Lemma=gobernador NamedEntityTag=PERSON]
[Text=del CharacterOffsetBegin=412 CharacterOffsetEnd=415 PartOfSpeech=ADP Lemma=del NamedEntityTag=PERSON]
[Text=Edo CharacterOffsetBegin=416 CharacterOffsetEnd=419 PartOfSpeech=PROPN Lemma=edo NamedEntityTag=PERSON]
[Text=. CharacterOffsetBegin=419 CharacterOffsetEnd=420 PartOfSpeech=PUNCT Lemma=. NamedEntityTag=O]

Dependency Parse (enhanced plus plus dependencies):
root(ROOT-0, Part-1)
punct(C.-4, ,-2)
case(C.-4, del-3)
nmod(Part-1, C.-4)
flat(C.-4, Gobernador-5)
case(Edo-7, del-6)
flat(C.-4, Edo-7)
punct(Part-1, .-8)

Extracted the following NER entity mentions:
Part	PERSON	PERSON:0.8599817955098013
C. Gobernador del Edo	PERSON	PERSON:0.8798662416896933

Sentence #7 (37 tokens):
, están presionando a los
alumnos miembros del Consejo Univ., para que antes
de emitir su voto,lo hagan del conocimtento de -
dicha Federación para que sea ésta la que diriga
la votación.

Tokens:
[Text=, CharacterOffsetBegin=420 CharacterOffsetEnd=421 PartOfSpeech=PUNCT Lemma=, NamedEntityTag=O]
[Text=están CharacterOffsetBegin=422 CharacterOffsetEnd=427 PartOfSpeech=AUX Lemma=están NamedEntityTag=O]
[Text=presionando CharacterOffsetBegin=428 CharacterOffsetEnd=439 PartOfSpeech=VERB Lemma=presionando NamedEntityTag=O]
[Text=a CharacterOffsetBegin=440 CharacterOffsetEnd=441 PartOfSpeech=ADP Lemma=a NamedEntityTag=O]
[Text=los CharacterOffsetBegin=442 CharacterOffsetEnd=445 PartOfSpeech=DET Lemma=los NamedEntityTag=O]
[Text=alumnos CharacterOffsetBegin=446 CharacterOffsetEnd=453 PartOfSpeech=NOUN Lemma=alumnos NamedEntityTag=O]
[Text=miembros CharacterOffsetBegin=454 CharacterOffsetEnd=462 PartOfSpeech=NOUN Lemma=miembros NamedEntityTag=O]
[Text=del CharacterOffsetBegin=463 CharacterOffsetEnd=466 PartOfSpeech=ADP Lemma=del NamedEntityTag=O]
[Text=Consejo CharacterOffsetBegin=467 CharacterOffsetEnd=474 PartOfSpeech=PROPN Lemma=consejo NamedEntityTag=ORGANIZATION]
[Text=Univ. CharacterOffsetBegin=475 CharacterOffsetEnd=480 PartOfSpeech=PROPN Lemma=univ. NamedEntityTag=ORGANIZATION]
[Text=, CharacterOffsetBegin=480 CharacterOffsetEnd=481 PartOfSpeech=PUNCT Lemma=, NamedEntityTag=O]
[Text=para CharacterOffsetBegin=482 CharacterOffsetEnd=486 PartOfSpeech=ADP Lemma=para NamedEntityTag=O]
[Text=que CharacterOffsetBegin=487 CharacterOffsetEnd=490 PartOfSpeech=SCONJ Lemma=que NamedEntityTag=O]
[Text=antes CharacterOffsetBegin=491 CharacterOffsetEnd=496 PartOfSpeech=ADV Lemma=antes NamedEntityTag=O]
[Text=de CharacterOffsetBegin=497 CharacterOffsetEnd=499 PartOfSpeech=ADP Lemma=de NamedEntityTag=O]
[Text=emitir CharacterOffsetBegin=500 CharacterOffsetEnd=506 PartOfSpeech=VERB Lemma=emitir NamedEntityTag=O]
[Text=su CharacterOffsetBegin=507 CharacterOffsetEnd=509 PartOfSpeech=DET Lemma=su NamedEntityTag=O]
[Text=voto CharacterOffsetBegin=510 CharacterOffsetEnd=514 PartOfSpeech=NOUN Lemma=voto NamedEntityTag=O]
[Text=, CharacterOffsetBegin=514 CharacterOffsetEnd=515 PartOfSpeech=PUNCT Lemma=, NamedEntityTag=O]
[Text=lo CharacterOffsetBegin=515 CharacterOffsetEnd=517 PartOfSpeech=PRON Lemma=lo NamedEntityTag=O]
[Text=hagan CharacterOffsetBegin=518 CharacterOffsetEnd=523 PartOfSpeech=VERB Lemma=hagan NamedEntityTag=O]
[Text=del CharacterOffsetBegin=524 CharacterOffsetEnd=527 PartOfSpeech=ADP Lemma=del NamedEntityTag=O]
[Text=conocimtento CharacterOffsetBegin=528 CharacterOffsetEnd=540 PartOfSpeech=NOUN Lemma=conocimtento NamedEntityTag=O]
[Text=de CharacterOffsetBegin=541 CharacterOffsetEnd=543 PartOfSpeech=ADP Lemma=de NamedEntityTag=O]
[Text=- CharacterOffsetBegin=544 CharacterOffsetEnd=545 PartOfSpeech=PUNCT Lemma=- NamedEntityTag=O]
[Text=dicha CharacterOffsetBegin=546 CharacterOffsetEnd=551 PartOfSpeech=ADJ Lemma=dicha NamedEntityTag=O]
[Text=Federación CharacterOffsetBegin=552 CharacterOffsetEnd=562 PartOfSpeech=PROPN Lemma=federación NamedEntityTag=ORGANIZATION]
[Text=para CharacterOffsetBegin=563 CharacterOffsetEnd=567 PartOfSpeech=ADP Lemma=para NamedEntityTag=O]
[Text=que CharacterOffsetBegin=568 CharacterOffsetEnd=571 PartOfSpeech=SCONJ Lemma=que NamedEntityTag=O]
[Text=sea CharacterOffsetBegin=572 CharacterOffsetEnd=575 PartOfSpeech=AUX Lemma=sea NamedEntityTag=O]
[Text=ésta CharacterOffsetBegin=576 CharacterOffsetEnd=580 PartOfSpeech=PRON Lemma=ésta NamedEntityTag=O]
[Text=la CharacterOffsetBegin=581 CharacterOffsetEnd=583 PartOfSpeech=DET Lemma=la NamedEntityTag=O]
[Text=que CharacterOffsetBegin=584 CharacterOffsetEnd=587 PartOfSpeech=PRON Lemma=que NamedEntityTag=O]
[Text=diriga CharacterOffsetBegin=588 CharacterOffsetEnd=594 PartOfSpeech=VERB Lemma=diriga NamedEntityTag=O]
[Text=la CharacterOffsetBegin=595 CharacterOffsetEnd=597 PartOfSpeech=DET Lemma=la NamedEntityTag=O]
[Text=votación CharacterOffsetBegin=598 CharacterOffsetEnd=606 PartOfSpeech=NOUN Lemma=votación NamedEntityTag=O]
[Text=. CharacterOffsetBegin=606 CharacterOffsetEnd=607 PartOfSpeech=PUNCT Lemma=. NamedEntityTag=O]

Dependency Parse (enhanced plus plus dependencies):
root(ROOT-0, presionando-3)
punct(presionando-3, ,-1)
aux(presionando-3, están-2)
case(alumnos-6, a-4)
det(alumnos-6, los-5)
obj(presionando-3, alumnos-6)
appos(alumnos-6, miembros-7)
case(Consejo-9, del-8)
nmod(miembros-7, Consejo-9)
flat(Consejo-9, Univ.-10)
punct(hagan-21, ,-11)
mark(hagan-21, para-12)
mark(hagan-21, que-13)
advmod(hagan-21, antes-14)
mark(emitir-16, de-15)
advcl(antes-14, emitir-16)
det(voto-18, su-17)
obj(emitir-16, voto-18)
punct(antes-14, ,-19)
obj(hagan-21, lo-20)
advcl(presionando-3, hagan-21)
case(conocimtento-23, del-22)
obj(hagan-21, conocimtento-23)
case(Federación-27, de-24)
punct(Federación-27, --25)
amod(Federación-27, dicha-26)
nmod(conocimtento-23, Federación-27)
mark(diriga-34, para-28)
mark(diriga-34, que-29)
cop(diriga-34, sea-30)
nsubj(sea-30, ésta-31)
det(diriga-34, la-32)
nsubj(diriga-34, que-33)
advcl(hagan-21, diriga-34)
det(votación-36, la-35)
obj(diriga-34, votación-36)
punct(presionando-3, .-37)

Extracted the following NER entity mentions:
Consejo Univ.	ORGANIZATION	ORGANIZATION:0.9892576410919083
Federación	ORGANIZATION	ORGANIZATION:0.7967615964316691

Sentence #8 (15 tokens):
-Con tal moțivo, los estudiantes
acordaron efectuar el dia 8 del actl.

Tokens:
[Text=- CharacterOffsetBegin=608 CharacterOffsetEnd=609 PartOfSpeech=PUNCT Lemma=- NamedEntityTag=O]
[Text=Con CharacterOffsetBegin=609 CharacterOffsetEnd=612 PartOfSpeech=ADP Lemma=con NamedEntityTag=O]
[Text=tal CharacterOffsetBegin=613 CharacterOffsetEnd=616 PartOfSpeech=DET Lemma=tal NamedEntityTag=O]
[Text=moțivo CharacterOffsetBegin=617 CharacterOffsetEnd=623 PartOfSpeech=NOUN Lemma=moțivo NamedEntityTag=O]
[Text=, CharacterOffsetBegin=623 CharacterOffsetEnd=624 PartOfSpeech=PUNCT Lemma=, NamedEntityTag=O]
[Text=los CharacterOffsetBegin=625 CharacterOffsetEnd=628 PartOfSpeech=DET Lemma=los NamedEntityTag=O]
[Text=estudiantes CharacterOffsetBegin=629 CharacterOffsetEnd=640 PartOfSpeech=NOUN Lemma=estudiantes NamedEntityTag=O]
[Text=acordaron CharacterOffsetBegin=641 CharacterOffsetEnd=650 PartOfSpeech=VERB Lemma=acordaron NamedEntityTag=O]
[Text=efectuar CharacterOffsetBegin=651 CharacterOffsetEnd=659 PartOfSpeech=VERB Lemma=efectuar NamedEntityTag=O]
[Text=el CharacterOffsetBegin=660 CharacterOffsetEnd=662 PartOfSpeech=DET Lemma=el NamedEntityTag=O]
[Text=dia CharacterOffsetBegin=663 CharacterOffsetEnd=666 PartOfSpeech=NOUN Lemma=dia NamedEntityTag=O]
[Text=8 CharacterOffsetBegin=667 CharacterOffsetEnd=668 PartOfSpeech=NUM Lemma=8 NamedEntityTag=NUMBER NormalizedNamedEntityTag=8.0]
[Text=del CharacterOffsetBegin=669 CharacterOffsetEnd=672 PartOfSpeech=ADP Lemma=del NamedEntityTag=O]
[Text=actl CharacterOffsetBegin=673 CharacterOffsetEnd=677 PartOfSpeech=NOUN Lemma=actl NamedEntityTag=O]
[Text=. CharacterOffsetBegin=677 CharacterOffsetEnd=678 PartOfSpeech=PUNCT Lemma=. NamedEntityTag=O]

Dependency Parse (enhanced plus plus dependencies):
root(ROOT-0, acordaron-8)
punct(acordaron-8, --1)
case(moțivo-4, Con-2)
det(moțivo-4, tal-3)
obl(acordaron-8, moțivo-4)
punct(moțivo-4, ,-5)
det(estudiantes-7, los-6)
nsubj(acordaron-8, estudiantes-7)
xcomp(acordaron-8, efectuar-9)
det(dia-11, el-10)
obj(efectuar-9, dia-11)
appos(dia-11, 8-12)
case(actl-14, del-13)
nmod(dia-11, actl-14)
punct(acordaron-8, .-15)

Extracted the following NER entity mentions:
8	NUMBER	NUMBER:-1.0

Sentence #9 (30 tokens):
,un mitin-
de apoyo al Dr, JAIME CASTREJON DIEZ, ya la vez
pedir al Gobierno de la Entidad no intervenga en
la elección del Nvo.

Tokens:
[Text=, CharacterOffsetBegin=678 CharacterOffsetEnd=679 PartOfSpeech=PUNCT Lemma=, NamedEntityTag=O]
[Text=un CharacterOffsetBegin=679 CharacterOffsetEnd=681 PartOfSpeech=DET Lemma=un NamedEntityTag=O]
[Text=mitin CharacterOffsetBegin=682 CharacterOffsetEnd=687 PartOfSpeech=NOUN Lemma=mitin NamedEntityTag=O]
[Text=- CharacterOffsetBegin=687 CharacterOffsetEnd=688 PartOfSpeech=PUNCT Lemma=- NamedEntityTag=O]
[Text=de CharacterOffsetBegin=689 CharacterOffsetEnd=691 PartOfSpeech=ADP Lemma=de NamedEntityTag=O]
[Text=apoyo CharacterOffsetBegin=692 CharacterOffsetEnd=697 PartOfSpeech=NOUN Lemma=apoyo NamedEntityTag=O]
[Text=al CharacterOffsetBegin=698 CharacterOffsetEnd=700 PartOfSpeech=ADP Lemma=al NamedEntityTag=O]
[Text=Dr CharacterOffsetBegin=701 CharacterOffsetEnd=703 PartOfSpeech=PROPN Lemma=dr NamedEntityTag=O]
[Text=, CharacterOffsetBegin=703 CharacterOffsetEnd=704 PartOfSpeech=PUNCT Lemma=, NamedEntityTag=O]
[Text=JAIME CharacterOffsetBegin=705 CharacterOffsetEnd=710 PartOfSpeech=PROPN Lemma=jaime NamedEntityTag=PERSON]
[Text=CASTREJON CharacterOffsetBegin=711 CharacterOffsetEnd=720 PartOfSpeech=PROPN Lemma=castrejon NamedEntityTag=PERSON]
[Text=DIEZ CharacterOffsetBegin=721 CharacterOffsetEnd=725 PartOfSpeech=NUM Lemma=diez NamedEntityTag=PERSON]
[Text=, CharacterOffsetBegin=725 CharacterOffsetEnd=726 PartOfSpeech=PUNCT Lemma=, NamedEntityTag=O]
[Text=ya CharacterOffsetBegin=727 CharacterOffsetEnd=729 PartOfSpeech=ADV Lemma=ya NamedEntityTag=O]
[Text=la CharacterOffsetBegin=730 CharacterOffsetEnd=732 PartOfSpeech=DET Lemma=la NamedEntityTag=O]
[Text=vez CharacterOffsetBegin=733 CharacterOffsetEnd=736 PartOfSpeech=NOUN Lemma=vez NamedEntityTag=O]
[Text=pedir CharacterOffsetBegin=737 CharacterOffsetEnd=742 PartOfSpeech=VERB Lemma=pedir NamedEntityTag=O]
[Text=al CharacterOffsetBegin=743 CharacterOffsetEnd=745 PartOfSpeech=ADP Lemma=al NamedEntityTag=O]
[Text=Gobierno CharacterOffsetBegin=746 CharacterOffsetEnd=754 PartOfSpeech=PROPN Lemma=gobierno NamedEntityTag=ORGANIZATION]
[Text=de CharacterOffsetBegin=755 CharacterOffsetEnd=757 PartOfSpeech=ADP Lemma=de NamedEntityTag=ORGANIZATION]
[Text=la CharacterOffsetBegin=758 CharacterOffsetEnd=760 PartOfSpeech=DET Lemma=la NamedEntityTag=ORGANIZATION]
[Text=Entidad CharacterOffsetBegin=761 CharacterOffsetEnd=768 PartOfSpeech=PROPN Lemma=entidad NamedEntityTag=ORGANIZATION]
[Text=no CharacterOffsetBegin=769 CharacterOffsetEnd=771 PartOfSpeech=ADV Lemma=no NamedEntityTag=O]
[Text=intervenga CharacterOffsetBegin=772 CharacterOffsetEnd=782 PartOfSpeech=VERB Lemma=intervenga NamedEntityTag=O]
[Text=en CharacterOffsetBegin=783 CharacterOffsetEnd=785 PartOfSpeech=ADP Lemma=en NamedEntityTag=O]
[Text=la CharacterOffsetBegin=786 CharacterOffsetEnd=788 PartOfSpeech=DET Lemma=la NamedEntityTag=O]
[Text=elección CharacterOffsetBegin=789 CharacterOffsetEnd=797 PartOfSpeech=NOUN Lemma=elección NamedEntityTag=O]
[Text=del CharacterOffsetBegin=798 CharacterOffsetEnd=801 PartOfSpeech=ADP Lemma=del NamedEntityTag=O]
[Text=Nvo CharacterOffsetBegin=802 CharacterOffsetEnd=805 PartOfSpeech=PROPN Lemma=nvo NamedEntityTag=O]
[Text=. CharacterOffsetBegin=805 CharacterOffsetEnd=806 PartOfSpeech=PUNCT Lemma=. NamedEntityTag=O]

Dependency Parse (enhanced plus plus dependencies):
root(ROOT-0, mitin-3)
punct(mitin-3, ,-1)
det(mitin-3, un-2)
punct(mitin-3, --4)
case(apoyo-6, de-5)
nmod(mitin-3, apoyo-6)
case(Dr-8, al-7)
nmod(mitin-3, Dr-8)
punct(JAIME-10, ,-9)
flat(Dr-8, JAIME-10)
flat(JAIME-10, CASTREJON-11)
nummod(JAIME-10, DIEZ-12)
punct(JAIME-10, ,-13)
advmod(pedir-17, ya-14)
det(vez-16, la-15)
obl(pedir-17, vez-16)
csubj(intervenga-24, pedir-17)
case(Gobierno-19, al-18)
obj(pedir-17, Gobierno-19)
case(Entidad-22, de-20)
det(Entidad-22, la-21)
flat(Gobierno-19, Entidad-22)
advmod(intervenga-24, no-23)
acl(mitin-3, intervenga-24)
case(elección-27, en-25)
det(elección-27, la-26)
obl(intervenga-24, elección-27)
case(Nvo-29, del-28)
nmod(elección-27, Nvo-29)
punct(mitin-3, .-30)

Extracted the following NER entity mentions:
JAIME CASTREJON DIEZ	PERSON	PERSON:0.5753506607059858
Gobierno de la Entidad	ORGANIZATION	ORGANIZATION:0.8030395416342558

Sentence #10 (2 tokens):
Rector.

Tokens:
[Text=Rector CharacterOffsetBegin=807 CharacterOffsetEnd=813 PartOfSpeech=NOUN Lemma=rector NamedEntityTag=O]
[Text=. CharacterOffsetBegin=813 CharacterOffsetEnd=814 PartOfSpeech=PUNCT Lemma=. NamedEntityTag=O]

Dependency Parse (enhanced plus plus dependencies):
root(ROOT-0, Rector-1)
punct(Rector-1, .-2)

Extracted the following NER entity mentions:

Sentence #11 (1 tokens):
-

Tokens:
[Text=- CharacterOffsetBegin=814 CharacterOffsetEnd=815 PartOfSpeech=PUNCT Lemma=- NamedEntityTag=O]

Dependency Parse (enhanced plus plus dependencies):
root(ROOT-0, --1)

Extracted the following NER entity mentions:
