Document: ID=file_373.txt (2 sentences, 189 tokens)

Sentence #1 (13 tokens):
casa permanecieron 8 días los citados a excepción de -
VICTORIA HERNANDEZ.

Tokens:
[Text=casa CharacterOffsetBegin=0 CharacterOffsetEnd=4 PartOfSpeech=NOUN Lemma=casa NamedEntityTag=O]
[Text=permanecieron CharacterOffsetBegin=5 CharacterOffsetEnd=18 PartOfSpeech=VERB Lemma=permanecieron NamedEntityTag=O]
[Text=8 CharacterOffsetBegin=19 CharacterOffsetEnd=20 PartOfSpeech=NUM Lemma=8 NamedEntityTag=NUMBER NormalizedNamedEntityTag=8.0]
[Text=días CharacterOffsetBegin=21 CharacterOffsetEnd=25 PartOfSpeech=NOUN Lemma=días NamedEntityTag=O]
[Text=los CharacterOffsetBegin=26 CharacterOffsetEnd=29 PartOfSpeech=DET Lemma=los NamedEntityTag=O]
[Text=citados CharacterOffsetBegin=30 CharacterOffsetEnd=37 PartOfSpeech=ADJ Lemma=citados NamedEntityTag=O]
[Text=a CharacterOffsetBegin=38 CharacterOffsetEnd=39 PartOfSpeech=ADP Lemma=a NamedEntityTag=O]
[Text=excepción CharacterOffsetBegin=40 CharacterOffsetEnd=49 PartOfSpeech=NOUN Lemma=excepción NamedEntityTag=O]
[Text=de CharacterOffsetBegin=50 CharacterOffsetEnd=52 PartOfSpeech=ADP Lemma=de NamedEntityTag=O]
[Text=- CharacterOffsetBegin=53 CharacterOffsetEnd=54 PartOfSpeech=PUNCT Lemma=- NamedEntityTag=O]
[Text=VICTORIA CharacterOffsetBegin=55 CharacterOffsetEnd=63 PartOfSpeech=PROPN Lemma=victoria NamedEntityTag=O]
[Text=HERNANDEZ CharacterOffsetBegin=64 CharacterOffsetEnd=73 PartOfSpeech=PROPN Lemma=hernandez NamedEntityTag=O]
[Text=. CharacterOffsetBegin=73 CharacterOffsetEnd=74 PartOfSpeech=PUNCT Lemma=. NamedEntityTag=O]

Dependency Parse (enhanced plus plus dependencies):
root(ROOT-0, permanecieron-2)
nsubj(permanecieron-2, casa-1)
nummod(días-4, 8-3)
obl(permanecieron-2, días-4)
det(citados-6, los-5)
obj(permanecieron-2, citados-6)
case(VICTORIA-11, a-7)
fixed(a-7, excepción-8)
fixed(a-7, de-9)
punct(VICTORIA-11, --10)
obj(citados-6, VICTORIA-11)
flat(VICTORIA-11, HERNANDEZ-12)
punct(permanecieron-2, .-13)

Extracted the following NER entity mentions:
8	NUMBER	NUMBER:-1.0

Sentence #2 (176 tokens):
--- FOLIO 70 VUELTA, agrega que con
objeto de acudir a la cita fijada para los días 29, 30 y 31 de julio último en Morelia con SALVADOR ANGELES -
SALAS y con la idea de internarse en la sierra de Chihuahua llevando consigo a la misma VICTORIA HERNANDEZ-
y JOSE LUIS DE LOS SANTOS TOLEDO, a los que considera-
son más manejables entre el grupo, el día 27 viajó, en
unión de VICTORIA HERNANDEZ a Coatzacoalcos e hizo con
tacto con JOSE LUIS, acordaron robar un vehículo para-
dirigirse a Morelia y le señaló a VICTORIA HERNANDEZ -
que debía coquetear con los automovilistas hasta conse
guir un coche, que fue un manejador de un volkswagen -
en que hizo caso a los coqueteos de VICTORIA y con las
armas que portaban él y JOSE LUIS, amagaron al conduc-
tor y se subieron con VICTORIA HERNANDEZ al coche, en-
filando hacia la carretera y ya cerca de Acayucan obli

Tokens:
[Text=--- CharacterOffsetBegin=74 CharacterOffsetEnd=77 PartOfSpeech=NUM Lemma=--- NamedEntityTag=O]
[Text=FOLIO CharacterOffsetBegin=78 CharacterOffsetEnd=83 PartOfSpeech=PROPN Lemma=folio NamedEntityTag=O]
[Text=70 CharacterOffsetBegin=84 CharacterOffsetEnd=86 PartOfSpeech=NUM Lemma=70 NamedEntityTag=NUMBER NormalizedNamedEntityTag=70.0]
[Text=VUELTA CharacterOffsetBegin=87 CharacterOffsetEnd=93 PartOfSpeech=PROPN Lemma=vuelta NamedEntityTag=O]
[Text=, CharacterOffsetBegin=93 CharacterOffsetEnd=94 PartOfSpeech=PUNCT Lemma=, NamedEntityTag=O]
[Text=agrega CharacterOffsetBegin=95 CharacterOffsetEnd=101 PartOfSpeech=VERB Lemma=agrega NamedEntityTag=O]
[Text=que CharacterOffsetBegin=102 CharacterOffsetEnd=105 PartOfSpeech=SCONJ Lemma=que NamedEntityTag=O]
[Text=con CharacterOffsetBegin=106 CharacterOffsetEnd=109 PartOfSpeech=ADP Lemma=con NamedEntityTag=O]
[Text=objeto CharacterOffsetBegin=110 CharacterOffsetEnd=116 PartOfSpeech=NOUN Lemma=objeto NamedEntityTag=O]
[Text=de CharacterOffsetBegin=117 CharacterOffsetEnd=119 PartOfSpeech=ADP Lemma=de NamedEntityTag=O]
[Text=acudir CharacterOffsetBegin=120 CharacterOffsetEnd=126 PartOfSpeech=VERB Lemma=acudir NamedEntityTag=O]
[Text=a CharacterOffsetBegin=127 CharacterOffsetEnd=128 PartOfSpeech=ADP Lemma=a NamedEntityTag=O]
[Text=la CharacterOffsetBegin=129 CharacterOffsetEnd=131 PartOfSpeech=DET Lemma=la NamedEntityTag=O]
[Text=cita CharacterOffsetBegin=132 CharacterOffsetEnd=136 PartOfSpeech=NOUN Lemma=cita NamedEntityTag=O]
[Text=fijada CharacterOffsetBegin=137 CharacterOffsetEnd=143 PartOfSpeech=ADJ Lemma=fijada NamedEntityTag=O]
[Text=para CharacterOffsetBegin=144 CharacterOffsetEnd=148 PartOfSpeech=ADP Lemma=para NamedEntityTag=O]
[Text=los CharacterOffsetBegin=149 CharacterOffsetEnd=152 PartOfSpeech=DET Lemma=los NamedEntityTag=O]
[Text=días CharacterOffsetBegin=153 CharacterOffsetEnd=157 PartOfSpeech=NOUN Lemma=días NamedEntityTag=O]
[Text=29 CharacterOffsetBegin=158 CharacterOffsetEnd=160 PartOfSpeech=NUM Lemma=29 NamedEntityTag=NUMBER NormalizedNamedEntityTag=29.0]
[Text=, CharacterOffsetBegin=160 CharacterOffsetEnd=161 PartOfSpeech=PUNCT Lemma=, NamedEntityTag=O]
[Text=30 CharacterOffsetBegin=162 CharacterOffsetEnd=164 PartOfSpeech=NUM Lemma=30 NamedEntityTag=NUMBER NormalizedNamedEntityTag=30.0]
[Text=y CharacterOffsetBegin=165 CharacterOffsetEnd=166 PartOfSpeech=CCONJ Lemma=y NamedEntityTag=O]
[Text=31 CharacterOffsetBegin=167 CharacterOffsetEnd=169 PartOfSpeech=NUM Lemma=31 NamedEntityTag=DATE NormalizedNamedEntityTag=XXXX-07-31 Timex=<TIMEX3 tid="t1" type="DATE" value="XXXX-07-31">31 de julio</TIMEX3>]
[Text=de CharacterOffsetBegin=170 CharacterOffsetEnd=172 PartOfSpeech=ADP Lemma=de NamedEntityTag=DATE NormalizedNamedEntityTag=XXXX-07-31 Timex=<TIMEX3 tid="t1" type="DATE" value="XXXX-07-31">31 de julio</TIMEX3>]
[Text=julio CharacterOffsetBegin=173 CharacterOffsetEnd=178 PartOfSpeech=NOUN Lemma=julio NamedEntityTag=DATE NormalizedNamedEntityTag=XXXX-07-31 Timex=<TIMEX3 tid="t1" type="DATE" value="XXXX-07-31">31 de julio</TIMEX3>]
[Text=último CharacterOffsetBegin=179 CharacterOffsetEnd=185 PartOfSpeech=ADJ Lemma=último NamedEntityTag=TITLE]
[Text=en CharacterOffsetBegin=186 CharacterOffsetEnd=188 PartOfSpeech=ADP Lemma=en NamedEntityTag=O]
[Text=Morelia CharacterOffsetBegin=189 CharacterOffsetEnd=196 PartOfSpeech=PROPN Lemma=morelia NamedEntityTag=CITY]
[Text=con CharacterOffsetBegin=197 CharacterOffsetEnd=200 PartOfSpeech=ADP Lemma=con NamedEntityTag=O]
[Text=SALVADOR CharacterOffsetBegin=201 CharacterOffsetEnd=209 PartOfSpeech=PROPN Lemma=salvador NamedEntityTag=MISC]
[Text=ANGELES CharacterOffsetBegin=210 CharacterOffsetEnd=217 PartOfSpeech=PROPN Lemma=angeles NamedEntityTag=MISC]
[Text=- CharacterOffsetBegin=218 CharacterOffsetEnd=219 PartOfSpeech=PUNCT Lemma=- NamedEntityTag=O]
[Text=SALAS CharacterOffsetBegin=220 CharacterOffsetEnd=225 PartOfSpeech=PROPN Lemma=salas NamedEntityTag=O]
[Text=y CharacterOffsetBegin=226 CharacterOffsetEnd=227 PartOfSpeech=CCONJ Lemma=y NamedEntityTag=O]
[Text=con CharacterOffsetBegin=228 CharacterOffsetEnd=231 PartOfSpeech=ADP Lemma=con NamedEntityTag=O]
[Text=la CharacterOffsetBegin=232 CharacterOffsetEnd=234 PartOfSpeech=DET Lemma=la NamedEntityTag=O]
[Text=idea CharacterOffsetBegin=235 CharacterOffsetEnd=239 PartOfSpeech=NOUN Lemma=idea NamedEntityTag=O]
[Text=de CharacterOffsetBegin=240 CharacterOffsetEnd=242 PartOfSpeech=ADP Lemma=de NamedEntityTag=O]
[Text=internar CharacterOffsetBegin=243 CharacterOffsetEnd=253 PartOfSpeech=VERB Lemma=internar NamedEntityTag=O]
[Text=se CharacterOffsetBegin=243 CharacterOffsetEnd=253 PartOfSpeech=PRON Lemma=se NamedEntityTag=O]
[Text=en CharacterOffsetBegin=254 CharacterOffsetEnd=256 PartOfSpeech=ADP Lemma=en NamedEntityTag=O]
[Text=la CharacterOffsetBegin=257 CharacterOffsetEnd=259 PartOfSpeech=DET Lemma=la NamedEntityTag=O]
[Text=sierra CharacterOffsetBegin=260 CharacterOffsetEnd=266 PartOfSpeech=NOUN Lemma=sierra NamedEntityTag=O]
[Text=de CharacterOffsetBegin=267 CharacterOffsetEnd=269 PartOfSpeech=ADP Lemma=de NamedEntityTag=O]
[Text=Chihuahua CharacterOffsetBegin=270 CharacterOffsetEnd=279 PartOfSpeech=PROPN Lemma=chihuahua NamedEntityTag=CITY]
[Text=llevando CharacterOffsetBegin=280 CharacterOffsetEnd=288 PartOfSpeech=VERB Lemma=llevando NamedEntityTag=O]
[Text=consigo CharacterOffsetBegin=289 CharacterOffsetEnd=296 PartOfSpeech=PRON Lemma=consigo NamedEntityTag=O]
[Text=a CharacterOffsetBegin=297 CharacterOffsetEnd=298 PartOfSpeech=ADP Lemma=a NamedEntityTag=O]
[Text=la CharacterOffsetBegin=299 CharacterOffsetEnd=301 PartOfSpeech=DET Lemma=la NamedEntityTag=O]
[Text=misma CharacterOffsetBegin=302 CharacterOffsetEnd=307 PartOfSpeech=DET Lemma=misma NamedEntityTag=O]
[Text=VICTORIA CharacterOffsetBegin=308 CharacterOffsetEnd=316 PartOfSpeech=PROPN Lemma=victoria NamedEntityTag=O]
[Text=HERNANDEZ CharacterOffsetBegin=317 CharacterOffsetEnd=326 PartOfSpeech=PROPN Lemma=hernandez NamedEntityTag=O]
[Text=- CharacterOffsetBegin=326 CharacterOffsetEnd=327 PartOfSpeech=PUNCT Lemma=- NamedEntityTag=O]
[Text=y CharacterOffsetBegin=328 CharacterOffsetEnd=329 PartOfSpeech=CCONJ Lemma=y NamedEntityTag=O]
[Text=JOSE CharacterOffsetBegin=330 CharacterOffsetEnd=334 PartOfSpeech=PROPN Lemma=jose NamedEntityTag=O]
[Text=LUIS CharacterOffsetBegin=335 CharacterOffsetEnd=339 PartOfSpeech=PROPN Lemma=luis NamedEntityTag=O]
[Text=DE CharacterOffsetBegin=340 CharacterOffsetEnd=342 PartOfSpeech=ADP Lemma=de NamedEntityTag=O]
[Text=LOS CharacterOffsetBegin=343 CharacterOffsetEnd=346 PartOfSpeech=DET Lemma=los NamedEntityTag=O]
[Text=SANTOS CharacterOffsetBegin=347 CharacterOffsetEnd=353 PartOfSpeech=PROPN Lemma=santos NamedEntityTag=O]
[Text=TOLEDO CharacterOffsetBegin=354 CharacterOffsetEnd=360 PartOfSpeech=PROPN Lemma=toledo NamedEntityTag=O]
[Text=, CharacterOffsetBegin=360 CharacterOffsetEnd=361 PartOfSpeech=PUNCT Lemma=, NamedEntityTag=O]
[Text=a CharacterOffsetBegin=362 CharacterOffsetEnd=363 PartOfSpeech=ADP Lemma=a NamedEntityTag=O]
[Text=los CharacterOffsetBegin=364 CharacterOffsetEnd=367 PartOfSpeech=DET Lemma=los NamedEntityTag=O]
[Text=que CharacterOffsetBegin=368 CharacterOffsetEnd=371 PartOfSpeech=PRON Lemma=que NamedEntityTag=O]
[Text=considera CharacterOffsetBegin=372 CharacterOffsetEnd=381 PartOfSpeech=VERB Lemma=considera NamedEntityTag=O]
[Text=- CharacterOffsetBegin=381 CharacterOffsetEnd=382 PartOfSpeech=PUNCT Lemma=- NamedEntityTag=O]
[Text=son CharacterOffsetBegin=383 CharacterOffsetEnd=386 PartOfSpeech=AUX Lemma=son NamedEntityTag=O]
[Text=más CharacterOffsetBegin=387 CharacterOffsetEnd=390 PartOfSpeech=ADV Lemma=más NamedEntityTag=O]
[Text=manejables CharacterOffsetBegin=391 CharacterOffsetEnd=401 PartOfSpeech=ADJ Lemma=manejables NamedEntityTag=O]
[Text=entre CharacterOffsetBegin=402 CharacterOffsetEnd=407 PartOfSpeech=ADP Lemma=entre NamedEntityTag=O]
[Text=el CharacterOffsetBegin=408 CharacterOffsetEnd=410 PartOfSpeech=DET Lemma=el NamedEntityTag=O]
[Text=grupo CharacterOffsetBegin=411 CharacterOffsetEnd=416 PartOfSpeech=NOUN Lemma=grupo NamedEntityTag=O]
[Text=, CharacterOffsetBegin=416 CharacterOffsetEnd=417 PartOfSpeech=PUNCT Lemma=, NamedEntityTag=O]
[Text=el CharacterOffsetBegin=418 CharacterOffsetEnd=420 PartOfSpeech=DET Lemma=el NamedEntityTag=O]
[Text=día CharacterOffsetBegin=421 CharacterOffsetEnd=424 PartOfSpeech=NOUN Lemma=día NamedEntityTag=O]
[Text=27 CharacterOffsetBegin=425 CharacterOffsetEnd=427 PartOfSpeech=NUM Lemma=27 NamedEntityTag=NUMBER NormalizedNamedEntityTag=27.0]
[Text=viajó CharacterOffsetBegin=428 CharacterOffsetEnd=433 PartOfSpeech=VERB Lemma=viajó NamedEntityTag=O]
[Text=, CharacterOffsetBegin=433 CharacterOffsetEnd=434 PartOfSpeech=PUNCT Lemma=, NamedEntityTag=O]
[Text=en CharacterOffsetBegin=435 CharacterOffsetEnd=437 PartOfSpeech=ADP Lemma=en NamedEntityTag=O]
[Text=unión CharacterOffsetBegin=438 CharacterOffsetEnd=443 PartOfSpeech=NOUN Lemma=unión NamedEntityTag=O]
[Text=de CharacterOffsetBegin=444 CharacterOffsetEnd=446 PartOfSpeech=ADP Lemma=de NamedEntityTag=O]
[Text=VICTORIA CharacterOffsetBegin=447 CharacterOffsetEnd=455 PartOfSpeech=PROPN Lemma=victoria NamedEntityTag=O]
[Text=HERNANDEZ CharacterOffsetBegin=456 CharacterOffsetEnd=465 PartOfSpeech=PROPN Lemma=hernandez NamedEntityTag=O]
[Text=a CharacterOffsetBegin=466 CharacterOffsetEnd=467 PartOfSpeech=ADP Lemma=a NamedEntityTag=O]
[Text=Coatzacoalcos CharacterOffsetBegin=468 CharacterOffsetEnd=481 PartOfSpeech=PROPN Lemma=coatzacoalcos NamedEntityTag=CITY]
[Text=e CharacterOffsetBegin=482 CharacterOffsetEnd=483 PartOfSpeech=CCONJ Lemma=e NamedEntityTag=O]
[Text=hizo CharacterOffsetBegin=484 CharacterOffsetEnd=488 PartOfSpeech=VERB Lemma=hizo NamedEntityTag=O]
[Text=con CharacterOffsetBegin=489 CharacterOffsetEnd=492 PartOfSpeech=ADP Lemma=con NamedEntityTag=O]
[Text=tacto CharacterOffsetBegin=493 CharacterOffsetEnd=498 PartOfSpeech=NOUN Lemma=tacto NamedEntityTag=O]
[Text=con CharacterOffsetBegin=499 CharacterOffsetEnd=502 PartOfSpeech=ADP Lemma=con NamedEntityTag=O]
[Text=JOSE CharacterOffsetBegin=503 CharacterOffsetEnd=507 PartOfSpeech=PROPN Lemma=jose NamedEntityTag=PERSON]
[Text=LUIS CharacterOffsetBegin=508 CharacterOffsetEnd=512 PartOfSpeech=PROPN Lemma=luis NamedEntityTag=PERSON]
[Text=, CharacterOffsetBegin=512 CharacterOffsetEnd=513 PartOfSpeech=PUNCT Lemma=, NamedEntityTag=O]
[Text=acordaron CharacterOffsetBegin=514 CharacterOffsetEnd=523 PartOfSpeech=VERB Lemma=acordaron NamedEntityTag=O]
[Text=robar CharacterOffsetBegin=524 CharacterOffsetEnd=529 PartOfSpeech=VERB Lemma=robar NamedEntityTag=O]
[Text=un CharacterOffsetBegin=530 CharacterOffsetEnd=532 PartOfSpeech=DET Lemma=un NamedEntityTag=O]
[Text=vehículo CharacterOffsetBegin=533 CharacterOffsetEnd=541 PartOfSpeech=NOUN Lemma=vehículo NamedEntityTag=O]
[Text=para CharacterOffsetBegin=542 CharacterOffsetEnd=546 PartOfSpeech=ADP Lemma=para NamedEntityTag=O]
[Text=- CharacterOffsetBegin=546 CharacterOffsetEnd=547 PartOfSpeech=PUNCT Lemma=- NamedEntityTag=O]
[Text=dirigir CharacterOffsetBegin=548 CharacterOffsetEnd=557 PartOfSpeech=VERB Lemma=dirigir NamedEntityTag=O]
[Text=se CharacterOffsetBegin=548 CharacterOffsetEnd=557 PartOfSpeech=PRON Lemma=se NamedEntityTag=O]
[Text=a CharacterOffsetBegin=558 CharacterOffsetEnd=559 PartOfSpeech=ADP Lemma=a NamedEntityTag=O]
[Text=Morelia CharacterOffsetBegin=560 CharacterOffsetEnd=567 PartOfSpeech=PROPN Lemma=morelia NamedEntityTag=CITY]
[Text=y CharacterOffsetBegin=568 CharacterOffsetEnd=569 PartOfSpeech=CCONJ Lemma=y NamedEntityTag=O]
[Text=le CharacterOffsetBegin=570 CharacterOffsetEnd=572 PartOfSpeech=PRON Lemma=le NamedEntityTag=O]
[Text=señaló CharacterOffsetBegin=573 CharacterOffsetEnd=579 PartOfSpeech=VERB Lemma=señaló NamedEntityTag=O]
[Text=a CharacterOffsetBegin=580 CharacterOffsetEnd=581 PartOfSpeech=ADP Lemma=a NamedEntityTag=O]
[Text=VICTORIA CharacterOffsetBegin=582 CharacterOffsetEnd=590 PartOfSpeech=PROPN Lemma=victoria NamedEntityTag=O]
[Text=HERNANDEZ CharacterOffsetBegin=591 CharacterOffsetEnd=600 PartOfSpeech=PROPN Lemma=hernandez NamedEntityTag=O]
[Text=- CharacterOffsetBegin=601 CharacterOffsetEnd=602 PartOfSpeech=PUNCT Lemma=- NamedEntityTag=O]
[Text=que CharacterOffsetBegin=603 CharacterOffsetEnd=606 PartOfSpeech=PRON Lemma=que NamedEntityTag=O]
[Text=debía CharacterOffsetBegin=607 CharacterOffsetEnd=612 PartOfSpeech=AUX Lemma=debía NamedEntityTag=O]
[Text=coquetear CharacterOffsetBegin=613 CharacterOffsetEnd=622 PartOfSpeech=VERB Lemma=coquetear NamedEntityTag=O]
[Text=con CharacterOffsetBegin=623 CharacterOffsetEnd=626 PartOfSpeech=ADP Lemma=con NamedEntityTag=O]
[Text=los CharacterOffsetBegin=627 CharacterOffsetEnd=630 PartOfSpeech=DET Lemma=los NamedEntityTag=O]
[Text=automovilistas CharacterOffsetBegin=631 CharacterOffsetEnd=645 PartOfSpeech=NOUN Lemma=automovilistas NamedEntityTag=O]
[Text=hasta CharacterOffsetBegin=646 CharacterOffsetEnd=651 PartOfSpeech=ADP Lemma=hasta NamedEntityTag=O]
[Text=conse CharacterOffsetBegin=652 CharacterOffsetEnd=657 PartOfSpeech=NOUN Lemma=conse NamedEntityTag=O]
[Text=guir CharacterOffsetBegin=658 CharacterOffsetEnd=662 PartOfSpeech=VERB Lemma=guir NamedEntityTag=O]
[Text=un CharacterOffsetBegin=663 CharacterOffsetEnd=665 PartOfSpeech=DET Lemma=un NamedEntityTag=O]
[Text=coche CharacterOffsetBegin=666 CharacterOffsetEnd=671 PartOfSpeech=NOUN Lemma=coche NamedEntityTag=O]
[Text=, CharacterOffsetBegin=671 CharacterOffsetEnd=672 PartOfSpeech=PUNCT Lemma=, NamedEntityTag=O]
[Text=que CharacterOffsetBegin=673 CharacterOffsetEnd=676 PartOfSpeech=PRON Lemma=que NamedEntityTag=O]
[Text=fue CharacterOffsetBegin=677 CharacterOffsetEnd=680 PartOfSpeech=AUX Lemma=fue NamedEntityTag=O]
[Text=un CharacterOffsetBegin=681 CharacterOffsetEnd=683 PartOfSpeech=DET Lemma=un NamedEntityTag=O]
[Text=manejador CharacterOffsetBegin=684 CharacterOffsetEnd=693 PartOfSpeech=NOUN Lemma=manejador NamedEntityTag=O]
[Text=de CharacterOffsetBegin=694 CharacterOffsetEnd=696 PartOfSpeech=ADP Lemma=de NamedEntityTag=O]
[Text=un CharacterOffsetBegin=697 CharacterOffsetEnd=699 PartOfSpeech=DET Lemma=un NamedEntityTag=O]
[Text=volkswagen CharacterOffsetBegin=700 CharacterOffsetEnd=710 PartOfSpeech=NOUN Lemma=volkswagen NamedEntityTag=O]
[Text=- CharacterOffsetBegin=711 CharacterOffsetEnd=712 PartOfSpeech=PUNCT Lemma=- NamedEntityTag=O]
[Text=en CharacterOffsetBegin=713 CharacterOffsetEnd=715 PartOfSpeech=ADP Lemma=en NamedEntityTag=O]
[Text=que CharacterOffsetBegin=716 CharacterOffsetEnd=719 PartOfSpeech=PRON Lemma=que NamedEntityTag=O]
[Text=hizo CharacterOffsetBegin=720 CharacterOffsetEnd=724 PartOfSpeech=VERB Lemma=hizo NamedEntityTag=O]
[Text=caso CharacterOffsetBegin=725 CharacterOffsetEnd=729 PartOfSpeech=NOUN Lemma=caso NamedEntityTag=O]
[Text=a CharacterOffsetBegin=730 CharacterOffsetEnd=731 PartOfSpeech=ADP Lemma=a NamedEntityTag=O]
[Text=los CharacterOffsetBegin=732 CharacterOffsetEnd=735 PartOfSpeech=DET Lemma=los NamedEntityTag=O]
[Text=coqueteos CharacterOffsetBegin=736 CharacterOffsetEnd=745 PartOfSpeech=NOUN Lemma=coqueteos NamedEntityTag=O]
[Text=de CharacterOffsetBegin=746 CharacterOffsetEnd=748 PartOfSpeech=ADP Lemma=de NamedEntityTag=O]
[Text=VICTORIA CharacterOffsetBegin=749 CharacterOffsetEnd=757 PartOfSpeech=PROPN Lemma=victoria NamedEntityTag=O]
[Text=y CharacterOffsetBegin=758 CharacterOffsetEnd=759 PartOfSpeech=CCONJ Lemma=y NamedEntityTag=O]
[Text=con CharacterOffsetBegin=760 CharacterOffsetEnd=763 PartOfSpeech=ADP Lemma=con NamedEntityTag=O]
[Text=las CharacterOffsetBegin=764 CharacterOffsetEnd=767 PartOfSpeech=DET Lemma=las NamedEntityTag=O]
[Text=armas CharacterOffsetBegin=768 CharacterOffsetEnd=773 PartOfSpeech=NOUN Lemma=armas NamedEntityTag=O]
[Text=que CharacterOffsetBegin=774 CharacterOffsetEnd=777 PartOfSpeech=PRON Lemma=que NamedEntityTag=O]
[Text=portaban CharacterOffsetBegin=778 CharacterOffsetEnd=786 PartOfSpeech=VERB Lemma=portaban NamedEntityTag=O]
[Text=él CharacterOffsetBegin=787 CharacterOffsetEnd=789 PartOfSpeech=PRON Lemma=él NamedEntityTag=O]
[Text=y CharacterOffsetBegin=790 CharacterOffsetEnd=791 PartOfSpeech=CCONJ Lemma=y NamedEntityTag=O]
[Text=JOSE CharacterOffsetBegin=792 CharacterOffsetEnd=796 PartOfSpeech=PROPN Lemma=jose NamedEntityTag=O]
[Text=LUIS CharacterOffsetBegin=797 CharacterOffsetEnd=801 PartOfSpeech=PROPN Lemma=luis NamedEntityTag=O]
[Text=, CharacterOffsetBegin=801 CharacterOffsetEnd=802 PartOfSpeech=PUNCT Lemma=, NamedEntityTag=O]
[Text=amagaron CharacterOffsetBegin=803 CharacterOffsetEnd=811 PartOfSpeech=VERB Lemma=amagaron NamedEntityTag=O]
[Text=al CharacterOffsetBegin=812 CharacterOffsetEnd=814 PartOfSpeech=ADP Lemma=al NamedEntityTag=O]
[Text=conduc CharacterOffsetBegin=815 CharacterOffsetEnd=821 PartOfSpeech=NOUN Lemma=conduc NamedEntityTag=O]
[Text=- CharacterOffsetBegin=821 CharacterOffsetEnd=822 PartOfSpeech=PUNCT Lemma=- NamedEntityTag=O]
[Text=tor CharacterOffsetBegin=823 CharacterOffsetEnd=826 PartOfSpeech=NOUN Lemma=tor NamedEntityTag=O]
[Text=y CharacterOffsetBegin=827 CharacterOffsetEnd=828 PartOfSpeech=CCONJ Lemma=y NamedEntityTag=O]
[Text=se CharacterOffsetBegin=829 CharacterOffsetEnd=831 PartOfSpeech=PRON Lemma=se NamedEntityTag=O]
[Text=subieron CharacterOffsetBegin=832 CharacterOffsetEnd=840 PartOfSpeech=VERB Lemma=subieron NamedEntityTag=O]
[Text=con CharacterOffsetBegin=841 CharacterOffsetEnd=844 PartOfSpeech=ADP Lemma=con NamedEntityTag=O]
[Text=VICTORIA CharacterOffsetBegin=845 CharacterOffsetEnd=853 PartOfSpeech=PROPN Lemma=victoria NamedEntityTag=O]
[Text=HERNANDEZ CharacterOffsetBegin=854 CharacterOffsetEnd=863 PartOfSpeech=PROPN Lemma=hernandez NamedEntityTag=O]
[Text=al CharacterOffsetBegin=864 CharacterOffsetEnd=866 PartOfSpeech=ADP Lemma=al NamedEntityTag=O]
[Text=coche CharacterOffsetBegin=867 CharacterOffsetEnd=872 PartOfSpeech=NOUN Lemma=coche NamedEntityTag=O]
[Text=, CharacterOffsetBegin=872 CharacterOffsetEnd=873 PartOfSpeech=PUNCT Lemma=, NamedEntityTag=O]
[Text=en CharacterOffsetBegin=874 CharacterOffsetEnd=876 PartOfSpeech=ADP Lemma=en NamedEntityTag=O]
[Text=- CharacterOffsetBegin=876 CharacterOffsetEnd=877 PartOfSpeech=PUNCT Lemma=- NamedEntityTag=O]
[Text=filando CharacterOffsetBegin=878 CharacterOffsetEnd=885 PartOfSpeech=VERB Lemma=filando NamedEntityTag=O]
[Text=hacia CharacterOffsetBegin=886 CharacterOffsetEnd=891 PartOfSpeech=ADP Lemma=hacia NamedEntityTag=O]
[Text=la CharacterOffsetBegin=892 CharacterOffsetEnd=894 PartOfSpeech=DET Lemma=la NamedEntityTag=O]
[Text=carretera CharacterOffsetBegin=895 CharacterOffsetEnd=904 PartOfSpeech=NOUN Lemma=carretera NamedEntityTag=O]
[Text=y CharacterOffsetBegin=905 CharacterOffsetEnd=906 PartOfSpeech=CCONJ Lemma=y NamedEntityTag=O]
[Text=ya CharacterOffsetBegin=907 CharacterOffsetEnd=909 PartOfSpeech=ADV Lemma=ya NamedEntityTag=O]
[Text=cerca CharacterOffsetBegin=910 CharacterOffsetEnd=915 PartOfSpeech=ADV Lemma=cerca NamedEntityTag=O]
[Text=de CharacterOffsetBegin=916 CharacterOffsetEnd=918 PartOfSpeech=ADP Lemma=de NamedEntityTag=O]
[Text=Acayucan CharacterOffsetBegin=919 CharacterOffsetEnd=927 PartOfSpeech=PROPN Lemma=acayucan NamedEntityTag=CITY]
[Text=obli CharacterOffsetBegin=928 CharacterOffsetEnd=932 PartOfSpeech=VERB Lemma=obli NamedEntityTag=O]

Dependency Parse (enhanced plus plus dependencies):
root(ROOT-0, acordaron-94)
acl(idea-37, internar-39)
obj(internar-39, se-40)
advcl(robar-95, dirigir-100)
obj(dirigir-100, se-101)
nummod(FOLIO-2, ----1)
nsubj(agrega-6, FOLIO-2)
nummod(FOLIO-2, 70-3)
flat(FOLIO-2, VUELTA-4)
punct(FOLIO-2, ,-5)
ccomp(acordaron-94, agrega-6)
mark(viajó-77, que-7)
mark(acudir-11, con-8)
fixed(con-8, objeto-9)
fixed(con-8, de-10)
advcl(viajó-77, acudir-11)
advcl(viajó-77, acudir-11)
case(cita-14, a-12)
det(cita-14, la-13)
obl(acudir-11, cita-14)
amod(cita-14, fijada-15)
case(días-18, para-16)
det(días-18, los-17)
obl(fijada-15, días-18)
appos(días-18, 29-19)
punct(30-21, ,-20)
conj(29-19, 30-21)
cc(31-23, y-22)
appos(días-18, 31-23)
conj:y(29-19, 31-23)
case(julio-25, de-24)
compound(31-23, julio-25)
amod(cita-14, último-26)
case(Morelia-28, en-27)
obl(último-26, Morelia-28)
case(SALVADOR-30, con-29)
obl(viajó-77, SALVADOR-30)
flat(SALVADOR-30, ANGELES-31)
punct(SALAS-33, --32)
nsubj(viajó-77, SALAS-33)
cc(idea-37, y-34)
case(idea-37, con-35)
det(idea-37, la-36)
conj:y(SALAS-33, idea-37)
nsubj(viajó-77, idea-37)
mark(internar-39, de-38)
case(sierra-43, en-41)
det(sierra-43, la-42)
obl(internar-39, sierra-43)
case(Chihuahua-45, de-44)
nmod(sierra-43, Chihuahua-45)
acl(SALAS-33, llevando-46)
mark(manejables-69, consigo-47)
case(VICTORIA-51, a-48)
det(VICTORIA-51, la-49)
det(la-49, misma-50)
obj(manejables-69, VICTORIA-51)
flat(VICTORIA-51, HERNANDEZ-52)
punct(JOSE-55, --53)
cc(JOSE-55, y-54)
conj:y(VICTORIA-51, JOSE-55)
obj(manejables-69, JOSE-55)
flat(JOSE-55, LUIS-56)
case(SANTOS-59, DE-57)
det(SANTOS-59, LOS-58)
nmod(VICTORIA-51, SANTOS-59)
flat(SANTOS-59, TOLEDO-60)
punct(considera-65, ,-61)
case(que-64, a-62)
det(que-64, los-63)
obj(considera-65, que-64)
acl(VICTORIA-51, considera-65)
punct(considera-65, --66)
cop(manejables-69, son-67)
advmod(manejables-69, más-68)
obj(llevando-46, manejables-69)
case(grupo-72, entre-70)
det(grupo-72, el-71)
obl(manejables-69, grupo-72)
punct(día-75, ,-73)
det(día-75, el-74)
appos(grupo-72, día-75)
compound(día-75, 27-76)
ccomp(agrega-6, viajó-77)
punct(unión-80, ,-78)
case(unión-80, en-79)
obl(viajó-77, unión-80)
case(VICTORIA-82, de-81)
nmod(unión-80, VICTORIA-82)
flat(VICTORIA-82, HERNANDEZ-83)
case(Coatzacoalcos-85, a-84)
nmod(unión-80, Coatzacoalcos-85)
cc(hizo-87, e-86)
obl(viajó-77, hizo-87)
conj:e(unión-80, hizo-87)
case(tacto-89, con-88)
obl(hizo-87, tacto-89)
case(JOSE-91, con-90)
obl(hizo-87, JOSE-91)
flat(JOSE-91, LUIS-92)
punct(agrega-6, ,-93)
xcomp(acordaron-94, robar-95)
det(vehículo-97, un-96)
obj(robar-95, vehículo-97)
mark(dirigir-100, para-98)
punct(dirigir-100, --99)
case(Morelia-103, a-102)
obj(dirigir-100, Morelia-103)
cc(señaló-106, y-104)
obj(señaló-106, le-105)
conj:y(acordaron-94, señaló-106)
case(VICTORIA-108, a-107)
obj(señaló-106, VICTORIA-108)
flat(VICTORIA-108, HERNANDEZ-109)
punct(coquetear-113, --110)
nsubj(coquetear-113, que-111)
aux(coquetear-113, debía-112)
acl(VICTORIA-108, coquetear-113)
case(automovilistas-116, con-114)
det(automovilistas-116, los-115)
obl(coquetear-113, automovilistas-116)
case(conse-118, hasta-117)
obl(coquetear-113, conse-118)
advcl(coquetear-113, guir-119)
det(coche-121, un-120)
obj(guir-119, coche-121)
punct(manejador-126, ,-122)
nsubj(manejador-126, que-123)
cop(manejador-126, fue-124)
det(manejador-126, un-125)
acl(coche-121, manejador-126)
case(volkswagen-129, de-127)
det(volkswagen-129, un-128)
nmod(manejador-126, volkswagen-129)
punct(hizo-133, --130)
case(que-132, en-131)
obl(hizo-133, que-132)
acl(volkswagen-129, hizo-133)
obj(hizo-133, caso-134)
case(coqueteos-137, a-135)
det(coqueteos-137, los-136)
obj(hizo-133, coqueteos-137)
case(VICTORIA-139, de-138)
nmod(coqueteos-137, VICTORIA-139)
cc(armas-143, y-140)
case(armas-143, con-141)
det(armas-143, las-142)
obj(hizo-133, armas-143)
conj:y(coqueteos-137, armas-143)
obj(portaban-145, que-144)
acl(armas-143, portaban-145)
nsubj(portaban-145, él-146)
cc(JOSE-148, y-147)
nsubj(portaban-145, JOSE-148)
conj:y(él-146, JOSE-148)
flat(JOSE-148, LUIS-149)
punct(hizo-133, ,-150)
advcl(señaló-106, amagaron-151)
case(conduc-153, al-152)
obj(amagaron-151, conduc-153)
punct(tor-155, --154)
conj(conduc-153, tor-155)
cc(subieron-158, y-156)
obj(subieron-158, se-157)
advcl(señaló-106, subieron-158)
conj:y(amagaron-151, subieron-158)
case(VICTORIA-160, con-159)
obl(subieron-158, VICTORIA-160)
flat(VICTORIA-160, HERNANDEZ-161)
case(coche-163, al-162)
obl(subieron-158, coche-163)
punct(filando-167, ,-164)
mark(filando-167, en-165)
punct(filando-167, --166)
advcl(amagaron-151, filando-167)
case(carretera-170, hacia-168)
det(carretera-170, la-169)
obl(filando-167, carretera-170)
cc(obli-176, y-171)
advmod(cerca-173, ya-172)
advmod(obli-176, cerca-173)
case(Acayucan-175, de-174)
obl(cerca-173, Acayucan-175)
advcl(amagaron-151, obli-176)
conj:y(filando-167, obli-176)

Extracted the following NER entity mentions:
70	NUMBER	NUMBER:-1.0
29	NUMBER	NUMBER:-1.0
30	NUMBER	NUMBER:-1.0
31 de julio	DATE	DATE:-1.0
último	TITLE	-
Morelia	CITY	LOCATION:0.9976328213249793
SALVADOR ANGELES	MISC	MISC:0.5256047489486487
Chihuahua	CITY	LOCATION:0.7062282673319608
27	NUMBER	NUMBER:-1.0
Coatzacoalcos	CITY	LOCATION:0.6972139923596647
JOSE LUIS	PERSON	PERSON:0.49635350960128355
Morelia	CITY	LOCATION:0.5372326025412082
Acayucan	CITY	LOCATION:0.9474319794260978
