Document: ID=file_44.txt (9 sentences, 143 tokens)

Sentence #1 (7 tokens):
POLICIA EN EL ESTADO DE Exp.

Tokens:
[Text=POLICIA CharacterOffsetBegin=0 CharacterOffsetEnd=7 PartOfSpeech=PROPN Lemma=policia NamedEntityTag=O]
[Text=EN CharacterOffsetBegin=8 CharacterOffsetEnd=10 PartOfSpeech=ADP Lemma=en NamedEntityTag=O]
[Text=EL CharacterOffsetBegin=11 CharacterOffsetEnd=13 PartOfSpeech=DET Lemma=el NamedEntityTag=O]
[Text=ESTADO CharacterOffsetBegin=14 CharacterOffsetEnd=20 PartOfSpeech=PROPN Lemma=estado NamedEntityTag=O]
[Text=DE CharacterOffsetBegin=21 CharacterOffsetEnd=23 PartOfSpeech=ADP Lemma=de NamedEntityTag=O]
[Text=Exp CharacterOffsetBegin=24 CharacterOffsetEnd=27 PartOfSpeech=PROPN Lemma=exp NamedEntityTag=MISC]
[Text=. CharacterOffsetBegin=27 CharacterOffsetEnd=28 PartOfSpeech=PUNCT Lemma=. NamedEntityTag=O]

Dependency Parse (enhanced plus plus dependencies):
root(ROOT-0, POLICIA-1)
case(ESTADO-4, EN-2)
det(ESTADO-4, EL-3)
flat(POLICIA-1, ESTADO-4)
case(Exp-6, DE-5)
flat(POLICIA-1, Exp-6)
punct(POLICIA-1, .-7)

Extracted the following NER entity mentions:
Exp	MISC	MISC:0.6137194375417523

Sentence #2 (40 tokens):
-80-133-75
GUERRERO H-1 L-1
(55)
su propio domicilio por 5 sujetos armados, mis-
mos que le entregaron a uno de sus sirvientes--
un instuctivo que debería seguir si quería ver
a su esposo vivo.

Tokens:
[Text=-80-133-75 CharacterOffsetBegin=28 CharacterOffsetEnd=38 PartOfSpeech=NUM Lemma=-80-133-75 NamedEntityTag=O]
[Text=GUERRERO CharacterOffsetBegin=39 CharacterOffsetEnd=47 PartOfSpeech=NOUN Lemma=guerrero NamedEntityTag=TITLE]
[Text=H-1 CharacterOffsetBegin=48 CharacterOffsetEnd=51 PartOfSpeech=ADP Lemma=h-1 NamedEntityTag=O]
[Text=L-1 CharacterOffsetBegin=52 CharacterOffsetEnd=55 PartOfSpeech=PROPN Lemma=l-1 NamedEntityTag=O]
[Text=( CharacterOffsetBegin=56 CharacterOffsetEnd=57 PartOfSpeech=PUNCT Lemma=( NamedEntityTag=O]
[Text=55 CharacterOffsetBegin=57 CharacterOffsetEnd=59 PartOfSpeech=NUM Lemma=55 NamedEntityTag=NUMBER NormalizedNamedEntityTag=55.0]
[Text=) CharacterOffsetBegin=59 CharacterOffsetEnd=60 PartOfSpeech=PUNCT Lemma=) NamedEntityTag=O]
[Text=su CharacterOffsetBegin=61 CharacterOffsetEnd=63 PartOfSpeech=DET Lemma=su NamedEntityTag=O]
[Text=propio CharacterOffsetBegin=64 CharacterOffsetEnd=70 PartOfSpeech=DET Lemma=propio NamedEntityTag=O]
[Text=domicilio CharacterOffsetBegin=71 CharacterOffsetEnd=80 PartOfSpeech=NOUN Lemma=domicilio NamedEntityTag=O]
[Text=por CharacterOffsetBegin=81 CharacterOffsetEnd=84 PartOfSpeech=ADP Lemma=por NamedEntityTag=O]
[Text=5 CharacterOffsetBegin=85 CharacterOffsetEnd=86 PartOfSpeech=NUM Lemma=5 NamedEntityTag=NUMBER NormalizedNamedEntityTag=5.0]
[Text=sujetos CharacterOffsetBegin=87 CharacterOffsetEnd=94 PartOfSpeech=NOUN Lemma=sujetos NamedEntityTag=O]
[Text=armados CharacterOffsetBegin=95 CharacterOffsetEnd=102 PartOfSpeech=ADJ Lemma=armados NamedEntityTag=O]
[Text=, CharacterOffsetBegin=102 CharacterOffsetEnd=103 PartOfSpeech=PUNCT Lemma=, NamedEntityTag=O]
[Text=mis CharacterOffsetBegin=104 CharacterOffsetEnd=107 PartOfSpeech=DET Lemma=mis NamedEntityTag=O]
[Text=- CharacterOffsetBegin=107 CharacterOffsetEnd=108 PartOfSpeech=PUNCT Lemma=- NamedEntityTag=O]
[Text=mos CharacterOffsetBegin=109 CharacterOffsetEnd=112 PartOfSpeech=NOUN Lemma=mos NamedEntityTag=O]
[Text=que CharacterOffsetBegin=113 CharacterOffsetEnd=116 PartOfSpeech=PRON Lemma=que NamedEntityTag=O]
[Text=le CharacterOffsetBegin=117 CharacterOffsetEnd=119 PartOfSpeech=PRON Lemma=le NamedEntityTag=O]
[Text=entregaron CharacterOffsetBegin=120 CharacterOffsetEnd=130 PartOfSpeech=VERB Lemma=entregaron NamedEntityTag=O]
[Text=a CharacterOffsetBegin=131 CharacterOffsetEnd=132 PartOfSpeech=ADP Lemma=a NamedEntityTag=O]
[Text=uno CharacterOffsetBegin=133 CharacterOffsetEnd=136 PartOfSpeech=PRON Lemma=uno NamedEntityTag=O]
[Text=de CharacterOffsetBegin=137 CharacterOffsetEnd=139 PartOfSpeech=ADP Lemma=de NamedEntityTag=O]
[Text=sus CharacterOffsetBegin=140 CharacterOffsetEnd=143 PartOfSpeech=DET Lemma=sus NamedEntityTag=O]
[Text=sirvientes CharacterOffsetBegin=144 CharacterOffsetEnd=154 PartOfSpeech=NOUN Lemma=sirvientes NamedEntityTag=O]
[Text=-- CharacterOffsetBegin=154 CharacterOffsetEnd=156 PartOfSpeech=VERB Lemma=--_VERB NamedEntityTag=O]
[Text=un CharacterOffsetBegin=157 CharacterOffsetEnd=159 PartOfSpeech=DET Lemma=un NamedEntityTag=O]
[Text=instuctivo CharacterOffsetBegin=160 CharacterOffsetEnd=170 PartOfSpeech=NOUN Lemma=instuctivo NamedEntityTag=O]
[Text=que CharacterOffsetBegin=171 CharacterOffsetEnd=174 PartOfSpeech=PRON Lemma=que NamedEntityTag=O]
[Text=debería CharacterOffsetBegin=175 CharacterOffsetEnd=182 PartOfSpeech=AUX Lemma=debería NamedEntityTag=O]
[Text=seguir CharacterOffsetBegin=183 CharacterOffsetEnd=189 PartOfSpeech=AUX Lemma=seguir NamedEntityTag=O]
[Text=si CharacterOffsetBegin=190 CharacterOffsetEnd=192 PartOfSpeech=SCONJ Lemma=si NamedEntityTag=O]
[Text=quería CharacterOffsetBegin=193 CharacterOffsetEnd=199 PartOfSpeech=VERB Lemma=quería NamedEntityTag=O]
[Text=ver CharacterOffsetBegin=200 CharacterOffsetEnd=203 PartOfSpeech=AUX Lemma=ver NamedEntityTag=O]
[Text=a CharacterOffsetBegin=204 CharacterOffsetEnd=205 PartOfSpeech=ADP Lemma=a NamedEntityTag=O]
[Text=su CharacterOffsetBegin=206 CharacterOffsetEnd=208 PartOfSpeech=DET Lemma=su NamedEntityTag=O]
[Text=esposo CharacterOffsetBegin=209 CharacterOffsetEnd=215 PartOfSpeech=NOUN Lemma=esposo NamedEntityTag=O]
[Text=vivo CharacterOffsetBegin=216 CharacterOffsetEnd=220 PartOfSpeech=ADJ Lemma=vivo NamedEntityTag=O]
[Text=. CharacterOffsetBegin=220 CharacterOffsetEnd=221 PartOfSpeech=PUNCT Lemma=. NamedEntityTag=O]

Dependency Parse (enhanced plus plus dependencies):
root(ROOT-0, ---27)
nummod(GUERRERO-2, -80-133-75-1)
obl(---27, GUERRERO-2)
case(L-1-4, H-1-3)
nmod(GUERRERO-2, L-1-4)
punct(55-6, (-5)
appos(GUERRERO-2, 55-6)
punct(55-6, )-7)
det(domicilio-10, su-8)
det(su-8, propio-9)
appos(GUERRERO-2, domicilio-10)
case(sujetos-13, por-11)
nummod(sujetos-13, 5-12)
nmod(domicilio-10, sujetos-13)
amod(sujetos-13, armados-14)
punct(GUERRERO-2, ,-15)
det(mos-18, mis-16)
punct(mos-18, --17)
nsubj(---27, mos-18)
nsubj(entregaron-21, que-19)
obj(entregaron-21, le-20)
acl(mos-18, entregaron-21)
case(uno-23, a-22)
obj(entregaron-21, uno-23)
case(sirvientes-26, de-24)
det(sirvientes-26, sus-25)
nmod(uno-23, sirvientes-26)
det(instuctivo-29, un-28)
obj(---27, instuctivo-29)
nsubj(quería-34, que-30)
aux(quería-34, debería-31)
aux(quería-34, seguir-32)
mark(quería-34, si-33)
acl(instuctivo-29, quería-34)
xcomp(quería-34, ver-35)
case(esposo-38, a-36)
det(esposo-38, su-37)
obj(ver-35, esposo-38)
amod(esposo-38, vivo-39)
punct(---27, .-40)

Extracted the following NER entity mentions:
GUERRERO	TITLE	-
55	NUMBER	NUMBER:-1.0
5	NUMBER	NUMBER:-1.0

Sentence #3 (2 tokens):
Exp.

Tokens:
[Text=Exp CharacterOffsetBegin=222 CharacterOffsetEnd=225 PartOfSpeech=PROPN Lemma=exp NamedEntityTag=O]
[Text=. CharacterOffsetBegin=225 CharacterOffsetEnd=226 PartOfSpeech=PUNCT Lemma=. NamedEntityTag=O]

Dependency Parse (enhanced plus plus dependencies):
root(ROOT-0, Exp-1)
punct(Exp-1, .-2)

Extracted the following NER entity mentions:

Sentence #4 (5 tokens):
-100-10-1-75
H-121 L-56
22.

Tokens:
[Text=-100-10-1-75 CharacterOffsetBegin=226 CharacterOffsetEnd=238 PartOfSpeech=NUM Lemma=-100-10-1-75 NamedEntityTag=O]
[Text=H-121 CharacterOffsetBegin=239 CharacterOffsetEnd=244 PartOfSpeech=PROPN Lemma=h-121 NamedEntityTag=O]
[Text=L-56 CharacterOffsetBegin=245 CharacterOffsetEnd=249 PartOfSpeech=PROPN Lemma=l-56 NamedEntityTag=O]
[Text=22 CharacterOffsetBegin=250 CharacterOffsetEnd=252 PartOfSpeech=NUM Lemma=22 NamedEntityTag=NUMBER NormalizedNamedEntityTag=22.0]
[Text=. CharacterOffsetBegin=252 CharacterOffsetEnd=253 PartOfSpeech=PUNCT Lemma=. NamedEntityTag=O]

Dependency Parse (enhanced plus plus dependencies):
root(ROOT-0, H-121-2)
nummod(H-121-2, -100-10-1-75-1)
flat(H-121-2, L-56-3)
nummod(H-121-2, 22-4)
punct(H-121-2, .-5)

Extracted the following NER entity mentions:
22	NUMBER	NUMBER:-1.0

Sentence #5 (2 tokens):
Nov.75.

Tokens:
[Text=Nov.75 CharacterOffsetBegin=253 CharacterOffsetEnd=259 PartOfSpeech=NOUN Lemma=nov.75 NamedEntityTag=O]
[Text=. CharacterOffsetBegin=259 CharacterOffsetEnd=260 PartOfSpeech=PUNCT Lemma=. NamedEntityTag=O]

Dependency Parse (enhanced plus plus dependencies):
root(ROOT-0, Nov.75-1)
punct(Nov.75-1, .-2)

Extracted the following NER entity mentions:

Sentence #6 (24 tokens):
-Como consecuencia de los golpes reci-
bidos en días pasados por elementos de la poli--
cia preventiva de Acapulco Gro.

Tokens:
[Text=- CharacterOffsetBegin=260 CharacterOffsetEnd=261 PartOfSpeech=PUNCT Lemma=- NamedEntityTag=O]
[Text=Como CharacterOffsetBegin=261 CharacterOffsetEnd=265 PartOfSpeech=SCONJ Lemma=como NamedEntityTag=O]
[Text=consecuencia CharacterOffsetBegin=266 CharacterOffsetEnd=278 PartOfSpeech=NOUN Lemma=consecuencia NamedEntityTag=O]
[Text=de CharacterOffsetBegin=279 CharacterOffsetEnd=281 PartOfSpeech=ADP Lemma=de NamedEntityTag=O]
[Text=los CharacterOffsetBegin=282 CharacterOffsetEnd=285 PartOfSpeech=DET Lemma=los NamedEntityTag=O]
[Text=golpes CharacterOffsetBegin=286 CharacterOffsetEnd=292 PartOfSpeech=NOUN Lemma=golpes NamedEntityTag=O]
[Text=reci CharacterOffsetBegin=293 CharacterOffsetEnd=297 PartOfSpeech=ADJ Lemma=reci NamedEntityTag=O]
[Text=- CharacterOffsetBegin=297 CharacterOffsetEnd=298 PartOfSpeech=PUNCT Lemma=- NamedEntityTag=O]
[Text=bidos CharacterOffsetBegin=299 CharacterOffsetEnd=304 PartOfSpeech=ADJ Lemma=bidos NamedEntityTag=O]
[Text=en CharacterOffsetBegin=305 CharacterOffsetEnd=307 PartOfSpeech=ADP Lemma=en NamedEntityTag=O]
[Text=días CharacterOffsetBegin=308 CharacterOffsetEnd=312 PartOfSpeech=NOUN Lemma=días NamedEntityTag=O]
[Text=pasados CharacterOffsetBegin=313 CharacterOffsetEnd=320 PartOfSpeech=ADJ Lemma=pasados NamedEntityTag=O]
[Text=por CharacterOffsetBegin=321 CharacterOffsetEnd=324 PartOfSpeech=ADP Lemma=por NamedEntityTag=O]
[Text=elementos CharacterOffsetBegin=325 CharacterOffsetEnd=334 PartOfSpeech=NOUN Lemma=elementos NamedEntityTag=O]
[Text=de CharacterOffsetBegin=335 CharacterOffsetEnd=337 PartOfSpeech=ADP Lemma=de NamedEntityTag=O]
[Text=la CharacterOffsetBegin=338 CharacterOffsetEnd=340 PartOfSpeech=DET Lemma=la NamedEntityTag=O]
[Text=poli CharacterOffsetBegin=341 CharacterOffsetEnd=345 PartOfSpeech=NOUN Lemma=poli NamedEntityTag=O]
[Text=-- CharacterOffsetBegin=345 CharacterOffsetEnd=347 PartOfSpeech=ADJ Lemma=-- NamedEntityTag=O]
[Text=cia CharacterOffsetBegin=348 CharacterOffsetEnd=351 PartOfSpeech=NOUN Lemma=cia NamedEntityTag=O]
[Text=preventiva CharacterOffsetBegin=352 CharacterOffsetEnd=362 PartOfSpeech=ADJ Lemma=preventiva NamedEntityTag=O]
[Text=de CharacterOffsetBegin=363 CharacterOffsetEnd=365 PartOfSpeech=ADP Lemma=de NamedEntityTag=O]
[Text=Acapulco CharacterOffsetBegin=366 CharacterOffsetEnd=374 PartOfSpeech=PROPN Lemma=acapulco NamedEntityTag=CITY]
[Text=Gro CharacterOffsetBegin=375 CharacterOffsetEnd=378 PartOfSpeech=PROPN Lemma=gro NamedEntityTag=LOCATION]
[Text=. CharacterOffsetBegin=378 CharacterOffsetEnd=379 PartOfSpeech=PUNCT Lemma=. NamedEntityTag=O]

Dependency Parse (enhanced plus plus dependencies):
root(ROOT-0, consecuencia-3)
punct(consecuencia-3, --1)
mark(consecuencia-3, Como-2)
case(golpes-6, de-4)
det(golpes-6, los-5)
nmod(consecuencia-3, golpes-6)
amod(golpes-6, reci-7)
punct(consecuencia-3, --8)
amod(consecuencia-3, bidos-9)
case(días-11, en-10)
obl(bidos-9, días-11)
amod(días-11, pasados-12)
case(elementos-14, por-13)
obj(pasados-12, elementos-14)
case(poli-17, de-15)
det(poli-17, la-16)
nmod(elementos-14, poli-17)
amod(cia-19, ---18)
appos(poli-17, cia-19)
amod(cia-19, preventiva-20)
case(Acapulco-22, de-21)
nmod(poli-17, Acapulco-22)
flat(Acapulco-22, Gro-23)
punct(consecuencia-3, .-24)

Extracted the following NER entity mentions:
Acapulco	CITY	LOCATION:0.869804925560495
Gro	LOCATION	LOCATION:0.6578907587701522

Sentence #7 (26 tokens):
,el Prof.EUSEBIO-
RAMIREZ POBLETE, fué trasladado a la Ciudad de -
México, donde falleció al recibir atención médi-
ca.

Tokens:
[Text=, CharacterOffsetBegin=379 CharacterOffsetEnd=380 PartOfSpeech=PUNCT Lemma=, NamedEntityTag=O]
[Text=el CharacterOffsetBegin=380 CharacterOffsetEnd=382 PartOfSpeech=DET Lemma=el NamedEntityTag=O]
[Text=Prof. CharacterOffsetBegin=383 CharacterOffsetEnd=388 PartOfSpeech=PROPN Lemma=prof. NamedEntityTag=O]
[Text=EUSEBIO CharacterOffsetBegin=388 CharacterOffsetEnd=395 PartOfSpeech=PROPN Lemma=eusebio NamedEntityTag=O]
[Text=- CharacterOffsetBegin=395 CharacterOffsetEnd=396 PartOfSpeech=PUNCT Lemma=- NamedEntityTag=O]
[Text=RAMIREZ CharacterOffsetBegin=397 CharacterOffsetEnd=404 PartOfSpeech=PROPN Lemma=ramirez NamedEntityTag=PERSON]
[Text=POBLETE CharacterOffsetBegin=405 CharacterOffsetEnd=412 PartOfSpeech=PROPN Lemma=poblete NamedEntityTag=PERSON]
[Text=, CharacterOffsetBegin=412 CharacterOffsetEnd=413 PartOfSpeech=PUNCT Lemma=, NamedEntityTag=O]
[Text=fué CharacterOffsetBegin=414 CharacterOffsetEnd=417 PartOfSpeech=AUX Lemma=fué NamedEntityTag=O]
[Text=trasladado CharacterOffsetBegin=418 CharacterOffsetEnd=428 PartOfSpeech=VERB Lemma=trasladado NamedEntityTag=O]
[Text=a CharacterOffsetBegin=429 CharacterOffsetEnd=430 PartOfSpeech=ADP Lemma=a NamedEntityTag=O]
[Text=la CharacterOffsetBegin=431 CharacterOffsetEnd=433 PartOfSpeech=DET Lemma=la NamedEntityTag=O]
[Text=Ciudad CharacterOffsetBegin=434 CharacterOffsetEnd=440 PartOfSpeech=PROPN Lemma=ciudad NamedEntityTag=LOCATION]
[Text=de CharacterOffsetBegin=441 CharacterOffsetEnd=443 PartOfSpeech=ADP Lemma=de NamedEntityTag=LOCATION]
[Text=- CharacterOffsetBegin=444 CharacterOffsetEnd=445 PartOfSpeech=PUNCT Lemma=- NamedEntityTag=LOCATION]
[Text=México CharacterOffsetBegin=446 CharacterOffsetEnd=452 PartOfSpeech=PROPN Lemma=méxico NamedEntityTag=COUNTRY]
[Text=, CharacterOffsetBegin=452 CharacterOffsetEnd=453 PartOfSpeech=PUNCT Lemma=, NamedEntityTag=O]
[Text=donde CharacterOffsetBegin=454 CharacterOffsetEnd=459 PartOfSpeech=PRON Lemma=donde NamedEntityTag=O]
[Text=falleció CharacterOffsetBegin=460 CharacterOffsetEnd=468 PartOfSpeech=VERB Lemma=falleció NamedEntityTag=O]
[Text=al CharacterOffsetBegin=469 CharacterOffsetEnd=471 PartOfSpeech=ADP Lemma=al NamedEntityTag=O]
[Text=recibir CharacterOffsetBegin=472 CharacterOffsetEnd=479 PartOfSpeech=VERB Lemma=recibir NamedEntityTag=O]
[Text=atención CharacterOffsetBegin=480 CharacterOffsetEnd=488 PartOfSpeech=NOUN Lemma=atención NamedEntityTag=O]
[Text=médi CharacterOffsetBegin=489 CharacterOffsetEnd=493 PartOfSpeech=ADJ Lemma=médi NamedEntityTag=O]
[Text=- CharacterOffsetBegin=493 CharacterOffsetEnd=494 PartOfSpeech=PUNCT Lemma=- NamedEntityTag=O]
[Text=ca CharacterOffsetBegin=495 CharacterOffsetEnd=497 PartOfSpeech=INTJ Lemma=ca NamedEntityTag=O]
[Text=. CharacterOffsetBegin=497 CharacterOffsetEnd=498 PartOfSpeech=PUNCT Lemma=. NamedEntityTag=O]

Dependency Parse (enhanced plus plus dependencies):
root(ROOT-0, trasladado-10)
punct(Prof.-3, ,-1)
det(Prof.-3, el-2)
obl(trasladado-10, Prof.-3)
flat(Prof.-3, EUSEBIO-4)
punct(Prof.-3, --5)
flat(Prof.-3, RAMIREZ-6)
flat(RAMIREZ-6, POBLETE-7)
punct(Prof.-3, ,-8)
aux(trasladado-10, fué-9)
case(Ciudad-13, a-11)
det(Ciudad-13, la-12)
obl(trasladado-10, Ciudad-13)
case(México-16, de-14)
punct(México-16, --15)
flat(Ciudad-13, México-16)
punct(falleció-19, ,-17)
obl(falleció-19, donde-18)
acl(Ciudad-13, falleció-19)
mark(recibir-21, al-20)
advcl(falleció-19, recibir-21)
obj(recibir-21, atención-22)
amod(atención-22, médi-23)
punct(trasladado-10, --24)
obl(trasladado-10, ca-25)
punct(trasladado-10, .-26)

Extracted the following NER entity mentions:
RAMIREZ POBLETE	PERSON	PERSON:0.9312418949601874
Ciudad de -	LOCATION	LOCATION:0.9934131090363745
México	COUNTRY	LOCATION:0.9995070242219043

Sentence #8 (10 tokens):
Por lo que se retornó su cadaver al puerto.

Tokens:
[Text=Por CharacterOffsetBegin=499 CharacterOffsetEnd=502 PartOfSpeech=ADP Lemma=por NamedEntityTag=O]
[Text=lo CharacterOffsetBegin=503 CharacterOffsetEnd=505 PartOfSpeech=DET Lemma=lo NamedEntityTag=O]
[Text=que CharacterOffsetBegin=506 CharacterOffsetEnd=509 PartOfSpeech=PRON Lemma=que NamedEntityTag=O]
[Text=se CharacterOffsetBegin=510 CharacterOffsetEnd=512 PartOfSpeech=PRON Lemma=se NamedEntityTag=O]
[Text=retornó CharacterOffsetBegin=513 CharacterOffsetEnd=520 PartOfSpeech=VERB Lemma=retornó NamedEntityTag=O]
[Text=su CharacterOffsetBegin=521 CharacterOffsetEnd=523 PartOfSpeech=DET Lemma=su NamedEntityTag=O]
[Text=cadaver CharacterOffsetBegin=524 CharacterOffsetEnd=531 PartOfSpeech=NOUN Lemma=cadaver NamedEntityTag=O]
[Text=al CharacterOffsetBegin=532 CharacterOffsetEnd=534 PartOfSpeech=ADP Lemma=al NamedEntityTag=O]
[Text=puerto CharacterOffsetBegin=535 CharacterOffsetEnd=541 PartOfSpeech=NOUN Lemma=puerto NamedEntityTag=O]
[Text=. CharacterOffsetBegin=541 CharacterOffsetEnd=542 PartOfSpeech=PUNCT Lemma=. NamedEntityTag=O]

Dependency Parse (enhanced plus plus dependencies):
root(ROOT-0, retornó-5)
mark(retornó-5, Por-1)
det(retornó-5, lo-2)
obl(retornó-5, que-3)
obj(retornó-5, se-4)
det(cadaver-7, su-6)
obj(retornó-5, cadaver-7)
case(puerto-9, al-8)
obl(retornó-5, puerto-9)
punct(retornó-5, .-10)

Extracted the following NER entity mentions:

Sentence #9 (27 tokens):
Se hace notar que era hermano de MARCELINO RAMI-
REZ POBLETE, Director de la Escuela Juan N.Alva-
rez" del mismo puerto.

Tokens:
[Text=Se CharacterOffsetBegin=543 CharacterOffsetEnd=545 PartOfSpeech=PRON Lemma=se NamedEntityTag=O]
[Text=hace CharacterOffsetBegin=546 CharacterOffsetEnd=550 PartOfSpeech=AUX Lemma=hace NamedEntityTag=O]
[Text=notar CharacterOffsetBegin=551 CharacterOffsetEnd=556 PartOfSpeech=VERB Lemma=notar NamedEntityTag=O]
[Text=que CharacterOffsetBegin=557 CharacterOffsetEnd=560 PartOfSpeech=SCONJ Lemma=que NamedEntityTag=O]
[Text=era CharacterOffsetBegin=561 CharacterOffsetEnd=564 PartOfSpeech=AUX Lemma=era NamedEntityTag=O]
[Text=hermano CharacterOffsetBegin=565 CharacterOffsetEnd=572 PartOfSpeech=NOUN Lemma=hermano NamedEntityTag=O]
[Text=de CharacterOffsetBegin=573 CharacterOffsetEnd=575 PartOfSpeech=ADP Lemma=de NamedEntityTag=O]
[Text=MARCELINO CharacterOffsetBegin=576 CharacterOffsetEnd=585 PartOfSpeech=PROPN Lemma=marcelino NamedEntityTag=PERSON]
[Text=RAMI CharacterOffsetBegin=586 CharacterOffsetEnd=590 PartOfSpeech=PROPN Lemma=rami NamedEntityTag=PERSON]
[Text=- CharacterOffsetBegin=590 CharacterOffsetEnd=591 PartOfSpeech=PUNCT Lemma=- NamedEntityTag=PERSON]
[Text=REZ CharacterOffsetBegin=592 CharacterOffsetEnd=595 PartOfSpeech=PROPN Lemma=rez NamedEntityTag=PERSON]
[Text=POBLETE CharacterOffsetBegin=596 CharacterOffsetEnd=603 PartOfSpeech=PROPN Lemma=poblete NamedEntityTag=PERSON]
[Text=, CharacterOffsetBegin=603 CharacterOffsetEnd=604 PartOfSpeech=PUNCT Lemma=, NamedEntityTag=O]
[Text=Director CharacterOffsetBegin=605 CharacterOffsetEnd=613 PartOfSpeech=PROPN Lemma=director NamedEntityTag=PERSON]
[Text=de CharacterOffsetBegin=614 CharacterOffsetEnd=616 PartOfSpeech=ADP Lemma=de NamedEntityTag=PERSON]
[Text=la CharacterOffsetBegin=617 CharacterOffsetEnd=619 PartOfSpeech=DET Lemma=la NamedEntityTag=PERSON]
[Text=Escuela CharacterOffsetBegin=620 CharacterOffsetEnd=627 PartOfSpeech=PROPN Lemma=escuela NamedEntityTag=PERSON]
[Text=Juan CharacterOffsetBegin=628 CharacterOffsetEnd=632 PartOfSpeech=PROPN Lemma=juan NamedEntityTag=PERSON]
[Text=N. CharacterOffsetBegin=633 CharacterOffsetEnd=635 PartOfSpeech=PROPN Lemma=n. NamedEntityTag=PERSON]
[Text=Alva CharacterOffsetBegin=635 CharacterOffsetEnd=639 PartOfSpeech=PROPN Lemma=alva NamedEntityTag=PERSON]
[Text=- CharacterOffsetBegin=639 CharacterOffsetEnd=640 PartOfSpeech=PUNCT Lemma=- NamedEntityTag=PERSON]
[Text=rez CharacterOffsetBegin=641 CharacterOffsetEnd=644 PartOfSpeech=NOUN Lemma=rez NamedEntityTag=PERSON]
[Text=" CharacterOffsetBegin=644 CharacterOffsetEnd=645 PartOfSpeech=PUNCT Lemma=" NamedEntityTag=O]
[Text=del CharacterOffsetBegin=646 CharacterOffsetEnd=649 PartOfSpeech=ADP Lemma=del NamedEntityTag=O]
[Text=mismo CharacterOffsetBegin=650 CharacterOffsetEnd=655 PartOfSpeech=DET Lemma=mismo NamedEntityTag=O]
[Text=puerto CharacterOffsetBegin=656 CharacterOffsetEnd=662 PartOfSpeech=NOUN Lemma=puerto NamedEntityTag=O]
[Text=. CharacterOffsetBegin=662 CharacterOffsetEnd=663 PartOfSpeech=PUNCT Lemma=. NamedEntityTag=O]

Dependency Parse (enhanced plus plus dependencies):
root(ROOT-0, notar-3)
obj(notar-3, Se-1)
aux(notar-3, hace-2)
mark(hermano-6, que-4)
cop(hermano-6, era-5)
csubj(notar-3, hermano-6)
case(MARCELINO-8, de-7)
nmod(hermano-6, MARCELINO-8)
flat(MARCELINO-8, RAMI-9)
punct(REZ-11, --10)
appos(hermano-6, REZ-11)
flat(REZ-11, POBLETE-12)
punct(Director-14, ,-13)
conj(REZ-11, Director-14)
case(Escuela-17, de-15)
det(Escuela-17, la-16)
flat(Director-14, Escuela-17)
flat(Escuela-17, Juan-18)
flat(Escuela-17, N.-19)
flat(Escuela-17, Alva-20)
punct(REZ-11, --21)
appos(hermano-6, rez-22)
punct(rez-22, "-23)
case(puerto-26, del-24)
det(puerto-26, mismo-25)
nmod(hermano-6, puerto-26)
punct(notar-3, .-27)

Extracted the following NER entity mentions:
MARCELINO RAMI-
REZ POBLETE	PERSON	PERSON:0.9793961330513519
Director de la Escuela Juan N.Alva-
rez	PERSON	PERSON:0.6023856764741136

Extracted the following KBP triples:
1.0	Director de la Escuela Juan N. Alva - rez	per:siblings	MARCELINO RAMI - REZ POBLETE
