Document: ID=file_321.txt (10 sentences, 141 tokens)

Sentence #1 (6 tokens):
UNIVERSIDAD AUTONOMA DE 012-028-002
GUERRERO.

Tokens:
[Text=UNIVERSIDAD CharacterOffsetBegin=0 CharacterOffsetEnd=11 PartOfSpeech=PROPN Lemma=universidad NamedEntityTag=O]
[Text=AUTONOMA CharacterOffsetBegin=12 CharacterOffsetEnd=20 PartOfSpeech=PROPN Lemma=autonoma NamedEntityTag=O]
[Text=DE CharacterOffsetBegin=21 CharacterOffsetEnd=23 PartOfSpeech=ADP Lemma=de NamedEntityTag=O]
[Text=012-028-002 CharacterOffsetBegin=24 CharacterOffsetEnd=35 PartOfSpeech=DET Lemma=012-028-002 NamedEntityTag=O]
[Text=GUERRERO CharacterOffsetBegin=36 CharacterOffsetEnd=44 PartOfSpeech=NOUN Lemma=guerrero NamedEntityTag=TITLE]
[Text=. CharacterOffsetBegin=44 CharacterOffsetEnd=45 PartOfSpeech=PUNCT Lemma=. NamedEntityTag=O]

Dependency Parse (enhanced plus plus dependencies):
root(ROOT-0, UNIVERSIDAD-1)
flat(UNIVERSIDAD-1, AUTONOMA-2)
case(GUERRERO-5, DE-3)
det(GUERRERO-5, 012-028-002-4)
nmod(UNIVERSIDAD-1, GUERRERO-5)
punct(UNIVERSIDAD-1, .-6)

Extracted the following NER entity mentions:
GUERRERO	TITLE	-

Sentence #2 (9 tokens):
- (64) 23-FEB.-80.

Tokens:
[Text=- CharacterOffsetBegin=45 CharacterOffsetEnd=46 PartOfSpeech=PUNCT Lemma=- NamedEntityTag=O]
[Text=( CharacterOffsetBegin=47 CharacterOffsetEnd=48 PartOfSpeech=PUNCT Lemma=( NamedEntityTag=O]
[Text=64 CharacterOffsetBegin=48 CharacterOffsetEnd=50 PartOfSpeech=NUM Lemma=64 NamedEntityTag=NUMBER NormalizedNamedEntityTag=64.0]
[Text=) CharacterOffsetBegin=50 CharacterOffsetEnd=51 PartOfSpeech=PUNCT Lemma=) NamedEntityTag=O]
[Text=23 CharacterOffsetBegin=52 CharacterOffsetEnd=54 PartOfSpeech=NUM Lemma=23 NamedEntityTag=O]
[Text=- CharacterOffsetBegin=54 CharacterOffsetEnd=55 PartOfSpeech=PUNCT Lemma=- NamedEntityTag=O]
[Text=FEB. CharacterOffsetBegin=55 CharacterOffsetEnd=59 PartOfSpeech=NOUN Lemma=feb. NamedEntityTag=O]
[Text=-80 CharacterOffsetBegin=59 CharacterOffsetEnd=62 PartOfSpeech=NUM Lemma=-80 NamedEntityTag=NUMBER NormalizedNamedEntityTag=-80.0]
[Text=. CharacterOffsetBegin=62 CharacterOffsetEnd=63 PartOfSpeech=PUNCT Lemma=. NamedEntityTag=O]

Dependency Parse (enhanced plus plus dependencies):
root(ROOT-0, 64-3)
punct(64-3, --1)
punct(64-3, (-2)
punct(64-3, )-4)
appos(64-3, 23-5)
punct(64-3, --6)
appos(64-3, FEB.-7)
nummod(FEB.-7, -80-8)
punct(64-3, .-9)

Extracted the following NER entity mentions:
64	NUMBER	NUMBER:-1.0
-80	NUMBER	NUMBER:-1.0

Sentence #3 (7 tokens):
de ayer a las 4.00 hs.

Tokens:
[Text=de CharacterOffsetBegin=64 CharacterOffsetEnd=66 PartOfSpeech=ADP Lemma=de NamedEntityTag=O]
[Text=ayer CharacterOffsetBegin=67 CharacterOffsetEnd=71 PartOfSpeech=ADV Lemma=ayer NamedEntityTag=DATE NormalizedNamedEntityTag=OFFSET P-1D Timex=<TIMEX3 alt_value="OFFSET P-1D" anchorTimeID="t0" temporalFunction="true" tid="t1" type="DATE" valueFromFunction="tf0">ayer</TIMEX3>]
[Text=a CharacterOffsetBegin=72 CharacterOffsetEnd=73 PartOfSpeech=ADP Lemma=a NamedEntityTag=O]
[Text=las CharacterOffsetBegin=74 CharacterOffsetEnd=77 PartOfSpeech=DET Lemma=las NamedEntityTag=O]
[Text=4.00 CharacterOffsetBegin=78 CharacterOffsetEnd=82 PartOfSpeech=NOUN Lemma=4.00 NamedEntityTag=NUMBER NormalizedNamedEntityTag=4.0]
[Text=hs CharacterOffsetBegin=83 CharacterOffsetEnd=85 PartOfSpeech=NOUN Lemma=hs NamedEntityTag=O]
[Text=. CharacterOffsetBegin=85 CharacterOffsetEnd=86 PartOfSpeech=PUNCT Lemma=. NamedEntityTag=O]

Dependency Parse (enhanced plus plus dependencies):
root(ROOT-0, ayer-2)
case(ayer-2, de-1)
case(4.00-5, a-3)
det(4.00-5, las-4)
obl(ayer-2, 4.00-5)
compound(4.00-5, hs-6)
punct(ayer-2, .-7)

Extracted the following NER entity mentions:
ayer	DATE	DATE:-1.0
4.00	NUMBER	NUMBER:-1.0

Sentence #4 (31 tokens):
,de hoy en el edificio de -
esta Casa de Estudios,se llevó a cabo una reunión
del Consejo Gral.,de Representantes de la "Unión
Sind.

Tokens:
[Text=, CharacterOffsetBegin=86 CharacterOffsetEnd=87 PartOfSpeech=PUNCT Lemma=, NamedEntityTag=O]
[Text=de CharacterOffsetBegin=87 CharacterOffsetEnd=89 PartOfSpeech=ADP Lemma=de NamedEntityTag=O]
[Text=hoy CharacterOffsetBegin=90 CharacterOffsetEnd=93 PartOfSpeech=ADV Lemma=hoy NamedEntityTag=DATE NormalizedNamedEntityTag=THIS P1D Timex=<TIMEX3 alt_value="THIS P1D" anchorTimeID="t0" temporalFunction="true" tid="t2" type="DATE" valueFromFunction="tf1">hoy</TIMEX3>]
[Text=en CharacterOffsetBegin=94 CharacterOffsetEnd=96 PartOfSpeech=ADP Lemma=en NamedEntityTag=O]
[Text=el CharacterOffsetBegin=97 CharacterOffsetEnd=99 PartOfSpeech=DET Lemma=el NamedEntityTag=O]
[Text=edificio CharacterOffsetBegin=100 CharacterOffsetEnd=108 PartOfSpeech=NOUN Lemma=edificio NamedEntityTag=O]
[Text=de CharacterOffsetBegin=109 CharacterOffsetEnd=111 PartOfSpeech=ADP Lemma=de NamedEntityTag=O]
[Text=- CharacterOffsetBegin=112 CharacterOffsetEnd=113 PartOfSpeech=PUNCT Lemma=- NamedEntityTag=O]
[Text=esta CharacterOffsetBegin=114 CharacterOffsetEnd=118 PartOfSpeech=DET Lemma=esta NamedEntityTag=O]
[Text=Casa CharacterOffsetBegin=119 CharacterOffsetEnd=123 PartOfSpeech=PROPN Lemma=casa NamedEntityTag=MISC]
[Text=de CharacterOffsetBegin=124 CharacterOffsetEnd=126 PartOfSpeech=ADP Lemma=de NamedEntityTag=MISC]
[Text=Estudios CharacterOffsetBegin=127 CharacterOffsetEnd=135 PartOfSpeech=PROPN Lemma=estudios NamedEntityTag=MISC]
[Text=, CharacterOffsetBegin=135 CharacterOffsetEnd=136 PartOfSpeech=PUNCT Lemma=, NamedEntityTag=O]
[Text=se CharacterOffsetBegin=136 CharacterOffsetEnd=138 PartOfSpeech=PRON Lemma=se NamedEntityTag=O]
[Text=llevó CharacterOffsetBegin=139 CharacterOffsetEnd=144 PartOfSpeech=VERB Lemma=llevó NamedEntityTag=O]
[Text=a CharacterOffsetBegin=145 CharacterOffsetEnd=146 PartOfSpeech=ADP Lemma=a NamedEntityTag=O]
[Text=cabo CharacterOffsetBegin=147 CharacterOffsetEnd=151 PartOfSpeech=NOUN Lemma=cabo NamedEntityTag=O]
[Text=una CharacterOffsetBegin=152 CharacterOffsetEnd=155 PartOfSpeech=DET Lemma=una NamedEntityTag=O]
[Text=reunión CharacterOffsetBegin=156 CharacterOffsetEnd=163 PartOfSpeech=NOUN Lemma=reunión NamedEntityTag=O]
[Text=del CharacterOffsetBegin=164 CharacterOffsetEnd=167 PartOfSpeech=ADP Lemma=del NamedEntityTag=O]
[Text=Consejo CharacterOffsetBegin=168 CharacterOffsetEnd=175 PartOfSpeech=PROPN Lemma=consejo NamedEntityTag=ORGANIZATION]
[Text=Gral. CharacterOffsetBegin=176 CharacterOffsetEnd=181 PartOfSpeech=PROPN Lemma=gral. NamedEntityTag=ORGANIZATION]
[Text=, CharacterOffsetBegin=181 CharacterOffsetEnd=182 PartOfSpeech=PUNCT Lemma=, NamedEntityTag=O]
[Text=de CharacterOffsetBegin=182 CharacterOffsetEnd=184 PartOfSpeech=ADP Lemma=de NamedEntityTag=O]
[Text=Representantes CharacterOffsetBegin=185 CharacterOffsetEnd=199 PartOfSpeech=PROPN Lemma=representantes NamedEntityTag=ORGANIZATION]
[Text=de CharacterOffsetBegin=200 CharacterOffsetEnd=202 PartOfSpeech=ADP Lemma=de NamedEntityTag=O]
[Text=la CharacterOffsetBegin=203 CharacterOffsetEnd=205 PartOfSpeech=DET Lemma=la NamedEntityTag=O]
[Text=" CharacterOffsetBegin=206 CharacterOffsetEnd=207 PartOfSpeech=PUNCT Lemma=" NamedEntityTag=O]
[Text=Unión CharacterOffsetBegin=207 CharacterOffsetEnd=212 PartOfSpeech=PROPN Lemma=unión NamedEntityTag=ORGANIZATION]
[Text=Sind CharacterOffsetBegin=213 CharacterOffsetEnd=217 PartOfSpeech=PROPN Lemma=sind NamedEntityTag=ORGANIZATION]
[Text=. CharacterOffsetBegin=217 CharacterOffsetEnd=218 PartOfSpeech=PUNCT Lemma=. NamedEntityTag=O]

Dependency Parse (enhanced plus plus dependencies):
root(ROOT-0, llevó-15)
punct(hoy-3, ,-1)
case(hoy-3, de-2)
advmod(llevó-15, hoy-3)
case(hoy-3, en-4)
det(edificio-6, el-5)
nmod(hoy-3, edificio-6)
case(Casa-10, de-7)
punct(Casa-10, --8)
det(Casa-10, esta-9)
nmod(edificio-6, Casa-10)
case(Estudios-12, de-11)
flat(Casa-10, Estudios-12)
punct(hoy-3, ,-13)
obj(llevó-15, se-14)
case(cabo-17, a-16)
compound(llevó-15, cabo-17)
det(reunión-19, una-18)
nsubj(llevó-15, reunión-19)
case(Consejo-21, del-20)
nmod(reunión-19, Consejo-21)
flat(Consejo-21, Gral.-22)
punct(Representantes-25, ,-23)
case(Representantes-25, de-24)
nmod(Consejo-21, Representantes-25)
case(Unión-29, de-26)
det(Unión-29, la-27)
punct(Unión-29, "-28)
flat(Representantes-25, Unión-29)
flat(Unión-29, Sind-30)
punct(llevó-15, .-31)

Extracted the following NER entity mentions:
hoy	DATE	DATE:-1.0
Casa de Estudios	MISC	MISC:0.864713209525458
Consejo Gral.	ORGANIZATION	ORGANIZATION:0.8987514983266292
Representantes	ORGANIZATION	ORGANIZATION:0.4972301429162233
Unión
Sind	ORGANIZATION	ORGANIZATION:0.8591608807451503

Sentence #5 (7 tokens):
,de Catedráticos de la UAG.

Tokens:
[Text=, CharacterOffsetBegin=218 CharacterOffsetEnd=219 PartOfSpeech=PUNCT Lemma=, NamedEntityTag=O]
[Text=de CharacterOffsetBegin=219 CharacterOffsetEnd=221 PartOfSpeech=ADP Lemma=de NamedEntityTag=O]
[Text=Catedráticos CharacterOffsetBegin=222 CharacterOffsetEnd=234 PartOfSpeech=PROPN Lemma=catedráticos NamedEntityTag=MISC]
[Text=de CharacterOffsetBegin=235 CharacterOffsetEnd=237 PartOfSpeech=ADP Lemma=de NamedEntityTag=O]
[Text=la CharacterOffsetBegin=238 CharacterOffsetEnd=240 PartOfSpeech=DET Lemma=la NamedEntityTag=O]
[Text=UAG CharacterOffsetBegin=241 CharacterOffsetEnd=244 PartOfSpeech=PROPN Lemma=uag NamedEntityTag=ORGANIZATION]
[Text=. CharacterOffsetBegin=244 CharacterOffsetEnd=245 PartOfSpeech=PUNCT Lemma=. NamedEntityTag=O]

Dependency Parse (enhanced plus plus dependencies):
root(ROOT-0, Catedráticos-3)
punct(Catedráticos-3, ,-1)
case(Catedráticos-3, de-2)
case(UAG-6, de-4)
det(UAG-6, la-5)
flat(Catedráticos-3, UAG-6)
punct(Catedráticos-3, .-7)

Extracted the following NER entity mentions:
Catedráticos	MISC	MISC:0.42133639322568
UAG	ORGANIZATION	ORGANIZATION:0.8275628382503513

Sentence #6 (10 tokens):
"-presidida por
EFRAIN BERMUDEZ RIVERA,Srio.

Tokens:
[Text=" CharacterOffsetBegin=245 CharacterOffsetEnd=246 PartOfSpeech=PUNCT Lemma=" NamedEntityTag=O]
[Text=- CharacterOffsetBegin=246 CharacterOffsetEnd=247 PartOfSpeech=PUNCT Lemma=- NamedEntityTag=O]
[Text=presidida CharacterOffsetBegin=247 CharacterOffsetEnd=256 PartOfSpeech=ADJ Lemma=presidida NamedEntityTag=O]
[Text=por CharacterOffsetBegin=257 CharacterOffsetEnd=260 PartOfSpeech=ADP Lemma=por NamedEntityTag=O]
[Text=EFRAIN CharacterOffsetBegin=261 CharacterOffsetEnd=267 PartOfSpeech=PROPN Lemma=efrain NamedEntityTag=PERSON]
[Text=BERMUDEZ CharacterOffsetBegin=268 CharacterOffsetEnd=276 PartOfSpeech=PROPN Lemma=bermudez NamedEntityTag=PERSON]
[Text=RIVERA CharacterOffsetBegin=277 CharacterOffsetEnd=283 PartOfSpeech=PROPN Lemma=rivera NamedEntityTag=PERSON]
[Text=, CharacterOffsetBegin=283 CharacterOffsetEnd=284 PartOfSpeech=PUNCT Lemma=, NamedEntityTag=O]
[Text=Srio CharacterOffsetBegin=284 CharacterOffsetEnd=288 PartOfSpeech=PROPN Lemma=srio NamedEntityTag=PERSON]
[Text=. CharacterOffsetBegin=288 CharacterOffsetEnd=289 PartOfSpeech=PUNCT Lemma=. NamedEntityTag=O]

Dependency Parse (enhanced plus plus dependencies):
root(ROOT-0, presidida-3)
punct(presidida-3, "-1)
punct(presidida-3, --2)
case(EFRAIN-5, por-4)
obj(presidida-3, EFRAIN-5)
flat(EFRAIN-5, BERMUDEZ-6)
flat(EFRAIN-5, RIVERA-7)
punct(Srio-9, ,-8)
flat(EFRAIN-5, Srio-9)
punct(presidida-3, .-10)

Extracted the following NER entity mentions:
EFRAIN BERMUDEZ RIVERA	PERSON	PERSON:0.9852386228245414
Srio	PERSON	PERSON:0.6585127984517928

Sentence #7 (13 tokens):
Gral.,de la misma,-
con asistencia de 60 Consejeros.

Tokens:
[Text=Gral. CharacterOffsetBegin=289 CharacterOffsetEnd=294 PartOfSpeech=NOUN Lemma=gral. NamedEntityTag=O]
[Text=, CharacterOffsetBegin=294 CharacterOffsetEnd=295 PartOfSpeech=PUNCT Lemma=, NamedEntityTag=O]
[Text=de CharacterOffsetBegin=295 CharacterOffsetEnd=297 PartOfSpeech=ADP Lemma=de NamedEntityTag=O]
[Text=la CharacterOffsetBegin=298 CharacterOffsetEnd=300 PartOfSpeech=DET Lemma=la NamedEntityTag=O]
[Text=misma CharacterOffsetBegin=301 CharacterOffsetEnd=306 PartOfSpeech=PRON Lemma=misma NamedEntityTag=O]
[Text=, CharacterOffsetBegin=306 CharacterOffsetEnd=307 PartOfSpeech=PUNCT Lemma=, NamedEntityTag=O]
[Text=- CharacterOffsetBegin=307 CharacterOffsetEnd=308 PartOfSpeech=PUNCT Lemma=- NamedEntityTag=O]
[Text=con CharacterOffsetBegin=309 CharacterOffsetEnd=312 PartOfSpeech=ADP Lemma=con NamedEntityTag=O]
[Text=asistencia CharacterOffsetBegin=313 CharacterOffsetEnd=323 PartOfSpeech=NOUN Lemma=asistencia NamedEntityTag=O]
[Text=de CharacterOffsetBegin=324 CharacterOffsetEnd=326 PartOfSpeech=ADP Lemma=de NamedEntityTag=O]
[Text=60 CharacterOffsetBegin=327 CharacterOffsetEnd=329 PartOfSpeech=NUM Lemma=60 NamedEntityTag=NUMBER NormalizedNamedEntityTag=60.0]
[Text=Consejeros CharacterOffsetBegin=330 CharacterOffsetEnd=340 PartOfSpeech=PROPN Lemma=consejeros NamedEntityTag=O]
[Text=. CharacterOffsetBegin=340 CharacterOffsetEnd=341 PartOfSpeech=PUNCT Lemma=. NamedEntityTag=O]

Dependency Parse (enhanced plus plus dependencies):
root(ROOT-0, Gral.-1)
punct(misma-5, ,-2)
case(misma-5, de-3)
det(misma-5, la-4)
nmod(Gral.-1, misma-5)
punct(misma-5, ,-6)
punct(asistencia-9, --7)
case(asistencia-9, con-8)
nmod(Gral.-1, asistencia-9)
case(Consejeros-12, de-10)
nummod(Consejeros-12, 60-11)
nmod(asistencia-9, Consejeros-12)
punct(Gral.-1, .-13)

Extracted the following NER entity mentions:
60	NUMBER	NUMBER:-1.0

Sentence #8 (33 tokens):
-Se llegó a los
siguientes acuerdos:-Se revisó en el boletín de
huelga,el clausulado pendiente para su revisión,
por la comisión negociadora tanto de la Admón.

Tokens:
[Text=- CharacterOffsetBegin=341 CharacterOffsetEnd=342 PartOfSpeech=PUNCT Lemma=- NamedEntityTag=O]
[Text=Se CharacterOffsetBegin=342 CharacterOffsetEnd=344 PartOfSpeech=PRON Lemma=se NamedEntityTag=O]
[Text=llegó CharacterOffsetBegin=345 CharacterOffsetEnd=350 PartOfSpeech=VERB Lemma=llegó NamedEntityTag=O]
[Text=a CharacterOffsetBegin=351 CharacterOffsetEnd=352 PartOfSpeech=ADP Lemma=a NamedEntityTag=O]
[Text=los CharacterOffsetBegin=353 CharacterOffsetEnd=356 PartOfSpeech=DET Lemma=los NamedEntityTag=O]
[Text=siguientes CharacterOffsetBegin=357 CharacterOffsetEnd=367 PartOfSpeech=ADJ Lemma=siguientes NamedEntityTag=O]
[Text=acuerdos CharacterOffsetBegin=368 CharacterOffsetEnd=376 PartOfSpeech=NOUN Lemma=acuerdos NamedEntityTag=O]
[Text=: CharacterOffsetBegin=376 CharacterOffsetEnd=377 PartOfSpeech=PUNCT Lemma=: NamedEntityTag=O]
[Text=- CharacterOffsetBegin=377 CharacterOffsetEnd=378 PartOfSpeech=PUNCT Lemma=- NamedEntityTag=O]
[Text=Se CharacterOffsetBegin=378 CharacterOffsetEnd=380 PartOfSpeech=PRON Lemma=se NamedEntityTag=O]
[Text=revisó CharacterOffsetBegin=381 CharacterOffsetEnd=387 PartOfSpeech=VERB Lemma=revisó NamedEntityTag=O]
[Text=en CharacterOffsetBegin=388 CharacterOffsetEnd=390 PartOfSpeech=ADP Lemma=en NamedEntityTag=O]
[Text=el CharacterOffsetBegin=391 CharacterOffsetEnd=393 PartOfSpeech=DET Lemma=el NamedEntityTag=O]
[Text=boletín CharacterOffsetBegin=394 CharacterOffsetEnd=401 PartOfSpeech=NOUN Lemma=boletín NamedEntityTag=O]
[Text=de CharacterOffsetBegin=402 CharacterOffsetEnd=404 PartOfSpeech=ADP Lemma=de NamedEntityTag=O]
[Text=huelga CharacterOffsetBegin=405 CharacterOffsetEnd=411 PartOfSpeech=NOUN Lemma=huelga NamedEntityTag=O]
[Text=, CharacterOffsetBegin=411 CharacterOffsetEnd=412 PartOfSpeech=PUNCT Lemma=, NamedEntityTag=O]
[Text=el CharacterOffsetBegin=412 CharacterOffsetEnd=414 PartOfSpeech=DET Lemma=el NamedEntityTag=O]
[Text=clausulado CharacterOffsetBegin=415 CharacterOffsetEnd=425 PartOfSpeech=NOUN Lemma=clausulado NamedEntityTag=O]
[Text=pendiente CharacterOffsetBegin=426 CharacterOffsetEnd=435 PartOfSpeech=ADJ Lemma=pendiente NamedEntityTag=O]
[Text=para CharacterOffsetBegin=436 CharacterOffsetEnd=440 PartOfSpeech=ADP Lemma=para NamedEntityTag=O]
[Text=su CharacterOffsetBegin=441 CharacterOffsetEnd=443 PartOfSpeech=DET Lemma=su NamedEntityTag=O]
[Text=revisión CharacterOffsetBegin=444 CharacterOffsetEnd=452 PartOfSpeech=NOUN Lemma=revisión NamedEntityTag=O]
[Text=, CharacterOffsetBegin=452 CharacterOffsetEnd=453 PartOfSpeech=PUNCT Lemma=, NamedEntityTag=O]
[Text=por CharacterOffsetBegin=454 CharacterOffsetEnd=457 PartOfSpeech=ADP Lemma=por NamedEntityTag=O]
[Text=la CharacterOffsetBegin=458 CharacterOffsetEnd=460 PartOfSpeech=DET Lemma=la NamedEntityTag=O]
[Text=comisión CharacterOffsetBegin=461 CharacterOffsetEnd=469 PartOfSpeech=NOUN Lemma=comisión NamedEntityTag=O]
[Text=negociadora CharacterOffsetBegin=470 CharacterOffsetEnd=481 PartOfSpeech=ADJ Lemma=negociadora NamedEntityTag=O]
[Text=tanto CharacterOffsetBegin=482 CharacterOffsetEnd=487 PartOfSpeech=ADV Lemma=tanto NamedEntityTag=O]
[Text=de CharacterOffsetBegin=488 CharacterOffsetEnd=490 PartOfSpeech=ADP Lemma=de NamedEntityTag=O]
[Text=la CharacterOffsetBegin=491 CharacterOffsetEnd=493 PartOfSpeech=DET Lemma=la NamedEntityTag=O]
[Text=Admón CharacterOffsetBegin=494 CharacterOffsetEnd=499 PartOfSpeech=PROPN Lemma=admón NamedEntityTag=ORGANIZATION]
[Text=. CharacterOffsetBegin=499 CharacterOffsetEnd=500 PartOfSpeech=PUNCT Lemma=. NamedEntityTag=O]

Dependency Parse (enhanced plus plus dependencies):
root(ROOT-0, llegó-3)
punct(llegó-3, --1)
obj(llegó-3, Se-2)
case(acuerdos-7, a-4)
det(acuerdos-7, los-5)
amod(acuerdos-7, siguientes-6)
obl(llegó-3, acuerdos-7)
punct(revisó-11, :-8)
punct(revisó-11, --9)
obj(revisó-11, Se-10)
acl(acuerdos-7, revisó-11)
case(boletín-14, en-12)
det(boletín-14, el-13)
obl(revisó-11, boletín-14)
case(huelga-16, de-15)
nmod(boletín-14, huelga-16)
punct(clausulado-19, ,-17)
det(clausulado-19, el-18)
obl(revisó-11, clausulado-19)
amod(clausulado-19, pendiente-20)
case(revisión-23, para-21)
det(revisión-23, su-22)
nmod(clausulado-19, revisión-23)
punct(clausulado-19, ,-24)
case(comisión-27, por-25)
det(comisión-27, la-26)
obj(revisó-11, comisión-27)
amod(comisión-27, negociadora-28)
cc(Admón-32, tanto-29)
case(Admón-32, de-30)
det(Admón-32, la-31)
obj(revisó-11, Admón-32)
conj:tanto(comisión-27, Admón-32)
punct(llegó-3, .-33)

Extracted the following NER entity mentions:
Admón	ORGANIZATION	ORGANIZATION:0.48394744394979233

Sentence #9 (7 tokens):
,-
Central de la UAG.

Tokens:
[Text=, CharacterOffsetBegin=500 CharacterOffsetEnd=501 PartOfSpeech=PUNCT Lemma=, NamedEntityTag=O]
[Text=- CharacterOffsetBegin=501 CharacterOffsetEnd=502 PartOfSpeech=PUNCT Lemma=- NamedEntityTag=O]
[Text=Central CharacterOffsetBegin=503 CharacterOffsetEnd=510 PartOfSpeech=PROPN Lemma=central NamedEntityTag=O]
[Text=de CharacterOffsetBegin=511 CharacterOffsetEnd=513 PartOfSpeech=ADP Lemma=de NamedEntityTag=O]
[Text=la CharacterOffsetBegin=514 CharacterOffsetEnd=516 PartOfSpeech=DET Lemma=la NamedEntityTag=O]
[Text=UAG CharacterOffsetBegin=517 CharacterOffsetEnd=520 PartOfSpeech=PROPN Lemma=uag NamedEntityTag=ORGANIZATION]
[Text=. CharacterOffsetBegin=520 CharacterOffsetEnd=521 PartOfSpeech=PUNCT Lemma=. NamedEntityTag=O]

Dependency Parse (enhanced plus plus dependencies):
root(ROOT-0, Central-3)
punct(Central-3, ,-1)
punct(Central-3, --2)
case(UAG-6, de-4)
det(UAG-6, la-5)
flat(Central-3, UAG-6)
punct(Central-3, .-7)

Extracted the following NER entity mentions:
UAG	ORGANIZATION	ORGANIZATION:0.966730412571666

Sentence #10 (18 tokens):
,como de la USCUAG,quedando --
pendientes para entrar a la revisión, los acuer-

Tokens:
[Text=, CharacterOffsetBegin=521 CharacterOffsetEnd=522 PartOfSpeech=PUNCT Lemma=, NamedEntityTag=O]
[Text=como CharacterOffsetBegin=522 CharacterOffsetEnd=526 PartOfSpeech=SCONJ Lemma=como NamedEntityTag=O]
[Text=de CharacterOffsetBegin=527 CharacterOffsetEnd=529 PartOfSpeech=ADP Lemma=de NamedEntityTag=O]
[Text=la CharacterOffsetBegin=530 CharacterOffsetEnd=532 PartOfSpeech=DET Lemma=la NamedEntityTag=O]
[Text=USCUAG CharacterOffsetBegin=533 CharacterOffsetEnd=539 PartOfSpeech=PROPN Lemma=uscuag NamedEntityTag=ORGANIZATION]
[Text=, CharacterOffsetBegin=539 CharacterOffsetEnd=540 PartOfSpeech=PUNCT Lemma=, NamedEntityTag=O]
[Text=quedando CharacterOffsetBegin=540 CharacterOffsetEnd=548 PartOfSpeech=VERB Lemma=quedando NamedEntityTag=O]
[Text=-- CharacterOffsetBegin=549 CharacterOffsetEnd=551 PartOfSpeech=NOUN Lemma=-- NamedEntityTag=O]
[Text=pendientes CharacterOffsetBegin=552 CharacterOffsetEnd=562 PartOfSpeech=ADJ Lemma=pendientes NamedEntityTag=O]
[Text=para CharacterOffsetBegin=563 CharacterOffsetEnd=567 PartOfSpeech=ADP Lemma=para NamedEntityTag=O]
[Text=entrar CharacterOffsetBegin=568 CharacterOffsetEnd=574 PartOfSpeech=VERB Lemma=entrar NamedEntityTag=O]
[Text=a CharacterOffsetBegin=575 CharacterOffsetEnd=576 PartOfSpeech=ADP Lemma=a NamedEntityTag=O]
[Text=la CharacterOffsetBegin=577 CharacterOffsetEnd=579 PartOfSpeech=DET Lemma=la NamedEntityTag=O]
[Text=revisión CharacterOffsetBegin=580 CharacterOffsetEnd=588 PartOfSpeech=NOUN Lemma=revisión NamedEntityTag=O]
[Text=, CharacterOffsetBegin=588 CharacterOffsetEnd=589 PartOfSpeech=PUNCT Lemma=, NamedEntityTag=O]
[Text=los CharacterOffsetBegin=590 CharacterOffsetEnd=593 PartOfSpeech=DET Lemma=los NamedEntityTag=O]
[Text=acuer CharacterOffsetBegin=594 CharacterOffsetEnd=599 PartOfSpeech=NOUN Lemma=acuer NamedEntityTag=O]
[Text=- CharacterOffsetBegin=599 CharacterOffsetEnd=600 PartOfSpeech=PUNCT Lemma=- NamedEntityTag=O]

Dependency Parse (enhanced plus plus dependencies):
root(ROOT-0, quedando-7)
punct(USCUAG-5, ,-1)
mark(USCUAG-5, como-2)
case(USCUAG-5, de-3)
det(USCUAG-5, la-4)
obl(quedando-7, USCUAG-5)
punct(USCUAG-5, ,-6)
nsubj(quedando-7, ---8)
amod(---8, pendientes-9)
mark(entrar-11, para-10)
advcl(quedando-7, entrar-11)
case(revisión-14, a-12)
det(revisión-14, la-13)
obj(entrar-11, revisión-14)
punct(quedando-7, ,-15)
det(acuer-17, los-16)
advcl(quedando-7, acuer-17)
punct(acuer-17, --18)

Extracted the following NER entity mentions:
USCUAG	ORGANIZATION	ORGANIZATION:0.9733808078645837
