Document: ID=file_420.txt (9 sentences, 143 tokens)

Sentence #1 (20 tokens):
Intervención, indicó que eran infundadas las acusaciones de que la Universidad era un ni-do de "guerrilleros".

Tokens:
[Text=Intervención CharacterOffsetBegin=0 CharacterOffsetEnd=12 PartOfSpeech=PROPN Lemma=intervención NamedEntityTag=O]
[Text=, CharacterOffsetBegin=12 CharacterOffsetEnd=13 PartOfSpeech=PUNCT Lemma=, NamedEntityTag=O]
[Text=indicó CharacterOffsetBegin=14 CharacterOffsetEnd=20 PartOfSpeech=VERB Lemma=indicó NamedEntityTag=O]
[Text=que CharacterOffsetBegin=21 CharacterOffsetEnd=24 PartOfSpeech=SCONJ Lemma=que NamedEntityTag=O]
[Text=eran CharacterOffsetBegin=25 CharacterOffsetEnd=29 PartOfSpeech=AUX Lemma=eran NamedEntityTag=O]
[Text=infundadas CharacterOffsetBegin=30 CharacterOffsetEnd=40 PartOfSpeech=ADJ Lemma=infundadas NamedEntityTag=O]
[Text=las CharacterOffsetBegin=41 CharacterOffsetEnd=44 PartOfSpeech=DET Lemma=las NamedEntityTag=O]
[Text=acusaciones CharacterOffsetBegin=45 CharacterOffsetEnd=56 PartOfSpeech=NOUN Lemma=acusaciones NamedEntityTag=O]
[Text=de CharacterOffsetBegin=57 CharacterOffsetEnd=59 PartOfSpeech=ADP Lemma=de NamedEntityTag=O]
[Text=que CharacterOffsetBegin=60 CharacterOffsetEnd=63 PartOfSpeech=SCONJ Lemma=que NamedEntityTag=O]
[Text=la CharacterOffsetBegin=64 CharacterOffsetEnd=66 PartOfSpeech=DET Lemma=la NamedEntityTag=O]
[Text=Universidad CharacterOffsetBegin=67 CharacterOffsetEnd=78 PartOfSpeech=PROPN Lemma=universidad NamedEntityTag=ORGANIZATION]
[Text=era CharacterOffsetBegin=79 CharacterOffsetEnd=82 PartOfSpeech=AUX Lemma=era NamedEntityTag=O]
[Text=un CharacterOffsetBegin=83 CharacterOffsetEnd=85 PartOfSpeech=DET Lemma=un NamedEntityTag=O]
[Text=ni-do CharacterOffsetBegin=86 CharacterOffsetEnd=91 PartOfSpeech=NOUN Lemma=ni-do NamedEntityTag=O]
[Text=de CharacterOffsetBegin=92 CharacterOffsetEnd=94 PartOfSpeech=ADP Lemma=de NamedEntityTag=O]
[Text=" CharacterOffsetBegin=95 CharacterOffsetEnd=96 PartOfSpeech=PUNCT Lemma=" NamedEntityTag=O]
[Text=guerrilleros CharacterOffsetBegin=96 CharacterOffsetEnd=108 PartOfSpeech=NOUN Lemma=guerrilleros NamedEntityTag=O]
[Text=" CharacterOffsetBegin=108 CharacterOffsetEnd=109 PartOfSpeech=PUNCT Lemma=" NamedEntityTag=O]
[Text=. CharacterOffsetBegin=109 CharacterOffsetEnd=110 PartOfSpeech=PUNCT Lemma=. NamedEntityTag=O]

Dependency Parse (enhanced plus plus dependencies):
root(ROOT-0, indicó-3)
nsubj(indicó-3, Intervención-1)
punct(Intervención-1, ,-2)
mark(infundadas-6, que-4)
cop(infundadas-6, eran-5)
ccomp(indicó-3, infundadas-6)
det(acusaciones-8, las-7)
nsubj(infundadas-6, acusaciones-8)
mark(ni-do-15, de-9)
mark(ni-do-15, que-10)
det(Universidad-12, la-11)
nsubj(ni-do-15, Universidad-12)
cop(ni-do-15, era-13)
det(ni-do-15, un-14)
acl(acusaciones-8, ni-do-15)
case(guerrilleros-18, de-16)
punct(guerrilleros-18, "-17)
nmod(ni-do-15, guerrilleros-18)
punct(guerrilleros-18, "-19)
punct(indicó-3, .-20)

Extracted the following NER entity mentions:
Universidad	ORGANIZATION	ORGANIZATION:0.9822724793072645

Sentence #2 (36 tokens):
También informó que hoy-
había sido secuestrado en Iguala, el estu---
diante JUAN RODRÍGUEZ JACOBO; en Acapulco 3-
de la Preparatoria # 7 y 1 en la Ciudad Alta
mirano.

Tokens:
[Text=También CharacterOffsetBegin=110 CharacterOffsetEnd=117 PartOfSpeech=ADV Lemma=también NamedEntityTag=O]
[Text=informó CharacterOffsetBegin=118 CharacterOffsetEnd=125 PartOfSpeech=VERB Lemma=informó NamedEntityTag=O]
[Text=que CharacterOffsetBegin=126 CharacterOffsetEnd=129 PartOfSpeech=SCONJ Lemma=que NamedEntityTag=O]
[Text=hoy CharacterOffsetBegin=130 CharacterOffsetEnd=133 PartOfSpeech=ADV Lemma=hoy NamedEntityTag=O]
[Text=- CharacterOffsetBegin=133 CharacterOffsetEnd=134 PartOfSpeech=PUNCT Lemma=- NamedEntityTag=O]
[Text=había CharacterOffsetBegin=135 CharacterOffsetEnd=140 PartOfSpeech=AUX Lemma=había NamedEntityTag=O]
[Text=sido CharacterOffsetBegin=141 CharacterOffsetEnd=145 PartOfSpeech=AUX Lemma=sido NamedEntityTag=O]
[Text=secuestrado CharacterOffsetBegin=146 CharacterOffsetEnd=157 PartOfSpeech=ADJ Lemma=secuestrado NamedEntityTag=O]
[Text=en CharacterOffsetBegin=158 CharacterOffsetEnd=160 PartOfSpeech=ADP Lemma=en NamedEntityTag=O]
[Text=Iguala CharacterOffsetBegin=161 CharacterOffsetEnd=167 PartOfSpeech=PROPN Lemma=iguala NamedEntityTag=CITY]
[Text=, CharacterOffsetBegin=167 CharacterOffsetEnd=168 PartOfSpeech=PUNCT Lemma=, NamedEntityTag=O]
[Text=el CharacterOffsetBegin=169 CharacterOffsetEnd=171 PartOfSpeech=DET Lemma=el NamedEntityTag=O]
[Text=estu CharacterOffsetBegin=172 CharacterOffsetEnd=176 PartOfSpeech=NOUN Lemma=estu NamedEntityTag=O]
[Text=--- CharacterOffsetBegin=176 CharacterOffsetEnd=179 PartOfSpeech=ADJ Lemma=--- NamedEntityTag=O]
[Text=diante CharacterOffsetBegin=180 CharacterOffsetEnd=186 PartOfSpeech=VERB Lemma=diante NamedEntityTag=O]
[Text=JUAN CharacterOffsetBegin=187 CharacterOffsetEnd=191 PartOfSpeech=PROPN Lemma=juan NamedEntityTag=PERSON]
[Text=RODRÍGUEZ CharacterOffsetBegin=192 CharacterOffsetEnd=201 PartOfSpeech=PROPN Lemma=rodríguez NamedEntityTag=PERSON]
[Text=JACOBO CharacterOffsetBegin=202 CharacterOffsetEnd=208 PartOfSpeech=PROPN Lemma=jacobo NamedEntityTag=PERSON]
[Text=; CharacterOffsetBegin=208 CharacterOffsetEnd=209 PartOfSpeech=PUNCT Lemma=; NamedEntityTag=O]
[Text=en CharacterOffsetBegin=210 CharacterOffsetEnd=212 PartOfSpeech=ADP Lemma=en NamedEntityTag=O]
[Text=Acapulco CharacterOffsetBegin=213 CharacterOffsetEnd=221 PartOfSpeech=PROPN Lemma=acapulco NamedEntityTag=CITY]
[Text=3 CharacterOffsetBegin=222 CharacterOffsetEnd=223 PartOfSpeech=NUM Lemma=3 NamedEntityTag=O]
[Text=- CharacterOffsetBegin=223 CharacterOffsetEnd=224 PartOfSpeech=PUNCT Lemma=- NamedEntityTag=O]
[Text=de CharacterOffsetBegin=225 CharacterOffsetEnd=227 PartOfSpeech=ADP Lemma=de NamedEntityTag=O]
[Text=la CharacterOffsetBegin=228 CharacterOffsetEnd=230 PartOfSpeech=DET Lemma=la NamedEntityTag=O]
[Text=Preparatoria CharacterOffsetBegin=231 CharacterOffsetEnd=243 PartOfSpeech=PROPN Lemma=preparatoria NamedEntityTag=LOCATION]
[Text=# CharacterOffsetBegin=244 CharacterOffsetEnd=245 PartOfSpeech=PROPN Lemma=# NamedEntityTag=MONEY NormalizedNamedEntityTag=£7.0]
[Text=7 CharacterOffsetBegin=246 CharacterOffsetEnd=247 PartOfSpeech=NUM Lemma=7 NamedEntityTag=MONEY NormalizedNamedEntityTag=£7.0]
[Text=y CharacterOffsetBegin=248 CharacterOffsetEnd=249 PartOfSpeech=CCONJ Lemma=y NamedEntityTag=O]
[Text=1 CharacterOffsetBegin=250 CharacterOffsetEnd=251 PartOfSpeech=NUM Lemma=1 NamedEntityTag=NUMBER NormalizedNamedEntityTag=1.0]
[Text=en CharacterOffsetBegin=252 CharacterOffsetEnd=254 PartOfSpeech=ADP Lemma=en NamedEntityTag=O]
[Text=la CharacterOffsetBegin=255 CharacterOffsetEnd=257 PartOfSpeech=DET Lemma=la NamedEntityTag=O]
[Text=Ciudad CharacterOffsetBegin=258 CharacterOffsetEnd=264 PartOfSpeech=PROPN Lemma=ciudad NamedEntityTag=LOCATION]
[Text=Alta CharacterOffsetBegin=265 CharacterOffsetEnd=269 PartOfSpeech=PROPN Lemma=alta NamedEntityTag=CITY]
[Text=mirano CharacterOffsetBegin=270 CharacterOffsetEnd=276 PartOfSpeech=ADJ Lemma=mirano NamedEntityTag=O]
[Text=. CharacterOffsetBegin=276 CharacterOffsetEnd=277 PartOfSpeech=PUNCT Lemma=. NamedEntityTag=O]

Dependency Parse (enhanced plus plus dependencies):
root(ROOT-0, informó-2)
advmod(informó-2, También-1)
mark(secuestrado-8, que-3)
advmod(secuestrado-8, hoy-4)
punct(secuestrado-8, --5)
aux(secuestrado-8, había-6)
cop(secuestrado-8, sido-7)
advcl(diante-15, secuestrado-8)
case(Iguala-10, en-9)
obl(secuestrado-8, Iguala-10)
punct(secuestrado-8, ,-11)
det(estu-13, el-12)
nsubj(diante-15, estu-13)
amod(estu-13, ----14)
ccomp(informó-2, diante-15)
obj(diante-15, JUAN-16)
flat(JUAN-16, RODRÍGUEZ-17)
flat(JUAN-16, JACOBO-18)
punct(Acapulco-21, ;-19)
case(Acapulco-21, en-20)
obl(diante-15, Acapulco-21)
nummod(Acapulco-21, 3-22)
punct(Acapulco-21, --23)
case(Preparatoria-26, de-24)
det(Preparatoria-26, la-25)
obl(diante-15, Preparatoria-26)
flat(Preparatoria-26, #-27)
nummod(Preparatoria-26, 7-28)
cc(1-30, y-29)
ccomp(informó-2, 1-30)
conj:y(diante-15, 1-30)
case(Ciudad-33, en-31)
det(Ciudad-33, la-32)
nmod(1-30, Ciudad-33)
flat(Ciudad-33, Alta-34)
amod(Ciudad-33, mirano-35)
punct(informó-2, .-36)

Extracted the following NER entity mentions:
Iguala	CITY	LOCATION:0.9654021383245731
JUAN RODRÍGUEZ JACOBO	PERSON	PERSON:0.9217971277015021
Acapulco	CITY	LOCATION:0.914882327258304
Preparatoria	LOCATION	LOCATION:0.44909515155430185
# 7	MONEY	MONEY:-1.0
1	NUMBER	NUMBER:-1.0
Ciudad	LOCATION	LOCATION:0.9968045165812728
Alta	CITY	LOCATION:0.9962465869532743

Sentence #3 (20 tokens):
Finalmente dijo a los ahí reunidos que
mañana un contingente viajará al D.F.,para --
efectuar mitin Exp.

Tokens:
[Text=Finalmente CharacterOffsetBegin=277 CharacterOffsetEnd=287 PartOfSpeech=ADV Lemma=finalmente NamedEntityTag=O]
[Text=dijo CharacterOffsetBegin=288 CharacterOffsetEnd=292 PartOfSpeech=VERB Lemma=dijo NamedEntityTag=O]
[Text=a CharacterOffsetBegin=293 CharacterOffsetEnd=294 PartOfSpeech=ADP Lemma=a NamedEntityTag=O]
[Text=los CharacterOffsetBegin=295 CharacterOffsetEnd=298 PartOfSpeech=DET Lemma=los NamedEntityTag=O]
[Text=ahí CharacterOffsetBegin=299 CharacterOffsetEnd=302 PartOfSpeech=ADV Lemma=ahí NamedEntityTag=O]
[Text=reunidos CharacterOffsetBegin=303 CharacterOffsetEnd=311 PartOfSpeech=ADJ Lemma=reunidos NamedEntityTag=O]
[Text=que CharacterOffsetBegin=312 CharacterOffsetEnd=315 PartOfSpeech=SCONJ Lemma=que NamedEntityTag=O]
[Text=mañana CharacterOffsetBegin=316 CharacterOffsetEnd=322 PartOfSpeech=ADV Lemma=mañana NamedEntityTag=DATE NormalizedNamedEntityTag=OFFSET P1D Timex=<TIMEX3 alt_value="OFFSET P1D" anchorTimeID="t0" temporalFunction="true" tid="t1" type="DATE" valueFromFunction="tf0">maￃﾱana</TIMEX3>]
[Text=un CharacterOffsetBegin=323 CharacterOffsetEnd=325 PartOfSpeech=DET Lemma=un NamedEntityTag=O]
[Text=contingente CharacterOffsetBegin=326 CharacterOffsetEnd=337 PartOfSpeech=NOUN Lemma=contingente NamedEntityTag=O]
[Text=viajará CharacterOffsetBegin=338 CharacterOffsetEnd=345 PartOfSpeech=VERB Lemma=viajará NamedEntityTag=O]
[Text=al CharacterOffsetBegin=346 CharacterOffsetEnd=348 PartOfSpeech=ADP Lemma=al NamedEntityTag=O]
[Text=D.F. CharacterOffsetBegin=349 CharacterOffsetEnd=353 PartOfSpeech=PROPN Lemma=d.f. NamedEntityTag=O]
[Text=, CharacterOffsetBegin=353 CharacterOffsetEnd=354 PartOfSpeech=PUNCT Lemma=, NamedEntityTag=O]
[Text=para CharacterOffsetBegin=354 CharacterOffsetEnd=358 PartOfSpeech=ADP Lemma=para NamedEntityTag=O]
[Text=-- CharacterOffsetBegin=359 CharacterOffsetEnd=361 PartOfSpeech=AUX Lemma=-- NamedEntityTag=O]
[Text=efectuar CharacterOffsetBegin=362 CharacterOffsetEnd=370 PartOfSpeech=VERB Lemma=efectuar NamedEntityTag=O]
[Text=mitin CharacterOffsetBegin=371 CharacterOffsetEnd=376 PartOfSpeech=NOUN Lemma=mitin NamedEntityTag=O]
[Text=Exp CharacterOffsetBegin=377 CharacterOffsetEnd=380 PartOfSpeech=PROPN Lemma=exp NamedEntityTag=MISC]
[Text=. CharacterOffsetBegin=380 CharacterOffsetEnd=381 PartOfSpeech=PUNCT Lemma=. NamedEntityTag=O]

Dependency Parse (enhanced plus plus dependencies):
root(ROOT-0, dijo-2)
advmod(dijo-2, Finalmente-1)
case(reunidos-6, a-3)
det(reunidos-6, los-4)
advmod(reunidos-6, ahí-5)
iobj(dijo-2, reunidos-6)
mark(viajará-11, que-7)
advmod(viajará-11, mañana-8)
det(contingente-10, un-9)
nsubj(viajará-11, contingente-10)
ccomp(dijo-2, viajará-11)
case(D.F.-13, al-12)
obl(viajará-11, D.F.-13)
punct(efectuar-17, ,-14)
mark(efectuar-17, para-15)
aux(efectuar-17, ---16)
advcl(viajará-11, efectuar-17)
obj(efectuar-17, mitin-18)
appos(mitin-18, Exp-19)
punct(dijo-2, .-20)

Extracted the following NER entity mentions:
mañana	DATE	DATE:-1.0
Exp	MISC	MISC:0.7809260383780675

Sentence #4 (6 tokens):
-100-10-1-77
H-58 L-65
1°.

Tokens:
[Text=-100-10-1-77 CharacterOffsetBegin=381 CharacterOffsetEnd=393 PartOfSpeech=NUM Lemma=-100-10-1-77 NamedEntityTag=O]
[Text=H-58 CharacterOffsetBegin=394 CharacterOffsetEnd=398 PartOfSpeech=NUM Lemma=h-58 NamedEntityTag=O]
[Text=L-65 CharacterOffsetBegin=399 CharacterOffsetEnd=403 PartOfSpeech=NUM Lemma=l-65 NamedEntityTag=O]
[Text=1 CharacterOffsetBegin=404 CharacterOffsetEnd=405 PartOfSpeech=NUM Lemma=1 NamedEntityTag=NUMBER NormalizedNamedEntityTag=1.0]
[Text=° CharacterOffsetBegin=405 CharacterOffsetEnd=406 PartOfSpeech=NUM Lemma=° NamedEntityTag=O]
[Text=. CharacterOffsetBegin=406 CharacterOffsetEnd=407 PartOfSpeech=PUNCT Lemma=. NamedEntityTag=O]

Dependency Parse (enhanced plus plus dependencies):
root(ROOT-0, -100-10-1-77-1)
compound(-100-10-1-77-1, H-58-2)
compound(-100-10-1-77-1, L-65-3)
compound(-100-10-1-77-1, 1-4)
compound(-100-10-1-77-1, °-5)
punct(-100-10-1-77-1, .-6)

Extracted the following NER entity mentions:
1	NUMBER	NUMBER:-1.0

Sentence #5 (2 tokens):
Ene.77.

Tokens:
[Text=Ene.77 CharacterOffsetBegin=407 CharacterOffsetEnd=413 PartOfSpeech=NOUN Lemma=ene.77 NamedEntityTag=O]
[Text=. CharacterOffsetBegin=413 CharacterOffsetEnd=414 PartOfSpeech=PUNCT Lemma=. NamedEntityTag=O]

Dependency Parse (enhanced plus plus dependencies):
root(ROOT-0, Ene.77-1)
punct(Ene.77-1, .-2)

Extracted the following NER entity mentions:

Sentence #6 (7 tokens):
-El 31 de enero ppdo.

Tokens:
[Text=- CharacterOffsetBegin=414 CharacterOffsetEnd=415 PartOfSpeech=PUNCT Lemma=- NamedEntityTag=O]
[Text=El CharacterOffsetBegin=415 CharacterOffsetEnd=417 PartOfSpeech=DET Lemma=el NamedEntityTag=O]
[Text=31 CharacterOffsetBegin=418 CharacterOffsetEnd=420 PartOfSpeech=NUM Lemma=31 NamedEntityTag=DATE NormalizedNamedEntityTag=XXXX-01-31 Timex=<TIMEX3 tid="t2" type="DATE" value="XXXX-01-31">31 de enero</TIMEX3>]
[Text=de CharacterOffsetBegin=421 CharacterOffsetEnd=423 PartOfSpeech=ADP Lemma=de NamedEntityTag=DATE NormalizedNamedEntityTag=XXXX-01-31 Timex=<TIMEX3 tid="t2" type="DATE" value="XXXX-01-31">31 de enero</TIMEX3>]
[Text=enero CharacterOffsetBegin=424 CharacterOffsetEnd=429 PartOfSpeech=NOUN Lemma=enero NamedEntityTag=DATE NormalizedNamedEntityTag=XXXX-01-31 Timex=<TIMEX3 tid="t2" type="DATE" value="XXXX-01-31">31 de enero</TIMEX3>]
[Text=ppdo CharacterOffsetBegin=430 CharacterOffsetEnd=434 PartOfSpeech=ADJ Lemma=ppdo NamedEntityTag=O]
[Text=. CharacterOffsetBegin=434 CharacterOffsetEnd=435 PartOfSpeech=PUNCT Lemma=. NamedEntityTag=O]

Dependency Parse (enhanced plus plus dependencies):
root(ROOT-0, 31-3)
punct(31-3, --1)
det(31-3, El-2)
case(enero-5, de-4)
compound(31-3, enero-5)
amod(31-3, ppdo-6)
punct(31-3, .-7)

Extracted the following NER entity mentions:
31 de enero	DATE	DATE:-1.0

Sentence #7 (15 tokens):
,en el exte-
rior del dormitorio universitario, Chilpan-
cingo Gro.

Tokens:
[Text=, CharacterOffsetBegin=435 CharacterOffsetEnd=436 PartOfSpeech=PUNCT Lemma=, NamedEntityTag=O]
[Text=en CharacterOffsetBegin=436 CharacterOffsetEnd=438 PartOfSpeech=ADP Lemma=en NamedEntityTag=O]
[Text=el CharacterOffsetBegin=439 CharacterOffsetEnd=441 PartOfSpeech=DET Lemma=el NamedEntityTag=O]
[Text=exte CharacterOffsetBegin=442 CharacterOffsetEnd=446 PartOfSpeech=NOUN Lemma=exte NamedEntityTag=O]
[Text=- CharacterOffsetBegin=446 CharacterOffsetEnd=447 PartOfSpeech=PUNCT Lemma=- NamedEntityTag=O]
[Text=rior CharacterOffsetBegin=448 CharacterOffsetEnd=452 PartOfSpeech=NOUN Lemma=rior NamedEntityTag=O]
[Text=del CharacterOffsetBegin=453 CharacterOffsetEnd=456 PartOfSpeech=ADP Lemma=del NamedEntityTag=O]
[Text=dormitorio CharacterOffsetBegin=457 CharacterOffsetEnd=467 PartOfSpeech=NOUN Lemma=dormitorio NamedEntityTag=O]
[Text=universitario CharacterOffsetBegin=468 CharacterOffsetEnd=481 PartOfSpeech=ADJ Lemma=universitario NamedEntityTag=O]
[Text=, CharacterOffsetBegin=481 CharacterOffsetEnd=482 PartOfSpeech=PUNCT Lemma=, NamedEntityTag=O]
[Text=Chilpan CharacterOffsetBegin=483 CharacterOffsetEnd=490 PartOfSpeech=PROPN Lemma=chilpan NamedEntityTag=O]
[Text=- CharacterOffsetBegin=490 CharacterOffsetEnd=491 PartOfSpeech=PUNCT Lemma=- NamedEntityTag=O]
[Text=cingo CharacterOffsetBegin=492 CharacterOffsetEnd=497 PartOfSpeech=NOUN Lemma=cingo NamedEntityTag=O]
[Text=Gro CharacterOffsetBegin=498 CharacterOffsetEnd=501 PartOfSpeech=PROPN Lemma=gro NamedEntityTag=O]
[Text=. CharacterOffsetBegin=501 CharacterOffsetEnd=502 PartOfSpeech=PUNCT Lemma=. NamedEntityTag=O]

Dependency Parse (enhanced plus plus dependencies):
root(ROOT-0, exte-4)
punct(exte-4, ,-1)
case(exte-4, en-2)
det(exte-4, el-3)
punct(exte-4, --5)
nmod(exte-4, rior-6)
case(dormitorio-8, del-7)
nmod(rior-6, dormitorio-8)
amod(dormitorio-8, universitario-9)
punct(exte-4, ,-10)
appos(exte-4, Chilpan-11)
punct(cingo-13, --12)
appos(Chilpan-11, cingo-13)
appos(cingo-13, Gro-14)
punct(exte-4, .-15)

Extracted the following NER entity mentions:

Sentence #8 (32 tokens):
, asistió a reunión, en la que se-
discutió la posibilidad de formar una nueva-
directiva en el S.T.A.I.S.U.A.G., ya que se-
afirmó que el Srio.

Tokens:
[Text=, CharacterOffsetBegin=502 CharacterOffsetEnd=503 PartOfSpeech=PUNCT Lemma=, NamedEntityTag=O]
[Text=asistió CharacterOffsetBegin=504 CharacterOffsetEnd=511 PartOfSpeech=VERB Lemma=asistió NamedEntityTag=O]
[Text=a CharacterOffsetBegin=512 CharacterOffsetEnd=513 PartOfSpeech=ADP Lemma=a NamedEntityTag=O]
[Text=reunión CharacterOffsetBegin=514 CharacterOffsetEnd=521 PartOfSpeech=NOUN Lemma=reunión NamedEntityTag=O]
[Text=, CharacterOffsetBegin=521 CharacterOffsetEnd=522 PartOfSpeech=PUNCT Lemma=, NamedEntityTag=O]
[Text=en CharacterOffsetBegin=523 CharacterOffsetEnd=525 PartOfSpeech=ADP Lemma=en NamedEntityTag=O]
[Text=la CharacterOffsetBegin=526 CharacterOffsetEnd=528 PartOfSpeech=DET Lemma=la NamedEntityTag=O]
[Text=que CharacterOffsetBegin=529 CharacterOffsetEnd=532 PartOfSpeech=PRON Lemma=que NamedEntityTag=O]
[Text=se CharacterOffsetBegin=533 CharacterOffsetEnd=535 PartOfSpeech=PRON Lemma=se NamedEntityTag=O]
[Text=- CharacterOffsetBegin=535 CharacterOffsetEnd=536 PartOfSpeech=PUNCT Lemma=- NamedEntityTag=O]
[Text=discutió CharacterOffsetBegin=537 CharacterOffsetEnd=545 PartOfSpeech=VERB Lemma=discutió NamedEntityTag=O]
[Text=la CharacterOffsetBegin=546 CharacterOffsetEnd=548 PartOfSpeech=DET Lemma=la NamedEntityTag=O]
[Text=posibilidad CharacterOffsetBegin=549 CharacterOffsetEnd=560 PartOfSpeech=NOUN Lemma=posibilidad NamedEntityTag=O]
[Text=de CharacterOffsetBegin=561 CharacterOffsetEnd=563 PartOfSpeech=ADP Lemma=de NamedEntityTag=O]
[Text=formar CharacterOffsetBegin=564 CharacterOffsetEnd=570 PartOfSpeech=VERB Lemma=formar NamedEntityTag=O]
[Text=una CharacterOffsetBegin=571 CharacterOffsetEnd=574 PartOfSpeech=DET Lemma=una NamedEntityTag=O]
[Text=nueva CharacterOffsetBegin=575 CharacterOffsetEnd=580 PartOfSpeech=ADJ Lemma=nueva NamedEntityTag=O]
[Text=- CharacterOffsetBegin=580 CharacterOffsetEnd=581 PartOfSpeech=PUNCT Lemma=- NamedEntityTag=O]
[Text=directiva CharacterOffsetBegin=582 CharacterOffsetEnd=591 PartOfSpeech=NOUN Lemma=directiva NamedEntityTag=O]
[Text=en CharacterOffsetBegin=592 CharacterOffsetEnd=594 PartOfSpeech=ADP Lemma=en NamedEntityTag=O]
[Text=el CharacterOffsetBegin=595 CharacterOffsetEnd=597 PartOfSpeech=DET Lemma=el NamedEntityTag=O]
[Text=S.T.A.I.S.U.A.G. CharacterOffsetBegin=598 CharacterOffsetEnd=614 PartOfSpeech=PROPN Lemma=s.t.a.i.s.u.a.g. NamedEntityTag=O]
[Text=, CharacterOffsetBegin=614 CharacterOffsetEnd=615 PartOfSpeech=PUNCT Lemma=, NamedEntityTag=O]
[Text=ya CharacterOffsetBegin=616 CharacterOffsetEnd=618 PartOfSpeech=ADV Lemma=ya NamedEntityTag=O]
[Text=que CharacterOffsetBegin=619 CharacterOffsetEnd=622 PartOfSpeech=SCONJ Lemma=que NamedEntityTag=O]
[Text=se CharacterOffsetBegin=623 CharacterOffsetEnd=625 PartOfSpeech=PRON Lemma=se NamedEntityTag=O]
[Text=- CharacterOffsetBegin=625 CharacterOffsetEnd=626 PartOfSpeech=PUNCT Lemma=- NamedEntityTag=O]
[Text=afirmó CharacterOffsetBegin=627 CharacterOffsetEnd=633 PartOfSpeech=VERB Lemma=afirmó NamedEntityTag=O]
[Text=que CharacterOffsetBegin=634 CharacterOffsetEnd=637 PartOfSpeech=SCONJ Lemma=que NamedEntityTag=O]
[Text=el CharacterOffsetBegin=638 CharacterOffsetEnd=640 PartOfSpeech=DET Lemma=el NamedEntityTag=O]
[Text=Srio CharacterOffsetBegin=641 CharacterOffsetEnd=645 PartOfSpeech=PROPN Lemma=srio NamedEntityTag=LOCATION]
[Text=. CharacterOffsetBegin=645 CharacterOffsetEnd=646 PartOfSpeech=PUNCT Lemma=. NamedEntityTag=O]

Dependency Parse (enhanced plus plus dependencies):
root(ROOT-0, afirmó-28)
punct(asistió-2, ,-1)
advcl(afirmó-28, asistió-2)
case(reunión-4, a-3)
obl(asistió-2, reunión-4)
punct(asistió-2, ,-5)
case(que-8, en-6)
det(que-8, la-7)
obl(discutió-11, que-8)
obj(discutió-11, se-9)
punct(discutió-11, --10)
advcl(asistió-2, discutió-11)
det(posibilidad-13, la-12)
nsubj(discutió-11, posibilidad-13)
mark(formar-15, de-14)
acl(posibilidad-13, formar-15)
det(directiva-19, una-16)
amod(directiva-19, nueva-17)
punct(directiva-19, --18)
obj(formar-15, directiva-19)
case(S.T.A.I.S.U.A.G.-22, en-20)
det(S.T.A.I.S.U.A.G.-22, el-21)
obl(formar-15, S.T.A.I.S.U.A.G.-22)
punct(asistió-2, ,-23)
mark(afirmó-28, ya-24)
fixed(ya-24, que-25)
obj(afirmó-28, se-26)
punct(afirmó-28, --27)
mark(Srio-31, que-29)
det(Srio-31, el-30)
obl(afirmó-28, Srio-31)
punct(afirmó-28, .-32)

Extracted the following NER entity mentions:
Srio	LOCATION	LOCATION:0.3726593179707348

Sentence #9 (5 tokens):
Gral.del mismo JOSAFAT -

Tokens:
[Text=Gral. CharacterOffsetBegin=646 CharacterOffsetEnd=651 PartOfSpeech=NOUN Lemma=gral. NamedEntityTag=O]
[Text=del CharacterOffsetBegin=651 CharacterOffsetEnd=654 PartOfSpeech=ADP Lemma=del NamedEntityTag=O]
[Text=mismo CharacterOffsetBegin=655 CharacterOffsetEnd=660 PartOfSpeech=DET Lemma=mismo NamedEntityTag=O]
[Text=JOSAFAT CharacterOffsetBegin=661 CharacterOffsetEnd=668 PartOfSpeech=PROPN Lemma=josafat NamedEntityTag=PERSON]
[Text=- CharacterOffsetBegin=669 CharacterOffsetEnd=670 PartOfSpeech=PUNCT Lemma=- NamedEntityTag=O]

Dependency Parse (enhanced plus plus dependencies):
root(ROOT-0, Gral.-1)
case(JOSAFAT-4, del-2)
det(JOSAFAT-4, mismo-3)
nmod(Gral.-1, JOSAFAT-4)
punct(Gral.-1, --5)

Extracted the following NER entity mentions:
JOSAFAT	PERSON	PERSON:0.8491572693081424
