Document: ID=file_190.txt (9 sentences, 168 tokens)

Sentence #1 (5 tokens):
UNIVERSIDAD AUTONOMA DE
Exp.

Tokens:
[Text=UNIVERSIDAD CharacterOffsetBegin=0 CharacterOffsetEnd=11 PartOfSpeech=PROPN Lemma=universidad NamedEntityTag=O]
[Text=AUTONOMA CharacterOffsetBegin=12 CharacterOffsetEnd=20 PartOfSpeech=PROPN Lemma=autonoma NamedEntityTag=O]
[Text=DE CharacterOffsetBegin=21 CharacterOffsetEnd=23 PartOfSpeech=ADP Lemma=de NamedEntityTag=O]
[Text=Exp CharacterOffsetBegin=24 CharacterOffsetEnd=27 PartOfSpeech=PROPN Lemma=exp NamedEntityTag=MISC]
[Text=. CharacterOffsetBegin=27 CharacterOffsetEnd=28 PartOfSpeech=PUNCT Lemma=. NamedEntityTag=O]

Dependency Parse (enhanced plus plus dependencies):
root(ROOT-0, UNIVERSIDAD-1)
flat(UNIVERSIDAD-1, AUTONOMA-2)
case(Exp-4, DE-3)
flat(UNIVERSIDAD-1, Exp-4)
punct(UNIVERSIDAD-1, .-5)

Extracted the following NER entity mentions:
Exp	MISC	MISC:0.48523469069371

Sentence #2 (3 tokens):
- 100-10-1-75.

Tokens:
[Text=- CharacterOffsetBegin=28 CharacterOffsetEnd=29 PartOfSpeech=PUNCT Lemma=- NamedEntityTag=O]
[Text=100-10-1-75 CharacterOffsetBegin=30 CharacterOffsetEnd=41 PartOfSpeech=NUM Lemma=100-10-1-75 NamedEntityTag=O]
[Text=. CharacterOffsetBegin=41 CharacterOffsetEnd=42 PartOfSpeech=PUNCT Lemma=. NamedEntityTag=O]

Dependency Parse (enhanced plus plus dependencies):
root(ROOT-0, 100-10-1-75-2)
punct(100-10-1-75-2, --1)
punct(100-10-1-75-2, .-3)

Extracted the following NER entity mentions:

Sentence #3 (2 tokens):
GUERRERO.

Tokens:
[Text=GUERRERO CharacterOffsetBegin=43 CharacterOffsetEnd=51 PartOfSpeech=NOUN Lemma=guerrero NamedEntityTag=TITLE]
[Text=. CharacterOffsetBegin=51 CharacterOffsetEnd=52 PartOfSpeech=PUNCT Lemma=. NamedEntityTag=O]

Dependency Parse (enhanced plus plus dependencies):
root(ROOT-0, GUERRERO-1)
punct(GUERRERO-1, .-2)

Extracted the following NER entity mentions:
GUERRERO	TITLE	-

Sentence #4 (40 tokens):
- (46) H-229 L-51
realmente es que las jornadas nacionales de solidaridad
con la U.A.G., están en puerta, en virtud de que las --
principales organizaciones sindicales como el STEUNAM,
SPAUNAM, y APAC.

Tokens:
[Text=- CharacterOffsetBegin=52 CharacterOffsetEnd=53 PartOfSpeech=PUNCT Lemma=- NamedEntityTag=O]
[Text=( CharacterOffsetBegin=54 CharacterOffsetEnd=55 PartOfSpeech=PUNCT Lemma=( NamedEntityTag=O]
[Text=46 CharacterOffsetBegin=55 CharacterOffsetEnd=57 PartOfSpeech=NUM Lemma=46 NamedEntityTag=NUMBER NormalizedNamedEntityTag=46.0]
[Text=) CharacterOffsetBegin=57 CharacterOffsetEnd=58 PartOfSpeech=PUNCT Lemma=) NamedEntityTag=O]
[Text=H-229 CharacterOffsetBegin=59 CharacterOffsetEnd=64 PartOfSpeech=PROPN Lemma=h-229 NamedEntityTag=O]
[Text=L-51 CharacterOffsetBegin=65 CharacterOffsetEnd=69 PartOfSpeech=PROPN Lemma=l-51 NamedEntityTag=MISC]
[Text=realmente CharacterOffsetBegin=70 CharacterOffsetEnd=79 PartOfSpeech=ADV Lemma=realmente NamedEntityTag=O]
[Text=es CharacterOffsetBegin=80 CharacterOffsetEnd=82 PartOfSpeech=AUX Lemma=es NamedEntityTag=O]
[Text=que CharacterOffsetBegin=83 CharacterOffsetEnd=86 PartOfSpeech=SCONJ Lemma=que NamedEntityTag=O]
[Text=las CharacterOffsetBegin=87 CharacterOffsetEnd=90 PartOfSpeech=DET Lemma=las NamedEntityTag=O]
[Text=jornadas CharacterOffsetBegin=91 CharacterOffsetEnd=99 PartOfSpeech=NOUN Lemma=jornadas NamedEntityTag=O]
[Text=nacionales CharacterOffsetBegin=100 CharacterOffsetEnd=110 PartOfSpeech=ADJ Lemma=nacionales NamedEntityTag=O]
[Text=de CharacterOffsetBegin=111 CharacterOffsetEnd=113 PartOfSpeech=ADP Lemma=de NamedEntityTag=O]
[Text=solidaridad CharacterOffsetBegin=114 CharacterOffsetEnd=125 PartOfSpeech=NOUN Lemma=solidaridad NamedEntityTag=O]
[Text=con CharacterOffsetBegin=126 CharacterOffsetEnd=129 PartOfSpeech=ADP Lemma=con NamedEntityTag=O]
[Text=la CharacterOffsetBegin=130 CharacterOffsetEnd=132 PartOfSpeech=DET Lemma=la NamedEntityTag=O]
[Text=U.A.G. CharacterOffsetBegin=133 CharacterOffsetEnd=139 PartOfSpeech=PROPN Lemma=u.a.g. NamedEntityTag=O]
[Text=, CharacterOffsetBegin=139 CharacterOffsetEnd=140 PartOfSpeech=PUNCT Lemma=, NamedEntityTag=O]
[Text=están CharacterOffsetBegin=141 CharacterOffsetEnd=146 PartOfSpeech=AUX Lemma=están NamedEntityTag=O]
[Text=en CharacterOffsetBegin=147 CharacterOffsetEnd=149 PartOfSpeech=ADP Lemma=en NamedEntityTag=O]
[Text=puerta CharacterOffsetBegin=150 CharacterOffsetEnd=156 PartOfSpeech=NOUN Lemma=puerta NamedEntityTag=O]
[Text=, CharacterOffsetBegin=156 CharacterOffsetEnd=157 PartOfSpeech=PUNCT Lemma=, NamedEntityTag=O]
[Text=en CharacterOffsetBegin=158 CharacterOffsetEnd=160 PartOfSpeech=ADP Lemma=en NamedEntityTag=O]
[Text=virtud CharacterOffsetBegin=161 CharacterOffsetEnd=167 PartOfSpeech=NOUN Lemma=virtud NamedEntityTag=O]
[Text=de CharacterOffsetBegin=168 CharacterOffsetEnd=170 PartOfSpeech=ADP Lemma=de NamedEntityTag=O]
[Text=que CharacterOffsetBegin=171 CharacterOffsetEnd=174 PartOfSpeech=SCONJ Lemma=que NamedEntityTag=O]
[Text=las CharacterOffsetBegin=175 CharacterOffsetEnd=178 PartOfSpeech=DET Lemma=las NamedEntityTag=O]
[Text=-- CharacterOffsetBegin=179 CharacterOffsetEnd=181 PartOfSpeech=NUM Lemma=-- NamedEntityTag=O]
[Text=principales CharacterOffsetBegin=182 CharacterOffsetEnd=193 PartOfSpeech=ADJ Lemma=principales NamedEntityTag=O]
[Text=organizaciones CharacterOffsetBegin=194 CharacterOffsetEnd=208 PartOfSpeech=NOUN Lemma=organizaciones NamedEntityTag=O]
[Text=sindicales CharacterOffsetBegin=209 CharacterOffsetEnd=219 PartOfSpeech=ADJ Lemma=sindicales NamedEntityTag=O]
[Text=como CharacterOffsetBegin=220 CharacterOffsetEnd=224 PartOfSpeech=SCONJ Lemma=como NamedEntityTag=O]
[Text=el CharacterOffsetBegin=225 CharacterOffsetEnd=227 PartOfSpeech=DET Lemma=el NamedEntityTag=O]
[Text=STEUNAM CharacterOffsetBegin=228 CharacterOffsetEnd=235 PartOfSpeech=PROPN Lemma=steunam NamedEntityTag=ORGANIZATION]
[Text=, CharacterOffsetBegin=235 CharacterOffsetEnd=236 PartOfSpeech=PUNCT Lemma=, NamedEntityTag=O]
[Text=SPAUNAM CharacterOffsetBegin=237 CharacterOffsetEnd=244 PartOfSpeech=PROPN Lemma=spaunam NamedEntityTag=ORGANIZATION]
[Text=, CharacterOffsetBegin=244 CharacterOffsetEnd=245 PartOfSpeech=PUNCT Lemma=, NamedEntityTag=O]
[Text=y CharacterOffsetBegin=246 CharacterOffsetEnd=247 PartOfSpeech=CCONJ Lemma=y NamedEntityTag=O]
[Text=APAC CharacterOffsetBegin=248 CharacterOffsetEnd=252 PartOfSpeech=PROPN Lemma=apac NamedEntityTag=ORGANIZATION]
[Text=. CharacterOffsetBegin=252 CharacterOffsetEnd=253 PartOfSpeech=PUNCT Lemma=. NamedEntityTag=O]

Dependency Parse (enhanced plus plus dependencies):
root(ROOT-0, es-8)
punct(46-3, --1)
punct(46-3, (-2)
parataxis(es-8, 46-3)
punct(46-3, )-4)
nsubj(es-8, H-229-5)
flat(H-229-5, L-51-6)
advmod(es-8, realmente-7)
mark(puerta-21, que-9)
det(jornadas-11, las-10)
nsubj(puerta-21, jornadas-11)
amod(jornadas-11, nacionales-12)
case(solidaridad-14, de-13)
nmod(jornadas-11, solidaridad-14)
case(U.A.G.-17, con-15)
det(U.A.G.-17, la-16)
nmod(jornadas-11, U.A.G.-17)
punct(jornadas-11, ,-18)
cop(puerta-21, están-19)
case(puerta-21, en-20)
ccomp(es-8, puerta-21)
punct(que-26, ,-22)
case(que-26, en-23)
fixed(en-23, virtud-24)
fixed(en-23, de-25)
advmod(puerta-21, que-26)
det(---28, las-27)
nummod(organizaciones-30, ---28)
amod(organizaciones-30, principales-29)
nsubj:pass(que-26, organizaciones-30)
amod(organizaciones-30, sindicales-31)
mark(STEUNAM-34, como-32)
det(STEUNAM-34, el-33)
nmod(organizaciones-30, STEUNAM-34)
punct(SPAUNAM-36, ,-35)
flat(STEUNAM-34, SPAUNAM-36)
punct(SPAUNAM-36, ,-37)
cc(APAC-39, y-38)
nmod(organizaciones-30, APAC-39)
conj:y(STEUNAM-34, APAC-39)
punct(organizaciones-30, .-40)

Extracted the following NER entity mentions:
46	NUMBER	NUMBER:-1.0
L-51	MISC	MISC:0.600674751712445
STEUNAM	ORGANIZATION	ORGANIZATION:0.704018289138096
SPAUNAM	ORGANIZATION	ORGANIZATION:0.6697258739957115
APAC	ORGANIZATION	ORGANIZATION:0.5763407224944107

Sentence #5 (37 tokens):
, acordaron celebrar 10 de los corrien -
tes un mitin de solidaridad en la explanada de C.U., -
con el objeto de brindar su apoyo al Rector, Dr. WENCES
REZA y al Quim.

Tokens:
[Text=, CharacterOffsetBegin=253 CharacterOffsetEnd=254 PartOfSpeech=PUNCT Lemma=, NamedEntityTag=O]
[Text=acordaron CharacterOffsetBegin=255 CharacterOffsetEnd=264 PartOfSpeech=VERB Lemma=acordaron NamedEntityTag=O]
[Text=celebrar CharacterOffsetBegin=265 CharacterOffsetEnd=273 PartOfSpeech=VERB Lemma=celebrar NamedEntityTag=O]
[Text=10 CharacterOffsetBegin=274 CharacterOffsetEnd=276 PartOfSpeech=NUM Lemma=10 NamedEntityTag=NUMBER NormalizedNamedEntityTag=10.0]
[Text=de CharacterOffsetBegin=277 CharacterOffsetEnd=279 PartOfSpeech=ADP Lemma=de NamedEntityTag=O]
[Text=los CharacterOffsetBegin=280 CharacterOffsetEnd=283 PartOfSpeech=DET Lemma=los NamedEntityTag=O]
[Text=corrien CharacterOffsetBegin=284 CharacterOffsetEnd=291 PartOfSpeech=NOUN Lemma=corrien NamedEntityTag=O]
[Text=- CharacterOffsetBegin=292 CharacterOffsetEnd=293 PartOfSpeech=PUNCT Lemma=- NamedEntityTag=O]
[Text=tes CharacterOffsetBegin=294 CharacterOffsetEnd=297 PartOfSpeech=NOUN Lemma=tes NamedEntityTag=O]
[Text=un CharacterOffsetBegin=298 CharacterOffsetEnd=300 PartOfSpeech=DET Lemma=un NamedEntityTag=O]
[Text=mitin CharacterOffsetBegin=301 CharacterOffsetEnd=306 PartOfSpeech=NOUN Lemma=mitin NamedEntityTag=O]
[Text=de CharacterOffsetBegin=307 CharacterOffsetEnd=309 PartOfSpeech=ADP Lemma=de NamedEntityTag=O]
[Text=solidaridad CharacterOffsetBegin=310 CharacterOffsetEnd=321 PartOfSpeech=NOUN Lemma=solidaridad NamedEntityTag=O]
[Text=en CharacterOffsetBegin=322 CharacterOffsetEnd=324 PartOfSpeech=ADP Lemma=en NamedEntityTag=O]
[Text=la CharacterOffsetBegin=325 CharacterOffsetEnd=327 PartOfSpeech=DET Lemma=la NamedEntityTag=O]
[Text=explanada CharacterOffsetBegin=328 CharacterOffsetEnd=337 PartOfSpeech=NOUN Lemma=explanada NamedEntityTag=O]
[Text=de CharacterOffsetBegin=338 CharacterOffsetEnd=340 PartOfSpeech=ADP Lemma=de NamedEntityTag=O]
[Text=C.U. CharacterOffsetBegin=341 CharacterOffsetEnd=345 PartOfSpeech=PROPN Lemma=c.u. NamedEntityTag=MISC]
[Text=, CharacterOffsetBegin=345 CharacterOffsetEnd=346 PartOfSpeech=PUNCT Lemma=, NamedEntityTag=O]
[Text=- CharacterOffsetBegin=347 CharacterOffsetEnd=348 PartOfSpeech=PUNCT Lemma=- NamedEntityTag=O]
[Text=con CharacterOffsetBegin=349 CharacterOffsetEnd=352 PartOfSpeech=ADP Lemma=con NamedEntityTag=O]
[Text=el CharacterOffsetBegin=353 CharacterOffsetEnd=355 PartOfSpeech=DET Lemma=el NamedEntityTag=O]
[Text=objeto CharacterOffsetBegin=356 CharacterOffsetEnd=362 PartOfSpeech=NOUN Lemma=objeto NamedEntityTag=O]
[Text=de CharacterOffsetBegin=363 CharacterOffsetEnd=365 PartOfSpeech=ADP Lemma=de NamedEntityTag=O]
[Text=brindar CharacterOffsetBegin=366 CharacterOffsetEnd=373 PartOfSpeech=VERB Lemma=brindar NamedEntityTag=O]
[Text=su CharacterOffsetBegin=374 CharacterOffsetEnd=376 PartOfSpeech=DET Lemma=su NamedEntityTag=O]
[Text=apoyo CharacterOffsetBegin=377 CharacterOffsetEnd=382 PartOfSpeech=NOUN Lemma=apoyo NamedEntityTag=O]
[Text=al CharacterOffsetBegin=383 CharacterOffsetEnd=385 PartOfSpeech=ADP Lemma=al NamedEntityTag=O]
[Text=Rector CharacterOffsetBegin=386 CharacterOffsetEnd=392 PartOfSpeech=PROPN Lemma=rector NamedEntityTag=ORGANIZATION]
[Text=, CharacterOffsetBegin=392 CharacterOffsetEnd=393 PartOfSpeech=PUNCT Lemma=, NamedEntityTag=O]
[Text=Dr. CharacterOffsetBegin=394 CharacterOffsetEnd=397 PartOfSpeech=PROPN Lemma=dr. NamedEntityTag=O]
[Text=WENCES CharacterOffsetBegin=398 CharacterOffsetEnd=404 PartOfSpeech=PROPN Lemma=wences NamedEntityTag=O]
[Text=REZA CharacterOffsetBegin=405 CharacterOffsetEnd=409 PartOfSpeech=PROPN Lemma=reza NamedEntityTag=O]
[Text=y CharacterOffsetBegin=410 CharacterOffsetEnd=411 PartOfSpeech=CCONJ Lemma=y NamedEntityTag=O]
[Text=al CharacterOffsetBegin=412 CharacterOffsetEnd=414 PartOfSpeech=ADP Lemma=al NamedEntityTag=O]
[Text=Quim CharacterOffsetBegin=415 CharacterOffsetEnd=419 PartOfSpeech=PROPN Lemma=quim NamedEntityTag=PERSON]
[Text=. CharacterOffsetBegin=419 CharacterOffsetEnd=420 PartOfSpeech=PUNCT Lemma=. NamedEntityTag=O]

Dependency Parse (enhanced plus plus dependencies):
root(ROOT-0, acordaron-2)
punct(acordaron-2, ,-1)
xcomp(acordaron-2, celebrar-3)
nummod(tes-9, 10-4)
case(corrien-7, de-5)
det(corrien-7, los-6)
nmod(10-4, corrien-7)
punct(10-4, --8)
obj(celebrar-3, tes-9)
det(mitin-11, un-10)
appos(tes-9, mitin-11)
case(solidaridad-13, de-12)
nmod(mitin-11, solidaridad-13)
case(explanada-16, en-14)
det(explanada-16, la-15)
obl(celebrar-3, explanada-16)
case(C.U.-18, de-17)
nmod(explanada-16, C.U.-18)
punct(objeto-23, ,-19)
punct(objeto-23, --20)
case(objeto-23, con-21)
det(objeto-23, el-22)
appos(explanada-16, objeto-23)
mark(brindar-25, de-24)
acl(objeto-23, brindar-25)
det(apoyo-27, su-26)
obj(brindar-25, apoyo-27)
case(Rector-29, al-28)
obj(brindar-25, Rector-29)
punct(Dr.-31, ,-30)
conj(Rector-29, Dr.-31)
flat(Dr.-31, WENCES-32)
flat(Dr.-31, REZA-33)
cc(Quim-36, y-34)
case(Quim-36, al-35)
obj(brindar-25, Quim-36)
conj:y(Rector-29, Quim-36)
punct(acordaron-2, .-37)

Extracted the following NER entity mentions:
10	NUMBER	NUMBER:-1.0
C.U.	MISC	MISC:0.5626939335321426
Rector	ORGANIZATION	ORGANIZATION:0.2946797901729522
Quim	PERSON	PERSON:0.5485266702757176

Sentence #6 (17 tokens):
MORALES CARRANZA , así como para pedir el
desalojo de los edificios ocupados por la Policía.

Tokens:
[Text=MORALES CharacterOffsetBegin=421 CharacterOffsetEnd=428 PartOfSpeech=ADJ Lemma=morales NamedEntityTag=PERSON]
[Text=CARRANZA CharacterOffsetBegin=429 CharacterOffsetEnd=437 PartOfSpeech=NOUN Lemma=carranza NamedEntityTag=PERSON]
[Text=, CharacterOffsetBegin=438 CharacterOffsetEnd=439 PartOfSpeech=PUNCT Lemma=, NamedEntityTag=O]
[Text=así CharacterOffsetBegin=440 CharacterOffsetEnd=443 PartOfSpeech=ADV Lemma=así NamedEntityTag=O]
[Text=como CharacterOffsetBegin=444 CharacterOffsetEnd=448 PartOfSpeech=SCONJ Lemma=como NamedEntityTag=O]
[Text=para CharacterOffsetBegin=449 CharacterOffsetEnd=453 PartOfSpeech=ADP Lemma=para NamedEntityTag=O]
[Text=pedir CharacterOffsetBegin=454 CharacterOffsetEnd=459 PartOfSpeech=VERB Lemma=pedir NamedEntityTag=O]
[Text=el CharacterOffsetBegin=460 CharacterOffsetEnd=462 PartOfSpeech=DET Lemma=el NamedEntityTag=O]
[Text=desalojo CharacterOffsetBegin=463 CharacterOffsetEnd=471 PartOfSpeech=NOUN Lemma=desalojo NamedEntityTag=O]
[Text=de CharacterOffsetBegin=472 CharacterOffsetEnd=474 PartOfSpeech=ADP Lemma=de NamedEntityTag=O]
[Text=los CharacterOffsetBegin=475 CharacterOffsetEnd=478 PartOfSpeech=DET Lemma=los NamedEntityTag=O]
[Text=edificios CharacterOffsetBegin=479 CharacterOffsetEnd=488 PartOfSpeech=NOUN Lemma=edificios NamedEntityTag=O]
[Text=ocupados CharacterOffsetBegin=489 CharacterOffsetEnd=497 PartOfSpeech=ADJ Lemma=ocupados NamedEntityTag=O]
[Text=por CharacterOffsetBegin=498 CharacterOffsetEnd=501 PartOfSpeech=ADP Lemma=por NamedEntityTag=O]
[Text=la CharacterOffsetBegin=502 CharacterOffsetEnd=504 PartOfSpeech=DET Lemma=la NamedEntityTag=O]
[Text=Policía CharacterOffsetBegin=505 CharacterOffsetEnd=512 PartOfSpeech=PROPN Lemma=policía NamedEntityTag=ORGANIZATION]
[Text=. CharacterOffsetBegin=512 CharacterOffsetEnd=513 PartOfSpeech=PUNCT Lemma=. NamedEntityTag=O]

Dependency Parse (enhanced plus plus dependencies):
root(ROOT-0, CARRANZA-2)
amod(CARRANZA-2, MORALES-1)
punct(así-4, ,-3)
advmod(CARRANZA-2, así-4)
fixed(así-4, como-5)
mark(pedir-7, para-6)
advcl(así-4, pedir-7)
det(desalojo-9, el-8)
obj(pedir-7, desalojo-9)
case(edificios-12, de-10)
det(edificios-12, los-11)
nmod(desalojo-9, edificios-12)
amod(edificios-12, ocupados-13)
case(Policía-16, por-14)
det(Policía-16, la-15)
obj(ocupados-13, Policía-16)
punct(CARRANZA-2, .-17)

Extracted the following NER entity mentions:
MORALES CARRANZA	PERSON	PERSON:0.7819112280388408
Policía	ORGANIZATION	ORGANIZATION:0.8643278492633095

Sentence #7 (19 tokens):
- Fi-
nalmente señaló que elmísmo 10 actual se afectará ---
una manifestación en Chilpancingo, Gro.

Tokens:
[Text=- CharacterOffsetBegin=513 CharacterOffsetEnd=514 PartOfSpeech=PUNCT Lemma=- NamedEntityTag=O]
[Text=Fi CharacterOffsetBegin=515 CharacterOffsetEnd=517 PartOfSpeech=NOUN Lemma=fi NamedEntityTag=O]
[Text=- CharacterOffsetBegin=517 CharacterOffsetEnd=518 PartOfSpeech=PUNCT Lemma=- NamedEntityTag=O]
[Text=nalmente CharacterOffsetBegin=519 CharacterOffsetEnd=527 PartOfSpeech=ADV Lemma=nalmente NamedEntityTag=O]
[Text=señaló CharacterOffsetBegin=528 CharacterOffsetEnd=534 PartOfSpeech=VERB Lemma=señaló NamedEntityTag=O]
[Text=que CharacterOffsetBegin=535 CharacterOffsetEnd=538 PartOfSpeech=SCONJ Lemma=que NamedEntityTag=O]
[Text=elmísmo CharacterOffsetBegin=539 CharacterOffsetEnd=546 PartOfSpeech=VERB Lemma=elmísmo NamedEntityTag=O]
[Text=10 CharacterOffsetBegin=547 CharacterOffsetEnd=549 PartOfSpeech=NUM Lemma=10 NamedEntityTag=NUMBER NormalizedNamedEntityTag=10.0]
[Text=actual CharacterOffsetBegin=550 CharacterOffsetEnd=556 PartOfSpeech=ADJ Lemma=actual NamedEntityTag=O]
[Text=se CharacterOffsetBegin=557 CharacterOffsetEnd=559 PartOfSpeech=PRON Lemma=se NamedEntityTag=O]
[Text=afectará CharacterOffsetBegin=560 CharacterOffsetEnd=568 PartOfSpeech=VERB Lemma=afectará NamedEntityTag=O]
[Text=--- CharacterOffsetBegin=569 CharacterOffsetEnd=572 PartOfSpeech=NUM Lemma=--- NamedEntityTag=O]
[Text=una CharacterOffsetBegin=573 CharacterOffsetEnd=576 PartOfSpeech=DET Lemma=una NamedEntityTag=O]
[Text=manifestación CharacterOffsetBegin=577 CharacterOffsetEnd=590 PartOfSpeech=NOUN Lemma=manifestación NamedEntityTag=O]
[Text=en CharacterOffsetBegin=591 CharacterOffsetEnd=593 PartOfSpeech=ADP Lemma=en NamedEntityTag=O]
[Text=Chilpancingo CharacterOffsetBegin=594 CharacterOffsetEnd=606 PartOfSpeech=PROPN Lemma=chilpancingo NamedEntityTag=CITY]
[Text=, CharacterOffsetBegin=606 CharacterOffsetEnd=607 PartOfSpeech=PUNCT Lemma=, NamedEntityTag=O]
[Text=Gro CharacterOffsetBegin=608 CharacterOffsetEnd=611 PartOfSpeech=PROPN Lemma=gro NamedEntityTag=O]
[Text=. CharacterOffsetBegin=611 CharacterOffsetEnd=612 PartOfSpeech=PUNCT Lemma=. NamedEntityTag=O]

Dependency Parse (enhanced plus plus dependencies):
root(ROOT-0, señaló-5)
punct(Fi-2, --1)
obl(señaló-5, Fi-2)
punct(Fi-2, --3)
advmod(señaló-5, nalmente-4)
mark(elmísmo-7, que-6)
ccomp(señaló-5, elmísmo-7)
nsubj(afectará-11, 10-8)
amod(10-8, actual-9)
obj(afectará-11, se-10)
ccomp(elmísmo-7, afectará-11)
nummod(manifestación-14, ----12)
det(manifestación-14, una-13)
obj(afectará-11, manifestación-14)
case(Chilpancingo-16, en-15)
nmod(manifestación-14, Chilpancingo-16)
punct(Gro-18, ,-17)
flat(Chilpancingo-16, Gro-18)
punct(señaló-5, .-19)

Extracted the following NER entity mentions:
10	NUMBER	NUMBER:-1.0
Chilpancingo	CITY	LOCATION:0.9998572933372238

Sentence #8 (23 tokens):
, con la partici-
pación de estudiantes de la U.A.G., la cual se trsaladará al Pala-
cio de Gbno.

Tokens:
[Text=, CharacterOffsetBegin=612 CharacterOffsetEnd=613 PartOfSpeech=PUNCT Lemma=, NamedEntityTag=O]
[Text=con CharacterOffsetBegin=614 CharacterOffsetEnd=617 PartOfSpeech=ADP Lemma=con NamedEntityTag=O]
[Text=la CharacterOffsetBegin=618 CharacterOffsetEnd=620 PartOfSpeech=DET Lemma=la NamedEntityTag=O]
[Text=partici CharacterOffsetBegin=621 CharacterOffsetEnd=628 PartOfSpeech=NOUN Lemma=partici NamedEntityTag=O]
[Text=- CharacterOffsetBegin=628 CharacterOffsetEnd=629 PartOfSpeech=PUNCT Lemma=- NamedEntityTag=O]
[Text=pación CharacterOffsetBegin=630 CharacterOffsetEnd=636 PartOfSpeech=NOUN Lemma=pación NamedEntityTag=O]
[Text=de CharacterOffsetBegin=637 CharacterOffsetEnd=639 PartOfSpeech=ADP Lemma=de NamedEntityTag=O]
[Text=estudiantes CharacterOffsetBegin=640 CharacterOffsetEnd=651 PartOfSpeech=NOUN Lemma=estudiantes NamedEntityTag=O]
[Text=de CharacterOffsetBegin=652 CharacterOffsetEnd=654 PartOfSpeech=ADP Lemma=de NamedEntityTag=O]
[Text=la CharacterOffsetBegin=655 CharacterOffsetEnd=657 PartOfSpeech=DET Lemma=la NamedEntityTag=O]
[Text=U.A.G. CharacterOffsetBegin=658 CharacterOffsetEnd=664 PartOfSpeech=PROPN Lemma=u.a.g. NamedEntityTag=O]
[Text=, CharacterOffsetBegin=664 CharacterOffsetEnd=665 PartOfSpeech=PUNCT Lemma=, NamedEntityTag=O]
[Text=la CharacterOffsetBegin=666 CharacterOffsetEnd=668 PartOfSpeech=DET Lemma=la NamedEntityTag=O]
[Text=cual CharacterOffsetBegin=669 CharacterOffsetEnd=673 PartOfSpeech=PRON Lemma=cual NamedEntityTag=O]
[Text=se CharacterOffsetBegin=674 CharacterOffsetEnd=676 PartOfSpeech=PRON Lemma=se NamedEntityTag=O]
[Text=trsaladará CharacterOffsetBegin=677 CharacterOffsetEnd=687 PartOfSpeech=VERB Lemma=trsaladará NamedEntityTag=O]
[Text=al CharacterOffsetBegin=688 CharacterOffsetEnd=690 PartOfSpeech=ADP Lemma=al NamedEntityTag=O]
[Text=Pala CharacterOffsetBegin=691 CharacterOffsetEnd=695 PartOfSpeech=PROPN Lemma=pala NamedEntityTag=MISC]
[Text=- CharacterOffsetBegin=695 CharacterOffsetEnd=696 PartOfSpeech=PUNCT Lemma=- NamedEntityTag=MISC]
[Text=cio CharacterOffsetBegin=697 CharacterOffsetEnd=700 PartOfSpeech=NOUN Lemma=cio NamedEntityTag=O]
[Text=de CharacterOffsetBegin=701 CharacterOffsetEnd=703 PartOfSpeech=ADP Lemma=de NamedEntityTag=O]
[Text=Gbno CharacterOffsetBegin=704 CharacterOffsetEnd=708 PartOfSpeech=PROPN Lemma=gbno NamedEntityTag=LOCATION]
[Text=. CharacterOffsetBegin=708 CharacterOffsetEnd=709 PartOfSpeech=PUNCT Lemma=. NamedEntityTag=O]

Dependency Parse (enhanced plus plus dependencies):
root(ROOT-0, partici-4)
punct(partici-4, ,-1)
case(partici-4, con-2)
det(partici-4, la-3)
punct(partici-4, --5)
nmod(partici-4, pación-6)
case(estudiantes-8, de-7)
nmod(pación-6, estudiantes-8)
case(U.A.G.-11, de-9)
det(U.A.G.-11, la-10)
nmod(pación-6, U.A.G.-11)
punct(trsaladará-16, ,-12)
det(cual-14, la-13)
nsubj(trsaladará-16, cual-14)
obj(trsaladará-16, se-15)
acl(U.A.G.-11, trsaladará-16)
case(Pala-18, al-17)
obj(trsaladará-16, Pala-18)
punct(cio-20, --19)
obj(trsaladará-16, cio-20)
case(Gbno-22, de-21)
nmod(cio-20, Gbno-22)
punct(partici-4, .-23)

Extracted the following NER entity mentions:
Pala-	MISC	MISC:0.42816889645463235
Gbno	LOCATION	LOCATION:0.45641061464414023

Sentence #9 (22 tokens):
, a fin de tratar de entrevistarse con el-
Mandatario Estatal y hacerle ver la fuerza del movi ---

Tokens:
[Text=, CharacterOffsetBegin=710 CharacterOffsetEnd=711 PartOfSpeech=PUNCT Lemma=, NamedEntityTag=O]
[Text=a CharacterOffsetBegin=712 CharacterOffsetEnd=713 PartOfSpeech=ADP Lemma=a NamedEntityTag=O]
[Text=fin CharacterOffsetBegin=714 CharacterOffsetEnd=717 PartOfSpeech=NOUN Lemma=fin NamedEntityTag=O]
[Text=de CharacterOffsetBegin=718 CharacterOffsetEnd=720 PartOfSpeech=ADP Lemma=de NamedEntityTag=O]
[Text=tratar CharacterOffsetBegin=721 CharacterOffsetEnd=727 PartOfSpeech=VERB Lemma=tratar NamedEntityTag=O]
[Text=de CharacterOffsetBegin=728 CharacterOffsetEnd=730 PartOfSpeech=ADP Lemma=de NamedEntityTag=O]
[Text=entrevistar CharacterOffsetBegin=731 CharacterOffsetEnd=744 PartOfSpeech=VERB Lemma=entrevistar NamedEntityTag=O]
[Text=se CharacterOffsetBegin=731 CharacterOffsetEnd=744 PartOfSpeech=PRON Lemma=se NamedEntityTag=O]
[Text=con CharacterOffsetBegin=745 CharacterOffsetEnd=748 PartOfSpeech=ADP Lemma=con NamedEntityTag=O]
[Text=el CharacterOffsetBegin=749 CharacterOffsetEnd=751 PartOfSpeech=DET Lemma=el NamedEntityTag=O]
[Text=- CharacterOffsetBegin=751 CharacterOffsetEnd=752 PartOfSpeech=PUNCT Lemma=- NamedEntityTag=O]
[Text=Mandatario CharacterOffsetBegin=753 CharacterOffsetEnd=763 PartOfSpeech=PROPN Lemma=mandatario NamedEntityTag=PERSON]
[Text=Estatal CharacterOffsetBegin=764 CharacterOffsetEnd=771 PartOfSpeech=PROPN Lemma=estatal NamedEntityTag=PERSON]
[Text=y CharacterOffsetBegin=772 CharacterOffsetEnd=773 PartOfSpeech=CCONJ Lemma=y NamedEntityTag=O]
[Text=hacer CharacterOffsetBegin=774 CharacterOffsetEnd=781 PartOfSpeech=VERB Lemma=hacer NamedEntityTag=O]
[Text=le CharacterOffsetBegin=774 CharacterOffsetEnd=781 PartOfSpeech=PRON Lemma=le NamedEntityTag=O]
[Text=ver CharacterOffsetBegin=782 CharacterOffsetEnd=785 PartOfSpeech=VERB Lemma=ver NamedEntityTag=O]
[Text=la CharacterOffsetBegin=786 CharacterOffsetEnd=788 PartOfSpeech=DET Lemma=la NamedEntityTag=O]
[Text=fuerza CharacterOffsetBegin=789 CharacterOffsetEnd=795 PartOfSpeech=NOUN Lemma=fuerza NamedEntityTag=O]
[Text=del CharacterOffsetBegin=796 CharacterOffsetEnd=799 PartOfSpeech=ADP Lemma=del NamedEntityTag=O]
[Text=movi CharacterOffsetBegin=800 CharacterOffsetEnd=804 PartOfSpeech=NOUN Lemma=movi NamedEntityTag=O]
[Text=--- CharacterOffsetBegin=805 CharacterOffsetEnd=808 PartOfSpeech=ADJ Lemma=--- NamedEntityTag=O]

Dependency Parse (enhanced plus plus dependencies):
root(ROOT-0, tratar-5)
xcomp(tratar-5, entrevistar-7)
obj(entrevistar-7, se-8)
conj:y(entrevistar-7, hacer-15)
xcomp(tratar-5, hacer-15)
obj(hacer-15, le-16)
punct(tratar-5, ,-1)
mark(tratar-5, a-2)
fixed(a-2, fin-3)
fixed(a-2, de-4)
mark(entrevistar-7, de-6)
case(Mandatario-12, con-9)
det(Mandatario-12, el-10)
punct(Mandatario-12, --11)
obj(entrevistar-7, Mandatario-12)
flat(Mandatario-12, Estatal-13)
cc(hacer-15, y-14)
xcomp(hacer-15, ver-17)
det(fuerza-19, la-18)
obj(ver-17, fuerza-19)
case(movi-21, del-20)
nmod(fuerza-19, movi-21)
amod(movi-21, ----22)

Extracted the following NER entity mentions:
Mandatario Estatal	PERSON	PERSON:0.4558286828884154
