Document: ID=file_241.txt (4 sentences, 142 tokens)

Sentence #1 (41 tokens):
res administrativos y de intendencia se comen
zaron a organizar con objeto de acurdir ante
la Junta Local de Conciliación y Arbitraje a
efectio de que esta Dependencia determinará-
el grado de culpabilidad de quienes violaron
los referidos sellos.

Tokens:
[Text=res CharacterOffsetBegin=0 CharacterOffsetEnd=3 PartOfSpeech=NOUN Lemma=res NamedEntityTag=O]
[Text=administrativos CharacterOffsetBegin=4 CharacterOffsetEnd=19 PartOfSpeech=NOUN Lemma=administrativos NamedEntityTag=O]
[Text=y CharacterOffsetBegin=20 CharacterOffsetEnd=21 PartOfSpeech=CCONJ Lemma=y NamedEntityTag=O]
[Text=de CharacterOffsetBegin=22 CharacterOffsetEnd=24 PartOfSpeech=ADP Lemma=de NamedEntityTag=O]
[Text=intendencia CharacterOffsetBegin=25 CharacterOffsetEnd=36 PartOfSpeech=NOUN Lemma=intendencia NamedEntityTag=O]
[Text=se CharacterOffsetBegin=37 CharacterOffsetEnd=39 PartOfSpeech=PRON Lemma=se NamedEntityTag=O]
[Text=comen CharacterOffsetBegin=40 CharacterOffsetEnd=45 PartOfSpeech=VERB Lemma=comen NamedEntityTag=O]
[Text=zaron CharacterOffsetBegin=46 CharacterOffsetEnd=51 PartOfSpeech=VERB Lemma=zaron NamedEntityTag=O]
[Text=a CharacterOffsetBegin=52 CharacterOffsetEnd=53 PartOfSpeech=ADP Lemma=a NamedEntityTag=O]
[Text=organizar CharacterOffsetBegin=54 CharacterOffsetEnd=63 PartOfSpeech=VERB Lemma=organizar NamedEntityTag=O]
[Text=con CharacterOffsetBegin=64 CharacterOffsetEnd=67 PartOfSpeech=ADP Lemma=con NamedEntityTag=O]
[Text=objeto CharacterOffsetBegin=68 CharacterOffsetEnd=74 PartOfSpeech=NOUN Lemma=objeto NamedEntityTag=O]
[Text=de CharacterOffsetBegin=75 CharacterOffsetEnd=77 PartOfSpeech=ADP Lemma=de NamedEntityTag=O]
[Text=acurdir CharacterOffsetBegin=78 CharacterOffsetEnd=85 PartOfSpeech=VERB Lemma=acurdir NamedEntityTag=O]
[Text=ante CharacterOffsetBegin=86 CharacterOffsetEnd=90 PartOfSpeech=ADP Lemma=ante NamedEntityTag=O]
[Text=la CharacterOffsetBegin=91 CharacterOffsetEnd=93 PartOfSpeech=DET Lemma=la NamedEntityTag=O]
[Text=Junta CharacterOffsetBegin=94 CharacterOffsetEnd=99 PartOfSpeech=PROPN Lemma=junta NamedEntityTag=ORGANIZATION]
[Text=Local CharacterOffsetBegin=100 CharacterOffsetEnd=105 PartOfSpeech=PROPN Lemma=local NamedEntityTag=ORGANIZATION]
[Text=de CharacterOffsetBegin=106 CharacterOffsetEnd=108 PartOfSpeech=ADP Lemma=de NamedEntityTag=ORGANIZATION]
[Text=Conciliación CharacterOffsetBegin=109 CharacterOffsetEnd=121 PartOfSpeech=PROPN Lemma=conciliación NamedEntityTag=ORGANIZATION]
[Text=y CharacterOffsetBegin=122 CharacterOffsetEnd=123 PartOfSpeech=CCONJ Lemma=y NamedEntityTag=ORGANIZATION]
[Text=Arbitraje CharacterOffsetBegin=124 CharacterOffsetEnd=133 PartOfSpeech=PROPN Lemma=arbitraje NamedEntityTag=ORGANIZATION]
[Text=a CharacterOffsetBegin=134 CharacterOffsetEnd=135 PartOfSpeech=ADP Lemma=a NamedEntityTag=O]
[Text=efectio CharacterOffsetBegin=136 CharacterOffsetEnd=143 PartOfSpeech=NOUN Lemma=efectio NamedEntityTag=O]
[Text=de CharacterOffsetBegin=144 CharacterOffsetEnd=146 PartOfSpeech=ADP Lemma=de NamedEntityTag=O]
[Text=que CharacterOffsetBegin=147 CharacterOffsetEnd=150 PartOfSpeech=SCONJ Lemma=que NamedEntityTag=O]
[Text=esta CharacterOffsetBegin=151 CharacterOffsetEnd=155 PartOfSpeech=DET Lemma=esta NamedEntityTag=O]
[Text=Dependencia CharacterOffsetBegin=156 CharacterOffsetEnd=167 PartOfSpeech=PROPN Lemma=dependencia NamedEntityTag=O]
[Text=determinará CharacterOffsetBegin=168 CharacterOffsetEnd=179 PartOfSpeech=VERB Lemma=determinará NamedEntityTag=O]
[Text=- CharacterOffsetBegin=179 CharacterOffsetEnd=180 PartOfSpeech=PUNCT Lemma=- NamedEntityTag=O]
[Text=el CharacterOffsetBegin=181 CharacterOffsetEnd=183 PartOfSpeech=DET Lemma=el NamedEntityTag=O]
[Text=grado CharacterOffsetBegin=184 CharacterOffsetEnd=189 PartOfSpeech=NOUN Lemma=grado NamedEntityTag=O]
[Text=de CharacterOffsetBegin=190 CharacterOffsetEnd=192 PartOfSpeech=ADP Lemma=de NamedEntityTag=O]
[Text=culpabilidad CharacterOffsetBegin=193 CharacterOffsetEnd=205 PartOfSpeech=NOUN Lemma=culpabilidad NamedEntityTag=O]
[Text=de CharacterOffsetBegin=206 CharacterOffsetEnd=208 PartOfSpeech=ADP Lemma=de NamedEntityTag=O]
[Text=quienes CharacterOffsetBegin=209 CharacterOffsetEnd=216 PartOfSpeech=PRON Lemma=quienes NamedEntityTag=O]
[Text=violaron CharacterOffsetBegin=217 CharacterOffsetEnd=225 PartOfSpeech=VERB Lemma=violaron NamedEntityTag=O]
[Text=los CharacterOffsetBegin=226 CharacterOffsetEnd=229 PartOfSpeech=DET Lemma=los NamedEntityTag=O]
[Text=referidos CharacterOffsetBegin=230 CharacterOffsetEnd=239 PartOfSpeech=ADJ Lemma=referidos NamedEntityTag=O]
[Text=sellos CharacterOffsetBegin=240 CharacterOffsetEnd=246 PartOfSpeech=NOUN Lemma=sellos NamedEntityTag=O]
[Text=. CharacterOffsetBegin=246 CharacterOffsetEnd=247 PartOfSpeech=PUNCT Lemma=. NamedEntityTag=O]

Dependency Parse (enhanced plus plus dependencies):
root(ROOT-0, comen-7)
amod(administrativos-2, res-1)
nsubj(comen-7, administrativos-2)
cc(intendencia-5, y-3)
case(intendencia-5, de-4)
conj:y(administrativos-2, intendencia-5)
nsubj(comen-7, intendencia-5)
iobj(comen-7, se-6)
aux(organizar-10, zaron-8)
mark(organizar-10, a-9)
xcomp(comen-7, organizar-10)
mark(acurdir-14, con-11)
fixed(con-11, objeto-12)
fixed(con-11, de-13)
advcl(organizar-10, acurdir-14)
advcl(organizar-10, acurdir-14)
case(Junta-17, ante-15)
det(Junta-17, la-16)
obl(acurdir-14, Junta-17)
flat(Junta-17, Local-18)
case(Conciliación-20, de-19)
flat(Junta-17, Conciliación-20)
cc(Arbitraje-22, y-21)
obl(acurdir-14, Arbitraje-22)
conj:y(Junta-17, Arbitraje-22)
mark(determinará-29, a-23)
fixed(a-23, efectio-24)
fixed(a-23, de-25)
mark(determinará-29, que-26)
det(Dependencia-28, esta-27)
nsubj(determinará-29, Dependencia-28)
ccomp(acurdir-14, determinará-29)
punct(grado-32, --30)
det(grado-32, el-31)
obj(determinará-29, grado-32)
case(culpabilidad-34, de-33)
nmod(grado-32, culpabilidad-34)
mark(violaron-37, de-35)
nsubj(violaron-37, quienes-36)
acl(culpabilidad-34, violaron-37)
det(sellos-40, los-38)
amod(sellos-40, referidos-39)
obj(violaron-37, sellos-40)
punct(comen-7, .-41)

Extracted the following NER entity mentions:
Junta Local de Conciliación y Arbitraje	ORGANIZATION	ORGANIZATION:0.7491708225074144

Sentence #2 (8 tokens):
A partir de las 17.00 --
hrs.

Tokens:
[Text=A CharacterOffsetBegin=247 CharacterOffsetEnd=248 PartOfSpeech=ADP Lemma=a NamedEntityTag=O]
[Text=partir CharacterOffsetBegin=249 CharacterOffsetEnd=255 PartOfSpeech=NOUN Lemma=partir NamedEntityTag=O]
[Text=de CharacterOffsetBegin=256 CharacterOffsetEnd=258 PartOfSpeech=ADP Lemma=de NamedEntityTag=O]
[Text=las CharacterOffsetBegin=259 CharacterOffsetEnd=262 PartOfSpeech=DET Lemma=las NamedEntityTag=O]
[Text=17.00 CharacterOffsetBegin=263 CharacterOffsetEnd=268 PartOfSpeech=NUM Lemma=17.00 NamedEntityTag=NUMBER NormalizedNamedEntityTag=17.0]
[Text=-- CharacterOffsetBegin=269 CharacterOffsetEnd=271 PartOfSpeech=NUM Lemma=-- NamedEntityTag=O]
[Text=hrs CharacterOffsetBegin=272 CharacterOffsetEnd=275 PartOfSpeech=NOUN Lemma=hrs NamedEntityTag=O]
[Text=. CharacterOffsetBegin=275 CharacterOffsetEnd=276 PartOfSpeech=PUNCT Lemma=. NamedEntityTag=O]

Dependency Parse (enhanced plus plus dependencies):
root(ROOT-0, 17.00-5)
case(17.00-5, A-1)
fixed(A-1, partir-2)
fixed(A-1, de-3)
det(17.00-5, las-4)
compound(17.00-5, ---6)
compound(17.00-5, hrs-7)
punct(17.00-5, .-8)

Extracted the following NER entity mentions:
17.00	NUMBER	NUMBER:-1.0

Sentence #3 (90 tokens):
,miembros del grupo de choque que se di-
cen son pagados por el C.P.EFRAIN BERMUDEZ -
RIVERA, Contador General de la U.A.G. y ele-
mentos del P.C.M.,denominados "Los Totopos"-
y originarios del Estado de Oaxaca, se dedi-
caron a recorrer todos los salones de clases
del edificio docente (Preparatoria 1,9) de -
la ciudad, en virtud de que las clases en el
turno vespertino se iniciaron parcialmente -
a partir de las 16.00 hrs.

Tokens:
[Text=, CharacterOffsetBegin=276 CharacterOffsetEnd=277 PartOfSpeech=PUNCT Lemma=, NamedEntityTag=O]
[Text=miembros CharacterOffsetBegin=277 CharacterOffsetEnd=285 PartOfSpeech=NOUN Lemma=miembros NamedEntityTag=O]
[Text=del CharacterOffsetBegin=286 CharacterOffsetEnd=289 PartOfSpeech=ADP Lemma=del NamedEntityTag=O]
[Text=grupo CharacterOffsetBegin=290 CharacterOffsetEnd=295 PartOfSpeech=NOUN Lemma=grupo NamedEntityTag=O]
[Text=de CharacterOffsetBegin=296 CharacterOffsetEnd=298 PartOfSpeech=ADP Lemma=de NamedEntityTag=O]
[Text=choque CharacterOffsetBegin=299 CharacterOffsetEnd=305 PartOfSpeech=NOUN Lemma=choque NamedEntityTag=CAUSE_OF_DEATH]
[Text=que CharacterOffsetBegin=306 CharacterOffsetEnd=309 PartOfSpeech=PRON Lemma=que NamedEntityTag=O]
[Text=se CharacterOffsetBegin=310 CharacterOffsetEnd=312 PartOfSpeech=PRON Lemma=se NamedEntityTag=O]
[Text=di CharacterOffsetBegin=313 CharacterOffsetEnd=315 PartOfSpeech=VERB Lemma=di NamedEntityTag=O]
[Text=- CharacterOffsetBegin=315 CharacterOffsetEnd=316 PartOfSpeech=PUNCT Lemma=- NamedEntityTag=O]
[Text=cen CharacterOffsetBegin=317 CharacterOffsetEnd=320 PartOfSpeech=NOUN Lemma=cen NamedEntityTag=O]
[Text=son CharacterOffsetBegin=321 CharacterOffsetEnd=324 PartOfSpeech=AUX Lemma=son NamedEntityTag=O]
[Text=pagados CharacterOffsetBegin=325 CharacterOffsetEnd=332 PartOfSpeech=VERB Lemma=pagado NamedEntityTag=O]
[Text=por CharacterOffsetBegin=333 CharacterOffsetEnd=336 PartOfSpeech=ADP Lemma=por NamedEntityTag=O]
[Text=el CharacterOffsetBegin=337 CharacterOffsetEnd=339 PartOfSpeech=DET Lemma=el NamedEntityTag=O]
[Text=C.P. CharacterOffsetBegin=340 CharacterOffsetEnd=344 PartOfSpeech=PROPN Lemma=c.p. NamedEntityTag=PERSON]
[Text=EFRAIN CharacterOffsetBegin=344 CharacterOffsetEnd=350 PartOfSpeech=PROPN Lemma=efrain NamedEntityTag=PERSON]
[Text=BERMUDEZ CharacterOffsetBegin=351 CharacterOffsetEnd=359 PartOfSpeech=PROPN Lemma=bermudez NamedEntityTag=PERSON]
[Text=- CharacterOffsetBegin=360 CharacterOffsetEnd=361 PartOfSpeech=PUNCT Lemma=- NamedEntityTag=O]
[Text=RIVERA CharacterOffsetBegin=362 CharacterOffsetEnd=368 PartOfSpeech=PROPN Lemma=rivera NamedEntityTag=O]
[Text=, CharacterOffsetBegin=368 CharacterOffsetEnd=369 PartOfSpeech=PUNCT Lemma=, NamedEntityTag=O]
[Text=Contador CharacterOffsetBegin=370 CharacterOffsetEnd=378 PartOfSpeech=PROPN Lemma=contador NamedEntityTag=PERSON]
[Text=General CharacterOffsetBegin=379 CharacterOffsetEnd=386 PartOfSpeech=PROPN Lemma=general NamedEntityTag=PERSON]
[Text=de CharacterOffsetBegin=387 CharacterOffsetEnd=389 PartOfSpeech=ADP Lemma=de NamedEntityTag=PERSON]
[Text=la CharacterOffsetBegin=390 CharacterOffsetEnd=392 PartOfSpeech=DET Lemma=la NamedEntityTag=PERSON]
[Text=U.A.G. CharacterOffsetBegin=393 CharacterOffsetEnd=399 PartOfSpeech=PROPN Lemma=u.a.g. NamedEntityTag=PERSON]
[Text=y CharacterOffsetBegin=400 CharacterOffsetEnd=401 PartOfSpeech=CCONJ Lemma=y NamedEntityTag=O]
[Text=ele CharacterOffsetBegin=402 CharacterOffsetEnd=405 PartOfSpeech=PROPN Lemma=ele NamedEntityTag=O]
[Text=- CharacterOffsetBegin=405 CharacterOffsetEnd=406 PartOfSpeech=PUNCT Lemma=- NamedEntityTag=O]
[Text=mentos CharacterOffsetBegin=407 CharacterOffsetEnd=413 PartOfSpeech=NOUN Lemma=mentos NamedEntityTag=O]
[Text=del CharacterOffsetBegin=414 CharacterOffsetEnd=417 PartOfSpeech=ADP Lemma=del NamedEntityTag=O]
[Text=P.C.M. CharacterOffsetBegin=418 CharacterOffsetEnd=424 PartOfSpeech=PROPN Lemma=p.c.m. NamedEntityTag=O]
[Text=, CharacterOffsetBegin=424 CharacterOffsetEnd=425 PartOfSpeech=PUNCT Lemma=, NamedEntityTag=O]
[Text=denominados CharacterOffsetBegin=425 CharacterOffsetEnd=436 PartOfSpeech=ADJ Lemma=denominados NamedEntityTag=O]
[Text=" CharacterOffsetBegin=437 CharacterOffsetEnd=438 PartOfSpeech=PUNCT Lemma=" NamedEntityTag=O]
[Text=Los CharacterOffsetBegin=438 CharacterOffsetEnd=441 PartOfSpeech=DET Lemma=los NamedEntityTag=MISC]
[Text=Totopos CharacterOffsetBegin=442 CharacterOffsetEnd=449 PartOfSpeech=PROPN Lemma=totopos NamedEntityTag=MISC]
[Text=" CharacterOffsetBegin=449 CharacterOffsetEnd=450 PartOfSpeech=PUNCT Lemma=" NamedEntityTag=MISC]
[Text=- CharacterOffsetBegin=450 CharacterOffsetEnd=451 PartOfSpeech=PUNCT Lemma=- NamedEntityTag=MISC]
[Text=y CharacterOffsetBegin=452 CharacterOffsetEnd=453 PartOfSpeech=CCONJ Lemma=y NamedEntityTag=O]
[Text=originarios CharacterOffsetBegin=454 CharacterOffsetEnd=465 PartOfSpeech=ADJ Lemma=originarios NamedEntityTag=O]
[Text=del CharacterOffsetBegin=466 CharacterOffsetEnd=469 PartOfSpeech=ADP Lemma=del NamedEntityTag=O]
[Text=Estado CharacterOffsetBegin=470 CharacterOffsetEnd=476 PartOfSpeech=PROPN Lemma=estado NamedEntityTag=ORGANIZATION]
[Text=de CharacterOffsetBegin=477 CharacterOffsetEnd=479 PartOfSpeech=ADP Lemma=de NamedEntityTag=O]
[Text=Oaxaca CharacterOffsetBegin=480 CharacterOffsetEnd=486 PartOfSpeech=PROPN Lemma=oaxaca NamedEntityTag=CITY]
[Text=, CharacterOffsetBegin=486 CharacterOffsetEnd=487 PartOfSpeech=PUNCT Lemma=, NamedEntityTag=O]
[Text=se CharacterOffsetBegin=488 CharacterOffsetEnd=490 PartOfSpeech=PRON Lemma=se NamedEntityTag=O]
[Text=dedi CharacterOffsetBegin=491 CharacterOffsetEnd=495 PartOfSpeech=VERB Lemma=dedi NamedEntityTag=O]
[Text=- CharacterOffsetBegin=495 CharacterOffsetEnd=496 PartOfSpeech=PUNCT Lemma=- NamedEntityTag=O]
[Text=caron CharacterOffsetBegin=497 CharacterOffsetEnd=502 PartOfSpeech=VERB Lemma=caron NamedEntityTag=O]
[Text=a CharacterOffsetBegin=503 CharacterOffsetEnd=504 PartOfSpeech=ADP Lemma=a NamedEntityTag=O]
[Text=recorrer CharacterOffsetBegin=505 CharacterOffsetEnd=513 PartOfSpeech=VERB Lemma=recorrer NamedEntityTag=O]
[Text=todos CharacterOffsetBegin=514 CharacterOffsetEnd=519 PartOfSpeech=DET Lemma=todos NamedEntityTag=O]
[Text=los CharacterOffsetBegin=520 CharacterOffsetEnd=523 PartOfSpeech=DET Lemma=los NamedEntityTag=O]
[Text=salones CharacterOffsetBegin=524 CharacterOffsetEnd=531 PartOfSpeech=NOUN Lemma=salones NamedEntityTag=O]
[Text=de CharacterOffsetBegin=532 CharacterOffsetEnd=534 PartOfSpeech=ADP Lemma=de NamedEntityTag=O]
[Text=clases CharacterOffsetBegin=535 CharacterOffsetEnd=541 PartOfSpeech=NOUN Lemma=clases NamedEntityTag=O]
[Text=del CharacterOffsetBegin=542 CharacterOffsetEnd=545 PartOfSpeech=ADP Lemma=del NamedEntityTag=O]
[Text=edificio CharacterOffsetBegin=546 CharacterOffsetEnd=554 PartOfSpeech=NOUN Lemma=edificio NamedEntityTag=O]
[Text=docente CharacterOffsetBegin=555 CharacterOffsetEnd=562 PartOfSpeech=ADJ Lemma=docente NamedEntityTag=O]
[Text=( CharacterOffsetBegin=563 CharacterOffsetEnd=564 PartOfSpeech=PUNCT Lemma=( NamedEntityTag=O]
[Text=Preparatoria CharacterOffsetBegin=564 CharacterOffsetEnd=576 PartOfSpeech=ADJ Lemma=preparatoria NamedEntityTag=LOCATION]
[Text=1,9 CharacterOffsetBegin=577 CharacterOffsetEnd=580 PartOfSpeech=NUM Lemma=1,9 NamedEntityTag=NUMBER]
[Text=) CharacterOffsetBegin=580 CharacterOffsetEnd=581 PartOfSpeech=PUNCT Lemma=) NamedEntityTag=O]
[Text=de CharacterOffsetBegin=582 CharacterOffsetEnd=584 PartOfSpeech=ADP Lemma=de NamedEntityTag=O]
[Text=- CharacterOffsetBegin=585 CharacterOffsetEnd=586 PartOfSpeech=PUNCT Lemma=- NamedEntityTag=O]
[Text=la CharacterOffsetBegin=587 CharacterOffsetEnd=589 PartOfSpeech=DET Lemma=la NamedEntityTag=O]
[Text=ciudad CharacterOffsetBegin=590 CharacterOffsetEnd=596 PartOfSpeech=NOUN Lemma=ciudad NamedEntityTag=O]
[Text=, CharacterOffsetBegin=596 CharacterOffsetEnd=597 PartOfSpeech=PUNCT Lemma=, NamedEntityTag=O]
[Text=en CharacterOffsetBegin=598 CharacterOffsetEnd=600 PartOfSpeech=ADP Lemma=en NamedEntityTag=O]
[Text=virtud CharacterOffsetBegin=601 CharacterOffsetEnd=607 PartOfSpeech=NOUN Lemma=virtud NamedEntityTag=O]
[Text=de CharacterOffsetBegin=608 CharacterOffsetEnd=610 PartOfSpeech=ADP Lemma=de NamedEntityTag=O]
[Text=que CharacterOffsetBegin=611 CharacterOffsetEnd=614 PartOfSpeech=SCONJ Lemma=que NamedEntityTag=O]
[Text=las CharacterOffsetBegin=615 CharacterOffsetEnd=618 PartOfSpeech=DET Lemma=las NamedEntityTag=O]
[Text=clases CharacterOffsetBegin=619 CharacterOffsetEnd=625 PartOfSpeech=NOUN Lemma=clases NamedEntityTag=O]
[Text=en CharacterOffsetBegin=626 CharacterOffsetEnd=628 PartOfSpeech=ADP Lemma=en NamedEntityTag=O]
[Text=el CharacterOffsetBegin=629 CharacterOffsetEnd=631 PartOfSpeech=DET Lemma=el NamedEntityTag=O]
[Text=turno CharacterOffsetBegin=632 CharacterOffsetEnd=637 PartOfSpeech=NOUN Lemma=turno NamedEntityTag=O]
[Text=vespertino CharacterOffsetBegin=638 CharacterOffsetEnd=648 PartOfSpeech=ADJ Lemma=vespertino NamedEntityTag=O]
[Text=se CharacterOffsetBegin=649 CharacterOffsetEnd=651 PartOfSpeech=PRON Lemma=se NamedEntityTag=O]
[Text=iniciaron CharacterOffsetBegin=652 CharacterOffsetEnd=661 PartOfSpeech=VERB Lemma=iniciaron NamedEntityTag=O]
[Text=parcialmente CharacterOffsetBegin=662 CharacterOffsetEnd=674 PartOfSpeech=ADV Lemma=parcialmente NamedEntityTag=O]
[Text=- CharacterOffsetBegin=675 CharacterOffsetEnd=676 PartOfSpeech=PUNCT Lemma=- NamedEntityTag=O]
[Text=a CharacterOffsetBegin=677 CharacterOffsetEnd=678 PartOfSpeech=ADP Lemma=a NamedEntityTag=O]
[Text=partir CharacterOffsetBegin=679 CharacterOffsetEnd=685 PartOfSpeech=NOUN Lemma=partir NamedEntityTag=O]
[Text=de CharacterOffsetBegin=686 CharacterOffsetEnd=688 PartOfSpeech=ADP Lemma=de NamedEntityTag=O]
[Text=las CharacterOffsetBegin=689 CharacterOffsetEnd=692 PartOfSpeech=DET Lemma=las NamedEntityTag=O]
[Text=16.00 CharacterOffsetBegin=693 CharacterOffsetEnd=698 PartOfSpeech=NOUN Lemma=16.00 NamedEntityTag=NUMBER NormalizedNamedEntityTag=16.0]
[Text=hrs CharacterOffsetBegin=699 CharacterOffsetEnd=702 PartOfSpeech=NOUN Lemma=hrs NamedEntityTag=O]
[Text=. CharacterOffsetBegin=702 CharacterOffsetEnd=703 PartOfSpeech=PUNCT Lemma=. NamedEntityTag=O]

Dependency Parse (enhanced plus plus dependencies):
root(ROOT-0, dedi-48)
punct(miembros-2, ,-1)
dep(pagados-13, miembros-2)
case(grupo-4, del-3)
nmod(miembros-2, grupo-4)
case(choque-6, de-5)
nmod(grupo-4, choque-6)
nsubj(di-9, que-7)
obj(di-9, se-8)
acl(miembros-2, di-9)
punct(miembros-2, --10)
nsubj(pagados-13, cen-11)
aux(pagados-13, son-12)
advcl(dedi-48, pagados-13)
case(C.P.-16, por-14)
det(C.P.-16, el-15)
obl(pagados-13, C.P.-16)
flat(C.P.-16, EFRAIN-17)
flat(C.P.-16, BERMUDEZ-18)
punct(RIVERA-20, --19)
conj(C.P.-16, RIVERA-20)
punct(Contador-22, ,-21)
conj(C.P.-16, Contador-22)
flat(Contador-22, General-23)
case(U.A.G.-26, de-24)
det(U.A.G.-26, la-25)
flat(Contador-22, U.A.G.-26)
cc(ele-28, y-27)
obl(pagados-13, ele-28)
conj:y(C.P.-16, ele-28)
punct(mentos-30, --29)
obl(pagados-13, mentos-30)
conj:y(C.P.-16, mentos-30)
case(P.C.M.-32, del-31)
nmod(mentos-30, P.C.M.-32)
punct(denominados-34, ,-33)
amod(mentos-30, denominados-34)
punct(Totopos-37, "-35)
det(Totopos-37, Los-36)
obj(denominados-34, Totopos-37)
punct(Totopos-37, "-38)
punct(mentos-30, --39)
cc(originarios-41, y-40)
obl(pagados-13, originarios-41)
conj:y(C.P.-16, originarios-41)
case(Estado-43, del-42)
nmod(originarios-41, Estado-43)
case(Oaxaca-45, de-44)
flat(Estado-43, Oaxaca-45)
punct(pagados-13, ,-46)
obj(dedi-48, se-47)
punct(dedi-48, --49)
advcl(dedi-48, caron-50)
mark(recorrer-52, a-51)
xcomp(caron-50, recorrer-52)
det(los-54, todos-53)
det(salones-55, los-54)
obj(recorrer-52, salones-55)
case(clases-57, de-56)
nmod(salones-55, clases-57)
case(edificio-59, del-58)
nmod(clases-57, edificio-59)
amod(edificio-59, docente-60)
punct(1,9-63, (-61)
amod(1,9-63, Preparatoria-62)
appos(salones-55, 1,9-63)
punct(1,9-63, )-64)
case(ciudad-68, de-65)
punct(ciudad-68, --66)
det(ciudad-68, la-67)
obl(recorrer-52, ciudad-68)
punct(iniciaron-81, ,-69)
mark(iniciaron-81, en-70)
fixed(en-70, virtud-71)
fixed(en-70, de-72)
mark(iniciaron-81, que-73)
det(clases-75, las-74)
nsubj(iniciaron-81, clases-75)
case(turno-78, en-76)
det(turno-78, el-77)
nmod(clases-75, turno-78)
amod(turno-78, vespertino-79)
obj(iniciaron-81, se-80)
acl(ciudad-68, iniciaron-81)
acl(ciudad-68, iniciaron-81)
advmod(iniciaron-81, parcialmente-82)
punct(iniciaron-81, --83)
case(16.00-88, a-84)
fixed(a-84, partir-85)
fixed(a-84, de-86)
det(16.00-88, las-87)
obl(iniciaron-81, 16.00-88)
obl(iniciaron-81, 16.00-88)
compound(16.00-88, hrs-89)
punct(dedi-48, .-90)

Extracted the following NER entity mentions:
choque	CAUSE_OF_DEATH	-
C.P.EFRAIN BERMUDEZ	PERSON	PERSON:0.4978142843979354
Contador General de la U.A.G.	PERSON	PERSON:0.9305578199774233
Los Totopos"-	MISC	MISC:0.41093701257446874
Estado	ORGANIZATION	ORGANIZATION:0.9587391760148744
Oaxaca	CITY	LOCATION:0.9214580585016627
Preparatoria	LOCATION	LOCATION:0.8390609008602992
1,9	NUMBER	-
16.00	NUMBER	NUMBER:-1.0

Sentence #4 (3 tokens):
en las diferentes

Tokens:
[Text=en CharacterOffsetBegin=704 CharacterOffsetEnd=706 PartOfSpeech=ADP Lemma=en NamedEntityTag=O]
[Text=las CharacterOffsetBegin=707 CharacterOffsetEnd=710 PartOfSpeech=DET Lemma=las NamedEntityTag=O]
[Text=diferentes CharacterOffsetBegin=711 CharacterOffsetEnd=721 PartOfSpeech=ADJ Lemma=diferentes NamedEntityTag=O]

Dependency Parse (enhanced plus plus dependencies):
root(ROOT-0, diferentes-3)
case(diferentes-3, en-1)
det(diferentes-3, las-2)

Extracted the following NER entity mentions:
