Document: ID=file_156.txt (10 sentences, 167 tokens)

Sentence #1 (5 tokens):
UNIVERSIDAD AUTONOMA DE  Exp-100-10-1-73.

Tokens:
[Text=UNIVERSIDAD CharacterOffsetBegin=0 CharacterOffsetEnd=11 PartOfSpeech=PROPN Lemma=universidad NamedEntityTag=O]
[Text=AUTONOMA CharacterOffsetBegin=12 CharacterOffsetEnd=20 PartOfSpeech=PROPN Lemma=autonoma NamedEntityTag=O]
[Text=DE CharacterOffsetBegin=21 CharacterOffsetEnd=23 PartOfSpeech=ADP Lemma=de NamedEntityTag=O]
[Text=Exp-100-10-1-73 CharacterOffsetBegin=25 CharacterOffsetEnd=40 PartOfSpeech=PROPN Lemma=exp-100-10-1-73 NamedEntityTag=O]
[Text=. CharacterOffsetBegin=40 CharacterOffsetEnd=41 PartOfSpeech=PUNCT Lemma=. NamedEntityTag=O]

Dependency Parse (enhanced plus plus dependencies):
root(ROOT-0, UNIVERSIDAD-1)
flat(UNIVERSIDAD-1, AUTONOMA-2)
case(Exp-100-10-1-73-4, DE-3)
flat(UNIVERSIDAD-1, Exp-100-10-1-73-4)
punct(UNIVERSIDAD-1, .-5)

Extracted the following NER entity mentions:

Sentence #2 (2 tokens):
GUERRERO.

Tokens:
[Text=GUERRERO CharacterOffsetBegin=42 CharacterOffsetEnd=50 PartOfSpeech=NOUN Lemma=guerrero NamedEntityTag=TITLE]
[Text=. CharacterOffsetBegin=50 CharacterOffsetEnd=51 PartOfSpeech=PUNCT Lemma=. NamedEntityTag=O]

Dependency Parse (enhanced plus plus dependencies):
root(ROOT-0, GUERRERO-1)
punct(GUERRERO-1, .-2)

Extracted the following NER entity mentions:
GUERRERO	TITLE	-

Sentence #3 (17 tokens):
30 H-312 L-43
se llevaráa a cabo la aportació de pruebas por parte de
dichos Profesores.

Tokens:
[Text=30 CharacterOffsetBegin=53 CharacterOffsetEnd=55 PartOfSpeech=NUM Lemma=30 NamedEntityTag=NUMBER NormalizedNamedEntityTag=30.0]
[Text=H-312 CharacterOffsetBegin=56 CharacterOffsetEnd=61 PartOfSpeech=PROPN Lemma=h-312 NamedEntityTag=O]
[Text=L-43 CharacterOffsetBegin=62 CharacterOffsetEnd=66 PartOfSpeech=PROPN Lemma=l-43 NamedEntityTag=O]
[Text=se CharacterOffsetBegin=67 CharacterOffsetEnd=69 PartOfSpeech=PRON Lemma=se NamedEntityTag=O]
[Text=llevaráa CharacterOffsetBegin=70 CharacterOffsetEnd=78 PartOfSpeech=VERB Lemma=llevaráa NamedEntityTag=O]
[Text=a CharacterOffsetBegin=79 CharacterOffsetEnd=80 PartOfSpeech=ADP Lemma=a NamedEntityTag=O]
[Text=cabo CharacterOffsetBegin=81 CharacterOffsetEnd=85 PartOfSpeech=NOUN Lemma=cabo NamedEntityTag=O]
[Text=la CharacterOffsetBegin=86 CharacterOffsetEnd=88 PartOfSpeech=DET Lemma=la NamedEntityTag=O]
[Text=aportació CharacterOffsetBegin=89 CharacterOffsetEnd=98 PartOfSpeech=NOUN Lemma=aportació NamedEntityTag=O]
[Text=de CharacterOffsetBegin=99 CharacterOffsetEnd=101 PartOfSpeech=ADP Lemma=de NamedEntityTag=O]
[Text=pruebas CharacterOffsetBegin=102 CharacterOffsetEnd=109 PartOfSpeech=NOUN Lemma=pruebas NamedEntityTag=O]
[Text=por CharacterOffsetBegin=110 CharacterOffsetEnd=113 PartOfSpeech=ADP Lemma=por NamedEntityTag=O]
[Text=parte CharacterOffsetBegin=114 CharacterOffsetEnd=119 PartOfSpeech=NOUN Lemma=parte NamedEntityTag=O]
[Text=de CharacterOffsetBegin=120 CharacterOffsetEnd=122 PartOfSpeech=ADP Lemma=de NamedEntityTag=O]
[Text=dichos CharacterOffsetBegin=123 CharacterOffsetEnd=129 PartOfSpeech=ADJ Lemma=dichos NamedEntityTag=O]
[Text=Profesores CharacterOffsetBegin=130 CharacterOffsetEnd=140 PartOfSpeech=PROPN Lemma=profesores NamedEntityTag=PERSON]
[Text=. CharacterOffsetBegin=140 CharacterOffsetEnd=141 PartOfSpeech=PUNCT Lemma=. NamedEntityTag=O]

Dependency Parse (enhanced plus plus dependencies):
root(ROOT-0, llevaráa-5)
nummod(H-312-2, 30-1)
nsubj(llevaráa-5, H-312-2)
flat(H-312-2, L-43-3)
obj(llevaráa-5, se-4)
case(cabo-7, a-6)
compound(llevaráa-5, cabo-7)
det(aportació-9, la-8)
nsubj(llevaráa-5, aportació-9)
case(pruebas-11, de-10)
nmod(aportació-9, pruebas-11)
case(Profesores-16, por-12)
fixed(por-12, parte-13)
fixed(por-12, de-14)
amod(Profesores-16, dichos-15)
nmod(aportació-9, Profesores-16)
nmod(aportació-9, Profesores-16)
punct(llevaráa-5, .-17)

Extracted the following NER entity mentions:
30	NUMBER	NUMBER:-1.0
Profesores	PERSON	PERSON:0.4085070423830824

Sentence #4 (53 tokens):
El grupo demaestros  encionados espe
ran que se inicien normalmente las clases en la Univ.y
las actividades de los mismos han aumentado,ya que rea
lizan reuniones domiciliarias en este Puerto y Chilpan
cingo,para que mayor número de estudiantes los ayuden -
a lograr la enuncie del Rector.

Tokens:
[Text=El CharacterOffsetBegin=141 CharacterOffsetEnd=143 PartOfSpeech=DET Lemma=el NamedEntityTag=O]
[Text=grupo CharacterOffsetBegin=144 CharacterOffsetEnd=149 PartOfSpeech=NOUN Lemma=grupo NamedEntityTag=O]
[Text=demaestros CharacterOffsetBegin=150 CharacterOffsetEnd=160 PartOfSpeech=NOUN Lemma=demaestros NamedEntityTag=O]
[Text=encionados CharacterOffsetBegin=162 CharacterOffsetEnd=172 PartOfSpeech=ADJ Lemma=encionados NamedEntityTag=O]
[Text=espe CharacterOffsetBegin=173 CharacterOffsetEnd=177 PartOfSpeech=VERB Lemma=espe NamedEntityTag=O]
[Text=ran CharacterOffsetBegin=178 CharacterOffsetEnd=181 PartOfSpeech=AUX Lemma=ran NamedEntityTag=O]
[Text=que CharacterOffsetBegin=182 CharacterOffsetEnd=185 PartOfSpeech=SCONJ Lemma=que NamedEntityTag=O]
[Text=se CharacterOffsetBegin=186 CharacterOffsetEnd=188 PartOfSpeech=PRON Lemma=se NamedEntityTag=O]
[Text=inicien CharacterOffsetBegin=189 CharacterOffsetEnd=196 PartOfSpeech=VERB Lemma=inicien NamedEntityTag=O]
[Text=normalmente CharacterOffsetBegin=197 CharacterOffsetEnd=208 PartOfSpeech=ADV Lemma=normalmente NamedEntityTag=O]
[Text=las CharacterOffsetBegin=209 CharacterOffsetEnd=212 PartOfSpeech=DET Lemma=las NamedEntityTag=O]
[Text=clases CharacterOffsetBegin=213 CharacterOffsetEnd=219 PartOfSpeech=NOUN Lemma=clases NamedEntityTag=O]
[Text=en CharacterOffsetBegin=220 CharacterOffsetEnd=222 PartOfSpeech=ADP Lemma=en NamedEntityTag=O]
[Text=la CharacterOffsetBegin=223 CharacterOffsetEnd=225 PartOfSpeech=DET Lemma=la NamedEntityTag=O]
[Text=Univ. CharacterOffsetBegin=226 CharacterOffsetEnd=231 PartOfSpeech=PROPN Lemma=univ. NamedEntityTag=ORGANIZATION]
[Text=y CharacterOffsetBegin=231 CharacterOffsetEnd=232 PartOfSpeech=CCONJ Lemma=y NamedEntityTag=O]
[Text=las CharacterOffsetBegin=233 CharacterOffsetEnd=236 PartOfSpeech=DET Lemma=las NamedEntityTag=O]
[Text=actividades CharacterOffsetBegin=237 CharacterOffsetEnd=248 PartOfSpeech=NOUN Lemma=actividades NamedEntityTag=O]
[Text=de CharacterOffsetBegin=249 CharacterOffsetEnd=251 PartOfSpeech=ADP Lemma=de NamedEntityTag=O]
[Text=los CharacterOffsetBegin=252 CharacterOffsetEnd=255 PartOfSpeech=DET Lemma=los NamedEntityTag=O]
[Text=mismos CharacterOffsetBegin=256 CharacterOffsetEnd=262 PartOfSpeech=PRON Lemma=mismos NamedEntityTag=O]
[Text=han CharacterOffsetBegin=263 CharacterOffsetEnd=266 PartOfSpeech=AUX Lemma=han NamedEntityTag=O]
[Text=aumentado CharacterOffsetBegin=267 CharacterOffsetEnd=276 PartOfSpeech=VERB Lemma=aumentado NamedEntityTag=O]
[Text=, CharacterOffsetBegin=276 CharacterOffsetEnd=277 PartOfSpeech=PUNCT Lemma=, NamedEntityTag=O]
[Text=ya CharacterOffsetBegin=277 CharacterOffsetEnd=279 PartOfSpeech=ADV Lemma=ya NamedEntityTag=O]
[Text=que CharacterOffsetBegin=280 CharacterOffsetEnd=283 PartOfSpeech=SCONJ Lemma=que NamedEntityTag=O]
[Text=rea CharacterOffsetBegin=284 CharacterOffsetEnd=287 PartOfSpeech=NOUN Lemma=rea NamedEntityTag=O]
[Text=lizan CharacterOffsetBegin=288 CharacterOffsetEnd=293 PartOfSpeech=VERB Lemma=lizan NamedEntityTag=O]
[Text=reuniones CharacterOffsetBegin=294 CharacterOffsetEnd=303 PartOfSpeech=NOUN Lemma=reuniones NamedEntityTag=O]
[Text=domiciliarias CharacterOffsetBegin=304 CharacterOffsetEnd=317 PartOfSpeech=ADJ Lemma=domiciliarias NamedEntityTag=O]
[Text=en CharacterOffsetBegin=318 CharacterOffsetEnd=320 PartOfSpeech=ADP Lemma=en NamedEntityTag=O]
[Text=este CharacterOffsetBegin=321 CharacterOffsetEnd=325 PartOfSpeech=DET Lemma=este NamedEntityTag=O]
[Text=Puerto CharacterOffsetBegin=326 CharacterOffsetEnd=332 PartOfSpeech=PROPN Lemma=puerto NamedEntityTag=CITY]
[Text=y CharacterOffsetBegin=333 CharacterOffsetEnd=334 PartOfSpeech=CCONJ Lemma=y NamedEntityTag=O]
[Text=Chilpan CharacterOffsetBegin=335 CharacterOffsetEnd=342 PartOfSpeech=PROPN Lemma=chilpan NamedEntityTag=LOCATION]
[Text=cingo CharacterOffsetBegin=343 CharacterOffsetEnd=348 PartOfSpeech=PROPN Lemma=cingo NamedEntityTag=O]
[Text=, CharacterOffsetBegin=348 CharacterOffsetEnd=349 PartOfSpeech=PUNCT Lemma=, NamedEntityTag=O]
[Text=para CharacterOffsetBegin=349 CharacterOffsetEnd=353 PartOfSpeech=ADP Lemma=para NamedEntityTag=O]
[Text=que CharacterOffsetBegin=354 CharacterOffsetEnd=357 PartOfSpeech=SCONJ Lemma=que NamedEntityTag=O]
[Text=mayor CharacterOffsetBegin=358 CharacterOffsetEnd=363 PartOfSpeech=ADJ Lemma=mayor NamedEntityTag=O]
[Text=número CharacterOffsetBegin=364 CharacterOffsetEnd=370 PartOfSpeech=NOUN Lemma=número NamedEntityTag=O]
[Text=de CharacterOffsetBegin=371 CharacterOffsetEnd=373 PartOfSpeech=ADP Lemma=de NamedEntityTag=O]
[Text=estudiantes CharacterOffsetBegin=374 CharacterOffsetEnd=385 PartOfSpeech=NOUN Lemma=estudiantes NamedEntityTag=O]
[Text=los CharacterOffsetBegin=386 CharacterOffsetEnd=389 PartOfSpeech=DET Lemma=los NamedEntityTag=O]
[Text=ayuden CharacterOffsetBegin=390 CharacterOffsetEnd=396 PartOfSpeech=VERB Lemma=ayuden NamedEntityTag=O]
[Text=- CharacterOffsetBegin=397 CharacterOffsetEnd=398 PartOfSpeech=PUNCT Lemma=- NamedEntityTag=O]
[Text=a CharacterOffsetBegin=399 CharacterOffsetEnd=400 PartOfSpeech=ADP Lemma=a NamedEntityTag=O]
[Text=lograr CharacterOffsetBegin=401 CharacterOffsetEnd=407 PartOfSpeech=VERB Lemma=lograr NamedEntityTag=O]
[Text=la CharacterOffsetBegin=408 CharacterOffsetEnd=410 PartOfSpeech=DET Lemma=la NamedEntityTag=O]
[Text=enuncie CharacterOffsetBegin=411 CharacterOffsetEnd=418 PartOfSpeech=NOUN Lemma=enuncie NamedEntityTag=O]
[Text=del CharacterOffsetBegin=419 CharacterOffsetEnd=422 PartOfSpeech=ADP Lemma=del NamedEntityTag=O]
[Text=Rector CharacterOffsetBegin=423 CharacterOffsetEnd=429 PartOfSpeech=PROPN Lemma=rector NamedEntityTag=MISC]
[Text=. CharacterOffsetBegin=429 CharacterOffsetEnd=430 PartOfSpeech=PUNCT Lemma=. NamedEntityTag=O]

Dependency Parse (enhanced plus plus dependencies):
root(ROOT-0, espe-5)
det(grupo-2, El-1)
nsubj(espe-5, grupo-2)
appos(grupo-2, demaestros-3)
amod(demaestros-3, encionados-4)
aux(inicien-9, ran-6)
mark(inicien-9, que-7)
obj(inicien-9, se-8)
ccomp(espe-5, inicien-9)
advmod(inicien-9, normalmente-10)
det(clases-12, las-11)
obj(inicien-9, clases-12)
case(Univ.-15, en-13)
det(Univ.-15, la-14)
obl(inicien-9, Univ.-15)
cc(aumentado-23, y-16)
det(actividades-18, las-17)
nsubj(aumentado-23, actividades-18)
case(mismos-21, de-19)
det(mismos-21, los-20)
nmod(actividades-18, mismos-21)
aux(aumentado-23, han-22)
ccomp(espe-5, aumentado-23)
conj:y(inicien-9, aumentado-23)
punct(lizan-28, ,-24)
mark(lizan-28, ya-25)
fixed(ya-25, que-26)
nsubj(lizan-28, rea-27)
advcl(espe-5, lizan-28)
obj(lizan-28, reuniones-29)
amod(reuniones-29, domiciliarias-30)
case(Puerto-33, en-31)
det(Puerto-33, este-32)
obl(lizan-28, Puerto-33)
cc(Chilpan-35, y-34)
advcl(espe-5, Chilpan-35)
conj:y(lizan-28, Chilpan-35)
flat(Chilpan-35, cingo-36)
punct(lizan-28, ,-37)
mark(ayuden-45, para-38)
mark(ayuden-45, que-39)
amod(número-41, mayor-40)
nsubj(ayuden-45, número-41)
case(estudiantes-43, de-42)
nmod(número-41, estudiantes-43)
obj(ayuden-45, los-44)
advcl(espe-5, ayuden-45)
punct(lograr-48, --46)
mark(lograr-48, a-47)
xcomp(ayuden-45, lograr-48)
det(enuncie-50, la-49)
obj(lograr-48, enuncie-50)
case(Rector-52, del-51)
nmod(enuncie-50, Rector-52)
punct(espe-5, .-53)

Extracted the following NER entity mentions:
Univ.	ORGANIZATION	ORGANIZATION:0.6462798238888664
Puerto	CITY	LOCATION:0.9351617955257991
Chilpan	LOCATION	LOCATION:0.7466981725523351
Rector	MISC	MISC:0.38393649969577964

Sentence #5 (2 tokens):
FOLIO.

Tokens:
[Text=FOLIO CharacterOffsetBegin=431 CharacterOffsetEnd=436 PartOfSpeech=PROPN Lemma=folio NamedEntityTag=O]
[Text=. CharacterOffsetBegin=436 CharacterOffsetEnd=437 PartOfSpeech=PUNCT Lemma=. NamedEntityTag=O]

Dependency Parse (enhanced plus plus dependencies):
root(ROOT-0, FOLIO-1)
punct(FOLIO-1, .-2)

Extracted the following NER entity mentions:

Sentence #6 (2 tokens):
-314.

Tokens:
[Text=-314 CharacterOffsetBegin=437 CharacterOffsetEnd=441 PartOfSpeech=NUM Lemma=-314 NamedEntityTag=NUMBER NormalizedNamedEntityTag=-314.0]
[Text=. CharacterOffsetBegin=441 CharacterOffsetEnd=442 PartOfSpeech=PUNCT Lemma=. NamedEntityTag=O]

Dependency Parse (enhanced plus plus dependencies):
root(ROOT-0, -314-1)
punct(-314-1, .-2)

Extracted the following NER entity mentions:
-314	NUMBER	NUMBER:-1.0

Sentence #7 (20 tokens):
-El día 3
a tual,en el patio central del dificio de aulas dela -
Univ.Aut.

Tokens:
[Text=- CharacterOffsetBegin=442 CharacterOffsetEnd=443 PartOfSpeech=PUNCT Lemma=- NamedEntityTag=O]
[Text=El CharacterOffsetBegin=443 CharacterOffsetEnd=445 PartOfSpeech=DET Lemma=el NamedEntityTag=O]
[Text=día CharacterOffsetBegin=446 CharacterOffsetEnd=449 PartOfSpeech=PROPN Lemma=día NamedEntityTag=O]
[Text=3 CharacterOffsetBegin=450 CharacterOffsetEnd=451 PartOfSpeech=NUM Lemma=3 NamedEntityTag=NUMBER NormalizedNamedEntityTag=3.0]
[Text=a CharacterOffsetBegin=452 CharacterOffsetEnd=453 PartOfSpeech=ADP Lemma=a NamedEntityTag=O]
[Text=tual CharacterOffsetBegin=454 CharacterOffsetEnd=458 PartOfSpeech=NOUN Lemma=tual NamedEntityTag=O]
[Text=, CharacterOffsetBegin=458 CharacterOffsetEnd=459 PartOfSpeech=PUNCT Lemma=, NamedEntityTag=O]
[Text=en CharacterOffsetBegin=459 CharacterOffsetEnd=461 PartOfSpeech=ADP Lemma=en NamedEntityTag=O]
[Text=el CharacterOffsetBegin=462 CharacterOffsetEnd=464 PartOfSpeech=DET Lemma=el NamedEntityTag=O]
[Text=patio CharacterOffsetBegin=465 CharacterOffsetEnd=470 PartOfSpeech=NOUN Lemma=patio NamedEntityTag=O]
[Text=central CharacterOffsetBegin=471 CharacterOffsetEnd=478 PartOfSpeech=ADJ Lemma=central NamedEntityTag=O]
[Text=del CharacterOffsetBegin=479 CharacterOffsetEnd=482 PartOfSpeech=ADP Lemma=del NamedEntityTag=O]
[Text=dificio CharacterOffsetBegin=483 CharacterOffsetEnd=490 PartOfSpeech=NOUN Lemma=dificio NamedEntityTag=O]
[Text=de CharacterOffsetBegin=491 CharacterOffsetEnd=493 PartOfSpeech=ADP Lemma=de NamedEntityTag=O]
[Text=aulas CharacterOffsetBegin=494 CharacterOffsetEnd=499 PartOfSpeech=NOUN Lemma=aulas NamedEntityTag=O]
[Text=dela CharacterOffsetBegin=500 CharacterOffsetEnd=504 PartOfSpeech=ADJ Lemma=dela NamedEntityTag=O]
[Text=- CharacterOffsetBegin=505 CharacterOffsetEnd=506 PartOfSpeech=PUNCT Lemma=- NamedEntityTag=O]
[Text=Univ. CharacterOffsetBegin=507 CharacterOffsetEnd=512 PartOfSpeech=PROPN Lemma=univ. NamedEntityTag=O]
[Text=Aut CharacterOffsetBegin=512 CharacterOffsetEnd=515 PartOfSpeech=PROPN Lemma=aut NamedEntityTag=ORGANIZATION]
[Text=. CharacterOffsetBegin=515 CharacterOffsetEnd=516 PartOfSpeech=PUNCT Lemma=. NamedEntityTag=O]

Dependency Parse (enhanced plus plus dependencies):
root(ROOT-0, --1)
det(día-3, El-2)
dep(--1, día-3)
compound(día-3, 3-4)
case(tual-6, a-5)
compound(día-3, tual-6)
punct(patio-10, ,-7)
case(patio-10, en-8)
det(patio-10, el-9)
nmod(día-3, patio-10)
amod(patio-10, central-11)
case(dificio-13, del-12)
nmod(patio-10, dificio-13)
case(aulas-15, de-14)
nmod(dificio-13, aulas-15)
amod(aulas-15, dela-16)
punct(patio-10, --17)
appos(patio-10, Univ.-18)
flat(Univ.-18, Aut-19)
punct(día-3, .-20)

Extracted the following NER entity mentions:
3	NUMBER	NUMBER:-1.0
Aut	ORGANIZATION	ORGANIZATION:0.4457471436135144

Sentence #8 (3 tokens):
de Gro.

Tokens:
[Text=de CharacterOffsetBegin=516 CharacterOffsetEnd=518 PartOfSpeech=ADP Lemma=de NamedEntityTag=O]
[Text=Gro CharacterOffsetBegin=519 CharacterOffsetEnd=522 PartOfSpeech=PROPN Lemma=gro NamedEntityTag=PERSON]
[Text=. CharacterOffsetBegin=522 CharacterOffsetEnd=523 PartOfSpeech=PUNCT Lemma=. NamedEntityTag=O]

Dependency Parse (enhanced plus plus dependencies):
root(ROOT-0, Gro-2)
case(Gro-2, de-1)
punct(Gro-2, .-3)

Extracted the following NER entity mentions:
Gro	PERSON	PERSON:0.5105436620808991

Sentence #9 (17 tokens):
,se llevó al cabo la ceremonia de aper-
tura decursos para el ciclo 1973-74.

Tokens:
[Text=, CharacterOffsetBegin=523 CharacterOffsetEnd=524 PartOfSpeech=PUNCT Lemma=, NamedEntityTag=O]
[Text=se CharacterOffsetBegin=524 CharacterOffsetEnd=526 PartOfSpeech=PRON Lemma=se NamedEntityTag=O]
[Text=llevó CharacterOffsetBegin=527 CharacterOffsetEnd=532 PartOfSpeech=VERB Lemma=llevó NamedEntityTag=O]
[Text=al CharacterOffsetBegin=533 CharacterOffsetEnd=535 PartOfSpeech=ADP Lemma=al NamedEntityTag=O]
[Text=cabo CharacterOffsetBegin=536 CharacterOffsetEnd=540 PartOfSpeech=NOUN Lemma=cabo NamedEntityTag=O]
[Text=la CharacterOffsetBegin=541 CharacterOffsetEnd=543 PartOfSpeech=DET Lemma=la NamedEntityTag=O]
[Text=ceremonia CharacterOffsetBegin=544 CharacterOffsetEnd=553 PartOfSpeech=NOUN Lemma=ceremonia NamedEntityTag=O]
[Text=de CharacterOffsetBegin=554 CharacterOffsetEnd=556 PartOfSpeech=ADP Lemma=de NamedEntityTag=O]
[Text=aper CharacterOffsetBegin=557 CharacterOffsetEnd=561 PartOfSpeech=NOUN Lemma=aper NamedEntityTag=O]
[Text=- CharacterOffsetBegin=561 CharacterOffsetEnd=562 PartOfSpeech=PUNCT Lemma=- NamedEntityTag=O]
[Text=tura CharacterOffsetBegin=563 CharacterOffsetEnd=567 PartOfSpeech=NOUN Lemma=tura NamedEntityTag=O]
[Text=decursos CharacterOffsetBegin=568 CharacterOffsetEnd=576 PartOfSpeech=ADJ Lemma=decursos NamedEntityTag=O]
[Text=para CharacterOffsetBegin=577 CharacterOffsetEnd=581 PartOfSpeech=ADP Lemma=para NamedEntityTag=O]
[Text=el CharacterOffsetBegin=582 CharacterOffsetEnd=584 PartOfSpeech=DET Lemma=el NamedEntityTag=O]
[Text=ciclo CharacterOffsetBegin=585 CharacterOffsetEnd=590 PartOfSpeech=NOUN Lemma=ciclo NamedEntityTag=O]
[Text=1973-74 CharacterOffsetBegin=591 CharacterOffsetEnd=598 PartOfSpeech=NOUN Lemma=1973-74 NamedEntityTag=O]
[Text=. CharacterOffsetBegin=598 CharacterOffsetEnd=599 PartOfSpeech=PUNCT Lemma=. NamedEntityTag=O]

Dependency Parse (enhanced plus plus dependencies):
root(ROOT-0, llevó-3)
punct(llevó-3, ,-1)
obj(llevó-3, se-2)
case(cabo-5, al-4)
compound(llevó-3, cabo-5)
det(ceremonia-7, la-6)
nsubj(llevó-3, ceremonia-7)
case(aper-9, de-8)
nmod(ceremonia-7, aper-9)
punct(llevó-3, --10)
obj(llevó-3, tura-11)
amod(tura-11, decursos-12)
case(ciclo-15, para-13)
det(ciclo-15, el-14)
nmod(tura-11, ciclo-15)
nmod(ciclo-15, 1973-74-16)
punct(llevó-3, .-17)

Extracted the following NER entity mentions:

Sentence #10 (46 tokens):
-El Rector WENCES
REZA, dijo entre dcras cosas ue los alumnos expulsados-
por los pasados disturbios estudiantiles en la Univ.,no
volverán al seno de la misma porque pusiero en peligro
la vida de sus compañeros y maestros ,dañando además el

Tokens:
[Text=- CharacterOffsetBegin=599 CharacterOffsetEnd=600 PartOfSpeech=PUNCT Lemma=- NamedEntityTag=O]
[Text=El CharacterOffsetBegin=600 CharacterOffsetEnd=602 PartOfSpeech=DET Lemma=el NamedEntityTag=O]
[Text=Rector CharacterOffsetBegin=603 CharacterOffsetEnd=609 PartOfSpeech=PROPN Lemma=rector NamedEntityTag=O]
[Text=WENCES CharacterOffsetBegin=610 CharacterOffsetEnd=616 PartOfSpeech=PROPN Lemma=wences NamedEntityTag=O]
[Text=REZA CharacterOffsetBegin=617 CharacterOffsetEnd=621 PartOfSpeech=PROPN Lemma=reza NamedEntityTag=O]
[Text=, CharacterOffsetBegin=621 CharacterOffsetEnd=622 PartOfSpeech=PUNCT Lemma=, NamedEntityTag=O]
[Text=dijo CharacterOffsetBegin=623 CharacterOffsetEnd=627 PartOfSpeech=VERB Lemma=dijo NamedEntityTag=O]
[Text=entre CharacterOffsetBegin=628 CharacterOffsetEnd=633 PartOfSpeech=ADP Lemma=entre NamedEntityTag=O]
[Text=dcras CharacterOffsetBegin=634 CharacterOffsetEnd=639 PartOfSpeech=NOUN Lemma=dcras NamedEntityTag=O]
[Text=cosas CharacterOffsetBegin=640 CharacterOffsetEnd=645 PartOfSpeech=NOUN Lemma=cosas NamedEntityTag=O]
[Text=ue CharacterOffsetBegin=646 CharacterOffsetEnd=648 PartOfSpeech=VERB Lemma=ue NamedEntityTag=O]
[Text=los CharacterOffsetBegin=649 CharacterOffsetEnd=652 PartOfSpeech=DET Lemma=los NamedEntityTag=O]
[Text=alumnos CharacterOffsetBegin=653 CharacterOffsetEnd=660 PartOfSpeech=NOUN Lemma=alumnos NamedEntityTag=O]
[Text=expulsados CharacterOffsetBegin=661 CharacterOffsetEnd=671 PartOfSpeech=ADJ Lemma=expulsados NamedEntityTag=O]
[Text=- CharacterOffsetBegin=671 CharacterOffsetEnd=672 PartOfSpeech=PUNCT Lemma=- NamedEntityTag=O]
[Text=por CharacterOffsetBegin=673 CharacterOffsetEnd=676 PartOfSpeech=ADP Lemma=por NamedEntityTag=O]
[Text=los CharacterOffsetBegin=677 CharacterOffsetEnd=680 PartOfSpeech=DET Lemma=los NamedEntityTag=O]
[Text=pasados CharacterOffsetBegin=681 CharacterOffsetEnd=688 PartOfSpeech=ADJ Lemma=pasados NamedEntityTag=O]
[Text=disturbios CharacterOffsetBegin=689 CharacterOffsetEnd=699 PartOfSpeech=NOUN Lemma=disturbios NamedEntityTag=O]
[Text=estudiantiles CharacterOffsetBegin=700 CharacterOffsetEnd=713 PartOfSpeech=ADJ Lemma=estudiantiles NamedEntityTag=O]
[Text=en CharacterOffsetBegin=714 CharacterOffsetEnd=716 PartOfSpeech=ADP Lemma=en NamedEntityTag=O]
[Text=la CharacterOffsetBegin=717 CharacterOffsetEnd=719 PartOfSpeech=DET Lemma=la NamedEntityTag=O]
[Text=Univ. CharacterOffsetBegin=720 CharacterOffsetEnd=725 PartOfSpeech=PROPN Lemma=univ. NamedEntityTag=O]
[Text=, CharacterOffsetBegin=725 CharacterOffsetEnd=726 PartOfSpeech=PUNCT Lemma=, NamedEntityTag=O]
[Text=no CharacterOffsetBegin=726 CharacterOffsetEnd=728 PartOfSpeech=ADV Lemma=no NamedEntityTag=O]
[Text=volverán CharacterOffsetBegin=729 CharacterOffsetEnd=737 PartOfSpeech=AUX Lemma=volverán NamedEntityTag=O]
[Text=al CharacterOffsetBegin=738 CharacterOffsetEnd=740 PartOfSpeech=ADP Lemma=al NamedEntityTag=O]
[Text=seno CharacterOffsetBegin=741 CharacterOffsetEnd=745 PartOfSpeech=NOUN Lemma=seno NamedEntityTag=O]
[Text=de CharacterOffsetBegin=746 CharacterOffsetEnd=748 PartOfSpeech=ADP Lemma=de NamedEntityTag=O]
[Text=la CharacterOffsetBegin=749 CharacterOffsetEnd=751 PartOfSpeech=DET Lemma=la NamedEntityTag=O]
[Text=misma CharacterOffsetBegin=752 CharacterOffsetEnd=757 PartOfSpeech=DET Lemma=misma NamedEntityTag=O]
[Text=porque CharacterOffsetBegin=758 CharacterOffsetEnd=764 PartOfSpeech=SCONJ Lemma=porque NamedEntityTag=O]
[Text=pusiero CharacterOffsetBegin=765 CharacterOffsetEnd=772 PartOfSpeech=NOUN Lemma=pusiero NamedEntityTag=O]
[Text=en CharacterOffsetBegin=773 CharacterOffsetEnd=775 PartOfSpeech=ADP Lemma=en NamedEntityTag=O]
[Text=peligro CharacterOffsetBegin=776 CharacterOffsetEnd=783 PartOfSpeech=NOUN Lemma=peligro NamedEntityTag=O]
[Text=la CharacterOffsetBegin=784 CharacterOffsetEnd=786 PartOfSpeech=DET Lemma=la NamedEntityTag=O]
[Text=vida CharacterOffsetBegin=787 CharacterOffsetEnd=791 PartOfSpeech=NOUN Lemma=vida NamedEntityTag=O]
[Text=de CharacterOffsetBegin=792 CharacterOffsetEnd=794 PartOfSpeech=ADP Lemma=de NamedEntityTag=O]
[Text=sus CharacterOffsetBegin=795 CharacterOffsetEnd=798 PartOfSpeech=DET Lemma=sus NamedEntityTag=O]
[Text=compañeros CharacterOffsetBegin=799 CharacterOffsetEnd=809 PartOfSpeech=NOUN Lemma=compañeros NamedEntityTag=O]
[Text=y CharacterOffsetBegin=810 CharacterOffsetEnd=811 PartOfSpeech=CCONJ Lemma=y NamedEntityTag=O]
[Text=maestros CharacterOffsetBegin=812 CharacterOffsetEnd=820 PartOfSpeech=NOUN Lemma=maestros NamedEntityTag=O]
[Text=, CharacterOffsetBegin=821 CharacterOffsetEnd=822 PartOfSpeech=PUNCT Lemma=, NamedEntityTag=O]
[Text=dañando CharacterOffsetBegin=822 CharacterOffsetEnd=829 PartOfSpeech=VERB Lemma=dañando NamedEntityTag=O]
[Text=además CharacterOffsetBegin=830 CharacterOffsetEnd=836 PartOfSpeech=ADV Lemma=además NamedEntityTag=O]
[Text=el CharacterOffsetBegin=837 CharacterOffsetEnd=839 PartOfSpeech=DET Lemma=el NamedEntityTag=O]

Dependency Parse (enhanced plus plus dependencies):
root(ROOT-0, dijo-7)
punct(dijo-7, --1)
det(Rector-3, El-2)
nsubj(dijo-7, Rector-3)
flat(Rector-3, WENCES-4)
flat(Rector-3, REZA-5)
punct(Rector-3, ,-6)
case(cosas-10, entre-8)
amod(cosas-10, dcras-9)
obl(dijo-7, cosas-10)
xcomp(dijo-7, ue-11)
det(alumnos-13, los-12)
obj(ue-11, alumnos-13)
amod(alumnos-13, expulsados-14)
punct(disturbios-19, --15)
case(disturbios-19, por-16)
det(disturbios-19, los-17)
amod(disturbios-19, pasados-18)
nmod(alumnos-13, disturbios-19)
amod(disturbios-19, estudiantiles-20)
case(Univ.-23, en-21)
det(Univ.-23, la-22)
nmod(disturbios-19, Univ.-23)
punct(disturbios-19, ,-24)
advmod(volverán-26, no-25)
advcl(ue-11, volverán-26)
case(seno-28, al-27)
obl(volverán-26, seno-28)
case(misma-31, de-29)
det(misma-31, la-30)
nmod(seno-28, misma-31)
mark(dañando-44, porque-32)
nsubj(dañando-44, pusiero-33)
case(peligro-35, en-34)
nmod(pusiero-33, peligro-35)
det(vida-37, la-36)
appos(pusiero-33, vida-37)
case(compañeros-40, de-38)
det(compañeros-40, sus-39)
nmod(vida-37, compañeros-40)
cc(maestros-42, y-41)
nmod(vida-37, maestros-42)
conj:y(compañeros-40, maestros-42)
punct(pusiero-33, ,-43)
advcl(volverán-26, dañando-44)
advmod(dañando-44, además-45)
obj(dañando-44, el-46)

Extracted the following NER entity mentions:
