Document: ID=file_289.txt (9 sentences, 167 tokens)

Sentence #1 (5 tokens):
UNIVERSIDAD AUTONOMA DE Exp-100-10-1-78.

Tokens:
[Text=UNIVERSIDAD CharacterOffsetBegin=0 CharacterOffsetEnd=11 PartOfSpeech=PROPN Lemma=universidad NamedEntityTag=O]
[Text=AUTONOMA CharacterOffsetBegin=12 CharacterOffsetEnd=20 PartOfSpeech=PROPN Lemma=autonoma NamedEntityTag=O]
[Text=DE CharacterOffsetBegin=21 CharacterOffsetEnd=23 PartOfSpeech=ADP Lemma=de NamedEntityTag=O]
[Text=Exp-100-10-1-78 CharacterOffsetBegin=24 CharacterOffsetEnd=39 PartOfSpeech=PROPN Lemma=exp-100-10-1-78 NamedEntityTag=O]
[Text=. CharacterOffsetBegin=39 CharacterOffsetEnd=40 PartOfSpeech=PUNCT Lemma=. NamedEntityTag=O]

Dependency Parse (enhanced plus plus dependencies):
root(ROOT-0, UNIVERSIDAD-1)
flat(UNIVERSIDAD-1, AUTONOMA-2)
case(Exp-100-10-1-78-4, DE-3)
flat(UNIVERSIDAD-1, Exp-100-10-1-78-4)
punct(UNIVERSIDAD-1, .-5)

Extracted the following NER entity mentions:

Sentence #2 (2 tokens):
GUERRERO.

Tokens:
[Text=GUERRERO CharacterOffsetBegin=41 CharacterOffsetEnd=49 PartOfSpeech=NOUN Lemma=guerrero NamedEntityTag=TITLE]
[Text=. CharacterOffsetBegin=49 CharacterOffsetEnd=50 PartOfSpeech=PUNCT Lemma=. NamedEntityTag=O]

Dependency Parse (enhanced plus plus dependencies):
root(ROOT-0, GUERRERO-1)
punct(GUERRERO-1, .-2)

Extracted the following NER entity mentions:
GUERRERO	TITLE	-

Sentence #3 (46 tokens):
- (73) H-52 L-78
grupos y escuelas que integran la marcha,para que ---
desconozcan el acuerdo del Consejo Univ.,en el senti-
do de que se supendiera la marcha,ya que son mínimas
las peticiones qu tuvieron solución.

Tokens:
[Text=- CharacterOffsetBegin=50 CharacterOffsetEnd=51 PartOfSpeech=PUNCT Lemma=- NamedEntityTag=O]
[Text=( CharacterOffsetBegin=52 CharacterOffsetEnd=53 PartOfSpeech=PUNCT Lemma=( NamedEntityTag=O]
[Text=73 CharacterOffsetBegin=53 CharacterOffsetEnd=55 PartOfSpeech=NUM Lemma=73 NamedEntityTag=NUMBER NormalizedNamedEntityTag=73.0]
[Text=) CharacterOffsetBegin=55 CharacterOffsetEnd=56 PartOfSpeech=PUNCT Lemma=) NamedEntityTag=O]
[Text=H-52 CharacterOffsetBegin=57 CharacterOffsetEnd=61 PartOfSpeech=PROPN Lemma=h-52 NamedEntityTag=O]
[Text=L-78 CharacterOffsetBegin=62 CharacterOffsetEnd=66 PartOfSpeech=PROPN Lemma=l-78 NamedEntityTag=O]
[Text=grupos CharacterOffsetBegin=67 CharacterOffsetEnd=73 PartOfSpeech=NOUN Lemma=grupos NamedEntityTag=O]
[Text=y CharacterOffsetBegin=74 CharacterOffsetEnd=75 PartOfSpeech=CCONJ Lemma=y NamedEntityTag=O]
[Text=escuelas CharacterOffsetBegin=76 CharacterOffsetEnd=84 PartOfSpeech=NOUN Lemma=escuelas NamedEntityTag=O]
[Text=que CharacterOffsetBegin=85 CharacterOffsetEnd=88 PartOfSpeech=PRON Lemma=que NamedEntityTag=O]
[Text=integran CharacterOffsetBegin=89 CharacterOffsetEnd=97 PartOfSpeech=VERB Lemma=integran NamedEntityTag=O]
[Text=la CharacterOffsetBegin=98 CharacterOffsetEnd=100 PartOfSpeech=DET Lemma=la NamedEntityTag=O]
[Text=marcha CharacterOffsetBegin=101 CharacterOffsetEnd=107 PartOfSpeech=NOUN Lemma=marcha NamedEntityTag=O]
[Text=, CharacterOffsetBegin=107 CharacterOffsetEnd=108 PartOfSpeech=PUNCT Lemma=, NamedEntityTag=O]
[Text=para CharacterOffsetBegin=108 CharacterOffsetEnd=112 PartOfSpeech=ADP Lemma=para NamedEntityTag=O]
[Text=que CharacterOffsetBegin=113 CharacterOffsetEnd=116 PartOfSpeech=SCONJ Lemma=que NamedEntityTag=O]
[Text=--- CharacterOffsetBegin=117 CharacterOffsetEnd=120 PartOfSpeech=NUM Lemma=--- NamedEntityTag=O]
[Text=desconozcan CharacterOffsetBegin=121 CharacterOffsetEnd=132 PartOfSpeech=VERB Lemma=desconozcan NamedEntityTag=O]
[Text=el CharacterOffsetBegin=133 CharacterOffsetEnd=135 PartOfSpeech=DET Lemma=el NamedEntityTag=O]
[Text=acuerdo CharacterOffsetBegin=136 CharacterOffsetEnd=143 PartOfSpeech=NOUN Lemma=acuerdo NamedEntityTag=O]
[Text=del CharacterOffsetBegin=144 CharacterOffsetEnd=147 PartOfSpeech=ADP Lemma=del NamedEntityTag=O]
[Text=Consejo CharacterOffsetBegin=148 CharacterOffsetEnd=155 PartOfSpeech=PROPN Lemma=consejo NamedEntityTag=ORGANIZATION]
[Text=Univ. CharacterOffsetBegin=156 CharacterOffsetEnd=161 PartOfSpeech=PROPN Lemma=univ. NamedEntityTag=ORGANIZATION]
[Text=, CharacterOffsetBegin=161 CharacterOffsetEnd=162 PartOfSpeech=PUNCT Lemma=, NamedEntityTag=O]
[Text=en CharacterOffsetBegin=162 CharacterOffsetEnd=164 PartOfSpeech=ADP Lemma=en NamedEntityTag=O]
[Text=el CharacterOffsetBegin=165 CharacterOffsetEnd=167 PartOfSpeech=DET Lemma=el NamedEntityTag=O]
[Text=senti CharacterOffsetBegin=168 CharacterOffsetEnd=173 PartOfSpeech=NOUN Lemma=senti NamedEntityTag=O]
[Text=- CharacterOffsetBegin=173 CharacterOffsetEnd=174 PartOfSpeech=PUNCT Lemma=- NamedEntityTag=O]
[Text=do CharacterOffsetBegin=175 CharacterOffsetEnd=177 PartOfSpeech=ADP Lemma=do NamedEntityTag=O]
[Text=de CharacterOffsetBegin=178 CharacterOffsetEnd=180 PartOfSpeech=ADP Lemma=de NamedEntityTag=O]
[Text=que CharacterOffsetBegin=181 CharacterOffsetEnd=184 PartOfSpeech=SCONJ Lemma=que NamedEntityTag=O]
[Text=se CharacterOffsetBegin=185 CharacterOffsetEnd=187 PartOfSpeech=PRON Lemma=se NamedEntityTag=O]
[Text=supendiera CharacterOffsetBegin=188 CharacterOffsetEnd=198 PartOfSpeech=VERB Lemma=supendiera NamedEntityTag=O]
[Text=la CharacterOffsetBegin=199 CharacterOffsetEnd=201 PartOfSpeech=DET Lemma=la NamedEntityTag=O]
[Text=marcha CharacterOffsetBegin=202 CharacterOffsetEnd=208 PartOfSpeech=NOUN Lemma=marcha NamedEntityTag=O]
[Text=, CharacterOffsetBegin=208 CharacterOffsetEnd=209 PartOfSpeech=PUNCT Lemma=, NamedEntityTag=O]
[Text=ya CharacterOffsetBegin=209 CharacterOffsetEnd=211 PartOfSpeech=ADV Lemma=ya NamedEntityTag=O]
[Text=que CharacterOffsetBegin=212 CharacterOffsetEnd=215 PartOfSpeech=SCONJ Lemma=que NamedEntityTag=O]
[Text=son CharacterOffsetBegin=216 CharacterOffsetEnd=219 PartOfSpeech=AUX Lemma=son NamedEntityTag=O]
[Text=mínimas CharacterOffsetBegin=220 CharacterOffsetEnd=227 PartOfSpeech=ADJ Lemma=mínimas NamedEntityTag=O]
[Text=las CharacterOffsetBegin=228 CharacterOffsetEnd=231 PartOfSpeech=DET Lemma=las NamedEntityTag=O]
[Text=peticiones CharacterOffsetBegin=232 CharacterOffsetEnd=242 PartOfSpeech=NOUN Lemma=peticiones NamedEntityTag=O]
[Text=qu CharacterOffsetBegin=243 CharacterOffsetEnd=245 PartOfSpeech=PRON Lemma=qu NamedEntityTag=O]
[Text=tuvieron CharacterOffsetBegin=246 CharacterOffsetEnd=254 PartOfSpeech=VERB Lemma=tuvieron NamedEntityTag=O]
[Text=solución CharacterOffsetBegin=255 CharacterOffsetEnd=263 PartOfSpeech=NOUN Lemma=solución NamedEntityTag=O]
[Text=. CharacterOffsetBegin=263 CharacterOffsetEnd=264 PartOfSpeech=PUNCT Lemma=. NamedEntityTag=O]

Dependency Parse (enhanced plus plus dependencies):
root(ROOT-0, 73-3)
punct(73-3, --1)
punct(73-3, (-2)
punct(73-3, )-4)
appos(73-3, H-52-5)
flat(H-52-5, L-78-6)
flat(H-52-5, grupos-7)
cc(escuelas-9, y-8)
appos(73-3, escuelas-9)
conj:y(H-52-5, escuelas-9)
nsubj(integran-11, que-10)
acl(H-52-5, integran-11)
det(marcha-13, la-12)
obj(integran-11, marcha-13)
punct(73-3, ,-14)
mark(desconozcan-18, para-15)
mark(desconozcan-18, que-16)
nsubj(desconozcan-18, ----17)
advcl(73-3, desconozcan-18)
det(acuerdo-20, el-19)
obj(desconozcan-18, acuerdo-20)
case(Consejo-22, del-21)
nmod(acuerdo-20, Consejo-22)
flat(Consejo-22, Univ.-23)
punct(73-3, ,-24)
case(senti-27, en-25)
det(senti-27, el-26)
nmod(73-3, senti-27)
punct(senti-27, --28)
advmod(senti-27, do-29)
mark(supendiera-33, de-30)
mark(supendiera-33, que-31)
obj(supendiera-33, se-32)
advcl(do-29, supendiera-33)
det(marcha-35, la-34)
nsubj(supendiera-33, marcha-35)
punct(73-3, ,-36)
mark(mínimas-40, ya-37)
fixed(ya-37, que-38)
cop(mínimas-40, son-39)
advcl(73-3, mínimas-40)
det(peticiones-42, las-41)
nsubj(mínimas-40, peticiones-42)
nsubj(tuvieron-44, qu-43)
acl(peticiones-42, tuvieron-44)
obj(tuvieron-44, solución-45)
punct(73-3, .-46)

Extracted the following NER entity mentions:
73	NUMBER	NUMBER:-1.0
Consejo Univ.	ORGANIZATION	ORGANIZATION:0.9902109382473069

Sentence #4 (36 tokens):
-Pretenden que la
marcha siga adelante hasta lograr el 100% de lo que -
piden, incluyendo las pretenciones de la "Unión de Au-
ténticos Transportistas de Autos de Alquiler".

Tokens:
[Text=- CharacterOffsetBegin=264 CharacterOffsetEnd=265 PartOfSpeech=PUNCT Lemma=- NamedEntityTag=O]
[Text=Pretenden CharacterOffsetBegin=265 CharacterOffsetEnd=274 PartOfSpeech=VERB Lemma=pretenden NamedEntityTag=O]
[Text=que CharacterOffsetBegin=275 CharacterOffsetEnd=278 PartOfSpeech=SCONJ Lemma=que NamedEntityTag=O]
[Text=la CharacterOffsetBegin=279 CharacterOffsetEnd=281 PartOfSpeech=DET Lemma=la NamedEntityTag=O]
[Text=marcha CharacterOffsetBegin=282 CharacterOffsetEnd=288 PartOfSpeech=NOUN Lemma=marcha NamedEntityTag=O]
[Text=siga CharacterOffsetBegin=289 CharacterOffsetEnd=293 PartOfSpeech=VERB Lemma=siga NamedEntityTag=O]
[Text=adelante CharacterOffsetBegin=294 CharacterOffsetEnd=302 PartOfSpeech=ADV Lemma=adelante NamedEntityTag=O]
[Text=hasta CharacterOffsetBegin=303 CharacterOffsetEnd=308 PartOfSpeech=ADP Lemma=hasta NamedEntityTag=O]
[Text=lograr CharacterOffsetBegin=309 CharacterOffsetEnd=315 PartOfSpeech=VERB Lemma=lograr NamedEntityTag=O]
[Text=el CharacterOffsetBegin=316 CharacterOffsetEnd=318 PartOfSpeech=DET Lemma=el NamedEntityTag=O]
[Text=100 CharacterOffsetBegin=319 CharacterOffsetEnd=322 PartOfSpeech=NUM Lemma=100 NamedEntityTag=PERCENT NormalizedNamedEntityTag=%100.0]
[Text=% CharacterOffsetBegin=322 CharacterOffsetEnd=323 PartOfSpeech=SYM Lemma=% NamedEntityTag=PERCENT NormalizedNamedEntityTag=%100.0]
[Text=de CharacterOffsetBegin=324 CharacterOffsetEnd=326 PartOfSpeech=ADP Lemma=de NamedEntityTag=O]
[Text=lo CharacterOffsetBegin=327 CharacterOffsetEnd=329 PartOfSpeech=DET Lemma=lo NamedEntityTag=O]
[Text=que CharacterOffsetBegin=330 CharacterOffsetEnd=333 PartOfSpeech=PRON Lemma=que NamedEntityTag=O]
[Text=- CharacterOffsetBegin=334 CharacterOffsetEnd=335 PartOfSpeech=PUNCT Lemma=- NamedEntityTag=O]
[Text=piden CharacterOffsetBegin=336 CharacterOffsetEnd=341 PartOfSpeech=VERB Lemma=piden NamedEntityTag=O]
[Text=, CharacterOffsetBegin=341 CharacterOffsetEnd=342 PartOfSpeech=PUNCT Lemma=, NamedEntityTag=O]
[Text=incluyendo CharacterOffsetBegin=343 CharacterOffsetEnd=353 PartOfSpeech=VERB Lemma=incluyendo NamedEntityTag=O]
[Text=las CharacterOffsetBegin=354 CharacterOffsetEnd=357 PartOfSpeech=DET Lemma=las NamedEntityTag=O]
[Text=pretenciones CharacterOffsetBegin=358 CharacterOffsetEnd=370 PartOfSpeech=NOUN Lemma=pretenciones NamedEntityTag=O]
[Text=de CharacterOffsetBegin=371 CharacterOffsetEnd=373 PartOfSpeech=ADP Lemma=de NamedEntityTag=O]
[Text=la CharacterOffsetBegin=374 CharacterOffsetEnd=376 PartOfSpeech=DET Lemma=la NamedEntityTag=O]
[Text=" CharacterOffsetBegin=377 CharacterOffsetEnd=378 PartOfSpeech=PUNCT Lemma=" NamedEntityTag=O]
[Text=Unión CharacterOffsetBegin=378 CharacterOffsetEnd=383 PartOfSpeech=PROPN Lemma=unión NamedEntityTag=ORGANIZATION]
[Text=de CharacterOffsetBegin=384 CharacterOffsetEnd=386 PartOfSpeech=ADP Lemma=de NamedEntityTag=ORGANIZATION]
[Text=Au CharacterOffsetBegin=387 CharacterOffsetEnd=389 PartOfSpeech=PROPN Lemma=au NamedEntityTag=ORGANIZATION]
[Text=- CharacterOffsetBegin=389 CharacterOffsetEnd=390 PartOfSpeech=PUNCT Lemma=- NamedEntityTag=ORGANIZATION]
[Text=ténticos CharacterOffsetBegin=391 CharacterOffsetEnd=399 PartOfSpeech=ADJ Lemma=ténticos NamedEntityTag=ORGANIZATION]
[Text=Transportistas CharacterOffsetBegin=400 CharacterOffsetEnd=414 PartOfSpeech=PROPN Lemma=transportistas NamedEntityTag=ORGANIZATION]
[Text=de CharacterOffsetBegin=415 CharacterOffsetEnd=417 PartOfSpeech=ADP Lemma=de NamedEntityTag=ORGANIZATION]
[Text=Autos CharacterOffsetBegin=418 CharacterOffsetEnd=423 PartOfSpeech=PROPN Lemma=autos NamedEntityTag=ORGANIZATION]
[Text=de CharacterOffsetBegin=424 CharacterOffsetEnd=426 PartOfSpeech=ADP Lemma=de NamedEntityTag=ORGANIZATION]
[Text=Alquiler CharacterOffsetBegin=427 CharacterOffsetEnd=435 PartOfSpeech=PROPN Lemma=alquiler NamedEntityTag=ORGANIZATION]
[Text=" CharacterOffsetBegin=435 CharacterOffsetEnd=436 PartOfSpeech=PUNCT Lemma=" NamedEntityTag=O]
[Text=. CharacterOffsetBegin=436 CharacterOffsetEnd=437 PartOfSpeech=PUNCT Lemma=. NamedEntityTag=O]

Dependency Parse (enhanced plus plus dependencies):
root(ROOT-0, Pretenden-2)
punct(Pretenden-2, --1)
mark(siga-6, que-3)
det(marcha-5, la-4)
nsubj(siga-6, marcha-5)
ccomp(Pretenden-2, siga-6)
advmod(siga-6, adelante-7)
mark(lograr-9, hasta-8)
advcl(siga-6, lograr-9)
det(100-11, el-10)
obj(lograr-9, 100-11)
nmod(100-11, %-12)
mark(incluyendo-19, de-13)
det(incluyendo-19, lo-14)
nsubj(incluyendo-19, que-15)
punct(piden-17, --16)
parataxis(incluyendo-19, piden-17)
punct(piden-17, ,-18)
advcl(100-11, incluyendo-19)
det(pretenciones-21, las-20)
obj(incluyendo-19, pretenciones-21)
case(Unión-25, de-22)
det(Unión-25, la-23)
punct(Unión-25, "-24)
nmod(pretenciones-21, Unión-25)
case(Au-27, de-26)
flat(Unión-25, Au-27)
punct(Unión-25, --28)
amod(Unión-25, ténticos-29)
flat(Unión-25, Transportistas-30)
case(Autos-32, de-31)
flat(Unión-25, Autos-32)
case(Alquiler-34, de-33)
flat(Unión-25, Alquiler-34)
punct(Pretenden-2, "-35)
punct(Pretenden-2, .-36)

Extracted the following NER entity mentions:
100%	PERCENT	PERCENT:-1.0
Unión de Au-
ténticos Transportistas de Autos de Alquiler	ORGANIZATION	ORGANIZATION:0.43627248734836943

Sentence #5 (40 tokens):
-A tra-
vés de un equipo de sonido,estuvieron citando a una -
asamblea general en la cancha de una Escuela Primaria
de la población Los Limones,antes de que regrese de -
la Cd.

Tokens:
[Text=- CharacterOffsetBegin=437 CharacterOffsetEnd=438 PartOfSpeech=PUNCT Lemma=- NamedEntityTag=O]
[Text=A CharacterOffsetBegin=438 CharacterOffsetEnd=439 PartOfSpeech=ADP Lemma=a NamedEntityTag=O]
[Text=tra CharacterOffsetBegin=440 CharacterOffsetEnd=443 PartOfSpeech=NOUN Lemma=tra NamedEntityTag=O]
[Text=- CharacterOffsetBegin=443 CharacterOffsetEnd=444 PartOfSpeech=PUNCT Lemma=- NamedEntityTag=O]
[Text=vés CharacterOffsetBegin=445 CharacterOffsetEnd=448 PartOfSpeech=NOUN Lemma=vés NamedEntityTag=O]
[Text=de CharacterOffsetBegin=449 CharacterOffsetEnd=451 PartOfSpeech=ADP Lemma=de NamedEntityTag=O]
[Text=un CharacterOffsetBegin=452 CharacterOffsetEnd=454 PartOfSpeech=DET Lemma=un NamedEntityTag=O]
[Text=equipo CharacterOffsetBegin=455 CharacterOffsetEnd=461 PartOfSpeech=NOUN Lemma=equipo NamedEntityTag=O]
[Text=de CharacterOffsetBegin=462 CharacterOffsetEnd=464 PartOfSpeech=ADP Lemma=de NamedEntityTag=O]
[Text=sonido CharacterOffsetBegin=465 CharacterOffsetEnd=471 PartOfSpeech=NOUN Lemma=sonido NamedEntityTag=O]
[Text=, CharacterOffsetBegin=471 CharacterOffsetEnd=472 PartOfSpeech=PUNCT Lemma=, NamedEntityTag=O]
[Text=estuvieron CharacterOffsetBegin=472 CharacterOffsetEnd=482 PartOfSpeech=AUX Lemma=estuvieron NamedEntityTag=O]
[Text=citando CharacterOffsetBegin=483 CharacterOffsetEnd=490 PartOfSpeech=VERB Lemma=citando NamedEntityTag=O]
[Text=a CharacterOffsetBegin=491 CharacterOffsetEnd=492 PartOfSpeech=ADP Lemma=a NamedEntityTag=O]
[Text=una CharacterOffsetBegin=493 CharacterOffsetEnd=496 PartOfSpeech=DET Lemma=una NamedEntityTag=O]
[Text=- CharacterOffsetBegin=497 CharacterOffsetEnd=498 PartOfSpeech=PUNCT Lemma=- NamedEntityTag=O]
[Text=asamblea CharacterOffsetBegin=499 CharacterOffsetEnd=507 PartOfSpeech=NOUN Lemma=asamblea NamedEntityTag=O]
[Text=general CharacterOffsetBegin=508 CharacterOffsetEnd=515 PartOfSpeech=ADJ Lemma=general NamedEntityTag=TITLE]
[Text=en CharacterOffsetBegin=516 CharacterOffsetEnd=518 PartOfSpeech=ADP Lemma=en NamedEntityTag=O]
[Text=la CharacterOffsetBegin=519 CharacterOffsetEnd=521 PartOfSpeech=DET Lemma=la NamedEntityTag=O]
[Text=cancha CharacterOffsetBegin=522 CharacterOffsetEnd=528 PartOfSpeech=NOUN Lemma=cancha NamedEntityTag=O]
[Text=de CharacterOffsetBegin=529 CharacterOffsetEnd=531 PartOfSpeech=ADP Lemma=de NamedEntityTag=O]
[Text=una CharacterOffsetBegin=532 CharacterOffsetEnd=535 PartOfSpeech=DET Lemma=una NamedEntityTag=O]
[Text=Escuela CharacterOffsetBegin=536 CharacterOffsetEnd=543 PartOfSpeech=PROPN Lemma=escuela NamedEntityTag=ORGANIZATION]
[Text=Primaria CharacterOffsetBegin=544 CharacterOffsetEnd=552 PartOfSpeech=PROPN Lemma=primaria NamedEntityTag=ORGANIZATION]
[Text=de CharacterOffsetBegin=553 CharacterOffsetEnd=555 PartOfSpeech=ADP Lemma=de NamedEntityTag=O]
[Text=la CharacterOffsetBegin=556 CharacterOffsetEnd=558 PartOfSpeech=DET Lemma=la NamedEntityTag=O]
[Text=población CharacterOffsetBegin=559 CharacterOffsetEnd=568 PartOfSpeech=NOUN Lemma=población NamedEntityTag=O]
[Text=Los CharacterOffsetBegin=569 CharacterOffsetEnd=572 PartOfSpeech=DET Lemma=los NamedEntityTag=LOCATION]
[Text=Limones CharacterOffsetBegin=573 CharacterOffsetEnd=580 PartOfSpeech=PROPN Lemma=limones NamedEntityTag=LOCATION]
[Text=, CharacterOffsetBegin=580 CharacterOffsetEnd=581 PartOfSpeech=PUNCT Lemma=, NamedEntityTag=O]
[Text=antes CharacterOffsetBegin=581 CharacterOffsetEnd=586 PartOfSpeech=ADV Lemma=antes NamedEntityTag=O]
[Text=de CharacterOffsetBegin=587 CharacterOffsetEnd=589 PartOfSpeech=ADP Lemma=de NamedEntityTag=O]
[Text=que CharacterOffsetBegin=590 CharacterOffsetEnd=593 PartOfSpeech=SCONJ Lemma=que NamedEntityTag=O]
[Text=regrese CharacterOffsetBegin=594 CharacterOffsetEnd=601 PartOfSpeech=VERB Lemma=regrese NamedEntityTag=O]
[Text=de CharacterOffsetBegin=602 CharacterOffsetEnd=604 PartOfSpeech=ADP Lemma=de NamedEntityTag=O]
[Text=- CharacterOffsetBegin=605 CharacterOffsetEnd=606 PartOfSpeech=PUNCT Lemma=- NamedEntityTag=O]
[Text=la CharacterOffsetBegin=607 CharacterOffsetEnd=609 PartOfSpeech=DET Lemma=la NamedEntityTag=O]
[Text=Cd CharacterOffsetBegin=610 CharacterOffsetEnd=612 PartOfSpeech=NOUN Lemma=cd NamedEntityTag=MISC]
[Text=. CharacterOffsetBegin=612 CharacterOffsetEnd=613 PartOfSpeech=PUNCT Lemma=. NamedEntityTag=O]

Dependency Parse (enhanced plus plus dependencies):
root(ROOT-0, citando-13)
punct(tra-3, --1)
case(tra-3, A-2)
obl(citando-13, tra-3)
punct(tra-3, --4)
nmod(tra-3, vés-5)
case(equipo-8, de-6)
det(equipo-8, un-7)
nmod(vés-5, equipo-8)
case(sonido-10, de-9)
nmod(equipo-8, sonido-10)
punct(tra-3, ,-11)
aux(citando-13, estuvieron-12)
case(asamblea-17, a-14)
det(asamblea-17, una-15)
punct(asamblea-17, --16)
obl(citando-13, asamblea-17)
amod(asamblea-17, general-18)
case(cancha-21, en-19)
det(cancha-21, la-20)
nmod(asamblea-17, cancha-21)
case(Escuela-24, de-22)
det(Escuela-24, una-23)
nmod(cancha-21, Escuela-24)
flat(Escuela-24, Primaria-25)
case(población-28, de-26)
det(población-28, la-27)
nmod(Escuela-24, población-28)
det(Limones-30, Los-29)
appos(población-28, Limones-30)
punct(antes-32, ,-31)
advmod(citando-13, antes-32)
mark(regrese-35, de-33)
mark(regrese-35, que-34)
advcl(antes-32, regrese-35)
case(Cd-39, de-36)
punct(Cd-39, --37)
det(Cd-39, la-38)
obl(regrese-35, Cd-39)
punct(citando-13, .-40)

Extracted the following NER entity mentions:
general	TITLE	-
Escuela Primaria	ORGANIZATION	ORGANIZATION:0.8284326891023904
Los Limones	LOCATION	LOCATION:0.6435489827429103
Cd	MISC	MISC:0.36852197533099457

Sentence #6 (12 tokens):
,de México el Rector WENCES REZA,con la Comis.

Tokens:
[Text=, CharacterOffsetBegin=613 CharacterOffsetEnd=614 PartOfSpeech=PUNCT Lemma=, NamedEntityTag=O]
[Text=de CharacterOffsetBegin=614 CharacterOffsetEnd=616 PartOfSpeech=ADP Lemma=de NamedEntityTag=O]
[Text=México CharacterOffsetBegin=617 CharacterOffsetEnd=623 PartOfSpeech=PROPN Lemma=méxico NamedEntityTag=PERSON]
[Text=el CharacterOffsetBegin=624 CharacterOffsetEnd=626 PartOfSpeech=DET Lemma=el NamedEntityTag=PERSON]
[Text=Rector CharacterOffsetBegin=627 CharacterOffsetEnd=633 PartOfSpeech=PROPN Lemma=rector NamedEntityTag=PERSON]
[Text=WENCES CharacterOffsetBegin=634 CharacterOffsetEnd=640 PartOfSpeech=PROPN Lemma=wences NamedEntityTag=PERSON]
[Text=REZA CharacterOffsetBegin=641 CharacterOffsetEnd=645 PartOfSpeech=PROPN Lemma=reza NamedEntityTag=PERSON]
[Text=, CharacterOffsetBegin=645 CharacterOffsetEnd=646 PartOfSpeech=PUNCT Lemma=, NamedEntityTag=O]
[Text=con CharacterOffsetBegin=646 CharacterOffsetEnd=649 PartOfSpeech=ADP Lemma=con NamedEntityTag=O]
[Text=la CharacterOffsetBegin=650 CharacterOffsetEnd=652 PartOfSpeech=DET Lemma=la NamedEntityTag=O]
[Text=Comis CharacterOffsetBegin=653 CharacterOffsetEnd=658 PartOfSpeech=PROPN Lemma=comis NamedEntityTag=ORGANIZATION]
[Text=. CharacterOffsetBegin=658 CharacterOffsetEnd=659 PartOfSpeech=PUNCT Lemma=. NamedEntityTag=O]

Dependency Parse (enhanced plus plus dependencies):
root(ROOT-0, México-3)
punct(México-3, ,-1)
case(México-3, de-2)
det(Rector-5, el-4)
flat(México-3, Rector-5)
flat(Rector-5, WENCES-6)
flat(Rector-5, REZA-7)
punct(México-3, ,-8)
case(Comis-11, con-9)
det(Comis-11, la-10)
nmod(México-3, Comis-11)
punct(México-3, .-12)

Extracted the following NER entity mentions:
México el Rector WENCES REZA	PERSON	PERSON:0.19072904978393468
Comis	ORGANIZATION	ORGANIZATION:0.8300481748104322

Sentence #7 (3 tokens):
,
Negociadora.

Tokens:
[Text=, CharacterOffsetBegin=659 CharacterOffsetEnd=660 PartOfSpeech=PUNCT Lemma=, NamedEntityTag=O]
[Text=Negociadora CharacterOffsetBegin=661 CharacterOffsetEnd=672 PartOfSpeech=ADJ Lemma=negociadora NamedEntityTag=O]
[Text=. CharacterOffsetBegin=672 CharacterOffsetEnd=673 PartOfSpeech=PUNCT Lemma=. NamedEntityTag=O]

Dependency Parse (enhanced plus plus dependencies):
root(ROOT-0, Negociadora-2)
punct(Negociadora-2, ,-1)
punct(Negociadora-2, .-3)

Extracted the following NER entity mentions:

Sentence #8 (18 tokens):
-Debido al acuerdo tomado en la sesión -
del Consejo Univ., a las 11.30 hs.

Tokens:
[Text=- CharacterOffsetBegin=673 CharacterOffsetEnd=674 PartOfSpeech=PUNCT Lemma=- NamedEntityTag=O]
[Text=Debido CharacterOffsetBegin=674 CharacterOffsetEnd=680 PartOfSpeech=ADJ Lemma=debido NamedEntityTag=O]
[Text=al CharacterOffsetBegin=681 CharacterOffsetEnd=683 PartOfSpeech=ADP Lemma=al NamedEntityTag=O]
[Text=acuerdo CharacterOffsetBegin=684 CharacterOffsetEnd=691 PartOfSpeech=NOUN Lemma=acuerdo NamedEntityTag=O]
[Text=tomado CharacterOffsetBegin=692 CharacterOffsetEnd=698 PartOfSpeech=ADJ Lemma=tomado NamedEntityTag=O]
[Text=en CharacterOffsetBegin=699 CharacterOffsetEnd=701 PartOfSpeech=ADP Lemma=en NamedEntityTag=O]
[Text=la CharacterOffsetBegin=702 CharacterOffsetEnd=704 PartOfSpeech=DET Lemma=la NamedEntityTag=O]
[Text=sesión CharacterOffsetBegin=705 CharacterOffsetEnd=711 PartOfSpeech=NOUN Lemma=sesión NamedEntityTag=O]
[Text=- CharacterOffsetBegin=712 CharacterOffsetEnd=713 PartOfSpeech=PUNCT Lemma=- NamedEntityTag=O]
[Text=del CharacterOffsetBegin=714 CharacterOffsetEnd=717 PartOfSpeech=ADP Lemma=del NamedEntityTag=O]
[Text=Consejo CharacterOffsetBegin=718 CharacterOffsetEnd=725 PartOfSpeech=PROPN Lemma=consejo NamedEntityTag=ORGANIZATION]
[Text=Univ. CharacterOffsetBegin=726 CharacterOffsetEnd=731 PartOfSpeech=PROPN Lemma=univ. NamedEntityTag=ORGANIZATION]
[Text=, CharacterOffsetBegin=731 CharacterOffsetEnd=732 PartOfSpeech=PUNCT Lemma=, NamedEntityTag=O]
[Text=a CharacterOffsetBegin=733 CharacterOffsetEnd=734 PartOfSpeech=ADP Lemma=a NamedEntityTag=O]
[Text=las CharacterOffsetBegin=735 CharacterOffsetEnd=738 PartOfSpeech=DET Lemma=las NamedEntityTag=O]
[Text=11.30 CharacterOffsetBegin=739 CharacterOffsetEnd=744 PartOfSpeech=NOUN Lemma=11.30 NamedEntityTag=NUMBER NormalizedNamedEntityTag=11.3]
[Text=hs CharacterOffsetBegin=745 CharacterOffsetEnd=747 PartOfSpeech=NOUN Lemma=hs NamedEntityTag=O]
[Text=. CharacterOffsetBegin=747 CharacterOffsetEnd=748 PartOfSpeech=PUNCT Lemma=. NamedEntityTag=O]

Dependency Parse (enhanced plus plus dependencies):
root(ROOT-0, acuerdo-4)
punct(acuerdo-4, --1)
case(acuerdo-4, Debido-2)
fixed(Debido-2, al-3)
amod(acuerdo-4, tomado-5)
case(sesión-8, en-6)
det(sesión-8, la-7)
obl(tomado-5, sesión-8)
punct(sesión-8, --9)
case(Consejo-11, del-10)
nmod(sesión-8, Consejo-11)
flat(Consejo-11, Univ.-12)
punct(acuerdo-4, ,-13)
case(11.30-16, a-14)
det(11.30-16, las-15)
nmod(acuerdo-4, 11.30-16)
appos(11.30-16, hs-17)
punct(acuerdo-4, .-18)

Extracted the following NER entity mentions:
Consejo Univ.	ORGANIZATION	ORGANIZATION:0.9949154831601085
11.30	NUMBER	NUMBER:-1.0

Sentence #9 (5 tokens):
,en el poblado antes

Tokens:
[Text=, CharacterOffsetBegin=748 CharacterOffsetEnd=749 PartOfSpeech=PUNCT Lemma=, NamedEntityTag=O]
[Text=en CharacterOffsetBegin=749 CharacterOffsetEnd=751 PartOfSpeech=ADP Lemma=en NamedEntityTag=O]
[Text=el CharacterOffsetBegin=752 CharacterOffsetEnd=754 PartOfSpeech=DET Lemma=el NamedEntityTag=O]
[Text=poblado CharacterOffsetBegin=755 CharacterOffsetEnd=762 PartOfSpeech=NOUN Lemma=poblado NamedEntityTag=O]
[Text=antes CharacterOffsetBegin=763 CharacterOffsetEnd=768 PartOfSpeech=ADV Lemma=antes NamedEntityTag=O]

Dependency Parse (enhanced plus plus dependencies):
root(ROOT-0, poblado-4)
punct(poblado-4, ,-1)
case(poblado-4, en-2)
det(poblado-4, el-3)
advmod(poblado-4, antes-5)

Extracted the following NER entity mentions:
