Document: ID=file_122.txt (8 sentences, 159 tokens)

Sentence #1 (4 tokens):
UNIVERSIDAD DE GUERRERO.

Tokens:
[Text=UNIVERSIDAD CharacterOffsetBegin=0 CharacterOffsetEnd=11 PartOfSpeech=PROPN Lemma=universidad NamedEntityTag=O]
[Text=DE CharacterOffsetBegin=12 CharacterOffsetEnd=14 PartOfSpeech=ADP Lemma=de NamedEntityTag=O]
[Text=GUERRERO CharacterOffsetBegin=15 CharacterOffsetEnd=23 PartOfSpeech=PROPN Lemma=guerrero NamedEntityTag=TITLE]
[Text=. CharacterOffsetBegin=23 CharacterOffsetEnd=24 PartOfSpeech=PUNCT Lemma=. NamedEntityTag=O]

Dependency Parse (enhanced plus plus dependencies):
root(ROOT-0, UNIVERSIDAD-1)
case(GUERRERO-3, DE-2)
flat(UNIVERSIDAD-1, GUERRERO-3)
punct(UNIVERSIDAD-1, .-4)

Extracted the following NER entity mentions:
GUERRERO	TITLE	-

Sentence #2 (2 tokens):
Exp-100-10-1-65.

Tokens:
[Text=Exp-100-10-1-65 CharacterOffsetBegin=25 CharacterOffsetEnd=40 PartOfSpeech=NUM Lemma=exp-100-10-1-65 NamedEntityTag=O]
[Text=. CharacterOffsetBegin=40 CharacterOffsetEnd=41 PartOfSpeech=PUNCT Lemma=. NamedEntityTag=O]

Dependency Parse (enhanced plus plus dependencies):
root(ROOT-0, Exp-100-10-1-65-1)
punct(Exp-100-10-1-65-1, .-2)

Extracted the following NER entity mentions:

Sentence #3 (38 tokens):
H-314 L-18
pretenda pactar con los expulsados,los que ,según
se dijo en la sesión,se encuentran todavía en la
Universidad y habierto ya algunas oficinas,entre
otras,la de los Servs.

Tokens:
[Text=H-314 CharacterOffsetBegin=42 CharacterOffsetEnd=47 PartOfSpeech=NUM Lemma=h-314 NamedEntityTag=O]
[Text=L-18 CharacterOffsetBegin=48 CharacterOffsetEnd=52 PartOfSpeech=NUM Lemma=l-18 NamedEntityTag=O]
[Text=pretenda CharacterOffsetBegin=53 CharacterOffsetEnd=61 PartOfSpeech=VERB Lemma=pretenda NamedEntityTag=O]
[Text=pactar CharacterOffsetBegin=62 CharacterOffsetEnd=68 PartOfSpeech=VERB Lemma=pactar NamedEntityTag=O]
[Text=con CharacterOffsetBegin=69 CharacterOffsetEnd=72 PartOfSpeech=ADP Lemma=con NamedEntityTag=O]
[Text=los CharacterOffsetBegin=73 CharacterOffsetEnd=76 PartOfSpeech=DET Lemma=los NamedEntityTag=O]
[Text=expulsados CharacterOffsetBegin=77 CharacterOffsetEnd=87 PartOfSpeech=ADJ Lemma=expulsados NamedEntityTag=O]
[Text=, CharacterOffsetBegin=87 CharacterOffsetEnd=88 PartOfSpeech=PUNCT Lemma=, NamedEntityTag=O]
[Text=los CharacterOffsetBegin=88 CharacterOffsetEnd=91 PartOfSpeech=DET Lemma=los NamedEntityTag=O]
[Text=que CharacterOffsetBegin=92 CharacterOffsetEnd=95 PartOfSpeech=PRON Lemma=que NamedEntityTag=O]
[Text=, CharacterOffsetBegin=96 CharacterOffsetEnd=97 PartOfSpeech=PUNCT Lemma=, NamedEntityTag=O]
[Text=según CharacterOffsetBegin=97 CharacterOffsetEnd=102 PartOfSpeech=SCONJ Lemma=según NamedEntityTag=O]
[Text=se CharacterOffsetBegin=103 CharacterOffsetEnd=105 PartOfSpeech=PRON Lemma=se NamedEntityTag=O]
[Text=dijo CharacterOffsetBegin=106 CharacterOffsetEnd=110 PartOfSpeech=VERB Lemma=dijo NamedEntityTag=O]
[Text=en CharacterOffsetBegin=111 CharacterOffsetEnd=113 PartOfSpeech=ADP Lemma=en NamedEntityTag=O]
[Text=la CharacterOffsetBegin=114 CharacterOffsetEnd=116 PartOfSpeech=DET Lemma=la NamedEntityTag=O]
[Text=sesión CharacterOffsetBegin=117 CharacterOffsetEnd=123 PartOfSpeech=NOUN Lemma=sesión NamedEntityTag=O]
[Text=, CharacterOffsetBegin=123 CharacterOffsetEnd=124 PartOfSpeech=PUNCT Lemma=, NamedEntityTag=O]
[Text=se CharacterOffsetBegin=124 CharacterOffsetEnd=126 PartOfSpeech=PRON Lemma=se NamedEntityTag=O]
[Text=encuentran CharacterOffsetBegin=127 CharacterOffsetEnd=137 PartOfSpeech=VERB Lemma=encuentran NamedEntityTag=O]
[Text=todavía CharacterOffsetBegin=138 CharacterOffsetEnd=145 PartOfSpeech=ADV Lemma=todavía NamedEntityTag=O]
[Text=en CharacterOffsetBegin=146 CharacterOffsetEnd=148 PartOfSpeech=ADP Lemma=en NamedEntityTag=O]
[Text=la CharacterOffsetBegin=149 CharacterOffsetEnd=151 PartOfSpeech=DET Lemma=la NamedEntityTag=O]
[Text=Universidad CharacterOffsetBegin=152 CharacterOffsetEnd=163 PartOfSpeech=PROPN Lemma=universidad NamedEntityTag=ORGANIZATION]
[Text=y CharacterOffsetBegin=164 CharacterOffsetEnd=165 PartOfSpeech=CCONJ Lemma=y NamedEntityTag=O]
[Text=habierto CharacterOffsetBegin=166 CharacterOffsetEnd=174 PartOfSpeech=VERB Lemma=habierto NamedEntityTag=O]
[Text=ya CharacterOffsetBegin=175 CharacterOffsetEnd=177 PartOfSpeech=ADV Lemma=ya NamedEntityTag=O]
[Text=algunas CharacterOffsetBegin=178 CharacterOffsetEnd=185 PartOfSpeech=DET Lemma=algunas NamedEntityTag=O]
[Text=oficinas CharacterOffsetBegin=186 CharacterOffsetEnd=194 PartOfSpeech=NOUN Lemma=oficinas NamedEntityTag=O]
[Text=, CharacterOffsetBegin=194 CharacterOffsetEnd=195 PartOfSpeech=PUNCT Lemma=, NamedEntityTag=O]
[Text=entre CharacterOffsetBegin=195 CharacterOffsetEnd=200 PartOfSpeech=ADP Lemma=entre NamedEntityTag=O]
[Text=otras CharacterOffsetBegin=201 CharacterOffsetEnd=206 PartOfSpeech=PRON Lemma=otras NamedEntityTag=O]
[Text=, CharacterOffsetBegin=206 CharacterOffsetEnd=207 PartOfSpeech=PUNCT Lemma=, NamedEntityTag=O]
[Text=la CharacterOffsetBegin=207 CharacterOffsetEnd=209 PartOfSpeech=DET Lemma=la NamedEntityTag=O]
[Text=de CharacterOffsetBegin=210 CharacterOffsetEnd=212 PartOfSpeech=ADP Lemma=de NamedEntityTag=O]
[Text=los CharacterOffsetBegin=213 CharacterOffsetEnd=216 PartOfSpeech=DET Lemma=los NamedEntityTag=O]
[Text=Servs CharacterOffsetBegin=217 CharacterOffsetEnd=222 PartOfSpeech=PROPN Lemma=servs NamedEntityTag=ORGANIZATION]
[Text=. CharacterOffsetBegin=222 CharacterOffsetEnd=223 PartOfSpeech=PUNCT Lemma=. NamedEntityTag=O]

Dependency Parse (enhanced plus plus dependencies):
root(ROOT-0, pretenda-3)
nsubj(pretenda-3, H-314-1)
compound(H-314-1, L-18-2)
xcomp(pretenda-3, pactar-4)
case(expulsados-7, con-5)
det(expulsados-7, los-6)
obj(pactar-4, expulsados-7)
punct(encuentran-20, ,-8)
det(que-10, los-9)
nsubj(encuentran-20, que-10)
punct(dijo-14, ,-11)
mark(dijo-14, según-12)
expl:pass(dijo-14, se-13)
advcl(encuentran-20, dijo-14)
case(sesión-17, en-15)
det(sesión-17, la-16)
obl(dijo-14, sesión-17)
punct(dijo-14, ,-18)
obj(encuentran-20, se-19)
acl(expulsados-7, encuentran-20)
advmod(encuentran-20, todavía-21)
case(Universidad-24, en-22)
det(Universidad-24, la-23)
obl(encuentran-20, Universidad-24)
cc(habierto-26, y-25)
acl(expulsados-7, habierto-26)
conj:y(encuentran-20, habierto-26)
advmod(habierto-26, ya-27)
det(oficinas-29, algunas-28)
obj(habierto-26, oficinas-29)
punct(otras-32, ,-30)
case(otras-32, entre-31)
nmod(oficinas-29, otras-32)
punct(otras-32, ,-33)
det(habierto-26, la-34)
case(la-34, de-35)
det(Servs-37, los-36)
nsubj(la-34, Servs-37)
punct(pretenda-3, .-38)

Extracted the following NER entity mentions:
Universidad	ORGANIZATION	ORGANIZATION:0.8570885819356755
Servs	ORGANIZATION	ORGANIZATION:0.4025914537354238

Sentence #4 (2 tokens):
Esc.

Tokens:
[Text=Esc CharacterOffsetBegin=223 CharacterOffsetEnd=226 PartOfSpeech=PROPN Lemma=esc NamedEntityTag=O]
[Text=. CharacterOffsetBegin=226 CharacterOffsetEnd=227 PartOfSpeech=PUNCT Lemma=. NamedEntityTag=O]

Dependency Parse (enhanced plus plus dependencies):
root(ROOT-0, Esc-1)
punct(Esc-1, .-2)

Extracted the following NER entity mentions:

Sentence #5 (50 tokens):
y es posible que se hay
hecho -al uso de los archivos,y que el Conse podr
en todo es so,ampliar el plazo ya aprobado que ter
minó el 10 del presente mes, para aceptar las so-
licitudes de reingreso de cada escuela.2.

Tokens:
[Text=y CharacterOffsetBegin=227 CharacterOffsetEnd=228 PartOfSpeech=CCONJ Lemma=y NamedEntityTag=O]
[Text=es CharacterOffsetBegin=229 CharacterOffsetEnd=231 PartOfSpeech=AUX Lemma=es NamedEntityTag=O]
[Text=posible CharacterOffsetBegin=232 CharacterOffsetEnd=239 PartOfSpeech=ADJ Lemma=posible NamedEntityTag=O]
[Text=que CharacterOffsetBegin=240 CharacterOffsetEnd=243 PartOfSpeech=SCONJ Lemma=que NamedEntityTag=O]
[Text=se CharacterOffsetBegin=244 CharacterOffsetEnd=246 PartOfSpeech=PRON Lemma=se NamedEntityTag=O]
[Text=hay CharacterOffsetBegin=247 CharacterOffsetEnd=250 PartOfSpeech=AUX Lemma=hay NamedEntityTag=O]
[Text=hecho CharacterOffsetBegin=251 CharacterOffsetEnd=256 PartOfSpeech=NOUN Lemma=hecho NamedEntityTag=O]
[Text=- CharacterOffsetBegin=257 CharacterOffsetEnd=258 PartOfSpeech=PUNCT Lemma=- NamedEntityTag=O]
[Text=al CharacterOffsetBegin=258 CharacterOffsetEnd=260 PartOfSpeech=ADP Lemma=al NamedEntityTag=O]
[Text=uso CharacterOffsetBegin=261 CharacterOffsetEnd=264 PartOfSpeech=NOUN Lemma=uso NamedEntityTag=O]
[Text=de CharacterOffsetBegin=265 CharacterOffsetEnd=267 PartOfSpeech=ADP Lemma=de NamedEntityTag=O]
[Text=los CharacterOffsetBegin=268 CharacterOffsetEnd=271 PartOfSpeech=DET Lemma=los NamedEntityTag=O]
[Text=archivos CharacterOffsetBegin=272 CharacterOffsetEnd=280 PartOfSpeech=NOUN Lemma=archivos NamedEntityTag=O]
[Text=, CharacterOffsetBegin=280 CharacterOffsetEnd=281 PartOfSpeech=PUNCT Lemma=, NamedEntityTag=O]
[Text=y CharacterOffsetBegin=281 CharacterOffsetEnd=282 PartOfSpeech=CCONJ Lemma=y NamedEntityTag=O]
[Text=que CharacterOffsetBegin=283 CharacterOffsetEnd=286 PartOfSpeech=SCONJ Lemma=que NamedEntityTag=O]
[Text=el CharacterOffsetBegin=287 CharacterOffsetEnd=289 PartOfSpeech=DET Lemma=el NamedEntityTag=O]
[Text=Conse CharacterOffsetBegin=290 CharacterOffsetEnd=295 PartOfSpeech=PROPN Lemma=conse NamedEntityTag=ORGANIZATION]
[Text=podr CharacterOffsetBegin=296 CharacterOffsetEnd=300 PartOfSpeech=AUX Lemma=podr NamedEntityTag=O]
[Text=en CharacterOffsetBegin=301 CharacterOffsetEnd=303 PartOfSpeech=ADP Lemma=en NamedEntityTag=O]
[Text=todo CharacterOffsetBegin=304 CharacterOffsetEnd=308 PartOfSpeech=PRON Lemma=todo NamedEntityTag=O]
[Text=es CharacterOffsetBegin=309 CharacterOffsetEnd=311 PartOfSpeech=AUX Lemma=es NamedEntityTag=O]
[Text=so CharacterOffsetBegin=312 CharacterOffsetEnd=314 PartOfSpeech=PRON Lemma=so NamedEntityTag=O]
[Text=, CharacterOffsetBegin=314 CharacterOffsetEnd=315 PartOfSpeech=PUNCT Lemma=, NamedEntityTag=O]
[Text=ampliar CharacterOffsetBegin=315 CharacterOffsetEnd=322 PartOfSpeech=VERB Lemma=ampliar NamedEntityTag=O]
[Text=el CharacterOffsetBegin=323 CharacterOffsetEnd=325 PartOfSpeech=DET Lemma=el NamedEntityTag=O]
[Text=plazo CharacterOffsetBegin=326 CharacterOffsetEnd=331 PartOfSpeech=NOUN Lemma=plazo NamedEntityTag=O]
[Text=ya CharacterOffsetBegin=332 CharacterOffsetEnd=334 PartOfSpeech=ADV Lemma=ya NamedEntityTag=O]
[Text=aprobado CharacterOffsetBegin=335 CharacterOffsetEnd=343 PartOfSpeech=ADJ Lemma=aprobado NamedEntityTag=O]
[Text=que CharacterOffsetBegin=344 CharacterOffsetEnd=347 PartOfSpeech=SCONJ Lemma=que NamedEntityTag=O]
[Text=ter CharacterOffsetBegin=348 CharacterOffsetEnd=351 PartOfSpeech=AUX Lemma=ter NamedEntityTag=O]
[Text=minó CharacterOffsetBegin=352 CharacterOffsetEnd=356 PartOfSpeech=VERB Lemma=minó NamedEntityTag=O]
[Text=el CharacterOffsetBegin=357 CharacterOffsetEnd=359 PartOfSpeech=DET Lemma=el NamedEntityTag=O]
[Text=10 CharacterOffsetBegin=360 CharacterOffsetEnd=362 PartOfSpeech=NUM Lemma=10 NamedEntityTag=NUMBER NormalizedNamedEntityTag=10.0]
[Text=del CharacterOffsetBegin=363 CharacterOffsetEnd=366 PartOfSpeech=ADP Lemma=del NamedEntityTag=O]
[Text=presente CharacterOffsetBegin=367 CharacterOffsetEnd=375 PartOfSpeech=NOUN Lemma=presente NamedEntityTag=O]
[Text=mes CharacterOffsetBegin=376 CharacterOffsetEnd=379 PartOfSpeech=NOUN Lemma=mes NamedEntityTag=O]
[Text=, CharacterOffsetBegin=379 CharacterOffsetEnd=380 PartOfSpeech=PUNCT Lemma=, NamedEntityTag=O]
[Text=para CharacterOffsetBegin=381 CharacterOffsetEnd=385 PartOfSpeech=ADP Lemma=para NamedEntityTag=O]
[Text=aceptar CharacterOffsetBegin=386 CharacterOffsetEnd=393 PartOfSpeech=VERB Lemma=aceptar NamedEntityTag=O]
[Text=las CharacterOffsetBegin=394 CharacterOffsetEnd=397 PartOfSpeech=DET Lemma=las NamedEntityTag=O]
[Text=so CharacterOffsetBegin=398 CharacterOffsetEnd=400 PartOfSpeech=NOUN Lemma=so NamedEntityTag=O]
[Text=- CharacterOffsetBegin=400 CharacterOffsetEnd=401 PartOfSpeech=PUNCT Lemma=- NamedEntityTag=O]
[Text=licitudes CharacterOffsetBegin=402 CharacterOffsetEnd=411 PartOfSpeech=NOUN Lemma=licitudes NamedEntityTag=O]
[Text=de CharacterOffsetBegin=412 CharacterOffsetEnd=414 PartOfSpeech=ADP Lemma=de NamedEntityTag=O]
[Text=reingreso CharacterOffsetBegin=415 CharacterOffsetEnd=424 PartOfSpeech=NOUN Lemma=reingreso NamedEntityTag=O]
[Text=de CharacterOffsetBegin=425 CharacterOffsetEnd=427 PartOfSpeech=ADP Lemma=de NamedEntityTag=O]
[Text=cada CharacterOffsetBegin=428 CharacterOffsetEnd=432 PartOfSpeech=DET Lemma=cada NamedEntityTag=O]
[Text=escuela.2 CharacterOffsetBegin=433 CharacterOffsetEnd=442 PartOfSpeech=NOUN Lemma=escuela.2 NamedEntityTag=O]
[Text=. CharacterOffsetBegin=442 CharacterOffsetEnd=443 PartOfSpeech=PUNCT Lemma=. NamedEntityTag=O]

Dependency Parse (enhanced plus plus dependencies):
root(ROOT-0, posible-3)
cc(posible-3, y-1)
cop(posible-3, es-2)
mark(hay-6, que-4)
obj(hay-6, se-5)
csubj(posible-3, hay-6)
obj(hay-6, hecho-7)
punct(uso-10, --8)
case(uso-10, al-9)
nmod(hecho-7, uso-10)
case(archivos-13, de-11)
det(archivos-13, los-12)
nmod(uso-10, archivos-13)
punct(uso-10, ,-14)
cc(so-23, y-15)
mark(so-23, que-16)
det(Conse-18, el-17)
nsubj(so-23, Conse-18)
aux(so-23, podr-19)
case(todo-21, en-20)
obl(so-23, todo-21)
cop(so-23, es-22)
csubj(posible-3, so-23)
conj:y(hay-6, so-23)
punct(ampliar-25, ,-24)
advcl(so-23, ampliar-25)
det(plazo-27, el-26)
obj(ampliar-25, plazo-27)
advmod(aprobado-29, ya-28)
amod(plazo-27, aprobado-29)
nsubj(minó-32, que-30)
aux(minó-32, ter-31)
acl(plazo-27, minó-32)
det(10-34, el-33)
obj(minó-32, 10-34)
case(presente-36, del-35)
nmod(10-34, presente-36)
nmod(presente-36, mes-37)
punct(aceptar-40, ,-38)
mark(aceptar-40, para-39)
advcl(minó-32, aceptar-40)
det(so-42, las-41)
obj(aceptar-40, so-42)
punct(licitudes-44, --43)
obj(ampliar-25, licitudes-44)
case(reingreso-46, de-45)
nmod(licitudes-44, reingreso-46)
case(escuela.2-49, de-47)
det(escuela.2-49, cada-48)
nmod(reingreso-46, escuela.2-49)
punct(posible-3, .-50)

Extracted the following NER entity mentions:
Conse	ORGANIZATION	ORGANIZATION:0.5827390293588941
10	NUMBER	NUMBER:-1.0

Sentence #6 (49 tokens):
-Negar -
la petición sobre la celebración de una mesa redo
da para que dictamine acerca de la runtura del --
orden jurídico de la Universidad, pues sería tanto
como poner en tela de juicio la legalidad de la -
máxima casa de estudios del Estado.3.

Tokens:
[Text=- CharacterOffsetBegin=443 CharacterOffsetEnd=444 PartOfSpeech=PUNCT Lemma=- NamedEntityTag=O]
[Text=Negar CharacterOffsetBegin=444 CharacterOffsetEnd=449 PartOfSpeech=VERB Lemma=negar NamedEntityTag=O]
[Text=- CharacterOffsetBegin=450 CharacterOffsetEnd=451 PartOfSpeech=PUNCT Lemma=- NamedEntityTag=O]
[Text=la CharacterOffsetBegin=452 CharacterOffsetEnd=454 PartOfSpeech=DET Lemma=la NamedEntityTag=O]
[Text=petición CharacterOffsetBegin=455 CharacterOffsetEnd=463 PartOfSpeech=NOUN Lemma=petición NamedEntityTag=O]
[Text=sobre CharacterOffsetBegin=464 CharacterOffsetEnd=469 PartOfSpeech=ADP Lemma=sobre NamedEntityTag=O]
[Text=la CharacterOffsetBegin=470 CharacterOffsetEnd=472 PartOfSpeech=DET Lemma=la NamedEntityTag=O]
[Text=celebración CharacterOffsetBegin=473 CharacterOffsetEnd=484 PartOfSpeech=NOUN Lemma=celebración NamedEntityTag=O]
[Text=de CharacterOffsetBegin=485 CharacterOffsetEnd=487 PartOfSpeech=ADP Lemma=de NamedEntityTag=O]
[Text=una CharacterOffsetBegin=488 CharacterOffsetEnd=491 PartOfSpeech=DET Lemma=una NamedEntityTag=O]
[Text=mesa CharacterOffsetBegin=492 CharacterOffsetEnd=496 PartOfSpeech=NOUN Lemma=mesa NamedEntityTag=O]
[Text=redo CharacterOffsetBegin=497 CharacterOffsetEnd=501 PartOfSpeech=ADJ Lemma=redo NamedEntityTag=O]
[Text=da CharacterOffsetBegin=502 CharacterOffsetEnd=504 PartOfSpeech=VERB Lemma=da NamedEntityTag=O]
[Text=para CharacterOffsetBegin=505 CharacterOffsetEnd=509 PartOfSpeech=ADP Lemma=para NamedEntityTag=O]
[Text=que CharacterOffsetBegin=510 CharacterOffsetEnd=513 PartOfSpeech=SCONJ Lemma=que NamedEntityTag=O]
[Text=dictamine CharacterOffsetBegin=514 CharacterOffsetEnd=523 PartOfSpeech=VERB Lemma=dictamine NamedEntityTag=O]
[Text=acerca CharacterOffsetBegin=524 CharacterOffsetEnd=530 PartOfSpeech=ADV Lemma=acerca NamedEntityTag=O]
[Text=de CharacterOffsetBegin=531 CharacterOffsetEnd=533 PartOfSpeech=ADP Lemma=de NamedEntityTag=O]
[Text=la CharacterOffsetBegin=534 CharacterOffsetEnd=536 PartOfSpeech=DET Lemma=la NamedEntityTag=O]
[Text=runtura CharacterOffsetBegin=537 CharacterOffsetEnd=544 PartOfSpeech=NOUN Lemma=runtura NamedEntityTag=O]
[Text=del CharacterOffsetBegin=545 CharacterOffsetEnd=548 PartOfSpeech=ADP Lemma=del NamedEntityTag=O]
[Text=-- CharacterOffsetBegin=549 CharacterOffsetEnd=551 PartOfSpeech=NUM Lemma=-- NamedEntityTag=O]
[Text=orden CharacterOffsetBegin=552 CharacterOffsetEnd=557 PartOfSpeech=NOUN Lemma=orden NamedEntityTag=O]
[Text=jurídico CharacterOffsetBegin=558 CharacterOffsetEnd=566 PartOfSpeech=ADJ Lemma=jurídico NamedEntityTag=O]
[Text=de CharacterOffsetBegin=567 CharacterOffsetEnd=569 PartOfSpeech=ADP Lemma=de NamedEntityTag=O]
[Text=la CharacterOffsetBegin=570 CharacterOffsetEnd=572 PartOfSpeech=DET Lemma=la NamedEntityTag=O]
[Text=Universidad CharacterOffsetBegin=573 CharacterOffsetEnd=584 PartOfSpeech=PROPN Lemma=universidad NamedEntityTag=ORGANIZATION]
[Text=, CharacterOffsetBegin=584 CharacterOffsetEnd=585 PartOfSpeech=PUNCT Lemma=, NamedEntityTag=O]
[Text=pues CharacterOffsetBegin=586 CharacterOffsetEnd=590 PartOfSpeech=SCONJ Lemma=pues NamedEntityTag=O]
[Text=sería CharacterOffsetBegin=591 CharacterOffsetEnd=596 PartOfSpeech=AUX Lemma=sería NamedEntityTag=O]
[Text=tanto CharacterOffsetBegin=597 CharacterOffsetEnd=602 PartOfSpeech=ADV Lemma=tanto NamedEntityTag=O]
[Text=como CharacterOffsetBegin=603 CharacterOffsetEnd=607 PartOfSpeech=SCONJ Lemma=como NamedEntityTag=O]
[Text=poner CharacterOffsetBegin=608 CharacterOffsetEnd=613 PartOfSpeech=VERB Lemma=poner NamedEntityTag=O]
[Text=en CharacterOffsetBegin=614 CharacterOffsetEnd=616 PartOfSpeech=ADP Lemma=en NamedEntityTag=O]
[Text=tela CharacterOffsetBegin=617 CharacterOffsetEnd=621 PartOfSpeech=NOUN Lemma=tela NamedEntityTag=O]
[Text=de CharacterOffsetBegin=622 CharacterOffsetEnd=624 PartOfSpeech=ADP Lemma=de NamedEntityTag=O]
[Text=juicio CharacterOffsetBegin=625 CharacterOffsetEnd=631 PartOfSpeech=NOUN Lemma=juicio NamedEntityTag=O]
[Text=la CharacterOffsetBegin=632 CharacterOffsetEnd=634 PartOfSpeech=DET Lemma=la NamedEntityTag=O]
[Text=legalidad CharacterOffsetBegin=635 CharacterOffsetEnd=644 PartOfSpeech=NOUN Lemma=legalidad NamedEntityTag=O]
[Text=de CharacterOffsetBegin=645 CharacterOffsetEnd=647 PartOfSpeech=ADP Lemma=de NamedEntityTag=O]
[Text=la CharacterOffsetBegin=648 CharacterOffsetEnd=650 PartOfSpeech=DET Lemma=la NamedEntityTag=O]
[Text=- CharacterOffsetBegin=651 CharacterOffsetEnd=652 PartOfSpeech=PUNCT Lemma=- NamedEntityTag=O]
[Text=máxima CharacterOffsetBegin=653 CharacterOffsetEnd=659 PartOfSpeech=ADJ Lemma=máxima NamedEntityTag=O]
[Text=casa CharacterOffsetBegin=660 CharacterOffsetEnd=664 PartOfSpeech=NOUN Lemma=casa NamedEntityTag=O]
[Text=de CharacterOffsetBegin=665 CharacterOffsetEnd=667 PartOfSpeech=ADP Lemma=de NamedEntityTag=O]
[Text=estudios CharacterOffsetBegin=668 CharacterOffsetEnd=676 PartOfSpeech=NOUN Lemma=estudios NamedEntityTag=O]
[Text=del CharacterOffsetBegin=677 CharacterOffsetEnd=680 PartOfSpeech=ADP Lemma=del NamedEntityTag=O]
[Text=Estado.3 CharacterOffsetBegin=681 CharacterOffsetEnd=689 PartOfSpeech=PROPN Lemma=estado.3 NamedEntityTag=O]
[Text=. CharacterOffsetBegin=689 CharacterOffsetEnd=690 PartOfSpeech=PUNCT Lemma=. NamedEntityTag=O]

Dependency Parse (enhanced plus plus dependencies):
root(ROOT-0, da-13)
punct(Negar-2, --1)
ccomp(da-13, Negar-2)
punct(Negar-2, --3)
det(petición-5, la-4)
obj(Negar-2, petición-5)
case(celebración-8, sobre-6)
det(celebración-8, la-7)
nmod(petición-5, celebración-8)
case(mesa-11, de-9)
det(mesa-11, una-10)
nmod(celebración-8, mesa-11)
amod(mesa-11, redo-12)
conj:tanto(da-13, da-13''')
mark(dictamine-16, para-14)
mark(dictamine-16, que-15)
advcl(da-13, dictamine-16)
case(runtura-20, acerca-17)
fixed(acerca-17, de-18)
det(runtura-20, la-19)
obj(dictamine-16, runtura-20)
case(orden-23, del-21)
nummod(orden-23, ---22)
nmod(runtura-20, orden-23)
amod(orden-23, jurídico-24)
case(Universidad-27, de-25)
det(Universidad-27, la-26)
nmod(orden-23, Universidad-27)
punct(sería-30, ,-28)
mark(sería-30, pues-29)
advcl(da-13, sería-30)
cc(da-13''', tanto-31)
mark(poner-33, como-32)
advcl(da-13''', poner-33)
case(tela-35, en-34)
obl(poner-33, tela-35)
case(juicio-37, de-36)
nmod(tela-35, juicio-37)
det(legalidad-39, la-38)
obj(poner-33, legalidad-39)
case(casa-44, de-40)
det(casa-44, la-41)
punct(casa-44, --42)
amod(casa-44, máxima-43)
nmod(legalidad-39, casa-44)
case(estudios-46, de-45)
nmod(casa-44, estudios-46)
case(Estado.3-48, del-47)
nmod(estudios-46, Estado.3-48)
punct(da-13, .-49)

Extracted the following NER entity mentions:
Universidad	ORGANIZATION	ORGANIZATION:0.9916985784277633

Sentence #7 (11 tokens):
-Respecto a
que la opinión del Gobernedor el Edo.

Tokens:
[Text=- CharacterOffsetBegin=690 CharacterOffsetEnd=691 PartOfSpeech=PUNCT Lemma=- NamedEntityTag=O]
[Text=Respecto CharacterOffsetBegin=691 CharacterOffsetEnd=699 PartOfSpeech=NOUN Lemma=respecto NamedEntityTag=O]
[Text=a CharacterOffsetBegin=700 CharacterOffsetEnd=701 PartOfSpeech=ADP Lemma=a NamedEntityTag=O]
[Text=que CharacterOffsetBegin=702 CharacterOffsetEnd=705 PartOfSpeech=SCONJ Lemma=que NamedEntityTag=O]
[Text=la CharacterOffsetBegin=706 CharacterOffsetEnd=708 PartOfSpeech=DET Lemma=la NamedEntityTag=O]
[Text=opinión CharacterOffsetBegin=709 CharacterOffsetEnd=716 PartOfSpeech=NOUN Lemma=opinión NamedEntityTag=O]
[Text=del CharacterOffsetBegin=717 CharacterOffsetEnd=720 PartOfSpeech=ADP Lemma=del NamedEntityTag=O]
[Text=Gobernedor CharacterOffsetBegin=721 CharacterOffsetEnd=731 PartOfSpeech=PROPN Lemma=gobernedor NamedEntityTag=ORGANIZATION]
[Text=el CharacterOffsetBegin=732 CharacterOffsetEnd=734 PartOfSpeech=DET Lemma=el NamedEntityTag=ORGANIZATION]
[Text=Edo CharacterOffsetBegin=735 CharacterOffsetEnd=738 PartOfSpeech=PROPN Lemma=edo NamedEntityTag=ORGANIZATION]
[Text=. CharacterOffsetBegin=738 CharacterOffsetEnd=739 PartOfSpeech=PUNCT Lemma=. NamedEntityTag=O]

Dependency Parse (enhanced plus plus dependencies):
root(ROOT-0, opinión-6)
punct(opinión-6, --1)
mark(opinión-6, Respecto-2)
fixed(Respecto-2, a-3)
fixed(Respecto-2, que-4)
det(opinión-6, la-5)
case(Gobernedor-8, del-7)
nmod(opinión-6, Gobernedor-8)
det(Edo-10, el-9)
appos(opinión-6, Edo-10)
punct(opinión-6, .-11)

Extracted the following NER entity mentions:
Gobernedor el Edo	ORGANIZATION	ORGANIZATION:0.30140921102819884

Sentence #8 (3 tokens):
en el senti

Tokens:
[Text=en CharacterOffsetBegin=739 CharacterOffsetEnd=741 PartOfSpeech=ADP Lemma=en NamedEntityTag=O]
[Text=el CharacterOffsetBegin=742 CharacterOffsetEnd=744 PartOfSpeech=DET Lemma=el NamedEntityTag=O]
[Text=senti CharacterOffsetBegin=745 CharacterOffsetEnd=750 PartOfSpeech=NOUN Lemma=senti NamedEntityTag=O]

Dependency Parse (enhanced plus plus dependencies):
root(ROOT-0, senti-3)
case(senti-3, en-1)
det(senti-3, el-2)

Extracted the following NER entity mentions:
