Document: ID=file_430.txt (8 sentences, 112 tokens)

Sentence #1 (2 tokens):
Exp-100-10-1-78.

Tokens:
[Text=Exp-100-10-1-78 CharacterOffsetBegin=0 CharacterOffsetEnd=15 PartOfSpeech=NUM Lemma=exp-100-10-1-78 NamedEntityTag=O]
[Text=. CharacterOffsetBegin=15 CharacterOffsetEnd=16 PartOfSpeech=PUNCT Lemma=. NamedEntityTag=O]

Dependency Parse (enhanced plus plus dependencies):
root(ROOT-0, Exp-100-10-1-78-1)
punct(Exp-100-10-1-78-1, .-2)

Extracted the following NER entity mentions:

Sentence #2 (6 tokens):
H-227 L-74
9- unio-78.

Tokens:
[Text=H-227 CharacterOffsetBegin=17 CharacterOffsetEnd=22 PartOfSpeech=NUM Lemma=h-227 NamedEntityTag=O]
[Text=L-74 CharacterOffsetBegin=23 CharacterOffsetEnd=27 PartOfSpeech=NUM Lemma=l-74 NamedEntityTag=O]
[Text=9 CharacterOffsetBegin=28 CharacterOffsetEnd=29 PartOfSpeech=NUM Lemma=9 NamedEntityTag=O]
[Text=- CharacterOffsetBegin=29 CharacterOffsetEnd=30 PartOfSpeech=PUNCT Lemma=- NamedEntityTag=O]
[Text=unio-78 CharacterOffsetBegin=31 CharacterOffsetEnd=38 PartOfSpeech=NUM Lemma=unio-78 NamedEntityTag=O]
[Text=. CharacterOffsetBegin=38 CharacterOffsetEnd=39 PartOfSpeech=PUNCT Lemma=. NamedEntityTag=O]

Dependency Parse (enhanced plus plus dependencies):
root(ROOT-0, H-227-1)
appos(H-227-1, L-74-2)
compound(L-74-2, 9-3)
punct(H-227-1, --4)
appos(H-227-1, unio-78-5)
punct(H-227-1, .-6)

Extracted the following NER entity mentions:

Sentence #3 (8 tokens):
-El 8 actual, el Ing.

Tokens:
[Text=- CharacterOffsetBegin=39 CharacterOffsetEnd=40 PartOfSpeech=PUNCT Lemma=- NamedEntityTag=O]
[Text=El CharacterOffsetBegin=40 CharacterOffsetEnd=42 PartOfSpeech=DET Lemma=el NamedEntityTag=O]
[Text=8 CharacterOffsetBegin=43 CharacterOffsetEnd=44 PartOfSpeech=NUM Lemma=8 NamedEntityTag=NUMBER NormalizedNamedEntityTag=8.0]
[Text=actual CharacterOffsetBegin=45 CharacterOffsetEnd=51 PartOfSpeech=ADJ Lemma=actual NamedEntityTag=O]
[Text=, CharacterOffsetBegin=51 CharacterOffsetEnd=52 PartOfSpeech=PUNCT Lemma=, NamedEntityTag=O]
[Text=el CharacterOffsetBegin=53 CharacterOffsetEnd=55 PartOfSpeech=DET Lemma=el NamedEntityTag=O]
[Text=Ing CharacterOffsetBegin=56 CharacterOffsetEnd=59 PartOfSpeech=PROPN Lemma=ing NamedEntityTag=MISC]
[Text=. CharacterOffsetBegin=59 CharacterOffsetEnd=60 PartOfSpeech=PUNCT Lemma=. NamedEntityTag=O]

Dependency Parse (enhanced plus plus dependencies):
root(ROOT-0, 8-3)
punct(8-3, --1)
det(8-3, El-2)
amod(8-3, actual-4)
punct(8-3, ,-5)
det(Ing-7, el-6)
appos(8-3, Ing-7)
punct(8-3, .-8)

Extracted the following NER entity mentions:
8	NUMBER	NUMBER:-1.0
Ing	MISC	MISC:0.36413638047848657

Sentence #4 (34 tokens):
CARLOS LANDEROS AVILES,
maestro de la U.A.G., indicó que éste individuo, se en-cuentra prófugo en virtud de que dejó de firmar en el
Juzgado penal de Acapulco,Gro.

Tokens:
[Text=CAR CharacterOffsetBegin=61 CharacterOffsetEnd=67 PartOfSpeech=NOUN Lemma=car NamedEntityTag=O]
[Text=LOS CharacterOffsetBegin=61 CharacterOffsetEnd=67 PartOfSpeech=DET Lemma=los NamedEntityTag=O]
[Text=LANDEROS CharacterOffsetBegin=68 CharacterOffsetEnd=76 PartOfSpeech=PROPN Lemma=landeros NamedEntityTag=PERSON]
[Text=AVILES CharacterOffsetBegin=77 CharacterOffsetEnd=83 PartOfSpeech=PROPN Lemma=aviles NamedEntityTag=PERSON]
[Text=, CharacterOffsetBegin=83 CharacterOffsetEnd=84 PartOfSpeech=PUNCT Lemma=, NamedEntityTag=O]
[Text=maestro CharacterOffsetBegin=85 CharacterOffsetEnd=92 PartOfSpeech=NOUN Lemma=maestro NamedEntityTag=TITLE]
[Text=de CharacterOffsetBegin=93 CharacterOffsetEnd=95 PartOfSpeech=ADP Lemma=de NamedEntityTag=O]
[Text=la CharacterOffsetBegin=96 CharacterOffsetEnd=98 PartOfSpeech=DET Lemma=la NamedEntityTag=O]
[Text=U.A.G. CharacterOffsetBegin=99 CharacterOffsetEnd=105 PartOfSpeech=PROPN Lemma=u.a.g. NamedEntityTag=O]
[Text=, CharacterOffsetBegin=105 CharacterOffsetEnd=106 PartOfSpeech=PUNCT Lemma=, NamedEntityTag=O]
[Text=indicó CharacterOffsetBegin=107 CharacterOffsetEnd=113 PartOfSpeech=VERB Lemma=indicó NamedEntityTag=O]
[Text=que CharacterOffsetBegin=114 CharacterOffsetEnd=117 PartOfSpeech=SCONJ Lemma=que NamedEntityTag=O]
[Text=éste CharacterOffsetBegin=118 CharacterOffsetEnd=122 PartOfSpeech=PRON Lemma=éste NamedEntityTag=O]
[Text=individuo CharacterOffsetBegin=123 CharacterOffsetEnd=132 PartOfSpeech=NOUN Lemma=individuo NamedEntityTag=O]
[Text=, CharacterOffsetBegin=132 CharacterOffsetEnd=133 PartOfSpeech=PUNCT Lemma=, NamedEntityTag=O]
[Text=se CharacterOffsetBegin=134 CharacterOffsetEnd=136 PartOfSpeech=PRON Lemma=se NamedEntityTag=O]
[Text=en-cuentra CharacterOffsetBegin=137 CharacterOffsetEnd=147 PartOfSpeech=NOUN Lemma=en-cuentra NamedEntityTag=O]
[Text=prófugo CharacterOffsetBegin=148 CharacterOffsetEnd=155 PartOfSpeech=ADJ Lemma=prófugo NamedEntityTag=O]
[Text=en CharacterOffsetBegin=156 CharacterOffsetEnd=158 PartOfSpeech=ADP Lemma=en NamedEntityTag=O]
[Text=virtud CharacterOffsetBegin=159 CharacterOffsetEnd=165 PartOfSpeech=NOUN Lemma=virtud NamedEntityTag=O]
[Text=de CharacterOffsetBegin=166 CharacterOffsetEnd=168 PartOfSpeech=ADP Lemma=de NamedEntityTag=O]
[Text=que CharacterOffsetBegin=169 CharacterOffsetEnd=172 PartOfSpeech=SCONJ Lemma=que NamedEntityTag=O]
[Text=dejó CharacterOffsetBegin=173 CharacterOffsetEnd=177 PartOfSpeech=VERB Lemma=dejó NamedEntityTag=O]
[Text=de CharacterOffsetBegin=178 CharacterOffsetEnd=180 PartOfSpeech=ADP Lemma=de NamedEntityTag=O]
[Text=firmar CharacterOffsetBegin=181 CharacterOffsetEnd=187 PartOfSpeech=VERB Lemma=firmar NamedEntityTag=O]
[Text=en CharacterOffsetBegin=188 CharacterOffsetEnd=190 PartOfSpeech=ADP Lemma=en NamedEntityTag=O]
[Text=el CharacterOffsetBegin=191 CharacterOffsetEnd=193 PartOfSpeech=DET Lemma=el NamedEntityTag=O]
[Text=Juzgado CharacterOffsetBegin=194 CharacterOffsetEnd=201 PartOfSpeech=PROPN Lemma=juzgado NamedEntityTag=ORGANIZATION]
[Text=penal CharacterOffsetBegin=202 CharacterOffsetEnd=207 PartOfSpeech=ADJ Lemma=penal NamedEntityTag=O]
[Text=de CharacterOffsetBegin=208 CharacterOffsetEnd=210 PartOfSpeech=ADP Lemma=de NamedEntityTag=O]
[Text=Acapulco CharacterOffsetBegin=211 CharacterOffsetEnd=219 PartOfSpeech=PROPN Lemma=acapulco NamedEntityTag=CITY]
[Text=, CharacterOffsetBegin=219 CharacterOffsetEnd=220 PartOfSpeech=PUNCT Lemma=, NamedEntityTag=O]
[Text=Gro CharacterOffsetBegin=220 CharacterOffsetEnd=223 PartOfSpeech=PROPN Lemma=gro NamedEntityTag=PERSON]
[Text=. CharacterOffsetBegin=223 CharacterOffsetEnd=224 PartOfSpeech=PUNCT Lemma=. NamedEntityTag=O]

Dependency Parse (enhanced plus plus dependencies):
root(ROOT-0, indicó-11)
nsubj(indicó-11, CAR-1)
det(LANDEROS-3, LOS-2)
appos(CAR-1, LANDEROS-3)
flat(LANDEROS-3, AVILES-4)
punct(maestro-6, ,-5)
appos(CAR-1, maestro-6)
case(U.A.G.-9, de-7)
det(U.A.G.-9, la-8)
nmod(maestro-6, U.A.G.-9)
punct(maestro-6, ,-10)
advmod(indicó-11, que-12)
csubj:pass(que-12, éste-13)
appos(éste-13, individuo-14)
punct(se-16, ,-15)
appos(éste-13, se-16)
appos(se-16, en-cuentra-17)
amod(en-cuentra-17, prófugo-18)
mark(firmar-25, en-19)
fixed(en-19, virtud-20)
fixed(en-19, de-21)
mark(firmar-25, que-22)
aux(firmar-25, dejó-23)
mark(firmar-25, de-24)
acl(en-cuentra-17, firmar-25)
acl(en-cuentra-17, firmar-25)
case(Juzgado-28, en-26)
det(Juzgado-28, el-27)
obl(firmar-25, Juzgado-28)
amod(Juzgado-28, penal-29)
case(Acapulco-31, de-30)
flat(Juzgado-28, Acapulco-31)
punct(Gro-33, ,-32)
appos(Juzgado-28, Gro-33)
punct(éste-13, .-34)

Extracted the following NER entity mentions:
LANDEROS AVILES	PERSON	PERSON:0.6393868635307501
maestro	TITLE	-
Juzgado	ORGANIZATION	ORGANIZATION:0.684744687899057
Acapulco	CITY	LOCATION:0.9870437335706924
Gro	PERSON	PERSON:0.44296594754169794

Sentence #5 (3 tokens):
-
Exp.

Tokens:
[Text=- CharacterOffsetBegin=224 CharacterOffsetEnd=225 PartOfSpeech=PUNCT Lemma=- NamedEntityTag=O]
[Text=Exp CharacterOffsetBegin=226 CharacterOffsetEnd=229 PartOfSpeech=INTJ Lemma=exp NamedEntityTag=O]
[Text=. CharacterOffsetBegin=229 CharacterOffsetEnd=230 PartOfSpeech=PUNCT Lemma=. NamedEntityTag=O]

Dependency Parse (enhanced plus plus dependencies):
root(ROOT-0, Exp-2)
punct(Exp-2, --1)
punct(Exp-2, .-3)

Extracted the following NER entity mentions:

Sentence #6 (7 tokens):
100-10-1-78
H-92 L-77
12-Octubre-78.

Tokens:
[Text=100-10-1-78 CharacterOffsetBegin=231 CharacterOffsetEnd=242 PartOfSpeech=NUM Lemma=100-10-1-78 NamedEntityTag=O]
[Text=H-92 CharacterOffsetBegin=243 CharacterOffsetEnd=247 PartOfSpeech=PROPN Lemma=h-92 NamedEntityTag=O]
[Text=L-77 CharacterOffsetBegin=248 CharacterOffsetEnd=252 PartOfSpeech=PROPN Lemma=l-77 NamedEntityTag=O]
[Text=12 CharacterOffsetBegin=253 CharacterOffsetEnd=255 PartOfSpeech=NUM Lemma=12 NamedEntityTag=O]
[Text=- CharacterOffsetBegin=255 CharacterOffsetEnd=256 PartOfSpeech=PUNCT Lemma=- NamedEntityTag=O]
[Text=Octubre-78 CharacterOffsetBegin=256 CharacterOffsetEnd=266 PartOfSpeech=NUM Lemma=octubre-78 NamedEntityTag=O]
[Text=. CharacterOffsetBegin=266 CharacterOffsetEnd=267 PartOfSpeech=PUNCT Lemma=. NamedEntityTag=O]

Dependency Parse (enhanced plus plus dependencies):
root(ROOT-0, H-92-2)
nummod(H-92-2, 100-10-1-78-1)
flat(H-92-2, L-77-3)
nummod(H-92-2, 12-4)
punct(Octubre-78-6, --5)
appos(H-92-2, Octubre-78-6)
punct(H-92-2, .-7)

Extracted the following NER entity mentions:

Sentence #7 (12 tokens):
-El 11 actual durante una manifestación-mitin en Chilpancingo, Gro.

Tokens:
[Text=- CharacterOffsetBegin=267 CharacterOffsetEnd=268 PartOfSpeech=PUNCT Lemma=- NamedEntityTag=O]
[Text=El CharacterOffsetBegin=268 CharacterOffsetEnd=270 PartOfSpeech=DET Lemma=el NamedEntityTag=O]
[Text=11 CharacterOffsetBegin=271 CharacterOffsetEnd=273 PartOfSpeech=NUM Lemma=11 NamedEntityTag=NUMBER NormalizedNamedEntityTag=11.0]
[Text=actual CharacterOffsetBegin=274 CharacterOffsetEnd=280 PartOfSpeech=ADJ Lemma=actual NamedEntityTag=O]
[Text=durante CharacterOffsetBegin=281 CharacterOffsetEnd=288 PartOfSpeech=ADP Lemma=durante NamedEntityTag=O]
[Text=una CharacterOffsetBegin=289 CharacterOffsetEnd=292 PartOfSpeech=DET Lemma=una NamedEntityTag=O]
[Text=manifestación-mitin CharacterOffsetBegin=293 CharacterOffsetEnd=312 PartOfSpeech=NOUN Lemma=manifestación-mitin NamedEntityTag=O]
[Text=en CharacterOffsetBegin=313 CharacterOffsetEnd=315 PartOfSpeech=ADP Lemma=en NamedEntityTag=O]
[Text=Chilpancingo CharacterOffsetBegin=316 CharacterOffsetEnd=328 PartOfSpeech=PROPN Lemma=chilpancingo NamedEntityTag=CITY]
[Text=, CharacterOffsetBegin=328 CharacterOffsetEnd=329 PartOfSpeech=PUNCT Lemma=, NamedEntityTag=O]
[Text=Gro CharacterOffsetBegin=330 CharacterOffsetEnd=333 PartOfSpeech=PROPN Lemma=gro NamedEntityTag=O]
[Text=. CharacterOffsetBegin=333 CharacterOffsetEnd=334 PartOfSpeech=PUNCT Lemma=. NamedEntityTag=O]

Dependency Parse (enhanced plus plus dependencies):
root(ROOT-0, 11-3)
punct(11-3, --1)
det(11-3, El-2)
amod(11-3, actual-4)
case(manifestación-mitin-7, durante-5)
det(manifestación-mitin-7, una-6)
nmod(11-3, manifestación-mitin-7)
case(Chilpancingo-9, en-8)
nmod(manifestación-mitin-7, Chilpancingo-9)
punct(11-3, ,-10)
appos(11-3, Gro-11)
punct(11-3, .-12)

Extracted the following NER entity mentions:
11	NUMBER	NUMBER:-1.0
Chilpancingo	CITY	LOCATION:0.9998466647436999

Sentence #8 (40 tokens):
por--
parte de estudiantes de la U.A.G., se denunció-
la desaparición de éste elemento cuando se ----
presentaba a dar clases en la Normal del Estado
de M´exico, y que era señalado como beneficiario

Tokens:
[Text=por CharacterOffsetBegin=335 CharacterOffsetEnd=338 PartOfSpeech=ADP Lemma=por NamedEntityTag=O]
[Text=-- CharacterOffsetBegin=338 CharacterOffsetEnd=340 PartOfSpeech=NUM Lemma=-- NamedEntityTag=O]
[Text=parte CharacterOffsetBegin=341 CharacterOffsetEnd=346 PartOfSpeech=NOUN Lemma=parte NamedEntityTag=O]
[Text=de CharacterOffsetBegin=347 CharacterOffsetEnd=349 PartOfSpeech=ADP Lemma=de NamedEntityTag=O]
[Text=estudiantes CharacterOffsetBegin=350 CharacterOffsetEnd=361 PartOfSpeech=NOUN Lemma=estudiantes NamedEntityTag=O]
[Text=de CharacterOffsetBegin=362 CharacterOffsetEnd=364 PartOfSpeech=ADP Lemma=de NamedEntityTag=O]
[Text=la CharacterOffsetBegin=365 CharacterOffsetEnd=367 PartOfSpeech=DET Lemma=la NamedEntityTag=O]
[Text=U.A.G. CharacterOffsetBegin=368 CharacterOffsetEnd=374 PartOfSpeech=PROPN Lemma=u.a.g. NamedEntityTag=O]
[Text=, CharacterOffsetBegin=374 CharacterOffsetEnd=375 PartOfSpeech=PUNCT Lemma=, NamedEntityTag=O]
[Text=se CharacterOffsetBegin=376 CharacterOffsetEnd=378 PartOfSpeech=PRON Lemma=se NamedEntityTag=O]
[Text=denunció CharacterOffsetBegin=379 CharacterOffsetEnd=387 PartOfSpeech=VERB Lemma=denunció NamedEntityTag=O]
[Text=- CharacterOffsetBegin=387 CharacterOffsetEnd=388 PartOfSpeech=PUNCT Lemma=- NamedEntityTag=O]
[Text=la CharacterOffsetBegin=389 CharacterOffsetEnd=391 PartOfSpeech=DET Lemma=la NamedEntityTag=O]
[Text=desaparición CharacterOffsetBegin=392 CharacterOffsetEnd=404 PartOfSpeech=NOUN Lemma=desaparición NamedEntityTag=O]
[Text=de CharacterOffsetBegin=405 CharacterOffsetEnd=407 PartOfSpeech=ADP Lemma=de NamedEntityTag=O]
[Text=éste CharacterOffsetBegin=408 CharacterOffsetEnd=412 PartOfSpeech=PRON Lemma=éste NamedEntityTag=O]
[Text=elemento CharacterOffsetBegin=413 CharacterOffsetEnd=421 PartOfSpeech=NOUN Lemma=elemento NamedEntityTag=O]
[Text=cuando CharacterOffsetBegin=422 CharacterOffsetEnd=428 PartOfSpeech=SCONJ Lemma=cuando NamedEntityTag=O]
[Text=se CharacterOffsetBegin=429 CharacterOffsetEnd=431 PartOfSpeech=PRON Lemma=se NamedEntityTag=O]
[Text=---- CharacterOffsetBegin=432 CharacterOffsetEnd=436 PartOfSpeech=AUX Lemma=---- NamedEntityTag=O]
[Text=presentaba CharacterOffsetBegin=437 CharacterOffsetEnd=447 PartOfSpeech=VERB Lemma=presentaba NamedEntityTag=O]
[Text=a CharacterOffsetBegin=448 CharacterOffsetEnd=449 PartOfSpeech=ADP Lemma=a NamedEntityTag=O]
[Text=dar CharacterOffsetBegin=450 CharacterOffsetEnd=453 PartOfSpeech=VERB Lemma=dar NamedEntityTag=O]
[Text=clases CharacterOffsetBegin=454 CharacterOffsetEnd=460 PartOfSpeech=NOUN Lemma=clases NamedEntityTag=O]
[Text=en CharacterOffsetBegin=461 CharacterOffsetEnd=463 PartOfSpeech=ADP Lemma=en NamedEntityTag=O]
[Text=la CharacterOffsetBegin=464 CharacterOffsetEnd=466 PartOfSpeech=DET Lemma=la NamedEntityTag=O]
[Text=Normal CharacterOffsetBegin=467 CharacterOffsetEnd=473 PartOfSpeech=PROPN Lemma=normal NamedEntityTag=MISC]
[Text=del CharacterOffsetBegin=474 CharacterOffsetEnd=477 PartOfSpeech=ADP Lemma=del NamedEntityTag=MISC]
[Text=Estado CharacterOffsetBegin=478 CharacterOffsetEnd=484 PartOfSpeech=PROPN Lemma=estado NamedEntityTag=MISC]
[Text=de CharacterOffsetBegin=485 CharacterOffsetEnd=487 PartOfSpeech=ADP Lemma=de NamedEntityTag=MISC]
[Text=M CharacterOffsetBegin=488 CharacterOffsetEnd=489 PartOfSpeech=PROPN Lemma=m NamedEntityTag=MISC]
[Text=´ CharacterOffsetBegin=489 CharacterOffsetEnd=490 PartOfSpeech=PROPN Lemma=´ NamedEntityTag=O]
[Text=exico CharacterOffsetBegin=490 CharacterOffsetEnd=495 PartOfSpeech=PROPN Lemma=exico NamedEntityTag=O]
[Text=, CharacterOffsetBegin=495 CharacterOffsetEnd=496 PartOfSpeech=PUNCT Lemma=, NamedEntityTag=O]
[Text=y CharacterOffsetBegin=497 CharacterOffsetEnd=498 PartOfSpeech=CCONJ Lemma=y NamedEntityTag=O]
[Text=que CharacterOffsetBegin=499 CharacterOffsetEnd=502 PartOfSpeech=SCONJ Lemma=que NamedEntityTag=O]
[Text=era CharacterOffsetBegin=503 CharacterOffsetEnd=506 PartOfSpeech=AUX Lemma=era NamedEntityTag=O]
[Text=señalado CharacterOffsetBegin=507 CharacterOffsetEnd=515 PartOfSpeech=VERB Lemma=señalado NamedEntityTag=O]
[Text=como CharacterOffsetBegin=516 CharacterOffsetEnd=520 PartOfSpeech=SCONJ Lemma=como NamedEntityTag=O]
[Text=beneficiario CharacterOffsetBegin=521 CharacterOffsetEnd=533 PartOfSpeech=NOUN Lemma=beneficiario NamedEntityTag=O]

Dependency Parse (enhanced plus plus dependencies):
root(ROOT-0, denunció-11)
case(parte-3, por-1)
nummod(parte-3, ---2)
obl(denunció-11, parte-3)
case(estudiantes-5, de-4)
nmod(parte-3, estudiantes-5)
case(U.A.G.-8, de-6)
det(U.A.G.-8, la-7)
nmod(estudiantes-5, U.A.G.-8)
punct(parte-3, ,-9)
obj(denunció-11, se-10)
punct(desaparición-14, --12)
det(desaparición-14, la-13)
nsubj(denunció-11, desaparición-14)
case(éste-16, de-15)
nmod(desaparición-14, éste-16)
appos(éste-16, elemento-17)
mark(presentaba-21, cuando-18)
obj(presentaba-21, se-19)
aux(presentaba-21, -----20)
acl(desaparición-14, presentaba-21)
mark(dar-23, a-22)
xcomp(presentaba-21, dar-23)
obj(dar-23, clases-24)
case(Normal-27, en-25)
det(Normal-27, la-26)
obl(dar-23, Normal-27)
case(Estado-29, del-28)
flat(Normal-27, Estado-29)
case(M-31, de-30)
flat(Normal-27, M-31)
flat(Normal-27, ´-32)
flat(Normal-27, exico-33)
punct(señalado-38, ,-34)
cc(señalado-38, y-35)
mark(señalado-38, que-36)
aux(señalado-38, era-37)
nsubj(denunció-11, señalado-38)
conj:y(desaparición-14, señalado-38)
mark(beneficiario-40, como-39)
obl(señalado-38, beneficiario-40)

Extracted the following NER entity mentions:
Normal del Estado
de M	MISC	MISC:0.8658742521902194
