Document: ID=file_201.txt (6 sentences, 143 tokens)

Sentence #1 (2 tokens):
4.

Tokens:
[Text=4 CharacterOffsetBegin=0 CharacterOffsetEnd=1 PartOfSpeech=NUM Lemma=4 NamedEntityTag=NUMBER NormalizedNamedEntityTag=4.0]
[Text=. CharacterOffsetBegin=1 CharacterOffsetEnd=2 PartOfSpeech=PUNCT Lemma=. NamedEntityTag=O]

Dependency Parse (enhanced plus plus dependencies):
root(ROOT-0, 4-1)
punct(4-1, .-2)

Extracted the following NER entity mentions:
4	NUMBER	NUMBER:-1.0

Sentence #2 (13 tokens):
-Devolución del edificio de la Escuela Superior
de agricultura en Iguala.

Tokens:
[Text=- CharacterOffsetBegin=2 CharacterOffsetEnd=3 PartOfSpeech=PUNCT Lemma=- NamedEntityTag=O]
[Text=Devolución CharacterOffsetBegin=3 CharacterOffsetEnd=13 PartOfSpeech=NOUN Lemma=devolución NamedEntityTag=O]
[Text=del CharacterOffsetBegin=14 CharacterOffsetEnd=17 PartOfSpeech=ADP Lemma=del NamedEntityTag=O]
[Text=edificio CharacterOffsetBegin=18 CharacterOffsetEnd=26 PartOfSpeech=NOUN Lemma=edificio NamedEntityTag=O]
[Text=de CharacterOffsetBegin=27 CharacterOffsetEnd=29 PartOfSpeech=ADP Lemma=de NamedEntityTag=O]
[Text=la CharacterOffsetBegin=30 CharacterOffsetEnd=32 PartOfSpeech=DET Lemma=la NamedEntityTag=O]
[Text=Escuela CharacterOffsetBegin=33 CharacterOffsetEnd=40 PartOfSpeech=PROPN Lemma=escuela NamedEntityTag=ORGANIZATION]
[Text=Superior CharacterOffsetBegin=41 CharacterOffsetEnd=49 PartOfSpeech=PROPN Lemma=superior NamedEntityTag=ORGANIZATION]
[Text=de CharacterOffsetBegin=50 CharacterOffsetEnd=52 PartOfSpeech=ADP Lemma=de NamedEntityTag=O]
[Text=agricultura CharacterOffsetBegin=53 CharacterOffsetEnd=64 PartOfSpeech=NOUN Lemma=agricultura NamedEntityTag=O]
[Text=en CharacterOffsetBegin=65 CharacterOffsetEnd=67 PartOfSpeech=ADP Lemma=en NamedEntityTag=O]
[Text=Iguala CharacterOffsetBegin=68 CharacterOffsetEnd=74 PartOfSpeech=PROPN Lemma=iguala NamedEntityTag=CITY]
[Text=. CharacterOffsetBegin=74 CharacterOffsetEnd=75 PartOfSpeech=PUNCT Lemma=. NamedEntityTag=O]

Dependency Parse (enhanced plus plus dependencies):
root(ROOT-0, Devolución-2)
punct(Devolución-2, --1)
case(edificio-4, del-3)
nmod(Devolución-2, edificio-4)
case(Escuela-7, de-5)
det(Escuela-7, la-6)
nmod(edificio-4, Escuela-7)
flat(Escuela-7, Superior-8)
case(agricultura-10, de-9)
flat(Escuela-7, agricultura-10)
case(Iguala-12, en-11)
nmod(Devolución-2, Iguala-12)
punct(Devolución-2, .-13)

Extracted the following NER entity mentions:
Escuela Superior	ORGANIZATION	ORGANIZATION:0.9227068271173291
Iguala	CITY	LOCATION:0.9849205459595701

Sentence #3 (2 tokens):
5.

Tokens:
[Text=5 CharacterOffsetBegin=76 CharacterOffsetEnd=77 PartOfSpeech=NUM Lemma=5 NamedEntityTag=NUMBER NormalizedNamedEntityTag=5.0]
[Text=. CharacterOffsetBegin=77 CharacterOffsetEnd=78 PartOfSpeech=PUNCT Lemma=. NamedEntityTag=O]

Dependency Parse (enhanced plus plus dependencies):
root(ROOT-0, 5-1)
punct(5-1, .-2)

Extracted the following NER entity mentions:
5	NUMBER	NUMBER:-1.0

Sentence #4 (16 tokens):
-Libertad a todos los "presos políticos" y pre
sentación a los desaparecidos.

Tokens:
[Text=- CharacterOffsetBegin=78 CharacterOffsetEnd=79 PartOfSpeech=PUNCT Lemma=- NamedEntityTag=O]
[Text=Libertad CharacterOffsetBegin=79 CharacterOffsetEnd=87 PartOfSpeech=PROPN Lemma=libertad NamedEntityTag=O]
[Text=a CharacterOffsetBegin=88 CharacterOffsetEnd=89 PartOfSpeech=ADP Lemma=a NamedEntityTag=O]
[Text=todos CharacterOffsetBegin=90 CharacterOffsetEnd=95 PartOfSpeech=DET Lemma=todos NamedEntityTag=O]
[Text=los CharacterOffsetBegin=96 CharacterOffsetEnd=99 PartOfSpeech=DET Lemma=los NamedEntityTag=O]
[Text=" CharacterOffsetBegin=100 CharacterOffsetEnd=101 PartOfSpeech=PUNCT Lemma=" NamedEntityTag=O]
[Text=presos CharacterOffsetBegin=101 CharacterOffsetEnd=107 PartOfSpeech=NOUN Lemma=presos NamedEntityTag=O]
[Text=políticos CharacterOffsetBegin=108 CharacterOffsetEnd=117 PartOfSpeech=ADJ Lemma=políticos NamedEntityTag=O]
[Text=" CharacterOffsetBegin=117 CharacterOffsetEnd=118 PartOfSpeech=PUNCT Lemma=" NamedEntityTag=O]
[Text=y CharacterOffsetBegin=119 CharacterOffsetEnd=120 PartOfSpeech=CCONJ Lemma=y NamedEntityTag=O]
[Text=pre CharacterOffsetBegin=121 CharacterOffsetEnd=124 PartOfSpeech=ADP Lemma=pre NamedEntityTag=O]
[Text=sentación CharacterOffsetBegin=125 CharacterOffsetEnd=134 PartOfSpeech=NOUN Lemma=sentación NamedEntityTag=O]
[Text=a CharacterOffsetBegin=135 CharacterOffsetEnd=136 PartOfSpeech=ADP Lemma=a NamedEntityTag=O]
[Text=los CharacterOffsetBegin=137 CharacterOffsetEnd=140 PartOfSpeech=DET Lemma=los NamedEntityTag=O]
[Text=desaparecidos CharacterOffsetBegin=141 CharacterOffsetEnd=154 PartOfSpeech=NOUN Lemma=desaparecidos NamedEntityTag=O]
[Text=. CharacterOffsetBegin=154 CharacterOffsetEnd=155 PartOfSpeech=PUNCT Lemma=. NamedEntityTag=O]

Dependency Parse (enhanced plus plus dependencies):
root(ROOT-0, Libertad-2)
punct(Libertad-2, --1)
case(presos-7, a-3)
det(los-5, todos-4)
det(presos-7, los-5)
punct(presos-7, "-6)
nmod(Libertad-2, presos-7)
amod(presos-7, políticos-8)
punct(Libertad-2, "-9)
cc(sentación-12, y-10)
case(sentación-12, pre-11)
conj:y(Libertad-2, sentación-12)
case(desaparecidos-15, a-13)
det(desaparecidos-15, los-14)
nmod(sentación-12, desaparecidos-15)
punct(Libertad-2, .-16)

Extracted the following NER entity mentions:

Sentence #5 (35 tokens):
También mediante el sonido se informó que posi--
blemente el 15 actual, se cerrará la U.A.G.,en -
virtud del estrangulamiento económico a que la -
tiene sometida el Gobierno Estatal.

Tokens:
[Text=También CharacterOffsetBegin=156 CharacterOffsetEnd=163 PartOfSpeech=ADV Lemma=también NamedEntityTag=O]
[Text=mediante CharacterOffsetBegin=164 CharacterOffsetEnd=172 PartOfSpeech=ADP Lemma=mediante NamedEntityTag=O]
[Text=el CharacterOffsetBegin=173 CharacterOffsetEnd=175 PartOfSpeech=DET Lemma=el NamedEntityTag=O]
[Text=sonido CharacterOffsetBegin=176 CharacterOffsetEnd=182 PartOfSpeech=NOUN Lemma=sonido NamedEntityTag=O]
[Text=se CharacterOffsetBegin=183 CharacterOffsetEnd=185 PartOfSpeech=PRON Lemma=se NamedEntityTag=O]
[Text=informó CharacterOffsetBegin=186 CharacterOffsetEnd=193 PartOfSpeech=VERB Lemma=informó NamedEntityTag=O]
[Text=que CharacterOffsetBegin=194 CharacterOffsetEnd=197 PartOfSpeech=SCONJ Lemma=que NamedEntityTag=O]
[Text=posi CharacterOffsetBegin=198 CharacterOffsetEnd=202 PartOfSpeech=VERB Lemma=posi NamedEntityTag=O]
[Text=-- CharacterOffsetBegin=202 CharacterOffsetEnd=204 PartOfSpeech=NUM Lemma=-- NamedEntityTag=O]
[Text=blemente CharacterOffsetBegin=205 CharacterOffsetEnd=213 PartOfSpeech=ADV Lemma=blemente NamedEntityTag=O]
[Text=el CharacterOffsetBegin=214 CharacterOffsetEnd=216 PartOfSpeech=DET Lemma=el NamedEntityTag=O]
[Text=15 CharacterOffsetBegin=217 CharacterOffsetEnd=219 PartOfSpeech=NUM Lemma=15 NamedEntityTag=NUMBER NormalizedNamedEntityTag=15.0]
[Text=actual CharacterOffsetBegin=220 CharacterOffsetEnd=226 PartOfSpeech=ADJ Lemma=actual NamedEntityTag=O]
[Text=, CharacterOffsetBegin=226 CharacterOffsetEnd=227 PartOfSpeech=PUNCT Lemma=, NamedEntityTag=O]
[Text=se CharacterOffsetBegin=228 CharacterOffsetEnd=230 PartOfSpeech=PRON Lemma=se NamedEntityTag=O]
[Text=cerrará CharacterOffsetBegin=231 CharacterOffsetEnd=238 PartOfSpeech=VERB Lemma=cerrará NamedEntityTag=O]
[Text=la CharacterOffsetBegin=239 CharacterOffsetEnd=241 PartOfSpeech=DET Lemma=la NamedEntityTag=O]
[Text=U.A.G. CharacterOffsetBegin=242 CharacterOffsetEnd=248 PartOfSpeech=PROPN Lemma=u.a.g. NamedEntityTag=O]
[Text=, CharacterOffsetBegin=248 CharacterOffsetEnd=249 PartOfSpeech=PUNCT Lemma=, NamedEntityTag=O]
[Text=en CharacterOffsetBegin=249 CharacterOffsetEnd=251 PartOfSpeech=ADP Lemma=en NamedEntityTag=O]
[Text=- CharacterOffsetBegin=252 CharacterOffsetEnd=253 PartOfSpeech=PUNCT Lemma=- NamedEntityTag=O]
[Text=virtud CharacterOffsetBegin=254 CharacterOffsetEnd=260 PartOfSpeech=NOUN Lemma=virtud NamedEntityTag=O]
[Text=del CharacterOffsetBegin=261 CharacterOffsetEnd=264 PartOfSpeech=ADP Lemma=del NamedEntityTag=O]
[Text=estrangulamiento CharacterOffsetBegin=265 CharacterOffsetEnd=281 PartOfSpeech=NOUN Lemma=estrangulamiento NamedEntityTag=O]
[Text=económico CharacterOffsetBegin=282 CharacterOffsetEnd=291 PartOfSpeech=ADJ Lemma=económico NamedEntityTag=O]
[Text=a CharacterOffsetBegin=292 CharacterOffsetEnd=293 PartOfSpeech=ADP Lemma=a NamedEntityTag=O]
[Text=que CharacterOffsetBegin=294 CharacterOffsetEnd=297 PartOfSpeech=SCONJ Lemma=que NamedEntityTag=O]
[Text=la CharacterOffsetBegin=298 CharacterOffsetEnd=300 PartOfSpeech=DET Lemma=la NamedEntityTag=O]
[Text=- CharacterOffsetBegin=301 CharacterOffsetEnd=302 PartOfSpeech=PUNCT Lemma=- NamedEntityTag=O]
[Text=tiene CharacterOffsetBegin=303 CharacterOffsetEnd=308 PartOfSpeech=VERB Lemma=tiene NamedEntityTag=O]
[Text=sometida CharacterOffsetBegin=309 CharacterOffsetEnd=317 PartOfSpeech=ADJ Lemma=sometida NamedEntityTag=O]
[Text=el CharacterOffsetBegin=318 CharacterOffsetEnd=320 PartOfSpeech=DET Lemma=el NamedEntityTag=O]
[Text=Gobierno CharacterOffsetBegin=321 CharacterOffsetEnd=329 PartOfSpeech=PROPN Lemma=gobierno NamedEntityTag=ORGANIZATION]
[Text=Estatal CharacterOffsetBegin=330 CharacterOffsetEnd=337 PartOfSpeech=PROPN Lemma=estatal NamedEntityTag=ORGANIZATION]
[Text=. CharacterOffsetBegin=337 CharacterOffsetEnd=338 PartOfSpeech=PUNCT Lemma=. NamedEntityTag=O]

Dependency Parse (enhanced plus plus dependencies):
root(ROOT-0, informó-6)
advmod(informó-6, También-1)
case(También-1, mediante-2)
det(sonido-4, el-3)
nmod(También-1, sonido-4)
obj(informó-6, se-5)
mark(posi-8, que-7)
csubj(informó-6, posi-8)
mark(cerrará-16, ---9)
advmod(cerrará-16, blemente-10)
det(15-12, el-11)
nsubj(cerrará-16, 15-12)
amod(15-12, actual-13)
punct(15-12, ,-14)
obj(cerrará-16, se-15)
ccomp(posi-8, cerrará-16)
det(U.A.G.-18, la-17)
obj(cerrará-16, U.A.G.-18)
punct(virtud-22, ,-19)
case(virtud-22, en-20)
punct(virtud-22, --21)
nmod(U.A.G.-18, virtud-22)
case(estrangulamiento-24, del-23)
nmod(virtud-22, estrangulamiento-24)
amod(estrangulamiento-24, económico-25)
case(virtud-22, a-26)
mark(tiene-30, que-27)
det(tiene-30, la-28)
punct(tiene-30, --29)
ccomp(a-26, tiene-30)
obj(tiene-30, sometida-31)
det(Gobierno-33, el-32)
obj(tiene-30, Gobierno-33)
flat(Gobierno-33, Estatal-34)
punct(tiene-30, .-35)

Extracted the following NER entity mentions:
15	NUMBER	NUMBER:-1.0
Gobierno Estatal	ORGANIZATION	ORGANIZATION:0.9928498955370295

Sentence #6 (75 tokens):
La Caravana-
fué encabezada por EFRAIN BERMUDEZ RIVERA y MI--
GUEL ANGEL OLGUIN SALGADO, así como miembros del
P.C.M.,se hace notar que iban varios vehícul0s--
junto a la caravana y otros adelante para evitar
que fueran detenidos por la policia o el ejérci-
to.Se hace notar que a medida que avanzaban por-
la carretera internacional México-Acapulco, el -
contingente se desvanecía, calculándose que unas

Tokens:
[Text=La CharacterOffsetBegin=339 CharacterOffsetEnd=341 PartOfSpeech=DET Lemma=la NamedEntityTag=O]
[Text=Caravana CharacterOffsetBegin=342 CharacterOffsetEnd=350 PartOfSpeech=PROPN Lemma=caravana NamedEntityTag=MISC]
[Text=- CharacterOffsetBegin=350 CharacterOffsetEnd=351 PartOfSpeech=PUNCT Lemma=- NamedEntityTag=MISC]
[Text=fué CharacterOffsetBegin=352 CharacterOffsetEnd=355 PartOfSpeech=NOUN Lemma=fué NamedEntityTag=O]
[Text=encabezada CharacterOffsetBegin=356 CharacterOffsetEnd=366 PartOfSpeech=ADJ Lemma=encabezada NamedEntityTag=O]
[Text=por CharacterOffsetBegin=367 CharacterOffsetEnd=370 PartOfSpeech=ADP Lemma=por NamedEntityTag=O]
[Text=EFRAIN CharacterOffsetBegin=371 CharacterOffsetEnd=377 PartOfSpeech=PROPN Lemma=efrain NamedEntityTag=PERSON]
[Text=BERMUDEZ CharacterOffsetBegin=378 CharacterOffsetEnd=386 PartOfSpeech=PROPN Lemma=bermudez NamedEntityTag=PERSON]
[Text=RIVERA CharacterOffsetBegin=387 CharacterOffsetEnd=393 PartOfSpeech=PROPN Lemma=rivera NamedEntityTag=PERSON]
[Text=y CharacterOffsetBegin=394 CharacterOffsetEnd=395 PartOfSpeech=CCONJ Lemma=y NamedEntityTag=O]
[Text=MI CharacterOffsetBegin=396 CharacterOffsetEnd=398 PartOfSpeech=PROPN Lemma=mi NamedEntityTag=O]
[Text=-- CharacterOffsetBegin=398 CharacterOffsetEnd=400 PartOfSpeech=PROPN Lemma=-- NamedEntityTag=O]
[Text=GUEL CharacterOffsetBegin=401 CharacterOffsetEnd=405 PartOfSpeech=PROPN Lemma=guel NamedEntityTag=PERSON]
[Text=ANGEL CharacterOffsetBegin=406 CharacterOffsetEnd=411 PartOfSpeech=PROPN Lemma=angel NamedEntityTag=PERSON]
[Text=OLGUIN CharacterOffsetBegin=412 CharacterOffsetEnd=418 PartOfSpeech=PROPN Lemma=olguin NamedEntityTag=PERSON]
[Text=SALGADO CharacterOffsetBegin=419 CharacterOffsetEnd=426 PartOfSpeech=PROPN Lemma=salgado NamedEntityTag=PERSON]
[Text=, CharacterOffsetBegin=426 CharacterOffsetEnd=427 PartOfSpeech=PUNCT Lemma=, NamedEntityTag=O]
[Text=así CharacterOffsetBegin=428 CharacterOffsetEnd=431 PartOfSpeech=ADV Lemma=así NamedEntityTag=O]
[Text=como CharacterOffsetBegin=432 CharacterOffsetEnd=436 PartOfSpeech=SCONJ Lemma=como NamedEntityTag=O]
[Text=miembros CharacterOffsetBegin=437 CharacterOffsetEnd=445 PartOfSpeech=NOUN Lemma=miembros NamedEntityTag=O]
[Text=del CharacterOffsetBegin=446 CharacterOffsetEnd=449 PartOfSpeech=ADP Lemma=del NamedEntityTag=O]
[Text=P.C.M. CharacterOffsetBegin=450 CharacterOffsetEnd=456 PartOfSpeech=PROPN Lemma=p.c.m. NamedEntityTag=O]
[Text=, CharacterOffsetBegin=456 CharacterOffsetEnd=457 PartOfSpeech=PUNCT Lemma=, NamedEntityTag=O]
[Text=se CharacterOffsetBegin=457 CharacterOffsetEnd=459 PartOfSpeech=PRON Lemma=se NamedEntityTag=O]
[Text=hace CharacterOffsetBegin=460 CharacterOffsetEnd=464 PartOfSpeech=AUX Lemma=hace NamedEntityTag=O]
[Text=notar CharacterOffsetBegin=465 CharacterOffsetEnd=470 PartOfSpeech=VERB Lemma=notar NamedEntityTag=O]
[Text=que CharacterOffsetBegin=471 CharacterOffsetEnd=474 PartOfSpeech=SCONJ Lemma=que NamedEntityTag=O]
[Text=iban CharacterOffsetBegin=475 CharacterOffsetEnd=479 PartOfSpeech=AUX Lemma=iban NamedEntityTag=O]
[Text=varios CharacterOffsetBegin=480 CharacterOffsetEnd=486 PartOfSpeech=DET Lemma=varios NamedEntityTag=O]
[Text=vehícul0s CharacterOffsetBegin=487 CharacterOffsetEnd=496 PartOfSpeech=NUM Lemma=vehícul0s NamedEntityTag=O]
[Text=-- CharacterOffsetBegin=496 CharacterOffsetEnd=498 PartOfSpeech=NUM Lemma=-- NamedEntityTag=O]
[Text=junto CharacterOffsetBegin=499 CharacterOffsetEnd=504 PartOfSpeech=ADJ Lemma=junto NamedEntityTag=O]
[Text=a CharacterOffsetBegin=505 CharacterOffsetEnd=506 PartOfSpeech=ADP Lemma=a NamedEntityTag=O]
[Text=la CharacterOffsetBegin=507 CharacterOffsetEnd=509 PartOfSpeech=DET Lemma=la NamedEntityTag=O]
[Text=caravana CharacterOffsetBegin=510 CharacterOffsetEnd=518 PartOfSpeech=NOUN Lemma=caravana NamedEntityTag=O]
[Text=y CharacterOffsetBegin=519 CharacterOffsetEnd=520 PartOfSpeech=CCONJ Lemma=y NamedEntityTag=O]
[Text=otros CharacterOffsetBegin=521 CharacterOffsetEnd=526 PartOfSpeech=PRON Lemma=otros NamedEntityTag=O]
[Text=adelante CharacterOffsetBegin=527 CharacterOffsetEnd=535 PartOfSpeech=ADV Lemma=adelante NamedEntityTag=O]
[Text=para CharacterOffsetBegin=536 CharacterOffsetEnd=540 PartOfSpeech=ADP Lemma=para NamedEntityTag=O]
[Text=evitar CharacterOffsetBegin=541 CharacterOffsetEnd=547 PartOfSpeech=VERB Lemma=evitar NamedEntityTag=O]
[Text=que CharacterOffsetBegin=548 CharacterOffsetEnd=551 PartOfSpeech=SCONJ Lemma=que NamedEntityTag=O]
[Text=fueran CharacterOffsetBegin=552 CharacterOffsetEnd=558 PartOfSpeech=AUX Lemma=fueran NamedEntityTag=O]
[Text=detenidos CharacterOffsetBegin=559 CharacterOffsetEnd=568 PartOfSpeech=VERB Lemma=detenido NamedEntityTag=O]
[Text=por CharacterOffsetBegin=569 CharacterOffsetEnd=572 PartOfSpeech=ADP Lemma=por NamedEntityTag=O]
[Text=la CharacterOffsetBegin=573 CharacterOffsetEnd=575 PartOfSpeech=DET Lemma=la NamedEntityTag=O]
[Text=policia CharacterOffsetBegin=576 CharacterOffsetEnd=583 PartOfSpeech=NOUN Lemma=policia NamedEntityTag=O]
[Text=o CharacterOffsetBegin=584 CharacterOffsetEnd=585 PartOfSpeech=CCONJ Lemma=o NamedEntityTag=O]
[Text=el CharacterOffsetBegin=586 CharacterOffsetEnd=588 PartOfSpeech=DET Lemma=el NamedEntityTag=O]
[Text=ejérci CharacterOffsetBegin=589 CharacterOffsetEnd=595 PartOfSpeech=NOUN Lemma=ejérci NamedEntityTag=O]
[Text=- CharacterOffsetBegin=595 CharacterOffsetEnd=596 PartOfSpeech=PUNCT Lemma=- NamedEntityTag=O]
[Text=to.Se CharacterOffsetBegin=597 CharacterOffsetEnd=602 PartOfSpeech=PROPN Lemma=to.se NamedEntityTag=O]
[Text=hace CharacterOffsetBegin=603 CharacterOffsetEnd=607 PartOfSpeech=AUX Lemma=hace NamedEntityTag=O]
[Text=notar CharacterOffsetBegin=608 CharacterOffsetEnd=613 PartOfSpeech=VERB Lemma=notar NamedEntityTag=O]
[Text=que CharacterOffsetBegin=614 CharacterOffsetEnd=617 PartOfSpeech=SCONJ Lemma=que NamedEntityTag=O]
[Text=a CharacterOffsetBegin=618 CharacterOffsetEnd=619 PartOfSpeech=ADP Lemma=a NamedEntityTag=O]
[Text=medida CharacterOffsetBegin=620 CharacterOffsetEnd=626 PartOfSpeech=NOUN Lemma=medida NamedEntityTag=O]
[Text=que CharacterOffsetBegin=627 CharacterOffsetEnd=630 PartOfSpeech=SCONJ Lemma=que NamedEntityTag=O]
[Text=avanzaban CharacterOffsetBegin=631 CharacterOffsetEnd=640 PartOfSpeech=VERB Lemma=avanzaban NamedEntityTag=O]
[Text=por CharacterOffsetBegin=641 CharacterOffsetEnd=644 PartOfSpeech=ADP Lemma=por NamedEntityTag=O]
[Text=- CharacterOffsetBegin=644 CharacterOffsetEnd=645 PartOfSpeech=PUNCT Lemma=- NamedEntityTag=O]
[Text=la CharacterOffsetBegin=646 CharacterOffsetEnd=648 PartOfSpeech=DET Lemma=la NamedEntityTag=O]
[Text=carretera CharacterOffsetBegin=649 CharacterOffsetEnd=658 PartOfSpeech=NOUN Lemma=carretera NamedEntityTag=O]
[Text=internacional CharacterOffsetBegin=659 CharacterOffsetEnd=672 PartOfSpeech=ADJ Lemma=internacional NamedEntityTag=O]
[Text=México-Acapulco CharacterOffsetBegin=673 CharacterOffsetEnd=688 PartOfSpeech=PROPN Lemma=méxico-acapulco NamedEntityTag=ORGANIZATION]
[Text=, CharacterOffsetBegin=688 CharacterOffsetEnd=689 PartOfSpeech=PUNCT Lemma=, NamedEntityTag=O]
[Text=el CharacterOffsetBegin=690 CharacterOffsetEnd=692 PartOfSpeech=DET Lemma=el NamedEntityTag=O]
[Text=- CharacterOffsetBegin=693 CharacterOffsetEnd=694 PartOfSpeech=PUNCT Lemma=- NamedEntityTag=O]
[Text=contingente CharacterOffsetBegin=695 CharacterOffsetEnd=706 PartOfSpeech=NOUN Lemma=contingente NamedEntityTag=O]
[Text=se CharacterOffsetBegin=707 CharacterOffsetEnd=709 PartOfSpeech=PRON Lemma=se NamedEntityTag=O]
[Text=desvanecía CharacterOffsetBegin=710 CharacterOffsetEnd=720 PartOfSpeech=VERB Lemma=desvanecía NamedEntityTag=O]
[Text=, CharacterOffsetBegin=720 CharacterOffsetEnd=721 PartOfSpeech=PUNCT Lemma=, NamedEntityTag=O]
[Text=calculando CharacterOffsetBegin=722 CharacterOffsetEnd=734 PartOfSpeech=AUX Lemma=calculando NamedEntityTag=O]
[Text=se CharacterOffsetBegin=722 CharacterOffsetEnd=734 PartOfSpeech=PRON Lemma=se NamedEntityTag=O]
[Text=que CharacterOffsetBegin=735 CharacterOffsetEnd=738 PartOfSpeech=SCONJ Lemma=que NamedEntityTag=O]
[Text=unas CharacterOffsetBegin=739 CharacterOffsetEnd=743 PartOfSpeech=DET Lemma=unas NamedEntityTag=O]

Dependency Parse (enhanced plus plus dependencies):
root(ROOT-0, unas-75)
aux(unas-75, calculando-72)
obj(unas-75, se-73)
det(Caravana-2, La-1)
nsubj(notar-26, Caravana-2)
punct(fué-4, --3)
appos(Caravana-2, fué-4)
amod(fué-4, encabezada-5)
case(EFRAIN-7, por-6)
obj(encabezada-5, EFRAIN-7)
flat(EFRAIN-7, BERMUDEZ-8)
flat(EFRAIN-7, RIVERA-9)
cc(MI-11, y-10)
obj(encabezada-5, MI-11)
conj:y(EFRAIN-7, MI-11)
flat(MI-11, ---12)
flat(MI-11, GUEL-13)
flat(EFRAIN-7, ANGEL-14)
flat(EFRAIN-7, OLGUIN-15)
flat(EFRAIN-7, SALGADO-16)
punct(fué-4, ,-17)
advmod(notar-26, así-18)
mark(miembros-20, como-19)
obl(notar-26, miembros-20)
case(P.C.M.-22, del-21)
nmod(miembros-20, P.C.M.-22)
punct(miembros-20, ,-23)
obj(notar-26, se-24)
aux(notar-26, hace-25)
csubj(unas-75, notar-26)
mark(---31, que-27)
cop(---31, iban-28)
det(vehícul0s-30, varios-29)
nummod(---31, vehícul0s-30)
ccomp(notar-26, ---31)
case(caravana-35, junto-32)
fixed(junto-32, a-33)
det(caravana-35, la-34)
obl(---31, caravana-35)
cc(otros-37, y-36)
obl(---31, otros-37)
conj:y(caravana-35, otros-37)
advmod(otros-37, adelante-38)
mark(evitar-40, para-39)
advcl(---31, evitar-40)
mark(detenidos-43, que-41)
aux(detenidos-43, fueran-42)
ccomp(evitar-40, detenidos-43)
case(policia-46, por-44)
det(policia-46, la-45)
obl(detenidos-43, policia-46)
cc(ejérci-49, o-47)
det(ejérci-49, el-48)
obl(detenidos-43, ejérci-49)
conj:o(policia-46, ejérci-49)
punct(notar-53, --50)
nsubj(notar-53, to.Se-51)
aux(notar-53, hace-52)
advcl(notar-26, notar-53)
mark(avanzaban-58, que-54)
mark(avanzaban-58, a-55)
fixed(a-55, medida-56)
fixed(a-55, que-57)
ccomp(notar-53, avanzaban-58)
case(carretera-62, por-59)
punct(carretera-62, --60)
det(carretera-62, la-61)
obl(avanzaban-58, carretera-62)
amod(carretera-62, internacional-63)
appos(carretera-62, México-Acapulco-64)
punct(contingente-68, ,-65)
det(contingente-68, el-66)
punct(contingente-68, --67)
nsubj(desvanecía-70, contingente-68)
obj(desvanecía-70, se-69)
acl(carretera-62, desvanecía-70)
punct(notar-53, ,-71)
mark(unas-75, que-74)

Extracted the following NER entity mentions:
Caravana-	MISC	MISC:0.792223928533967
EFRAIN BERMUDEZ RIVERA	PERSON	PERSON:0.9431097242795441
GUEL ANGEL OLGUIN SALGADO	PERSON	PERSON:0.9305898015422157
México-Acapulco	ORGANIZATION	ORGANIZATION:0.49728719515542236
