Document: ID=file_21.txt (9 sentences, 99 tokens)

Sentence #1 (7 tokens):
MARTINEZ ADAME Arturo Exp-100-10-1-62
H-127 L-11.

Tokens:
[Text=MARTINEZ CharacterOffsetBegin=0 CharacterOffsetEnd=8 PartOfSpeech=PROPN Lemma=martinez NamedEntityTag=PERSON]
[Text=ADAME CharacterOffsetBegin=9 CharacterOffsetEnd=14 PartOfSpeech=PROPN Lemma=adame NamedEntityTag=PERSON]
[Text=Arturo CharacterOffsetBegin=15 CharacterOffsetEnd=21 PartOfSpeech=PROPN Lemma=arturo NamedEntityTag=PERSON]
[Text=Exp-100-10-1-62 CharacterOffsetBegin=22 CharacterOffsetEnd=37 PartOfSpeech=PROPN Lemma=exp-100-10-1-62 NamedEntityTag=O]
[Text=H-127 CharacterOffsetBegin=38 CharacterOffsetEnd=43 PartOfSpeech=PROPN Lemma=h-127 NamedEntityTag=O]
[Text=L-11 CharacterOffsetBegin=44 CharacterOffsetEnd=48 PartOfSpeech=PROPN Lemma=l-11 NamedEntityTag=O]
[Text=. CharacterOffsetBegin=48 CharacterOffsetEnd=49 PartOfSpeech=PUNCT Lemma=. NamedEntityTag=O]

Dependency Parse (enhanced plus plus dependencies):
root(ROOT-0, MARTINEZ-1)
flat(MARTINEZ-1, ADAME-2)
flat(MARTINEZ-1, Arturo-3)
flat(MARTINEZ-1, Exp-100-10-1-62-4)
flat(MARTINEZ-1, H-127-5)
flat(MARTINEZ-1, L-11-6)
punct(MARTINEZ-1, .-7)

Extracted the following NER entity mentions:
MARTINEZ ADAME Arturo	PERSON	PERSON:0.6739044499844038

Sentence #2 (31 tokens):
en uso de la palabra manifestó que los campesi
nos tendran todo el apoyo de las Autoridades Es
tatales, inspiradas en los anhelos del C. Pte
de la República.

Tokens:
[Text=en CharacterOffsetBegin=50 CharacterOffsetEnd=52 PartOfSpeech=ADP Lemma=en NamedEntityTag=O]
[Text=uso CharacterOffsetBegin=53 CharacterOffsetEnd=56 PartOfSpeech=NOUN Lemma=uso NamedEntityTag=O]
[Text=de CharacterOffsetBegin=57 CharacterOffsetEnd=59 PartOfSpeech=ADP Lemma=de NamedEntityTag=O]
[Text=la CharacterOffsetBegin=60 CharacterOffsetEnd=62 PartOfSpeech=DET Lemma=la NamedEntityTag=O]
[Text=palabra CharacterOffsetBegin=63 CharacterOffsetEnd=70 PartOfSpeech=NOUN Lemma=palabra NamedEntityTag=O]
[Text=manifestó CharacterOffsetBegin=71 CharacterOffsetEnd=80 PartOfSpeech=VERB Lemma=manifestó NamedEntityTag=O]
[Text=que CharacterOffsetBegin=81 CharacterOffsetEnd=84 PartOfSpeech=SCONJ Lemma=que NamedEntityTag=O]
[Text=los CharacterOffsetBegin=85 CharacterOffsetEnd=88 PartOfSpeech=DET Lemma=los NamedEntityTag=O]
[Text=campesi CharacterOffsetBegin=89 CharacterOffsetEnd=96 PartOfSpeech=NOUN Lemma=campesi NamedEntityTag=O]
[Text=nos CharacterOffsetBegin=97 CharacterOffsetEnd=100 PartOfSpeech=PRON Lemma=nos NamedEntityTag=O]
[Text=tendran CharacterOffsetBegin=101 CharacterOffsetEnd=108 PartOfSpeech=VERB Lemma=tendran NamedEntityTag=O]
[Text=todo CharacterOffsetBegin=109 CharacterOffsetEnd=113 PartOfSpeech=DET Lemma=todo NamedEntityTag=O]
[Text=el CharacterOffsetBegin=114 CharacterOffsetEnd=116 PartOfSpeech=DET Lemma=el NamedEntityTag=O]
[Text=apoyo CharacterOffsetBegin=117 CharacterOffsetEnd=122 PartOfSpeech=NOUN Lemma=apoyo NamedEntityTag=O]
[Text=de CharacterOffsetBegin=123 CharacterOffsetEnd=125 PartOfSpeech=ADP Lemma=de NamedEntityTag=O]
[Text=las CharacterOffsetBegin=126 CharacterOffsetEnd=129 PartOfSpeech=DET Lemma=las NamedEntityTag=O]
[Text=Autoridades CharacterOffsetBegin=130 CharacterOffsetEnd=141 PartOfSpeech=PROPN Lemma=autoridades NamedEntityTag=ORGANIZATION]
[Text=Es CharacterOffsetBegin=142 CharacterOffsetEnd=144 PartOfSpeech=PROPN Lemma=es NamedEntityTag=ORGANIZATION]
[Text=tatales CharacterOffsetBegin=145 CharacterOffsetEnd=152 PartOfSpeech=PROPN Lemma=tatales NamedEntityTag=ORGANIZATION]
[Text=, CharacterOffsetBegin=152 CharacterOffsetEnd=153 PartOfSpeech=PUNCT Lemma=, NamedEntityTag=O]
[Text=inspiradas CharacterOffsetBegin=154 CharacterOffsetEnd=164 PartOfSpeech=ADJ Lemma=inspiradas NamedEntityTag=O]
[Text=en CharacterOffsetBegin=165 CharacterOffsetEnd=167 PartOfSpeech=ADP Lemma=en NamedEntityTag=O]
[Text=los CharacterOffsetBegin=168 CharacterOffsetEnd=171 PartOfSpeech=DET Lemma=los NamedEntityTag=O]
[Text=anhelos CharacterOffsetBegin=172 CharacterOffsetEnd=179 PartOfSpeech=NOUN Lemma=anhelos NamedEntityTag=O]
[Text=del CharacterOffsetBegin=180 CharacterOffsetEnd=183 PartOfSpeech=ADP Lemma=del NamedEntityTag=O]
[Text=C. CharacterOffsetBegin=184 CharacterOffsetEnd=186 PartOfSpeech=PROPN Lemma=c. NamedEntityTag=ORGANIZATION]
[Text=Pte CharacterOffsetBegin=187 CharacterOffsetEnd=190 PartOfSpeech=PROPN Lemma=pte NamedEntityTag=ORGANIZATION]
[Text=de CharacterOffsetBegin=191 CharacterOffsetEnd=193 PartOfSpeech=ADP Lemma=de NamedEntityTag=ORGANIZATION]
[Text=la CharacterOffsetBegin=194 CharacterOffsetEnd=196 PartOfSpeech=DET Lemma=la NamedEntityTag=ORGANIZATION]
[Text=República CharacterOffsetBegin=197 CharacterOffsetEnd=206 PartOfSpeech=PROPN Lemma=república NamedEntityTag=ORGANIZATION]
[Text=. CharacterOffsetBegin=206 CharacterOffsetEnd=207 PartOfSpeech=PUNCT Lemma=. NamedEntityTag=O]

Dependency Parse (enhanced plus plus dependencies):
root(ROOT-0, manifestó-6)
case(uso-2, en-1)
obl(manifestó-6, uso-2)
case(palabra-5, de-3)
det(palabra-5, la-4)
nmod(uso-2, palabra-5)
mark(tendran-11, que-7)
det(campesi-9, los-8)
nsubj(tendran-11, campesi-9)
obj(tendran-11, nos-10)
ccomp(manifestó-6, tendran-11)
det(el-13, todo-12)
det(apoyo-14, el-13)
obj(tendran-11, apoyo-14)
case(Autoridades-17, de-15)
det(Autoridades-17, las-16)
nmod(apoyo-14, Autoridades-17)
flat(Autoridades-17, Es-18)
flat(Autoridades-17, tatales-19)
punct(inspiradas-21, ,-20)
amod(Autoridades-17, inspiradas-21)
case(anhelos-24, en-22)
det(anhelos-24, los-23)
nmod(inspiradas-21, anhelos-24)
case(C.-26, del-25)
nmod(anhelos-24, C.-26)
flat(C.-26, Pte-27)
case(República-30, de-28)
det(República-30, la-29)
flat(C.-26, República-30)
punct(manifestó-6, .-31)

Extracted the following NER entity mentions:
Autoridades Es
tatales	ORGANIZATION	ORGANIZATION:0.6898905135499531
C. Pte
de la República	ORGANIZATION	ORGANIZATION:0.30780094194253943

Sentence #3 (4 tokens):
Exp-100-10-1-62
H-150 L-11.

Tokens:
[Text=Exp-100-10-1-62 CharacterOffsetBegin=208 CharacterOffsetEnd=223 PartOfSpeech=ADP Lemma=exp-100-10-1-62 NamedEntityTag=O]
[Text=H-150 CharacterOffsetBegin=224 CharacterOffsetEnd=229 PartOfSpeech=PROPN Lemma=h-150 NamedEntityTag=O]
[Text=L-11 CharacterOffsetBegin=230 CharacterOffsetEnd=234 PartOfSpeech=PROPN Lemma=l-11 NamedEntityTag=O]
[Text=. CharacterOffsetBegin=234 CharacterOffsetEnd=235 PartOfSpeech=PUNCT Lemma=. NamedEntityTag=O]

Dependency Parse (enhanced plus plus dependencies):
root(ROOT-0, H-150-2)
case(H-150-2, Exp-100-10-1-62-1)
flat(H-150-2, L-11-3)
punct(H-150-2, .-4)

Extracted the following NER entity mentions:

Sentence #4 (2 tokens):
27.

Tokens:
[Text=27 CharacterOffsetBegin=236 CharacterOffsetEnd=238 PartOfSpeech=NUM Lemma=27 NamedEntityTag=NUMBER NormalizedNamedEntityTag=27.0]
[Text=. CharacterOffsetBegin=238 CharacterOffsetEnd=239 PartOfSpeech=PUNCT Lemma=. NamedEntityTag=O]

Dependency Parse (enhanced plus plus dependencies):
root(ROOT-0, 27-1)
punct(27-1, .-2)

Extracted the following NER entity mentions:
27	NUMBER	NUMBER:-1.0

Sentence #5 (3 tokens):
-Abril.

Tokens:
[Text=- CharacterOffsetBegin=239 CharacterOffsetEnd=240 PartOfSpeech=PUNCT Lemma=- NamedEntityTag=O]
[Text=Abril CharacterOffsetBegin=240 CharacterOffsetEnd=245 PartOfSpeech=NOUN Lemma=abril NamedEntityTag=O]
[Text=. CharacterOffsetBegin=245 CharacterOffsetEnd=246 PartOfSpeech=PUNCT Lemma=. NamedEntityTag=O]

Dependency Parse (enhanced plus plus dependencies):
root(ROOT-0, Abril-2)
punct(Abril-2, --1)
punct(Abril-2, .-3)

Extracted the following NER entity mentions:

Sentence #6 (2 tokens):
-62.

Tokens:
[Text=-62 CharacterOffsetBegin=246 CharacterOffsetEnd=249 PartOfSpeech=NUM Lemma=-62 NamedEntityTag=NUMBER NormalizedNamedEntityTag=-62.0]
[Text=. CharacterOffsetBegin=249 CharacterOffsetEnd=250 PartOfSpeech=PUNCT Lemma=. NamedEntityTag=O]

Dependency Parse (enhanced plus plus dependencies):
root(ROOT-0, -62-1)
punct(-62-1, .-2)

Extracted the following NER entity mentions:
-62	NUMBER	NUMBER:-1.0

Sentence #7 (36 tokens):
- Se dice que este elemento a-
sistira el dia 25 del actual a la Toma de Pro-
testa de los integrantes del Comite Ejecutivo
de la Federacion de Estudiantes Universitarios
de Gro.

Tokens:
[Text=- CharacterOffsetBegin=250 CharacterOffsetEnd=251 PartOfSpeech=PUNCT Lemma=- NamedEntityTag=O]
[Text=Se CharacterOffsetBegin=252 CharacterOffsetEnd=254 PartOfSpeech=PRON Lemma=se NamedEntityTag=O]
[Text=dice CharacterOffsetBegin=255 CharacterOffsetEnd=259 PartOfSpeech=VERB Lemma=dice NamedEntityTag=O]
[Text=que CharacterOffsetBegin=260 CharacterOffsetEnd=263 PartOfSpeech=SCONJ Lemma=que NamedEntityTag=O]
[Text=este CharacterOffsetBegin=264 CharacterOffsetEnd=268 PartOfSpeech=DET Lemma=este NamedEntityTag=O]
[Text=elemento CharacterOffsetBegin=269 CharacterOffsetEnd=277 PartOfSpeech=NOUN Lemma=elemento NamedEntityTag=O]
[Text=a CharacterOffsetBegin=278 CharacterOffsetEnd=279 PartOfSpeech=ADP Lemma=a NamedEntityTag=O]
[Text=- CharacterOffsetBegin=279 CharacterOffsetEnd=280 PartOfSpeech=PUNCT Lemma=- NamedEntityTag=O]
[Text=sistira CharacterOffsetBegin=281 CharacterOffsetEnd=288 PartOfSpeech=VERB Lemma=sistira NamedEntityTag=O]
[Text=el CharacterOffsetBegin=289 CharacterOffsetEnd=291 PartOfSpeech=DET Lemma=el NamedEntityTag=O]
[Text=dia CharacterOffsetBegin=292 CharacterOffsetEnd=295 PartOfSpeech=NOUN Lemma=dia NamedEntityTag=O]
[Text=25 CharacterOffsetBegin=296 CharacterOffsetEnd=298 PartOfSpeech=NUM Lemma=25 NamedEntityTag=NUMBER NormalizedNamedEntityTag=25.0]
[Text=del CharacterOffsetBegin=299 CharacterOffsetEnd=302 PartOfSpeech=ADP Lemma=del NamedEntityTag=O]
[Text=actual CharacterOffsetBegin=303 CharacterOffsetEnd=309 PartOfSpeech=ADJ Lemma=actual NamedEntityTag=O]
[Text=a CharacterOffsetBegin=310 CharacterOffsetEnd=311 PartOfSpeech=ADP Lemma=a NamedEntityTag=O]
[Text=la CharacterOffsetBegin=312 CharacterOffsetEnd=314 PartOfSpeech=DET Lemma=la NamedEntityTag=O]
[Text=Toma CharacterOffsetBegin=315 CharacterOffsetEnd=319 PartOfSpeech=PROPN Lemma=toma NamedEntityTag=MISC]
[Text=de CharacterOffsetBegin=320 CharacterOffsetEnd=322 PartOfSpeech=ADP Lemma=de NamedEntityTag=MISC]
[Text=Pro CharacterOffsetBegin=323 CharacterOffsetEnd=326 PartOfSpeech=PROPN Lemma=pro NamedEntityTag=MISC]
[Text=- CharacterOffsetBegin=326 CharacterOffsetEnd=327 PartOfSpeech=PUNCT Lemma=- NamedEntityTag=MISC]
[Text=testa CharacterOffsetBegin=328 CharacterOffsetEnd=333 PartOfSpeech=NOUN Lemma=testa NamedEntityTag=O]
[Text=de CharacterOffsetBegin=334 CharacterOffsetEnd=336 PartOfSpeech=ADP Lemma=de NamedEntityTag=O]
[Text=los CharacterOffsetBegin=337 CharacterOffsetEnd=340 PartOfSpeech=DET Lemma=los NamedEntityTag=O]
[Text=integrantes CharacterOffsetBegin=341 CharacterOffsetEnd=352 PartOfSpeech=NOUN Lemma=integrantes NamedEntityTag=O]
[Text=del CharacterOffsetBegin=353 CharacterOffsetEnd=356 PartOfSpeech=ADP Lemma=del NamedEntityTag=O]
[Text=Comite CharacterOffsetBegin=357 CharacterOffsetEnd=363 PartOfSpeech=PROPN Lemma=comite NamedEntityTag=ORGANIZATION]
[Text=Ejecutivo CharacterOffsetBegin=364 CharacterOffsetEnd=373 PartOfSpeech=PROPN Lemma=ejecutivo NamedEntityTag=ORGANIZATION]
[Text=de CharacterOffsetBegin=374 CharacterOffsetEnd=376 PartOfSpeech=ADP Lemma=de NamedEntityTag=ORGANIZATION]
[Text=la CharacterOffsetBegin=377 CharacterOffsetEnd=379 PartOfSpeech=DET Lemma=la NamedEntityTag=ORGANIZATION]
[Text=Federacion CharacterOffsetBegin=380 CharacterOffsetEnd=390 PartOfSpeech=PROPN Lemma=federacion NamedEntityTag=ORGANIZATION]
[Text=de CharacterOffsetBegin=391 CharacterOffsetEnd=393 PartOfSpeech=ADP Lemma=de NamedEntityTag=ORGANIZATION]
[Text=Estudiantes CharacterOffsetBegin=394 CharacterOffsetEnd=405 PartOfSpeech=PROPN Lemma=estudiantes NamedEntityTag=ORGANIZATION]
[Text=Universitarios CharacterOffsetBegin=406 CharacterOffsetEnd=420 PartOfSpeech=PROPN Lemma=universitarios NamedEntityTag=ORGANIZATION]
[Text=de CharacterOffsetBegin=421 CharacterOffsetEnd=423 PartOfSpeech=ADP Lemma=de NamedEntityTag=ORGANIZATION]
[Text=Gro CharacterOffsetBegin=424 CharacterOffsetEnd=427 PartOfSpeech=PROPN Lemma=gro NamedEntityTag=ORGANIZATION]
[Text=. CharacterOffsetBegin=427 CharacterOffsetEnd=428 PartOfSpeech=PUNCT Lemma=. NamedEntityTag=O]

Dependency Parse (enhanced plus plus dependencies):
root(ROOT-0, dice-3)
punct(dice-3, --1)
obj(dice-3, Se-2)
mark(elemento-6, que-4)
det(elemento-6, este-5)
nsubj(dice-3, elemento-6)
mark(sistira-9, a-7)
punct(sistira-9, --8)
acl(elemento-6, sistira-9)
det(dia-11, el-10)
nsubj(sistira-9, dia-11)
appos(dia-11, 25-12)
case(actual-14, del-13)
amod(dia-11, actual-14)
case(Toma-17, a-15)
det(Toma-17, la-16)
nmod(actual-14, Toma-17)
case(Pro-19, de-18)
flat(Toma-17, Pro-19)
punct(sistira-9, --20)
obj(sistira-9, testa-21)
case(integrantes-24, de-22)
det(integrantes-24, los-23)
nmod(testa-21, integrantes-24)
case(Comite-26, del-25)
nmod(integrantes-24, Comite-26)
flat(Comite-26, Ejecutivo-27)
case(Federacion-30, de-28)
det(Federacion-30, la-29)
flat(Comite-26, Federacion-30)
case(Estudiantes-32, de-31)
flat(Comite-26, Estudiantes-32)
flat(Comite-26, Universitarios-33)
case(Gro-35, de-34)
flat(Comite-26, Gro-35)
punct(dice-3, .-36)

Extracted the following NER entity mentions:
25	NUMBER	NUMBER:-1.0
Toma de Pro-	MISC	MISC:0.8072261685364328
Comite Ejecutivo
de la Federacion de Estudiantes Universitarios
de Gro	ORGANIZATION	ORGANIZATION:0.5629728464266607

Sentence #8 (13 tokens):
la cual se llevara a cabo en Chilpan-
cingo,Gro.

Tokens:
[Text=la CharacterOffsetBegin=429 CharacterOffsetEnd=431 PartOfSpeech=DET Lemma=la NamedEntityTag=O]
[Text=cual CharacterOffsetBegin=432 CharacterOffsetEnd=436 PartOfSpeech=PRON Lemma=cual NamedEntityTag=O]
[Text=se CharacterOffsetBegin=437 CharacterOffsetEnd=439 PartOfSpeech=PRON Lemma=se NamedEntityTag=O]
[Text=llevara CharacterOffsetBegin=440 CharacterOffsetEnd=447 PartOfSpeech=VERB Lemma=llevara NamedEntityTag=O]
[Text=a CharacterOffsetBegin=448 CharacterOffsetEnd=449 PartOfSpeech=ADP Lemma=a NamedEntityTag=O]
[Text=cabo CharacterOffsetBegin=450 CharacterOffsetEnd=454 PartOfSpeech=NOUN Lemma=cabo NamedEntityTag=O]
[Text=en CharacterOffsetBegin=455 CharacterOffsetEnd=457 PartOfSpeech=ADP Lemma=en NamedEntityTag=O]
[Text=Chilpan CharacterOffsetBegin=458 CharacterOffsetEnd=465 PartOfSpeech=PROPN Lemma=chilpan NamedEntityTag=LOCATION]
[Text=- CharacterOffsetBegin=465 CharacterOffsetEnd=466 PartOfSpeech=PUNCT Lemma=- NamedEntityTag=LOCATION]
[Text=cingo CharacterOffsetBegin=467 CharacterOffsetEnd=472 PartOfSpeech=NOUN Lemma=cingo NamedEntityTag=O]
[Text=, CharacterOffsetBegin=472 CharacterOffsetEnd=473 PartOfSpeech=PUNCT Lemma=, NamedEntityTag=O]
[Text=Gro CharacterOffsetBegin=473 CharacterOffsetEnd=476 PartOfSpeech=PROPN Lemma=gro NamedEntityTag=O]
[Text=. CharacterOffsetBegin=476 CharacterOffsetEnd=477 PartOfSpeech=PUNCT Lemma=. NamedEntityTag=O]

Dependency Parse (enhanced plus plus dependencies):
root(ROOT-0, llevara-4)
det(cual-2, la-1)
nsubj(llevara-4, cual-2)
obj(llevara-4, se-3)
case(cabo-6, a-5)
compound(llevara-4, cabo-6)
case(Chilpan-8, en-7)
obl(llevara-4, Chilpan-8)
punct(cingo-10, --9)
obj(llevara-4, cingo-10)
punct(Gro-12, ,-11)
appos(cingo-10, Gro-12)
punct(llevara-4, .-13)

Extracted the following NER entity mentions:
Chilpan-	LOCATION	LOCATION:0.34333365774927715

Sentence #9 (1 tokens):
.

Tokens:
[Text=. CharacterOffsetBegin=477 CharacterOffsetEnd=478 PartOfSpeech=PUNCT Lemma=. NamedEntityTag=O]

Dependency Parse (enhanced plus plus dependencies):
root(ROOT-0, .-1)

Extracted the following NER entity mentions:
