Document: ID=file_279.txt (7 sentences, 162 tokens)

Sentence #1 (68 tokens):
RRANZA, y a PABLO SANDOVAL RAMIREZ, de mamos manejos -
del subsiio de dicha Casa de Estudios, haciendo un --
llamado para integrar un Frente Común que  luche con--
tra el P.C.M. -En el otro volante ESTEBAN DAVALOS RUE- DA señala que por haberse negado a colaborar con OBDU
LIO CEBALLOS SUAREZ en su lucha en contra de la UAG.

Tokens:
[Text=RRANZA CharacterOffsetBegin=0 CharacterOffsetEnd=6 PartOfSpeech=PROPN Lemma=rranza NamedEntityTag=ORGANIZATION]
[Text=, CharacterOffsetBegin=6 CharacterOffsetEnd=7 PartOfSpeech=PUNCT Lemma=, NamedEntityTag=O]
[Text=y CharacterOffsetBegin=8 CharacterOffsetEnd=9 PartOfSpeech=CCONJ Lemma=y NamedEntityTag=O]
[Text=a CharacterOffsetBegin=10 CharacterOffsetEnd=11 PartOfSpeech=ADP Lemma=a NamedEntityTag=O]
[Text=PABLO CharacterOffsetBegin=12 CharacterOffsetEnd=17 PartOfSpeech=PROPN Lemma=pablo NamedEntityTag=PERSON]
[Text=SANDOVAL CharacterOffsetBegin=18 CharacterOffsetEnd=26 PartOfSpeech=PROPN Lemma=sandoval NamedEntityTag=PERSON]
[Text=RAMIREZ CharacterOffsetBegin=27 CharacterOffsetEnd=34 PartOfSpeech=PROPN Lemma=ramirez NamedEntityTag=PERSON]
[Text=, CharacterOffsetBegin=34 CharacterOffsetEnd=35 PartOfSpeech=PUNCT Lemma=, NamedEntityTag=O]
[Text=de CharacterOffsetBegin=36 CharacterOffsetEnd=38 PartOfSpeech=ADP Lemma=de NamedEntityTag=O]
[Text=mamos CharacterOffsetBegin=39 CharacterOffsetEnd=44 PartOfSpeech=VERB Lemma=mamo NamedEntityTag=O]
[Text=manejos CharacterOffsetBegin=45 CharacterOffsetEnd=52 PartOfSpeech=NOUN Lemma=manejos NamedEntityTag=O]
[Text=- CharacterOffsetBegin=53 CharacterOffsetEnd=54 PartOfSpeech=PUNCT Lemma=- NamedEntityTag=O]
[Text=del CharacterOffsetBegin=55 CharacterOffsetEnd=58 PartOfSpeech=ADP Lemma=del NamedEntityTag=O]
[Text=subsiio CharacterOffsetBegin=59 CharacterOffsetEnd=66 PartOfSpeech=NOUN Lemma=subsiio NamedEntityTag=O]
[Text=de CharacterOffsetBegin=67 CharacterOffsetEnd=69 PartOfSpeech=ADP Lemma=de NamedEntityTag=O]
[Text=dicha CharacterOffsetBegin=70 CharacterOffsetEnd=75 PartOfSpeech=ADJ Lemma=dicha NamedEntityTag=O]
[Text=Casa CharacterOffsetBegin=76 CharacterOffsetEnd=80 PartOfSpeech=PROPN Lemma=casa NamedEntityTag=MISC]
[Text=de CharacterOffsetBegin=81 CharacterOffsetEnd=83 PartOfSpeech=ADP Lemma=de NamedEntityTag=MISC]
[Text=Estudios CharacterOffsetBegin=84 CharacterOffsetEnd=92 PartOfSpeech=PROPN Lemma=estudios NamedEntityTag=MISC]
[Text=, CharacterOffsetBegin=92 CharacterOffsetEnd=93 PartOfSpeech=PUNCT Lemma=, NamedEntityTag=O]
[Text=haciendo CharacterOffsetBegin=94 CharacterOffsetEnd=102 PartOfSpeech=VERB Lemma=haciendo NamedEntityTag=O]
[Text=un CharacterOffsetBegin=103 CharacterOffsetEnd=105 PartOfSpeech=DET Lemma=un NamedEntityTag=O]
[Text=-- CharacterOffsetBegin=106 CharacterOffsetEnd=108 PartOfSpeech=NUM Lemma=-- NamedEntityTag=O]
[Text=llamado CharacterOffsetBegin=109 CharacterOffsetEnd=116 PartOfSpeech=ADJ Lemma=llamado NamedEntityTag=O]
[Text=para CharacterOffsetBegin=117 CharacterOffsetEnd=121 PartOfSpeech=ADP Lemma=para NamedEntityTag=O]
[Text=integrar CharacterOffsetBegin=122 CharacterOffsetEnd=130 PartOfSpeech=VERB Lemma=integrar NamedEntityTag=O]
[Text=un CharacterOffsetBegin=131 CharacterOffsetEnd=133 PartOfSpeech=DET Lemma=un NamedEntityTag=O]
[Text=Frente CharacterOffsetBegin=134 CharacterOffsetEnd=140 PartOfSpeech=PROPN Lemma=frente NamedEntityTag=MISC]
[Text=Común CharacterOffsetBegin=141 CharacterOffsetEnd=146 PartOfSpeech=PROPN Lemma=común NamedEntityTag=MISC]
[Text=que CharacterOffsetBegin=147 CharacterOffsetEnd=150 PartOfSpeech=PRON Lemma=que NamedEntityTag=O]
[Text=luche CharacterOffsetBegin=152 CharacterOffsetEnd=157 PartOfSpeech=VERB Lemma=luche NamedEntityTag=O]
[Text=con CharacterOffsetBegin=158 CharacterOffsetEnd=161 PartOfSpeech=ADP Lemma=con NamedEntityTag=O]
[Text=-- CharacterOffsetBegin=161 CharacterOffsetEnd=163 PartOfSpeech=NUM Lemma=-- NamedEntityTag=O]
[Text=tra CharacterOffsetBegin=164 CharacterOffsetEnd=167 PartOfSpeech=NOUN Lemma=tra NamedEntityTag=O]
[Text=el CharacterOffsetBegin=168 CharacterOffsetEnd=170 PartOfSpeech=DET Lemma=el NamedEntityTag=O]
[Text=P.C.M. CharacterOffsetBegin=171 CharacterOffsetEnd=177 PartOfSpeech=PROPN Lemma=p.c.m. NamedEntityTag=O]
[Text=- CharacterOffsetBegin=178 CharacterOffsetEnd=179 PartOfSpeech=PUNCT Lemma=- NamedEntityTag=O]
[Text=En CharacterOffsetBegin=179 CharacterOffsetEnd=181 PartOfSpeech=ADP Lemma=en NamedEntityTag=O]
[Text=el CharacterOffsetBegin=182 CharacterOffsetEnd=184 PartOfSpeech=DET Lemma=el NamedEntityTag=O]
[Text=otro CharacterOffsetBegin=185 CharacterOffsetEnd=189 PartOfSpeech=DET Lemma=otro NamedEntityTag=O]
[Text=volante CharacterOffsetBegin=190 CharacterOffsetEnd=197 PartOfSpeech=NOUN Lemma=volante NamedEntityTag=O]
[Text=ESTEBAN CharacterOffsetBegin=198 CharacterOffsetEnd=205 PartOfSpeech=PROPN Lemma=esteban NamedEntityTag=PERSON]
[Text=DAVALOS CharacterOffsetBegin=206 CharacterOffsetEnd=213 PartOfSpeech=PROPN Lemma=davalos NamedEntityTag=PERSON]
[Text=RUE CharacterOffsetBegin=214 CharacterOffsetEnd=217 PartOfSpeech=PROPN Lemma=rue NamedEntityTag=O]
[Text=- CharacterOffsetBegin=217 CharacterOffsetEnd=218 PartOfSpeech=PUNCT Lemma=- NamedEntityTag=O]
[Text=DA CharacterOffsetBegin=219 CharacterOffsetEnd=221 PartOfSpeech=PROPN Lemma=da NamedEntityTag=O]
[Text=señala CharacterOffsetBegin=222 CharacterOffsetEnd=228 PartOfSpeech=VERB Lemma=señala NamedEntityTag=O]
[Text=que CharacterOffsetBegin=229 CharacterOffsetEnd=232 PartOfSpeech=SCONJ Lemma=que NamedEntityTag=O]
[Text=por CharacterOffsetBegin=233 CharacterOffsetEnd=236 PartOfSpeech=ADP Lemma=por NamedEntityTag=O]
[Text=haber CharacterOffsetBegin=237 CharacterOffsetEnd=244 PartOfSpeech=AUX Lemma=haber NamedEntityTag=O]
[Text=se CharacterOffsetBegin=237 CharacterOffsetEnd=244 PartOfSpeech=PRON Lemma=se NamedEntityTag=O]
[Text=negado CharacterOffsetBegin=245 CharacterOffsetEnd=251 PartOfSpeech=VERB Lemma=negado NamedEntityTag=O]
[Text=a CharacterOffsetBegin=252 CharacterOffsetEnd=253 PartOfSpeech=ADP Lemma=a NamedEntityTag=O]
[Text=colaborar CharacterOffsetBegin=254 CharacterOffsetEnd=263 PartOfSpeech=VERB Lemma=colaborar NamedEntityTag=O]
[Text=con CharacterOffsetBegin=264 CharacterOffsetEnd=267 PartOfSpeech=ADP Lemma=con NamedEntityTag=O]
[Text=OBDU CharacterOffsetBegin=268 CharacterOffsetEnd=272 PartOfSpeech=PROPN Lemma=obdu NamedEntityTag=ORGANIZATION]
[Text=LIO CharacterOffsetBegin=273 CharacterOffsetEnd=276 PartOfSpeech=PROPN Lemma=lio NamedEntityTag=O]
[Text=CEBALLOS CharacterOffsetBegin=277 CharacterOffsetEnd=285 PartOfSpeech=PROPN Lemma=ceballos NamedEntityTag=PERSON]
[Text=SUAREZ CharacterOffsetBegin=286 CharacterOffsetEnd=292 PartOfSpeech=PROPN Lemma=suarez NamedEntityTag=PERSON]
[Text=en CharacterOffsetBegin=293 CharacterOffsetEnd=295 PartOfSpeech=ADP Lemma=en NamedEntityTag=O]
[Text=su CharacterOffsetBegin=296 CharacterOffsetEnd=298 PartOfSpeech=DET Lemma=su NamedEntityTag=O]
[Text=lucha CharacterOffsetBegin=299 CharacterOffsetEnd=304 PartOfSpeech=NOUN Lemma=lucha NamedEntityTag=O]
[Text=en CharacterOffsetBegin=305 CharacterOffsetEnd=307 PartOfSpeech=ADP Lemma=en NamedEntityTag=O]
[Text=contra CharacterOffsetBegin=308 CharacterOffsetEnd=314 PartOfSpeech=NOUN Lemma=contra NamedEntityTag=O]
[Text=de CharacterOffsetBegin=315 CharacterOffsetEnd=317 PartOfSpeech=ADP Lemma=de NamedEntityTag=O]
[Text=la CharacterOffsetBegin=318 CharacterOffsetEnd=320 PartOfSpeech=DET Lemma=la NamedEntityTag=O]
[Text=UAG CharacterOffsetBegin=321 CharacterOffsetEnd=324 PartOfSpeech=PROPN Lemma=uag NamedEntityTag=ORGANIZATION]
[Text=. CharacterOffsetBegin=324 CharacterOffsetEnd=325 PartOfSpeech=PUNCT Lemma=. NamedEntityTag=O]

Dependency Parse (enhanced plus plus dependencies):
root(ROOT-0, RRANZA-1)
aux(negado-52, haber-50)
iobj(negado-52, se-51)
punct(PABLO-5, ,-2)
cc(PABLO-5, y-3)
case(PABLO-5, a-4)
conj:y(RRANZA-1, PABLO-5)
flat(PABLO-5, SANDOVAL-6)
flat(PABLO-5, RAMIREZ-7)
punct(mamos-10, ,-8)
mark(mamos-10, de-9)
acl(RRANZA-1, mamos-10)
obj(mamos-10, manejos-11)
punct(mamos-10, --12)
case(subsiio-14, del-13)
nmod(RRANZA-1, subsiio-14)
case(Casa-17, de-15)
amod(Casa-17, dicha-16)
nmod(subsiio-14, Casa-17)
case(Estudios-19, de-18)
flat(Casa-17, Estudios-19)
punct(haciendo-21, ,-20)
acl(subsiio-14, haciendo-21)
det(---23, un-22)
obj(haciendo-21, ---23)
amod(---23, llamado-24)
mark(integrar-26, para-25)
advcl(llamado-24, integrar-26)
det(Frente-28, un-27)
obj(integrar-26, Frente-28)
flat(Frente-28, Común-29)
nsubj(luche-31, que-30)
acl(Frente-28, luche-31)
case(tra-34, con-32)
nummod(tra-34, ---33)
obl(luche-31, tra-34)
det(P.C.M.-36, el-35)
nsubj(señala-47, P.C.M.-36)
punct(volante-41, --37)
case(volante-41, En-38)
det(volante-41, el-39)
det(el-39, otro-40)
obl(señala-47, volante-41)
appos(volante-41, ESTEBAN-42)
flat(ESTEBAN-42, DAVALOS-43)
flat(ESTEBAN-42, RUE-44)
punct(volante-41, --45)
appos(volante-41, DA-46)
ccomp(luche-31, señala-47)
obj(señala-47, que-48)
mark(negado-52, por-49)
ccomp(que-48, negado-52)
mark(colaborar-54, a-53)
xcomp(negado-52, colaborar-54)
case(OBDU-56, con-55)
obj(colaborar-54, OBDU-56)
flat(OBDU-56, LIO-57)
flat(OBDU-56, CEBALLOS-58)
flat(OBDU-56, SUAREZ-59)
case(lucha-62, en-60)
det(lucha-62, su-61)
obl(colaborar-54, lucha-62)
case(UAG-67, en-63)
fixed(en-63, contra-64)
fixed(en-63, de-65)
det(UAG-67, la-66)
nmod(lucha-62, UAG-67)
nmod(lucha-62, UAG-67)
punct(RRANZA-1, .-68)

Extracted the following NER entity mentions:
RRANZA	ORGANIZATION	ORGANIZATION:0.5117345733189503
PABLO SANDOVAL RAMIREZ	PERSON	PERSON:0.9482090771336408
Casa de Estudios	MISC	MISC:0.7082210708545221
Frente Común	MISC	MISC:0.7008673437912639
ESTEBAN DAVALOS	PERSON	PERSON:0.806710918458116
OBDU	ORGANIZATION	ORGANIZATION:0.5760543523276209
CEBALLOS SUAREZ	PERSON	PERSON:0.8342371317307141
UAG	ORGANIZATION	ORGANIZATION:0.9499299785047907

Sentence #2 (29 tokens):
,
ha sido amenazado por éste, por lo que hace responsa-
bles de su integridad  física al andatario Estatal ,
al efe de la Policía Jud.

Tokens:
[Text=, CharacterOffsetBegin=325 CharacterOffsetEnd=326 PartOfSpeech=PUNCT Lemma=, NamedEntityTag=O]
[Text=ha CharacterOffsetBegin=327 CharacterOffsetEnd=329 PartOfSpeech=AUX Lemma=ha NamedEntityTag=O]
[Text=sido CharacterOffsetBegin=330 CharacterOffsetEnd=334 PartOfSpeech=AUX Lemma=sido NamedEntityTag=O]
[Text=amenazado CharacterOffsetBegin=335 CharacterOffsetEnd=344 PartOfSpeech=VERB Lemma=amenazado NamedEntityTag=O]
[Text=por CharacterOffsetBegin=345 CharacterOffsetEnd=348 PartOfSpeech=ADP Lemma=por NamedEntityTag=O]
[Text=éste CharacterOffsetBegin=349 CharacterOffsetEnd=353 PartOfSpeech=PRON Lemma=éste NamedEntityTag=O]
[Text=, CharacterOffsetBegin=353 CharacterOffsetEnd=354 PartOfSpeech=PUNCT Lemma=, NamedEntityTag=O]
[Text=por CharacterOffsetBegin=355 CharacterOffsetEnd=358 PartOfSpeech=ADP Lemma=por NamedEntityTag=O]
[Text=lo CharacterOffsetBegin=359 CharacterOffsetEnd=361 PartOfSpeech=DET Lemma=lo NamedEntityTag=O]
[Text=que CharacterOffsetBegin=362 CharacterOffsetEnd=365 PartOfSpeech=PRON Lemma=que NamedEntityTag=O]
[Text=hace CharacterOffsetBegin=366 CharacterOffsetEnd=370 PartOfSpeech=AUX Lemma=hace NamedEntityTag=O]
[Text=responsa CharacterOffsetBegin=371 CharacterOffsetEnd=379 PartOfSpeech=VERB Lemma=responsa NamedEntityTag=O]
[Text=- CharacterOffsetBegin=379 CharacterOffsetEnd=380 PartOfSpeech=PUNCT Lemma=- NamedEntityTag=O]
[Text=bles CharacterOffsetBegin=381 CharacterOffsetEnd=385 PartOfSpeech=NOUN Lemma=bles NamedEntityTag=O]
[Text=de CharacterOffsetBegin=386 CharacterOffsetEnd=388 PartOfSpeech=ADP Lemma=de NamedEntityTag=O]
[Text=su CharacterOffsetBegin=389 CharacterOffsetEnd=391 PartOfSpeech=DET Lemma=su NamedEntityTag=O]
[Text=integridad CharacterOffsetBegin=392 CharacterOffsetEnd=402 PartOfSpeech=NOUN Lemma=integridad NamedEntityTag=O]
[Text=física CharacterOffsetBegin=404 CharacterOffsetEnd=410 PartOfSpeech=ADJ Lemma=física NamedEntityTag=O]
[Text=al CharacterOffsetBegin=411 CharacterOffsetEnd=413 PartOfSpeech=ADP Lemma=al NamedEntityTag=O]
[Text=andatario CharacterOffsetBegin=414 CharacterOffsetEnd=423 PartOfSpeech=ADJ Lemma=andatario NamedEntityTag=O]
[Text=Estatal CharacterOffsetBegin=424 CharacterOffsetEnd=431 PartOfSpeech=PROPN Lemma=estatal NamedEntityTag=O]
[Text=, CharacterOffsetBegin=432 CharacterOffsetEnd=433 PartOfSpeech=PUNCT Lemma=, NamedEntityTag=O]
[Text=al CharacterOffsetBegin=434 CharacterOffsetEnd=436 PartOfSpeech=ADP Lemma=al NamedEntityTag=O]
[Text=efe CharacterOffsetBegin=437 CharacterOffsetEnd=440 PartOfSpeech=NOUN Lemma=efe NamedEntityTag=O]
[Text=de CharacterOffsetBegin=441 CharacterOffsetEnd=443 PartOfSpeech=ADP Lemma=de NamedEntityTag=O]
[Text=la CharacterOffsetBegin=444 CharacterOffsetEnd=446 PartOfSpeech=DET Lemma=la NamedEntityTag=O]
[Text=Policía CharacterOffsetBegin=447 CharacterOffsetEnd=454 PartOfSpeech=PROPN Lemma=policía NamedEntityTag=ORGANIZATION]
[Text=Jud CharacterOffsetBegin=455 CharacterOffsetEnd=458 PartOfSpeech=PROPN Lemma=jud NamedEntityTag=ORGANIZATION]
[Text=. CharacterOffsetBegin=458 CharacterOffsetEnd=459 PartOfSpeech=PUNCT Lemma=. NamedEntityTag=O]

Dependency Parse (enhanced plus plus dependencies):
root(ROOT-0, amenazado-4)
punct(amenazado-4, ,-1)
aux(amenazado-4, ha-2)
aux(amenazado-4, sido-3)
case(éste-6, por-5)
obj(amenazado-4, éste-6)
punct(amenazado-4, ,-7)
mark(responsa-12, por-8)
det(responsa-12, lo-9)
nsubj(responsa-12, que-10)
aux(responsa-12, hace-11)
advcl(amenazado-4, responsa-12)
punct(bles-14, --13)
obj(responsa-12, bles-14)
case(integridad-17, de-15)
det(integridad-17, su-16)
nmod(bles-14, integridad-17)
amod(integridad-17, física-18)
case(Estatal-21, al-19)
amod(Estatal-21, andatario-20)
nmod(integridad-17, Estatal-21)
punct(bles-14, ,-22)
case(efe-24, al-23)
obj(responsa-12, efe-24)
case(Policía-27, de-25)
det(Policía-27, la-26)
nmod(efe-24, Policía-27)
flat(Policía-27, Jud-28)
punct(amenazado-4, .-29)

Extracted the following NER entity mentions:
Policía Jud	ORGANIZATION	ORGANIZATION:0.9865583979541194

Sentence #3 (4 tokens):
, del Edo.

Tokens:
[Text=, CharacterOffsetBegin=459 CharacterOffsetEnd=460 PartOfSpeech=PUNCT Lemma=, NamedEntityTag=O]
[Text=del CharacterOffsetBegin=461 CharacterOffsetEnd=464 PartOfSpeech=ADP Lemma=del NamedEntityTag=O]
[Text=Edo CharacterOffsetBegin=465 CharacterOffsetEnd=468 PartOfSpeech=PROPN Lemma=edo NamedEntityTag=PERSON]
[Text=. CharacterOffsetBegin=468 CharacterOffsetEnd=469 PartOfSpeech=PUNCT Lemma=. NamedEntityTag=O]

Dependency Parse (enhanced plus plus dependencies):
root(ROOT-0, Edo-3)
punct(Edo-3, ,-1)
case(Edo-3, del-2)
punct(Edo-3, .-4)

Extracted the following NER entity mentions:
Edo	PERSON	PERSON:0.46717254959927873

Sentence #4 (9 tokens):
, y al propio CEBA_
LLOS SUAREZ.

Tokens:
[Text=, CharacterOffsetBegin=469 CharacterOffsetEnd=470 PartOfSpeech=PUNCT Lemma=, NamedEntityTag=O]
[Text=y CharacterOffsetBegin=471 CharacterOffsetEnd=472 PartOfSpeech=CCONJ Lemma=y NamedEntityTag=O]
[Text=al CharacterOffsetBegin=473 CharacterOffsetEnd=475 PartOfSpeech=ADP Lemma=al NamedEntityTag=O]
[Text=propio CharacterOffsetBegin=476 CharacterOffsetEnd=482 PartOfSpeech=DET Lemma=propio NamedEntityTag=O]
[Text=CEBA CharacterOffsetBegin=483 CharacterOffsetEnd=487 PartOfSpeech=PROPN Lemma=ceba NamedEntityTag=O]
[Text=_ CharacterOffsetBegin=487 CharacterOffsetEnd=488 PartOfSpeech=SYM Lemma=_ NamedEntityTag=O]
[Text=LLOS CharacterOffsetBegin=489 CharacterOffsetEnd=493 PartOfSpeech=PROPN Lemma=llos NamedEntityTag=PERSON]
[Text=SUAREZ CharacterOffsetBegin=494 CharacterOffsetEnd=500 PartOfSpeech=PROPN Lemma=suarez NamedEntityTag=PERSON]
[Text=. CharacterOffsetBegin=500 CharacterOffsetEnd=501 PartOfSpeech=PUNCT Lemma=. NamedEntityTag=O]

Dependency Parse (enhanced plus plus dependencies):
root(ROOT-0, CEBA-5)
punct(CEBA-5, ,-1)
cc(CEBA-5, y-2)
case(CEBA-5, al-3)
det(CEBA-5, propio-4)
nmod(CEBA-5, _-6)
appos(_-6, LLOS-7)
flat(LLOS-7, SUAREZ-8)
punct(CEBA-5, .-9)

Extracted the following NER entity mentions:
LLOS SUAREZ	PERSON	PERSON:0.4408175873230247

Sentence #5 (3 tokens):
- Exp.

Tokens:
[Text=- CharacterOffsetBegin=501 CharacterOffsetEnd=502 PartOfSpeech=PUNCT Lemma=- NamedEntityTag=O]
[Text=Exp CharacterOffsetBegin=503 CharacterOffsetEnd=506 PartOfSpeech=INTJ Lemma=exp NamedEntityTag=O]
[Text=. CharacterOffsetBegin=506 CharacterOffsetEnd=507 PartOfSpeech=PUNCT Lemma=. NamedEntityTag=O]

Dependency Parse (enhanced plus plus dependencies):
root(ROOT-0, Exp-2)
punct(Exp-2, --1)
punct(Exp-2, .-3)

Extracted the following NER entity mentions:

Sentence #6 (7 tokens):
100-10-1-78
H-41 L-72
11-Febrero-78.

Tokens:
[Text=100-10-1-78 CharacterOffsetBegin=508 CharacterOffsetEnd=519 PartOfSpeech=NUM Lemma=100-10-1-78 NamedEntityTag=O]
[Text=H-41 CharacterOffsetBegin=520 CharacterOffsetEnd=524 PartOfSpeech=PROPN Lemma=h-41 NamedEntityTag=O]
[Text=L-72 CharacterOffsetBegin=525 CharacterOffsetEnd=529 PartOfSpeech=PROPN Lemma=l-72 NamedEntityTag=O]
[Text=11 CharacterOffsetBegin=530 CharacterOffsetEnd=532 PartOfSpeech=NUM Lemma=11 NamedEntityTag=O]
[Text=- CharacterOffsetBegin=532 CharacterOffsetEnd=533 PartOfSpeech=PUNCT Lemma=- NamedEntityTag=O]
[Text=Febrero-78 CharacterOffsetBegin=533 CharacterOffsetEnd=543 PartOfSpeech=NUM Lemma=febrero-78 NamedEntityTag=O]
[Text=. CharacterOffsetBegin=543 CharacterOffsetEnd=544 PartOfSpeech=PUNCT Lemma=. NamedEntityTag=O]

Dependency Parse (enhanced plus plus dependencies):
root(ROOT-0, H-41-2)
nummod(H-41-2, 100-10-1-78-1)
flat(H-41-2, L-72-3)
nummod(H-41-2, 11-4)
punct(Febrero-78-6, --5)
appos(H-41-2, Febrero-78-6)
punct(H-41-2, .-7)

Extracted the following NER entity mentions:

Sentence #7 (42 tokens):
-El 10 actual en volante firmado
por el Frente Amplio de Trabajadores, órgano del S.T.A.-
I.S.U.A.G. se le critica de oportunista al servicio del-
P.C.M., a AIDE IBARES CASTRO y a FAUSTO AVILA JUAREZ, pa-

Tokens:
[Text=- CharacterOffsetBegin=544 CharacterOffsetEnd=545 PartOfSpeech=PUNCT Lemma=- NamedEntityTag=O]
[Text=El CharacterOffsetBegin=545 CharacterOffsetEnd=547 PartOfSpeech=DET Lemma=el NamedEntityTag=O]
[Text=10 CharacterOffsetBegin=548 CharacterOffsetEnd=550 PartOfSpeech=NUM Lemma=10 NamedEntityTag=NUMBER NormalizedNamedEntityTag=10.0]
[Text=actual CharacterOffsetBegin=551 CharacterOffsetEnd=557 PartOfSpeech=ADJ Lemma=actual NamedEntityTag=O]
[Text=en CharacterOffsetBegin=558 CharacterOffsetEnd=560 PartOfSpeech=ADP Lemma=en NamedEntityTag=O]
[Text=volante CharacterOffsetBegin=561 CharacterOffsetEnd=568 PartOfSpeech=NOUN Lemma=volante NamedEntityTag=O]
[Text=firmado CharacterOffsetBegin=569 CharacterOffsetEnd=576 PartOfSpeech=ADJ Lemma=firmado NamedEntityTag=O]
[Text=por CharacterOffsetBegin=577 CharacterOffsetEnd=580 PartOfSpeech=ADP Lemma=por NamedEntityTag=O]
[Text=el CharacterOffsetBegin=581 CharacterOffsetEnd=583 PartOfSpeech=DET Lemma=el NamedEntityTag=O]
[Text=Frente CharacterOffsetBegin=584 CharacterOffsetEnd=590 PartOfSpeech=PROPN Lemma=frente NamedEntityTag=ORGANIZATION]
[Text=Amplio CharacterOffsetBegin=591 CharacterOffsetEnd=597 PartOfSpeech=PROPN Lemma=amplio NamedEntityTag=ORGANIZATION]
[Text=de CharacterOffsetBegin=598 CharacterOffsetEnd=600 PartOfSpeech=ADP Lemma=de NamedEntityTag=ORGANIZATION]
[Text=Trabajadores CharacterOffsetBegin=601 CharacterOffsetEnd=613 PartOfSpeech=PROPN Lemma=trabajadores NamedEntityTag=ORGANIZATION]
[Text=, CharacterOffsetBegin=613 CharacterOffsetEnd=614 PartOfSpeech=PUNCT Lemma=, NamedEntityTag=O]
[Text=órgano CharacterOffsetBegin=615 CharacterOffsetEnd=621 PartOfSpeech=NOUN Lemma=órgano NamedEntityTag=O]
[Text=del CharacterOffsetBegin=622 CharacterOffsetEnd=625 PartOfSpeech=ADP Lemma=del NamedEntityTag=O]
[Text=S.T.A. CharacterOffsetBegin=626 CharacterOffsetEnd=632 PartOfSpeech=PROPN Lemma=s.t.a. NamedEntityTag=O]
[Text=- CharacterOffsetBegin=632 CharacterOffsetEnd=633 PartOfSpeech=PUNCT Lemma=- NamedEntityTag=O]
[Text=I.S.U.A.G. CharacterOffsetBegin=634 CharacterOffsetEnd=644 PartOfSpeech=PROPN Lemma=i.s.u.a.g. NamedEntityTag=O]
[Text=se CharacterOffsetBegin=645 CharacterOffsetEnd=647 PartOfSpeech=PRON Lemma=se NamedEntityTag=O]
[Text=le CharacterOffsetBegin=648 CharacterOffsetEnd=650 PartOfSpeech=PRON Lemma=le NamedEntityTag=O]
[Text=critica CharacterOffsetBegin=651 CharacterOffsetEnd=658 PartOfSpeech=VERB Lemma=critica NamedEntityTag=O]
[Text=de CharacterOffsetBegin=659 CharacterOffsetEnd=661 PartOfSpeech=ADP Lemma=de NamedEntityTag=O]
[Text=oportunista CharacterOffsetBegin=662 CharacterOffsetEnd=673 PartOfSpeech=ADJ Lemma=oportunista NamedEntityTag=O]
[Text=al CharacterOffsetBegin=674 CharacterOffsetEnd=676 PartOfSpeech=ADP Lemma=al NamedEntityTag=O]
[Text=servicio CharacterOffsetBegin=677 CharacterOffsetEnd=685 PartOfSpeech=NOUN Lemma=servicio NamedEntityTag=O]
[Text=del CharacterOffsetBegin=686 CharacterOffsetEnd=689 PartOfSpeech=ADP Lemma=del NamedEntityTag=O]
[Text=- CharacterOffsetBegin=689 CharacterOffsetEnd=690 PartOfSpeech=PUNCT Lemma=- NamedEntityTag=O]
[Text=P.C.M. CharacterOffsetBegin=691 CharacterOffsetEnd=697 PartOfSpeech=NOUN Lemma=p.c.m. NamedEntityTag=O]
[Text=, CharacterOffsetBegin=697 CharacterOffsetEnd=698 PartOfSpeech=PUNCT Lemma=, NamedEntityTag=O]
[Text=a CharacterOffsetBegin=699 CharacterOffsetEnd=700 PartOfSpeech=ADP Lemma=a NamedEntityTag=O]
[Text=AIDE CharacterOffsetBegin=701 CharacterOffsetEnd=705 PartOfSpeech=PROPN Lemma=aide NamedEntityTag=PERSON]
[Text=IBARES CharacterOffsetBegin=706 CharacterOffsetEnd=712 PartOfSpeech=PROPN Lemma=ibares NamedEntityTag=PERSON]
[Text=CASTRO CharacterOffsetBegin=713 CharacterOffsetEnd=719 PartOfSpeech=PROPN Lemma=castro NamedEntityTag=PERSON]
[Text=y CharacterOffsetBegin=720 CharacterOffsetEnd=721 PartOfSpeech=CCONJ Lemma=y NamedEntityTag=O]
[Text=a CharacterOffsetBegin=722 CharacterOffsetEnd=723 PartOfSpeech=ADP Lemma=a NamedEntityTag=O]
[Text=FAUSTO CharacterOffsetBegin=724 CharacterOffsetEnd=730 PartOfSpeech=PROPN Lemma=fausto NamedEntityTag=PERSON]
[Text=AVILA CharacterOffsetBegin=731 CharacterOffsetEnd=736 PartOfSpeech=PROPN Lemma=avila NamedEntityTag=PERSON]
[Text=JUAREZ CharacterOffsetBegin=737 CharacterOffsetEnd=743 PartOfSpeech=PROPN Lemma=juarez NamedEntityTag=PERSON]
[Text=, CharacterOffsetBegin=743 CharacterOffsetEnd=744 PartOfSpeech=PUNCT Lemma=, NamedEntityTag=O]
[Text=pa CharacterOffsetBegin=745 CharacterOffsetEnd=747 PartOfSpeech=ADP Lemma=pa NamedEntityTag=O]
[Text=- CharacterOffsetBegin=747 CharacterOffsetEnd=748 PartOfSpeech=PUNCT Lemma=- NamedEntityTag=O]

Dependency Parse (enhanced plus plus dependencies):
root(ROOT-0, critica-22)
punct(critica-22, --1)
det(10-3, El-2)
nsubj(critica-22, 10-3)
amod(10-3, actual-4)
case(volante-6, en-5)
nmod(10-3, volante-6)
amod(volante-6, firmado-7)
case(Frente-10, por-8)
det(Frente-10, el-9)
obj(firmado-7, Frente-10)
flat(Frente-10, Amplio-11)
case(Trabajadores-13, de-12)
flat(Frente-10, Trabajadores-13)
punct(órgano-15, ,-14)
appos(Frente-10, órgano-15)
case(S.T.A.-17, del-16)
nmod(órgano-15, S.T.A.-17)
punct(órgano-15, --18)
flat(Frente-10, I.S.U.A.G.-19)
expl:pass(critica-22, se-20)
obj(critica-22, le-21)
case(oportunista-24, de-23)
obj(critica-22, oportunista-24)
case(servicio-26, al-25)
obl(critica-22, servicio-26)
case(P.C.M.-29, del-27)
punct(P.C.M.-29, --28)
nmod(servicio-26, P.C.M.-29)
punct(critica-22, ,-30)
case(AIDE-32, a-31)
obj(critica-22, AIDE-32)
flat(AIDE-32, IBARES-33)
flat(AIDE-32, CASTRO-34)
cc(FAUSTO-37, y-35)
case(FAUSTO-37, a-36)
obj(critica-22, FAUSTO-37)
conj:y(AIDE-32, FAUSTO-37)
flat(FAUSTO-37, AVILA-38)
flat(FAUSTO-37, JUAREZ-39)
punct(pa-41, ,-40)
appos(AIDE-32, pa-41)
punct(pa-41, --42)

Extracted the following NER entity mentions:
10	NUMBER	NUMBER:-1.0
Frente Amplio de Trabajadores	ORGANIZATION	ORGANIZATION:0.8171421674334247
AIDE IBARES CASTRO	PERSON	PERSON:0.36499011911356594
FAUSTO AVILA JUAREZ	PERSON	PERSON:0.6547727258871942
