Document: ID=file_58.txt (5 sentences, 166 tokens)

Sentence #1 (62 tokens):
de aprehensión que existía en su contra por el
delito de Homicidio, al parecer consumado en la
Costa Chica, indicándole el propio Jefe que a
partir de ese momento quedaba detenido y que se
trasladado al lugar donde las autoridades lo -
estaban requiriendo; al parecer, Clemente Romero
trató de tener un acuerdo con el Cor.

Tokens:
[Text=de CharacterOffsetBegin=0 CharacterOffsetEnd=2 PartOfSpeech=ADP Lemma=de NamedEntityTag=O]
[Text=aprehensión CharacterOffsetBegin=3 CharacterOffsetEnd=14 PartOfSpeech=NOUN Lemma=aprehensión NamedEntityTag=O]
[Text=que CharacterOffsetBegin=15 CharacterOffsetEnd=18 PartOfSpeech=PRON Lemma=que NamedEntityTag=O]
[Text=existía CharacterOffsetBegin=19 CharacterOffsetEnd=26 PartOfSpeech=VERB Lemma=existía NamedEntityTag=O]
[Text=en CharacterOffsetBegin=27 CharacterOffsetEnd=29 PartOfSpeech=ADP Lemma=en NamedEntityTag=O]
[Text=su CharacterOffsetBegin=30 CharacterOffsetEnd=32 PartOfSpeech=DET Lemma=su NamedEntityTag=O]
[Text=contra CharacterOffsetBegin=33 CharacterOffsetEnd=39 PartOfSpeech=NOUN Lemma=contra NamedEntityTag=O]
[Text=por CharacterOffsetBegin=40 CharacterOffsetEnd=43 PartOfSpeech=ADP Lemma=por NamedEntityTag=O]
[Text=el CharacterOffsetBegin=44 CharacterOffsetEnd=46 PartOfSpeech=DET Lemma=el NamedEntityTag=O]
[Text=delito CharacterOffsetBegin=47 CharacterOffsetEnd=53 PartOfSpeech=NOUN Lemma=delito NamedEntityTag=CRIMINAL_CHARGE]
[Text=de CharacterOffsetBegin=54 CharacterOffsetEnd=56 PartOfSpeech=ADP Lemma=de NamedEntityTag=O]
[Text=Homicidio CharacterOffsetBegin=57 CharacterOffsetEnd=66 PartOfSpeech=PROPN Lemma=homicidio NamedEntityTag=ORGANIZATION]
[Text=, CharacterOffsetBegin=66 CharacterOffsetEnd=67 PartOfSpeech=PUNCT Lemma=, NamedEntityTag=O]
[Text=al CharacterOffsetBegin=68 CharacterOffsetEnd=70 PartOfSpeech=ADP Lemma=al NamedEntityTag=O]
[Text=parecer CharacterOffsetBegin=71 CharacterOffsetEnd=78 PartOfSpeech=AUX Lemma=parecer NamedEntityTag=O]
[Text=consumado CharacterOffsetBegin=79 CharacterOffsetEnd=88 PartOfSpeech=VERB Lemma=consumado NamedEntityTag=O]
[Text=en CharacterOffsetBegin=89 CharacterOffsetEnd=91 PartOfSpeech=ADP Lemma=en NamedEntityTag=O]
[Text=la CharacterOffsetBegin=92 CharacterOffsetEnd=94 PartOfSpeech=DET Lemma=la NamedEntityTag=O]
[Text=Costa CharacterOffsetBegin=95 CharacterOffsetEnd=100 PartOfSpeech=PROPN Lemma=costa NamedEntityTag=LOCATION]
[Text=Chica CharacterOffsetBegin=101 CharacterOffsetEnd=106 PartOfSpeech=PROPN Lemma=chica NamedEntityTag=LOCATION]
[Text=, CharacterOffsetBegin=106 CharacterOffsetEnd=107 PartOfSpeech=PUNCT Lemma=, NamedEntityTag=O]
[Text=indicando CharacterOffsetBegin=108 CharacterOffsetEnd=119 PartOfSpeech=AUX Lemma=indicando NamedEntityTag=O]
[Text=le CharacterOffsetBegin=108 CharacterOffsetEnd=119 PartOfSpeech=PRON Lemma=le NamedEntityTag=O]
[Text=el CharacterOffsetBegin=120 CharacterOffsetEnd=122 PartOfSpeech=DET Lemma=el NamedEntityTag=O]
[Text=propio CharacterOffsetBegin=123 CharacterOffsetEnd=129 PartOfSpeech=DET Lemma=propio NamedEntityTag=O]
[Text=Jefe CharacterOffsetBegin=130 CharacterOffsetEnd=134 PartOfSpeech=PROPN Lemma=jefe NamedEntityTag=TITLE]
[Text=que CharacterOffsetBegin=135 CharacterOffsetEnd=138 PartOfSpeech=SCONJ Lemma=que NamedEntityTag=O]
[Text=a CharacterOffsetBegin=139 CharacterOffsetEnd=140 PartOfSpeech=ADP Lemma=a NamedEntityTag=O]
[Text=partir CharacterOffsetBegin=141 CharacterOffsetEnd=147 PartOfSpeech=NOUN Lemma=partir NamedEntityTag=O]
[Text=de CharacterOffsetBegin=148 CharacterOffsetEnd=150 PartOfSpeech=ADP Lemma=de NamedEntityTag=O]
[Text=ese CharacterOffsetBegin=151 CharacterOffsetEnd=154 PartOfSpeech=DET Lemma=ese NamedEntityTag=O]
[Text=momento CharacterOffsetBegin=155 CharacterOffsetEnd=162 PartOfSpeech=NOUN Lemma=momento NamedEntityTag=O]
[Text=quedaba CharacterOffsetBegin=163 CharacterOffsetEnd=170 PartOfSpeech=VERB Lemma=quedaba NamedEntityTag=O]
[Text=detenido CharacterOffsetBegin=171 CharacterOffsetEnd=179 PartOfSpeech=ADJ Lemma=detenido NamedEntityTag=O]
[Text=y CharacterOffsetBegin=180 CharacterOffsetEnd=181 PartOfSpeech=CCONJ Lemma=y NamedEntityTag=O]
[Text=que CharacterOffsetBegin=182 CharacterOffsetEnd=185 PartOfSpeech=PRON Lemma=que NamedEntityTag=O]
[Text=se CharacterOffsetBegin=186 CharacterOffsetEnd=188 PartOfSpeech=PRON Lemma=se NamedEntityTag=O]
[Text=trasladado CharacterOffsetBegin=189 CharacterOffsetEnd=199 PartOfSpeech=VERB Lemma=trasladado NamedEntityTag=O]
[Text=al CharacterOffsetBegin=200 CharacterOffsetEnd=202 PartOfSpeech=ADP Lemma=al NamedEntityTag=O]
[Text=lugar CharacterOffsetBegin=203 CharacterOffsetEnd=208 PartOfSpeech=NOUN Lemma=lugar NamedEntityTag=O]
[Text=donde CharacterOffsetBegin=209 CharacterOffsetEnd=214 PartOfSpeech=PRON Lemma=donde NamedEntityTag=O]
[Text=las CharacterOffsetBegin=215 CharacterOffsetEnd=218 PartOfSpeech=DET Lemma=las NamedEntityTag=O]
[Text=autoridades CharacterOffsetBegin=219 CharacterOffsetEnd=230 PartOfSpeech=NOUN Lemma=autoridades NamedEntityTag=O]
[Text=lo CharacterOffsetBegin=231 CharacterOffsetEnd=233 PartOfSpeech=PRON Lemma=lo NamedEntityTag=O]
[Text=- CharacterOffsetBegin=234 CharacterOffsetEnd=235 PartOfSpeech=PUNCT Lemma=- NamedEntityTag=O]
[Text=estaban CharacterOffsetBegin=236 CharacterOffsetEnd=243 PartOfSpeech=AUX Lemma=estaban NamedEntityTag=O]
[Text=requiriendo CharacterOffsetBegin=244 CharacterOffsetEnd=255 PartOfSpeech=VERB Lemma=requiriendo NamedEntityTag=O]
[Text=; CharacterOffsetBegin=255 CharacterOffsetEnd=256 PartOfSpeech=PUNCT Lemma=; NamedEntityTag=O]
[Text=al CharacterOffsetBegin=257 CharacterOffsetEnd=259 PartOfSpeech=ADP Lemma=al NamedEntityTag=O]
[Text=parecer CharacterOffsetBegin=260 CharacterOffsetEnd=267 PartOfSpeech=NOUN Lemma=parecer NamedEntityTag=O]
[Text=, CharacterOffsetBegin=267 CharacterOffsetEnd=268 PartOfSpeech=PUNCT Lemma=, NamedEntityTag=O]
[Text=Clemente CharacterOffsetBegin=269 CharacterOffsetEnd=277 PartOfSpeech=PROPN Lemma=clemente NamedEntityTag=PERSON]
[Text=Romero CharacterOffsetBegin=278 CharacterOffsetEnd=284 PartOfSpeech=PROPN Lemma=romero NamedEntityTag=PERSON]
[Text=trató CharacterOffsetBegin=285 CharacterOffsetEnd=290 PartOfSpeech=VERB Lemma=trató NamedEntityTag=O]
[Text=de CharacterOffsetBegin=291 CharacterOffsetEnd=293 PartOfSpeech=ADP Lemma=de NamedEntityTag=O]
[Text=tener CharacterOffsetBegin=294 CharacterOffsetEnd=299 PartOfSpeech=VERB Lemma=tener NamedEntityTag=O]
[Text=un CharacterOffsetBegin=300 CharacterOffsetEnd=302 PartOfSpeech=DET Lemma=un NamedEntityTag=O]
[Text=acuerdo CharacterOffsetBegin=303 CharacterOffsetEnd=310 PartOfSpeech=NOUN Lemma=acuerdo NamedEntityTag=O]
[Text=con CharacterOffsetBegin=311 CharacterOffsetEnd=314 PartOfSpeech=ADP Lemma=con NamedEntityTag=O]
[Text=el CharacterOffsetBegin=315 CharacterOffsetEnd=317 PartOfSpeech=DET Lemma=el NamedEntityTag=O]
[Text=Cor CharacterOffsetBegin=318 CharacterOffsetEnd=321 PartOfSpeech=PROPN Lemma=cor NamedEntityTag=O]
[Text=. CharacterOffsetBegin=321 CharacterOffsetEnd=322 PartOfSpeech=PUNCT Lemma=. NamedEntityTag=O]

Dependency Parse (enhanced plus plus dependencies):
root(ROOT-0, aprehensión-2)
cop(Jefe-26, indicando-22)
iobj(Jefe-26, le-23)
case(aprehensión-2, de-1)
nsubj(existía-4, que-3)
acl(aprehensión-2, existía-4)
case(contra-7, en-5)
det(contra-7, su-6)
obl(existía-4, contra-7)
case(delito-10, por-8)
det(delito-10, el-9)
nmod(contra-7, delito-10)
case(Homicidio-12, de-11)
nmod(delito-10, Homicidio-12)
punct(consumado-16, ,-13)
mark(consumado-16, al-14)
aux(consumado-16, parecer-15)
advcl(existía-4, consumado-16)
case(Costa-19, en-17)
det(Costa-19, la-18)
obl(consumado-16, Costa-19)
flat(Costa-19, Chica-20)
punct(consumado-16, ,-21)
det(Jefe-26, el-24)
det(el-24, propio-25)
acl(aprehensión-2, Jefe-26)
mark(quedaba-33, que-27)
case(momento-32, a-28)
fixed(a-28, partir-29)
fixed(a-28, de-30)
det(momento-32, ese-31)
obl(quedaba-33, momento-32)
obl(quedaba-33, momento-32)
acl(Jefe-26, quedaba-33)
obj(quedaba-33, detenido-34)
cc(trasladado-38, y-35)
nsubj(trasladado-38, que-36)
obj(trasladado-38, se-37)
acl(Jefe-26, trasladado-38)
conj:y(quedaba-33, trasladado-38)
case(lugar-40, al-39)
obl(trasladado-38, lugar-40)
obl(requiriendo-47, donde-41)
det(autoridades-43, las-42)
nsubj(requiriendo-47, autoridades-43)
obj(requiriendo-47, lo-44)
punct(requiriendo-47, --45)
aux(requiriendo-47, estaban-46)
acl(lugar-40, requiriendo-47)
punct(al-49, ;-48)
advmod(trasladado-38, al-49)
fixed(al-49, parecer-50)
punct(al-49, ,-51)
obj(trasladado-38, Clemente-52)
flat(Clemente-52, Romero-53)
aux(tener-56, trató-54)
mark(tener-56, de-55)
advcl(quedaba-33, tener-56)
det(acuerdo-58, un-57)
obj(tener-56, acuerdo-58)
case(Cor-61, con-59)
det(Cor-61, el-60)
nmod(acuerdo-58, Cor-61)
punct(aprehensión-2, .-62)

Extracted the following NER entity mentions:
delito	CRIMINAL_CHARGE	-
Homicidio	ORGANIZATION	ORGANIZATION:0.358356347608491
Costa Chica	LOCATION	LOCATION:0.967043880041291
Jefe	TITLE	-
Clemente Romero	PERSON	PERSON:0.9982197812436763

Sentence #2 (25 tokens):
Viniegra
pero éste no accedió, por lo que el propio Cle-
mente Romero con una pistola 380 le hizo dos dis
paros.

Tokens:
[Text=Viniegra CharacterOffsetBegin=323 CharacterOffsetEnd=331 PartOfSpeech=PROPN Lemma=viniegra NamedEntityTag=PERSON]
[Text=pero CharacterOffsetBegin=332 CharacterOffsetEnd=336 PartOfSpeech=CCONJ Lemma=pero NamedEntityTag=O]
[Text=éste CharacterOffsetBegin=337 CharacterOffsetEnd=341 PartOfSpeech=PRON Lemma=éste NamedEntityTag=O]
[Text=no CharacterOffsetBegin=342 CharacterOffsetEnd=344 PartOfSpeech=ADV Lemma=no NamedEntityTag=O]
[Text=accedió CharacterOffsetBegin=345 CharacterOffsetEnd=352 PartOfSpeech=VERB Lemma=accedió NamedEntityTag=O]
[Text=, CharacterOffsetBegin=352 CharacterOffsetEnd=353 PartOfSpeech=PUNCT Lemma=, NamedEntityTag=O]
[Text=por CharacterOffsetBegin=354 CharacterOffsetEnd=357 PartOfSpeech=ADP Lemma=por NamedEntityTag=O]
[Text=lo CharacterOffsetBegin=358 CharacterOffsetEnd=360 PartOfSpeech=DET Lemma=lo NamedEntityTag=O]
[Text=que CharacterOffsetBegin=361 CharacterOffsetEnd=364 PartOfSpeech=PRON Lemma=que NamedEntityTag=O]
[Text=el CharacterOffsetBegin=365 CharacterOffsetEnd=367 PartOfSpeech=DET Lemma=el NamedEntityTag=O]
[Text=propio CharacterOffsetBegin=368 CharacterOffsetEnd=374 PartOfSpeech=DET Lemma=propio NamedEntityTag=O]
[Text=Cle CharacterOffsetBegin=375 CharacterOffsetEnd=378 PartOfSpeech=PROPN Lemma=cle NamedEntityTag=O]
[Text=- CharacterOffsetBegin=378 CharacterOffsetEnd=379 PartOfSpeech=PUNCT Lemma=- NamedEntityTag=O]
[Text=mente CharacterOffsetBegin=380 CharacterOffsetEnd=385 PartOfSpeech=NOUN Lemma=mente NamedEntityTag=O]
[Text=Romero CharacterOffsetBegin=386 CharacterOffsetEnd=392 PartOfSpeech=PROPN Lemma=romero NamedEntityTag=PERSON]
[Text=con CharacterOffsetBegin=393 CharacterOffsetEnd=396 PartOfSpeech=ADP Lemma=con NamedEntityTag=O]
[Text=una CharacterOffsetBegin=397 CharacterOffsetEnd=400 PartOfSpeech=DET Lemma=una NamedEntityTag=O]
[Text=pistola CharacterOffsetBegin=401 CharacterOffsetEnd=408 PartOfSpeech=NOUN Lemma=pistola NamedEntityTag=O]
[Text=380 CharacterOffsetBegin=409 CharacterOffsetEnd=412 PartOfSpeech=NUM Lemma=380 NamedEntityTag=NUMBER NormalizedNamedEntityTag=380.0]
[Text=le CharacterOffsetBegin=413 CharacterOffsetEnd=415 PartOfSpeech=PRON Lemma=le NamedEntityTag=O]
[Text=hizo CharacterOffsetBegin=416 CharacterOffsetEnd=420 PartOfSpeech=VERB Lemma=hizo NamedEntityTag=O]
[Text=dos CharacterOffsetBegin=421 CharacterOffsetEnd=424 PartOfSpeech=NUM Lemma=dos NamedEntityTag=NUMBER]
[Text=dis CharacterOffsetBegin=425 CharacterOffsetEnd=428 PartOfSpeech=NOUN Lemma=dis NamedEntityTag=O]
[Text=paros CharacterOffsetBegin=429 CharacterOffsetEnd=434 PartOfSpeech=NOUN Lemma=paros NamedEntityTag=O]
[Text=. CharacterOffsetBegin=434 CharacterOffsetEnd=435 PartOfSpeech=PUNCT Lemma=. NamedEntityTag=O]

Dependency Parse (enhanced plus plus dependencies):
root(ROOT-0, Viniegra-1)
cc(accedió-5, pero-2)
nsubj(accedió-5, éste-3)
advmod(accedió-5, no-4)
conj:pero(Viniegra-1, accedió-5)
punct(hizo-21, ,-6)
mark(hizo-21, por-7)
det(hizo-21, lo-8)
obl(hizo-21, que-9)
det(Cle-12, el-10)
det(el-10, propio-11)
nsubj(hizo-21, Cle-12)
punct(mente-14, --13)
obl(hizo-21, mente-14)
flat(mente-14, Romero-15)
case(pistola-18, con-16)
det(pistola-18, una-17)
obl(hizo-21, pistola-18)
nsubj(hizo-21, 380-19)
obj(hizo-21, le-20)
advcl(Viniegra-1, hizo-21)
nummod(dis-23, dos-22)
obj(hizo-21, dis-23)
appos(dis-23, paros-24)
punct(Viniegra-1, .-25)

Extracted the following NER entity mentions:
Viniegra	PERSON	PERSON:0.9209354684645881
Romero	PERSON	PERSON:0.9965244129476355
380	NUMBER	NUMBER:-1.0
dos	NUMBER	-

Sentence #3 (37 tokens):
-El Jefe de la Policía Judicial al sentir-
se herido pidió ayuda, habiendo acudido un Agen-
te, momentos en los que Clemente Romero se esta-
ba protegiendo tras el Cor.

Tokens:
[Text=- CharacterOffsetBegin=435 CharacterOffsetEnd=436 PartOfSpeech=PUNCT Lemma=- NamedEntityTag=O]
[Text=El CharacterOffsetBegin=436 CharacterOffsetEnd=438 PartOfSpeech=DET Lemma=el NamedEntityTag=O]
[Text=Jefe CharacterOffsetBegin=439 CharacterOffsetEnd=443 PartOfSpeech=PROPN Lemma=jefe NamedEntityTag=O]
[Text=de CharacterOffsetBegin=444 CharacterOffsetEnd=446 PartOfSpeech=ADP Lemma=de NamedEntityTag=O]
[Text=la CharacterOffsetBegin=447 CharacterOffsetEnd=449 PartOfSpeech=DET Lemma=la NamedEntityTag=O]
[Text=Policía CharacterOffsetBegin=450 CharacterOffsetEnd=457 PartOfSpeech=PROPN Lemma=policía NamedEntityTag=ORGANIZATION]
[Text=Judicial CharacterOffsetBegin=458 CharacterOffsetEnd=466 PartOfSpeech=PROPN Lemma=judicial NamedEntityTag=ORGANIZATION]
[Text=al CharacterOffsetBegin=467 CharacterOffsetEnd=469 PartOfSpeech=ADP Lemma=al NamedEntityTag=O]
[Text=sentir CharacterOffsetBegin=470 CharacterOffsetEnd=476 PartOfSpeech=VERB Lemma=sentir NamedEntityTag=O]
[Text=- CharacterOffsetBegin=476 CharacterOffsetEnd=477 PartOfSpeech=PUNCT Lemma=- NamedEntityTag=O]
[Text=se CharacterOffsetBegin=478 CharacterOffsetEnd=480 PartOfSpeech=PRON Lemma=se NamedEntityTag=O]
[Text=herido CharacterOffsetBegin=481 CharacterOffsetEnd=487 PartOfSpeech=VERB Lemma=herido NamedEntityTag=O]
[Text=pidió CharacterOffsetBegin=488 CharacterOffsetEnd=493 PartOfSpeech=VERB Lemma=pidió NamedEntityTag=O]
[Text=ayuda CharacterOffsetBegin=494 CharacterOffsetEnd=499 PartOfSpeech=NOUN Lemma=ayuda NamedEntityTag=O]
[Text=, CharacterOffsetBegin=499 CharacterOffsetEnd=500 PartOfSpeech=PUNCT Lemma=, NamedEntityTag=O]
[Text=habiendo CharacterOffsetBegin=501 CharacterOffsetEnd=509 PartOfSpeech=AUX Lemma=habiendo NamedEntityTag=O]
[Text=acudido CharacterOffsetBegin=510 CharacterOffsetEnd=517 PartOfSpeech=VERB Lemma=acudido NamedEntityTag=O]
[Text=un CharacterOffsetBegin=518 CharacterOffsetEnd=520 PartOfSpeech=DET Lemma=un NamedEntityTag=O]
[Text=Agen CharacterOffsetBegin=521 CharacterOffsetEnd=525 PartOfSpeech=PROPN Lemma=agen NamedEntityTag=O]
[Text=- CharacterOffsetBegin=525 CharacterOffsetEnd=526 PartOfSpeech=PUNCT Lemma=- NamedEntityTag=O]
[Text=te CharacterOffsetBegin=527 CharacterOffsetEnd=529 PartOfSpeech=PRON Lemma=te NamedEntityTag=O]
[Text=, CharacterOffsetBegin=529 CharacterOffsetEnd=530 PartOfSpeech=PUNCT Lemma=, NamedEntityTag=O]
[Text=momentos CharacterOffsetBegin=531 CharacterOffsetEnd=539 PartOfSpeech=NOUN Lemma=momentos NamedEntityTag=O]
[Text=en CharacterOffsetBegin=540 CharacterOffsetEnd=542 PartOfSpeech=ADP Lemma=en NamedEntityTag=O]
[Text=los CharacterOffsetBegin=543 CharacterOffsetEnd=546 PartOfSpeech=DET Lemma=los NamedEntityTag=O]
[Text=que CharacterOffsetBegin=547 CharacterOffsetEnd=550 PartOfSpeech=PRON Lemma=que NamedEntityTag=O]
[Text=Clemente CharacterOffsetBegin=551 CharacterOffsetEnd=559 PartOfSpeech=PROPN Lemma=clemente NamedEntityTag=PERSON]
[Text=Romero CharacterOffsetBegin=560 CharacterOffsetEnd=566 PartOfSpeech=PROPN Lemma=romero NamedEntityTag=PERSON]
[Text=se CharacterOffsetBegin=567 CharacterOffsetEnd=569 PartOfSpeech=PRON Lemma=se NamedEntityTag=O]
[Text=esta CharacterOffsetBegin=570 CharacterOffsetEnd=574 PartOfSpeech=PRON Lemma=esta NamedEntityTag=O]
[Text=- CharacterOffsetBegin=574 CharacterOffsetEnd=575 PartOfSpeech=PUNCT Lemma=- NamedEntityTag=O]
[Text=ba CharacterOffsetBegin=576 CharacterOffsetEnd=578 PartOfSpeech=INTJ Lemma=ba NamedEntityTag=O]
[Text=protegiendo CharacterOffsetBegin=579 CharacterOffsetEnd=590 PartOfSpeech=VERB Lemma=protegiendo NamedEntityTag=O]
[Text=tras CharacterOffsetBegin=591 CharacterOffsetEnd=595 PartOfSpeech=ADP Lemma=tras NamedEntityTag=O]
[Text=el CharacterOffsetBegin=596 CharacterOffsetEnd=598 PartOfSpeech=DET Lemma=el NamedEntityTag=O]
[Text=Cor CharacterOffsetBegin=599 CharacterOffsetEnd=602 PartOfSpeech=PROPN Lemma=cor NamedEntityTag=O]
[Text=. CharacterOffsetBegin=602 CharacterOffsetEnd=603 PartOfSpeech=PUNCT Lemma=. NamedEntityTag=O]

Dependency Parse (enhanced plus plus dependencies):
root(ROOT-0, pidió-13)
punct(herido-12, --1)
det(Jefe-3, El-2)
nsubj(herido-12, Jefe-3)
case(Policía-6, de-4)
det(Policía-6, la-5)
flat(Jefe-3, Policía-6)
flat(Policía-6, Judicial-7)
mark(sentir-9, al-8)
acl(Jefe-3, sentir-9)
punct(sentir-9, --10)
obj(herido-12, se-11)
ccomp(pidió-13, herido-12)
nsubj(pidió-13, ayuda-14)
punct(pidió-13, ,-15)
aux(acudido-17, habiendo-16)
advcl(pidió-13, acudido-17)
det(Agen-19, un-18)
obj(acudido-17, Agen-19)
punct(te-21, --20)
appos(Agen-19, te-21)
punct(momentos-23, ,-22)
appos(te-21, momentos-23)
case(que-26, en-24)
det(que-26, los-25)
obl(protegiendo-33, que-26)
nsubj(protegiendo-33, Clemente-27)
flat(Clemente-27, Romero-28)
obj(protegiendo-33, se-29)
obj(protegiendo-33, esta-30)
punct(protegiendo-33, --31)
nsubj(protegiendo-33, ba-32)
acl(momentos-23, protegiendo-33)
case(Cor-36, tras-34)
det(Cor-36, el-35)
obl(protegiendo-33, Cor-36)
punct(pidió-13, .-37)

Extracted the following NER entity mentions:
Policía Judicial	ORGANIZATION	ORGANIZATION:0.9923986034441896
Clemente Romero	PERSON	PERSON:0.9918457301038848

Sentence #4 (25 tokens):
Viniegra y con una
carabina M-2 que sacó del escritorio del anterio
disparó en contra de la persona que acudía al llamdo del Coronel.

Tokens:
[Text=Viniegra CharacterOffsetBegin=604 CharacterOffsetEnd=612 PartOfSpeech=PROPN Lemma=viniegra NamedEntityTag=PERSON]
[Text=y CharacterOffsetBegin=613 CharacterOffsetEnd=614 PartOfSpeech=CCONJ Lemma=y NamedEntityTag=O]
[Text=con CharacterOffsetBegin=615 CharacterOffsetEnd=618 PartOfSpeech=ADP Lemma=con NamedEntityTag=O]
[Text=una CharacterOffsetBegin=619 CharacterOffsetEnd=622 PartOfSpeech=DET Lemma=una NamedEntityTag=O]
[Text=carabina CharacterOffsetBegin=623 CharacterOffsetEnd=631 PartOfSpeech=NOUN Lemma=carabina NamedEntityTag=O]
[Text=M-2 CharacterOffsetBegin=632 CharacterOffsetEnd=635 PartOfSpeech=PROPN Lemma=m-2 NamedEntityTag=O]
[Text=que CharacterOffsetBegin=636 CharacterOffsetEnd=639 PartOfSpeech=PRON Lemma=que NamedEntityTag=O]
[Text=sacó CharacterOffsetBegin=640 CharacterOffsetEnd=644 PartOfSpeech=VERB Lemma=sacó NamedEntityTag=O]
[Text=del CharacterOffsetBegin=645 CharacterOffsetEnd=648 PartOfSpeech=ADP Lemma=del NamedEntityTag=O]
[Text=escritorio CharacterOffsetBegin=649 CharacterOffsetEnd=659 PartOfSpeech=NOUN Lemma=escritorio NamedEntityTag=O]
[Text=del CharacterOffsetBegin=660 CharacterOffsetEnd=663 PartOfSpeech=ADP Lemma=del NamedEntityTag=O]
[Text=anterio CharacterOffsetBegin=664 CharacterOffsetEnd=671 PartOfSpeech=NOUN Lemma=anterio NamedEntityTag=O]
[Text=disparó CharacterOffsetBegin=672 CharacterOffsetEnd=679 PartOfSpeech=VERB Lemma=disparó NamedEntityTag=O]
[Text=en CharacterOffsetBegin=680 CharacterOffsetEnd=682 PartOfSpeech=ADP Lemma=en NamedEntityTag=O]
[Text=contra CharacterOffsetBegin=683 CharacterOffsetEnd=689 PartOfSpeech=NOUN Lemma=contra NamedEntityTag=O]
[Text=de CharacterOffsetBegin=690 CharacterOffsetEnd=692 PartOfSpeech=ADP Lemma=de NamedEntityTag=O]
[Text=la CharacterOffsetBegin=693 CharacterOffsetEnd=695 PartOfSpeech=DET Lemma=la NamedEntityTag=O]
[Text=persona CharacterOffsetBegin=696 CharacterOffsetEnd=703 PartOfSpeech=NOUN Lemma=persona NamedEntityTag=O]
[Text=que CharacterOffsetBegin=704 CharacterOffsetEnd=707 PartOfSpeech=PRON Lemma=que NamedEntityTag=O]
[Text=acudía CharacterOffsetBegin=708 CharacterOffsetEnd=714 PartOfSpeech=VERB Lemma=acudía NamedEntityTag=O]
[Text=al CharacterOffsetBegin=715 CharacterOffsetEnd=717 PartOfSpeech=ADP Lemma=al NamedEntityTag=O]
[Text=llamdo CharacterOffsetBegin=718 CharacterOffsetEnd=724 PartOfSpeech=NOUN Lemma=llamdo NamedEntityTag=O]
[Text=del CharacterOffsetBegin=725 CharacterOffsetEnd=728 PartOfSpeech=ADP Lemma=del NamedEntityTag=O]
[Text=Coronel CharacterOffsetBegin=729 CharacterOffsetEnd=736 PartOfSpeech=PROPN Lemma=coronel NamedEntityTag=PERSON]
[Text=. CharacterOffsetBegin=736 CharacterOffsetEnd=737 PartOfSpeech=PUNCT Lemma=. NamedEntityTag=O]

Dependency Parse (enhanced plus plus dependencies):
root(ROOT-0, disparó-13)
nsubj(disparó-13, Viniegra-1)
cc(carabina-5, y-2)
case(carabina-5, con-3)
det(carabina-5, una-4)
conj:y(Viniegra-1, carabina-5)
nsubj(disparó-13, carabina-5)
appos(carabina-5, M-2-6)
nsubj(sacó-8, que-7)
acl(carabina-5, sacó-8)
case(escritorio-10, del-9)
obj(sacó-8, escritorio-10)
case(anterio-12, del-11)
nmod(escritorio-10, anterio-12)
case(persona-18, en-14)
fixed(en-14, contra-15)
fixed(en-14, de-16)
det(persona-18, la-17)
obl(disparó-13, persona-18)
obl(disparó-13, persona-18)
nsubj(acudía-20, que-19)
acl(persona-18, acudía-20)
case(llamdo-22, al-21)
obj(acudía-20, llamdo-22)
case(Coronel-24, del-23)
nmod(llamdo-22, Coronel-24)
punct(disparó-13, .-25)

Extracted the following NER entity mentions:
Viniegra	PERSON	PERSON:0.9204575601329732
Coronel	PERSON	PERSON:0.4722602150501388

Sentence #5 (17 tokens):
-Dicha persona, al no poder
entrar a las oficinas se retiró y dio aviso a

Tokens:
[Text=- CharacterOffsetBegin=737 CharacterOffsetEnd=738 PartOfSpeech=PUNCT Lemma=- NamedEntityTag=O]
[Text=Dicha CharacterOffsetBegin=738 CharacterOffsetEnd=743 PartOfSpeech=ADJ Lemma=dicha NamedEntityTag=O]
[Text=persona CharacterOffsetBegin=744 CharacterOffsetEnd=751 PartOfSpeech=NOUN Lemma=persona NamedEntityTag=O]
[Text=, CharacterOffsetBegin=751 CharacterOffsetEnd=752 PartOfSpeech=PUNCT Lemma=, NamedEntityTag=O]
[Text=al CharacterOffsetBegin=753 CharacterOffsetEnd=755 PartOfSpeech=ADP Lemma=al NamedEntityTag=O]
[Text=no CharacterOffsetBegin=756 CharacterOffsetEnd=758 PartOfSpeech=ADV Lemma=no NamedEntityTag=O]
[Text=poder CharacterOffsetBegin=759 CharacterOffsetEnd=764 PartOfSpeech=AUX Lemma=poder NamedEntityTag=O]
[Text=entrar CharacterOffsetBegin=765 CharacterOffsetEnd=771 PartOfSpeech=VERB Lemma=entrar NamedEntityTag=O]
[Text=a CharacterOffsetBegin=772 CharacterOffsetEnd=773 PartOfSpeech=ADP Lemma=a NamedEntityTag=O]
[Text=las CharacterOffsetBegin=774 CharacterOffsetEnd=777 PartOfSpeech=DET Lemma=las NamedEntityTag=O]
[Text=oficinas CharacterOffsetBegin=778 CharacterOffsetEnd=786 PartOfSpeech=NOUN Lemma=oficinas NamedEntityTag=O]
[Text=se CharacterOffsetBegin=787 CharacterOffsetEnd=789 PartOfSpeech=PRON Lemma=se NamedEntityTag=O]
[Text=retiró CharacterOffsetBegin=790 CharacterOffsetEnd=796 PartOfSpeech=VERB Lemma=retiró NamedEntityTag=O]
[Text=y CharacterOffsetBegin=797 CharacterOffsetEnd=798 PartOfSpeech=CCONJ Lemma=y NamedEntityTag=O]
[Text=dio CharacterOffsetBegin=799 CharacterOffsetEnd=802 PartOfSpeech=VERB Lemma=dio NamedEntityTag=O]
[Text=aviso CharacterOffsetBegin=803 CharacterOffsetEnd=808 PartOfSpeech=NOUN Lemma=aviso NamedEntityTag=O]
[Text=a CharacterOffsetBegin=809 CharacterOffsetEnd=810 PartOfSpeech=ADP Lemma=a NamedEntityTag=O]

Dependency Parse (enhanced plus plus dependencies):
root(ROOT-0, retiró-13)
punct(persona-3, --1)
amod(persona-3, Dicha-2)
obl(retiró-13, persona-3)
punct(persona-3, ,-4)
mark(entrar-8, al-5)
advmod(entrar-8, no-6)
aux(entrar-8, poder-7)
advcl(retiró-13, entrar-8)
case(oficinas-11, a-9)
det(oficinas-11, las-10)
obj(entrar-8, oficinas-11)
obj(retiró-13, se-12)
cc(dio-15, y-14)
conj:y(retiró-13, dio-15)
obj(dio-15, aviso-16)
punct(retiró-13, a-17)

Extracted the following NER entity mentions:
