Document: ID=file_384.txt (3 sentences, 172 tokens)

Sentence #1 (93 tokens):
hasta agotar la carga de supistola y sepercato que
otros policías le disparaban hasta sentirse herido,
tratando de correr para escapar, pero por la herida
que sufrió en la garganta y brazo izquierdo y debido
ala drogaperdió la noción de los hechos; que tanto
las pistolas que se les recogieron a él y a sus com-
pañeros le fueron en regadas por "PETER" para que se
defendiera en caso necesario si estaba a punto de -
ser detenido cuando transportaba lo paquetes de -
droga.

Tokens:
[Text=hasta CharacterOffsetBegin=0 CharacterOffsetEnd=5 PartOfSpeech=ADP Lemma=hasta NamedEntityTag=O]
[Text=agotar CharacterOffsetBegin=6 CharacterOffsetEnd=12 PartOfSpeech=VERB Lemma=agotar NamedEntityTag=O]
[Text=la CharacterOffsetBegin=13 CharacterOffsetEnd=15 PartOfSpeech=DET Lemma=la NamedEntityTag=O]
[Text=carga CharacterOffsetBegin=16 CharacterOffsetEnd=21 PartOfSpeech=NOUN Lemma=carga NamedEntityTag=O]
[Text=de CharacterOffsetBegin=22 CharacterOffsetEnd=24 PartOfSpeech=ADP Lemma=de NamedEntityTag=O]
[Text=supistola CharacterOffsetBegin=25 CharacterOffsetEnd=34 PartOfSpeech=NOUN Lemma=supistola NamedEntityTag=O]
[Text=y CharacterOffsetBegin=35 CharacterOffsetEnd=36 PartOfSpeech=CCONJ Lemma=y NamedEntityTag=O]
[Text=sepercato CharacterOffsetBegin=37 CharacterOffsetEnd=46 PartOfSpeech=NOUN Lemma=sepercato NamedEntityTag=O]
[Text=que CharacterOffsetBegin=47 CharacterOffsetEnd=50 PartOfSpeech=PRON Lemma=que NamedEntityTag=O]
[Text=otros CharacterOffsetBegin=51 CharacterOffsetEnd=56 PartOfSpeech=DET Lemma=otros NamedEntityTag=O]
[Text=policías CharacterOffsetBegin=57 CharacterOffsetEnd=65 PartOfSpeech=NOUN Lemma=policías NamedEntityTag=O]
[Text=le CharacterOffsetBegin=66 CharacterOffsetEnd=68 PartOfSpeech=PRON Lemma=le NamedEntityTag=O]
[Text=disparaban CharacterOffsetBegin=69 CharacterOffsetEnd=79 PartOfSpeech=VERB Lemma=disparaban NamedEntityTag=O]
[Text=hasta CharacterOffsetBegin=80 CharacterOffsetEnd=85 PartOfSpeech=ADP Lemma=hasta NamedEntityTag=O]
[Text=sentir CharacterOffsetBegin=86 CharacterOffsetEnd=94 PartOfSpeech=VERB Lemma=sentir NamedEntityTag=O]
[Text=se CharacterOffsetBegin=86 CharacterOffsetEnd=94 PartOfSpeech=PRON Lemma=se NamedEntityTag=O]
[Text=herido CharacterOffsetBegin=95 CharacterOffsetEnd=101 PartOfSpeech=ADJ Lemma=herido NamedEntityTag=O]
[Text=, CharacterOffsetBegin=101 CharacterOffsetEnd=102 PartOfSpeech=PUNCT Lemma=, NamedEntityTag=O]
[Text=tratando CharacterOffsetBegin=103 CharacterOffsetEnd=111 PartOfSpeech=AUX Lemma=tratando NamedEntityTag=O]
[Text=de CharacterOffsetBegin=112 CharacterOffsetEnd=114 PartOfSpeech=ADP Lemma=de NamedEntityTag=O]
[Text=correr CharacterOffsetBegin=115 CharacterOffsetEnd=121 PartOfSpeech=VERB Lemma=correr NamedEntityTag=O]
[Text=para CharacterOffsetBegin=122 CharacterOffsetEnd=126 PartOfSpeech=ADP Lemma=para NamedEntityTag=O]
[Text=escapar CharacterOffsetBegin=127 CharacterOffsetEnd=134 PartOfSpeech=VERB Lemma=escapar NamedEntityTag=O]
[Text=, CharacterOffsetBegin=134 CharacterOffsetEnd=135 PartOfSpeech=PUNCT Lemma=, NamedEntityTag=O]
[Text=pero CharacterOffsetBegin=136 CharacterOffsetEnd=140 PartOfSpeech=CCONJ Lemma=pero NamedEntityTag=O]
[Text=por CharacterOffsetBegin=141 CharacterOffsetEnd=144 PartOfSpeech=ADP Lemma=por NamedEntityTag=O]
[Text=la CharacterOffsetBegin=145 CharacterOffsetEnd=147 PartOfSpeech=DET Lemma=la NamedEntityTag=O]
[Text=herida CharacterOffsetBegin=148 CharacterOffsetEnd=154 PartOfSpeech=NOUN Lemma=herida NamedEntityTag=O]
[Text=que CharacterOffsetBegin=155 CharacterOffsetEnd=158 PartOfSpeech=PRON Lemma=que NamedEntityTag=O]
[Text=sufrió CharacterOffsetBegin=159 CharacterOffsetEnd=165 PartOfSpeech=VERB Lemma=sufrió NamedEntityTag=O]
[Text=en CharacterOffsetBegin=166 CharacterOffsetEnd=168 PartOfSpeech=ADP Lemma=en NamedEntityTag=O]
[Text=la CharacterOffsetBegin=169 CharacterOffsetEnd=171 PartOfSpeech=DET Lemma=la NamedEntityTag=O]
[Text=garganta CharacterOffsetBegin=172 CharacterOffsetEnd=180 PartOfSpeech=NOUN Lemma=garganta NamedEntityTag=O]
[Text=y CharacterOffsetBegin=181 CharacterOffsetEnd=182 PartOfSpeech=CCONJ Lemma=y NamedEntityTag=O]
[Text=brazo CharacterOffsetBegin=183 CharacterOffsetEnd=188 PartOfSpeech=NOUN Lemma=brazo NamedEntityTag=O]
[Text=izquierdo CharacterOffsetBegin=189 CharacterOffsetEnd=198 PartOfSpeech=ADJ Lemma=izquierdo NamedEntityTag=O]
[Text=y CharacterOffsetBegin=199 CharacterOffsetEnd=200 PartOfSpeech=CCONJ Lemma=y NamedEntityTag=O]
[Text=debido CharacterOffsetBegin=201 CharacterOffsetEnd=207 PartOfSpeech=ADJ Lemma=debido NamedEntityTag=O]
[Text=ala CharacterOffsetBegin=208 CharacterOffsetEnd=211 PartOfSpeech=NOUN Lemma=ala NamedEntityTag=O]
[Text=drogaperdió CharacterOffsetBegin=212 CharacterOffsetEnd=223 PartOfSpeech=VERB Lemma=drogaperdió NamedEntityTag=O]
[Text=la CharacterOffsetBegin=224 CharacterOffsetEnd=226 PartOfSpeech=DET Lemma=la NamedEntityTag=O]
[Text=noción CharacterOffsetBegin=227 CharacterOffsetEnd=233 PartOfSpeech=NOUN Lemma=noción NamedEntityTag=O]
[Text=de CharacterOffsetBegin=234 CharacterOffsetEnd=236 PartOfSpeech=ADP Lemma=de NamedEntityTag=O]
[Text=los CharacterOffsetBegin=237 CharacterOffsetEnd=240 PartOfSpeech=DET Lemma=los NamedEntityTag=O]
[Text=hechos CharacterOffsetBegin=241 CharacterOffsetEnd=247 PartOfSpeech=NOUN Lemma=hechos NamedEntityTag=O]
[Text=; CharacterOffsetBegin=247 CharacterOffsetEnd=248 PartOfSpeech=PUNCT Lemma=; NamedEntityTag=O]
[Text=que CharacterOffsetBegin=249 CharacterOffsetEnd=252 PartOfSpeech=SCONJ Lemma=que NamedEntityTag=O]
[Text=tanto CharacterOffsetBegin=253 CharacterOffsetEnd=258 PartOfSpeech=ADV Lemma=tanto NamedEntityTag=O]
[Text=las CharacterOffsetBegin=259 CharacterOffsetEnd=262 PartOfSpeech=DET Lemma=las NamedEntityTag=O]
[Text=pistolas CharacterOffsetBegin=263 CharacterOffsetEnd=271 PartOfSpeech=NOUN Lemma=pistolas NamedEntityTag=O]
[Text=que CharacterOffsetBegin=272 CharacterOffsetEnd=275 PartOfSpeech=PRON Lemma=que NamedEntityTag=O]
[Text=se CharacterOffsetBegin=276 CharacterOffsetEnd=278 PartOfSpeech=PRON Lemma=se NamedEntityTag=O]
[Text=les CharacterOffsetBegin=279 CharacterOffsetEnd=282 PartOfSpeech=PRON Lemma=les NamedEntityTag=O]
[Text=recogieron CharacterOffsetBegin=283 CharacterOffsetEnd=293 PartOfSpeech=VERB Lemma=recogieron NamedEntityTag=O]
[Text=a CharacterOffsetBegin=294 CharacterOffsetEnd=295 PartOfSpeech=ADP Lemma=a NamedEntityTag=O]
[Text=él CharacterOffsetBegin=296 CharacterOffsetEnd=298 PartOfSpeech=PRON Lemma=él NamedEntityTag=O]
[Text=y CharacterOffsetBegin=299 CharacterOffsetEnd=300 PartOfSpeech=CCONJ Lemma=y NamedEntityTag=O]
[Text=a CharacterOffsetBegin=301 CharacterOffsetEnd=302 PartOfSpeech=ADP Lemma=a NamedEntityTag=O]
[Text=sus CharacterOffsetBegin=303 CharacterOffsetEnd=306 PartOfSpeech=DET Lemma=sus NamedEntityTag=O]
[Text=com CharacterOffsetBegin=307 CharacterOffsetEnd=310 PartOfSpeech=NOUN Lemma=com NamedEntityTag=O]
[Text=- CharacterOffsetBegin=310 CharacterOffsetEnd=311 PartOfSpeech=PUNCT Lemma=- NamedEntityTag=O]
[Text=pañeros CharacterOffsetBegin=312 CharacterOffsetEnd=319 PartOfSpeech=ADJ Lemma=pañeros NamedEntityTag=O]
[Text=le CharacterOffsetBegin=320 CharacterOffsetEnd=322 PartOfSpeech=PRON Lemma=le NamedEntityTag=O]
[Text=fueron CharacterOffsetBegin=323 CharacterOffsetEnd=329 PartOfSpeech=AUX Lemma=fueron NamedEntityTag=O]
[Text=en CharacterOffsetBegin=330 CharacterOffsetEnd=332 PartOfSpeech=ADP Lemma=en NamedEntityTag=O]
[Text=regadas CharacterOffsetBegin=333 CharacterOffsetEnd=340 PartOfSpeech=ADJ Lemma=regadas NamedEntityTag=O]
[Text=por CharacterOffsetBegin=341 CharacterOffsetEnd=344 PartOfSpeech=ADP Lemma=por NamedEntityTag=O]
[Text=" CharacterOffsetBegin=345 CharacterOffsetEnd=346 PartOfSpeech=PUNCT Lemma=" NamedEntityTag=O]
[Text=PETER CharacterOffsetBegin=346 CharacterOffsetEnd=351 PartOfSpeech=PROPN Lemma=peter NamedEntityTag=MISC]
[Text=" CharacterOffsetBegin=351 CharacterOffsetEnd=352 PartOfSpeech=PUNCT Lemma=" NamedEntityTag=O]
[Text=para CharacterOffsetBegin=353 CharacterOffsetEnd=357 PartOfSpeech=ADP Lemma=para NamedEntityTag=O]
[Text=que CharacterOffsetBegin=358 CharacterOffsetEnd=361 PartOfSpeech=SCONJ Lemma=que NamedEntityTag=O]
[Text=se CharacterOffsetBegin=362 CharacterOffsetEnd=364 PartOfSpeech=PRON Lemma=se NamedEntityTag=O]
[Text=defendiera CharacterOffsetBegin=365 CharacterOffsetEnd=375 PartOfSpeech=VERB Lemma=defendiera NamedEntityTag=O]
[Text=en CharacterOffsetBegin=376 CharacterOffsetEnd=378 PartOfSpeech=ADP Lemma=en NamedEntityTag=O]
[Text=caso CharacterOffsetBegin=379 CharacterOffsetEnd=383 PartOfSpeech=NOUN Lemma=caso NamedEntityTag=O]
[Text=necesario CharacterOffsetBegin=384 CharacterOffsetEnd=393 PartOfSpeech=ADJ Lemma=necesario NamedEntityTag=O]
[Text=si CharacterOffsetBegin=394 CharacterOffsetEnd=396 PartOfSpeech=SCONJ Lemma=si NamedEntityTag=O]
[Text=estaba CharacterOffsetBegin=397 CharacterOffsetEnd=403 PartOfSpeech=AUX Lemma=estaba NamedEntityTag=O]
[Text=a CharacterOffsetBegin=404 CharacterOffsetEnd=405 PartOfSpeech=ADP Lemma=a NamedEntityTag=O]
[Text=punto CharacterOffsetBegin=406 CharacterOffsetEnd=411 PartOfSpeech=NOUN Lemma=punto NamedEntityTag=O]
[Text=de CharacterOffsetBegin=412 CharacterOffsetEnd=414 PartOfSpeech=ADP Lemma=de NamedEntityTag=O]
[Text=- CharacterOffsetBegin=415 CharacterOffsetEnd=416 PartOfSpeech=PUNCT Lemma=- NamedEntityTag=O]
[Text=ser CharacterOffsetBegin=417 CharacterOffsetEnd=420 PartOfSpeech=AUX Lemma=ser NamedEntityTag=O]
[Text=detenido CharacterOffsetBegin=421 CharacterOffsetEnd=429 PartOfSpeech=VERB Lemma=detenido NamedEntityTag=O]
[Text=cuando CharacterOffsetBegin=430 CharacterOffsetEnd=436 PartOfSpeech=SCONJ Lemma=cuando NamedEntityTag=O]
[Text=transportaba CharacterOffsetBegin=437 CharacterOffsetEnd=449 PartOfSpeech=VERB Lemma=transportaba NamedEntityTag=O]
[Text=lo CharacterOffsetBegin=450 CharacterOffsetEnd=452 PartOfSpeech=DET Lemma=lo NamedEntityTag=O]
[Text=paquetes CharacterOffsetBegin=453 CharacterOffsetEnd=461 PartOfSpeech=NOUN Lemma=paquetes NamedEntityTag=O]
[Text=de CharacterOffsetBegin=462 CharacterOffsetEnd=464 PartOfSpeech=ADP Lemma=de NamedEntityTag=O]
[Text=- CharacterOffsetBegin=465 CharacterOffsetEnd=466 PartOfSpeech=PUNCT Lemma=- NamedEntityTag=O]
[Text=droga CharacterOffsetBegin=467 CharacterOffsetEnd=472 PartOfSpeech=NOUN Lemma=droga NamedEntityTag=O]
[Text=. CharacterOffsetBegin=472 CharacterOffsetEnd=473 PartOfSpeech=PUNCT Lemma=. NamedEntityTag=O]

Dependency Parse (enhanced plus plus dependencies):
root(ROOT-0, correr-21)
advcl(disparaban-13, sentir-15)
obj(sentir-15, se-16)
mark(agotar-2, hasta-1)
advcl(correr-21, agotar-2)
det(carga-4, la-3)
obj(agotar-2, carga-4)
case(supistola-6, de-5)
nmod(carga-4, supistola-6)
cc(sepercato-8, y-7)
nmod(carga-4, sepercato-8)
conj:y(supistola-6, sepercato-8)
obj(disparaban-13, que-9)
det(policías-11, otros-10)
nsubj(disparaban-13, policías-11)
iobj(disparaban-13, le-12)
acl(carga-4, disparaban-13)
mark(sentir-15, hasta-14)
obj(sentir-15, herido-17)
punct(agotar-2, ,-18)
aux(correr-21, tratando-19)
mark(correr-21, de-20)
mark(escapar-23, para-22)
advcl(correr-21, escapar-23)
punct(herida-28, ,-24)
cc(herida-28, pero-25)
case(herida-28, por-26)
det(herida-28, la-27)
conj:pero(correr-21, herida-28)
obj(sufrió-30, que-29)
acl(herida-28, sufrió-30)
case(garganta-33, en-31)
det(garganta-33, la-32)
obl(sufrió-30, garganta-33)
cc(brazo-35, y-34)
obl(sufrió-30, brazo-35)
conj:y(garganta-33, brazo-35)
amod(brazo-35, izquierdo-36)
cc(drogaperdió-40, y-37)
advmod(drogaperdió-40, debido-38)
fixed(debido-38, ala-39)
acl(herida-28, drogaperdió-40)
conj:y(sufrió-30, drogaperdió-40)
det(noción-42, la-41)
obj(drogaperdió-40, noción-42)
case(hechos-45, de-43)
det(hechos-45, los-44)
nmod(noción-42, hechos-45)
punct(correr-21, ;-46)
mark(regadas-66, que-47)
cc(pistolas-50, tanto-48)
det(pistolas-50, las-49)
nsubj(regadas-66, pistolas-50)
nsubj(recogieron-54, que-51)
obj(recogieron-54, se-52)
obj(recogieron-54, les-53)
acl(pistolas-50, recogieron-54)
case(él-56, a-55)
obj(recogieron-54, él-56)
cc(com-60, y-57)
case(com-60, a-58)
det(com-60, sus-59)
obj(recogieron-54, com-60)
conj:y(él-56, com-60)
punct(pañeros-62, --61)
amod(com-60, pañeros-62)
obj(regadas-66, le-63)
cop(regadas-66, fueron-64)
case(regadas-66, en-65)
advcl(correr-21, regadas-66)
case(PETER-69, por-67)
punct(PETER-69, "-68)
obj(regadas-66, PETER-69)
punct(PETER-69, "-70)
mark(defendiera-74, para-71)
mark(defendiera-74, que-72)
obj(defendiera-74, se-73)
advcl(regadas-66, defendiera-74)
case(caso-76, en-75)
obl(defendiera-74, caso-76)
amod(caso-76, necesario-77)
mark(punto-81, si-78)
cop(punto-81, estaba-79)
case(punto-81, a-80)
advcl(defendiera-74, punto-81)
mark(detenido-85, de-82)
punct(detenido-85, --83)
aux(detenido-85, ser-84)
acl(punto-81, detenido-85)
mark(transportaba-87, cuando-86)
advcl(detenido-85, transportaba-87)
det(paquetes-89, lo-88)
obj(transportaba-87, paquetes-89)
case(droga-92, de-90)
punct(droga-92, --91)
nmod(paquetes-89, droga-92)
punct(correr-21, .-93)

Extracted the following NER entity mentions:
PETER	MISC	MISC:0.5114455006117811

Sentence #2 (47 tokens):
Que quiere aclarar que a NORMA la convenció
para que le ayudara en el narcotráfico por considerar
que era la indicada, ya que no hacia preguntas de -
ninguna especie y además necesitaba el dinero para -
sufragar los gastos del aborto que se provocó.

Tokens:
[Text=Que CharacterOffsetBegin=474 CharacterOffsetEnd=477 PartOfSpeech=SCONJ Lemma=que NamedEntityTag=O]
[Text=quiere CharacterOffsetBegin=478 CharacterOffsetEnd=484 PartOfSpeech=VERB Lemma=quiere NamedEntityTag=O]
[Text=aclarar CharacterOffsetBegin=485 CharacterOffsetEnd=492 PartOfSpeech=AUX Lemma=aclarar NamedEntityTag=O]
[Text=que CharacterOffsetBegin=493 CharacterOffsetEnd=496 PartOfSpeech=SCONJ Lemma=que NamedEntityTag=O]
[Text=a CharacterOffsetBegin=497 CharacterOffsetEnd=498 PartOfSpeech=ADP Lemma=a NamedEntityTag=O]
[Text=NORMA CharacterOffsetBegin=499 CharacterOffsetEnd=504 PartOfSpeech=PROPN Lemma=norma NamedEntityTag=O]
[Text=la CharacterOffsetBegin=505 CharacterOffsetEnd=507 PartOfSpeech=DET Lemma=la NamedEntityTag=O]
[Text=convenció CharacterOffsetBegin=508 CharacterOffsetEnd=517 PartOfSpeech=VERB Lemma=convenció NamedEntityTag=O]
[Text=para CharacterOffsetBegin=518 CharacterOffsetEnd=522 PartOfSpeech=ADP Lemma=para NamedEntityTag=O]
[Text=que CharacterOffsetBegin=523 CharacterOffsetEnd=526 PartOfSpeech=SCONJ Lemma=que NamedEntityTag=O]
[Text=le CharacterOffsetBegin=527 CharacterOffsetEnd=529 PartOfSpeech=PRON Lemma=le NamedEntityTag=O]
[Text=ayudara CharacterOffsetBegin=530 CharacterOffsetEnd=537 PartOfSpeech=VERB Lemma=ayudara NamedEntityTag=O]
[Text=en CharacterOffsetBegin=538 CharacterOffsetEnd=540 PartOfSpeech=ADP Lemma=en NamedEntityTag=O]
[Text=el CharacterOffsetBegin=541 CharacterOffsetEnd=543 PartOfSpeech=DET Lemma=el NamedEntityTag=O]
[Text=narcotráfico CharacterOffsetBegin=544 CharacterOffsetEnd=556 PartOfSpeech=NOUN Lemma=narcotráfico NamedEntityTag=O]
[Text=por CharacterOffsetBegin=557 CharacterOffsetEnd=560 PartOfSpeech=ADP Lemma=por NamedEntityTag=O]
[Text=considerar CharacterOffsetBegin=561 CharacterOffsetEnd=571 PartOfSpeech=AUX Lemma=considerar NamedEntityTag=O]
[Text=que CharacterOffsetBegin=572 CharacterOffsetEnd=575 PartOfSpeech=SCONJ Lemma=que NamedEntityTag=O]
[Text=era CharacterOffsetBegin=576 CharacterOffsetEnd=579 PartOfSpeech=AUX Lemma=era NamedEntityTag=O]
[Text=la CharacterOffsetBegin=580 CharacterOffsetEnd=582 PartOfSpeech=DET Lemma=la NamedEntityTag=O]
[Text=indicada CharacterOffsetBegin=583 CharacterOffsetEnd=591 PartOfSpeech=ADJ Lemma=indicada NamedEntityTag=O]
[Text=, CharacterOffsetBegin=591 CharacterOffsetEnd=592 PartOfSpeech=PUNCT Lemma=, NamedEntityTag=O]
[Text=ya CharacterOffsetBegin=593 CharacterOffsetEnd=595 PartOfSpeech=ADV Lemma=ya NamedEntityTag=O]
[Text=que CharacterOffsetBegin=596 CharacterOffsetEnd=599 PartOfSpeech=SCONJ Lemma=que NamedEntityTag=O]
[Text=no CharacterOffsetBegin=600 CharacterOffsetEnd=602 PartOfSpeech=ADV Lemma=no NamedEntityTag=O]
[Text=hacia CharacterOffsetBegin=603 CharacterOffsetEnd=608 PartOfSpeech=ADP Lemma=hacia NamedEntityTag=O]
[Text=preguntas CharacterOffsetBegin=609 CharacterOffsetEnd=618 PartOfSpeech=NOUN Lemma=preguntas NamedEntityTag=O]
[Text=de CharacterOffsetBegin=619 CharacterOffsetEnd=621 PartOfSpeech=ADP Lemma=de NamedEntityTag=O]
[Text=- CharacterOffsetBegin=622 CharacterOffsetEnd=623 PartOfSpeech=PUNCT Lemma=- NamedEntityTag=O]
[Text=ninguna CharacterOffsetBegin=624 CharacterOffsetEnd=631 PartOfSpeech=DET Lemma=ninguna NamedEntityTag=O]
[Text=especie CharacterOffsetBegin=632 CharacterOffsetEnd=639 PartOfSpeech=NOUN Lemma=especie NamedEntityTag=O]
[Text=y CharacterOffsetBegin=640 CharacterOffsetEnd=641 PartOfSpeech=CCONJ Lemma=y NamedEntityTag=O]
[Text=además CharacterOffsetBegin=642 CharacterOffsetEnd=648 PartOfSpeech=ADV Lemma=además NamedEntityTag=O]
[Text=necesitaba CharacterOffsetBegin=649 CharacterOffsetEnd=659 PartOfSpeech=VERB Lemma=necesitaba NamedEntityTag=O]
[Text=el CharacterOffsetBegin=660 CharacterOffsetEnd=662 PartOfSpeech=DET Lemma=el NamedEntityTag=O]
[Text=dinero CharacterOffsetBegin=663 CharacterOffsetEnd=669 PartOfSpeech=NOUN Lemma=dinero NamedEntityTag=O]
[Text=para CharacterOffsetBegin=670 CharacterOffsetEnd=674 PartOfSpeech=ADP Lemma=para NamedEntityTag=O]
[Text=- CharacterOffsetBegin=675 CharacterOffsetEnd=676 PartOfSpeech=PUNCT Lemma=- NamedEntityTag=O]
[Text=sufragar CharacterOffsetBegin=677 CharacterOffsetEnd=685 PartOfSpeech=VERB Lemma=sufragar NamedEntityTag=O]
[Text=los CharacterOffsetBegin=686 CharacterOffsetEnd=689 PartOfSpeech=DET Lemma=los NamedEntityTag=O]
[Text=gastos CharacterOffsetBegin=690 CharacterOffsetEnd=696 PartOfSpeech=NOUN Lemma=gastos NamedEntityTag=O]
[Text=del CharacterOffsetBegin=697 CharacterOffsetEnd=700 PartOfSpeech=ADP Lemma=del NamedEntityTag=O]
[Text=aborto CharacterOffsetBegin=701 CharacterOffsetEnd=707 PartOfSpeech=NOUN Lemma=aborto NamedEntityTag=O]
[Text=que CharacterOffsetBegin=708 CharacterOffsetEnd=711 PartOfSpeech=PRON Lemma=que NamedEntityTag=O]
[Text=se CharacterOffsetBegin=712 CharacterOffsetEnd=714 PartOfSpeech=PRON Lemma=se NamedEntityTag=O]
[Text=provocó CharacterOffsetBegin=715 CharacterOffsetEnd=722 PartOfSpeech=VERB Lemma=provocó NamedEntityTag=O]
[Text=. CharacterOffsetBegin=722 CharacterOffsetEnd=723 PartOfSpeech=PUNCT Lemma=. NamedEntityTag=O]

Dependency Parse (enhanced plus plus dependencies):
root(ROOT-0, quiere-2)
advmod(quiere-2, Que-1)
aux(convenció-8, aclarar-3)
mark(convenció-8, que-4)
case(NORMA-6, a-5)
iobj(convenció-8, NORMA-6)
obj(convenció-8, la-7)
ccomp(quiere-2, convenció-8)
mark(ayudara-12, para-9)
mark(ayudara-12, que-10)
obj(ayudara-12, le-11)
advcl(convenció-8, ayudara-12)
case(narcotráfico-15, en-13)
det(narcotráfico-15, el-14)
obl(ayudara-12, narcotráfico-15)
mark(indicada-21, por-16)
aux(indicada-21, considerar-17)
mark(indicada-21, que-18)
cop(indicada-21, era-19)
det(indicada-21, la-20)
advcl(ayudara-12, indicada-21)
punct(preguntas-27, ,-22)
mark(preguntas-27, ya-23)
fixed(ya-23, que-24)
advmod(preguntas-27, no-25)
case(preguntas-27, hacia-26)
advcl(indicada-21, preguntas-27)
case(especie-31, de-28)
punct(especie-31, --29)
det(especie-31, ninguna-30)
nmod(preguntas-27, especie-31)
cc(necesitaba-34, y-32)
advmod(necesitaba-34, además-33)
advcl(indicada-21, necesitaba-34)
conj:y(preguntas-27, necesitaba-34)
det(dinero-36, el-35)
obj(necesitaba-34, dinero-36)
mark(sufragar-39, para-37)
punct(sufragar-39, --38)
advcl(necesitaba-34, sufragar-39)
det(gastos-41, los-40)
obj(sufragar-39, gastos-41)
case(aborto-43, del-42)
nmod(gastos-41, aborto-43)
nsubj(provocó-46, que-44)
obj(provocó-46, se-45)
acl(gastos-41, provocó-46)
punct(quiere-2, .-47)

Extracted the following NER entity mentions:

Sentence #3 (32 tokens):
Que
todas sus actividades las ha realizado con la inten-
ción de reunir los fondos necesarios para retornar
a su lugar de origen, que para ello puede y está -

Tokens:
[Text=Que CharacterOffsetBegin=724 CharacterOffsetEnd=727 PartOfSpeech=SCONJ Lemma=que NamedEntityTag=O]
[Text=todas CharacterOffsetBegin=728 CharacterOffsetEnd=733 PartOfSpeech=DET Lemma=todas NamedEntityTag=O]
[Text=sus CharacterOffsetBegin=734 CharacterOffsetEnd=737 PartOfSpeech=DET Lemma=sus NamedEntityTag=O]
[Text=actividades CharacterOffsetBegin=738 CharacterOffsetEnd=749 PartOfSpeech=NOUN Lemma=actividades NamedEntityTag=O]
[Text=las CharacterOffsetBegin=750 CharacterOffsetEnd=753 PartOfSpeech=PRON Lemma=las NamedEntityTag=O]
[Text=ha CharacterOffsetBegin=754 CharacterOffsetEnd=756 PartOfSpeech=AUX Lemma=ha NamedEntityTag=O]
[Text=realizado CharacterOffsetBegin=757 CharacterOffsetEnd=766 PartOfSpeech=VERB Lemma=realizado NamedEntityTag=O]
[Text=con CharacterOffsetBegin=767 CharacterOffsetEnd=770 PartOfSpeech=ADP Lemma=con NamedEntityTag=O]
[Text=la CharacterOffsetBegin=771 CharacterOffsetEnd=773 PartOfSpeech=DET Lemma=la NamedEntityTag=O]
[Text=inten CharacterOffsetBegin=774 CharacterOffsetEnd=779 PartOfSpeech=NOUN Lemma=inten NamedEntityTag=O]
[Text=- CharacterOffsetBegin=779 CharacterOffsetEnd=780 PartOfSpeech=PUNCT Lemma=- NamedEntityTag=O]
[Text=ción CharacterOffsetBegin=781 CharacterOffsetEnd=785 PartOfSpeech=NOUN Lemma=ción NamedEntityTag=O]
[Text=de CharacterOffsetBegin=786 CharacterOffsetEnd=788 PartOfSpeech=ADP Lemma=de NamedEntityTag=O]
[Text=reunir CharacterOffsetBegin=789 CharacterOffsetEnd=795 PartOfSpeech=VERB Lemma=reunir NamedEntityTag=O]
[Text=los CharacterOffsetBegin=796 CharacterOffsetEnd=799 PartOfSpeech=DET Lemma=los NamedEntityTag=O]
[Text=fondos CharacterOffsetBegin=800 CharacterOffsetEnd=806 PartOfSpeech=NOUN Lemma=fondos NamedEntityTag=O]
[Text=necesarios CharacterOffsetBegin=807 CharacterOffsetEnd=817 PartOfSpeech=ADJ Lemma=necesarios NamedEntityTag=O]
[Text=para CharacterOffsetBegin=818 CharacterOffsetEnd=822 PartOfSpeech=ADP Lemma=para NamedEntityTag=O]
[Text=retornar CharacterOffsetBegin=823 CharacterOffsetEnd=831 PartOfSpeech=VERB Lemma=retornar NamedEntityTag=O]
[Text=a CharacterOffsetBegin=832 CharacterOffsetEnd=833 PartOfSpeech=ADP Lemma=a NamedEntityTag=O]
[Text=su CharacterOffsetBegin=834 CharacterOffsetEnd=836 PartOfSpeech=DET Lemma=su NamedEntityTag=O]
[Text=lugar CharacterOffsetBegin=837 CharacterOffsetEnd=842 PartOfSpeech=NOUN Lemma=lugar NamedEntityTag=O]
[Text=de CharacterOffsetBegin=843 CharacterOffsetEnd=845 PartOfSpeech=ADP Lemma=de NamedEntityTag=O]
[Text=origen CharacterOffsetBegin=846 CharacterOffsetEnd=852 PartOfSpeech=NOUN Lemma=origen NamedEntityTag=O]
[Text=, CharacterOffsetBegin=852 CharacterOffsetEnd=853 PartOfSpeech=PUNCT Lemma=, NamedEntityTag=O]
[Text=que CharacterOffsetBegin=854 CharacterOffsetEnd=857 PartOfSpeech=PRON Lemma=que NamedEntityTag=O]
[Text=para CharacterOffsetBegin=858 CharacterOffsetEnd=862 PartOfSpeech=ADP Lemma=para NamedEntityTag=O]
[Text=ello CharacterOffsetBegin=863 CharacterOffsetEnd=867 PartOfSpeech=PRON Lemma=ello NamedEntityTag=O]
[Text=puede CharacterOffsetBegin=868 CharacterOffsetEnd=873 PartOfSpeech=AUX Lemma=puede NamedEntityTag=O]
[Text=y CharacterOffsetBegin=874 CharacterOffsetEnd=875 PartOfSpeech=CCONJ Lemma=y NamedEntityTag=O]
[Text=está CharacterOffsetBegin=876 CharacterOffsetEnd=880 PartOfSpeech=AUX Lemma=está NamedEntityTag=O]
[Text=- CharacterOffsetBegin=881 CharacterOffsetEnd=882 PartOfSpeech=PUNCT Lemma=- NamedEntityTag=O]

Dependency Parse (enhanced plus plus dependencies):
root(ROOT-0, realizado-7)
mark(realizado-7, Que-1)
det(sus-3, todas-2)
det(actividades-4, sus-3)
nsubj(realizado-7, actividades-4)
obj(realizado-7, las-5)
aux(realizado-7, ha-6)
case(inten-10, con-8)
det(inten-10, la-9)
obl(realizado-7, inten-10)
punct(ción-12, --11)
obj(realizado-7, ción-12)
mark(reunir-14, de-13)
acl(ción-12, reunir-14)
det(fondos-16, los-15)
obj(reunir-14, fondos-16)
amod(fondos-16, necesarios-17)
mark(retornar-19, para-18)
advcl(reunir-14, retornar-19)
case(lugar-22, a-20)
det(lugar-22, su-21)
obj(retornar-19, lugar-22)
case(origen-24, de-23)
nmod(lugar-22, origen-24)
punct(que-26, ,-25)
acl(lugar-22, que-26)
case(ello-28, para-27)
nmod(que-26, ello-28)
acl(ello-28, puede-29)
cc(está-31, y-30)
acl(ello-28, está-31)
conj:y(puede-29, está-31)
punct(puede-29, --32)

Extracted the following NER entity mentions:
