Document: ID=file_372.txt (3 sentences, 160 tokens)

Sentence #1 (64 tokens):
tó que en compañía de los individuos que cono
ce únicamente con los seudónimos de ISIDRO, -
ERNESTO, JUAN, MIGUEL FLORES y JOSE PAZ RO---
MAN, formaron parte de la "Vanguardia Armada-
Revolucionaria del Proletariado", misma que -
formaba parte del Partido de los Pobres, jefa
turado por el prof. Lucio Cabañas Barrientos.

Tokens:
[Text=tó CharacterOffsetBegin=0 CharacterOffsetEnd=2 PartOfSpeech=PRON Lemma=tó NamedEntityTag=O]
[Text=que CharacterOffsetBegin=3 CharacterOffsetEnd=6 PartOfSpeech=PRON Lemma=que NamedEntityTag=O]
[Text=en CharacterOffsetBegin=7 CharacterOffsetEnd=9 PartOfSpeech=ADP Lemma=en NamedEntityTag=O]
[Text=compañía CharacterOffsetBegin=10 CharacterOffsetEnd=18 PartOfSpeech=NOUN Lemma=compañía NamedEntityTag=O]
[Text=de CharacterOffsetBegin=19 CharacterOffsetEnd=21 PartOfSpeech=ADP Lemma=de NamedEntityTag=O]
[Text=los CharacterOffsetBegin=22 CharacterOffsetEnd=25 PartOfSpeech=DET Lemma=los NamedEntityTag=O]
[Text=individuos CharacterOffsetBegin=26 CharacterOffsetEnd=36 PartOfSpeech=NOUN Lemma=individuos NamedEntityTag=O]
[Text=que CharacterOffsetBegin=37 CharacterOffsetEnd=40 PartOfSpeech=PRON Lemma=que NamedEntityTag=O]
[Text=cono CharacterOffsetBegin=41 CharacterOffsetEnd=45 PartOfSpeech=NOUN Lemma=cono NamedEntityTag=O]
[Text=ce CharacterOffsetBegin=46 CharacterOffsetEnd=48 PartOfSpeech=VERB Lemma=ce NamedEntityTag=O]
[Text=únicamente CharacterOffsetBegin=49 CharacterOffsetEnd=59 PartOfSpeech=ADV Lemma=únicamente NamedEntityTag=O]
[Text=con CharacterOffsetBegin=60 CharacterOffsetEnd=63 PartOfSpeech=ADP Lemma=con NamedEntityTag=O]
[Text=los CharacterOffsetBegin=64 CharacterOffsetEnd=67 PartOfSpeech=DET Lemma=los NamedEntityTag=O]
[Text=seudónimos CharacterOffsetBegin=68 CharacterOffsetEnd=78 PartOfSpeech=NOUN Lemma=seudónimos NamedEntityTag=O]
[Text=de CharacterOffsetBegin=79 CharacterOffsetEnd=81 PartOfSpeech=ADP Lemma=de NamedEntityTag=O]
[Text=ISIDRO CharacterOffsetBegin=82 CharacterOffsetEnd=88 PartOfSpeech=PROPN Lemma=isidro NamedEntityTag=ORGANIZATION]
[Text=, CharacterOffsetBegin=88 CharacterOffsetEnd=89 PartOfSpeech=PUNCT Lemma=, NamedEntityTag=O]
[Text=- CharacterOffsetBegin=90 CharacterOffsetEnd=91 PartOfSpeech=PUNCT Lemma=- NamedEntityTag=O]
[Text=ERNESTO CharacterOffsetBegin=92 CharacterOffsetEnd=99 PartOfSpeech=PROPN Lemma=ernesto NamedEntityTag=O]
[Text=, CharacterOffsetBegin=99 CharacterOffsetEnd=100 PartOfSpeech=PUNCT Lemma=, NamedEntityTag=O]
[Text=JUAN CharacterOffsetBegin=101 CharacterOffsetEnd=105 PartOfSpeech=PROPN Lemma=juan NamedEntityTag=PERSON]
[Text=, CharacterOffsetBegin=105 CharacterOffsetEnd=106 PartOfSpeech=PUNCT Lemma=, NamedEntityTag=O]
[Text=MIGUEL CharacterOffsetBegin=107 CharacterOffsetEnd=113 PartOfSpeech=PROPN Lemma=miguel NamedEntityTag=PERSON]
[Text=FLORES CharacterOffsetBegin=114 CharacterOffsetEnd=120 PartOfSpeech=PROPN Lemma=flores NamedEntityTag=PERSON]
[Text=y CharacterOffsetBegin=121 CharacterOffsetEnd=122 PartOfSpeech=CCONJ Lemma=y NamedEntityTag=O]
[Text=JOSE CharacterOffsetBegin=123 CharacterOffsetEnd=127 PartOfSpeech=PROPN Lemma=jose NamedEntityTag=O]
[Text=PAZ CharacterOffsetBegin=128 CharacterOffsetEnd=131 PartOfSpeech=PROPN Lemma=paz NamedEntityTag=O]
[Text=RO CharacterOffsetBegin=132 CharacterOffsetEnd=134 PartOfSpeech=PROPN Lemma=ro NamedEntityTag=O]
[Text=--- CharacterOffsetBegin=134 CharacterOffsetEnd=137 PartOfSpeech=PROPN Lemma=--- NamedEntityTag=O]
[Text=MAN CharacterOffsetBegin=138 CharacterOffsetEnd=141 PartOfSpeech=PROPN Lemma=man NamedEntityTag=MISC]
[Text=, CharacterOffsetBegin=141 CharacterOffsetEnd=142 PartOfSpeech=PUNCT Lemma=, NamedEntityTag=O]
[Text=formaron CharacterOffsetBegin=143 CharacterOffsetEnd=151 PartOfSpeech=VERB Lemma=formaron NamedEntityTag=O]
[Text=parte CharacterOffsetBegin=152 CharacterOffsetEnd=157 PartOfSpeech=NOUN Lemma=parte NamedEntityTag=O]
[Text=de CharacterOffsetBegin=158 CharacterOffsetEnd=160 PartOfSpeech=ADP Lemma=de NamedEntityTag=O]
[Text=la CharacterOffsetBegin=161 CharacterOffsetEnd=163 PartOfSpeech=DET Lemma=la NamedEntityTag=O]
[Text=" CharacterOffsetBegin=164 CharacterOffsetEnd=165 PartOfSpeech=PUNCT Lemma=" NamedEntityTag=O]
[Text=Vanguardia CharacterOffsetBegin=165 CharacterOffsetEnd=175 PartOfSpeech=PROPN Lemma=vanguardia NamedEntityTag=MISC]
[Text=Armada CharacterOffsetBegin=176 CharacterOffsetEnd=182 PartOfSpeech=PROPN Lemma=armada NamedEntityTag=MISC]
[Text=- CharacterOffsetBegin=182 CharacterOffsetEnd=183 PartOfSpeech=PUNCT Lemma=- NamedEntityTag=MISC]
[Text=Revolucionaria CharacterOffsetBegin=184 CharacterOffsetEnd=198 PartOfSpeech=PROPN Lemma=revolucionaria NamedEntityTag=TITLE]
[Text=del CharacterOffsetBegin=199 CharacterOffsetEnd=202 PartOfSpeech=ADP Lemma=del NamedEntityTag=MISC]
[Text=Proletariado CharacterOffsetBegin=203 CharacterOffsetEnd=215 PartOfSpeech=PROPN Lemma=proletariado NamedEntityTag=MISC]
[Text=" CharacterOffsetBegin=215 CharacterOffsetEnd=216 PartOfSpeech=PUNCT Lemma=" NamedEntityTag=O]
[Text=, CharacterOffsetBegin=216 CharacterOffsetEnd=217 PartOfSpeech=PUNCT Lemma=, NamedEntityTag=O]
[Text=misma CharacterOffsetBegin=218 CharacterOffsetEnd=223 PartOfSpeech=DET Lemma=misma NamedEntityTag=O]
[Text=que CharacterOffsetBegin=224 CharacterOffsetEnd=227 PartOfSpeech=PRON Lemma=que NamedEntityTag=O]
[Text=- CharacterOffsetBegin=228 CharacterOffsetEnd=229 PartOfSpeech=PUNCT Lemma=- NamedEntityTag=O]
[Text=formaba CharacterOffsetBegin=230 CharacterOffsetEnd=237 PartOfSpeech=VERB Lemma=formaba NamedEntityTag=O]
[Text=parte CharacterOffsetBegin=238 CharacterOffsetEnd=243 PartOfSpeech=NOUN Lemma=parte NamedEntityTag=O]
[Text=del CharacterOffsetBegin=244 CharacterOffsetEnd=247 PartOfSpeech=ADP Lemma=del NamedEntityTag=O]
[Text=Partido CharacterOffsetBegin=248 CharacterOffsetEnd=255 PartOfSpeech=PROPN Lemma=partido NamedEntityTag=ORGANIZATION]
[Text=de CharacterOffsetBegin=256 CharacterOffsetEnd=258 PartOfSpeech=ADP Lemma=de NamedEntityTag=ORGANIZATION]
[Text=los CharacterOffsetBegin=259 CharacterOffsetEnd=262 PartOfSpeech=DET Lemma=los NamedEntityTag=ORGANIZATION]
[Text=Pobres CharacterOffsetBegin=263 CharacterOffsetEnd=269 PartOfSpeech=PROPN Lemma=pobres NamedEntityTag=ORGANIZATION]
[Text=, CharacterOffsetBegin=269 CharacterOffsetEnd=270 PartOfSpeech=PUNCT Lemma=, NamedEntityTag=O]
[Text=jefa CharacterOffsetBegin=271 CharacterOffsetEnd=275 PartOfSpeech=NOUN Lemma=jefa NamedEntityTag=O]
[Text=turado CharacterOffsetBegin=276 CharacterOffsetEnd=282 PartOfSpeech=ADJ Lemma=turado NamedEntityTag=O]
[Text=por CharacterOffsetBegin=283 CharacterOffsetEnd=286 PartOfSpeech=ADP Lemma=por NamedEntityTag=O]
[Text=el CharacterOffsetBegin=287 CharacterOffsetEnd=289 PartOfSpeech=DET Lemma=el NamedEntityTag=O]
[Text=prof. CharacterOffsetBegin=290 CharacterOffsetEnd=295 PartOfSpeech=PROPN Lemma=prof. NamedEntityTag=O]
[Text=Lucio CharacterOffsetBegin=296 CharacterOffsetEnd=301 PartOfSpeech=PROPN Lemma=lucio NamedEntityTag=PERSON]
[Text=Cabañas CharacterOffsetBegin=302 CharacterOffsetEnd=309 PartOfSpeech=PROPN Lemma=cabañas NamedEntityTag=PERSON]
[Text=Barrientos CharacterOffsetBegin=310 CharacterOffsetEnd=320 PartOfSpeech=PROPN Lemma=barrientos NamedEntityTag=PERSON]
[Text=. CharacterOffsetBegin=320 CharacterOffsetEnd=321 PartOfSpeech=PUNCT Lemma=. NamedEntityTag=O]

Dependency Parse (enhanced plus plus dependencies):
root(ROOT-0, formaron-32)
nsubj(formaron-32, tó-1)
mark(individuos-7, que-2)
case(individuos-7, en-3)
fixed(en-3, compañía-4)
fixed(en-3, de-5)
det(individuos-7, los-6)
obl(formaron-32, individuos-7)
obl(formaron-32, individuos-7)
obj(ce-10, que-8)
nsubj(ce-10, cono-9)
acl(individuos-7, ce-10)
advmod(ce-10, únicamente-11)
case(seudónimos-14, con-12)
det(seudónimos-14, los-13)
obl(ce-10, seudónimos-14)
case(ISIDRO-16, de-15)
nmod(seudónimos-14, ISIDRO-16)
punct(individuos-7, ,-17)
punct(ERNESTO-19, --18)
nsubj(formaron-32, ERNESTO-19)
punct(JUAN-21, ,-20)
conj(ERNESTO-19, JUAN-21)
punct(MIGUEL-23, ,-22)
conj(ERNESTO-19, MIGUEL-23)
flat(MIGUEL-23, FLORES-24)
cc(JOSE-26, y-25)
conj:y(ERNESTO-19, JOSE-26)
nsubj(formaron-32, JOSE-26)
flat(JOSE-26, PAZ-27)
flat(JOSE-26, RO-28)
flat(JOSE-26, ----29)
flat(JOSE-26, MAN-30)
punct(ERNESTO-19, ,-31)
compound(formaron-32, parte-33)
case(Vanguardia-37, de-34)
det(Vanguardia-37, la-35)
punct(Vanguardia-37, "-36)
obj(formaron-32, Vanguardia-37)
flat(Vanguardia-37, Armada-38)
punct(Revolucionaria-40, --39)
flat(Vanguardia-37, Revolucionaria-40)
case(Proletariado-42, del-41)
flat(Revolucionaria-40, Proletariado-42)
punct(Revolucionaria-40, "-43)
punct(misma-45, ,-44)
appos(Vanguardia-37, misma-45)
nsubj(misma-45, que-46)
punct(formaba-48, --47)
acl(que-46, formaba-48)
compound(formaba-48, parte-49)
case(Partido-51, del-50)
obj(formaba-48, Partido-51)
case(Pobres-54, de-52)
det(Pobres-54, los-53)
flat(Partido-51, Pobres-54)
punct(jefa-56, ,-55)
obj(formaba-48, jefa-56)
amod(jefa-56, turado-57)
case(prof.-60, por-58)
det(prof.-60, el-59)
obj(turado-57, prof.-60)
flat(prof.-60, Lucio-61)
flat(prof.-60, Cabañas-62)
flat(prof.-60, Barrientos-63)
punct(formaron-32, .-64)

Extracted the following NER entity mentions:
ISIDRO	ORGANIZATION	ORGANIZATION:0.5000354133206519
JUAN	PERSON	PERSON:0.891746692573693
MIGUEL FLORES	PERSON	PERSON:0.9755845646330474
MAN	MISC	MISC:0.5137411021521245
Vanguardia Armada-	MISC	MISC:0.9707871495102162
Revolucionaria	TITLE	MISC:0.9726450385003563
del Proletariado	MISC	MISC:0.9664836011307956
Partido de los Pobres	ORGANIZATION	ORGANIZATION:0.9918147043225677
Lucio Cabañas Barrientos	PERSON	PERSON:0.7899647424038908

Sentence #2 (83 tokens):
Asimismo confesó que en compañía de los antes
mencionados participó en los siguientes asal-
tos:---El 12 de febrero de 1977 asaltaron al-
taxista ELISEO ORTEGA FERNANDEZ, a quien le -
robaron el automóvil Datsun, con placas de --
circulación 17-XEK, correspondiente al Sitio-
*Estrella de Jalapa", mismo que utilizaron --
para asaltar en la misma fecha la negociación
"Cales de Banderilla", en Banderilla, Ver.

Tokens:
[Text=Asimismo CharacterOffsetBegin=322 CharacterOffsetEnd=330 PartOfSpeech=ADV Lemma=asimismo NamedEntityTag=O]
[Text=confesó CharacterOffsetBegin=331 CharacterOffsetEnd=338 PartOfSpeech=VERB Lemma=confesó NamedEntityTag=O]
[Text=que CharacterOffsetBegin=339 CharacterOffsetEnd=342 PartOfSpeech=SCONJ Lemma=que NamedEntityTag=O]
[Text=en CharacterOffsetBegin=343 CharacterOffsetEnd=345 PartOfSpeech=ADP Lemma=en NamedEntityTag=O]
[Text=compañía CharacterOffsetBegin=346 CharacterOffsetEnd=354 PartOfSpeech=NOUN Lemma=compañía NamedEntityTag=O]
[Text=de CharacterOffsetBegin=355 CharacterOffsetEnd=357 PartOfSpeech=ADP Lemma=de NamedEntityTag=O]
[Text=los CharacterOffsetBegin=358 CharacterOffsetEnd=361 PartOfSpeech=DET Lemma=los NamedEntityTag=O]
[Text=antes CharacterOffsetBegin=362 CharacterOffsetEnd=367 PartOfSpeech=ADV Lemma=antes NamedEntityTag=O]
[Text=mencionados CharacterOffsetBegin=368 CharacterOffsetEnd=379 PartOfSpeech=ADJ Lemma=mencionados NamedEntityTag=O]
[Text=participó CharacterOffsetBegin=380 CharacterOffsetEnd=389 PartOfSpeech=VERB Lemma=participó NamedEntityTag=O]
[Text=en CharacterOffsetBegin=390 CharacterOffsetEnd=392 PartOfSpeech=ADP Lemma=en NamedEntityTag=O]
[Text=los CharacterOffsetBegin=393 CharacterOffsetEnd=396 PartOfSpeech=DET Lemma=los NamedEntityTag=O]
[Text=siguientes CharacterOffsetBegin=397 CharacterOffsetEnd=407 PartOfSpeech=ADJ Lemma=siguientes NamedEntityTag=O]
[Text=asal CharacterOffsetBegin=408 CharacterOffsetEnd=412 PartOfSpeech=NOUN Lemma=asal NamedEntityTag=O]
[Text=- CharacterOffsetBegin=412 CharacterOffsetEnd=413 PartOfSpeech=PUNCT Lemma=- NamedEntityTag=O]
[Text=tos CharacterOffsetBegin=414 CharacterOffsetEnd=417 PartOfSpeech=NOUN Lemma=tos NamedEntityTag=O]
[Text=: CharacterOffsetBegin=417 CharacterOffsetEnd=418 PartOfSpeech=PUNCT Lemma=: NamedEntityTag=O]
[Text=--- CharacterOffsetBegin=418 CharacterOffsetEnd=421 PartOfSpeech=SYM Lemma=--- NamedEntityTag=O]
[Text=El CharacterOffsetBegin=421 CharacterOffsetEnd=423 PartOfSpeech=DET Lemma=el NamedEntityTag=O]
[Text=12 CharacterOffsetBegin=424 CharacterOffsetEnd=426 PartOfSpeech=NUM Lemma=12 NamedEntityTag=DATE NormalizedNamedEntityTag=1977-02-12 Timex=<TIMEX3 tid="t1" type="DATE" value="1977-02-12">12 de febrero de 1977</TIMEX3>]
[Text=de CharacterOffsetBegin=427 CharacterOffsetEnd=429 PartOfSpeech=ADP Lemma=de NamedEntityTag=DATE NormalizedNamedEntityTag=1977-02-12 Timex=<TIMEX3 tid="t1" type="DATE" value="1977-02-12">12 de febrero de 1977</TIMEX3>]
[Text=febrero CharacterOffsetBegin=430 CharacterOffsetEnd=437 PartOfSpeech=NOUN Lemma=febrero NamedEntityTag=DATE NormalizedNamedEntityTag=1977-02-12 Timex=<TIMEX3 tid="t1" type="DATE" value="1977-02-12">12 de febrero de 1977</TIMEX3>]
[Text=de CharacterOffsetBegin=438 CharacterOffsetEnd=440 PartOfSpeech=ADP Lemma=de NamedEntityTag=DATE NormalizedNamedEntityTag=1977-02-12 Timex=<TIMEX3 tid="t1" type="DATE" value="1977-02-12">12 de febrero de 1977</TIMEX3>]
[Text=1977 CharacterOffsetBegin=441 CharacterOffsetEnd=445 PartOfSpeech=NOUN Lemma=1977 NamedEntityTag=DATE NormalizedNamedEntityTag=1977-02-12 Timex=<TIMEX3 tid="t1" type="DATE" value="1977-02-12">12 de febrero de 1977</TIMEX3>]
[Text=asaltaron CharacterOffsetBegin=446 CharacterOffsetEnd=455 PartOfSpeech=VERB Lemma=asaltaron NamedEntityTag=O]
[Text=al CharacterOffsetBegin=456 CharacterOffsetEnd=458 PartOfSpeech=ADP Lemma=al NamedEntityTag=O]
[Text=- CharacterOffsetBegin=458 CharacterOffsetEnd=459 PartOfSpeech=PUNCT Lemma=- NamedEntityTag=O]
[Text=taxista CharacterOffsetBegin=460 CharacterOffsetEnd=467 PartOfSpeech=NOUN Lemma=taxista NamedEntityTag=O]
[Text=ELISEO CharacterOffsetBegin=468 CharacterOffsetEnd=474 PartOfSpeech=PROPN Lemma=eliseo NamedEntityTag=PERSON]
[Text=ORTEGA CharacterOffsetBegin=475 CharacterOffsetEnd=481 PartOfSpeech=PROPN Lemma=ortega NamedEntityTag=PERSON]
[Text=FERNANDEZ CharacterOffsetBegin=482 CharacterOffsetEnd=491 PartOfSpeech=PROPN Lemma=fernandez NamedEntityTag=PERSON]
[Text=, CharacterOffsetBegin=491 CharacterOffsetEnd=492 PartOfSpeech=PUNCT Lemma=, NamedEntityTag=O]
[Text=a CharacterOffsetBegin=493 CharacterOffsetEnd=494 PartOfSpeech=ADP Lemma=a NamedEntityTag=O]
[Text=quien CharacterOffsetBegin=495 CharacterOffsetEnd=500 PartOfSpeech=PRON Lemma=quien NamedEntityTag=O]
[Text=le CharacterOffsetBegin=501 CharacterOffsetEnd=503 PartOfSpeech=PRON Lemma=le NamedEntityTag=O]
[Text=- CharacterOffsetBegin=504 CharacterOffsetEnd=505 PartOfSpeech=PUNCT Lemma=- NamedEntityTag=O]
[Text=robaron CharacterOffsetBegin=506 CharacterOffsetEnd=513 PartOfSpeech=VERB Lemma=robaron NamedEntityTag=O]
[Text=el CharacterOffsetBegin=514 CharacterOffsetEnd=516 PartOfSpeech=DET Lemma=el NamedEntityTag=O]
[Text=automóvil CharacterOffsetBegin=517 CharacterOffsetEnd=526 PartOfSpeech=NOUN Lemma=automóvil NamedEntityTag=TITLE]
[Text=Datsun CharacterOffsetBegin=527 CharacterOffsetEnd=533 PartOfSpeech=PROPN Lemma=datsun NamedEntityTag=ORGANIZATION]
[Text=, CharacterOffsetBegin=533 CharacterOffsetEnd=534 PartOfSpeech=PUNCT Lemma=, NamedEntityTag=O]
[Text=con CharacterOffsetBegin=535 CharacterOffsetEnd=538 PartOfSpeech=ADP Lemma=con NamedEntityTag=O]
[Text=placas CharacterOffsetBegin=539 CharacterOffsetEnd=545 PartOfSpeech=NOUN Lemma=placas NamedEntityTag=O]
[Text=de CharacterOffsetBegin=546 CharacterOffsetEnd=548 PartOfSpeech=ADP Lemma=de NamedEntityTag=O]
[Text=-- CharacterOffsetBegin=549 CharacterOffsetEnd=551 PartOfSpeech=NUM Lemma=-- NamedEntityTag=O]
[Text=circulación CharacterOffsetBegin=552 CharacterOffsetEnd=563 PartOfSpeech=NOUN Lemma=circulación NamedEntityTag=O]
[Text=17 CharacterOffsetBegin=564 CharacterOffsetEnd=566 PartOfSpeech=NUM Lemma=17 NamedEntityTag=O]
[Text=- CharacterOffsetBegin=566 CharacterOffsetEnd=567 PartOfSpeech=PUNCT Lemma=- NamedEntityTag=O]
[Text=XEK CharacterOffsetBegin=567 CharacterOffsetEnd=570 PartOfSpeech=NOUN Lemma=xek NamedEntityTag=O]
[Text=, CharacterOffsetBegin=570 CharacterOffsetEnd=571 PartOfSpeech=PUNCT Lemma=, NamedEntityTag=O]
[Text=correspondiente CharacterOffsetBegin=572 CharacterOffsetEnd=587 PartOfSpeech=ADJ Lemma=correspondiente NamedEntityTag=O]
[Text=al CharacterOffsetBegin=588 CharacterOffsetEnd=590 PartOfSpeech=ADP Lemma=al NamedEntityTag=O]
[Text=Sitio CharacterOffsetBegin=591 CharacterOffsetEnd=596 PartOfSpeech=PROPN Lemma=sitio NamedEntityTag=O]
[Text=- CharacterOffsetBegin=596 CharacterOffsetEnd=597 PartOfSpeech=PUNCT Lemma=- NamedEntityTag=O]
[Text=* CharacterOffsetBegin=598 CharacterOffsetEnd=599 PartOfSpeech=SYM Lemma=* NamedEntityTag=O]
[Text=Estrella CharacterOffsetBegin=599 CharacterOffsetEnd=607 PartOfSpeech=PROPN Lemma=estrella NamedEntityTag=MISC]
[Text=de CharacterOffsetBegin=608 CharacterOffsetEnd=610 PartOfSpeech=ADP Lemma=de NamedEntityTag=MISC]
[Text=Jalapa CharacterOffsetBegin=611 CharacterOffsetEnd=617 PartOfSpeech=PROPN Lemma=jalapa NamedEntityTag=MISC]
[Text=" CharacterOffsetBegin=617 CharacterOffsetEnd=618 PartOfSpeech=PUNCT Lemma=" NamedEntityTag=O]
[Text=, CharacterOffsetBegin=618 CharacterOffsetEnd=619 PartOfSpeech=PUNCT Lemma=, NamedEntityTag=O]
[Text=mismo CharacterOffsetBegin=620 CharacterOffsetEnd=625 PartOfSpeech=DET Lemma=mismo NamedEntityTag=O]
[Text=que CharacterOffsetBegin=626 CharacterOffsetEnd=629 PartOfSpeech=PRON Lemma=que NamedEntityTag=O]
[Text=utilizaron CharacterOffsetBegin=630 CharacterOffsetEnd=640 PartOfSpeech=VERB Lemma=utilizaron NamedEntityTag=O]
[Text=-- CharacterOffsetBegin=641 CharacterOffsetEnd=643 PartOfSpeech=NUM Lemma=-- NamedEntityTag=O]
[Text=para CharacterOffsetBegin=644 CharacterOffsetEnd=648 PartOfSpeech=ADP Lemma=para NamedEntityTag=O]
[Text=asaltar CharacterOffsetBegin=649 CharacterOffsetEnd=656 PartOfSpeech=VERB Lemma=asaltar NamedEntityTag=O]
[Text=en CharacterOffsetBegin=657 CharacterOffsetEnd=659 PartOfSpeech=ADP Lemma=en NamedEntityTag=O]
[Text=la CharacterOffsetBegin=660 CharacterOffsetEnd=662 PartOfSpeech=DET Lemma=la NamedEntityTag=O]
[Text=misma CharacterOffsetBegin=663 CharacterOffsetEnd=668 PartOfSpeech=DET Lemma=misma NamedEntityTag=O]
[Text=fecha CharacterOffsetBegin=669 CharacterOffsetEnd=674 PartOfSpeech=NOUN Lemma=fecha NamedEntityTag=O]
[Text=la CharacterOffsetBegin=675 CharacterOffsetEnd=677 PartOfSpeech=DET Lemma=la NamedEntityTag=O]
[Text=negociación CharacterOffsetBegin=678 CharacterOffsetEnd=689 PartOfSpeech=NOUN Lemma=negociación NamedEntityTag=O]
[Text=" CharacterOffsetBegin=690 CharacterOffsetEnd=691 PartOfSpeech=PUNCT Lemma=" NamedEntityTag=O]
[Text=Cales CharacterOffsetBegin=691 CharacterOffsetEnd=696 PartOfSpeech=PROPN Lemma=cales NamedEntityTag=PERSON]
[Text=de CharacterOffsetBegin=697 CharacterOffsetEnd=699 PartOfSpeech=ADP Lemma=de NamedEntityTag=PERSON]
[Text=Banderilla CharacterOffsetBegin=700 CharacterOffsetEnd=710 PartOfSpeech=PROPN Lemma=banderilla NamedEntityTag=PERSON]
[Text=" CharacterOffsetBegin=710 CharacterOffsetEnd=711 PartOfSpeech=PUNCT Lemma=" NamedEntityTag=O]
[Text=, CharacterOffsetBegin=711 CharacterOffsetEnd=712 PartOfSpeech=PUNCT Lemma=, NamedEntityTag=O]
[Text=en CharacterOffsetBegin=713 CharacterOffsetEnd=715 PartOfSpeech=ADP Lemma=en NamedEntityTag=O]
[Text=Banderilla CharacterOffsetBegin=716 CharacterOffsetEnd=726 PartOfSpeech=PROPN Lemma=banderilla NamedEntityTag=CITY]
[Text=, CharacterOffsetBegin=726 CharacterOffsetEnd=727 PartOfSpeech=PUNCT Lemma=, NamedEntityTag=O]
[Text=Ver CharacterOffsetBegin=728 CharacterOffsetEnd=731 PartOfSpeech=VERB Lemma=ver NamedEntityTag=O]
[Text=. CharacterOffsetBegin=731 CharacterOffsetEnd=732 PartOfSpeech=PUNCT Lemma=. NamedEntityTag=O]

Dependency Parse (enhanced plus plus dependencies):
root(ROOT-0, confesó-2)
advmod(confesó-2, Asimismo-1)
mark(participó-10, que-3)
case(compañía-5, en-4)
obl(participó-10, compañía-5)
case(mencionados-9, de-6)
det(mencionados-9, los-7)
advmod(mencionados-9, antes-8)
amod(compañía-5, mencionados-9)
ccomp(confesó-2, participó-10)
case(asal-14, en-11)
det(asal-14, los-12)
amod(asal-14, siguientes-13)
obj(participó-10, asal-14)
punct(tos-16, --15)
appos(asal-14, tos-16)
punct(----18, :-17)
appos(tos-16, ----18)
det(12-20, El-19)
obl(asaltaron-25, 12-20)
case(febrero-22, de-21)
compound(12-20, febrero-22)
case(1977-24, de-23)
compound(12-20, 1977-24)
acl(----18, asaltaron-25)
case(taxista-28, al-26)
punct(taxista-28, --27)
obj(asaltaron-25, taxista-28)
appos(taxista-28, ELISEO-29)
flat(ELISEO-29, ORTEGA-30)
flat(ELISEO-29, FERNANDEZ-31)
punct(robaron-37, ,-32)
case(quien-34, a-33)
obj(robaron-37, quien-34)
obj(robaron-37, le-35)
punct(robaron-37, --36)
acl(taxista-28, robaron-37)
det(automóvil-39, el-38)
nsubj(robaron-37, automóvil-39)
appos(automóvil-39, Datsun-40)
punct(robaron-37, ,-41)
case(placas-43, con-42)
obl(asaltaron-25, placas-43)
case(circulación-46, de-44)
nummod(circulación-46, ---45)
nmod(placas-43, circulación-46)
nummod(placas-43, 17-47)
punct(XEK-49, --48)
appos(placas-43, XEK-49)
punct(correspondiente-51, ,-50)
amod(XEK-49, correspondiente-51)
case(Sitio-53, al-52)
nmod(correspondiente-51, Sitio-53)
punct(XEK-49, --54)
nmod(Estrella-56, *-55)
nmod(placas-43, Estrella-56)
case(Jalapa-58, de-57)
flat(Estrella-56, Jalapa-58)
punct(asaltaron-25, "-59)
punct(mismo-61, ,-60)
advmod(asaltaron-25, mismo-61)
nsubj(utilizaron-63, que-62)
acl(mismo-61, utilizaron-63)
obj(utilizaron-63, ---64)
mark(asaltar-66, para-65)
advcl(utilizaron-63, asaltar-66)
case(fecha-70, en-67)
det(fecha-70, la-68)
det(la-68, misma-69)
obl(asaltar-66, fecha-70)
det(negociación-72, la-71)
obj(asaltar-66, negociación-72)
punct(Cales-74, "-73)
appos(negociación-72, Cales-74)
case(Banderilla-76, de-75)
flat(Cales-74, Banderilla-76)
punct(Cales-74, "-77)
punct(Banderilla-80, ,-78)
case(Banderilla-80, en-79)
nmod(----18, Banderilla-80)
punct(Banderilla-80, ,-81)
acl(tos-16, Ver-82)
punct(confesó-2, .-83)

Extracted the following NER entity mentions:
12 de febrero de 1977	DATE	DATE:-1.0
ELISEO ORTEGA FERNANDEZ	PERSON	PERSON:0.9782728786013537
automóvil	TITLE	-
Datsun	ORGANIZATION	ORGANIZATION:0.8079779025503335
Estrella de Jalapa	MISC	MISC:0.6915551363621804
Cales de Banderilla	PERSON	PERSON:0.6361398587958644
Banderilla	CITY	LOCATION:0.9922896526807923

Sentence #3 (13 tokens):
, -
obteniendo un botín de $30, 000.00 en efecti--

Tokens:
[Text=, CharacterOffsetBegin=732 CharacterOffsetEnd=733 PartOfSpeech=PUNCT Lemma=, NamedEntityTag=O]
[Text=- CharacterOffsetBegin=734 CharacterOffsetEnd=735 PartOfSpeech=PUNCT Lemma=- NamedEntityTag=O]
[Text=obteniendo CharacterOffsetBegin=736 CharacterOffsetEnd=746 PartOfSpeech=VERB Lemma=obteniendo NamedEntityTag=O]
[Text=un CharacterOffsetBegin=747 CharacterOffsetEnd=749 PartOfSpeech=DET Lemma=un NamedEntityTag=O]
[Text=botín CharacterOffsetBegin=750 CharacterOffsetEnd=755 PartOfSpeech=NOUN Lemma=botín NamedEntityTag=O]
[Text=de CharacterOffsetBegin=756 CharacterOffsetEnd=758 PartOfSpeech=ADP Lemma=de NamedEntityTag=O]
[Text=$ CharacterOffsetBegin=759 CharacterOffsetEnd=760 PartOfSpeech=PROPN Lemma=$ NamedEntityTag=MONEY NormalizedNamedEntityTag=$30.0]
[Text=30 CharacterOffsetBegin=760 CharacterOffsetEnd=762 PartOfSpeech=NUM Lemma=30 NamedEntityTag=MONEY NormalizedNamedEntityTag=$30.0]
[Text=, CharacterOffsetBegin=762 CharacterOffsetEnd=763 PartOfSpeech=PUNCT Lemma=, NamedEntityTag=O]
[Text=000.00 CharacterOffsetBegin=764 CharacterOffsetEnd=770 PartOfSpeech=NUM Lemma=000.00 NamedEntityTag=NUMBER NormalizedNamedEntityTag=0.0]
[Text=en CharacterOffsetBegin=771 CharacterOffsetEnd=773 PartOfSpeech=ADP Lemma=en NamedEntityTag=O]
[Text=efecti CharacterOffsetBegin=774 CharacterOffsetEnd=780 PartOfSpeech=NOUN Lemma=efecti NamedEntityTag=O]
[Text=-- CharacterOffsetBegin=780 CharacterOffsetEnd=782 PartOfSpeech=NUM Lemma=-- NamedEntityTag=O]

Dependency Parse (enhanced plus plus dependencies):
root(ROOT-0, 000.00-10)
punct(obteniendo-3, ,-1)
punct(obteniendo-3, --2)
ccomp(000.00-10, obteniendo-3)
det(botín-5, un-4)
obj(obteniendo-3, botín-5)
case($-7, de-6)
nmod(botín-5, $-7)
nummod($-7, 30-8)
punct(obteniendo-3, ,-9)
case(efecti-12, en-11)
compound(000.00-10, efecti-12)
compound(000.00-10, ---13)

Extracted the following NER entity mentions:
$30	MONEY	MONEY:-1.0
000.00	NUMBER	NUMBER:-1.0
