Document: ID=file_213.txt (3 sentences, 156 tokens)

Sentence #1 (21 tokens):
donde pudieran tener cabida los alumnos más
necesitados y el día de mañana surgieran bue
nos profesionistas en beneficio delPaís.

Tokens:
[Text=donde CharacterOffsetBegin=0 CharacterOffsetEnd=5 PartOfSpeech=PRON Lemma=donde NamedEntityTag=O]
[Text=pudieran CharacterOffsetBegin=6 CharacterOffsetEnd=14 PartOfSpeech=AUX Lemma=pudieran NamedEntityTag=O]
[Text=tener CharacterOffsetBegin=15 CharacterOffsetEnd=20 PartOfSpeech=VERB Lemma=tener NamedEntityTag=O]
[Text=cabida CharacterOffsetBegin=21 CharacterOffsetEnd=27 PartOfSpeech=NOUN Lemma=cabida NamedEntityTag=O]
[Text=los CharacterOffsetBegin=28 CharacterOffsetEnd=31 PartOfSpeech=DET Lemma=los NamedEntityTag=O]
[Text=alumnos CharacterOffsetBegin=32 CharacterOffsetEnd=39 PartOfSpeech=NOUN Lemma=alumnos NamedEntityTag=O]
[Text=más CharacterOffsetBegin=40 CharacterOffsetEnd=43 PartOfSpeech=ADV Lemma=más NamedEntityTag=O]
[Text=necesitados CharacterOffsetBegin=44 CharacterOffsetEnd=55 PartOfSpeech=ADJ Lemma=necesitados NamedEntityTag=O]
[Text=y CharacterOffsetBegin=56 CharacterOffsetEnd=57 PartOfSpeech=CCONJ Lemma=y NamedEntityTag=O]
[Text=el CharacterOffsetBegin=58 CharacterOffsetEnd=60 PartOfSpeech=DET Lemma=el NamedEntityTag=O]
[Text=día CharacterOffsetBegin=61 CharacterOffsetEnd=64 PartOfSpeech=NOUN Lemma=día NamedEntityTag=O]
[Text=de CharacterOffsetBegin=65 CharacterOffsetEnd=67 PartOfSpeech=ADP Lemma=de NamedEntityTag=O]
[Text=mañana CharacterOffsetBegin=68 CharacterOffsetEnd=74 PartOfSpeech=ADV Lemma=mañana NamedEntityTag=DATE NormalizedNamedEntityTag=OFFSET P1D Timex=<TIMEX3 alt_value="OFFSET P1D" anchorTimeID="t0" temporalFunction="true" tid="t1" type="DATE" valueFromFunction="tf0">maￃﾱana</TIMEX3>]
[Text=surgieran CharacterOffsetBegin=75 CharacterOffsetEnd=84 PartOfSpeech=VERB Lemma=surgieran NamedEntityTag=O]
[Text=bue CharacterOffsetBegin=85 CharacterOffsetEnd=88 PartOfSpeech=NOUN Lemma=bue NamedEntityTag=O]
[Text=nos CharacterOffsetBegin=89 CharacterOffsetEnd=92 PartOfSpeech=PRON Lemma=nos NamedEntityTag=O]
[Text=profesionistas CharacterOffsetBegin=93 CharacterOffsetEnd=107 PartOfSpeech=VERB Lemma=profesionista NamedEntityTag=O]
[Text=en CharacterOffsetBegin=108 CharacterOffsetEnd=110 PartOfSpeech=ADP Lemma=en NamedEntityTag=O]
[Text=beneficio CharacterOffsetBegin=111 CharacterOffsetEnd=120 PartOfSpeech=NOUN Lemma=beneficio NamedEntityTag=O]
[Text=delPaís CharacterOffsetBegin=121 CharacterOffsetEnd=128 PartOfSpeech=PROPN Lemma=delpaís NamedEntityTag=O]
[Text=. CharacterOffsetBegin=128 CharacterOffsetEnd=129 PartOfSpeech=PUNCT Lemma=. NamedEntityTag=O]

Dependency Parse (enhanced plus plus dependencies):
root(ROOT-0, surgieran-14)
obl(tener-3, donde-1)
aux(tener-3, pudieran-2)
advcl(surgieran-14, tener-3)
obj(tener-3, cabida-4)
det(alumnos-6, los-5)
nsubj(surgieran-14, alumnos-6)
advmod(necesitados-8, más-7)
amod(alumnos-6, necesitados-8)
cc(día-11, y-9)
det(día-11, el-10)
conj:y(alumnos-6, día-11)
nsubj(surgieran-14, día-11)
case(mañana-13, de-12)
advmod(día-11, mañana-13)
nsubj(profesionistas-17, bue-15)
obj(profesionistas-17, nos-16)
advcl(surgieran-14, profesionistas-17)
case(beneficio-19, en-18)
obl(profesionistas-17, beneficio-19)
appos(beneficio-19, delPaís-20)
punct(surgieran-14, .-21)

Extracted the following NER entity mentions:
mañana	DATE	DATE:-1.0

Sentence #2 (75 tokens):
Un -
alumno no identificado, le pidió ayuda econó
mica para la U.A.G.,al Gobernador, respon---
diendo éste, que como la comisión no estaba-
integrada por alumnos de la Universidad Autó
noma de Guerrero, salvo uno o dos, no podía -
atenderlos, invitándolos a que formaran una-
comisión con estudiantes de la U.A.G.,para -
así llegar a un acuerdo definitivo.

Tokens:
[Text=Un CharacterOffsetBegin=129 CharacterOffsetEnd=131 PartOfSpeech=DET Lemma=un NamedEntityTag=O]
[Text=- CharacterOffsetBegin=132 CharacterOffsetEnd=133 PartOfSpeech=PUNCT Lemma=- NamedEntityTag=O]
[Text=alumno CharacterOffsetBegin=134 CharacterOffsetEnd=140 PartOfSpeech=NOUN Lemma=alumno NamedEntityTag=O]
[Text=no CharacterOffsetBegin=141 CharacterOffsetEnd=143 PartOfSpeech=ADV Lemma=no NamedEntityTag=O]
[Text=identificado CharacterOffsetBegin=144 CharacterOffsetEnd=156 PartOfSpeech=ADJ Lemma=identificado NamedEntityTag=O]
[Text=, CharacterOffsetBegin=156 CharacterOffsetEnd=157 PartOfSpeech=PUNCT Lemma=, NamedEntityTag=O]
[Text=le CharacterOffsetBegin=158 CharacterOffsetEnd=160 PartOfSpeech=PRON Lemma=le NamedEntityTag=O]
[Text=pidió CharacterOffsetBegin=161 CharacterOffsetEnd=166 PartOfSpeech=VERB Lemma=pidió NamedEntityTag=O]
[Text=ayuda CharacterOffsetBegin=167 CharacterOffsetEnd=172 PartOfSpeech=NOUN Lemma=ayuda NamedEntityTag=O]
[Text=econó CharacterOffsetBegin=173 CharacterOffsetEnd=178 PartOfSpeech=ADJ Lemma=econó NamedEntityTag=O]
[Text=mica CharacterOffsetBegin=179 CharacterOffsetEnd=183 PartOfSpeech=ADJ Lemma=mica NamedEntityTag=O]
[Text=para CharacterOffsetBegin=184 CharacterOffsetEnd=188 PartOfSpeech=ADP Lemma=para NamedEntityTag=O]
[Text=la CharacterOffsetBegin=189 CharacterOffsetEnd=191 PartOfSpeech=DET Lemma=la NamedEntityTag=O]
[Text=U.A.G. CharacterOffsetBegin=192 CharacterOffsetEnd=198 PartOfSpeech=PROPN Lemma=u.a.g. NamedEntityTag=O]
[Text=, CharacterOffsetBegin=198 CharacterOffsetEnd=199 PartOfSpeech=PUNCT Lemma=, NamedEntityTag=O]
[Text=al CharacterOffsetBegin=199 CharacterOffsetEnd=201 PartOfSpeech=ADP Lemma=al NamedEntityTag=O]
[Text=Gobernador CharacterOffsetBegin=202 CharacterOffsetEnd=212 PartOfSpeech=PROPN Lemma=gobernador NamedEntityTag=ORGANIZATION]
[Text=, CharacterOffsetBegin=212 CharacterOffsetEnd=213 PartOfSpeech=PUNCT Lemma=, NamedEntityTag=O]
[Text=respon CharacterOffsetBegin=214 CharacterOffsetEnd=220 PartOfSpeech=NOUN Lemma=respon NamedEntityTag=O]
[Text=--- CharacterOffsetBegin=220 CharacterOffsetEnd=223 PartOfSpeech=NUM Lemma=--- NamedEntityTag=O]
[Text=diendo CharacterOffsetBegin=224 CharacterOffsetEnd=230 PartOfSpeech=VERB Lemma=diendo NamedEntityTag=O]
[Text=éste CharacterOffsetBegin=231 CharacterOffsetEnd=235 PartOfSpeech=PRON Lemma=éste NamedEntityTag=O]
[Text=, CharacterOffsetBegin=235 CharacterOffsetEnd=236 PartOfSpeech=PUNCT Lemma=, NamedEntityTag=O]
[Text=que CharacterOffsetBegin=237 CharacterOffsetEnd=240 PartOfSpeech=PRON Lemma=que NamedEntityTag=O]
[Text=como CharacterOffsetBegin=241 CharacterOffsetEnd=245 PartOfSpeech=SCONJ Lemma=como NamedEntityTag=O]
[Text=la CharacterOffsetBegin=246 CharacterOffsetEnd=248 PartOfSpeech=DET Lemma=la NamedEntityTag=O]
[Text=comisión CharacterOffsetBegin=249 CharacterOffsetEnd=257 PartOfSpeech=NOUN Lemma=comisión NamedEntityTag=O]
[Text=no CharacterOffsetBegin=258 CharacterOffsetEnd=260 PartOfSpeech=ADV Lemma=no NamedEntityTag=O]
[Text=estaba CharacterOffsetBegin=261 CharacterOffsetEnd=267 PartOfSpeech=AUX Lemma=estaba NamedEntityTag=O]
[Text=- CharacterOffsetBegin=267 CharacterOffsetEnd=268 PartOfSpeech=PUNCT Lemma=- NamedEntityTag=O]
[Text=integrada CharacterOffsetBegin=269 CharacterOffsetEnd=278 PartOfSpeech=ADJ Lemma=integrada NamedEntityTag=O]
[Text=por CharacterOffsetBegin=279 CharacterOffsetEnd=282 PartOfSpeech=ADP Lemma=por NamedEntityTag=O]
[Text=alumnos CharacterOffsetBegin=283 CharacterOffsetEnd=290 PartOfSpeech=NOUN Lemma=alumnos NamedEntityTag=O]
[Text=de CharacterOffsetBegin=291 CharacterOffsetEnd=293 PartOfSpeech=ADP Lemma=de NamedEntityTag=O]
[Text=la CharacterOffsetBegin=294 CharacterOffsetEnd=296 PartOfSpeech=DET Lemma=la NamedEntityTag=O]
[Text=Universidad CharacterOffsetBegin=297 CharacterOffsetEnd=308 PartOfSpeech=PROPN Lemma=universidad NamedEntityTag=ORGANIZATION]
[Text=Autó CharacterOffsetBegin=309 CharacterOffsetEnd=313 PartOfSpeech=PROPN Lemma=autó NamedEntityTag=ORGANIZATION]
[Text=noma CharacterOffsetBegin=314 CharacterOffsetEnd=318 PartOfSpeech=PROPN Lemma=noma NamedEntityTag=ORGANIZATION]
[Text=de CharacterOffsetBegin=319 CharacterOffsetEnd=321 PartOfSpeech=ADP Lemma=de NamedEntityTag=ORGANIZATION]
[Text=Guerrero CharacterOffsetBegin=322 CharacterOffsetEnd=330 PartOfSpeech=PROPN Lemma=guerrero NamedEntityTag=ORGANIZATION]
[Text=, CharacterOffsetBegin=330 CharacterOffsetEnd=331 PartOfSpeech=PUNCT Lemma=, NamedEntityTag=O]
[Text=salvo CharacterOffsetBegin=332 CharacterOffsetEnd=337 PartOfSpeech=ADP Lemma=salvo NamedEntityTag=O]
[Text=uno CharacterOffsetBegin=338 CharacterOffsetEnd=341 PartOfSpeech=PRON Lemma=uno NamedEntityTag=O]
[Text=o CharacterOffsetBegin=342 CharacterOffsetEnd=343 PartOfSpeech=CCONJ Lemma=o NamedEntityTag=O]
[Text=dos CharacterOffsetBegin=344 CharacterOffsetEnd=347 PartOfSpeech=NUM Lemma=dos NamedEntityTag=NUMBER]
[Text=, CharacterOffsetBegin=347 CharacterOffsetEnd=348 PartOfSpeech=PUNCT Lemma=, NamedEntityTag=O]
[Text=no CharacterOffsetBegin=349 CharacterOffsetEnd=351 PartOfSpeech=ADV Lemma=no NamedEntityTag=O]
[Text=podía CharacterOffsetBegin=352 CharacterOffsetEnd=357 PartOfSpeech=AUX Lemma=podía NamedEntityTag=O]
[Text=- CharacterOffsetBegin=358 CharacterOffsetEnd=359 PartOfSpeech=PUNCT Lemma=- NamedEntityTag=O]
[Text=atender CharacterOffsetBegin=360 CharacterOffsetEnd=370 PartOfSpeech=VERB Lemma=atender NamedEntityTag=O]
[Text=los CharacterOffsetBegin=360 CharacterOffsetEnd=370 PartOfSpeech=DET Lemma=los NamedEntityTag=O]
[Text=, CharacterOffsetBegin=370 CharacterOffsetEnd=371 PartOfSpeech=PUNCT Lemma=, NamedEntityTag=O]
[Text=invitando CharacterOffsetBegin=372 CharacterOffsetEnd=384 PartOfSpeech=VERB Lemma=invitando NamedEntityTag=O]
[Text=los CharacterOffsetBegin=372 CharacterOffsetEnd=384 PartOfSpeech=PRON Lemma=los NamedEntityTag=O]
[Text=a CharacterOffsetBegin=385 CharacterOffsetEnd=386 PartOfSpeech=ADP Lemma=a NamedEntityTag=O]
[Text=que CharacterOffsetBegin=387 CharacterOffsetEnd=390 PartOfSpeech=SCONJ Lemma=que NamedEntityTag=O]
[Text=formaran CharacterOffsetBegin=391 CharacterOffsetEnd=399 PartOfSpeech=VERB Lemma=formaran NamedEntityTag=O]
[Text=una CharacterOffsetBegin=400 CharacterOffsetEnd=403 PartOfSpeech=DET Lemma=una NamedEntityTag=O]
[Text=- CharacterOffsetBegin=403 CharacterOffsetEnd=404 PartOfSpeech=PUNCT Lemma=- NamedEntityTag=O]
[Text=comisión CharacterOffsetBegin=405 CharacterOffsetEnd=413 PartOfSpeech=NOUN Lemma=comisión NamedEntityTag=O]
[Text=con CharacterOffsetBegin=414 CharacterOffsetEnd=417 PartOfSpeech=ADP Lemma=con NamedEntityTag=O]
[Text=estudiantes CharacterOffsetBegin=418 CharacterOffsetEnd=429 PartOfSpeech=NOUN Lemma=estudiantes NamedEntityTag=O]
[Text=de CharacterOffsetBegin=430 CharacterOffsetEnd=432 PartOfSpeech=ADP Lemma=de NamedEntityTag=O]
[Text=la CharacterOffsetBegin=433 CharacterOffsetEnd=435 PartOfSpeech=DET Lemma=la NamedEntityTag=O]
[Text=U.A.G. CharacterOffsetBegin=436 CharacterOffsetEnd=442 PartOfSpeech=PROPN Lemma=u.a.g. NamedEntityTag=O]
[Text=, CharacterOffsetBegin=442 CharacterOffsetEnd=443 PartOfSpeech=PUNCT Lemma=, NamedEntityTag=O]
[Text=para CharacterOffsetBegin=443 CharacterOffsetEnd=447 PartOfSpeech=ADP Lemma=para NamedEntityTag=O]
[Text=- CharacterOffsetBegin=448 CharacterOffsetEnd=449 PartOfSpeech=PUNCT Lemma=- NamedEntityTag=O]
[Text=así CharacterOffsetBegin=450 CharacterOffsetEnd=453 PartOfSpeech=ADV Lemma=así NamedEntityTag=O]
[Text=llegar CharacterOffsetBegin=454 CharacterOffsetEnd=460 PartOfSpeech=VERB Lemma=llegar NamedEntityTag=O]
[Text=a CharacterOffsetBegin=461 CharacterOffsetEnd=462 PartOfSpeech=ADP Lemma=a NamedEntityTag=O]
[Text=un CharacterOffsetBegin=463 CharacterOffsetEnd=465 PartOfSpeech=DET Lemma=un NamedEntityTag=O]
[Text=acuerdo CharacterOffsetBegin=466 CharacterOffsetEnd=473 PartOfSpeech=NOUN Lemma=acuerdo NamedEntityTag=O]
[Text=definitivo CharacterOffsetBegin=474 CharacterOffsetEnd=484 PartOfSpeech=ADJ Lemma=definitivo NamedEntityTag=O]
[Text=. CharacterOffsetBegin=484 CharacterOffsetEnd=485 PartOfSpeech=PUNCT Lemma=. NamedEntityTag=O]

Dependency Parse (enhanced plus plus dependencies):
root(ROOT-0, pidió-8)
ccomp(diendo-21, atender-50)
obj(atender-50, los-51)
advcl(atender-50, invitando-53)
obj(invitando-53, los-54)
det(alumno-3, Un-1)
punct(alumno-3, --2)
nsubj(pidió-8, alumno-3)
advmod(identificado-5, no-4)
amod(alumno-3, identificado-5)
punct(alumno-3, ,-6)
obj(pidió-8, le-7)
obj(pidió-8, ayuda-9)
amod(ayuda-9, econó-10)
amod(ayuda-9, mica-11)
case(U.A.G.-14, para-12)
det(U.A.G.-14, la-13)
obl(pidió-8, U.A.G.-14)
punct(Gobernador-17, ,-15)
case(Gobernador-17, al-16)
obl(pidió-8, Gobernador-17)
punct(Gobernador-17, ,-18)
mark(diendo-21, respon-19)
nummod(respon-19, ----20)
advcl(pidió-8, diendo-21)
nsubj(atender-50, éste-22)
punct(integrada-31, ,-23)
nsubj(integrada-31, que-24)
mark(comisión-27, como-25)
det(comisión-27, la-26)
obl(integrada-31, comisión-27)
advmod(integrada-31, no-28)
cop(integrada-31, estaba-29)
punct(integrada-31, --30)
csubj(atender-50, integrada-31)
case(alumnos-33, por-32)
obj(integrada-31, alumnos-33)
case(Universidad-36, de-34)
det(Universidad-36, la-35)
nmod(alumnos-33, Universidad-36)
flat(Universidad-36, Autó-37)
flat(Universidad-36, noma-38)
case(Guerrero-40, de-39)
flat(Universidad-36, Guerrero-40)
punct(uno-43, ,-41)
case(uno-43, salvo-42)
nmod(alumnos-33, uno-43)
cc(dos-45, o-44)
nmod(alumnos-33, dos-45)
conj:o(uno-43, dos-45)
punct(uno-43, ,-46)
advmod(atender-50, no-47)
aux(atender-50, podía-48)
punct(atender-50, --49)
punct(atender-50, ,-52)
mark(formaran-57, a-55)
mark(formaran-57, que-56)
ccomp(invitando-53, formaran-57)
det(comisión-60, una-58)
punct(comisión-60, --59)
obj(formaran-57, comisión-60)
case(estudiantes-62, con-61)
nmod(comisión-60, estudiantes-62)
case(U.A.G.-65, de-63)
det(U.A.G.-65, la-64)
nmod(estudiantes-62, U.A.G.-65)
punct(llegar-70, ,-66)
mark(llegar-70, para-67)
punct(llegar-70, --68)
advmod(llegar-70, así-69)
acl(comisión-60, llegar-70)
case(acuerdo-73, a-71)
det(acuerdo-73, un-72)
obl(llegar-70, acuerdo-73)
amod(acuerdo-73, definitivo-74)
punct(pidió-8, .-75)

Extracted the following NER entity mentions:
Gobernador	ORGANIZATION	ORGANIZATION:0.6917111259077262
Universidad Autó
noma de Guerrero	ORGANIZATION	ORGANIZATION:0.4247593939848931
dos	NUMBER	-

Sentence #3 (60 tokens):
La Comi--
sión encabezada por el Rector se retiró sin--
hacer ningún comentario...Por otra parte en-
las preparatorias 1 y 9 se invitó a la sesión
del Consejo Universitario del 2 actual, para-
dar a conocer el movimiento de huelga que per-
siste en la Casa de estudios citada...En la

Tokens:
[Text=La CharacterOffsetBegin=485 CharacterOffsetEnd=487 PartOfSpeech=DET Lemma=la NamedEntityTag=O]
[Text=Comi CharacterOffsetBegin=488 CharacterOffsetEnd=492 PartOfSpeech=PROPN Lemma=comi NamedEntityTag=ORGANIZATION]
[Text=-- CharacterOffsetBegin=492 CharacterOffsetEnd=494 PartOfSpeech=PROPN Lemma=-- NamedEntityTag=O]
[Text=sión CharacterOffsetBegin=495 CharacterOffsetEnd=499 PartOfSpeech=NOUN Lemma=sión NamedEntityTag=O]
[Text=encabezada CharacterOffsetBegin=500 CharacterOffsetEnd=510 PartOfSpeech=ADJ Lemma=encabezada NamedEntityTag=O]
[Text=por CharacterOffsetBegin=511 CharacterOffsetEnd=514 PartOfSpeech=ADP Lemma=por NamedEntityTag=O]
[Text=el CharacterOffsetBegin=515 CharacterOffsetEnd=517 PartOfSpeech=DET Lemma=el NamedEntityTag=O]
[Text=Rector CharacterOffsetBegin=518 CharacterOffsetEnd=524 PartOfSpeech=PROPN Lemma=rector NamedEntityTag=MISC]
[Text=se CharacterOffsetBegin=525 CharacterOffsetEnd=527 PartOfSpeech=PRON Lemma=se NamedEntityTag=O]
[Text=retiró CharacterOffsetBegin=528 CharacterOffsetEnd=534 PartOfSpeech=VERB Lemma=retiró NamedEntityTag=O]
[Text=sin CharacterOffsetBegin=535 CharacterOffsetEnd=538 PartOfSpeech=ADP Lemma=sin NamedEntityTag=O]
[Text=-- CharacterOffsetBegin=538 CharacterOffsetEnd=540 PartOfSpeech=NUM Lemma=-- NamedEntityTag=O]
[Text=hacer CharacterOffsetBegin=541 CharacterOffsetEnd=546 PartOfSpeech=VERB Lemma=hacer NamedEntityTag=O]
[Text=ningún CharacterOffsetBegin=547 CharacterOffsetEnd=553 PartOfSpeech=DET Lemma=ningún NamedEntityTag=O]
[Text=comentario CharacterOffsetBegin=554 CharacterOffsetEnd=564 PartOfSpeech=NOUN Lemma=comentario NamedEntityTag=O]
[Text=... CharacterOffsetBegin=564 CharacterOffsetEnd=567 PartOfSpeech=PUNCT Lemma=... NamedEntityTag=O]
[Text=Por CharacterOffsetBegin=567 CharacterOffsetEnd=570 PartOfSpeech=ADP Lemma=por NamedEntityTag=O]
[Text=otra CharacterOffsetBegin=571 CharacterOffsetEnd=575 PartOfSpeech=DET Lemma=otra NamedEntityTag=O]
[Text=parte CharacterOffsetBegin=576 CharacterOffsetEnd=581 PartOfSpeech=NOUN Lemma=parte NamedEntityTag=O]
[Text=en CharacterOffsetBegin=582 CharacterOffsetEnd=584 PartOfSpeech=ADP Lemma=en NamedEntityTag=O]
[Text=- CharacterOffsetBegin=584 CharacterOffsetEnd=585 PartOfSpeech=PUNCT Lemma=- NamedEntityTag=O]
[Text=las CharacterOffsetBegin=586 CharacterOffsetEnd=589 PartOfSpeech=DET Lemma=las NamedEntityTag=O]
[Text=preparatorias CharacterOffsetBegin=590 CharacterOffsetEnd=603 PartOfSpeech=ADJ Lemma=preparatorias NamedEntityTag=O]
[Text=1 CharacterOffsetBegin=604 CharacterOffsetEnd=605 PartOfSpeech=NUM Lemma=1 NamedEntityTag=NUMBER NormalizedNamedEntityTag=1.0]
[Text=y CharacterOffsetBegin=606 CharacterOffsetEnd=607 PartOfSpeech=CCONJ Lemma=y NamedEntityTag=O]
[Text=9 CharacterOffsetBegin=608 CharacterOffsetEnd=609 PartOfSpeech=NUM Lemma=9 NamedEntityTag=NUMBER NormalizedNamedEntityTag=9.0]
[Text=se CharacterOffsetBegin=610 CharacterOffsetEnd=612 PartOfSpeech=PRON Lemma=se NamedEntityTag=O]
[Text=invitó CharacterOffsetBegin=613 CharacterOffsetEnd=619 PartOfSpeech=VERB Lemma=invitó NamedEntityTag=O]
[Text=a CharacterOffsetBegin=620 CharacterOffsetEnd=621 PartOfSpeech=ADP Lemma=a NamedEntityTag=O]
[Text=la CharacterOffsetBegin=622 CharacterOffsetEnd=624 PartOfSpeech=DET Lemma=la NamedEntityTag=O]
[Text=sesión CharacterOffsetBegin=625 CharacterOffsetEnd=631 PartOfSpeech=NOUN Lemma=sesión NamedEntityTag=O]
[Text=del CharacterOffsetBegin=632 CharacterOffsetEnd=635 PartOfSpeech=ADP Lemma=del NamedEntityTag=O]
[Text=Consejo CharacterOffsetBegin=636 CharacterOffsetEnd=643 PartOfSpeech=PROPN Lemma=consejo NamedEntityTag=ORGANIZATION]
[Text=Universitario CharacterOffsetBegin=644 CharacterOffsetEnd=657 PartOfSpeech=PROPN Lemma=universitario NamedEntityTag=ORGANIZATION]
[Text=del CharacterOffsetBegin=658 CharacterOffsetEnd=661 PartOfSpeech=ADP Lemma=del NamedEntityTag=ORGANIZATION]
[Text=2 CharacterOffsetBegin=662 CharacterOffsetEnd=663 PartOfSpeech=NUM Lemma=2 NamedEntityTag=ORGANIZATION]
[Text=actual CharacterOffsetBegin=664 CharacterOffsetEnd=670 PartOfSpeech=ADJ Lemma=actual NamedEntityTag=O]
[Text=, CharacterOffsetBegin=670 CharacterOffsetEnd=671 PartOfSpeech=PUNCT Lemma=, NamedEntityTag=O]
[Text=para CharacterOffsetBegin=672 CharacterOffsetEnd=676 PartOfSpeech=ADP Lemma=para NamedEntityTag=O]
[Text=- CharacterOffsetBegin=676 CharacterOffsetEnd=677 PartOfSpeech=PUNCT Lemma=- NamedEntityTag=O]
[Text=dar CharacterOffsetBegin=678 CharacterOffsetEnd=681 PartOfSpeech=VERB Lemma=dar NamedEntityTag=O]
[Text=a CharacterOffsetBegin=682 CharacterOffsetEnd=683 PartOfSpeech=ADP Lemma=a NamedEntityTag=O]
[Text=conocer CharacterOffsetBegin=684 CharacterOffsetEnd=691 PartOfSpeech=VERB Lemma=conocer NamedEntityTag=O]
[Text=el CharacterOffsetBegin=692 CharacterOffsetEnd=694 PartOfSpeech=DET Lemma=el NamedEntityTag=O]
[Text=movimiento CharacterOffsetBegin=695 CharacterOffsetEnd=705 PartOfSpeech=NOUN Lemma=movimiento NamedEntityTag=O]
[Text=de CharacterOffsetBegin=706 CharacterOffsetEnd=708 PartOfSpeech=ADP Lemma=de NamedEntityTag=O]
[Text=huelga CharacterOffsetBegin=709 CharacterOffsetEnd=715 PartOfSpeech=NOUN Lemma=huelga NamedEntityTag=O]
[Text=que CharacterOffsetBegin=716 CharacterOffsetEnd=719 PartOfSpeech=PRON Lemma=que NamedEntityTag=O]
[Text=per CharacterOffsetBegin=720 CharacterOffsetEnd=723 PartOfSpeech=ADP Lemma=per NamedEntityTag=O]
[Text=- CharacterOffsetBegin=723 CharacterOffsetEnd=724 PartOfSpeech=PUNCT Lemma=- NamedEntityTag=O]
[Text=siste CharacterOffsetBegin=725 CharacterOffsetEnd=730 PartOfSpeech=NOUN Lemma=siste NamedEntityTag=O]
[Text=en CharacterOffsetBegin=731 CharacterOffsetEnd=733 PartOfSpeech=ADP Lemma=en NamedEntityTag=O]
[Text=la CharacterOffsetBegin=734 CharacterOffsetEnd=736 PartOfSpeech=DET Lemma=la NamedEntityTag=O]
[Text=Casa CharacterOffsetBegin=737 CharacterOffsetEnd=741 PartOfSpeech=PROPN Lemma=casa NamedEntityTag=LOCATION]
[Text=de CharacterOffsetBegin=742 CharacterOffsetEnd=744 PartOfSpeech=ADP Lemma=de NamedEntityTag=O]
[Text=estudios CharacterOffsetBegin=745 CharacterOffsetEnd=753 PartOfSpeech=NOUN Lemma=estudios NamedEntityTag=O]
[Text=citada CharacterOffsetBegin=754 CharacterOffsetEnd=760 PartOfSpeech=ADJ Lemma=citada NamedEntityTag=O]
[Text=... CharacterOffsetBegin=760 CharacterOffsetEnd=763 PartOfSpeech=PUNCT Lemma=... NamedEntityTag=O]
[Text=En CharacterOffsetBegin=763 CharacterOffsetEnd=765 PartOfSpeech=ADP Lemma=en NamedEntityTag=O]
[Text=la CharacterOffsetBegin=766 CharacterOffsetEnd=768 PartOfSpeech=DET Lemma=la NamedEntityTag=O]

Dependency Parse (enhanced plus plus dependencies):
root(ROOT-0, retiró-10)
det(Comi-2, La-1)
nsubj(retiró-10, Comi-2)
flat(Comi-2, ---3)
flat(Comi-2, sión-4)
amod(Comi-2, encabezada-5)
case(Rector-8, por-6)
det(Rector-8, el-7)
obj(encabezada-5, Rector-8)
obj(retiró-10, se-9)
mark(invitó-28, sin-11)
mark(invitó-28, ---12)
csubj(invitó-28, hacer-13)
det(comentario-15, ningún-14)
obj(hacer-13, comentario-15)
punct(parte-19, ...-16)
case(parte-19, Por-17)
det(parte-19, otra-18)
obl(hacer-13, parte-19)
case(1-24, en-20)
punct(1-24, --21)
det(1-24, las-22)
amod(1-24, preparatorias-23)
nummod(parte-19, 1-24)
cc(9-26, y-25)
nummod(parte-19, 9-26)
conj:y(1-24, 9-26)
obj(invitó-28, se-27)
advcl(retiró-10, invitó-28)
case(sesión-31, a-29)
det(sesión-31, la-30)
obj(invitó-28, sesión-31)
case(Consejo-33, del-32)
nmod(sesión-31, Consejo-33)
flat(Consejo-33, Universitario-34)
case(2-36, del-35)
nummod(sesión-31, 2-36)
amod(2-36, actual-37)
punct(dar-41, ,-38)
mark(dar-41, para-39)
punct(dar-41, --40)
advcl(retiró-10, dar-41)
case(conocer-43, a-42)
compound(dar-41, conocer-43)
det(movimiento-45, el-44)
obj(dar-41, movimiento-45)
case(huelga-47, de-46)
nmod(movimiento-45, huelga-47)
nmod(movimiento-45, que-48)
case(siste-51, per-49)
punct(siste-51, --50)
acl(que-48, siste-51)
case(Casa-54, en-52)
det(Casa-54, la-53)
nmod(siste-51, Casa-54)
case(estudios-56, de-55)
nmod(Casa-54, estudios-56)
amod(estudios-56, citada-57)
punct(siste-51, ...-58)
case(la-60, En-59)
cc(siste-51, la-60)

Extracted the following NER entity mentions:
Comi	ORGANIZATION	ORGANIZATION:0.6782174154527479
Rector	MISC	MISC:0.5334615491324757
1	NUMBER	NUMBER:-1.0
9	NUMBER	NUMBER:-1.0
Consejo Universitario del 2	ORGANIZATION	ORGANIZATION:0.5712585546618055
Casa	LOCATION	LOCATION:0.40630040313718785
