Document: ID=file_137.txt (5 sentences, 120 tokens)

Sentence #1 (7 tokens):
perjudicar la seguridad del Dr. CASTENJON.

Tokens:
[Text=perjudicar CharacterOffsetBegin=0 CharacterOffsetEnd=10 PartOfSpeech=VERB Lemma=perjudicar NamedEntityTag=O]
[Text=la CharacterOffsetBegin=11 CharacterOffsetEnd=13 PartOfSpeech=DET Lemma=la NamedEntityTag=O]
[Text=seguridad CharacterOffsetBegin=14 CharacterOffsetEnd=23 PartOfSpeech=NOUN Lemma=seguridad NamedEntityTag=O]
[Text=del CharacterOffsetBegin=24 CharacterOffsetEnd=27 PartOfSpeech=ADP Lemma=del NamedEntityTag=O]
[Text=Dr. CharacterOffsetBegin=28 CharacterOffsetEnd=31 PartOfSpeech=PROPN Lemma=dr. NamedEntityTag=MISC]
[Text=CASTENJON CharacterOffsetBegin=32 CharacterOffsetEnd=41 PartOfSpeech=PROPN Lemma=castenjon NamedEntityTag=MISC]
[Text=. CharacterOffsetBegin=41 CharacterOffsetEnd=42 PartOfSpeech=PUNCT Lemma=. NamedEntityTag=O]

Dependency Parse (enhanced plus plus dependencies):
root(ROOT-0, perjudicar-1)
det(seguridad-3, la-2)
obj(perjudicar-1, seguridad-3)
case(Dr.-5, del-4)
nmod(seguridad-3, Dr.-5)
flat(Dr.-5, CASTENJON-6)
punct(perjudicar-1, .-7)

Extracted the following NER entity mentions:
Dr. CASTENJON	MISC	MISC:0.3345210363317636

Sentence #2 (71 tokens):
-
Dicho Consejo elaboró bolatín en los términos:
INTE SADOS EN QUE EL SEÑOR ECTOR DE NUESTRA
UNIVERSIDAD VUELVA A LA MAYOR BREVEDAD A CON
TINUAN LAS ARIAS DE LA REFORMA UNIVERSITARIA,
SUPLICANOS ENCARECIDA EN  A QUIEN PUEDA DECI
DIR SU  I   ACION TENGA A BIEN CONUNICARSE
CUANTO ANTES NECESTLANOS CONOCER LAS CONDICIO-
NES CUE HAY QUE SATISFACER PARA LOGRAN QUE RE
RESE A SUS LABORES UNIVERSILARIAS.

Tokens:
[Text=- CharacterOffsetBegin=42 CharacterOffsetEnd=43 PartOfSpeech=PUNCT Lemma=- NamedEntityTag=O]
[Text=Dicho CharacterOffsetBegin=44 CharacterOffsetEnd=49 PartOfSpeech=ADJ Lemma=dicho NamedEntityTag=O]
[Text=Consejo CharacterOffsetBegin=50 CharacterOffsetEnd=57 PartOfSpeech=PROPN Lemma=consejo NamedEntityTag=ORGANIZATION]
[Text=elaboró CharacterOffsetBegin=58 CharacterOffsetEnd=65 PartOfSpeech=VERB Lemma=elaboró NamedEntityTag=O]
[Text=bolatín CharacterOffsetBegin=66 CharacterOffsetEnd=73 PartOfSpeech=NOUN Lemma=bolatín NamedEntityTag=O]
[Text=en CharacterOffsetBegin=74 CharacterOffsetEnd=76 PartOfSpeech=ADP Lemma=en NamedEntityTag=O]
[Text=los CharacterOffsetBegin=77 CharacterOffsetEnd=80 PartOfSpeech=DET Lemma=los NamedEntityTag=O]
[Text=términos CharacterOffsetBegin=81 CharacterOffsetEnd=89 PartOfSpeech=NOUN Lemma=términos NamedEntityTag=O]
[Text=: CharacterOffsetBegin=89 CharacterOffsetEnd=90 PartOfSpeech=PUNCT Lemma=: NamedEntityTag=O]
[Text=INTE CharacterOffsetBegin=91 CharacterOffsetEnd=95 PartOfSpeech=PROPN Lemma=inte NamedEntityTag=O]
[Text=SADOS CharacterOffsetBegin=96 CharacterOffsetEnd=101 PartOfSpeech=PROPN Lemma=sados NamedEntityTag=O]
[Text=EN CharacterOffsetBegin=102 CharacterOffsetEnd=104 PartOfSpeech=ADP Lemma=en NamedEntityTag=O]
[Text=QUE CharacterOffsetBegin=105 CharacterOffsetEnd=108 PartOfSpeech=PRON Lemma=que NamedEntityTag=O]
[Text=EL CharacterOffsetBegin=109 CharacterOffsetEnd=111 PartOfSpeech=DET Lemma=el NamedEntityTag=O]
[Text=SEÑOR CharacterOffsetBegin=112 CharacterOffsetEnd=117 PartOfSpeech=PROPN Lemma=señor NamedEntityTag=O]
[Text=ECTOR CharacterOffsetBegin=118 CharacterOffsetEnd=123 PartOfSpeech=PROPN Lemma=ector NamedEntityTag=O]
[Text=DE CharacterOffsetBegin=124 CharacterOffsetEnd=126 PartOfSpeech=ADP Lemma=de NamedEntityTag=O]
[Text=NUESTRA CharacterOffsetBegin=127 CharacterOffsetEnd=134 PartOfSpeech=PROPN Lemma=nuestra NamedEntityTag=O]
[Text=UNIVERSIDAD CharacterOffsetBegin=135 CharacterOffsetEnd=146 PartOfSpeech=PROPN Lemma=universidad NamedEntityTag=O]
[Text=VUELVA CharacterOffsetBegin=147 CharacterOffsetEnd=153 PartOfSpeech=PROPN Lemma=vuelva NamedEntityTag=O]
[Text=A CharacterOffsetBegin=154 CharacterOffsetEnd=155 PartOfSpeech=ADP Lemma=a NamedEntityTag=O]
[Text=LA CharacterOffsetBegin=156 CharacterOffsetEnd=158 PartOfSpeech=DET Lemma=la NamedEntityTag=O]
[Text=MAYOR CharacterOffsetBegin=159 CharacterOffsetEnd=164 PartOfSpeech=ADJ Lemma=mayor NamedEntityTag=O]
[Text=BREVEDAD CharacterOffsetBegin=165 CharacterOffsetEnd=173 PartOfSpeech=NOUN Lemma=brevedad NamedEntityTag=O]
[Text=A CharacterOffsetBegin=174 CharacterOffsetEnd=175 PartOfSpeech=ADP Lemma=a NamedEntityTag=O]
[Text=CON CharacterOffsetBegin=176 CharacterOffsetEnd=179 PartOfSpeech=ADP Lemma=con NamedEntityTag=O]
[Text=TINUAN CharacterOffsetBegin=180 CharacterOffsetEnd=186 PartOfSpeech=PROPN Lemma=tinuan NamedEntityTag=O]
[Text=LAS CharacterOffsetBegin=187 CharacterOffsetEnd=190 PartOfSpeech=DET Lemma=las NamedEntityTag=O]
[Text=ARIAS CharacterOffsetBegin=191 CharacterOffsetEnd=196 PartOfSpeech=PROPN Lemma=arias NamedEntityTag=O]
[Text=DE CharacterOffsetBegin=197 CharacterOffsetEnd=199 PartOfSpeech=ADP Lemma=de NamedEntityTag=O]
[Text=LA CharacterOffsetBegin=200 CharacterOffsetEnd=202 PartOfSpeech=DET Lemma=la NamedEntityTag=O]
[Text=REFORMA CharacterOffsetBegin=203 CharacterOffsetEnd=210 PartOfSpeech=PROPN Lemma=reforma NamedEntityTag=O]
[Text=UNIVERSITARIA CharacterOffsetBegin=211 CharacterOffsetEnd=224 PartOfSpeech=PROPN Lemma=universitaria NamedEntityTag=O]
[Text=, CharacterOffsetBegin=224 CharacterOffsetEnd=225 PartOfSpeech=PUNCT Lemma=, NamedEntityTag=O]
[Text=SUPLICANOS CharacterOffsetBegin=226 CharacterOffsetEnd=236 PartOfSpeech=PROPN Lemma=suplicanos NamedEntityTag=ORGANIZATION]
[Text=ENCARECIDA CharacterOffsetBegin=237 CharacterOffsetEnd=247 PartOfSpeech=PROPN Lemma=encarecida NamedEntityTag=O]
[Text=EN CharacterOffsetBegin=248 CharacterOffsetEnd=250 PartOfSpeech=ADP Lemma=en NamedEntityTag=O]
[Text=A CharacterOffsetBegin=252 CharacterOffsetEnd=253 PartOfSpeech=ADP Lemma=a NamedEntityTag=O]
[Text=QUIEN CharacterOffsetBegin=254 CharacterOffsetEnd=259 PartOfSpeech=PROPN Lemma=quien NamedEntityTag=O]
[Text=PUEDA CharacterOffsetBegin=260 CharacterOffsetEnd=265 PartOfSpeech=PROPN Lemma=pueda NamedEntityTag=O]
[Text=DECI CharacterOffsetBegin=266 CharacterOffsetEnd=270 PartOfSpeech=PROPN Lemma=deci NamedEntityTag=O]
[Text=DIR CharacterOffsetBegin=271 CharacterOffsetEnd=274 PartOfSpeech=PROPN Lemma=dir NamedEntityTag=O]
[Text=SU CharacterOffsetBegin=275 CharacterOffsetEnd=277 PartOfSpeech=PROPN Lemma=su NamedEntityTag=O]
[Text=I CharacterOffsetBegin=279 CharacterOffsetEnd=280 PartOfSpeech=CCONJ Lemma=i NamedEntityTag=MISC]
[Text=ACION CharacterOffsetBegin=283 CharacterOffsetEnd=288 PartOfSpeech=PROPN Lemma=acion NamedEntityTag=MISC]
[Text=TENGA CharacterOffsetBegin=289 CharacterOffsetEnd=294 PartOfSpeech=PROPN Lemma=tenga NamedEntityTag=O]
[Text=A CharacterOffsetBegin=295 CharacterOffsetEnd=296 PartOfSpeech=ADP Lemma=a NamedEntityTag=O]
[Text=BIEN CharacterOffsetBegin=297 CharacterOffsetEnd=301 PartOfSpeech=PROPN Lemma=bien NamedEntityTag=O]
[Text=CONUNICARSE CharacterOffsetBegin=302 CharacterOffsetEnd=313 PartOfSpeech=PROPN Lemma=conunicarse NamedEntityTag=O]
[Text=CUANTO CharacterOffsetBegin=314 CharacterOffsetEnd=320 PartOfSpeech=PROPN Lemma=cuanto NamedEntityTag=O]
[Text=ANTES CharacterOffsetBegin=321 CharacterOffsetEnd=326 PartOfSpeech=ADV Lemma=antes NamedEntityTag=O]
[Text=NECESTLANOS CharacterOffsetBegin=327 CharacterOffsetEnd=338 PartOfSpeech=ADJ Lemma=necestlanos NamedEntityTag=O]
[Text=CONOCER CharacterOffsetBegin=339 CharacterOffsetEnd=346 PartOfSpeech=NOUN Lemma=conocer NamedEntityTag=O]
[Text=LAS CharacterOffsetBegin=347 CharacterOffsetEnd=350 PartOfSpeech=DET Lemma=las NamedEntityTag=O]
[Text=CONDICIO CharacterOffsetBegin=351 CharacterOffsetEnd=359 PartOfSpeech=NOUN Lemma=condicio NamedEntityTag=O]
[Text=- CharacterOffsetBegin=359 CharacterOffsetEnd=360 PartOfSpeech=PUNCT Lemma=- NamedEntityTag=O]
[Text=NES CharacterOffsetBegin=361 CharacterOffsetEnd=364 PartOfSpeech=PROPN Lemma=nes NamedEntityTag=MISC]
[Text=CUE CharacterOffsetBegin=365 CharacterOffsetEnd=368 PartOfSpeech=PROPN Lemma=cue NamedEntityTag=O]
[Text=HAY CharacterOffsetBegin=369 CharacterOffsetEnd=372 PartOfSpeech=PROPN Lemma=hay NamedEntityTag=O]
[Text=QUE CharacterOffsetBegin=373 CharacterOffsetEnd=376 PartOfSpeech=PRON Lemma=que NamedEntityTag=O]
[Text=SATISFACER CharacterOffsetBegin=377 CharacterOffsetEnd=387 PartOfSpeech=VERB Lemma=satisfacer NamedEntityTag=O]
[Text=PARA CharacterOffsetBegin=388 CharacterOffsetEnd=392 PartOfSpeech=ADP Lemma=para NamedEntityTag=O]
[Text=LOGRAN CharacterOffsetBegin=393 CharacterOffsetEnd=399 PartOfSpeech=VERB Lemma=logran NamedEntityTag=O]
[Text=QUE CharacterOffsetBegin=400 CharacterOffsetEnd=403 PartOfSpeech=PRON Lemma=que NamedEntityTag=O]
[Text=RE CharacterOffsetBegin=404 CharacterOffsetEnd=406 PartOfSpeech=PROPN Lemma=re NamedEntityTag=O]
[Text=RESE CharacterOffsetBegin=407 CharacterOffsetEnd=411 PartOfSpeech=PROPN Lemma=rese NamedEntityTag=O]
[Text=A CharacterOffsetBegin=412 CharacterOffsetEnd=413 PartOfSpeech=ADP Lemma=a NamedEntityTag=O]
[Text=SUS CharacterOffsetBegin=414 CharacterOffsetEnd=417 PartOfSpeech=PROPN Lemma=sus NamedEntityTag=O]
[Text=LABORES CharacterOffsetBegin=418 CharacterOffsetEnd=425 PartOfSpeech=PROPN Lemma=labores NamedEntityTag=O]
[Text=UNIVERSILARIAS CharacterOffsetBegin=426 CharacterOffsetEnd=440 PartOfSpeech=PROPN Lemma=universilarias NamedEntityTag=O]
[Text=. CharacterOffsetBegin=440 CharacterOffsetEnd=441 PartOfSpeech=PUNCT Lemma=. NamedEntityTag=O]

Dependency Parse (enhanced plus plus dependencies):
root(ROOT-0, elaboró-4)
punct(elaboró-4, --1)
amod(Consejo-3, Dicho-2)
nsubj(elaboró-4, Consejo-3)
obj(elaboró-4, bolatín-5)
case(términos-8, en-6)
det(términos-8, los-7)
obl(elaboró-4, términos-8)
punct(INTE-10, :-9)
obl(elaboró-4, INTE-10)
flat(INTE-10, SADOS-11)
case(QUE-13, EN-12)
nmod(INTE-10, QUE-13)
det(SEÑOR-15, EL-14)
appos(QUE-13, SEÑOR-15)
flat(SEÑOR-15, ECTOR-16)
case(NUESTRA-18, DE-17)
flat(SEÑOR-15, NUESTRA-18)
flat(SEÑOR-15, UNIVERSIDAD-19)
flat(SEÑOR-15, VUELVA-20)
case(BREVEDAD-24, A-21)
det(BREVEDAD-24, LA-22)
amod(BREVEDAD-24, MAYOR-23)
flat(SEÑOR-15, BREVEDAD-24)
flat(SEÑOR-15, A-25)
case(TINUAN-27, CON-26)
flat(SEÑOR-15, TINUAN-27)
det(ARIAS-29, LAS-28)
flat(SEÑOR-15, ARIAS-29)
case(REFORMA-32, DE-30)
det(REFORMA-32, LA-31)
flat(SEÑOR-15, REFORMA-32)
flat(REFORMA-32, UNIVERSITARIA-33)
punct(SUPLICANOS-35, ,-34)
conj(SEÑOR-15, SUPLICANOS-35)
flat(SUPLICANOS-35, ENCARECIDA-36)
case(QUIEN-39, EN-37)
case(QUIEN-39, A-38)
flat(SUPLICANOS-35, QUIEN-39)
flat(SUPLICANOS-35, PUEDA-40)
flat(SUPLICANOS-35, DECI-41)
flat(SUPLICANOS-35, DIR-42)
flat(SUPLICANOS-35, SU-43)
cc(ACION-45, I-44)
appos(QUE-13, ACION-45)
conj:i(SEÑOR-15, ACION-45)
flat(ACION-45, TENGA-46)
case(BIEN-48, A-47)
flat(SEÑOR-15, BIEN-48)
flat(BIEN-48, CONUNICARSE-49)
flat(BIEN-48, CUANTO-50)
advmod(NECESTLANOS-52, ANTES-51)
amod(CONOCER-53, NECESTLANOS-52)
flat(SEÑOR-15, CONOCER-53)
det(CONDICIO-55, LAS-54)
flat(SEÑOR-15, CONDICIO-55)
punct(NES-57, --56)
flat(SEÑOR-15, NES-57)
flat(NES-57, CUE-58)
flat(NES-57, HAY-59)
nsubj(SATISFACER-61, QUE-60)
acl(NES-57, SATISFACER-61)
mark(LOGRAN-63, PARA-62)
advcl(SATISFACER-61, LOGRAN-63)
obj(LOGRAN-63, QUE-64)
appos(QUE-64, RE-65)
flat(RE-65, RESE-66)
case(SUS-68, A-67)
flat(RE-65, SUS-68)
flat(RE-65, LABORES-69)
flat(RE-65, UNIVERSILARIAS-70)
punct(elaboró-4, .-71)

Extracted the following NER entity mentions:
Consejo	ORGANIZATION	ORGANIZATION:0.9264769208438655
SUPLICANOS	ORGANIZATION	ORGANIZATION:0.43389659319961454
I   ACION	MISC	MISC:0.548330733226452
NES	MISC	MISC:0.6464090755973152

Sentence #3 (3 tokens):
— Exp.

Tokens:
[Text=— CharacterOffsetBegin=442 CharacterOffsetEnd=443 PartOfSpeech=SYM Lemma=— NamedEntityTag=O]
[Text=Exp CharacterOffsetBegin=444 CharacterOffsetEnd=447 PartOfSpeech=PROPN Lemma=exp NamedEntityTag=MISC]
[Text=. CharacterOffsetBegin=447 CharacterOffsetEnd=448 PartOfSpeech=PUNCT Lemma=. NamedEntityTag=O]

Dependency Parse (enhanced plus plus dependencies):
root(ROOT-0, —-1)
appos(—-1, Exp-2)
punct(—-1, .-3)

Extracted the following NER entity mentions:
Exp	MISC	MISC:0.46840289190623774

Sentence #4 (7 tokens):
80-9-71
H-63 L-1
25-Nov-71.

Tokens:
[Text=80-9-71 CharacterOffsetBegin=449 CharacterOffsetEnd=456 PartOfSpeech=NUM Lemma=80-9-71 NamedEntityTag=O]
[Text=H-63 CharacterOffsetBegin=457 CharacterOffsetEnd=461 PartOfSpeech=NUM Lemma=h-63 NamedEntityTag=O]
[Text=L-1 CharacterOffsetBegin=462 CharacterOffsetEnd=465 PartOfSpeech=NUM Lemma=l-1 NamedEntityTag=O]
[Text=25 CharacterOffsetBegin=466 CharacterOffsetEnd=468 PartOfSpeech=NUM Lemma=25 NamedEntityTag=O]
[Text=- CharacterOffsetBegin=468 CharacterOffsetEnd=469 PartOfSpeech=PUNCT Lemma=- NamedEntityTag=O]
[Text=Nov-71 CharacterOffsetBegin=469 CharacterOffsetEnd=475 PartOfSpeech=NUM Lemma=nov-71 NamedEntityTag=O]
[Text=. CharacterOffsetBegin=475 CharacterOffsetEnd=476 PartOfSpeech=PUNCT Lemma=. NamedEntityTag=O]

Dependency Parse (enhanced plus plus dependencies):
root(ROOT-0, 80-9-71-1)
compound(80-9-71-1, H-63-2)
compound(80-9-71-1, L-1-3)
compound(80-9-71-1, 25-4)
punct(80-9-71-1, --5)
appos(80-9-71-1, Nov-71-6)
punct(80-9-71-1, .-7)

Extracted the following NER entity mentions:

Sentence #5 (32 tokens):
- El 23 actual el Consejo Universita-
río determinó dirigir escrito al Gobernador par
que se les informe la relación que puedan tener
con el secuestro las las detenciones de HUMBERTO

Tokens:
[Text=- CharacterOffsetBegin=476 CharacterOffsetEnd=477 PartOfSpeech=PUNCT Lemma=- NamedEntityTag=O]
[Text=El CharacterOffsetBegin=478 CharacterOffsetEnd=480 PartOfSpeech=DET Lemma=el NamedEntityTag=O]
[Text=23 CharacterOffsetBegin=481 CharacterOffsetEnd=483 PartOfSpeech=NUM Lemma=23 NamedEntityTag=NUMBER NormalizedNamedEntityTag=23.0]
[Text=actual CharacterOffsetBegin=484 CharacterOffsetEnd=490 PartOfSpeech=ADJ Lemma=actual NamedEntityTag=O]
[Text=el CharacterOffsetBegin=491 CharacterOffsetEnd=493 PartOfSpeech=DET Lemma=el NamedEntityTag=O]
[Text=Consejo CharacterOffsetBegin=494 CharacterOffsetEnd=501 PartOfSpeech=PROPN Lemma=consejo NamedEntityTag=ORGANIZATION]
[Text=Universita CharacterOffsetBegin=502 CharacterOffsetEnd=512 PartOfSpeech=PROPN Lemma=universita NamedEntityTag=ORGANIZATION]
[Text=- CharacterOffsetBegin=512 CharacterOffsetEnd=513 PartOfSpeech=PUNCT Lemma=- NamedEntityTag=ORGANIZATION]
[Text=río CharacterOffsetBegin=514 CharacterOffsetEnd=517 PartOfSpeech=NOUN Lemma=río NamedEntityTag=TITLE]
[Text=determinó CharacterOffsetBegin=518 CharacterOffsetEnd=527 PartOfSpeech=VERB Lemma=determinó NamedEntityTag=O]
[Text=dirigir CharacterOffsetBegin=528 CharacterOffsetEnd=535 PartOfSpeech=VERB Lemma=dirigir NamedEntityTag=O]
[Text=escrito CharacterOffsetBegin=536 CharacterOffsetEnd=543 PartOfSpeech=NOUN Lemma=escrito NamedEntityTag=O]
[Text=al CharacterOffsetBegin=544 CharacterOffsetEnd=546 PartOfSpeech=ADP Lemma=al NamedEntityTag=O]
[Text=Gobernador CharacterOffsetBegin=547 CharacterOffsetEnd=557 PartOfSpeech=PROPN Lemma=gobernador NamedEntityTag=PERSON]
[Text=par CharacterOffsetBegin=558 CharacterOffsetEnd=561 PartOfSpeech=NOUN Lemma=par NamedEntityTag=O]
[Text=que CharacterOffsetBegin=562 CharacterOffsetEnd=565 PartOfSpeech=PRON Lemma=que NamedEntityTag=O]
[Text=se CharacterOffsetBegin=566 CharacterOffsetEnd=568 PartOfSpeech=PRON Lemma=se NamedEntityTag=O]
[Text=les CharacterOffsetBegin=569 CharacterOffsetEnd=572 PartOfSpeech=PRON Lemma=les NamedEntityTag=O]
[Text=informe CharacterOffsetBegin=573 CharacterOffsetEnd=580 PartOfSpeech=VERB Lemma=informe NamedEntityTag=O]
[Text=la CharacterOffsetBegin=581 CharacterOffsetEnd=583 PartOfSpeech=DET Lemma=la NamedEntityTag=O]
[Text=relación CharacterOffsetBegin=584 CharacterOffsetEnd=592 PartOfSpeech=NOUN Lemma=relación NamedEntityTag=O]
[Text=que CharacterOffsetBegin=593 CharacterOffsetEnd=596 PartOfSpeech=PRON Lemma=que NamedEntityTag=O]
[Text=puedan CharacterOffsetBegin=597 CharacterOffsetEnd=603 PartOfSpeech=AUX Lemma=puedan NamedEntityTag=O]
[Text=tener CharacterOffsetBegin=604 CharacterOffsetEnd=609 PartOfSpeech=VERB Lemma=tener NamedEntityTag=O]
[Text=con CharacterOffsetBegin=610 CharacterOffsetEnd=613 PartOfSpeech=ADP Lemma=con NamedEntityTag=O]
[Text=el CharacterOffsetBegin=614 CharacterOffsetEnd=616 PartOfSpeech=DET Lemma=el NamedEntityTag=O]
[Text=secuestro CharacterOffsetBegin=617 CharacterOffsetEnd=626 PartOfSpeech=NOUN Lemma=secuestro NamedEntityTag=CRIMINAL_CHARGE]
[Text=las CharacterOffsetBegin=627 CharacterOffsetEnd=630 PartOfSpeech=DET Lemma=las NamedEntityTag=O]
[Text=las CharacterOffsetBegin=631 CharacterOffsetEnd=634 PartOfSpeech=DET Lemma=las NamedEntityTag=O]
[Text=detenciones CharacterOffsetBegin=635 CharacterOffsetEnd=646 PartOfSpeech=NOUN Lemma=detenciones NamedEntityTag=O]
[Text=de CharacterOffsetBegin=647 CharacterOffsetEnd=649 PartOfSpeech=ADP Lemma=de NamedEntityTag=O]
[Text=HUMBERTO CharacterOffsetBegin=650 CharacterOffsetEnd=658 PartOfSpeech=PROPN Lemma=humberto NamedEntityTag=PERSON]

Dependency Parse (enhanced plus plus dependencies):
root(ROOT-0, 23-3)
punct(23-3, --1)
det(23-3, El-2)
amod(23-3, actual-4)
det(Consejo-6, el-5)
appos(23-3, Consejo-6)
flat(Consejo-6, Universita-7)
punct(determinó-10, --8)
nsubj(determinó-10, río-9)
acl(Consejo-6, determinó-10)
xcomp(determinó-10, dirigir-11)
obj(dirigir-11, escrito-12)
case(Gobernador-14, al-13)
obj(dirigir-11, Gobernador-14)
obl(dirigir-11, par-15)
nsubj(informe-19, que-16)
obj(informe-19, se-17)
obj(informe-19, les-18)
acl(par-15, informe-19)
det(relación-21, la-20)
obj(informe-19, relación-21)
obj(tener-24, que-22)
aux(tener-24, puedan-23)
acl(relación-21, tener-24)
case(secuestro-27, con-25)
det(secuestro-27, el-26)
obl(tener-24, secuestro-27)
det(las-29, las-28)
det(detenciones-30, las-29)
nsubj(tener-24, detenciones-30)
case(HUMBERTO-32, de-31)
nmod(detenciones-30, HUMBERTO-32)

Extracted the following NER entity mentions:
23	NUMBER	NUMBER:-1.0
Consejo Universita-	ORGANIZATION	ORGANIZATION:0.9588616534520399
río	TITLE	-
Gobernador	PERSON	PERSON:0.31947854620573407
secuestro	CRIMINAL_CHARGE	-
HUMBERTO	PERSON	PERSON:0.439690369232158
