Document: ID=file_471.txt (1 sentences, 185 tokens)

Sentence #1 (185 tokens):
y en julio del mismo año llegaron LUIS MIGUEL CORRAL-
GARCIA (a) "EL GUERO", al que en este momento identi-
fica con la fotografía que se le pone a la vista y--
otros compañeros a los que sólo conoció y conoce como "JOEL", "ANTONIO" y "ESPIDIRION" que pasaron a formar
parte de la mencionada Brigada y también empezó a vi-
sitarlos con frecuencia WENCESLAO JOSE GARCIA (a) -
"SAM" o "SAMUEL", quienes llevaba volantes y dinero, ---
pues ya para esa época todos los miembros de laBriga-
da se consideraban "profesionales" de la lucha revolu
cionaria, aclarando que todas estas actividades se --
realizaron en Jamiltepec, que fue el lugar en donde -
ocuparon la casa deshabitada y tenían los elementos -
de impresión y el papel que empleaban lo adquirían --
comprándolo en papelerías de Pinotepa Nacional; que en
agosto del año citado, "SAM" deja de visitarlos y ante

Tokens:
[Text=y CharacterOffsetBegin=0 CharacterOffsetEnd=1 PartOfSpeech=CCONJ Lemma=y NamedEntityTag=O]
[Text=en CharacterOffsetBegin=2 CharacterOffsetEnd=4 PartOfSpeech=ADP Lemma=en NamedEntityTag=O]
[Text=julio CharacterOffsetBegin=5 CharacterOffsetEnd=10 PartOfSpeech=NOUN Lemma=julio NamedEntityTag=DATE NormalizedNamedEntityTag=XXXX-07 Timex=<TIMEX3 tid="t1" type="DATE" value="XXXX-07">julio</TIMEX3>]
[Text=del CharacterOffsetBegin=11 CharacterOffsetEnd=14 PartOfSpeech=ADP Lemma=del NamedEntityTag=O]
[Text=mismo CharacterOffsetBegin=15 CharacterOffsetEnd=20 PartOfSpeech=DET Lemma=mismo NamedEntityTag=O]
[Text=año CharacterOffsetBegin=21 CharacterOffsetEnd=24 PartOfSpeech=NOUN Lemma=año NamedEntityTag=O]
[Text=llegaron CharacterOffsetBegin=25 CharacterOffsetEnd=33 PartOfSpeech=VERB Lemma=llegaron NamedEntityTag=O]
[Text=LUIS CharacterOffsetBegin=34 CharacterOffsetEnd=38 PartOfSpeech=PROPN Lemma=luis NamedEntityTag=PERSON]
[Text=MIGUEL CharacterOffsetBegin=39 CharacterOffsetEnd=45 PartOfSpeech=PROPN Lemma=miguel NamedEntityTag=PERSON]
[Text=CORRAL CharacterOffsetBegin=46 CharacterOffsetEnd=52 PartOfSpeech=PROPN Lemma=corral NamedEntityTag=PERSON]
[Text=- CharacterOffsetBegin=52 CharacterOffsetEnd=53 PartOfSpeech=PUNCT Lemma=- NamedEntityTag=PERSON]
[Text=GARCIA CharacterOffsetBegin=54 CharacterOffsetEnd=60 PartOfSpeech=PROPN Lemma=garcia NamedEntityTag=PERSON]
[Text=( CharacterOffsetBegin=61 CharacterOffsetEnd=62 PartOfSpeech=PUNCT Lemma=( NamedEntityTag=O]
[Text=a CharacterOffsetBegin=62 CharacterOffsetEnd=63 PartOfSpeech=ADP Lemma=a NamedEntityTag=O]
[Text=) CharacterOffsetBegin=63 CharacterOffsetEnd=64 PartOfSpeech=PUNCT Lemma=) NamedEntityTag=O]
[Text=" CharacterOffsetBegin=65 CharacterOffsetEnd=66 PartOfSpeech=PUNCT Lemma=" NamedEntityTag=O]
[Text=EL CharacterOffsetBegin=66 CharacterOffsetEnd=68 PartOfSpeech=DET Lemma=el NamedEntityTag=O]
[Text=GUERO CharacterOffsetBegin=69 CharacterOffsetEnd=74 PartOfSpeech=PROPN Lemma=guero NamedEntityTag=ORGANIZATION]
[Text=" CharacterOffsetBegin=74 CharacterOffsetEnd=75 PartOfSpeech=PUNCT Lemma=" NamedEntityTag=O]
[Text=, CharacterOffsetBegin=75 CharacterOffsetEnd=76 PartOfSpeech=PUNCT Lemma=, NamedEntityTag=O]
[Text=al CharacterOffsetBegin=77 CharacterOffsetEnd=79 PartOfSpeech=ADP Lemma=al NamedEntityTag=O]
[Text=que CharacterOffsetBegin=80 CharacterOffsetEnd=83 PartOfSpeech=PRON Lemma=que NamedEntityTag=O]
[Text=en CharacterOffsetBegin=84 CharacterOffsetEnd=86 PartOfSpeech=ADP Lemma=en NamedEntityTag=O]
[Text=este CharacterOffsetBegin=87 CharacterOffsetEnd=91 PartOfSpeech=DET Lemma=este NamedEntityTag=O]
[Text=momento CharacterOffsetBegin=92 CharacterOffsetEnd=99 PartOfSpeech=NOUN Lemma=momento NamedEntityTag=O]
[Text=identi CharacterOffsetBegin=100 CharacterOffsetEnd=106 PartOfSpeech=ADJ Lemma=identi NamedEntityTag=O]
[Text=- CharacterOffsetBegin=106 CharacterOffsetEnd=107 PartOfSpeech=PUNCT Lemma=- NamedEntityTag=O]
[Text=fica CharacterOffsetBegin=108 CharacterOffsetEnd=112 PartOfSpeech=ADJ Lemma=fica NamedEntityTag=O]
[Text=con CharacterOffsetBegin=113 CharacterOffsetEnd=116 PartOfSpeech=ADP Lemma=con NamedEntityTag=O]
[Text=la CharacterOffsetBegin=117 CharacterOffsetEnd=119 PartOfSpeech=DET Lemma=la NamedEntityTag=O]
[Text=fotografía CharacterOffsetBegin=120 CharacterOffsetEnd=130 PartOfSpeech=NOUN Lemma=fotografía NamedEntityTag=O]
[Text=que CharacterOffsetBegin=131 CharacterOffsetEnd=134 PartOfSpeech=PRON Lemma=que NamedEntityTag=O]
[Text=se CharacterOffsetBegin=135 CharacterOffsetEnd=137 PartOfSpeech=PRON Lemma=se NamedEntityTag=O]
[Text=le CharacterOffsetBegin=138 CharacterOffsetEnd=140 PartOfSpeech=PRON Lemma=le NamedEntityTag=O]
[Text=pone CharacterOffsetBegin=141 CharacterOffsetEnd=145 PartOfSpeech=VERB Lemma=pone NamedEntityTag=O]
[Text=a CharacterOffsetBegin=146 CharacterOffsetEnd=147 PartOfSpeech=ADP Lemma=a NamedEntityTag=O]
[Text=la CharacterOffsetBegin=148 CharacterOffsetEnd=150 PartOfSpeech=DET Lemma=la NamedEntityTag=O]
[Text=vista CharacterOffsetBegin=151 CharacterOffsetEnd=156 PartOfSpeech=NOUN Lemma=vista NamedEntityTag=O]
[Text=y CharacterOffsetBegin=157 CharacterOffsetEnd=158 PartOfSpeech=CCONJ Lemma=y NamedEntityTag=O]
[Text=-- CharacterOffsetBegin=158 CharacterOffsetEnd=160 PartOfSpeech=NUM Lemma=-- NamedEntityTag=O]
[Text=otros CharacterOffsetBegin=161 CharacterOffsetEnd=166 PartOfSpeech=DET Lemma=otros NamedEntityTag=O]
[Text=compañeros CharacterOffsetBegin=167 CharacterOffsetEnd=177 PartOfSpeech=NOUN Lemma=compañeros NamedEntityTag=O]
[Text=a CharacterOffsetBegin=178 CharacterOffsetEnd=179 PartOfSpeech=ADP Lemma=a NamedEntityTag=O]
[Text=los CharacterOffsetBegin=180 CharacterOffsetEnd=183 PartOfSpeech=DET Lemma=los NamedEntityTag=O]
[Text=que CharacterOffsetBegin=184 CharacterOffsetEnd=187 PartOfSpeech=PRON Lemma=que NamedEntityTag=O]
[Text=sólo CharacterOffsetBegin=188 CharacterOffsetEnd=192 PartOfSpeech=ADV Lemma=sólo NamedEntityTag=O]
[Text=conoció CharacterOffsetBegin=193 CharacterOffsetEnd=200 PartOfSpeech=VERB Lemma=conoció NamedEntityTag=O]
[Text=y CharacterOffsetBegin=201 CharacterOffsetEnd=202 PartOfSpeech=CCONJ Lemma=y NamedEntityTag=O]
[Text=conoce CharacterOffsetBegin=203 CharacterOffsetEnd=209 PartOfSpeech=VERB Lemma=conoce NamedEntityTag=O]
[Text=como CharacterOffsetBegin=210 CharacterOffsetEnd=214 PartOfSpeech=SCONJ Lemma=como NamedEntityTag=O]
[Text=" CharacterOffsetBegin=215 CharacterOffsetEnd=216 PartOfSpeech=PUNCT Lemma=" NamedEntityTag=O]
[Text=JOEL CharacterOffsetBegin=216 CharacterOffsetEnd=220 PartOfSpeech=PROPN Lemma=joel NamedEntityTag=O]
[Text=" CharacterOffsetBegin=220 CharacterOffsetEnd=221 PartOfSpeech=PUNCT Lemma=" NamedEntityTag=O]
[Text=, CharacterOffsetBegin=221 CharacterOffsetEnd=222 PartOfSpeech=PUNCT Lemma=, NamedEntityTag=O]
[Text=" CharacterOffsetBegin=223 CharacterOffsetEnd=224 PartOfSpeech=PUNCT Lemma=" NamedEntityTag=O]
[Text=ANTONIO CharacterOffsetBegin=224 CharacterOffsetEnd=231 PartOfSpeech=PROPN Lemma=antonio NamedEntityTag=O]
[Text=" CharacterOffsetBegin=231 CharacterOffsetEnd=232 PartOfSpeech=PUNCT Lemma=" NamedEntityTag=O]
[Text=y CharacterOffsetBegin=233 CharacterOffsetEnd=234 PartOfSpeech=CCONJ Lemma=y NamedEntityTag=O]
[Text=" CharacterOffsetBegin=235 CharacterOffsetEnd=236 PartOfSpeech=PUNCT Lemma=" NamedEntityTag=O]
[Text=ESPIDIRION CharacterOffsetBegin=236 CharacterOffsetEnd=246 PartOfSpeech=PROPN Lemma=espidirion NamedEntityTag=MISC]
[Text=" CharacterOffsetBegin=246 CharacterOffsetEnd=247 PartOfSpeech=PUNCT Lemma=" NamedEntityTag=O]
[Text=que CharacterOffsetBegin=248 CharacterOffsetEnd=251 PartOfSpeech=PRON Lemma=que NamedEntityTag=O]
[Text=pasaron CharacterOffsetBegin=252 CharacterOffsetEnd=259 PartOfSpeech=VERB Lemma=pasaron NamedEntityTag=O]
[Text=a CharacterOffsetBegin=260 CharacterOffsetEnd=261 PartOfSpeech=ADP Lemma=a NamedEntityTag=O]
[Text=formar CharacterOffsetBegin=262 CharacterOffsetEnd=268 PartOfSpeech=VERB Lemma=formar NamedEntityTag=O]
[Text=parte CharacterOffsetBegin=269 CharacterOffsetEnd=274 PartOfSpeech=NOUN Lemma=parte NamedEntityTag=O]
[Text=de CharacterOffsetBegin=275 CharacterOffsetEnd=277 PartOfSpeech=ADP Lemma=de NamedEntityTag=O]
[Text=la CharacterOffsetBegin=278 CharacterOffsetEnd=280 PartOfSpeech=DET Lemma=la NamedEntityTag=O]
[Text=mencionada CharacterOffsetBegin=281 CharacterOffsetEnd=291 PartOfSpeech=ADJ Lemma=mencionada NamedEntityTag=O]
[Text=Brigada CharacterOffsetBegin=292 CharacterOffsetEnd=299 PartOfSpeech=PROPN Lemma=brigada NamedEntityTag=MISC]
[Text=y CharacterOffsetBegin=300 CharacterOffsetEnd=301 PartOfSpeech=CCONJ Lemma=y NamedEntityTag=O]
[Text=también CharacterOffsetBegin=302 CharacterOffsetEnd=309 PartOfSpeech=ADV Lemma=también NamedEntityTag=O]
[Text=empezó CharacterOffsetBegin=310 CharacterOffsetEnd=316 PartOfSpeech=AUX Lemma=empezó NamedEntityTag=O]
[Text=a CharacterOffsetBegin=317 CharacterOffsetEnd=318 PartOfSpeech=ADP Lemma=a NamedEntityTag=O]
[Text=vi CharacterOffsetBegin=319 CharacterOffsetEnd=321 PartOfSpeech=VERB Lemma=vi NamedEntityTag=O]
[Text=- CharacterOffsetBegin=321 CharacterOffsetEnd=322 PartOfSpeech=PUNCT Lemma=- NamedEntityTag=O]
[Text=sitarlos CharacterOffsetBegin=323 CharacterOffsetEnd=331 PartOfSpeech=NOUN Lemma=sitarlos NamedEntityTag=O]
[Text=con CharacterOffsetBegin=332 CharacterOffsetEnd=335 PartOfSpeech=ADP Lemma=con NamedEntityTag=O]
[Text=frecuencia CharacterOffsetBegin=336 CharacterOffsetEnd=346 PartOfSpeech=NOUN Lemma=frecuencia NamedEntityTag=O]
[Text=WENCESLAO CharacterOffsetBegin=347 CharacterOffsetEnd=356 PartOfSpeech=PROPN Lemma=wenceslao NamedEntityTag=PERSON]
[Text=JOSE CharacterOffsetBegin=357 CharacterOffsetEnd=361 PartOfSpeech=PROPN Lemma=jose NamedEntityTag=PERSON]
[Text=GARCIA CharacterOffsetBegin=362 CharacterOffsetEnd=368 PartOfSpeech=PROPN Lemma=garcia NamedEntityTag=PERSON]
[Text=( CharacterOffsetBegin=369 CharacterOffsetEnd=370 PartOfSpeech=PUNCT Lemma=( NamedEntityTag=O]
[Text=a CharacterOffsetBegin=370 CharacterOffsetEnd=371 PartOfSpeech=ADP Lemma=a NamedEntityTag=O]
[Text=) CharacterOffsetBegin=371 CharacterOffsetEnd=372 PartOfSpeech=PUNCT Lemma=) NamedEntityTag=O]
[Text=- CharacterOffsetBegin=373 CharacterOffsetEnd=374 PartOfSpeech=PUNCT Lemma=- NamedEntityTag=O]
[Text=" CharacterOffsetBegin=375 CharacterOffsetEnd=376 PartOfSpeech=PUNCT Lemma=" NamedEntityTag=O]
[Text=SAM CharacterOffsetBegin=376 CharacterOffsetEnd=379 PartOfSpeech=PROPN Lemma=sam NamedEntityTag=MISC]
[Text=" CharacterOffsetBegin=379 CharacterOffsetEnd=380 PartOfSpeech=PUNCT Lemma=" NamedEntityTag=O]
[Text=o CharacterOffsetBegin=381 CharacterOffsetEnd=382 PartOfSpeech=CCONJ Lemma=o NamedEntityTag=O]
[Text=" CharacterOffsetBegin=383 CharacterOffsetEnd=384 PartOfSpeech=PUNCT Lemma=" NamedEntityTag=O]
[Text=SAMUEL CharacterOffsetBegin=384 CharacterOffsetEnd=390 PartOfSpeech=PROPN Lemma=samuel NamedEntityTag=MISC]
[Text=" CharacterOffsetBegin=390 CharacterOffsetEnd=391 PartOfSpeech=PUNCT Lemma=" NamedEntityTag=O]
[Text=, CharacterOffsetBegin=391 CharacterOffsetEnd=392 PartOfSpeech=PUNCT Lemma=, NamedEntityTag=O]
[Text=quienes CharacterOffsetBegin=393 CharacterOffsetEnd=400 PartOfSpeech=PRON Lemma=quienes NamedEntityTag=O]
[Text=llevaba CharacterOffsetBegin=401 CharacterOffsetEnd=408 PartOfSpeech=VERB Lemma=llevaba NamedEntityTag=O]
[Text=volantes CharacterOffsetBegin=409 CharacterOffsetEnd=417 PartOfSpeech=NOUN Lemma=volantes NamedEntityTag=O]
[Text=y CharacterOffsetBegin=418 CharacterOffsetEnd=419 PartOfSpeech=CCONJ Lemma=y NamedEntityTag=O]
[Text=dinero CharacterOffsetBegin=420 CharacterOffsetEnd=426 PartOfSpeech=NOUN Lemma=dinero NamedEntityTag=O]
[Text=, CharacterOffsetBegin=426 CharacterOffsetEnd=427 PartOfSpeech=PUNCT Lemma=, NamedEntityTag=O]
[Text=--- CharacterOffsetBegin=428 CharacterOffsetEnd=431 PartOfSpeech=NOUN Lemma=--- NamedEntityTag=O]
[Text=pues CharacterOffsetBegin=432 CharacterOffsetEnd=436 PartOfSpeech=SCONJ Lemma=pues NamedEntityTag=O]
[Text=ya CharacterOffsetBegin=437 CharacterOffsetEnd=439 PartOfSpeech=ADV Lemma=ya NamedEntityTag=O]
[Text=para CharacterOffsetBegin=440 CharacterOffsetEnd=444 PartOfSpeech=ADP Lemma=para NamedEntityTag=O]
[Text=esa CharacterOffsetBegin=445 CharacterOffsetEnd=448 PartOfSpeech=DET Lemma=esa NamedEntityTag=O]
[Text=época CharacterOffsetBegin=449 CharacterOffsetEnd=454 PartOfSpeech=NOUN Lemma=época NamedEntityTag=O]
[Text=todos CharacterOffsetBegin=455 CharacterOffsetEnd=460 PartOfSpeech=DET Lemma=todos NamedEntityTag=O]
[Text=los CharacterOffsetBegin=461 CharacterOffsetEnd=464 PartOfSpeech=DET Lemma=los NamedEntityTag=O]
[Text=miembros CharacterOffsetBegin=465 CharacterOffsetEnd=473 PartOfSpeech=NOUN Lemma=miembros NamedEntityTag=O]
[Text=de CharacterOffsetBegin=474 CharacterOffsetEnd=476 PartOfSpeech=ADP Lemma=de NamedEntityTag=O]
[Text=laBriga CharacterOffsetBegin=477 CharacterOffsetEnd=484 PartOfSpeech=PROPN Lemma=labriga NamedEntityTag=O]
[Text=- CharacterOffsetBegin=484 CharacterOffsetEnd=485 PartOfSpeech=PUNCT Lemma=- NamedEntityTag=O]
[Text=da CharacterOffsetBegin=486 CharacterOffsetEnd=488 PartOfSpeech=VERB Lemma=da NamedEntityTag=O]
[Text=se CharacterOffsetBegin=489 CharacterOffsetEnd=491 PartOfSpeech=PRON Lemma=se NamedEntityTag=O]
[Text=consideraban CharacterOffsetBegin=492 CharacterOffsetEnd=504 PartOfSpeech=VERB Lemma=consideraban NamedEntityTag=O]
[Text=" CharacterOffsetBegin=505 CharacterOffsetEnd=506 PartOfSpeech=PUNCT Lemma=" NamedEntityTag=O]
[Text=profesionales CharacterOffsetBegin=506 CharacterOffsetEnd=519 PartOfSpeech=NOUN Lemma=profesionales NamedEntityTag=O]
[Text=" CharacterOffsetBegin=519 CharacterOffsetEnd=520 PartOfSpeech=PUNCT Lemma=" NamedEntityTag=O]
[Text=de CharacterOffsetBegin=521 CharacterOffsetEnd=523 PartOfSpeech=ADP Lemma=de NamedEntityTag=O]
[Text=la CharacterOffsetBegin=524 CharacterOffsetEnd=526 PartOfSpeech=DET Lemma=la NamedEntityTag=O]
[Text=lucha CharacterOffsetBegin=527 CharacterOffsetEnd=532 PartOfSpeech=NOUN Lemma=lucha NamedEntityTag=O]
[Text=revolu CharacterOffsetBegin=533 CharacterOffsetEnd=539 PartOfSpeech=ADJ Lemma=revolu NamedEntityTag=O]
[Text=cionaria CharacterOffsetBegin=540 CharacterOffsetEnd=548 PartOfSpeech=ADJ Lemma=cionaria NamedEntityTag=O]
[Text=, CharacterOffsetBegin=548 CharacterOffsetEnd=549 PartOfSpeech=PUNCT Lemma=, NamedEntityTag=O]
[Text=aclarando CharacterOffsetBegin=550 CharacterOffsetEnd=559 PartOfSpeech=AUX Lemma=aclarando NamedEntityTag=O]
[Text=que CharacterOffsetBegin=560 CharacterOffsetEnd=563 PartOfSpeech=SCONJ Lemma=que NamedEntityTag=O]
[Text=todas CharacterOffsetBegin=564 CharacterOffsetEnd=569 PartOfSpeech=DET Lemma=todas NamedEntityTag=O]
[Text=estas CharacterOffsetBegin=570 CharacterOffsetEnd=575 PartOfSpeech=DET Lemma=estas NamedEntityTag=O]
[Text=actividades CharacterOffsetBegin=576 CharacterOffsetEnd=587 PartOfSpeech=NOUN Lemma=actividades NamedEntityTag=O]
[Text=se CharacterOffsetBegin=588 CharacterOffsetEnd=590 PartOfSpeech=PRON Lemma=se NamedEntityTag=O]
[Text=-- CharacterOffsetBegin=591 CharacterOffsetEnd=593 PartOfSpeech=NUM Lemma=-- NamedEntityTag=O]
[Text=realizaron CharacterOffsetBegin=594 CharacterOffsetEnd=604 PartOfSpeech=VERB Lemma=realizaron NamedEntityTag=O]
[Text=en CharacterOffsetBegin=605 CharacterOffsetEnd=607 PartOfSpeech=ADP Lemma=en NamedEntityTag=O]
[Text=Jamiltepec CharacterOffsetBegin=608 CharacterOffsetEnd=618 PartOfSpeech=PROPN Lemma=jamiltepec NamedEntityTag=CITY]
[Text=, CharacterOffsetBegin=618 CharacterOffsetEnd=619 PartOfSpeech=PUNCT Lemma=, NamedEntityTag=O]
[Text=que CharacterOffsetBegin=620 CharacterOffsetEnd=623 PartOfSpeech=PRON Lemma=que NamedEntityTag=O]
[Text=fue CharacterOffsetBegin=624 CharacterOffsetEnd=627 PartOfSpeech=AUX Lemma=fue NamedEntityTag=O]
[Text=el CharacterOffsetBegin=628 CharacterOffsetEnd=630 PartOfSpeech=DET Lemma=el NamedEntityTag=O]
[Text=lugar CharacterOffsetBegin=631 CharacterOffsetEnd=636 PartOfSpeech=NOUN Lemma=lugar NamedEntityTag=O]
[Text=en CharacterOffsetBegin=637 CharacterOffsetEnd=639 PartOfSpeech=ADP Lemma=en NamedEntityTag=O]
[Text=donde CharacterOffsetBegin=640 CharacterOffsetEnd=645 PartOfSpeech=PRON Lemma=donde NamedEntityTag=O]
[Text=- CharacterOffsetBegin=646 CharacterOffsetEnd=647 PartOfSpeech=PUNCT Lemma=- NamedEntityTag=O]
[Text=ocuparon CharacterOffsetBegin=648 CharacterOffsetEnd=656 PartOfSpeech=VERB Lemma=ocuparon NamedEntityTag=O]
[Text=la CharacterOffsetBegin=657 CharacterOffsetEnd=659 PartOfSpeech=DET Lemma=la NamedEntityTag=O]
[Text=casa CharacterOffsetBegin=660 CharacterOffsetEnd=664 PartOfSpeech=NOUN Lemma=casa NamedEntityTag=O]
[Text=deshabitada CharacterOffsetBegin=665 CharacterOffsetEnd=676 PartOfSpeech=ADJ Lemma=deshabitada NamedEntityTag=O]
[Text=y CharacterOffsetBegin=677 CharacterOffsetEnd=678 PartOfSpeech=CCONJ Lemma=y NamedEntityTag=O]
[Text=tenían CharacterOffsetBegin=679 CharacterOffsetEnd=685 PartOfSpeech=VERB Lemma=tenían NamedEntityTag=O]
[Text=los CharacterOffsetBegin=686 CharacterOffsetEnd=689 PartOfSpeech=DET Lemma=los NamedEntityTag=O]
[Text=elementos CharacterOffsetBegin=690 CharacterOffsetEnd=699 PartOfSpeech=NOUN Lemma=elementos NamedEntityTag=O]
[Text=- CharacterOffsetBegin=700 CharacterOffsetEnd=701 PartOfSpeech=PUNCT Lemma=- NamedEntityTag=O]
[Text=de CharacterOffsetBegin=702 CharacterOffsetEnd=704 PartOfSpeech=ADP Lemma=de NamedEntityTag=O]
[Text=impresión CharacterOffsetBegin=705 CharacterOffsetEnd=714 PartOfSpeech=NOUN Lemma=impresión NamedEntityTag=O]
[Text=y CharacterOffsetBegin=715 CharacterOffsetEnd=716 PartOfSpeech=CCONJ Lemma=y NamedEntityTag=O]
[Text=el CharacterOffsetBegin=717 CharacterOffsetEnd=719 PartOfSpeech=DET Lemma=el NamedEntityTag=O]
[Text=papel CharacterOffsetBegin=720 CharacterOffsetEnd=725 PartOfSpeech=NOUN Lemma=papel NamedEntityTag=O]
[Text=que CharacterOffsetBegin=726 CharacterOffsetEnd=729 PartOfSpeech=PRON Lemma=que NamedEntityTag=O]
[Text=empleaban CharacterOffsetBegin=730 CharacterOffsetEnd=739 PartOfSpeech=VERB Lemma=empleaban NamedEntityTag=O]
[Text=lo CharacterOffsetBegin=740 CharacterOffsetEnd=742 PartOfSpeech=DET Lemma=lo NamedEntityTag=O]
[Text=adquirían CharacterOffsetBegin=743 CharacterOffsetEnd=752 PartOfSpeech=VERB Lemma=adquirían NamedEntityTag=O]
[Text=-- CharacterOffsetBegin=753 CharacterOffsetEnd=755 PartOfSpeech=NUM Lemma=-- NamedEntityTag=O]
[Text=comprando CharacterOffsetBegin=756 CharacterOffsetEnd=767 PartOfSpeech=VERB Lemma=comprando NamedEntityTag=O]
[Text=lo CharacterOffsetBegin=756 CharacterOffsetEnd=767 PartOfSpeech=PRON Lemma=lo NamedEntityTag=O]
[Text=en CharacterOffsetBegin=768 CharacterOffsetEnd=770 PartOfSpeech=ADP Lemma=en NamedEntityTag=O]
[Text=papelerías CharacterOffsetBegin=771 CharacterOffsetEnd=781 PartOfSpeech=NOUN Lemma=papelerías NamedEntityTag=O]
[Text=de CharacterOffsetBegin=782 CharacterOffsetEnd=784 PartOfSpeech=ADP Lemma=de NamedEntityTag=O]
[Text=Pinotepa CharacterOffsetBegin=785 CharacterOffsetEnd=793 PartOfSpeech=PROPN Lemma=pinotepa NamedEntityTag=CITY]
[Text=Nacional CharacterOffsetBegin=794 CharacterOffsetEnd=802 PartOfSpeech=PROPN Lemma=nacional NamedEntityTag=CITY]
[Text=; CharacterOffsetBegin=802 CharacterOffsetEnd=803 PartOfSpeech=PUNCT Lemma=; NamedEntityTag=O]
[Text=que CharacterOffsetBegin=804 CharacterOffsetEnd=807 PartOfSpeech=SCONJ Lemma=que NamedEntityTag=O]
[Text=en CharacterOffsetBegin=808 CharacterOffsetEnd=810 PartOfSpeech=ADP Lemma=en NamedEntityTag=O]
[Text=agosto CharacterOffsetBegin=811 CharacterOffsetEnd=817 PartOfSpeech=NOUN Lemma=agosto NamedEntityTag=DATE NormalizedNamedEntityTag=XXXX-08 Timex=<TIMEX3 tid="t2" type="DATE" value="XXXX-08">agosto</TIMEX3>]
[Text=del CharacterOffsetBegin=818 CharacterOffsetEnd=821 PartOfSpeech=ADP Lemma=del NamedEntityTag=O]
[Text=año CharacterOffsetBegin=822 CharacterOffsetEnd=825 PartOfSpeech=NOUN Lemma=año NamedEntityTag=O]
[Text=citado CharacterOffsetBegin=826 CharacterOffsetEnd=832 PartOfSpeech=ADJ Lemma=citado NamedEntityTag=O]
[Text=, CharacterOffsetBegin=832 CharacterOffsetEnd=833 PartOfSpeech=PUNCT Lemma=, NamedEntityTag=O]
[Text=" CharacterOffsetBegin=834 CharacterOffsetEnd=835 PartOfSpeech=PUNCT Lemma=" NamedEntityTag=O]
[Text=SAM CharacterOffsetBegin=835 CharacterOffsetEnd=838 PartOfSpeech=PROPN Lemma=sam NamedEntityTag=MISC]
[Text=" CharacterOffsetBegin=838 CharacterOffsetEnd=839 PartOfSpeech=PUNCT Lemma=" NamedEntityTag=O]
[Text=deja CharacterOffsetBegin=840 CharacterOffsetEnd=844 PartOfSpeech=VERB Lemma=deja NamedEntityTag=O]
[Text=de CharacterOffsetBegin=845 CharacterOffsetEnd=847 PartOfSpeech=ADP Lemma=de NamedEntityTag=O]
[Text=visitar CharacterOffsetBegin=848 CharacterOffsetEnd=858 PartOfSpeech=VERB Lemma=visitar NamedEntityTag=O]
[Text=los CharacterOffsetBegin=848 CharacterOffsetEnd=858 PartOfSpeech=DET Lemma=los NamedEntityTag=O]
[Text=y CharacterOffsetBegin=859 CharacterOffsetEnd=860 PartOfSpeech=CCONJ Lemma=y NamedEntityTag=O]
[Text=ante CharacterOffsetBegin=861 CharacterOffsetEnd=865 PartOfSpeech=ADP Lemma=ante NamedEntityTag=O]

Dependency Parse (enhanced plus plus dependencies):
root(ROOT-0, llegaron-7)
advcl(empleaban-158, comprando-162)
obj(comprando-162, lo-163)
advcl(tenían-148, visitar-182)
obj(visitar-182, los-183)
cc(julio-3, y-1)
case(julio-3, en-2)
obl(llegaron-7, julio-3)
case(año-6, del-4)
det(año-6, mismo-5)
nmod(julio-3, año-6)
nsubj(llegaron-7, LUIS-8)
flat(LUIS-8, MIGUEL-9)
flat(LUIS-8, CORRAL-10)
punct(GARCIA-12, --11)
flat(LUIS-8, GARCIA-12)
punct(a-14, (-13)
appos(GARCIA-12, a-14)
punct(a-14, )-15)
punct(GARCIA-12, "-16)
det(GUERO-18, EL-17)
obj(llegaron-7, GUERO-18)
punct(GUERO-18, "-19)
punct(da-113, ,-20)
case(que-22, al-21)
obj(da-113, que-22)
case(momento-25, en-23)
det(momento-25, este-24)
obl(da-113, momento-25)
amod(momento-25, identi-26)
punct(fica-28, --27)
amod(momento-25, fica-28)
case(fotografía-31, con-29)
det(fotografía-31, la-30)
nmod(fica-28, fotografía-31)
nsubj(pone-35, que-32)
obj(pone-35, se-33)
obj(pone-35, le-34)
acl(fotografía-31, pone-35)
case(vista-38, a-36)
det(vista-38, la-37)
obl(pone-35, vista-38)
cc(compañeros-42, y-39)
nummod(compañeros-42, ---40)
det(compañeros-42, otros-41)
amod(momento-25, compañeros-42)
conj:y(fica-28, compañeros-42)
case(que-45, a-43)
det(que-45, los-44)
obj(conoció-47, que-45)
advmod(conoció-47, sólo-46)
acl(compañeros-42, conoció-47)
cc(conoce-49, y-48)
acl(compañeros-42, conoce-49)
conj:y(conoció-47, conoce-49)
mark(JOEL-52, como-50)
punct(JOEL-52, "-51)
obj(conoce-49, JOEL-52)
punct(JOEL-52, "-53)
punct(momento-25, ,-54)
punct(ANTONIO-56, "-55)
nsubj(da-113, ANTONIO-56)
conj:y(ANTONIO-56, ANTONIO-56''')
nsubj(da-113, ANTONIO-56''')
punct(ANTONIO-56, "-57)
cc(ESPIDIRION-60, y-58)
punct(ESPIDIRION-60, "-59)
conj:y(ANTONIO-56, ESPIDIRION-60)
nsubj(da-113, ESPIDIRION-60)
punct(ESPIDIRION-60, "-61)
nsubj(formar-65, que-62)
aux(formar-65, pasaron-63)
mark(formar-65, a-64)
acl(ANTONIO-56, formar-65)
compound(formar-65, parte-66)
case(Brigada-70, de-67)
det(Brigada-70, la-68)
amod(Brigada-70, mencionada-69)
obj(formar-65, Brigada-70)
cc(ANTONIO-56''', y-71)
advmod(vi-75, también-72)
aux(vi-75, empezó-73)
mark(vi-75, a-74)
acl(ANTONIO-56''', vi-75)
punct(sitarlos-77, --76)
dep(vi-75, sitarlos-77)
case(frecuencia-79, con-78)
nmod(sitarlos-77, frecuencia-79)
appos(frecuencia-79, WENCESLAO-80)
flat(WENCESLAO-80, JOSE-81)
flat(WENCESLAO-80, GARCIA-82)
punct(a-84, (-83)
appos(frecuencia-79, a-84)
punct(a-84, )-85)
punct(sitarlos-77, --86)
punct(ANTONIO-56, "-87)
flat(ANTONIO-56, SAM-88)
punct(SAMUEL-92, "-89)
cc(SAMUEL-92, o-90)
punct(SAMUEL-92, "-91)
conj:o(ANTONIO-56, SAMUEL-92)
nsubj(da-113, SAMUEL-92)
punct(SAMUEL-92, "-93)
punct(llevaba-96, ,-94)
nsubj(llevaba-96, quienes-95)
acl(ANTONIO-56, llevaba-96)
obj(llevaba-96, volantes-97)
cc(dinero-99, y-98)
obj(llevaba-96, dinero-99)
conj:y(volantes-97, dinero-99)
punct(llevaba-96, ,-100)
obj(da-113, ----101)
mark(da-113, pues-102)
advmod(da-113, ya-103)
case(época-106, para-104)
det(época-106, esa-105)
obl(da-113, época-106)
det(los-108, todos-107)
det(miembros-109, los-108)
nsubj(da-113, miembros-109)
case(laBriga-111, de-110)
nmod(miembros-109, laBriga-111)
punct(da-113, --112)
acl(GUERO-18, da-113)
obj(da-113, se-114)
csubj(da-113, consideraban-115)
punct(profesionales-117, "-116)
obj(consideraban-115, profesionales-117)
punct(profesionales-117, "-118)
case(lucha-121, de-119)
det(lucha-121, la-120)
nmod(profesionales-117, lucha-121)
amod(lucha-121, revolu-122)
amod(lucha-121, cionaria-123)
punct(da-113, ,-124)
aux(realizaron-132, aclarando-125)
mark(realizaron-132, que-126)
det(estas-128, todas-127)
det(actividades-129, estas-128)
nsubj(realizaron-132, actividades-129)
obj(realizaron-132, se-130)
nsubj(realizaron-132, ---131)
advcl(llegaron-7, realizaron-132)
case(Jamiltepec-134, en-133)
obl(realizaron-132, Jamiltepec-134)
punct(lugar-139, ,-135)
nsubj(lugar-139, que-136)
cop(lugar-139, fue-137)
det(lugar-139, el-138)
acl(Jamiltepec-134, lugar-139)
case(donde-141, en-140)
obl(ocuparon-143, donde-141)
punct(ocuparon-143, --142)
acl(lugar-139, ocuparon-143)
det(casa-145, la-144)
obj(ocuparon-143, casa-145)
amod(casa-145, deshabitada-146)
cc(tenían-148, y-147)
acl(lugar-139, tenían-148)
conj:y(ocuparon-143, tenían-148)
det(elementos-150, los-149)
obj(tenían-148, elementos-150)
punct(impresión-153, --151)
case(impresión-153, de-152)
nmod(elementos-150, impresión-153)
cc(papel-156, y-154)
det(papel-156, el-155)
nmod(elementos-150, papel-156)
conj:y(impresión-153, papel-156)
obj(empleaban-158, que-157)
acl(papel-156, empleaban-158)
obj(adquirían-160, lo-159)
csubj(empleaban-158, adquirían-160)
nsubj(adquirían-160, ---161)
case(papelerías-165, en-164)
obl(comprando-162, papelerías-165)
case(Pinotepa-167, de-166)
nmod(papelerías-165, Pinotepa-167)
flat(Pinotepa-167, Nacional-168)
punct(impresión-153, ;-169)
mark(visitar-182, que-170)
case(agosto-172, en-171)
obl(visitar-182, agosto-172)
case(año-174, del-173)
nmod(agosto-172, año-174)
amod(año-174, citado-175)
punct(agosto-172, ,-176)
punct(SAM-178, "-177)
nsubj(visitar-182, SAM-178)
punct(SAM-178, "-179)
aux(visitar-182, deja-180)
mark(visitar-182, de-181)
cc(ante-185, y-184)
conj:y(visitar-182, ante-185)
advcl(tenían-148, ante-185)

Extracted the following NER entity mentions:
julio	DATE	DATE:-1.0
LUIS MIGUEL CORRAL-
GARCIA	PERSON	PERSON:0.8031585464908036
GUERO	ORGANIZATION	ORGANIZATION:0.5222786546467456
ESPIDIRION	MISC	MISC:0.7619898401338328
Brigada	MISC	MISC:0.32290427701102065
WENCESLAO JOSE GARCIA	PERSON	PERSON:0.924676815555088
SAM	MISC	MISC:0.4592273296303875
SAMUEL	MISC	MISC:0.7656661670401363
Jamiltepec	CITY	LOCATION:0.7779916423450497
Pinotepa Nacional	CITY	LOCATION:0.8356897310122816
agosto	DATE	DATE:-1.0
SAM	MISC	MISC:0.6669900873487915
