Document: ID=file_467.txt (6 sentences, 188 tokens)

Sentence #1 (4 tokens):
ZAMORA GALINDO Camerino.

Tokens:
[Text=ZAMORA CharacterOffsetBegin=0 CharacterOffsetEnd=6 PartOfSpeech=PROPN Lemma=zamora NamedEntityTag=PERSON]
[Text=GALINDO CharacterOffsetBegin=7 CharacterOffsetEnd=14 PartOfSpeech=PROPN Lemma=galindo NamedEntityTag=PERSON]
[Text=Camerino CharacterOffsetBegin=15 CharacterOffsetEnd=23 PartOfSpeech=PROPN Lemma=camerino NamedEntityTag=PERSON]
[Text=. CharacterOffsetBegin=23 CharacterOffsetEnd=24 PartOfSpeech=PUNCT Lemma=. NamedEntityTag=O]

Dependency Parse (enhanced plus plus dependencies):
root(ROOT-0, ZAMORA-1)
flat(ZAMORA-1, GALINDO-2)
flat(ZAMORA-1, Camerino-3)
punct(ZAMORA-1, .-4)

Extracted the following NER entity mentions:
ZAMORA GALINDO Camerino	PERSON	PERSON:0.8974909421221953

Sentence #2 (2 tokens):
Exp.

Tokens:
[Text=Exp CharacterOffsetBegin=25 CharacterOffsetEnd=28 PartOfSpeech=PROPN Lemma=exp NamedEntityTag=O]
[Text=. CharacterOffsetBegin=28 CharacterOffsetEnd=29 PartOfSpeech=PUNCT Lemma=. NamedEntityTag=O]

Dependency Parse (enhanced plus plus dependencies):
root(ROOT-0, Exp-1)
punct(Exp-1, .-2)

Extracted the following NER entity mentions:

Sentence #3 (2 tokens):
11-235-75.

Tokens:
[Text=11-235-75 CharacterOffsetBegin=30 CharacterOffsetEnd=39 PartOfSpeech=NOUN Lemma=11-235-75 NamedEntityTag=O]
[Text=. CharacterOffsetBegin=39 CharacterOffsetEnd=40 PartOfSpeech=PUNCT Lemma=. NamedEntityTag=O]

Dependency Parse (enhanced plus plus dependencies):
root(ROOT-0, 11-235-75-1)
punct(11-235-75-1, .-2)

Extracted the following NER entity mentions:

Sentence #4 (5 tokens):
-6- H-263 L-29.

Tokens:
[Text=-6 CharacterOffsetBegin=41 CharacterOffsetEnd=43 PartOfSpeech=NUM Lemma=-6 NamedEntityTag=O]
[Text=- CharacterOffsetBegin=43 CharacterOffsetEnd=44 PartOfSpeech=PUNCT Lemma=- NamedEntityTag=O]
[Text=H-263 CharacterOffsetBegin=45 CharacterOffsetEnd=50 PartOfSpeech=NUM Lemma=h-263 NamedEntityTag=O]
[Text=L-29 CharacterOffsetBegin=51 CharacterOffsetEnd=55 PartOfSpeech=NUM Lemma=l-29 NamedEntityTag=O]
[Text=. CharacterOffsetBegin=55 CharacterOffsetEnd=56 PartOfSpeech=PUNCT Lemma=. NamedEntityTag=O]

Dependency Parse (enhanced plus plus dependencies):
root(ROOT-0, -6-1)
punct(-6-1, --2)
appos(-6-1, H-263-3)
compound(H-263-3, L-29-4)
punct(-6-1, .-5)

Extracted the following NER entity mentions:

Sentence #5 (107 tokens):
el declarante se van con "EL GUERO" a la casa que tie-
nen en Tlalmanalco; que el día 12 de dicho mes se vol
vieron a reunir "EL GUERO", ROBERTO ANTONIO GALLAN---
GOS CRUZ (a) "SIMON", "EL CLASICO" y el dicente, en -
la Unidad Ermita-Zaragoza, diciéndoles GALLANGOS CRUZ
que el producto del botínascendió a un millón ocho---
cientos mil pesos, y que éste mismo le dio al dicente
$1, 000.00 para gastos personales, cantiad que poste-
riormente le fue entregada mensualmente.

Tokens:
[Text=el CharacterOffsetBegin=57 CharacterOffsetEnd=59 PartOfSpeech=DET Lemma=el NamedEntityTag=O]
[Text=declarante CharacterOffsetBegin=60 CharacterOffsetEnd=70 PartOfSpeech=NOUN Lemma=declarante NamedEntityTag=O]
[Text=se CharacterOffsetBegin=71 CharacterOffsetEnd=73 PartOfSpeech=PRON Lemma=se NamedEntityTag=O]
[Text=van CharacterOffsetBegin=74 CharacterOffsetEnd=77 PartOfSpeech=VERB Lemma=van NamedEntityTag=O]
[Text=con CharacterOffsetBegin=78 CharacterOffsetEnd=81 PartOfSpeech=ADP Lemma=con NamedEntityTag=O]
[Text=" CharacterOffsetBegin=82 CharacterOffsetEnd=83 PartOfSpeech=PUNCT Lemma=" NamedEntityTag=O]
[Text=EL CharacterOffsetBegin=83 CharacterOffsetEnd=85 PartOfSpeech=DET Lemma=el NamedEntityTag=MISC]
[Text=GUERO CharacterOffsetBegin=86 CharacterOffsetEnd=91 PartOfSpeech=PROPN Lemma=guero NamedEntityTag=MISC]
[Text=" CharacterOffsetBegin=91 CharacterOffsetEnd=92 PartOfSpeech=PUNCT Lemma=" NamedEntityTag=O]
[Text=a CharacterOffsetBegin=93 CharacterOffsetEnd=94 PartOfSpeech=ADP Lemma=a NamedEntityTag=O]
[Text=la CharacterOffsetBegin=95 CharacterOffsetEnd=97 PartOfSpeech=DET Lemma=la NamedEntityTag=O]
[Text=casa CharacterOffsetBegin=98 CharacterOffsetEnd=102 PartOfSpeech=NOUN Lemma=casa NamedEntityTag=O]
[Text=que CharacterOffsetBegin=103 CharacterOffsetEnd=106 PartOfSpeech=PRON Lemma=que NamedEntityTag=O]
[Text=tie CharacterOffsetBegin=107 CharacterOffsetEnd=110 PartOfSpeech=VERB Lemma=tie NamedEntityTag=O]
[Text=- CharacterOffsetBegin=110 CharacterOffsetEnd=111 PartOfSpeech=PUNCT Lemma=- NamedEntityTag=O]
[Text=nen CharacterOffsetBegin=112 CharacterOffsetEnd=115 PartOfSpeech=VERB Lemma=nen NamedEntityTag=O]
[Text=en CharacterOffsetBegin=116 CharacterOffsetEnd=118 PartOfSpeech=ADP Lemma=en NamedEntityTag=O]
[Text=Tlalmanalco CharacterOffsetBegin=119 CharacterOffsetEnd=130 PartOfSpeech=PROPN Lemma=tlalmanalco NamedEntityTag=CITY]
[Text=; CharacterOffsetBegin=130 CharacterOffsetEnd=131 PartOfSpeech=PUNCT Lemma=; NamedEntityTag=O]
[Text=que CharacterOffsetBegin=132 CharacterOffsetEnd=135 PartOfSpeech=SCONJ Lemma=que NamedEntityTag=O]
[Text=el CharacterOffsetBegin=136 CharacterOffsetEnd=138 PartOfSpeech=DET Lemma=el NamedEntityTag=O]
[Text=día CharacterOffsetBegin=139 CharacterOffsetEnd=142 PartOfSpeech=NOUN Lemma=día NamedEntityTag=O]
[Text=12 CharacterOffsetBegin=143 CharacterOffsetEnd=145 PartOfSpeech=NUM Lemma=12 NamedEntityTag=NUMBER NormalizedNamedEntityTag=12.0]
[Text=de CharacterOffsetBegin=146 CharacterOffsetEnd=148 PartOfSpeech=ADP Lemma=de NamedEntityTag=O]
[Text=dicho CharacterOffsetBegin=149 CharacterOffsetEnd=154 PartOfSpeech=ADJ Lemma=dicho NamedEntityTag=O]
[Text=mes CharacterOffsetBegin=155 CharacterOffsetEnd=158 PartOfSpeech=NOUN Lemma=mes NamedEntityTag=O]
[Text=se CharacterOffsetBegin=159 CharacterOffsetEnd=161 PartOfSpeech=PRON Lemma=se NamedEntityTag=O]
[Text=vol CharacterOffsetBegin=162 CharacterOffsetEnd=165 PartOfSpeech=PROPN Lemma=vol NamedEntityTag=O]
[Text=vieron CharacterOffsetBegin=166 CharacterOffsetEnd=172 PartOfSpeech=VERB Lemma=vieron NamedEntityTag=O]
[Text=a CharacterOffsetBegin=173 CharacterOffsetEnd=174 PartOfSpeech=ADP Lemma=a NamedEntityTag=O]
[Text=reunir CharacterOffsetBegin=175 CharacterOffsetEnd=181 PartOfSpeech=VERB Lemma=reunir NamedEntityTag=O]
[Text=" CharacterOffsetBegin=182 CharacterOffsetEnd=183 PartOfSpeech=PUNCT Lemma=" NamedEntityTag=O]
[Text=EL CharacterOffsetBegin=183 CharacterOffsetEnd=185 PartOfSpeech=DET Lemma=el NamedEntityTag=O]
[Text=GUERO CharacterOffsetBegin=186 CharacterOffsetEnd=191 PartOfSpeech=PROPN Lemma=guero NamedEntityTag=ORGANIZATION]
[Text=" CharacterOffsetBegin=191 CharacterOffsetEnd=192 PartOfSpeech=PUNCT Lemma=" NamedEntityTag=O]
[Text=, CharacterOffsetBegin=192 CharacterOffsetEnd=193 PartOfSpeech=PUNCT Lemma=, NamedEntityTag=O]
[Text=ROBERTO CharacterOffsetBegin=194 CharacterOffsetEnd=201 PartOfSpeech=PROPN Lemma=roberto NamedEntityTag=PERSON]
[Text=ANTONIO CharacterOffsetBegin=202 CharacterOffsetEnd=209 PartOfSpeech=PROPN Lemma=antonio NamedEntityTag=PERSON]
[Text=GALLAN CharacterOffsetBegin=210 CharacterOffsetEnd=216 PartOfSpeech=PROPN Lemma=gallan NamedEntityTag=PERSON]
[Text=--- CharacterOffsetBegin=216 CharacterOffsetEnd=219 PartOfSpeech=NUM Lemma=--- NamedEntityTag=O]
[Text=GOS CharacterOffsetBegin=220 CharacterOffsetEnd=223 PartOfSpeech=PROPN Lemma=gos NamedEntityTag=ORGANIZATION]
[Text=CRUZ CharacterOffsetBegin=224 CharacterOffsetEnd=228 PartOfSpeech=PROPN Lemma=cruz NamedEntityTag=ORGANIZATION]
[Text=( CharacterOffsetBegin=229 CharacterOffsetEnd=230 PartOfSpeech=PUNCT Lemma=( NamedEntityTag=O]
[Text=a CharacterOffsetBegin=230 CharacterOffsetEnd=231 PartOfSpeech=ADP Lemma=a NamedEntityTag=O]
[Text=) CharacterOffsetBegin=231 CharacterOffsetEnd=232 PartOfSpeech=PUNCT Lemma=) NamedEntityTag=O]
[Text=" CharacterOffsetBegin=233 CharacterOffsetEnd=234 PartOfSpeech=PUNCT Lemma=" NamedEntityTag=O]
[Text=SIMON CharacterOffsetBegin=234 CharacterOffsetEnd=239 PartOfSpeech=PROPN Lemma=simon NamedEntityTag=O]
[Text=" CharacterOffsetBegin=239 CharacterOffsetEnd=240 PartOfSpeech=PUNCT Lemma=" NamedEntityTag=O]
[Text=, CharacterOffsetBegin=240 CharacterOffsetEnd=241 PartOfSpeech=PUNCT Lemma=, NamedEntityTag=O]
[Text=" CharacterOffsetBegin=242 CharacterOffsetEnd=243 PartOfSpeech=PUNCT Lemma=" NamedEntityTag=O]
[Text=EL CharacterOffsetBegin=243 CharacterOffsetEnd=245 PartOfSpeech=DET Lemma=el NamedEntityTag=MISC]
[Text=CLASICO CharacterOffsetBegin=246 CharacterOffsetEnd=253 PartOfSpeech=PROPN Lemma=clasico NamedEntityTag=MISC]
[Text=" CharacterOffsetBegin=253 CharacterOffsetEnd=254 PartOfSpeech=PUNCT Lemma=" NamedEntityTag=O]
[Text=y CharacterOffsetBegin=255 CharacterOffsetEnd=256 PartOfSpeech=CCONJ Lemma=y NamedEntityTag=O]
[Text=el CharacterOffsetBegin=257 CharacterOffsetEnd=259 PartOfSpeech=DET Lemma=el NamedEntityTag=O]
[Text=dicente CharacterOffsetBegin=260 CharacterOffsetEnd=267 PartOfSpeech=NOUN Lemma=dicente NamedEntityTag=O]
[Text=, CharacterOffsetBegin=267 CharacterOffsetEnd=268 PartOfSpeech=PUNCT Lemma=, NamedEntityTag=O]
[Text=en CharacterOffsetBegin=269 CharacterOffsetEnd=271 PartOfSpeech=ADP Lemma=en NamedEntityTag=O]
[Text=- CharacterOffsetBegin=272 CharacterOffsetEnd=273 PartOfSpeech=PUNCT Lemma=- NamedEntityTag=O]
[Text=la CharacterOffsetBegin=274 CharacterOffsetEnd=276 PartOfSpeech=DET Lemma=la NamedEntityTag=O]
[Text=Unidad CharacterOffsetBegin=277 CharacterOffsetEnd=283 PartOfSpeech=PROPN Lemma=unidad NamedEntityTag=MISC]
[Text=Ermita-Zaragoza CharacterOffsetBegin=284 CharacterOffsetEnd=299 PartOfSpeech=PROPN Lemma=ermita-zaragoza NamedEntityTag=MISC]
[Text=, CharacterOffsetBegin=299 CharacterOffsetEnd=300 PartOfSpeech=PUNCT Lemma=, NamedEntityTag=O]
[Text=diciendo CharacterOffsetBegin=301 CharacterOffsetEnd=312 PartOfSpeech=AUX Lemma=diciendo NamedEntityTag=O]
[Text=les CharacterOffsetBegin=301 CharacterOffsetEnd=312 PartOfSpeech=PRON Lemma=les NamedEntityTag=O]
[Text=GALLANGOS CharacterOffsetBegin=313 CharacterOffsetEnd=322 PartOfSpeech=PROPN Lemma=gallangos NamedEntityTag=PERSON]
[Text=CRUZ CharacterOffsetBegin=323 CharacterOffsetEnd=327 PartOfSpeech=PROPN Lemma=cruz NamedEntityTag=O]
[Text=que CharacterOffsetBegin=328 CharacterOffsetEnd=331 PartOfSpeech=SCONJ Lemma=que NamedEntityTag=O]
[Text=el CharacterOffsetBegin=332 CharacterOffsetEnd=334 PartOfSpeech=DET Lemma=el NamedEntityTag=O]
[Text=producto CharacterOffsetBegin=335 CharacterOffsetEnd=343 PartOfSpeech=NOUN Lemma=producto NamedEntityTag=O]
[Text=del CharacterOffsetBegin=344 CharacterOffsetEnd=347 PartOfSpeech=ADP Lemma=del NamedEntityTag=O]
[Text=botínascendió CharacterOffsetBegin=348 CharacterOffsetEnd=361 PartOfSpeech=NOUN Lemma=botínascendió NamedEntityTag=O]
[Text=a CharacterOffsetBegin=362 CharacterOffsetEnd=363 PartOfSpeech=ADP Lemma=a NamedEntityTag=O]
[Text=un CharacterOffsetBegin=364 CharacterOffsetEnd=366 PartOfSpeech=DET Lemma=un NamedEntityTag=O]
[Text=millón CharacterOffsetBegin=367 CharacterOffsetEnd=373 PartOfSpeech=NOUN Lemma=millón NamedEntityTag=O]
[Text=ocho CharacterOffsetBegin=374 CharacterOffsetEnd=378 PartOfSpeech=NUM Lemma=ocho NamedEntityTag=NUMBER]
[Text=--- CharacterOffsetBegin=378 CharacterOffsetEnd=381 PartOfSpeech=NUM Lemma=--- NamedEntityTag=O]
[Text=cientos CharacterOffsetBegin=382 CharacterOffsetEnd=389 PartOfSpeech=NUM Lemma=cientos NamedEntityTag=O]
[Text=mil CharacterOffsetBegin=390 CharacterOffsetEnd=393 PartOfSpeech=NUM Lemma=mil NamedEntityTag=O]
[Text=pesos CharacterOffsetBegin=394 CharacterOffsetEnd=399 PartOfSpeech=NOUN Lemma=pesos NamedEntityTag=O]
[Text=, CharacterOffsetBegin=399 CharacterOffsetEnd=400 PartOfSpeech=PUNCT Lemma=, NamedEntityTag=O]
[Text=y CharacterOffsetBegin=401 CharacterOffsetEnd=402 PartOfSpeech=CCONJ Lemma=y NamedEntityTag=O]
[Text=que CharacterOffsetBegin=403 CharacterOffsetEnd=406 PartOfSpeech=SCONJ Lemma=que NamedEntityTag=O]
[Text=éste CharacterOffsetBegin=407 CharacterOffsetEnd=411 PartOfSpeech=PRON Lemma=éste NamedEntityTag=O]
[Text=mismo CharacterOffsetBegin=412 CharacterOffsetEnd=417 PartOfSpeech=PRON Lemma=mismo NamedEntityTag=O]
[Text=le CharacterOffsetBegin=418 CharacterOffsetEnd=420 PartOfSpeech=PRON Lemma=le NamedEntityTag=O]
[Text=dio CharacterOffsetBegin=421 CharacterOffsetEnd=424 PartOfSpeech=VERB Lemma=dio NamedEntityTag=O]
[Text=al CharacterOffsetBegin=425 CharacterOffsetEnd=427 PartOfSpeech=ADP Lemma=al NamedEntityTag=O]
[Text=dicente CharacterOffsetBegin=428 CharacterOffsetEnd=435 PartOfSpeech=ADJ Lemma=dicente NamedEntityTag=O]
[Text=$ CharacterOffsetBegin=436 CharacterOffsetEnd=437 PartOfSpeech=PROPN Lemma=$ NamedEntityTag=MONEY NormalizedNamedEntityTag=$1.0]
[Text=1 CharacterOffsetBegin=437 CharacterOffsetEnd=438 PartOfSpeech=NUM Lemma=1 NamedEntityTag=MONEY NormalizedNamedEntityTag=$1.0]
[Text=, CharacterOffsetBegin=438 CharacterOffsetEnd=439 PartOfSpeech=PUNCT Lemma=, NamedEntityTag=O]
[Text=000.00 CharacterOffsetBegin=440 CharacterOffsetEnd=446 PartOfSpeech=NUM Lemma=000.00 NamedEntityTag=NUMBER NormalizedNamedEntityTag=0.0]
[Text=para CharacterOffsetBegin=447 CharacterOffsetEnd=451 PartOfSpeech=ADP Lemma=para NamedEntityTag=O]
[Text=gastos CharacterOffsetBegin=452 CharacterOffsetEnd=458 PartOfSpeech=NOUN Lemma=gastos NamedEntityTag=O]
[Text=personales CharacterOffsetBegin=459 CharacterOffsetEnd=469 PartOfSpeech=ADJ Lemma=personales NamedEntityTag=O]
[Text=, CharacterOffsetBegin=469 CharacterOffsetEnd=470 PartOfSpeech=PUNCT Lemma=, NamedEntityTag=O]
[Text=cantiad CharacterOffsetBegin=471 CharacterOffsetEnd=478 PartOfSpeech=NOUN Lemma=cantiad NamedEntityTag=O]
[Text=que CharacterOffsetBegin=479 CharacterOffsetEnd=482 PartOfSpeech=PRON Lemma=que NamedEntityTag=O]
[Text=poste CharacterOffsetBegin=483 CharacterOffsetEnd=488 PartOfSpeech=NOUN Lemma=poste NamedEntityTag=O]
[Text=- CharacterOffsetBegin=488 CharacterOffsetEnd=489 PartOfSpeech=PUNCT Lemma=- NamedEntityTag=O]
[Text=riormente CharacterOffsetBegin=490 CharacterOffsetEnd=499 PartOfSpeech=ADV Lemma=riormente NamedEntityTag=O]
[Text=le CharacterOffsetBegin=500 CharacterOffsetEnd=502 PartOfSpeech=PRON Lemma=le NamedEntityTag=O]
[Text=fue CharacterOffsetBegin=503 CharacterOffsetEnd=506 PartOfSpeech=AUX Lemma=fue NamedEntityTag=O]
[Text=entregada CharacterOffsetBegin=507 CharacterOffsetEnd=516 PartOfSpeech=VERB Lemma=entregada NamedEntityTag=O]
[Text=mensualmente CharacterOffsetBegin=517 CharacterOffsetEnd=529 PartOfSpeech=ADV Lemma=mensualmente NamedEntityTag=O]
[Text=. CharacterOffsetBegin=529 CharacterOffsetEnd=530 PartOfSpeech=PUNCT Lemma=. NamedEntityTag=O]

Dependency Parse (enhanced plus plus dependencies):
root(ROOT-0, nen-16)
acl(Unidad-61, diciendo-64)
obj(diciendo-64, les-65)
det(declarante-2, el-1)
nsubj(van-4, declarante-2)
obj(van-4, se-3)
ccomp(nen-16, van-4)
case(GUERO-8, con-5)
punct(GUERO-8, "-6)
det(GUERO-8, EL-7)
obl(van-4, GUERO-8)
punct(GUERO-8, "-9)
case(casa-12, a-10)
det(casa-12, la-11)
obl(van-4, casa-12)
nsubj(tie-14, que-13)
acl(casa-12, tie-14)
punct(van-4, --15)
case(Tlalmanalco-18, en-17)
obl(nen-16, Tlalmanalco-18)
punct(nen-16, ;-19)
mark(vieron-29, que-20)
det(día-22, el-21)
obl(vieron-29, día-22)
compound(día-22, 12-23)
case(mes-26, de-24)
amod(mes-26, dicho-25)
compound(día-22, mes-26)
iobj(vieron-29, se-27)
nsubj(vieron-29, vol-28)
advcl(nen-16, vieron-29)
mark(reunir-31, a-30)
xcomp(vieron-29, reunir-31)
punct(vieron-29, "-32)
det(GUERO-34, EL-33)
nsubj(vieron-29, GUERO-34)
punct(GUERO-34, "-35)
punct(ROBERTO-37, ,-36)
appos(GUERO-34, ROBERTO-37)
flat(ROBERTO-37, ANTONIO-38)
flat(ROBERTO-37, GALLAN-39)
nummod(ROBERTO-37, ----40)
flat(ROBERTO-37, GOS-41)
flat(ROBERTO-37, CRUZ-42)
punct(a-44, (-43)
flat(ROBERTO-37, a-44)
punct(a-44, )-45)
punct(SIMON-47, "-46)
nmod(ROBERTO-37, SIMON-47)
punct(SIMON-47, "-48)
punct(ROBERTO-37, ,-49)
punct(CLASICO-52, "-50)
det(CLASICO-52, EL-51)
obl(vieron-29, CLASICO-52)
punct(CLASICO-52, "-53)
cc(dicente-56, y-54)
det(dicente-56, el-55)
obl(vieron-29, dicente-56)
conj:y(CLASICO-52, dicente-56)
punct(CLASICO-52, ,-57)
case(Unidad-61, en-58)
punct(Unidad-61, --59)
det(Unidad-61, la-60)
obl(vieron-29, Unidad-61)
flat(Unidad-61, Ermita-Zaragoza-62)
punct(Unidad-61, ,-63)
appos(les-65, GALLANGOS-66)
appos(les-65, GALLANGOS-66''')
conj:y(GALLANGOS-66, GALLANGOS-66''')
flat(GALLANGOS-66, CRUZ-67)
mark(producto-70, que-68)
det(producto-70, el-69)
nmod(GALLANGOS-66, producto-70)
case(botínascendió-72, del-71)
nmod(producto-70, botínascendió-72)
case(millón-75, a-73)
det(millón-75, un-74)
nmod(producto-70, millón-75)
nummod(pesos-80, ocho-76)
compound(ocho-76, ----77)
compound(ocho-76, cientos-78)
compound(ocho-76, mil-79)
appos(millón-75, pesos-80)
punct(dio-87, ,-81)
cc(GALLANGOS-66''', y-82)
mark(dio-87, que-83)
nsubj(dio-87, éste-84)
det(éste-84, mismo-85)
obj(dio-87, le-86)
nmod(GALLANGOS-66''', dio-87)
case($-90, al-88)
amod($-90, dicente-89)
obj(dio-87, $-90)
nummod($-90, 1-91)
punct(dio-87, ,-92)
advmod(dio-87, 000.00-93)
case(gastos-95, para-94)
nmod(000.00-93, gastos-95)
amod(gastos-95, personales-96)
punct(cantiad-98, ,-97)
appos(000.00-93, cantiad-98)
nsubj(entregada-105, que-99)
obj(entregada-105, poste-100)
punct(entregada-105, --101)
advmod(entregada-105, riormente-102)
obj(entregada-105, le-103)
aux(entregada-105, fue-104)
acl(cantiad-98, entregada-105)
advmod(entregada-105, mensualmente-106)
punct(nen-16, .-107)

Extracted the following NER entity mentions:
EL GUERO	MISC	MISC:0.34656427265281253
Tlalmanalco	CITY	LOCATION:0.9909853495911274
12	NUMBER	NUMBER:-1.0
GUERO	ORGANIZATION	ORGANIZATION:0.4813522164335479
ROBERTO ANTONIO GALLAN	PERSON	PERSON:0.9756187099618416
GOS CRUZ	ORGANIZATION	ORGANIZATION:0.5375131111268486
EL CLASICO	MISC	MISC:0.5649285373422676
Unidad Ermita-Zaragoza	MISC	MISC:0.6169742010777213
GALLANGOS	PERSON	PERSON:0.573569103689437
ocho	NUMBER	-
$1	MONEY	MONEY:-1.0
000.00	NUMBER	NUMBER:-1.0

Sentence #6 (68 tokens):
Que sabe que
ROBERTO ANTONIO GALLANGOS CRUZ (a) "SIMON" es el res-
ponsable del Comité Oriente, del que también forman -
parte "EL GUERO", "EL CLASICO" y el dicente; que en-
el citado mes de diciembre se cambiaron la casa ubi-
cada en la Privada de San Pablo, entre las calles 5 y

Tokens:
[Text=Que CharacterOffsetBegin=531 CharacterOffsetEnd=534 PartOfSpeech=SCONJ Lemma=que NamedEntityTag=O]
[Text=sabe CharacterOffsetBegin=535 CharacterOffsetEnd=539 PartOfSpeech=VERB Lemma=sabe NamedEntityTag=O]
[Text=que CharacterOffsetBegin=540 CharacterOffsetEnd=543 PartOfSpeech=SCONJ Lemma=que NamedEntityTag=O]
[Text=ROBERTO CharacterOffsetBegin=544 CharacterOffsetEnd=551 PartOfSpeech=PROPN Lemma=roberto NamedEntityTag=PERSON]
[Text=ANTONIO CharacterOffsetBegin=552 CharacterOffsetEnd=559 PartOfSpeech=PROPN Lemma=antonio NamedEntityTag=PERSON]
[Text=GALLANGOS CharacterOffsetBegin=560 CharacterOffsetEnd=569 PartOfSpeech=PROPN Lemma=gallangos NamedEntityTag=PERSON]
[Text=CRUZ CharacterOffsetBegin=570 CharacterOffsetEnd=574 PartOfSpeech=PROPN Lemma=cruz NamedEntityTag=PERSON]
[Text=( CharacterOffsetBegin=575 CharacterOffsetEnd=576 PartOfSpeech=PUNCT Lemma=( NamedEntityTag=O]
[Text=a CharacterOffsetBegin=576 CharacterOffsetEnd=577 PartOfSpeech=ADP Lemma=a NamedEntityTag=O]
[Text=) CharacterOffsetBegin=577 CharacterOffsetEnd=578 PartOfSpeech=PUNCT Lemma=) NamedEntityTag=O]
[Text=" CharacterOffsetBegin=579 CharacterOffsetEnd=580 PartOfSpeech=PUNCT Lemma=" NamedEntityTag=O]
[Text=SIMON CharacterOffsetBegin=580 CharacterOffsetEnd=585 PartOfSpeech=PROPN Lemma=simon NamedEntityTag=O]
[Text=" CharacterOffsetBegin=585 CharacterOffsetEnd=586 PartOfSpeech=PUNCT Lemma=" NamedEntityTag=O]
[Text=es CharacterOffsetBegin=587 CharacterOffsetEnd=589 PartOfSpeech=AUX Lemma=es NamedEntityTag=O]
[Text=el CharacterOffsetBegin=590 CharacterOffsetEnd=592 PartOfSpeech=DET Lemma=el NamedEntityTag=O]
[Text=res CharacterOffsetBegin=593 CharacterOffsetEnd=596 PartOfSpeech=NOUN Lemma=res NamedEntityTag=O]
[Text=- CharacterOffsetBegin=596 CharacterOffsetEnd=597 PartOfSpeech=PUNCT Lemma=- NamedEntityTag=O]
[Text=ponsable CharacterOffsetBegin=598 CharacterOffsetEnd=606 PartOfSpeech=ADJ Lemma=ponsable NamedEntityTag=O]
[Text=del CharacterOffsetBegin=607 CharacterOffsetEnd=610 PartOfSpeech=ADP Lemma=del NamedEntityTag=O]
[Text=Comité CharacterOffsetBegin=611 CharacterOffsetEnd=617 PartOfSpeech=PROPN Lemma=comité NamedEntityTag=ORGANIZATION]
[Text=Oriente CharacterOffsetBegin=618 CharacterOffsetEnd=625 PartOfSpeech=PROPN Lemma=oriente NamedEntityTag=ORGANIZATION]
[Text=, CharacterOffsetBegin=625 CharacterOffsetEnd=626 PartOfSpeech=PUNCT Lemma=, NamedEntityTag=O]
[Text=del CharacterOffsetBegin=627 CharacterOffsetEnd=630 PartOfSpeech=ADP Lemma=del NamedEntityTag=O]
[Text=que CharacterOffsetBegin=631 CharacterOffsetEnd=634 PartOfSpeech=PRON Lemma=que NamedEntityTag=O]
[Text=también CharacterOffsetBegin=635 CharacterOffsetEnd=642 PartOfSpeech=ADV Lemma=también NamedEntityTag=O]
[Text=forman CharacterOffsetBegin=643 CharacterOffsetEnd=649 PartOfSpeech=VERB Lemma=forman NamedEntityTag=O]
[Text=- CharacterOffsetBegin=650 CharacterOffsetEnd=651 PartOfSpeech=PUNCT Lemma=- NamedEntityTag=O]
[Text=parte CharacterOffsetBegin=652 CharacterOffsetEnd=657 PartOfSpeech=NOUN Lemma=parte NamedEntityTag=O]
[Text=" CharacterOffsetBegin=658 CharacterOffsetEnd=659 PartOfSpeech=PUNCT Lemma=" NamedEntityTag=O]
[Text=EL CharacterOffsetBegin=659 CharacterOffsetEnd=661 PartOfSpeech=DET Lemma=el NamedEntityTag=O]
[Text=GUERO CharacterOffsetBegin=662 CharacterOffsetEnd=667 PartOfSpeech=PROPN Lemma=guero NamedEntityTag=ORGANIZATION]
[Text=" CharacterOffsetBegin=667 CharacterOffsetEnd=668 PartOfSpeech=PUNCT Lemma=" NamedEntityTag=O]
[Text=, CharacterOffsetBegin=668 CharacterOffsetEnd=669 PartOfSpeech=PUNCT Lemma=, NamedEntityTag=O]
[Text=" CharacterOffsetBegin=670 CharacterOffsetEnd=671 PartOfSpeech=PUNCT Lemma=" NamedEntityTag=O]
[Text=EL CharacterOffsetBegin=671 CharacterOffsetEnd=673 PartOfSpeech=DET Lemma=el NamedEntityTag=MISC]
[Text=CLASICO CharacterOffsetBegin=674 CharacterOffsetEnd=681 PartOfSpeech=PROPN Lemma=clasico NamedEntityTag=MISC]
[Text=" CharacterOffsetBegin=681 CharacterOffsetEnd=682 PartOfSpeech=PUNCT Lemma=" NamedEntityTag=O]
[Text=y CharacterOffsetBegin=683 CharacterOffsetEnd=684 PartOfSpeech=CCONJ Lemma=y NamedEntityTag=O]
[Text=el CharacterOffsetBegin=685 CharacterOffsetEnd=687 PartOfSpeech=DET Lemma=el NamedEntityTag=O]
[Text=dicente CharacterOffsetBegin=688 CharacterOffsetEnd=695 PartOfSpeech=ADJ Lemma=dicente NamedEntityTag=O]
[Text=; CharacterOffsetBegin=695 CharacterOffsetEnd=696 PartOfSpeech=PUNCT Lemma=; NamedEntityTag=O]
[Text=que CharacterOffsetBegin=697 CharacterOffsetEnd=700 PartOfSpeech=SCONJ Lemma=que NamedEntityTag=O]
[Text=en CharacterOffsetBegin=701 CharacterOffsetEnd=703 PartOfSpeech=ADP Lemma=en NamedEntityTag=O]
[Text=- CharacterOffsetBegin=703 CharacterOffsetEnd=704 PartOfSpeech=PUNCT Lemma=- NamedEntityTag=O]
[Text=el CharacterOffsetBegin=705 CharacterOffsetEnd=707 PartOfSpeech=DET Lemma=el NamedEntityTag=O]
[Text=citado CharacterOffsetBegin=708 CharacterOffsetEnd=714 PartOfSpeech=ADJ Lemma=citado NamedEntityTag=O]
[Text=mes CharacterOffsetBegin=715 CharacterOffsetEnd=718 PartOfSpeech=NOUN Lemma=mes NamedEntityTag=O]
[Text=de CharacterOffsetBegin=719 CharacterOffsetEnd=721 PartOfSpeech=ADP Lemma=de NamedEntityTag=O]
[Text=diciembre CharacterOffsetBegin=722 CharacterOffsetEnd=731 PartOfSpeech=NOUN Lemma=diciembre NamedEntityTag=DATE NormalizedNamedEntityTag=XXXX-12 Timex=<TIMEX3 tid="t1" type="DATE" value="XXXX-12">diciembre</TIMEX3>]
[Text=se CharacterOffsetBegin=732 CharacterOffsetEnd=734 PartOfSpeech=PRON Lemma=se NamedEntityTag=O]
[Text=cambiaron CharacterOffsetBegin=735 CharacterOffsetEnd=744 PartOfSpeech=VERB Lemma=cambiaron NamedEntityTag=O]
[Text=la CharacterOffsetBegin=745 CharacterOffsetEnd=747 PartOfSpeech=DET Lemma=la NamedEntityTag=O]
[Text=casa CharacterOffsetBegin=748 CharacterOffsetEnd=752 PartOfSpeech=NOUN Lemma=casa NamedEntityTag=O]
[Text=ubi CharacterOffsetBegin=753 CharacterOffsetEnd=756 PartOfSpeech=NOUN Lemma=ubi NamedEntityTag=O]
[Text=- CharacterOffsetBegin=756 CharacterOffsetEnd=757 PartOfSpeech=PUNCT Lemma=- NamedEntityTag=O]
[Text=cada CharacterOffsetBegin=758 CharacterOffsetEnd=762 PartOfSpeech=NOUN Lemma=cada NamedEntityTag=O]
[Text=en CharacterOffsetBegin=763 CharacterOffsetEnd=765 PartOfSpeech=ADP Lemma=en NamedEntityTag=O]
[Text=la CharacterOffsetBegin=766 CharacterOffsetEnd=768 PartOfSpeech=DET Lemma=la NamedEntityTag=O]
[Text=Privada CharacterOffsetBegin=769 CharacterOffsetEnd=776 PartOfSpeech=PROPN Lemma=privada NamedEntityTag=LOCATION]
[Text=de CharacterOffsetBegin=777 CharacterOffsetEnd=779 PartOfSpeech=ADP Lemma=de NamedEntityTag=LOCATION]
[Text=San CharacterOffsetBegin=780 CharacterOffsetEnd=783 PartOfSpeech=PROPN Lemma=san NamedEntityTag=CITY]
[Text=Pablo CharacterOffsetBegin=784 CharacterOffsetEnd=789 PartOfSpeech=PROPN Lemma=pablo NamedEntityTag=CITY]
[Text=, CharacterOffsetBegin=789 CharacterOffsetEnd=790 PartOfSpeech=PUNCT Lemma=, NamedEntityTag=O]
[Text=entre CharacterOffsetBegin=791 CharacterOffsetEnd=796 PartOfSpeech=ADP Lemma=entre NamedEntityTag=O]
[Text=las CharacterOffsetBegin=797 CharacterOffsetEnd=800 PartOfSpeech=DET Lemma=las NamedEntityTag=O]
[Text=calles CharacterOffsetBegin=801 CharacterOffsetEnd=807 PartOfSpeech=NOUN Lemma=calles NamedEntityTag=O]
[Text=5 CharacterOffsetBegin=808 CharacterOffsetEnd=809 PartOfSpeech=NUM Lemma=5 NamedEntityTag=NUMBER NormalizedNamedEntityTag=5.0]
[Text=y CharacterOffsetBegin=810 CharacterOffsetEnd=811 PartOfSpeech=CCONJ Lemma=y NamedEntityTag=O]

Dependency Parse (enhanced plus plus dependencies):
root(ROOT-0, sabe-2)
advmod(sabe-2, Que-1)
mark(res-16, que-3)
nsubj(res-16, ROBERTO-4)
flat(ROBERTO-4, ANTONIO-5)
flat(ROBERTO-4, GALLANGOS-6)
flat(ROBERTO-4, CRUZ-7)
punct(a-9, (-8)
flat(ROBERTO-4, a-9)
punct(a-9, )-10)
punct(SIMON-12, "-11)
nmod(ROBERTO-4, SIMON-12)
punct(SIMON-12, "-13)
cop(res-16, es-14)
det(res-16, el-15)
csubj(sabe-2, res-16)
punct(res-16, --17)
amod(res-16, ponsable-18)
case(Comité-20, del-19)
nmod(res-16, Comité-20)
flat(Comité-20, Oriente-21)
punct(forman-26, ,-22)
case(que-24, del-23)
obj(forman-26, que-24)
advmod(forman-26, también-25)
acl(res-16, forman-26)
punct(forman-26, --27)
compound(res-16, parte-28)
punct(res-16, "-29)
det(GUERO-31, EL-30)
appos(res-16, GUERO-31)
punct(CLASICO-36, "-32)
punct(CLASICO-36, ,-33)
punct(CLASICO-36, "-34)
det(CLASICO-36, EL-35)
flat(GUERO-31, CLASICO-36)
punct(CLASICO-36, "-37)
cc(dicente-40, y-38)
det(dicente-40, el-39)
appos(res-16, dicente-40)
conj:y(GUERO-31, dicente-40)
punct(sabe-2, ;-41)
mark(cambiaron-51, que-42)
case(mes-47, en-43)
punct(mes-47, --44)
det(mes-47, el-45)
amod(mes-47, citado-46)
obl(cambiaron-51, mes-47)
case(diciembre-49, de-48)
compound(mes-47, diciembre-49)
obj(cambiaron-51, se-50)
advcl(sabe-2, cambiaron-51)
det(casa-53, la-52)
nsubj(cambiaron-51, casa-53)
compound(casa-53, ubi-54)
punct(cada-56, --55)
obj(cambiaron-51, cada-56)
case(Privada-59, en-57)
det(Privada-59, la-58)
nmod(cada-56, Privada-59)
case(San-61, de-60)
flat(Privada-59, San-61)
flat(San-61, Pablo-62)
punct(calles-66, ,-63)
case(calles-66, entre-64)
det(calles-66, las-65)
nmod(cada-56, calles-66)
nummod(calles-66, 5-67)
cc(cambiaron-51, y-68)

Extracted the following NER entity mentions:
ROBERTO ANTONIO GALLANGOS CRUZ	PERSON	PERSON:0.7623919991432115
Comité Oriente	ORGANIZATION	ORGANIZATION:0.9472484399576229
GUERO	ORGANIZATION	ORGANIZATION:0.5047636572654076
EL CLASICO	MISC	MISC:0.5047203496486103
diciembre	DATE	DATE:-1.0
Privada de	LOCATION	LOCATION:0.8379801820030247
San Pablo	CITY	LOCATION:0.9247546675091953
5	NUMBER	NUMBER:-1.0
