Document: ID=file_225.txt (3 sentences, 128 tokens)

Sentence #1 (6 tokens):
UNIVERSIDAD AUTONOMA DE GUERRERO
Exp.

Tokens:
[Text=UNIVERSIDAD CharacterOffsetBegin=0 CharacterOffsetEnd=11 PartOfSpeech=PROPN Lemma=universidad NamedEntityTag=O]
[Text=AUTONOMA CharacterOffsetBegin=12 CharacterOffsetEnd=20 PartOfSpeech=PROPN Lemma=autonoma NamedEntityTag=O]
[Text=DE CharacterOffsetBegin=21 CharacterOffsetEnd=23 PartOfSpeech=ADP Lemma=de NamedEntityTag=O]
[Text=GUERRERO CharacterOffsetBegin=24 CharacterOffsetEnd=32 PartOfSpeech=PROPN Lemma=guerrero NamedEntityTag=TITLE]
[Text=Exp CharacterOffsetBegin=33 CharacterOffsetEnd=36 PartOfSpeech=PROPN Lemma=exp NamedEntityTag=MISC]
[Text=. CharacterOffsetBegin=36 CharacterOffsetEnd=37 PartOfSpeech=PUNCT Lemma=. NamedEntityTag=O]

Dependency Parse (enhanced plus plus dependencies):
root(ROOT-0, UNIVERSIDAD-1)
flat(UNIVERSIDAD-1, AUTONOMA-2)
case(GUERRERO-4, DE-3)
flat(UNIVERSIDAD-1, GUERRERO-4)
flat(UNIVERSIDAD-1, Exp-5)
punct(UNIVERSIDAD-1, .-6)

Extracted the following NER entity mentions:
GUERRERO	TITLE	MISC:0.351071460405707
Exp	MISC	MISC:0.40093502963829686

Sentence #2 (110 tokens):
-100-10-1-76
H-49 L-62
(45)
por parte del Rector MORALES CARRANZA en el--
que manifestó que el STAISUAG, emplazó a huel
ga a la Universidad para el próximo 22 de los
corrientes, pero que la adminisración no pue
de resolver el conflicto de los trabajadores-
en virtud de que la U.A.G., no tiene fondos y
que trataría de asimilar el movimiento de los
trabajadores con el objeto de que sean los ca
tedráticos y los obreros, los que exijan al -
Gobierno Estatal y Federal, el aumento al sub
sidio para poder incrementar el salario a di--
chos elementos sindicalizados.

Tokens:
[Text=-100-10-1-76 CharacterOffsetBegin=37 CharacterOffsetEnd=49 PartOfSpeech=NUM Lemma=-100-10-1-76 NamedEntityTag=O]
[Text=H-49 CharacterOffsetBegin=50 CharacterOffsetEnd=54 PartOfSpeech=NUM Lemma=h-49 NamedEntityTag=MISC]
[Text=L-62 CharacterOffsetBegin=55 CharacterOffsetEnd=59 PartOfSpeech=PROPN Lemma=l-62 NamedEntityTag=MISC]
[Text=( CharacterOffsetBegin=60 CharacterOffsetEnd=61 PartOfSpeech=PUNCT Lemma=( NamedEntityTag=O]
[Text=45 CharacterOffsetBegin=61 CharacterOffsetEnd=63 PartOfSpeech=NUM Lemma=45 NamedEntityTag=NUMBER NormalizedNamedEntityTag=45.0]
[Text=) CharacterOffsetBegin=63 CharacterOffsetEnd=64 PartOfSpeech=PUNCT Lemma=) NamedEntityTag=O]
[Text=por CharacterOffsetBegin=65 CharacterOffsetEnd=68 PartOfSpeech=ADP Lemma=por NamedEntityTag=O]
[Text=parte CharacterOffsetBegin=69 CharacterOffsetEnd=74 PartOfSpeech=NOUN Lemma=parte NamedEntityTag=O]
[Text=del CharacterOffsetBegin=75 CharacterOffsetEnd=78 PartOfSpeech=ADP Lemma=del NamedEntityTag=O]
[Text=Rector CharacterOffsetBegin=79 CharacterOffsetEnd=85 PartOfSpeech=PROPN Lemma=rector NamedEntityTag=ORGANIZATION]
[Text=MORALES CharacterOffsetBegin=86 CharacterOffsetEnd=93 PartOfSpeech=PROPN Lemma=morales NamedEntityTag=ORGANIZATION]
[Text=CARRANZA CharacterOffsetBegin=94 CharacterOffsetEnd=102 PartOfSpeech=PROPN Lemma=carranza NamedEntityTag=ORGANIZATION]
[Text=en CharacterOffsetBegin=103 CharacterOffsetEnd=105 PartOfSpeech=ADP Lemma=en NamedEntityTag=O]
[Text=el CharacterOffsetBegin=106 CharacterOffsetEnd=108 PartOfSpeech=DET Lemma=el NamedEntityTag=O]
[Text=-- CharacterOffsetBegin=108 CharacterOffsetEnd=110 PartOfSpeech=NOUN Lemma=-- NamedEntityTag=O]
[Text=que CharacterOffsetBegin=111 CharacterOffsetEnd=114 PartOfSpeech=PRON Lemma=que NamedEntityTag=O]
[Text=manifestó CharacterOffsetBegin=115 CharacterOffsetEnd=124 PartOfSpeech=VERB Lemma=manifestó NamedEntityTag=O]
[Text=que CharacterOffsetBegin=125 CharacterOffsetEnd=128 PartOfSpeech=SCONJ Lemma=que NamedEntityTag=O]
[Text=el CharacterOffsetBegin=129 CharacterOffsetEnd=131 PartOfSpeech=DET Lemma=el NamedEntityTag=O]
[Text=STAISUAG CharacterOffsetBegin=132 CharacterOffsetEnd=140 PartOfSpeech=PROPN Lemma=staisuag NamedEntityTag=ORGANIZATION]
[Text=, CharacterOffsetBegin=140 CharacterOffsetEnd=141 PartOfSpeech=PUNCT Lemma=, NamedEntityTag=O]
[Text=emplazó CharacterOffsetBegin=142 CharacterOffsetEnd=149 PartOfSpeech=VERB Lemma=emplazó NamedEntityTag=O]
[Text=a CharacterOffsetBegin=150 CharacterOffsetEnd=151 PartOfSpeech=ADP Lemma=a NamedEntityTag=O]
[Text=huel CharacterOffsetBegin=152 CharacterOffsetEnd=156 PartOfSpeech=NOUN Lemma=huel NamedEntityTag=O]
[Text=ga CharacterOffsetBegin=157 CharacterOffsetEnd=159 PartOfSpeech=NOUN Lemma=ga NamedEntityTag=O]
[Text=a CharacterOffsetBegin=160 CharacterOffsetEnd=161 PartOfSpeech=ADP Lemma=a NamedEntityTag=O]
[Text=la CharacterOffsetBegin=162 CharacterOffsetEnd=164 PartOfSpeech=DET Lemma=la NamedEntityTag=O]
[Text=Universidad CharacterOffsetBegin=165 CharacterOffsetEnd=176 PartOfSpeech=PROPN Lemma=universidad NamedEntityTag=ORGANIZATION]
[Text=para CharacterOffsetBegin=177 CharacterOffsetEnd=181 PartOfSpeech=ADP Lemma=para NamedEntityTag=O]
[Text=el CharacterOffsetBegin=182 CharacterOffsetEnd=184 PartOfSpeech=DET Lemma=el NamedEntityTag=O]
[Text=próximo CharacterOffsetBegin=185 CharacterOffsetEnd=192 PartOfSpeech=ADJ Lemma=próximo NamedEntityTag=O]
[Text=22 CharacterOffsetBegin=193 CharacterOffsetEnd=195 PartOfSpeech=NUM Lemma=22 NamedEntityTag=NUMBER NormalizedNamedEntityTag=22.0]
[Text=de CharacterOffsetBegin=196 CharacterOffsetEnd=198 PartOfSpeech=ADP Lemma=de NamedEntityTag=O]
[Text=los CharacterOffsetBegin=199 CharacterOffsetEnd=202 PartOfSpeech=DET Lemma=los NamedEntityTag=O]
[Text=corrientes CharacterOffsetBegin=203 CharacterOffsetEnd=213 PartOfSpeech=NOUN Lemma=corrientes NamedEntityTag=O]
[Text=, CharacterOffsetBegin=213 CharacterOffsetEnd=214 PartOfSpeech=PUNCT Lemma=, NamedEntityTag=O]
[Text=pero CharacterOffsetBegin=215 CharacterOffsetEnd=219 PartOfSpeech=CCONJ Lemma=pero NamedEntityTag=O]
[Text=que CharacterOffsetBegin=220 CharacterOffsetEnd=223 PartOfSpeech=SCONJ Lemma=que NamedEntityTag=O]
[Text=la CharacterOffsetBegin=224 CharacterOffsetEnd=226 PartOfSpeech=DET Lemma=la NamedEntityTag=O]
[Text=adminisración CharacterOffsetBegin=227 CharacterOffsetEnd=240 PartOfSpeech=NOUN Lemma=adminisración NamedEntityTag=O]
[Text=no CharacterOffsetBegin=241 CharacterOffsetEnd=243 PartOfSpeech=ADV Lemma=no NamedEntityTag=O]
[Text=pue CharacterOffsetBegin=244 CharacterOffsetEnd=247 PartOfSpeech=VERB Lemma=pue NamedEntityTag=O]
[Text=de CharacterOffsetBegin=248 CharacterOffsetEnd=250 PartOfSpeech=ADP Lemma=de NamedEntityTag=O]
[Text=resolver CharacterOffsetBegin=251 CharacterOffsetEnd=259 PartOfSpeech=VERB Lemma=resolver NamedEntityTag=O]
[Text=el CharacterOffsetBegin=260 CharacterOffsetEnd=262 PartOfSpeech=DET Lemma=el NamedEntityTag=O]
[Text=conflicto CharacterOffsetBegin=263 CharacterOffsetEnd=272 PartOfSpeech=NOUN Lemma=conflicto NamedEntityTag=O]
[Text=de CharacterOffsetBegin=273 CharacterOffsetEnd=275 PartOfSpeech=ADP Lemma=de NamedEntityTag=O]
[Text=los CharacterOffsetBegin=276 CharacterOffsetEnd=279 PartOfSpeech=DET Lemma=los NamedEntityTag=O]
[Text=trabajadores CharacterOffsetBegin=280 CharacterOffsetEnd=292 PartOfSpeech=NOUN Lemma=trabajadores NamedEntityTag=O]
[Text=- CharacterOffsetBegin=292 CharacterOffsetEnd=293 PartOfSpeech=PUNCT Lemma=- NamedEntityTag=O]
[Text=en CharacterOffsetBegin=294 CharacterOffsetEnd=296 PartOfSpeech=ADP Lemma=en NamedEntityTag=O]
[Text=virtud CharacterOffsetBegin=297 CharacterOffsetEnd=303 PartOfSpeech=NOUN Lemma=virtud NamedEntityTag=O]
[Text=de CharacterOffsetBegin=304 CharacterOffsetEnd=306 PartOfSpeech=ADP Lemma=de NamedEntityTag=O]
[Text=que CharacterOffsetBegin=307 CharacterOffsetEnd=310 PartOfSpeech=SCONJ Lemma=que NamedEntityTag=O]
[Text=la CharacterOffsetBegin=311 CharacterOffsetEnd=313 PartOfSpeech=DET Lemma=la NamedEntityTag=O]
[Text=U.A.G. CharacterOffsetBegin=314 CharacterOffsetEnd=320 PartOfSpeech=PROPN Lemma=u.a.g. NamedEntityTag=O]
[Text=, CharacterOffsetBegin=320 CharacterOffsetEnd=321 PartOfSpeech=PUNCT Lemma=, NamedEntityTag=O]
[Text=no CharacterOffsetBegin=322 CharacterOffsetEnd=324 PartOfSpeech=ADV Lemma=no NamedEntityTag=O]
[Text=tiene CharacterOffsetBegin=325 CharacterOffsetEnd=330 PartOfSpeech=VERB Lemma=tiene NamedEntityTag=O]
[Text=fondos CharacterOffsetBegin=331 CharacterOffsetEnd=337 PartOfSpeech=NOUN Lemma=fondos NamedEntityTag=O]
[Text=y CharacterOffsetBegin=338 CharacterOffsetEnd=339 PartOfSpeech=CCONJ Lemma=y NamedEntityTag=O]
[Text=que CharacterOffsetBegin=340 CharacterOffsetEnd=343 PartOfSpeech=PRON Lemma=que NamedEntityTag=O]
[Text=trataría CharacterOffsetBegin=344 CharacterOffsetEnd=352 PartOfSpeech=VERB Lemma=trataría NamedEntityTag=O]
[Text=de CharacterOffsetBegin=353 CharacterOffsetEnd=355 PartOfSpeech=ADP Lemma=de NamedEntityTag=O]
[Text=asimilar CharacterOffsetBegin=356 CharacterOffsetEnd=364 PartOfSpeech=VERB Lemma=asimilar NamedEntityTag=O]
[Text=el CharacterOffsetBegin=365 CharacterOffsetEnd=367 PartOfSpeech=DET Lemma=el NamedEntityTag=O]
[Text=movimiento CharacterOffsetBegin=368 CharacterOffsetEnd=378 PartOfSpeech=NOUN Lemma=movimiento NamedEntityTag=O]
[Text=de CharacterOffsetBegin=379 CharacterOffsetEnd=381 PartOfSpeech=ADP Lemma=de NamedEntityTag=O]
[Text=los CharacterOffsetBegin=382 CharacterOffsetEnd=385 PartOfSpeech=DET Lemma=los NamedEntityTag=O]
[Text=trabajadores CharacterOffsetBegin=386 CharacterOffsetEnd=398 PartOfSpeech=NOUN Lemma=trabajadores NamedEntityTag=O]
[Text=con CharacterOffsetBegin=399 CharacterOffsetEnd=402 PartOfSpeech=ADP Lemma=con NamedEntityTag=O]
[Text=el CharacterOffsetBegin=403 CharacterOffsetEnd=405 PartOfSpeech=DET Lemma=el NamedEntityTag=O]
[Text=objeto CharacterOffsetBegin=406 CharacterOffsetEnd=412 PartOfSpeech=NOUN Lemma=objeto NamedEntityTag=O]
[Text=de CharacterOffsetBegin=413 CharacterOffsetEnd=415 PartOfSpeech=ADP Lemma=de NamedEntityTag=O]
[Text=que CharacterOffsetBegin=416 CharacterOffsetEnd=419 PartOfSpeech=SCONJ Lemma=que NamedEntityTag=O]
[Text=sean CharacterOffsetBegin=420 CharacterOffsetEnd=424 PartOfSpeech=AUX Lemma=sean NamedEntityTag=O]
[Text=los CharacterOffsetBegin=425 CharacterOffsetEnd=428 PartOfSpeech=DET Lemma=los NamedEntityTag=O]
[Text=ca CharacterOffsetBegin=429 CharacterOffsetEnd=431 PartOfSpeech=NOUN Lemma=ca NamedEntityTag=O]
[Text=tedráticos CharacterOffsetBegin=432 CharacterOffsetEnd=442 PartOfSpeech=ADJ Lemma=tedráticos NamedEntityTag=O]
[Text=y CharacterOffsetBegin=443 CharacterOffsetEnd=444 PartOfSpeech=CCONJ Lemma=y NamedEntityTag=O]
[Text=los CharacterOffsetBegin=445 CharacterOffsetEnd=448 PartOfSpeech=DET Lemma=los NamedEntityTag=O]
[Text=obreros CharacterOffsetBegin=449 CharacterOffsetEnd=456 PartOfSpeech=NOUN Lemma=obreros NamedEntityTag=O]
[Text=, CharacterOffsetBegin=456 CharacterOffsetEnd=457 PartOfSpeech=PUNCT Lemma=, NamedEntityTag=O]
[Text=los CharacterOffsetBegin=458 CharacterOffsetEnd=461 PartOfSpeech=DET Lemma=los NamedEntityTag=O]
[Text=que CharacterOffsetBegin=462 CharacterOffsetEnd=465 PartOfSpeech=PRON Lemma=que NamedEntityTag=O]
[Text=exijan CharacterOffsetBegin=466 CharacterOffsetEnd=472 PartOfSpeech=VERB Lemma=exijan NamedEntityTag=O]
[Text=al CharacterOffsetBegin=473 CharacterOffsetEnd=475 PartOfSpeech=ADP Lemma=al NamedEntityTag=O]
[Text=- CharacterOffsetBegin=476 CharacterOffsetEnd=477 PartOfSpeech=PUNCT Lemma=- NamedEntityTag=O]
[Text=Gobierno CharacterOffsetBegin=478 CharacterOffsetEnd=486 PartOfSpeech=PROPN Lemma=gobierno NamedEntityTag=ORGANIZATION]
[Text=Estatal CharacterOffsetBegin=487 CharacterOffsetEnd=494 PartOfSpeech=PROPN Lemma=estatal NamedEntityTag=ORGANIZATION]
[Text=y CharacterOffsetBegin=495 CharacterOffsetEnd=496 PartOfSpeech=CCONJ Lemma=y NamedEntityTag=ORGANIZATION]
[Text=Federal CharacterOffsetBegin=497 CharacterOffsetEnd=504 PartOfSpeech=PROPN Lemma=federal NamedEntityTag=ORGANIZATION]
[Text=, CharacterOffsetBegin=504 CharacterOffsetEnd=505 PartOfSpeech=PUNCT Lemma=, NamedEntityTag=O]
[Text=el CharacterOffsetBegin=506 CharacterOffsetEnd=508 PartOfSpeech=DET Lemma=el NamedEntityTag=O]
[Text=aumento CharacterOffsetBegin=509 CharacterOffsetEnd=516 PartOfSpeech=NOUN Lemma=aumento NamedEntityTag=O]
[Text=al CharacterOffsetBegin=517 CharacterOffsetEnd=519 PartOfSpeech=ADP Lemma=al NamedEntityTag=O]
[Text=sub CharacterOffsetBegin=520 CharacterOffsetEnd=523 PartOfSpeech=NOUN Lemma=sub NamedEntityTag=O]
[Text=sidio CharacterOffsetBegin=524 CharacterOffsetEnd=529 PartOfSpeech=ADJ Lemma=sidio NamedEntityTag=O]
[Text=para CharacterOffsetBegin=530 CharacterOffsetEnd=534 PartOfSpeech=ADP Lemma=para NamedEntityTag=O]
[Text=poder CharacterOffsetBegin=535 CharacterOffsetEnd=540 PartOfSpeech=AUX Lemma=poder NamedEntityTag=O]
[Text=incrementar CharacterOffsetBegin=541 CharacterOffsetEnd=552 PartOfSpeech=VERB Lemma=incrementar NamedEntityTag=O]
[Text=el CharacterOffsetBegin=553 CharacterOffsetEnd=555 PartOfSpeech=DET Lemma=el NamedEntityTag=O]
[Text=salario CharacterOffsetBegin=556 CharacterOffsetEnd=563 PartOfSpeech=NOUN Lemma=salario NamedEntityTag=O]
[Text=a CharacterOffsetBegin=564 CharacterOffsetEnd=565 PartOfSpeech=ADP Lemma=a NamedEntityTag=O]
[Text=di CharacterOffsetBegin=566 CharacterOffsetEnd=568 PartOfSpeech=NOUN Lemma=di NamedEntityTag=O]
[Text=-- CharacterOffsetBegin=568 CharacterOffsetEnd=570 PartOfSpeech=ADJ Lemma=-- NamedEntityTag=O]
[Text=chos CharacterOffsetBegin=571 CharacterOffsetEnd=575 PartOfSpeech=ADJ Lemma=chos NamedEntityTag=O]
[Text=elementos CharacterOffsetBegin=576 CharacterOffsetEnd=585 PartOfSpeech=NOUN Lemma=elementos NamedEntityTag=O]
[Text=sindicalizados CharacterOffsetBegin=586 CharacterOffsetEnd=600 PartOfSpeech=ADJ Lemma=sindicalizados NamedEntityTag=O]
[Text=. CharacterOffsetBegin=600 CharacterOffsetEnd=601 PartOfSpeech=PUNCT Lemma=. NamedEntityTag=O]

Dependency Parse (enhanced plus plus dependencies):
root(ROOT-0, -100-10-1-76-1)
appos(-100-10-1-76-1, H-49-2)
flat(H-49-2, L-62-3)
punct(45-5, (-4)
appos(H-49-2, 45-5)
punct(45-5, )-6)
case(Rector-10, por-7)
fixed(por-7, parte-8)
fixed(por-7, del-9)
nmod(-100-10-1-76-1, Rector-10)
nmod(-100-10-1-76-1, Rector-10)
flat(Rector-10, MORALES-11)
flat(Rector-10, CARRANZA-12)
case(---15, en-13)
det(---15, el-14)
nmod(-100-10-1-76-1, ---15)
nsubj(manifestó-17, que-16)
acl(---15, manifestó-17)
mark(emplazó-22, que-18)
det(STAISUAG-20, el-19)
nsubj(emplazó-22, STAISUAG-20)
punct(STAISUAG-20, ,-21)
ccomp(manifestó-17, emplazó-22)
case(huel-24, a-23)
obl(emplazó-22, huel-24)
compound(huel-24, ga-25)
case(Universidad-28, a-26)
det(Universidad-28, la-27)
obj(emplazó-22, Universidad-28)
case(22-32, para-29)
det(22-32, el-30)
amod(22-32, próximo-31)
advmod(emplazó-22, 22-32)
case(corrientes-35, de-33)
det(corrientes-35, los-34)
nmod(22-32, corrientes-35)
punct(pue-42, ,-36)
cc(pue-42, pero-37)
mark(pue-42, que-38)
det(adminisración-40, la-39)
nsubj(pue-42, adminisración-40)
advmod(pue-42, no-41)
conj:pero(-100-10-1-76-1, pue-42)
mark(resolver-44, de-43)
xcomp(pue-42, resolver-44)
det(conflicto-46, el-45)
obj(resolver-44, conflicto-46)
case(trabajadores-49, de-47)
det(trabajadores-49, los-48)
nmod(conflicto-46, trabajadores-49)
punct(tiene-59, --50)
mark(tiene-59, en-51)
fixed(en-51, virtud-52)
fixed(en-51, de-53)
mark(tiene-59, que-54)
det(U.A.G.-56, la-55)
nsubj(tiene-59, U.A.G.-56)
punct(tiene-59, ,-57)
advmod(tiene-59, no-58)
advcl(resolver-44, tiene-59)
advcl(resolver-44, tiene-59)
obj(tiene-59, fondos-60)
cc(trataría-63, y-61)
nsubj(trataría-63, que-62)
advcl(resolver-44, trataría-63)
conj:y(tiene-59, trataría-63)
mark(asimilar-65, de-64)
xcomp(trataría-63, asimilar-65)
det(movimiento-67, el-66)
obj(asimilar-65, movimiento-67)
case(trabajadores-70, de-68)
det(trabajadores-70, los-69)
nmod(movimiento-67, trabajadores-70)
case(objeto-73, con-71)
det(objeto-73, el-72)
obl(asimilar-65, objeto-73)
mark(ca-78, de-74)
mark(ca-78, que-75)
cop(ca-78, sean-76)
det(ca-78, los-77)
acl(objeto-73, ca-78)
amod(ca-78, tedráticos-79)
cc(obreros-82, y-80)
det(obreros-82, los-81)
acl(objeto-73, obreros-82)
conj:y(ca-78, obreros-82)
punct(-100-10-1-76-1, ,-83)
det(exijan-86, los-84)
nsubj(exijan-86, que-85)
advcl(-100-10-1-76-1, exijan-86)
case(Gobierno-89, al-87)
punct(Gobierno-89, --88)
obj(exijan-86, Gobierno-89)
flat(Gobierno-89, Estatal-90)
cc(Federal-92, y-91)
obj(exijan-86, Federal-92)
conj:y(Gobierno-89, Federal-92)
punct(aumento-95, ,-93)
det(aumento-95, el-94)
appos(Gobierno-89, aumento-95)
case(sub-97, al-96)
nmod(aumento-95, sub-97)
amod(sub-97, sidio-98)
mark(incrementar-101, para-99)
aux(incrementar-101, poder-100)
acl(aumento-95, incrementar-101)
det(salario-103, el-102)
obj(incrementar-101, salario-103)
case(di-105, a-104)
obj(incrementar-101, di-105)
amod(di-105, ---106)
amod(elementos-108, chos-107)
appos(di-105, elementos-108)
amod(elementos-108, sindicalizados-109)
punct(-100-10-1-76-1, .-110)

Extracted the following NER entity mentions:
H-49 L-62	MISC	MISC:0.5151373955461869
45	NUMBER	NUMBER:-1.0
Rector MORALES CARRANZA	ORGANIZATION	ORGANIZATION:0.5137920216042217
STAISUAG	ORGANIZATION	ORGANIZATION:0.7678102527951168
Universidad	ORGANIZATION	ORGANIZATION:0.9543298485450596
22	NUMBER	NUMBER:-1.0
Gobierno Estatal y Federal	ORGANIZATION	ORGANIZATION:0.5058460805627825

Sentence #3 (12 tokens):
JOSE LUIS PARRA
MIJANGOS, informó sobre la marcha que estaba __

Tokens:
[Text=JOSE CharacterOffsetBegin=602 CharacterOffsetEnd=606 PartOfSpeech=PROPN Lemma=jose NamedEntityTag=O]
[Text=LUIS CharacterOffsetBegin=607 CharacterOffsetEnd=611 PartOfSpeech=PROPN Lemma=luis NamedEntityTag=PERSON]
[Text=PARRA CharacterOffsetBegin=612 CharacterOffsetEnd=617 PartOfSpeech=PROPN Lemma=parra NamedEntityTag=PERSON]
[Text=MIJANGOS CharacterOffsetBegin=618 CharacterOffsetEnd=626 PartOfSpeech=PROPN Lemma=mijangos NamedEntityTag=PERSON]
[Text=, CharacterOffsetBegin=626 CharacterOffsetEnd=627 PartOfSpeech=PUNCT Lemma=, NamedEntityTag=O]
[Text=informó CharacterOffsetBegin=628 CharacterOffsetEnd=635 PartOfSpeech=VERB Lemma=informó NamedEntityTag=O]
[Text=sobre CharacterOffsetBegin=636 CharacterOffsetEnd=641 PartOfSpeech=ADP Lemma=sobre NamedEntityTag=O]
[Text=la CharacterOffsetBegin=642 CharacterOffsetEnd=644 PartOfSpeech=DET Lemma=la NamedEntityTag=O]
[Text=marcha CharacterOffsetBegin=645 CharacterOffsetEnd=651 PartOfSpeech=NOUN Lemma=marcha NamedEntityTag=O]
[Text=que CharacterOffsetBegin=652 CharacterOffsetEnd=655 PartOfSpeech=PRON Lemma=que NamedEntityTag=O]
[Text=estaba CharacterOffsetBegin=656 CharacterOffsetEnd=662 PartOfSpeech=AUX Lemma=estaba NamedEntityTag=O]
[Text=__ CharacterOffsetBegin=663 CharacterOffsetEnd=665 PartOfSpeech=SCONJ Lemma=__ NamedEntityTag=O]

Dependency Parse (enhanced plus plus dependencies):
root(ROOT-0, __-12)
nsubj(informó-6, JOSE-1)
flat(JOSE-1, LUIS-2)
flat(JOSE-1, PARRA-3)
flat(JOSE-1, MIJANGOS-4)
punct(JOSE-1, ,-5)
ccomp(__-12, informó-6)
case(marcha-9, sobre-7)
det(marcha-9, la-8)
obl(informó-6, marcha-9)
nsubj(estaba-11, que-10)
acl(marcha-9, estaba-11)

Extracted the following NER entity mentions:
LUIS PARRA
MIJANGOS	PERSON	PERSON:0.8709859778049424
