Document: ID=file_125.txt (5 sentences, 144 tokens)

Sentence #1 (17 tokens):
tentes en la misma,  principian a tratar de contr
lar el mayor número de alumnos.

Tokens:
[Text=tentes CharacterOffsetBegin=0 CharacterOffsetEnd=6 PartOfSpeech=NOUN Lemma=tentes NamedEntityTag=O]
[Text=en CharacterOffsetBegin=7 CharacterOffsetEnd=9 PartOfSpeech=ADP Lemma=en NamedEntityTag=O]
[Text=la CharacterOffsetBegin=10 CharacterOffsetEnd=12 PartOfSpeech=DET Lemma=la NamedEntityTag=O]
[Text=misma CharacterOffsetBegin=13 CharacterOffsetEnd=18 PartOfSpeech=PRON Lemma=misma NamedEntityTag=O]
[Text=, CharacterOffsetBegin=18 CharacterOffsetEnd=19 PartOfSpeech=PUNCT Lemma=, NamedEntityTag=O]
[Text=principian CharacterOffsetBegin=21 CharacterOffsetEnd=31 PartOfSpeech=VERB Lemma=principian NamedEntityTag=O]
[Text=a CharacterOffsetBegin=32 CharacterOffsetEnd=33 PartOfSpeech=ADP Lemma=a NamedEntityTag=O]
[Text=tratar CharacterOffsetBegin=34 CharacterOffsetEnd=40 PartOfSpeech=AUX Lemma=tratar NamedEntityTag=O]
[Text=de CharacterOffsetBegin=41 CharacterOffsetEnd=43 PartOfSpeech=ADP Lemma=de NamedEntityTag=O]
[Text=contr CharacterOffsetBegin=44 CharacterOffsetEnd=49 PartOfSpeech=VERB Lemma=contr NamedEntityTag=O]
[Text=lar CharacterOffsetBegin=50 CharacterOffsetEnd=53 PartOfSpeech=VERB Lemma=lar NamedEntityTag=O]
[Text=el CharacterOffsetBegin=54 CharacterOffsetEnd=56 PartOfSpeech=DET Lemma=el NamedEntityTag=O]
[Text=mayor CharacterOffsetBegin=57 CharacterOffsetEnd=62 PartOfSpeech=ADJ Lemma=mayor NamedEntityTag=O]
[Text=número CharacterOffsetBegin=63 CharacterOffsetEnd=69 PartOfSpeech=NOUN Lemma=número NamedEntityTag=O]
[Text=de CharacterOffsetBegin=70 CharacterOffsetEnd=72 PartOfSpeech=ADP Lemma=de NamedEntityTag=O]
[Text=alumnos CharacterOffsetBegin=73 CharacterOffsetEnd=80 PartOfSpeech=NOUN Lemma=alumnos NamedEntityTag=O]
[Text=. CharacterOffsetBegin=80 CharacterOffsetEnd=81 PartOfSpeech=PUNCT Lemma=. NamedEntityTag=O]

Dependency Parse (enhanced plus plus dependencies):
root(ROOT-0, tentes-1)
case(misma-4, en-2)
det(misma-4, la-3)
nmod(tentes-1, misma-4)
punct(tentes-1, ,-5)
advcl(tentes-1, principian-6)
mark(contr-10, a-7)
aux(contr-10, tratar-8)
mark(contr-10, de-9)
ccomp(principian-6, contr-10)
xcomp(contr-10, lar-11)
det(número-14, el-12)
amod(número-14, mayor-13)
obj(lar-11, número-14)
case(alumnos-16, de-15)
nmod(número-14, alumnos-16)
punct(tentes-1, .-17)

Extracted the following NER entity mentions:

Sentence #2 (2 tokens):
EXP.100-10-1-72.

Tokens:
[Text=EXP.100-10-1-72 CharacterOffsetBegin=82 CharacterOffsetEnd=97 PartOfSpeech=NUM Lemma=exp.100-10-1-72 NamedEntityTag=O]
[Text=. CharacterOffsetBegin=97 CharacterOffsetEnd=98 PartOfSpeech=PUNCT Lemma=. NamedEntityTag=O]

Dependency Parse (enhanced plus plus dependencies):
root(ROOT-0, EXP.100-10-1-72-1)
punct(EXP.100-10-1-72-1, .-2)

Extracted the following NER entity mentions:

Sentence #3 (6 tokens):
H-334 L-
sep. 14-72.

Tokens:
[Text=H-334 CharacterOffsetBegin=99 CharacterOffsetEnd=104 PartOfSpeech=NUM Lemma=h-334 NamedEntityTag=O]
[Text=L CharacterOffsetBegin=105 CharacterOffsetEnd=106 PartOfSpeech=NOUN Lemma=l NamedEntityTag=O]
[Text=- CharacterOffsetBegin=106 CharacterOffsetEnd=107 PartOfSpeech=PUNCT Lemma=- NamedEntityTag=O]
[Text=sep. CharacterOffsetBegin=108 CharacterOffsetEnd=112 PartOfSpeech=NOUN Lemma=sep. NamedEntityTag=O]
[Text=14-72 CharacterOffsetBegin=113 CharacterOffsetEnd=118 PartOfSpeech=NUM Lemma=14-72 NamedEntityTag=O]
[Text=. CharacterOffsetBegin=118 CharacterOffsetEnd=119 PartOfSpeech=PUNCT Lemma=. NamedEntityTag=O]

Dependency Parse (enhanced plus plus dependencies):
root(ROOT-0, L-2)
nummod(L-2, H-334-1)
punct(sep.-4, --3)
appos(L-2, sep.-4)
appos(sep.-4, 14-72-5)
punct(L-2, .-6)

Extracted the following NER entity mentions:

Sentence #4 (34 tokens):
-El problema estudantil Universitario
en la entidad, se agravo a partir del 13 actual
porque el DR. ROSALIO WENCES REZA, Rector de la
Universidad, envió un oficio al Lic.

Tokens:
[Text=- CharacterOffsetBegin=119 CharacterOffsetEnd=120 PartOfSpeech=PUNCT Lemma=- NamedEntityTag=O]
[Text=El CharacterOffsetBegin=120 CharacterOffsetEnd=122 PartOfSpeech=DET Lemma=el NamedEntityTag=O]
[Text=problema CharacterOffsetBegin=123 CharacterOffsetEnd=131 PartOfSpeech=NOUN Lemma=problema NamedEntityTag=O]
[Text=estudantil CharacterOffsetBegin=132 CharacterOffsetEnd=142 PartOfSpeech=ADJ Lemma=estudantil NamedEntityTag=O]
[Text=Universitario CharacterOffsetBegin=143 CharacterOffsetEnd=156 PartOfSpeech=PROPN Lemma=universitario NamedEntityTag=O]
[Text=en CharacterOffsetBegin=157 CharacterOffsetEnd=159 PartOfSpeech=ADP Lemma=en NamedEntityTag=O]
[Text=la CharacterOffsetBegin=160 CharacterOffsetEnd=162 PartOfSpeech=DET Lemma=la NamedEntityTag=O]
[Text=entidad CharacterOffsetBegin=163 CharacterOffsetEnd=170 PartOfSpeech=NOUN Lemma=entidad NamedEntityTag=O]
[Text=, CharacterOffsetBegin=170 CharacterOffsetEnd=171 PartOfSpeech=PUNCT Lemma=, NamedEntityTag=O]
[Text=se CharacterOffsetBegin=172 CharacterOffsetEnd=174 PartOfSpeech=PRON Lemma=se NamedEntityTag=O]
[Text=agravo CharacterOffsetBegin=175 CharacterOffsetEnd=181 PartOfSpeech=VERB Lemma=agravo NamedEntityTag=O]
[Text=a CharacterOffsetBegin=182 CharacterOffsetEnd=183 PartOfSpeech=ADP Lemma=a NamedEntityTag=O]
[Text=partir CharacterOffsetBegin=184 CharacterOffsetEnd=190 PartOfSpeech=NOUN Lemma=partir NamedEntityTag=O]
[Text=del CharacterOffsetBegin=191 CharacterOffsetEnd=194 PartOfSpeech=ADP Lemma=del NamedEntityTag=O]
[Text=13 CharacterOffsetBegin=195 CharacterOffsetEnd=197 PartOfSpeech=NUM Lemma=13 NamedEntityTag=NUMBER NormalizedNamedEntityTag=13.0]
[Text=actual CharacterOffsetBegin=198 CharacterOffsetEnd=204 PartOfSpeech=ADJ Lemma=actual NamedEntityTag=O]
[Text=porque CharacterOffsetBegin=205 CharacterOffsetEnd=211 PartOfSpeech=SCONJ Lemma=porque NamedEntityTag=O]
[Text=el CharacterOffsetBegin=212 CharacterOffsetEnd=214 PartOfSpeech=DET Lemma=el NamedEntityTag=O]
[Text=DR. CharacterOffsetBegin=215 CharacterOffsetEnd=218 PartOfSpeech=PROPN Lemma=dr. NamedEntityTag=O]
[Text=ROSALIO CharacterOffsetBegin=219 CharacterOffsetEnd=226 PartOfSpeech=PROPN Lemma=rosalio NamedEntityTag=PERSON]
[Text=WENCES CharacterOffsetBegin=227 CharacterOffsetEnd=233 PartOfSpeech=PROPN Lemma=wences NamedEntityTag=PERSON]
[Text=REZA CharacterOffsetBegin=234 CharacterOffsetEnd=238 PartOfSpeech=PROPN Lemma=reza NamedEntityTag=PERSON]
[Text=, CharacterOffsetBegin=238 CharacterOffsetEnd=239 PartOfSpeech=PUNCT Lemma=, NamedEntityTag=O]
[Text=Rector CharacterOffsetBegin=240 CharacterOffsetEnd=246 PartOfSpeech=PROPN Lemma=rector NamedEntityTag=O]
[Text=de CharacterOffsetBegin=247 CharacterOffsetEnd=249 PartOfSpeech=ADP Lemma=de NamedEntityTag=O]
[Text=la CharacterOffsetBegin=250 CharacterOffsetEnd=252 PartOfSpeech=DET Lemma=la NamedEntityTag=O]
[Text=Universidad CharacterOffsetBegin=253 CharacterOffsetEnd=264 PartOfSpeech=PROPN Lemma=universidad NamedEntityTag=ORGANIZATION]
[Text=, CharacterOffsetBegin=264 CharacterOffsetEnd=265 PartOfSpeech=PUNCT Lemma=, NamedEntityTag=O]
[Text=envió CharacterOffsetBegin=266 CharacterOffsetEnd=271 PartOfSpeech=VERB Lemma=envió NamedEntityTag=O]
[Text=un CharacterOffsetBegin=272 CharacterOffsetEnd=274 PartOfSpeech=DET Lemma=un NamedEntityTag=O]
[Text=oficio CharacterOffsetBegin=275 CharacterOffsetEnd=281 PartOfSpeech=NOUN Lemma=oficio NamedEntityTag=O]
[Text=al CharacterOffsetBegin=282 CharacterOffsetEnd=284 PartOfSpeech=ADP Lemma=al NamedEntityTag=O]
[Text=Lic CharacterOffsetBegin=285 CharacterOffsetEnd=288 PartOfSpeech=PROPN Lemma=lic NamedEntityTag=O]
[Text=. CharacterOffsetBegin=288 CharacterOffsetEnd=289 PartOfSpeech=PUNCT Lemma=. NamedEntityTag=O]

Dependency Parse (enhanced plus plus dependencies):
root(ROOT-0, agravo-11)
punct(agravo-11, --1)
det(problema-3, El-2)
nsubj(agravo-11, problema-3)
amod(problema-3, estudantil-4)
appos(problema-3, Universitario-5)
case(entidad-8, en-6)
det(entidad-8, la-7)
nmod(problema-3, entidad-8)
punct(problema-3, ,-9)
obj(agravo-11, se-10)
case(13-15, a-12)
fixed(a-12, partir-13)
fixed(a-12, del-14)
obj(agravo-11, 13-15)
amod(13-15, actual-16)
mark(envió-29, porque-17)
det(DR.-19, el-18)
nsubj(envió-29, DR.-19)
flat(DR.-19, ROSALIO-20)
flat(DR.-19, WENCES-21)
flat(DR.-19, REZA-22)
punct(Rector-24, ,-23)
flat(DR.-19, Rector-24)
case(Universidad-27, de-25)
det(Universidad-27, la-26)
flat(Rector-24, Universidad-27)
punct(Rector-24, ,-28)
advcl(agravo-11, envió-29)
det(oficio-31, un-30)
obj(envió-29, oficio-31)
case(Lic-33, al-32)
obj(envió-29, Lic-33)
punct(agravo-11, .-34)

Extracted the following NER entity mentions:
13	NUMBER	NUMBER:-1.0
ROSALIO WENCES REZA	PERSON	PERSON:0.5357231159378882
Universidad	ORGANIZATION	ORGANIZATION:0.9499918936716959

Sentence #5 (85 tokens):
CESAR SALAZAR
0RTIZ, haciéndole saber que se presciden de sus
servicios com Director de la Prepa 2 en Acapulco,
Gro,- Lo anterior obedece a la presión que ejerció
el Prof. FERNANUO PINEDA MENESES sobre WENCES REZA
para conseguir la subdirección de la mencionada
escuela y continuar una serie de actividades en
contra del Gobierno Federal y Estatal con su gru-
po de alumnos "METAMORFOSIS" el cual se encarga-
ría,mediante un movimiento estudiantil exigir la

Tokens:
[Text=CESAR CharacterOffsetBegin=290 CharacterOffsetEnd=295 PartOfSpeech=ADJ Lemma=cesar NamedEntityTag=PERSON]
[Text=SALAZAR CharacterOffsetBegin=296 CharacterOffsetEnd=303 PartOfSpeech=NOUN Lemma=salazar NamedEntityTag=PERSON]
[Text=0RTIZ CharacterOffsetBegin=304 CharacterOffsetEnd=309 PartOfSpeech=NUM Lemma=0rtiz NamedEntityTag=PERSON]
[Text=, CharacterOffsetBegin=309 CharacterOffsetEnd=310 PartOfSpeech=PUNCT Lemma=, NamedEntityTag=O]
[Text=haciendo CharacterOffsetBegin=311 CharacterOffsetEnd=321 PartOfSpeech=VERB Lemma=haciendo NamedEntityTag=O]
[Text=le CharacterOffsetBegin=311 CharacterOffsetEnd=321 PartOfSpeech=PRON Lemma=le NamedEntityTag=O]
[Text=saber CharacterOffsetBegin=322 CharacterOffsetEnd=327 PartOfSpeech=AUX Lemma=saber NamedEntityTag=O]
[Text=que CharacterOffsetBegin=328 CharacterOffsetEnd=331 PartOfSpeech=SCONJ Lemma=que NamedEntityTag=O]
[Text=se CharacterOffsetBegin=332 CharacterOffsetEnd=334 PartOfSpeech=PRON Lemma=se NamedEntityTag=O]
[Text=presciden CharacterOffsetBegin=335 CharacterOffsetEnd=344 PartOfSpeech=VERB Lemma=presciden NamedEntityTag=O]
[Text=de CharacterOffsetBegin=345 CharacterOffsetEnd=347 PartOfSpeech=ADP Lemma=de NamedEntityTag=O]
[Text=sus CharacterOffsetBegin=348 CharacterOffsetEnd=351 PartOfSpeech=DET Lemma=sus NamedEntityTag=O]
[Text=servicios CharacterOffsetBegin=352 CharacterOffsetEnd=361 PartOfSpeech=NOUN Lemma=servicios NamedEntityTag=O]
[Text=com CharacterOffsetBegin=362 CharacterOffsetEnd=365 PartOfSpeech=ADJ Lemma=com NamedEntityTag=MISC]
[Text=Director CharacterOffsetBegin=366 CharacterOffsetEnd=374 PartOfSpeech=PROPN Lemma=director NamedEntityTag=TITLE]
[Text=de CharacterOffsetBegin=375 CharacterOffsetEnd=377 PartOfSpeech=ADP Lemma=de NamedEntityTag=MISC]
[Text=la CharacterOffsetBegin=378 CharacterOffsetEnd=380 PartOfSpeech=DET Lemma=la NamedEntityTag=MISC]
[Text=Prepa CharacterOffsetBegin=381 CharacterOffsetEnd=386 PartOfSpeech=PROPN Lemma=prepa NamedEntityTag=MISC]
[Text=2 CharacterOffsetBegin=387 CharacterOffsetEnd=388 PartOfSpeech=NUM Lemma=2 NamedEntityTag=NUMBER NormalizedNamedEntityTag=2.0]
[Text=en CharacterOffsetBegin=389 CharacterOffsetEnd=391 PartOfSpeech=ADP Lemma=en NamedEntityTag=O]
[Text=Acapulco CharacterOffsetBegin=392 CharacterOffsetEnd=400 PartOfSpeech=PROPN Lemma=acapulco NamedEntityTag=CITY]
[Text=, CharacterOffsetBegin=400 CharacterOffsetEnd=401 PartOfSpeech=PUNCT Lemma=, NamedEntityTag=O]
[Text=Gro CharacterOffsetBegin=402 CharacterOffsetEnd=405 PartOfSpeech=PROPN Lemma=gro NamedEntityTag=O]
[Text=, CharacterOffsetBegin=405 CharacterOffsetEnd=406 PartOfSpeech=PUNCT Lemma=, NamedEntityTag=O]
[Text=- CharacterOffsetBegin=406 CharacterOffsetEnd=407 PartOfSpeech=PUNCT Lemma=- NamedEntityTag=O]
[Text=Lo CharacterOffsetBegin=408 CharacterOffsetEnd=410 PartOfSpeech=PRON Lemma=lo NamedEntityTag=O]
[Text=anterior CharacterOffsetBegin=411 CharacterOffsetEnd=419 PartOfSpeech=ADJ Lemma=anterior NamedEntityTag=O]
[Text=obedece CharacterOffsetBegin=420 CharacterOffsetEnd=427 PartOfSpeech=VERB Lemma=obedece NamedEntityTag=O]
[Text=a CharacterOffsetBegin=428 CharacterOffsetEnd=429 PartOfSpeech=ADP Lemma=a NamedEntityTag=O]
[Text=la CharacterOffsetBegin=430 CharacterOffsetEnd=432 PartOfSpeech=DET Lemma=la NamedEntityTag=O]
[Text=presión CharacterOffsetBegin=433 CharacterOffsetEnd=440 PartOfSpeech=NOUN Lemma=presión NamedEntityTag=O]
[Text=que CharacterOffsetBegin=441 CharacterOffsetEnd=444 PartOfSpeech=PRON Lemma=que NamedEntityTag=O]
[Text=ejerció CharacterOffsetBegin=445 CharacterOffsetEnd=452 PartOfSpeech=VERB Lemma=ejerció NamedEntityTag=O]
[Text=el CharacterOffsetBegin=453 CharacterOffsetEnd=455 PartOfSpeech=DET Lemma=el NamedEntityTag=O]
[Text=Prof. CharacterOffsetBegin=456 CharacterOffsetEnd=461 PartOfSpeech=PROPN Lemma=prof. NamedEntityTag=ORGANIZATION]
[Text=FERNANUO CharacterOffsetBegin=462 CharacterOffsetEnd=470 PartOfSpeech=PROPN Lemma=fernanuo NamedEntityTag=ORGANIZATION]
[Text=PINEDA CharacterOffsetBegin=471 CharacterOffsetEnd=477 PartOfSpeech=PROPN Lemma=pineda NamedEntityTag=ORGANIZATION]
[Text=MENESES CharacterOffsetBegin=478 CharacterOffsetEnd=485 PartOfSpeech=PROPN Lemma=meneses NamedEntityTag=ORGANIZATION]
[Text=sobre CharacterOffsetBegin=486 CharacterOffsetEnd=491 PartOfSpeech=ADP Lemma=sobre NamedEntityTag=O]
[Text=WENCES CharacterOffsetBegin=492 CharacterOffsetEnd=498 PartOfSpeech=PROPN Lemma=wences NamedEntityTag=ORGANIZATION]
[Text=REZA CharacterOffsetBegin=499 CharacterOffsetEnd=503 PartOfSpeech=PROPN Lemma=reza NamedEntityTag=O]
[Text=para CharacterOffsetBegin=504 CharacterOffsetEnd=508 PartOfSpeech=ADP Lemma=para NamedEntityTag=O]
[Text=conseguir CharacterOffsetBegin=509 CharacterOffsetEnd=518 PartOfSpeech=VERB Lemma=conseguir NamedEntityTag=O]
[Text=la CharacterOffsetBegin=519 CharacterOffsetEnd=521 PartOfSpeech=DET Lemma=la NamedEntityTag=O]
[Text=subdirección CharacterOffsetBegin=522 CharacterOffsetEnd=534 PartOfSpeech=NOUN Lemma=subdirección NamedEntityTag=O]
[Text=de CharacterOffsetBegin=535 CharacterOffsetEnd=537 PartOfSpeech=ADP Lemma=de NamedEntityTag=O]
[Text=la CharacterOffsetBegin=538 CharacterOffsetEnd=540 PartOfSpeech=DET Lemma=la NamedEntityTag=O]
[Text=mencionada CharacterOffsetBegin=541 CharacterOffsetEnd=551 PartOfSpeech=ADJ Lemma=mencionada NamedEntityTag=O]
[Text=escuela CharacterOffsetBegin=552 CharacterOffsetEnd=559 PartOfSpeech=NOUN Lemma=escuela NamedEntityTag=O]
[Text=y CharacterOffsetBegin=560 CharacterOffsetEnd=561 PartOfSpeech=CCONJ Lemma=y NamedEntityTag=O]
[Text=continuar CharacterOffsetBegin=562 CharacterOffsetEnd=571 PartOfSpeech=VERB Lemma=continuar NamedEntityTag=O]
[Text=una CharacterOffsetBegin=572 CharacterOffsetEnd=575 PartOfSpeech=DET Lemma=una NamedEntityTag=O]
[Text=serie CharacterOffsetBegin=576 CharacterOffsetEnd=581 PartOfSpeech=NOUN Lemma=serie NamedEntityTag=O]
[Text=de CharacterOffsetBegin=582 CharacterOffsetEnd=584 PartOfSpeech=ADP Lemma=de NamedEntityTag=O]
[Text=actividades CharacterOffsetBegin=585 CharacterOffsetEnd=596 PartOfSpeech=NOUN Lemma=actividades NamedEntityTag=O]
[Text=en CharacterOffsetBegin=597 CharacterOffsetEnd=599 PartOfSpeech=ADP Lemma=en NamedEntityTag=O]
[Text=contra CharacterOffsetBegin=600 CharacterOffsetEnd=606 PartOfSpeech=NOUN Lemma=contra NamedEntityTag=O]
[Text=del CharacterOffsetBegin=607 CharacterOffsetEnd=610 PartOfSpeech=ADP Lemma=del NamedEntityTag=O]
[Text=Gobierno CharacterOffsetBegin=611 CharacterOffsetEnd=619 PartOfSpeech=PROPN Lemma=gobierno NamedEntityTag=ORGANIZATION]
[Text=Federal CharacterOffsetBegin=620 CharacterOffsetEnd=627 PartOfSpeech=PROPN Lemma=federal NamedEntityTag=ORGANIZATION]
[Text=y CharacterOffsetBegin=628 CharacterOffsetEnd=629 PartOfSpeech=CCONJ Lemma=y NamedEntityTag=ORGANIZATION]
[Text=Estatal CharacterOffsetBegin=630 CharacterOffsetEnd=637 PartOfSpeech=PROPN Lemma=estatal NamedEntityTag=ORGANIZATION]
[Text=con CharacterOffsetBegin=638 CharacterOffsetEnd=641 PartOfSpeech=ADP Lemma=con NamedEntityTag=O]
[Text=su CharacterOffsetBegin=642 CharacterOffsetEnd=644 PartOfSpeech=DET Lemma=su NamedEntityTag=O]
[Text=gru CharacterOffsetBegin=645 CharacterOffsetEnd=648 PartOfSpeech=NOUN Lemma=gru NamedEntityTag=O]
[Text=- CharacterOffsetBegin=648 CharacterOffsetEnd=649 PartOfSpeech=PUNCT Lemma=- NamedEntityTag=O]
[Text=po CharacterOffsetBegin=650 CharacterOffsetEnd=652 PartOfSpeech=NOUN Lemma=po NamedEntityTag=O]
[Text=de CharacterOffsetBegin=653 CharacterOffsetEnd=655 PartOfSpeech=ADP Lemma=de NamedEntityTag=O]
[Text=alumnos CharacterOffsetBegin=656 CharacterOffsetEnd=663 PartOfSpeech=NOUN Lemma=alumnos NamedEntityTag=O]
[Text=" CharacterOffsetBegin=664 CharacterOffsetEnd=665 PartOfSpeech=PUNCT Lemma=" NamedEntityTag=O]
[Text=METAMORFOSIS CharacterOffsetBegin=665 CharacterOffsetEnd=677 PartOfSpeech=PROPN Lemma=metamorfosis NamedEntityTag=O]
[Text=" CharacterOffsetBegin=677 CharacterOffsetEnd=678 PartOfSpeech=PUNCT Lemma=" NamedEntityTag=O]
[Text=el CharacterOffsetBegin=679 CharacterOffsetEnd=681 PartOfSpeech=DET Lemma=el NamedEntityTag=O]
[Text=cual CharacterOffsetBegin=682 CharacterOffsetEnd=686 PartOfSpeech=PRON Lemma=cual NamedEntityTag=O]
[Text=se CharacterOffsetBegin=687 CharacterOffsetEnd=689 PartOfSpeech=PRON Lemma=se NamedEntityTag=O]
[Text=encarga CharacterOffsetBegin=690 CharacterOffsetEnd=697 PartOfSpeech=VERB Lemma=encarga NamedEntityTag=O]
[Text=- CharacterOffsetBegin=697 CharacterOffsetEnd=698 PartOfSpeech=PUNCT Lemma=- NamedEntityTag=O]
[Text=ría CharacterOffsetBegin=699 CharacterOffsetEnd=702 PartOfSpeech=NOUN Lemma=ría NamedEntityTag=O]
[Text=, CharacterOffsetBegin=702 CharacterOffsetEnd=703 PartOfSpeech=PUNCT Lemma=, NamedEntityTag=O]
[Text=mediante CharacterOffsetBegin=703 CharacterOffsetEnd=711 PartOfSpeech=ADP Lemma=mediante NamedEntityTag=O]
[Text=un CharacterOffsetBegin=712 CharacterOffsetEnd=714 PartOfSpeech=DET Lemma=un NamedEntityTag=O]
[Text=movimiento CharacterOffsetBegin=715 CharacterOffsetEnd=725 PartOfSpeech=NOUN Lemma=movimiento NamedEntityTag=O]
[Text=estudiantil CharacterOffsetBegin=726 CharacterOffsetEnd=737 PartOfSpeech=ADJ Lemma=estudiantil NamedEntityTag=O]
[Text=exigir CharacterOffsetBegin=738 CharacterOffsetEnd=744 PartOfSpeech=VERB Lemma=exigir NamedEntityTag=O]
[Text=la CharacterOffsetBegin=745 CharacterOffsetEnd=747 PartOfSpeech=DET Lemma=la NamedEntityTag=O]

Dependency Parse (enhanced plus plus dependencies):
root(ROOT-0, SALAZAR-2)
acl(SALAZAR-2, haciendo-5)
obj(haciendo-5, le-6)
amod(SALAZAR-2, CESAR-1)
appos(SALAZAR-2, 0RTIZ-3)
punct(haciendo-5, ,-4)
aux(presciden-10, saber-7)
mark(presciden-10, que-8)
obj(presciden-10, se-9)
ccomp(haciendo-5, presciden-10)
case(servicios-13, de-11)
det(servicios-13, sus-12)
obj(presciden-10, servicios-13)
amod(servicios-13, com-14)
appos(servicios-13, Director-15)
case(Prepa-18, de-16)
det(Prepa-18, la-17)
flat(Director-15, Prepa-18)
nummod(Prepa-18, 2-19)
case(Acapulco-21, en-20)
obl(presciden-10, Acapulco-21)
punct(Gro-23, ,-22)
flat(Acapulco-21, Gro-23)
punct(Gro-23, ,-24)
punct(obedece-28, --25)
obj(obedece-28, Lo-26)
nsubj(obedece-28, anterior-27)
acl(Acapulco-21, obedece-28)
case(presión-31, a-29)
det(presión-31, la-30)
obj(obedece-28, presión-31)
obj(ejerció-33, que-32)
acl(presión-31, ejerció-33)
det(Prof.-35, el-34)
nsubj(ejerció-33, Prof.-35)
flat(Prof.-35, FERNANUO-36)
flat(Prof.-35, PINEDA-37)
flat(Prof.-35, MENESES-38)
case(WENCES-40, sobre-39)
flat(Prof.-35, WENCES-40)
flat(WENCES-40, REZA-41)
mark(conseguir-43, para-42)
advcl(ejerció-33, conseguir-43)
det(subdirección-45, la-44)
obj(conseguir-43, subdirección-45)
case(escuela-49, de-46)
det(escuela-49, la-47)
amod(escuela-49, mencionada-48)
nmod(subdirección-45, escuela-49)
cc(continuar-51, y-50)
advcl(ejerció-33, continuar-51)
conj:y(conseguir-43, continuar-51)
det(serie-53, una-52)
obj(continuar-51, serie-53)
case(actividades-55, de-54)
nmod(serie-53, actividades-55)
case(Gobierno-59, en-56)
fixed(en-56, contra-57)
fixed(en-56, del-58)
nmod(actividades-55, Gobierno-59)
nmod(actividades-55, Gobierno-59)
flat(Gobierno-59, Federal-60)
cc(Estatal-62, y-61)
nmod(actividades-55, Estatal-62)
conj:y(Gobierno-59, Estatal-62)
case(gru-65, con-63)
det(gru-65, su-64)
obl(continuar-51, gru-65)
punct(po-67, --66)
appos(gru-65, po-67)
case(alumnos-69, de-68)
nmod(po-67, alumnos-69)
punct(po-67, "-70)
appos(po-67, METAMORFOSIS-71)
punct(po-67, "-72)
det(cual-74, el-73)
nsubj(encarga-76, cual-74)
obj(encarga-76, se-75)
advcl(continuar-51, encarga-76)
punct(ría-78, --77)
obj(encarga-76, ría-78)
punct(movimiento-82, ,-79)
case(movimiento-82, mediante-80)
det(movimiento-82, un-81)
nmod(ría-78, movimiento-82)
amod(movimiento-82, estudiantil-83)
acl(movimiento-82, exigir-84)
obj(exigir-84, la-85)

Extracted the following NER entity mentions:
CESAR SALAZAR
0RTIZ	PERSON	PERSON:0.529612889032974
com	MISC	MISC:0.7619050633740132
Director	TITLE	MISC:0.9268841952921184
de la Prepa	MISC	MISC:0.900171587635829
2	NUMBER	NUMBER:-1.0
Acapulco	CITY	LOCATION:0.995561206244721
Prof. FERNANUO PINEDA MENESES	ORGANIZATION	ORGANIZATION:0.3558817747303135
WENCES	ORGANIZATION	ORGANIZATION:0.5522791216382631
Gobierno Federal y Estatal	ORGANIZATION	ORGANIZATION:0.508093285938541
