Document: ID=file_408.txt (7 sentences, 130 tokens)

Sentence #1 (22 tokens):
que participaron en la manifestación y mitin mencionado lle
vado a cabo en el Zócalo de la Cd.de Ometepec,Gro.

Tokens:
[Text=que CharacterOffsetBegin=0 CharacterOffsetEnd=3 PartOfSpeech=PRON Lemma=que NamedEntityTag=O]
[Text=participaron CharacterOffsetBegin=4 CharacterOffsetEnd=16 PartOfSpeech=VERB Lemma=participaron NamedEntityTag=O]
[Text=en CharacterOffsetBegin=17 CharacterOffsetEnd=19 PartOfSpeech=ADP Lemma=en NamedEntityTag=O]
[Text=la CharacterOffsetBegin=20 CharacterOffsetEnd=22 PartOfSpeech=DET Lemma=la NamedEntityTag=O]
[Text=manifestación CharacterOffsetBegin=23 CharacterOffsetEnd=36 PartOfSpeech=NOUN Lemma=manifestación NamedEntityTag=O]
[Text=y CharacterOffsetBegin=37 CharacterOffsetEnd=38 PartOfSpeech=CCONJ Lemma=y NamedEntityTag=O]
[Text=mitin CharacterOffsetBegin=39 CharacterOffsetEnd=44 PartOfSpeech=NOUN Lemma=mitin NamedEntityTag=O]
[Text=mencionado CharacterOffsetBegin=45 CharacterOffsetEnd=55 PartOfSpeech=ADJ Lemma=mencionado NamedEntityTag=O]
[Text=lle CharacterOffsetBegin=56 CharacterOffsetEnd=59 PartOfSpeech=VERB Lemma=lle NamedEntityTag=O]
[Text=vado CharacterOffsetBegin=60 CharacterOffsetEnd=64 PartOfSpeech=NOUN Lemma=vado NamedEntityTag=O]
[Text=a CharacterOffsetBegin=65 CharacterOffsetEnd=66 PartOfSpeech=ADP Lemma=a NamedEntityTag=O]
[Text=cabo CharacterOffsetBegin=67 CharacterOffsetEnd=71 PartOfSpeech=NOUN Lemma=cabo NamedEntityTag=O]
[Text=en CharacterOffsetBegin=72 CharacterOffsetEnd=74 PartOfSpeech=ADP Lemma=en NamedEntityTag=O]
[Text=el CharacterOffsetBegin=75 CharacterOffsetEnd=77 PartOfSpeech=DET Lemma=el NamedEntityTag=O]
[Text=Zócalo CharacterOffsetBegin=78 CharacterOffsetEnd=84 PartOfSpeech=PROPN Lemma=zócalo NamedEntityTag=LOCATION]
[Text=de CharacterOffsetBegin=85 CharacterOffsetEnd=87 PartOfSpeech=ADP Lemma=de NamedEntityTag=LOCATION]
[Text=la CharacterOffsetBegin=88 CharacterOffsetEnd=90 PartOfSpeech=DET Lemma=la NamedEntityTag=LOCATION]
[Text=Cd.de CharacterOffsetBegin=91 CharacterOffsetEnd=96 PartOfSpeech=PROPN Lemma=cd.de NamedEntityTag=LOCATION]
[Text=Ometepec CharacterOffsetBegin=97 CharacterOffsetEnd=105 PartOfSpeech=PROPN Lemma=ometepec NamedEntityTag=CITY]
[Text=, CharacterOffsetBegin=105 CharacterOffsetEnd=106 PartOfSpeech=PUNCT Lemma=, NamedEntityTag=O]
[Text=Gro CharacterOffsetBegin=106 CharacterOffsetEnd=109 PartOfSpeech=PROPN Lemma=gro NamedEntityTag=PERSON]
[Text=. CharacterOffsetBegin=109 CharacterOffsetEnd=110 PartOfSpeech=PUNCT Lemma=. NamedEntityTag=O]

Dependency Parse (enhanced plus plus dependencies):
root(ROOT-0, participaron-2)
nsubj(participaron-2, que-1)
case(manifestación-5, en-3)
det(manifestación-5, la-4)
obj(participaron-2, manifestación-5)
cc(mitin-7, y-6)
obj(participaron-2, mitin-7)
conj:y(manifestación-5, mitin-7)
amod(manifestación-5, mencionado-8)
advcl(participaron-2, lle-9)
obj(lle-9, vado-10)
case(cabo-12, a-11)
nmod(vado-10, cabo-12)
case(Zócalo-15, en-13)
det(Zócalo-15, el-14)
obl(lle-9, Zócalo-15)
case(Cd.de-18, de-16)
det(Cd.de-18, la-17)
flat(Zócalo-15, Cd.de-18)
flat(Cd.de-18, Ometepec-19)
punct(Gro-21, ,-20)
flat(Zócalo-15, Gro-21)
punct(participaron-2, .-22)

Extracted the following NER entity mentions:
Zócalo de la Cd.de	LOCATION	LOCATION:0.7025527817534524
Ometepec	CITY	LOCATION:0.7408061431835699
Gro	PERSON	PERSON:0.4778525303638365

Sentence #2 (3 tokens):
-
Exp-100-10-1-78.

Tokens:
[Text=- CharacterOffsetBegin=110 CharacterOffsetEnd=111 PartOfSpeech=PUNCT Lemma=- NamedEntityTag=O]
[Text=Exp-100-10-1-78 CharacterOffsetBegin=112 CharacterOffsetEnd=127 PartOfSpeech=NUM Lemma=exp-100-10-1-78 NamedEntityTag=O]
[Text=. CharacterOffsetBegin=127 CharacterOffsetEnd=128 PartOfSpeech=PUNCT Lemma=. NamedEntityTag=O]

Dependency Parse (enhanced plus plus dependencies):
root(ROOT-0, Exp-100-10-1-78-2)
punct(Exp-100-10-1-78-2, --1)
punct(Exp-100-10-1-78-2, .-3)

Extracted the following NER entity mentions:

Sentence #3 (6 tokens):
H-294 L-71
3-Febrero-78.

Tokens:
[Text=H-294 CharacterOffsetBegin=129 CharacterOffsetEnd=134 PartOfSpeech=NUM Lemma=h-294 NamedEntityTag=O]
[Text=L-71 CharacterOffsetBegin=135 CharacterOffsetEnd=139 PartOfSpeech=NUM Lemma=l-71 NamedEntityTag=O]
[Text=3 CharacterOffsetBegin=140 CharacterOffsetEnd=141 PartOfSpeech=NUM Lemma=3 NamedEntityTag=O]
[Text=- CharacterOffsetBegin=141 CharacterOffsetEnd=142 PartOfSpeech=PUNCT Lemma=- NamedEntityTag=O]
[Text=Febrero-78 CharacterOffsetBegin=142 CharacterOffsetEnd=152 PartOfSpeech=NUM Lemma=febrero-78 NamedEntityTag=O]
[Text=. CharacterOffsetBegin=152 CharacterOffsetEnd=153 PartOfSpeech=PUNCT Lemma=. NamedEntityTag=O]

Dependency Parse (enhanced plus plus dependencies):
root(ROOT-0, H-294-1)
appos(H-294-1, L-71-2)
compound(L-71-2, 3-3)
punct(H-294-1, --4)
appos(H-294-1, Febrero-78-5)
punct(H-294-1, .-6)

Extracted the following NER entity mentions:

Sentence #4 (30 tokens):
-El 2 actual, durante un mitin celebrado
en la tumba del Prof.Genaro Vázquez Rojas,en el pan-
teón de San Luis Acatlán,Gro.

Tokens:
[Text=- CharacterOffsetBegin=153 CharacterOffsetEnd=154 PartOfSpeech=PUNCT Lemma=- NamedEntityTag=O]
[Text=El CharacterOffsetBegin=154 CharacterOffsetEnd=156 PartOfSpeech=DET Lemma=el NamedEntityTag=O]
[Text=2 CharacterOffsetBegin=157 CharacterOffsetEnd=158 PartOfSpeech=NUM Lemma=2 NamedEntityTag=NUMBER NormalizedNamedEntityTag=2.0]
[Text=actual CharacterOffsetBegin=159 CharacterOffsetEnd=165 PartOfSpeech=ADJ Lemma=actual NamedEntityTag=O]
[Text=, CharacterOffsetBegin=165 CharacterOffsetEnd=166 PartOfSpeech=PUNCT Lemma=, NamedEntityTag=O]
[Text=durante CharacterOffsetBegin=167 CharacterOffsetEnd=174 PartOfSpeech=ADP Lemma=durante NamedEntityTag=O]
[Text=un CharacterOffsetBegin=175 CharacterOffsetEnd=177 PartOfSpeech=DET Lemma=un NamedEntityTag=O]
[Text=mitin CharacterOffsetBegin=178 CharacterOffsetEnd=183 PartOfSpeech=NOUN Lemma=mitin NamedEntityTag=O]
[Text=celebrado CharacterOffsetBegin=184 CharacterOffsetEnd=193 PartOfSpeech=ADJ Lemma=celebrado NamedEntityTag=O]
[Text=en CharacterOffsetBegin=194 CharacterOffsetEnd=196 PartOfSpeech=ADP Lemma=en NamedEntityTag=O]
[Text=la CharacterOffsetBegin=197 CharacterOffsetEnd=199 PartOfSpeech=DET Lemma=la NamedEntityTag=O]
[Text=tumba CharacterOffsetBegin=200 CharacterOffsetEnd=205 PartOfSpeech=NOUN Lemma=tumba NamedEntityTag=O]
[Text=del CharacterOffsetBegin=206 CharacterOffsetEnd=209 PartOfSpeech=ADP Lemma=del NamedEntityTag=O]
[Text=Prof. CharacterOffsetBegin=210 CharacterOffsetEnd=215 PartOfSpeech=PROPN Lemma=prof. NamedEntityTag=O]
[Text=Genaro CharacterOffsetBegin=215 CharacterOffsetEnd=221 PartOfSpeech=PROPN Lemma=genaro NamedEntityTag=PERSON]
[Text=Vázquez CharacterOffsetBegin=222 CharacterOffsetEnd=229 PartOfSpeech=PROPN Lemma=vázquez NamedEntityTag=PERSON]
[Text=Rojas CharacterOffsetBegin=230 CharacterOffsetEnd=235 PartOfSpeech=PROPN Lemma=rojas NamedEntityTag=PERSON]
[Text=, CharacterOffsetBegin=235 CharacterOffsetEnd=236 PartOfSpeech=PUNCT Lemma=, NamedEntityTag=O]
[Text=en CharacterOffsetBegin=236 CharacterOffsetEnd=238 PartOfSpeech=ADP Lemma=en NamedEntityTag=O]
[Text=el CharacterOffsetBegin=239 CharacterOffsetEnd=241 PartOfSpeech=DET Lemma=el NamedEntityTag=O]
[Text=pan CharacterOffsetBegin=242 CharacterOffsetEnd=245 PartOfSpeech=NOUN Lemma=pan NamedEntityTag=O]
[Text=- CharacterOffsetBegin=245 CharacterOffsetEnd=246 PartOfSpeech=PUNCT Lemma=- NamedEntityTag=O]
[Text=teón CharacterOffsetBegin=247 CharacterOffsetEnd=251 PartOfSpeech=NOUN Lemma=teón NamedEntityTag=O]
[Text=de CharacterOffsetBegin=252 CharacterOffsetEnd=254 PartOfSpeech=ADP Lemma=de NamedEntityTag=O]
[Text=San CharacterOffsetBegin=255 CharacterOffsetEnd=258 PartOfSpeech=PROPN Lemma=san NamedEntityTag=CITY]
[Text=Luis CharacterOffsetBegin=259 CharacterOffsetEnd=263 PartOfSpeech=PROPN Lemma=luis NamedEntityTag=CITY]
[Text=Acatlán CharacterOffsetBegin=264 CharacterOffsetEnd=271 PartOfSpeech=PROPN Lemma=acatlán NamedEntityTag=CITY]
[Text=, CharacterOffsetBegin=271 CharacterOffsetEnd=272 PartOfSpeech=PUNCT Lemma=, NamedEntityTag=O]
[Text=Gro CharacterOffsetBegin=272 CharacterOffsetEnd=275 PartOfSpeech=PROPN Lemma=gro NamedEntityTag=O]
[Text=. CharacterOffsetBegin=275 CharacterOffsetEnd=276 PartOfSpeech=PUNCT Lemma=. NamedEntityTag=O]

Dependency Parse (enhanced plus plus dependencies):
root(ROOT-0, --1)
det(2-3, El-2)
appos(--1, 2-3)
amod(2-3, actual-4)
punct(mitin-8, ,-5)
case(mitin-8, durante-6)
det(mitin-8, un-7)
nmod(2-3, mitin-8)
amod(mitin-8, celebrado-9)
case(tumba-12, en-10)
det(tumba-12, la-11)
obl(celebrado-9, tumba-12)
case(Prof.-14, del-13)
nmod(tumba-12, Prof.-14)
flat(Prof.-14, Genaro-15)
flat(Prof.-14, Vázquez-16)
flat(Prof.-14, Rojas-17)
punct(pan-21, ,-18)
case(pan-21, en-19)
det(pan-21, el-20)
nmod(tumba-12, pan-21)
punct(pan-21, --22)
nmod(pan-21, teón-23)
case(San-25, de-24)
nmod(teón-23, San-25)
flat(San-25, Luis-26)
flat(San-25, Acatlán-27)
punct(Gro-29, ,-28)
flat(San-25, Gro-29)
punct(2-3, .-30)

Extracted the following NER entity mentions:
2	NUMBER	NUMBER:-1.0
Genaro Vázquez Rojas	PERSON	PERSON:0.9952499976312854
San Luis Acatlán	CITY	LOCATION:0.8990952385020136

Sentence #5 (11 tokens):
,con motivo de su VI --
Aniversario de sumuerte.

Tokens:
[Text=, CharacterOffsetBegin=276 CharacterOffsetEnd=277 PartOfSpeech=PUNCT Lemma=, NamedEntityTag=O]
[Text=con CharacterOffsetBegin=277 CharacterOffsetEnd=280 PartOfSpeech=ADP Lemma=con NamedEntityTag=O]
[Text=motivo CharacterOffsetBegin=281 CharacterOffsetEnd=287 PartOfSpeech=NOUN Lemma=motivo NamedEntityTag=O]
[Text=de CharacterOffsetBegin=288 CharacterOffsetEnd=290 PartOfSpeech=ADP Lemma=de NamedEntityTag=O]
[Text=su CharacterOffsetBegin=291 CharacterOffsetEnd=293 PartOfSpeech=DET Lemma=su NamedEntityTag=O]
[Text=VI CharacterOffsetBegin=294 CharacterOffsetEnd=296 PartOfSpeech=PROPN Lemma=vi NamedEntityTag=O]
[Text=-- CharacterOffsetBegin=297 CharacterOffsetEnd=299 PartOfSpeech=PROPN Lemma=-- NamedEntityTag=O]
[Text=Aniversario CharacterOffsetBegin=300 CharacterOffsetEnd=311 PartOfSpeech=PROPN Lemma=aniversario NamedEntityTag=O]
[Text=de CharacterOffsetBegin=312 CharacterOffsetEnd=314 PartOfSpeech=ADP Lemma=de NamedEntityTag=O]
[Text=sumuerte CharacterOffsetBegin=315 CharacterOffsetEnd=323 PartOfSpeech=NOUN Lemma=sumuerte NamedEntityTag=O]
[Text=. CharacterOffsetBegin=323 CharacterOffsetEnd=324 PartOfSpeech=PUNCT Lemma=. NamedEntityTag=O]

Dependency Parse (enhanced plus plus dependencies):
root(ROOT-0, VI-6)
punct(VI-6, ,-1)
case(VI-6, con-2)
fixed(con-2, motivo-3)
fixed(con-2, de-4)
det(VI-6, su-5)
flat(VI-6, ---7)
flat(VI-6, Aniversario-8)
case(sumuerte-10, de-9)
nmod(VI-6, sumuerte-10)
punct(VI-6, .-11)

Extracted the following NER entity mentions:

Sentence #6 (57 tokens):
-Este mentor expresó entre -
otras cosas que en el momento en que los Profs.,Gena
ro Vázquez Rojas y Lucio Cabañas Barrientos empezaron
a apoyar las demandas del campesino,del coprero y de
los indígenas de la ierra, fue cuando ambos comenzaron
a organizar a las gentes pobres y a defenderlas.

Tokens:
[Text=- CharacterOffsetBegin=324 CharacterOffsetEnd=325 PartOfSpeech=PUNCT Lemma=- NamedEntityTag=O]
[Text=Este CharacterOffsetBegin=325 CharacterOffsetEnd=329 PartOfSpeech=DET Lemma=este NamedEntityTag=O]
[Text=mentor CharacterOffsetBegin=330 CharacterOffsetEnd=336 PartOfSpeech=NOUN Lemma=mentor NamedEntityTag=O]
[Text=expresó CharacterOffsetBegin=337 CharacterOffsetEnd=344 PartOfSpeech=VERB Lemma=expresó NamedEntityTag=O]
[Text=entre CharacterOffsetBegin=345 CharacterOffsetEnd=350 PartOfSpeech=ADP Lemma=entre NamedEntityTag=O]
[Text=- CharacterOffsetBegin=351 CharacterOffsetEnd=352 PartOfSpeech=PUNCT Lemma=- NamedEntityTag=O]
[Text=otras CharacterOffsetBegin=353 CharacterOffsetEnd=358 PartOfSpeech=DET Lemma=otras NamedEntityTag=O]
[Text=cosas CharacterOffsetBegin=359 CharacterOffsetEnd=364 PartOfSpeech=NOUN Lemma=cosas NamedEntityTag=O]
[Text=que CharacterOffsetBegin=365 CharacterOffsetEnd=368 PartOfSpeech=PRON Lemma=que NamedEntityTag=O]
[Text=en CharacterOffsetBegin=369 CharacterOffsetEnd=371 PartOfSpeech=ADP Lemma=en NamedEntityTag=O]
[Text=el CharacterOffsetBegin=372 CharacterOffsetEnd=374 PartOfSpeech=DET Lemma=el NamedEntityTag=O]
[Text=momento CharacterOffsetBegin=375 CharacterOffsetEnd=382 PartOfSpeech=NOUN Lemma=momento NamedEntityTag=O]
[Text=en CharacterOffsetBegin=383 CharacterOffsetEnd=385 PartOfSpeech=ADP Lemma=en NamedEntityTag=O]
[Text=que CharacterOffsetBegin=386 CharacterOffsetEnd=389 PartOfSpeech=PRON Lemma=que NamedEntityTag=O]
[Text=los CharacterOffsetBegin=390 CharacterOffsetEnd=393 PartOfSpeech=DET Lemma=los NamedEntityTag=O]
[Text=Profs. CharacterOffsetBegin=394 CharacterOffsetEnd=400 PartOfSpeech=PROPN Lemma=profs. NamedEntityTag=O]
[Text=, CharacterOffsetBegin=400 CharacterOffsetEnd=401 PartOfSpeech=PUNCT Lemma=, NamedEntityTag=O]
[Text=Gena CharacterOffsetBegin=401 CharacterOffsetEnd=405 PartOfSpeech=PROPN Lemma=gena NamedEntityTag=PERSON]
[Text=ro CharacterOffsetBegin=406 CharacterOffsetEnd=408 PartOfSpeech=PROPN Lemma=ro NamedEntityTag=PERSON]
[Text=Vázquez CharacterOffsetBegin=409 CharacterOffsetEnd=416 PartOfSpeech=PROPN Lemma=vázquez NamedEntityTag=PERSON]
[Text=Rojas CharacterOffsetBegin=417 CharacterOffsetEnd=422 PartOfSpeech=PROPN Lemma=rojas NamedEntityTag=PERSON]
[Text=y CharacterOffsetBegin=423 CharacterOffsetEnd=424 PartOfSpeech=CCONJ Lemma=y NamedEntityTag=O]
[Text=Lucio CharacterOffsetBegin=425 CharacterOffsetEnd=430 PartOfSpeech=PROPN Lemma=lucio NamedEntityTag=PERSON]
[Text=Cabañas CharacterOffsetBegin=431 CharacterOffsetEnd=438 PartOfSpeech=PROPN Lemma=cabañas NamedEntityTag=PERSON]
[Text=Barrientos CharacterOffsetBegin=439 CharacterOffsetEnd=449 PartOfSpeech=PROPN Lemma=barrientos NamedEntityTag=PERSON]
[Text=empezaron CharacterOffsetBegin=450 CharacterOffsetEnd=459 PartOfSpeech=AUX Lemma=empezaron NamedEntityTag=O]
[Text=a CharacterOffsetBegin=460 CharacterOffsetEnd=461 PartOfSpeech=ADP Lemma=a NamedEntityTag=O]
[Text=apoyar CharacterOffsetBegin=462 CharacterOffsetEnd=468 PartOfSpeech=VERB Lemma=apoyar NamedEntityTag=O]
[Text=las CharacterOffsetBegin=469 CharacterOffsetEnd=472 PartOfSpeech=DET Lemma=las NamedEntityTag=O]
[Text=demandas CharacterOffsetBegin=473 CharacterOffsetEnd=481 PartOfSpeech=NOUN Lemma=demandas NamedEntityTag=O]
[Text=del CharacterOffsetBegin=482 CharacterOffsetEnd=485 PartOfSpeech=ADP Lemma=del NamedEntityTag=O]
[Text=campesino CharacterOffsetBegin=486 CharacterOffsetEnd=495 PartOfSpeech=NOUN Lemma=campesino NamedEntityTag=TITLE]
[Text=, CharacterOffsetBegin=495 CharacterOffsetEnd=496 PartOfSpeech=PUNCT Lemma=, NamedEntityTag=O]
[Text=del CharacterOffsetBegin=496 CharacterOffsetEnd=499 PartOfSpeech=ADP Lemma=del NamedEntityTag=O]
[Text=coprero CharacterOffsetBegin=500 CharacterOffsetEnd=507 PartOfSpeech=NOUN Lemma=coprero NamedEntityTag=O]
[Text=y CharacterOffsetBegin=508 CharacterOffsetEnd=509 PartOfSpeech=CCONJ Lemma=y NamedEntityTag=O]
[Text=de CharacterOffsetBegin=510 CharacterOffsetEnd=512 PartOfSpeech=ADP Lemma=de NamedEntityTag=O]
[Text=los CharacterOffsetBegin=513 CharacterOffsetEnd=516 PartOfSpeech=DET Lemma=los NamedEntityTag=O]
[Text=indígenas CharacterOffsetBegin=517 CharacterOffsetEnd=526 PartOfSpeech=NOUN Lemma=indígenas NamedEntityTag=O]
[Text=de CharacterOffsetBegin=527 CharacterOffsetEnd=529 PartOfSpeech=ADP Lemma=de NamedEntityTag=O]
[Text=la CharacterOffsetBegin=530 CharacterOffsetEnd=532 PartOfSpeech=DET Lemma=la NamedEntityTag=O]
[Text=ierra CharacterOffsetBegin=533 CharacterOffsetEnd=538 PartOfSpeech=NOUN Lemma=ierra NamedEntityTag=O]
[Text=, CharacterOffsetBegin=538 CharacterOffsetEnd=539 PartOfSpeech=PUNCT Lemma=, NamedEntityTag=O]
[Text=fue CharacterOffsetBegin=540 CharacterOffsetEnd=543 PartOfSpeech=AUX Lemma=fue NamedEntityTag=O]
[Text=cuando CharacterOffsetBegin=544 CharacterOffsetEnd=550 PartOfSpeech=SCONJ Lemma=cuando NamedEntityTag=O]
[Text=ambos CharacterOffsetBegin=551 CharacterOffsetEnd=556 PartOfSpeech=NUM Lemma=ambos NamedEntityTag=O]
[Text=comenzaron CharacterOffsetBegin=557 CharacterOffsetEnd=567 PartOfSpeech=AUX Lemma=comenzaron NamedEntityTag=O]
[Text=a CharacterOffsetBegin=568 CharacterOffsetEnd=569 PartOfSpeech=ADP Lemma=a NamedEntityTag=O]
[Text=organizar CharacterOffsetBegin=570 CharacterOffsetEnd=579 PartOfSpeech=VERB Lemma=organizar NamedEntityTag=O]
[Text=a CharacterOffsetBegin=580 CharacterOffsetEnd=581 PartOfSpeech=ADP Lemma=a NamedEntityTag=O]
[Text=las CharacterOffsetBegin=582 CharacterOffsetEnd=585 PartOfSpeech=DET Lemma=las NamedEntityTag=O]
[Text=gentes CharacterOffsetBegin=586 CharacterOffsetEnd=592 PartOfSpeech=NOUN Lemma=gentes NamedEntityTag=O]
[Text=pobres CharacterOffsetBegin=593 CharacterOffsetEnd=599 PartOfSpeech=ADJ Lemma=pobres NamedEntityTag=O]
[Text=y CharacterOffsetBegin=600 CharacterOffsetEnd=601 PartOfSpeech=CCONJ Lemma=y NamedEntityTag=O]
[Text=a CharacterOffsetBegin=602 CharacterOffsetEnd=603 PartOfSpeech=ADP Lemma=a NamedEntityTag=O]
[Text=defenderlas CharacterOffsetBegin=604 CharacterOffsetEnd=615 PartOfSpeech=NOUN Lemma=defenderlas NamedEntityTag=O]
[Text=. CharacterOffsetBegin=615 CharacterOffsetEnd=616 PartOfSpeech=PUNCT Lemma=. NamedEntityTag=O]

Dependency Parse (enhanced plus plus dependencies):
root(ROOT-0, expresó-4)
punct(expresó-4, --1)
det(mentor-3, Este-2)
nsubj(expresó-4, mentor-3)
case(cosas-8, entre-5)
punct(cosas-8, --6)
det(cosas-8, otras-7)
obl(expresó-4, cosas-8)
nsubj(fue-44, que-9)
case(momento-12, en-10)
det(momento-12, el-11)
obl(fue-44, momento-12)
case(que-14, en-13)
obl(apoyar-28, que-14)
det(Profs.-16, los-15)
nsubj(apoyar-28, Profs.-16)
punct(Gena-18, ,-17)
nsubj(apoyar-28, Gena-18)
flat(Gena-18, ro-19)
flat(Gena-18, Vázquez-20)
flat(Gena-18, Rojas-21)
cc(Lucio-23, y-22)
conj:y(Gena-18, Lucio-23)
nsubj(apoyar-28, Lucio-23)
flat(Lucio-23, Cabañas-24)
flat(Lucio-23, Barrientos-25)
aux(apoyar-28, empezaron-26)
mark(apoyar-28, a-27)
acl(momento-12, apoyar-28)
det(demandas-30, las-29)
obj(apoyar-28, demandas-30)
obj(apoyar-28, demandas-30''''')
conj:y(demandas-30, demandas-30''''')
obj(apoyar-28, demandas-30'''''')
conj:y(demandas-30, demandas-30'''''')
case(campesino-32, del-31)
nmod(demandas-30, campesino-32)
punct(coprero-35, ,-33)
case(coprero-35, del-34)
nmod(demandas-30'''''', coprero-35)
cc(demandas-30''''', y-36)
case(indígenas-39, de-37)
det(indígenas-39, los-38)
nmod(demandas-30''''', indígenas-39)
case(ierra-42, de-40)
det(ierra-42, la-41)
nmod(indígenas-39, ierra-42)
punct(momento-12, ,-43)
acl(cosas-8, fue-44)
mark(organizar-49, cuando-45)
nsubj(organizar-49, ambos-46)
aux(organizar-49, comenzaron-47)
mark(organizar-49, a-48)
advcl(fue-44, organizar-49)
case(gentes-52, a-50)
det(gentes-52, las-51)
obj(organizar-49, gentes-52)
amod(gentes-52, pobres-53)
cc(defenderlas-56, y-54)
case(defenderlas-56, a-55)
obj(organizar-49, defenderlas-56)
conj:y(gentes-52, defenderlas-56)
punct(expresó-4, .-57)

Extracted the following NER entity mentions:
Gena
ro Vázquez Rojas	PERSON	PERSON:0.9563646409490094
Lucio Cabañas Barrientos	PERSON	PERSON:0.9757673038086292
campesino	TITLE	-

Sentence #7 (1 tokens):
-

Tokens:
[Text=- CharacterOffsetBegin=616 CharacterOffsetEnd=617 PartOfSpeech=PUNCT Lemma=- NamedEntityTag=O]

Dependency Parse (enhanced plus plus dependencies):
root(ROOT-0, --1)

Extracted the following NER entity mentions:
