Document: ID=file_386.txt (11 sentences, 153 tokens)

Sentence #1 (5 tokens):
NECOCHEA LOPEZ Víctor Bruno.

Tokens:
[Text=NECOCHEA CharacterOffsetBegin=0 CharacterOffsetEnd=8 PartOfSpeech=PROPN Lemma=necochea NamedEntityTag=CITY]
[Text=LOPEZ CharacterOffsetBegin=9 CharacterOffsetEnd=14 PartOfSpeech=PROPN Lemma=lopez NamedEntityTag=O]
[Text=Víctor CharacterOffsetBegin=15 CharacterOffsetEnd=21 PartOfSpeech=PROPN Lemma=víctor NamedEntityTag=PERSON]
[Text=Bruno CharacterOffsetBegin=22 CharacterOffsetEnd=27 PartOfSpeech=PROPN Lemma=bruno NamedEntityTag=PERSON]
[Text=. CharacterOffsetBegin=27 CharacterOffsetEnd=28 PartOfSpeech=PUNCT Lemma=. NamedEntityTag=O]

Dependency Parse (enhanced plus plus dependencies):
root(ROOT-0, NECOCHEA-1)
flat(NECOCHEA-1, LOPEZ-2)
flat(NECOCHEA-1, Víctor-3)
flat(NECOCHEA-1, Bruno-4)
punct(NECOCHEA-1, .-5)

Extracted the following NER entity mentions:
NECOCHEA	CITY	LOCATION:0.40267032294234323
Víctor Bruno	PERSON	PERSON:0.9981013873062486

Sentence #2 (2 tokens):
Exp.11-238-75.

Tokens:
[Text=Exp.11-238-75 CharacterOffsetBegin=29 CharacterOffsetEnd=42 PartOfSpeech=NUM Lemma=exp.11-238-75 NamedEntityTag=O]
[Text=. CharacterOffsetBegin=42 CharacterOffsetEnd=43 PartOfSpeech=PUNCT Lemma=. NamedEntityTag=O]

Dependency Parse (enhanced plus plus dependencies):
root(ROOT-0, Exp.11-238-75-1)
punct(Exp.11-238-75-1, .-2)

Extracted the following NER entity mentions:

Sentence #3 (4 tokens):
-32- H-120.

Tokens:
[Text=-32 CharacterOffsetBegin=44 CharacterOffsetEnd=47 PartOfSpeech=NUM Lemma=-32 NamedEntityTag=O]
[Text=- CharacterOffsetBegin=47 CharacterOffsetEnd=48 PartOfSpeech=PUNCT Lemma=- NamedEntityTag=O]
[Text=H-120 CharacterOffsetBegin=49 CharacterOffsetEnd=54 PartOfSpeech=NUM Lemma=h-120 NamedEntityTag=O]
[Text=. CharacterOffsetBegin=54 CharacterOffsetEnd=55 PartOfSpeech=PUNCT Lemma=. NamedEntityTag=O]

Dependency Parse (enhanced plus plus dependencies):
root(ROOT-0, -32-1)
punct(-32-1, --2)
appos(-32-1, H-120-3)
punct(-32-1, .-4)

Extracted the following NER entity mentions:

Sentence #4 (2 tokens):
L-2.

Tokens:
[Text=L-2 CharacterOffsetBegin=56 CharacterOffsetEnd=59 PartOfSpeech=NOUN Lemma=l-2 NamedEntityTag=O]
[Text=. CharacterOffsetBegin=59 CharacterOffsetEnd=60 PartOfSpeech=PUNCT Lemma=. NamedEntityTag=O]

Dependency Parse (enhanced plus plus dependencies):
root(ROOT-0, L-2-1)
punct(L-2-1, .-2)

Extracted the following NER entity mentions:

Sentence #5 (25 tokens):
sibilidades de fácil acceso a la azotea de la peniten
ciaría, e incluso ha hecho preguntas relativas a la -
vigilancia del Penal.

Tokens:
[Text=sibilidades CharacterOffsetBegin=61 CharacterOffsetEnd=72 PartOfSpeech=NOUN Lemma=sibilidades NamedEntityTag=O]
[Text=de CharacterOffsetBegin=73 CharacterOffsetEnd=75 PartOfSpeech=ADP Lemma=de NamedEntityTag=O]
[Text=fácil CharacterOffsetBegin=76 CharacterOffsetEnd=81 PartOfSpeech=ADJ Lemma=fácil NamedEntityTag=O]
[Text=acceso CharacterOffsetBegin=82 CharacterOffsetEnd=88 PartOfSpeech=NOUN Lemma=acceso NamedEntityTag=O]
[Text=a CharacterOffsetBegin=89 CharacterOffsetEnd=90 PartOfSpeech=ADP Lemma=a NamedEntityTag=O]
[Text=la CharacterOffsetBegin=91 CharacterOffsetEnd=93 PartOfSpeech=DET Lemma=la NamedEntityTag=O]
[Text=azotea CharacterOffsetBegin=94 CharacterOffsetEnd=100 PartOfSpeech=NOUN Lemma=azotea NamedEntityTag=O]
[Text=de CharacterOffsetBegin=101 CharacterOffsetEnd=103 PartOfSpeech=ADP Lemma=de NamedEntityTag=O]
[Text=la CharacterOffsetBegin=104 CharacterOffsetEnd=106 PartOfSpeech=DET Lemma=la NamedEntityTag=O]
[Text=peniten CharacterOffsetBegin=107 CharacterOffsetEnd=114 PartOfSpeech=NOUN Lemma=peniten NamedEntityTag=O]
[Text=ciaría CharacterOffsetBegin=115 CharacterOffsetEnd=121 PartOfSpeech=VERB Lemma=ciaría NamedEntityTag=O]
[Text=, CharacterOffsetBegin=121 CharacterOffsetEnd=122 PartOfSpeech=PUNCT Lemma=, NamedEntityTag=O]
[Text=e CharacterOffsetBegin=123 CharacterOffsetEnd=124 PartOfSpeech=CCONJ Lemma=e NamedEntityTag=O]
[Text=incluso CharacterOffsetBegin=125 CharacterOffsetEnd=132 PartOfSpeech=ADV Lemma=incluso NamedEntityTag=O]
[Text=ha CharacterOffsetBegin=133 CharacterOffsetEnd=135 PartOfSpeech=AUX Lemma=ha NamedEntityTag=O]
[Text=hecho CharacterOffsetBegin=136 CharacterOffsetEnd=141 PartOfSpeech=VERB Lemma=hecho NamedEntityTag=O]
[Text=preguntas CharacterOffsetBegin=142 CharacterOffsetEnd=151 PartOfSpeech=NOUN Lemma=preguntas NamedEntityTag=O]
[Text=relativas CharacterOffsetBegin=152 CharacterOffsetEnd=161 PartOfSpeech=ADJ Lemma=relativas NamedEntityTag=O]
[Text=a CharacterOffsetBegin=162 CharacterOffsetEnd=163 PartOfSpeech=ADP Lemma=a NamedEntityTag=O]
[Text=la CharacterOffsetBegin=164 CharacterOffsetEnd=166 PartOfSpeech=DET Lemma=la NamedEntityTag=O]
[Text=- CharacterOffsetBegin=167 CharacterOffsetEnd=168 PartOfSpeech=PUNCT Lemma=- NamedEntityTag=O]
[Text=vigilancia CharacterOffsetBegin=169 CharacterOffsetEnd=179 PartOfSpeech=NOUN Lemma=vigilancia NamedEntityTag=O]
[Text=del CharacterOffsetBegin=180 CharacterOffsetEnd=183 PartOfSpeech=ADP Lemma=del NamedEntityTag=O]
[Text=Penal CharacterOffsetBegin=184 CharacterOffsetEnd=189 PartOfSpeech=PROPN Lemma=penal NamedEntityTag=ORGANIZATION]
[Text=. CharacterOffsetBegin=189 CharacterOffsetEnd=190 PartOfSpeech=PUNCT Lemma=. NamedEntityTag=O]

Dependency Parse (enhanced plus plus dependencies):
root(ROOT-0, ciaría-11)
nsubj(ciaría-11, sibilidades-1)
case(acceso-4, de-2)
amod(acceso-4, fácil-3)
nmod(sibilidades-1, acceso-4)
case(azotea-7, a-5)
det(azotea-7, la-6)
nmod(acceso-4, azotea-7)
case(peniten-10, de-8)
det(peniten-10, la-9)
nmod(azotea-7, peniten-10)
punct(hecho-16, ,-12)
cc(hecho-16, e-13)
advmod(hecho-16, incluso-14)
aux(hecho-16, ha-15)
conj:e(ciaría-11, hecho-16)
obj(hecho-16, preguntas-17)
amod(preguntas-17, relativas-18)
case(vigilancia-22, a-19)
det(vigilancia-22, la-20)
punct(vigilancia-22, --21)
nmod(relativas-18, vigilancia-22)
case(Penal-24, del-23)
nmod(vigilancia-22, Penal-24)
punct(ciaría-11, .-25)

Extracted the following NER entity mentions:
Penal	ORGANIZATION	ORGANIZATION:0.7992369125552407

Sentence #6 (2 tokens):
Exp.11-238-75.

Tokens:
[Text=Exp.11-238-75 CharacterOffsetBegin=191 CharacterOffsetEnd=204 PartOfSpeech=NUM Lemma=exp.11-238-75 NamedEntityTag=O]
[Text=. CharacterOffsetBegin=204 CharacterOffsetEnd=205 PartOfSpeech=PUNCT Lemma=. NamedEntityTag=O]

Dependency Parse (enhanced plus plus dependencies):
root(ROOT-0, Exp.11-238-75-1)
punct(Exp.11-238-75-1, .-2)

Extracted the following NER entity mentions:

Sentence #7 (2 tokens):
H-157.

Tokens:
[Text=H-157 CharacterOffsetBegin=206 CharacterOffsetEnd=211 PartOfSpeech=NUM Lemma=h-157 NamedEntityTag=O]
[Text=. CharacterOffsetBegin=211 CharacterOffsetEnd=212 PartOfSpeech=PUNCT Lemma=. NamedEntityTag=O]

Dependency Parse (enhanced plus plus dependencies):
root(ROOT-0, H-157-1)
punct(H-157-1, .-2)

Extracted the following NER entity mentions:

Sentence #8 (2 tokens):
L-2.

Tokens:
[Text=L-2 CharacterOffsetBegin=213 CharacterOffsetEnd=216 PartOfSpeech=NOUN Lemma=l-2 NamedEntityTag=O]
[Text=. CharacterOffsetBegin=216 CharacterOffsetEnd=217 PartOfSpeech=PUNCT Lemma=. NamedEntityTag=O]

Dependency Parse (enhanced plus plus dependencies):
root(ROOT-0, L-2-1)
punct(L-2-1, .-2)

Extracted the following NER entity mentions:

Sentence #9 (4 tokens):
17-Sep-75.

Tokens:
[Text=17 CharacterOffsetBegin=218 CharacterOffsetEnd=220 PartOfSpeech=NUM Lemma=17 NamedEntityTag=O]
[Text=- CharacterOffsetBegin=220 CharacterOffsetEnd=221 PartOfSpeech=PUNCT Lemma=- NamedEntityTag=O]
[Text=Sep-75 CharacterOffsetBegin=221 CharacterOffsetEnd=227 PartOfSpeech=NUM Lemma=sep-75 NamedEntityTag=O]
[Text=. CharacterOffsetBegin=227 CharacterOffsetEnd=228 PartOfSpeech=PUNCT Lemma=. NamedEntityTag=O]

Dependency Parse (enhanced plus plus dependencies):
root(ROOT-0, 17-1)
punct(17-1, --2)
appos(17-1, Sep-75-3)
punct(17-1, .-4)

Extracted the following NER entity mentions:

Sentence #10 (15 tokens):
-EDUARDO JOSE MUÑOZ OLIVOS, de nacionalidad Chilena, detenido en el Edo.

Tokens:
[Text=- CharacterOffsetBegin=228 CharacterOffsetEnd=229 PartOfSpeech=PUNCT Lemma=- NamedEntityTag=O]
[Text=EDUARDO CharacterOffsetBegin=229 CharacterOffsetEnd=236 PartOfSpeech=PROPN Lemma=eduardo NamedEntityTag=O]
[Text=JOSE CharacterOffsetBegin=237 CharacterOffsetEnd=241 PartOfSpeech=PROPN Lemma=jose NamedEntityTag=O]
[Text=MUÑOZ CharacterOffsetBegin=242 CharacterOffsetEnd=247 PartOfSpeech=PROPN Lemma=muñoz NamedEntityTag=O]
[Text=OLIVOS CharacterOffsetBegin=248 CharacterOffsetEnd=254 PartOfSpeech=PROPN Lemma=olivos NamedEntityTag=O]
[Text=, CharacterOffsetBegin=254 CharacterOffsetEnd=255 PartOfSpeech=PUNCT Lemma=, NamedEntityTag=O]
[Text=de CharacterOffsetBegin=256 CharacterOffsetEnd=258 PartOfSpeech=ADP Lemma=de NamedEntityTag=O]
[Text=nacionalidad CharacterOffsetBegin=259 CharacterOffsetEnd=271 PartOfSpeech=NOUN Lemma=nacionalidad NamedEntityTag=O]
[Text=Chilena CharacterOffsetBegin=272 CharacterOffsetEnd=279 PartOfSpeech=PROPN Lemma=chilena NamedEntityTag=O]
[Text=, CharacterOffsetBegin=279 CharacterOffsetEnd=280 PartOfSpeech=PUNCT Lemma=, NamedEntityTag=O]
[Text=detenido CharacterOffsetBegin=281 CharacterOffsetEnd=289 PartOfSpeech=ADJ Lemma=detenido NamedEntityTag=O]
[Text=en CharacterOffsetBegin=290 CharacterOffsetEnd=292 PartOfSpeech=ADP Lemma=en NamedEntityTag=O]
[Text=el CharacterOffsetBegin=293 CharacterOffsetEnd=295 PartOfSpeech=DET Lemma=el NamedEntityTag=O]
[Text=Edo CharacterOffsetBegin=296 CharacterOffsetEnd=299 PartOfSpeech=PROPN Lemma=edo NamedEntityTag=O]
[Text=. CharacterOffsetBegin=299 CharacterOffsetEnd=300 PartOfSpeech=PUNCT Lemma=. NamedEntityTag=O]

Dependency Parse (enhanced plus plus dependencies):
root(ROOT-0, EDUARDO-2)
punct(EDUARDO-2, --1)
flat(EDUARDO-2, JOSE-3)
flat(EDUARDO-2, MUÑOZ-4)
flat(EDUARDO-2, OLIVOS-5)
punct(nacionalidad-8, ,-6)
case(nacionalidad-8, de-7)
nmod(EDUARDO-2, nacionalidad-8)
appos(nacionalidad-8, Chilena-9)
punct(nacionalidad-8, ,-10)
amod(EDUARDO-2, detenido-11)
case(Edo-14, en-12)
det(Edo-14, el-13)
obl(detenido-11, Edo-14)
punct(EDUARDO-2, .-15)

Extracted the following NER entity mentions:

Sentence #11 (90 tokens):
de Michoacán, por sus actividades dentro del Frente Armado del Pueblo, dice -
en sus declaración, que al asilarse en México en enero
de 1974, por iniciativa del dicente y de sus paisanos
tales como ARISTIDES BUSTOS MALDONADO y el referido -
VICTOR BRUNO NECOCHEA y otros, por sugerencia de un -
Comité del Movimiento de Izquierda Revolucionaria, con
sede en Londres, Inglaterra, les plantearon la crea---
ción del Comité de Lucha en México, con el objeto de -

Tokens:
[Text=de CharacterOffsetBegin=301 CharacterOffsetEnd=303 PartOfSpeech=ADP Lemma=de NamedEntityTag=O]
[Text=Michoacán CharacterOffsetBegin=304 CharacterOffsetEnd=313 PartOfSpeech=PROPN Lemma=michoacán NamedEntityTag=CITY]
[Text=, CharacterOffsetBegin=313 CharacterOffsetEnd=314 PartOfSpeech=PUNCT Lemma=, NamedEntityTag=O]
[Text=por CharacterOffsetBegin=315 CharacterOffsetEnd=318 PartOfSpeech=ADP Lemma=por NamedEntityTag=O]
[Text=sus CharacterOffsetBegin=319 CharacterOffsetEnd=322 PartOfSpeech=DET Lemma=sus NamedEntityTag=O]
[Text=actividades CharacterOffsetBegin=323 CharacterOffsetEnd=334 PartOfSpeech=NOUN Lemma=actividades NamedEntityTag=O]
[Text=dentro CharacterOffsetBegin=335 CharacterOffsetEnd=341 PartOfSpeech=ADV Lemma=dentro NamedEntityTag=O]
[Text=del CharacterOffsetBegin=342 CharacterOffsetEnd=345 PartOfSpeech=ADP Lemma=del NamedEntityTag=O]
[Text=Frente CharacterOffsetBegin=346 CharacterOffsetEnd=352 PartOfSpeech=PROPN Lemma=frente NamedEntityTag=ORGANIZATION]
[Text=Armado CharacterOffsetBegin=353 CharacterOffsetEnd=359 PartOfSpeech=PROPN Lemma=armado NamedEntityTag=ORGANIZATION]
[Text=del CharacterOffsetBegin=360 CharacterOffsetEnd=363 PartOfSpeech=ADP Lemma=del NamedEntityTag=ORGANIZATION]
[Text=Pueblo CharacterOffsetBegin=364 CharacterOffsetEnd=370 PartOfSpeech=PROPN Lemma=pueblo NamedEntityTag=ORGANIZATION]
[Text=, CharacterOffsetBegin=370 CharacterOffsetEnd=371 PartOfSpeech=PUNCT Lemma=, NamedEntityTag=O]
[Text=dice CharacterOffsetBegin=372 CharacterOffsetEnd=376 PartOfSpeech=VERB Lemma=dice NamedEntityTag=O]
[Text=- CharacterOffsetBegin=377 CharacterOffsetEnd=378 PartOfSpeech=PUNCT Lemma=- NamedEntityTag=O]
[Text=en CharacterOffsetBegin=379 CharacterOffsetEnd=381 PartOfSpeech=ADP Lemma=en NamedEntityTag=O]
[Text=sus CharacterOffsetBegin=382 CharacterOffsetEnd=385 PartOfSpeech=DET Lemma=sus NamedEntityTag=O]
[Text=declaración CharacterOffsetBegin=386 CharacterOffsetEnd=397 PartOfSpeech=NOUN Lemma=declaración NamedEntityTag=O]
[Text=, CharacterOffsetBegin=397 CharacterOffsetEnd=398 PartOfSpeech=PUNCT Lemma=, NamedEntityTag=O]
[Text=que CharacterOffsetBegin=399 CharacterOffsetEnd=402 PartOfSpeech=PRON Lemma=que NamedEntityTag=O]
[Text=al CharacterOffsetBegin=403 CharacterOffsetEnd=405 PartOfSpeech=ADP Lemma=al NamedEntityTag=O]
[Text=asilar CharacterOffsetBegin=406 CharacterOffsetEnd=414 PartOfSpeech=VERB Lemma=asilar NamedEntityTag=O]
[Text=se CharacterOffsetBegin=406 CharacterOffsetEnd=414 PartOfSpeech=PRON Lemma=se NamedEntityTag=O]
[Text=en CharacterOffsetBegin=415 CharacterOffsetEnd=417 PartOfSpeech=ADP Lemma=en NamedEntityTag=O]
[Text=México CharacterOffsetBegin=418 CharacterOffsetEnd=424 PartOfSpeech=PROPN Lemma=méxico NamedEntityTag=COUNTRY]
[Text=en CharacterOffsetBegin=425 CharacterOffsetEnd=427 PartOfSpeech=ADP Lemma=en NamedEntityTag=O]
[Text=enero CharacterOffsetBegin=428 CharacterOffsetEnd=433 PartOfSpeech=NOUN Lemma=enero NamedEntityTag=DATE NormalizedNamedEntityTag=XXXX-01 Timex=<TIMEX3 tid="t1" type="DATE" value="XXXX-01">enero</TIMEX3>]
[Text=de CharacterOffsetBegin=434 CharacterOffsetEnd=436 PartOfSpeech=ADP Lemma=de NamedEntityTag=O]
[Text=1974 CharacterOffsetBegin=437 CharacterOffsetEnd=441 PartOfSpeech=NOUN Lemma=1974 NamedEntityTag=NUMBER NormalizedNamedEntityTag=1974.0]
[Text=, CharacterOffsetBegin=441 CharacterOffsetEnd=442 PartOfSpeech=PUNCT Lemma=, NamedEntityTag=O]
[Text=por CharacterOffsetBegin=443 CharacterOffsetEnd=446 PartOfSpeech=ADP Lemma=por NamedEntityTag=O]
[Text=iniciativa CharacterOffsetBegin=447 CharacterOffsetEnd=457 PartOfSpeech=NOUN Lemma=iniciativa NamedEntityTag=O]
[Text=del CharacterOffsetBegin=458 CharacterOffsetEnd=461 PartOfSpeech=ADP Lemma=del NamedEntityTag=O]
[Text=dicente CharacterOffsetBegin=462 CharacterOffsetEnd=469 PartOfSpeech=NOUN Lemma=dicente NamedEntityTag=O]
[Text=y CharacterOffsetBegin=470 CharacterOffsetEnd=471 PartOfSpeech=CCONJ Lemma=y NamedEntityTag=O]
[Text=de CharacterOffsetBegin=472 CharacterOffsetEnd=474 PartOfSpeech=ADP Lemma=de NamedEntityTag=O]
[Text=sus CharacterOffsetBegin=475 CharacterOffsetEnd=478 PartOfSpeech=DET Lemma=sus NamedEntityTag=O]
[Text=paisanos CharacterOffsetBegin=479 CharacterOffsetEnd=487 PartOfSpeech=NOUN Lemma=paisanos NamedEntityTag=O]
[Text=tales CharacterOffsetBegin=488 CharacterOffsetEnd=493 PartOfSpeech=PRON Lemma=tales NamedEntityTag=O]
[Text=como CharacterOffsetBegin=494 CharacterOffsetEnd=498 PartOfSpeech=SCONJ Lemma=como NamedEntityTag=O]
[Text=ARISTIDES CharacterOffsetBegin=499 CharacterOffsetEnd=508 PartOfSpeech=PROPN Lemma=aristides NamedEntityTag=PERSON]
[Text=BUSTOS CharacterOffsetBegin=509 CharacterOffsetEnd=515 PartOfSpeech=PROPN Lemma=bustos NamedEntityTag=PERSON]
[Text=MALDONADO CharacterOffsetBegin=516 CharacterOffsetEnd=525 PartOfSpeech=PROPN Lemma=maldonado NamedEntityTag=PERSON]
[Text=y CharacterOffsetBegin=526 CharacterOffsetEnd=527 PartOfSpeech=CCONJ Lemma=y NamedEntityTag=O]
[Text=el CharacterOffsetBegin=528 CharacterOffsetEnd=530 PartOfSpeech=DET Lemma=el NamedEntityTag=O]
[Text=referido CharacterOffsetBegin=531 CharacterOffsetEnd=539 PartOfSpeech=VERB Lemma=referido NamedEntityTag=O]
[Text=- CharacterOffsetBegin=540 CharacterOffsetEnd=541 PartOfSpeech=PUNCT Lemma=- NamedEntityTag=O]
[Text=VICTOR CharacterOffsetBegin=542 CharacterOffsetEnd=548 PartOfSpeech=PROPN Lemma=victor NamedEntityTag=PERSON]
[Text=BRUNO CharacterOffsetBegin=549 CharacterOffsetEnd=554 PartOfSpeech=PROPN Lemma=bruno NamedEntityTag=PERSON]
[Text=NECOCHEA CharacterOffsetBegin=555 CharacterOffsetEnd=563 PartOfSpeech=PROPN Lemma=necochea NamedEntityTag=PERSON]
[Text=y CharacterOffsetBegin=564 CharacterOffsetEnd=565 PartOfSpeech=CCONJ Lemma=y NamedEntityTag=O]
[Text=otros CharacterOffsetBegin=566 CharacterOffsetEnd=571 PartOfSpeech=PRON Lemma=otros NamedEntityTag=O]
[Text=, CharacterOffsetBegin=571 CharacterOffsetEnd=572 PartOfSpeech=PUNCT Lemma=, NamedEntityTag=O]
[Text=por CharacterOffsetBegin=573 CharacterOffsetEnd=576 PartOfSpeech=ADP Lemma=por NamedEntityTag=O]
[Text=sugerencia CharacterOffsetBegin=577 CharacterOffsetEnd=587 PartOfSpeech=NOUN Lemma=sugerencia NamedEntityTag=O]
[Text=de CharacterOffsetBegin=588 CharacterOffsetEnd=590 PartOfSpeech=ADP Lemma=de NamedEntityTag=O]
[Text=un CharacterOffsetBegin=591 CharacterOffsetEnd=593 PartOfSpeech=DET Lemma=un NamedEntityTag=O]
[Text=- CharacterOffsetBegin=594 CharacterOffsetEnd=595 PartOfSpeech=PUNCT Lemma=- NamedEntityTag=O]
[Text=Comité CharacterOffsetBegin=596 CharacterOffsetEnd=602 PartOfSpeech=PROPN Lemma=comité NamedEntityTag=ORGANIZATION]
[Text=del CharacterOffsetBegin=603 CharacterOffsetEnd=606 PartOfSpeech=ADP Lemma=del NamedEntityTag=ORGANIZATION]
[Text=Movimiento CharacterOffsetBegin=607 CharacterOffsetEnd=617 PartOfSpeech=PROPN Lemma=movimiento NamedEntityTag=ORGANIZATION]
[Text=de CharacterOffsetBegin=618 CharacterOffsetEnd=620 PartOfSpeech=ADP Lemma=de NamedEntityTag=ORGANIZATION]
[Text=Izquierda CharacterOffsetBegin=621 CharacterOffsetEnd=630 PartOfSpeech=PROPN Lemma=izquierda NamedEntityTag=ORGANIZATION]
[Text=Revolucionaria CharacterOffsetBegin=631 CharacterOffsetEnd=645 PartOfSpeech=PROPN Lemma=revolucionaria NamedEntityTag=ORGANIZATION]
[Text=, CharacterOffsetBegin=645 CharacterOffsetEnd=646 PartOfSpeech=PUNCT Lemma=, NamedEntityTag=O]
[Text=con CharacterOffsetBegin=647 CharacterOffsetEnd=650 PartOfSpeech=ADP Lemma=con NamedEntityTag=O]
[Text=sede CharacterOffsetBegin=651 CharacterOffsetEnd=655 PartOfSpeech=NOUN Lemma=sede NamedEntityTag=O]
[Text=en CharacterOffsetBegin=656 CharacterOffsetEnd=658 PartOfSpeech=ADP Lemma=en NamedEntityTag=O]
[Text=Londres CharacterOffsetBegin=659 CharacterOffsetEnd=666 PartOfSpeech=PROPN Lemma=londres NamedEntityTag=CITY]
[Text=, CharacterOffsetBegin=666 CharacterOffsetEnd=667 PartOfSpeech=PUNCT Lemma=, NamedEntityTag=O]
[Text=Inglaterra CharacterOffsetBegin=668 CharacterOffsetEnd=678 PartOfSpeech=PROPN Lemma=inglaterra NamedEntityTag=COUNTRY]
[Text=, CharacterOffsetBegin=678 CharacterOffsetEnd=679 PartOfSpeech=PUNCT Lemma=, NamedEntityTag=O]
[Text=les CharacterOffsetBegin=680 CharacterOffsetEnd=683 PartOfSpeech=PRON Lemma=les NamedEntityTag=O]
[Text=plantearon CharacterOffsetBegin=684 CharacterOffsetEnd=694 PartOfSpeech=VERB Lemma=plantearon NamedEntityTag=O]
[Text=la CharacterOffsetBegin=695 CharacterOffsetEnd=697 PartOfSpeech=PRON Lemma=la NamedEntityTag=O]
[Text=crea CharacterOffsetBegin=698 CharacterOffsetEnd=702 PartOfSpeech=VERB Lemma=crea NamedEntityTag=O]
[Text=--- CharacterOffsetBegin=702 CharacterOffsetEnd=705 PartOfSpeech=NUM Lemma=--- NamedEntityTag=O]
[Text=ción CharacterOffsetBegin=706 CharacterOffsetEnd=710 PartOfSpeech=NOUN Lemma=ción NamedEntityTag=O]
[Text=del CharacterOffsetBegin=711 CharacterOffsetEnd=714 PartOfSpeech=ADP Lemma=del NamedEntityTag=O]
[Text=Comité CharacterOffsetBegin=715 CharacterOffsetEnd=721 PartOfSpeech=PROPN Lemma=comité NamedEntityTag=ORGANIZATION]
[Text=de CharacterOffsetBegin=722 CharacterOffsetEnd=724 PartOfSpeech=ADP Lemma=de NamedEntityTag=ORGANIZATION]
[Text=Lucha CharacterOffsetBegin=725 CharacterOffsetEnd=730 PartOfSpeech=PROPN Lemma=lucha NamedEntityTag=ORGANIZATION]
[Text=en CharacterOffsetBegin=731 CharacterOffsetEnd=733 PartOfSpeech=ADP Lemma=en NamedEntityTag=O]
[Text=México CharacterOffsetBegin=734 CharacterOffsetEnd=740 PartOfSpeech=PROPN Lemma=méxico NamedEntityTag=COUNTRY]
[Text=, CharacterOffsetBegin=740 CharacterOffsetEnd=741 PartOfSpeech=PUNCT Lemma=, NamedEntityTag=O]
[Text=con CharacterOffsetBegin=742 CharacterOffsetEnd=745 PartOfSpeech=ADP Lemma=con NamedEntityTag=O]
[Text=el CharacterOffsetBegin=746 CharacterOffsetEnd=748 PartOfSpeech=DET Lemma=el NamedEntityTag=O]
[Text=objeto CharacterOffsetBegin=749 CharacterOffsetEnd=755 PartOfSpeech=NOUN Lemma=objeto NamedEntityTag=O]
[Text=de CharacterOffsetBegin=756 CharacterOffsetEnd=758 PartOfSpeech=ADP Lemma=de NamedEntityTag=O]
[Text=- CharacterOffsetBegin=759 CharacterOffsetEnd=760 PartOfSpeech=PUNCT Lemma=- NamedEntityTag=O]

Dependency Parse (enhanced plus plus dependencies):
root(ROOT-0, dice-14)
acl(que-20, asilar-22)
obj(asilar-22, se-23)
case(Michoacán-2, de-1)
obl(dice-14, Michoacán-2)
punct(actividades-6, ,-3)
case(actividades-6, por-4)
det(actividades-6, sus-5)
obl(dice-14, actividades-6)
advmod(actividades-6, dentro-7)
case(Frente-9, del-8)
obl(dentro-7, Frente-9)
flat(Frente-9, Armado-10)
case(Pueblo-12, del-11)
flat(Frente-9, Pueblo-12)
punct(actividades-6, ,-13)
punct(declaración-18, --15)
case(declaración-18, en-16)
det(declaración-18, sus-17)
obl(dice-14, declaración-18)
punct(declaración-18, ,-19)
nsubj(dice-14, que-20)
mark(asilar-22, al-21)
case(México-25, en-24)
obl(asilar-22, México-25)
case(enero-27, en-26)
obl(asilar-22, enero-27)
case(1974-29, de-28)
compound(enero-27, 1974-29)
punct(iniciativa-32, ,-30)
case(iniciativa-32, por-31)
obl(asilar-22, iniciativa-32)
obl(asilar-22, iniciativa-32''')
conj:y(iniciativa-32, iniciativa-32''')
case(dicente-34, del-33)
nmod(iniciativa-32, dicente-34)
cc(iniciativa-32''', y-35)
case(paisanos-38, de-36)
det(paisanos-38, sus-37)
nmod(iniciativa-32''', paisanos-38)
appos(paisanos-38, tales-39)
mark(ARISTIDES-41, como-40)
nmod(tales-39, ARISTIDES-41)
flat(ARISTIDES-41, BUSTOS-42)
flat(ARISTIDES-41, MALDONADO-43)
cc(referido-46, y-44)
obj(referido-46, el-45)
nmod(tales-39, referido-46)
conj:y(ARISTIDES-41, referido-46)
punct(ARISTIDES-41, --47)
flat(ARISTIDES-41, VICTOR-48)
flat(VICTOR-48, BRUNO-49)
flat(VICTOR-48, NECOCHEA-50)
cc(otros-52, y-51)
nmod(tales-39, otros-52)
conj:y(ARISTIDES-41, otros-52)
punct(sugerencia-55, ,-53)
case(sugerencia-55, por-54)
nmod(tales-39, sugerencia-55)
case(Comité-59, de-56)
det(Comité-59, un-57)
punct(Comité-59, --58)
nmod(sugerencia-55, Comité-59)
case(Movimiento-61, del-60)
flat(Comité-59, Movimiento-61)
case(Izquierda-63, de-62)
flat(Comité-59, Izquierda-63)
flat(Comité-59, Revolucionaria-64)
punct(sede-67, ,-65)
case(sede-67, con-66)
conj(sugerencia-55, sede-67)
case(Londres-69, en-68)
nmod(sede-67, Londres-69)
punct(sede-67, ,-70)
appos(sede-67, Inglaterra-71)
punct(plantearon-74, ,-72)
obj(plantearon-74, les-73)
acl(Inglaterra-71, plantearon-74)
obj(crea-76, la-75)
advcl(plantearon-74, crea-76)
nummod(ción-78, ----77)
obj(crea-76, ción-78)
case(Comité-80, del-79)
nmod(ción-78, Comité-80)
case(Lucha-82, de-81)
flat(Comité-80, Lucha-82)
case(México-84, en-83)
flat(Comité-80, México-84)
punct(objeto-88, ,-85)
case(objeto-88, con-86)
det(objeto-88, el-87)
nmod(ción-78, objeto-88)
nmod(objeto-88, de-89)
punct(de-89, --90)

Extracted the following NER entity mentions:
Michoacán	CITY	LOCATION:0.866619341963028
Frente Armado del Pueblo	ORGANIZATION	ORGANIZATION:0.991877160708454
México	COUNTRY	LOCATION:0.9710733605330264
enero	DATE	DATE:-1.0
1974	NUMBER	NUMBER:-1.0
ARISTIDES BUSTOS MALDONADO	PERSON	PERSON:0.9649474193278713
VICTOR BRUNO NECOCHEA	PERSON	PERSON:0.8667929695433033
Comité del Movimiento de Izquierda Revolucionaria	ORGANIZATION	ORGANIZATION:0.4598021290815086
Londres	CITY	LOCATION:0.9942825262297178
Inglaterra	COUNTRY	ORGANIZATION:0.6150334620445033
Comité de Lucha	ORGANIZATION	ORGANIZATION:0.8153818801540065
México	COUNTRY	LOCATION:0.9357034757863428
