Document: ID=file_233.txt (4 sentences, 113 tokens)

Sentence #1 (6 tokens):
UNIVERSIDAD AUTONOMA DE GUERRERO
Exp.

Tokens:
[Text=UNIVERSIDAD CharacterOffsetBegin=0 CharacterOffsetEnd=11 PartOfSpeech=PROPN Lemma=universidad NamedEntityTag=O]
[Text=AUTONOMA CharacterOffsetBegin=12 CharacterOffsetEnd=20 PartOfSpeech=PROPN Lemma=autonoma NamedEntityTag=O]
[Text=DE CharacterOffsetBegin=21 CharacterOffsetEnd=23 PartOfSpeech=ADP Lemma=de NamedEntityTag=O]
[Text=GUERRERO CharacterOffsetBegin=24 CharacterOffsetEnd=32 PartOfSpeech=PROPN Lemma=guerrero NamedEntityTag=TITLE]
[Text=Exp CharacterOffsetBegin=33 CharacterOffsetEnd=36 PartOfSpeech=PROPN Lemma=exp NamedEntityTag=MISC]
[Text=. CharacterOffsetBegin=36 CharacterOffsetEnd=37 PartOfSpeech=PUNCT Lemma=. NamedEntityTag=O]

Dependency Parse (enhanced plus plus dependencies):
root(ROOT-0, UNIVERSIDAD-1)
flat(UNIVERSIDAD-1, AUTONOMA-2)
case(GUERRERO-4, DE-3)
flat(UNIVERSIDAD-1, GUERRERO-4)
flat(UNIVERSIDAD-1, Exp-5)
punct(UNIVERSIDAD-1, .-6)

Extracted the following NER entity mentions:
GUERRERO	TITLE	MISC:0.351071460405707
Exp	MISC	MISC:0.40093502963829686

Sentence #2 (42 tokens):
-100-10-1-77
H-237 L-65
(62)
JORGE ALCARAZ VEGA
ALVARO LOPEZ MIRAMONTES
En el desarrollo del acto OCTAVIO SOLIS TRO-
BAMALA, Secretario particular del Rector de-
la U.A.G.ARQUIMEDES MORALES CARRANZA, infor-
mó que el Ing.

Tokens:
[Text=-100-10-1-77 CharacterOffsetBegin=37 CharacterOffsetEnd=49 PartOfSpeech=NUM Lemma=-100-10-1-77 NamedEntityTag=O]
[Text=H-237 CharacterOffsetBegin=50 CharacterOffsetEnd=55 PartOfSpeech=PROPN Lemma=h-237 NamedEntityTag=O]
[Text=L-65 CharacterOffsetBegin=56 CharacterOffsetEnd=60 PartOfSpeech=PROPN Lemma=l-65 NamedEntityTag=O]
[Text=( CharacterOffsetBegin=61 CharacterOffsetEnd=62 PartOfSpeech=PUNCT Lemma=( NamedEntityTag=O]
[Text=62 CharacterOffsetBegin=62 CharacterOffsetEnd=64 PartOfSpeech=NUM Lemma=62 NamedEntityTag=NUMBER NormalizedNamedEntityTag=62.0]
[Text=) CharacterOffsetBegin=64 CharacterOffsetEnd=65 PartOfSpeech=PUNCT Lemma=) NamedEntityTag=O]
[Text=JORGE CharacterOffsetBegin=66 CharacterOffsetEnd=71 PartOfSpeech=PROPN Lemma=jorge NamedEntityTag=PERSON]
[Text=ALCARAZ CharacterOffsetBegin=72 CharacterOffsetEnd=79 PartOfSpeech=PROPN Lemma=alcaraz NamedEntityTag=PERSON]
[Text=VEGA CharacterOffsetBegin=80 CharacterOffsetEnd=84 PartOfSpeech=PROPN Lemma=vega NamedEntityTag=PERSON]
[Text=ALVARO CharacterOffsetBegin=85 CharacterOffsetEnd=91 PartOfSpeech=PROPN Lemma=alvaro NamedEntityTag=PERSON]
[Text=LOPEZ CharacterOffsetBegin=92 CharacterOffsetEnd=97 PartOfSpeech=PROPN Lemma=lopez NamedEntityTag=PERSON]
[Text=MIRAMONTES CharacterOffsetBegin=98 CharacterOffsetEnd=108 PartOfSpeech=PROPN Lemma=miramontes NamedEntityTag=PERSON]
[Text=En CharacterOffsetBegin=109 CharacterOffsetEnd=111 PartOfSpeech=ADP Lemma=en NamedEntityTag=O]
[Text=el CharacterOffsetBegin=112 CharacterOffsetEnd=114 PartOfSpeech=DET Lemma=el NamedEntityTag=O]
[Text=desarrollo CharacterOffsetBegin=115 CharacterOffsetEnd=125 PartOfSpeech=NOUN Lemma=desarrollo NamedEntityTag=O]
[Text=del CharacterOffsetBegin=126 CharacterOffsetEnd=129 PartOfSpeech=ADP Lemma=del NamedEntityTag=O]
[Text=acto CharacterOffsetBegin=130 CharacterOffsetEnd=134 PartOfSpeech=NOUN Lemma=acto NamedEntityTag=O]
[Text=OCTAVIO CharacterOffsetBegin=135 CharacterOffsetEnd=142 PartOfSpeech=PROPN Lemma=octavio NamedEntityTag=MISC]
[Text=SOLIS CharacterOffsetBegin=143 CharacterOffsetEnd=148 PartOfSpeech=PROPN Lemma=solis NamedEntityTag=MISC]
[Text=TRO CharacterOffsetBegin=149 CharacterOffsetEnd=152 PartOfSpeech=PROPN Lemma=tro NamedEntityTag=MISC]
[Text=- CharacterOffsetBegin=152 CharacterOffsetEnd=153 PartOfSpeech=PUNCT Lemma=- NamedEntityTag=MISC]
[Text=BAMALA CharacterOffsetBegin=154 CharacterOffsetEnd=160 PartOfSpeech=PROPN Lemma=bamala NamedEntityTag=MISC]
[Text=, CharacterOffsetBegin=160 CharacterOffsetEnd=161 PartOfSpeech=PUNCT Lemma=, NamedEntityTag=O]
[Text=Secretario CharacterOffsetBegin=162 CharacterOffsetEnd=172 PartOfSpeech=PROPN Lemma=secretario NamedEntityTag=PERSON]
[Text=particular CharacterOffsetBegin=173 CharacterOffsetEnd=183 PartOfSpeech=ADJ Lemma=particular NamedEntityTag=O]
[Text=del CharacterOffsetBegin=184 CharacterOffsetEnd=187 PartOfSpeech=ADP Lemma=del NamedEntityTag=O]
[Text=Rector CharacterOffsetBegin=188 CharacterOffsetEnd=194 PartOfSpeech=PROPN Lemma=rector NamedEntityTag=O]
[Text=de CharacterOffsetBegin=195 CharacterOffsetEnd=197 PartOfSpeech=ADP Lemma=de NamedEntityTag=O]
[Text=- CharacterOffsetBegin=197 CharacterOffsetEnd=198 PartOfSpeech=PUNCT Lemma=- NamedEntityTag=O]
[Text=la CharacterOffsetBegin=199 CharacterOffsetEnd=201 PartOfSpeech=DET Lemma=la NamedEntityTag=O]
[Text=U.A.G. CharacterOffsetBegin=202 CharacterOffsetEnd=208 PartOfSpeech=PROPN Lemma=u.a.g. NamedEntityTag=O]
[Text=ARQUIMEDES CharacterOffsetBegin=208 CharacterOffsetEnd=218 PartOfSpeech=PROPN Lemma=arquimedes NamedEntityTag=PERSON]
[Text=MORALES CharacterOffsetBegin=219 CharacterOffsetEnd=226 PartOfSpeech=PROPN Lemma=morales NamedEntityTag=PERSON]
[Text=CARRANZA CharacterOffsetBegin=227 CharacterOffsetEnd=235 PartOfSpeech=PROPN Lemma=carranza NamedEntityTag=PERSON]
[Text=, CharacterOffsetBegin=235 CharacterOffsetEnd=236 PartOfSpeech=PUNCT Lemma=, NamedEntityTag=O]
[Text=infor CharacterOffsetBegin=237 CharacterOffsetEnd=242 PartOfSpeech=NOUN Lemma=infor NamedEntityTag=O]
[Text=- CharacterOffsetBegin=242 CharacterOffsetEnd=243 PartOfSpeech=PUNCT Lemma=- NamedEntityTag=O]
[Text=mó CharacterOffsetBegin=244 CharacterOffsetEnd=246 PartOfSpeech=VERB Lemma=mó NamedEntityTag=O]
[Text=que CharacterOffsetBegin=247 CharacterOffsetEnd=250 PartOfSpeech=SCONJ Lemma=que NamedEntityTag=O]
[Text=el CharacterOffsetBegin=251 CharacterOffsetEnd=253 PartOfSpeech=DET Lemma=el NamedEntityTag=O]
[Text=Ing CharacterOffsetBegin=254 CharacterOffsetEnd=257 PartOfSpeech=PROPN Lemma=ing NamedEntityTag=MISC]
[Text=. CharacterOffsetBegin=257 CharacterOffsetEnd=258 PartOfSpeech=PUNCT Lemma=. NamedEntityTag=O]

Dependency Parse (enhanced plus plus dependencies):
root(ROOT-0, mó-38)
nummod(H-237-2, -100-10-1-77-1)
nsubj(mó-38, H-237-2)
flat(H-237-2, L-65-3)
punct(62-5, (-4)
appos(H-237-2, 62-5)
punct(62-5, )-6)
flat(H-237-2, JORGE-7)
flat(JORGE-7, ALCARAZ-8)
flat(JORGE-7, VEGA-9)
flat(JORGE-7, ALVARO-10)
flat(JORGE-7, LOPEZ-11)
flat(JORGE-7, MIRAMONTES-12)
case(desarrollo-15, En-13)
det(desarrollo-15, el-14)
nmod(JORGE-7, desarrollo-15)
case(acto-17, del-16)
nmod(desarrollo-15, acto-17)
appos(acto-17, OCTAVIO-18)
flat(OCTAVIO-18, SOLIS-19)
flat(OCTAVIO-18, TRO-20)
punct(BAMALA-22, --21)
appos(H-237-2, BAMALA-22)
punct(Secretario-24, ,-23)
conj(BAMALA-22, Secretario-24)
amod(Secretario-24, particular-25)
case(Rector-27, del-26)
flat(Secretario-24, Rector-27)
case(U.A.G.-31, de-28)
punct(U.A.G.-31, --29)
det(U.A.G.-31, la-30)
flat(Rector-27, U.A.G.-31)
flat(U.A.G.-31, ARQUIMEDES-32)
flat(U.A.G.-31, MORALES-33)
flat(U.A.G.-31, CARRANZA-34)
punct(infor-36, ,-35)
conj(BAMALA-22, infor-36)
punct(BAMALA-22, --37)
mark(Ing-41, que-39)
det(Ing-41, el-40)
obj(mó-38, Ing-41)
punct(mó-38, .-42)

Extracted the following NER entity mentions:
62	NUMBER	NUMBER:-1.0
JORGE ALCARAZ VEGA
ALVARO LOPEZ MIRAMONTES	PERSON	PERSON:0.6126306343839273
OCTAVIO SOLIS TRO-
BAMALA	MISC	MISC:0.31135287903573544
Secretario	PERSON	PERSON:0.6781203928343021
ARQUIMEDES MORALES CARRANZA	PERSON	PERSON:0.9507220891085048
Ing	MISC	MISC:0.37262841888278997

Sentence #3 (57 tokens):
LUIS RIVERA TERRAZAS Rector de
la Universidad Autónoma de Puebla, no pudo -
asistir por causas de fuerza mayor, pero que
se encontraban presentes varios comités cam-
pesinos y obreros...MORALESCARANZA, dijo -
que la Universidad trabaja con las clases---
desposeidas y por ende los ataques de la ---
reacción.

Tokens:
[Text=LUIS CharacterOffsetBegin=258 CharacterOffsetEnd=262 PartOfSpeech=PROPN Lemma=luis NamedEntityTag=PERSON]
[Text=RIVERA CharacterOffsetBegin=263 CharacterOffsetEnd=269 PartOfSpeech=PROPN Lemma=rivera NamedEntityTag=PERSON]
[Text=TERRAZAS CharacterOffsetBegin=270 CharacterOffsetEnd=278 PartOfSpeech=PROPN Lemma=terrazas NamedEntityTag=PERSON]
[Text=Rector CharacterOffsetBegin=279 CharacterOffsetEnd=285 PartOfSpeech=PROPN Lemma=rector NamedEntityTag=PERSON]
[Text=de CharacterOffsetBegin=286 CharacterOffsetEnd=288 PartOfSpeech=ADP Lemma=de NamedEntityTag=O]
[Text=la CharacterOffsetBegin=289 CharacterOffsetEnd=291 PartOfSpeech=DET Lemma=la NamedEntityTag=O]
[Text=Universidad CharacterOffsetBegin=292 CharacterOffsetEnd=303 PartOfSpeech=PROPN Lemma=universidad NamedEntityTag=ORGANIZATION]
[Text=Autónoma CharacterOffsetBegin=304 CharacterOffsetEnd=312 PartOfSpeech=PROPN Lemma=autónoma NamedEntityTag=ORGANIZATION]
[Text=de CharacterOffsetBegin=313 CharacterOffsetEnd=315 PartOfSpeech=ADP Lemma=de NamedEntityTag=ORGANIZATION]
[Text=Puebla CharacterOffsetBegin=316 CharacterOffsetEnd=322 PartOfSpeech=PROPN Lemma=puebla NamedEntityTag=ORGANIZATION]
[Text=, CharacterOffsetBegin=322 CharacterOffsetEnd=323 PartOfSpeech=PUNCT Lemma=, NamedEntityTag=O]
[Text=no CharacterOffsetBegin=324 CharacterOffsetEnd=326 PartOfSpeech=ADV Lemma=no NamedEntityTag=O]
[Text=pudo CharacterOffsetBegin=327 CharacterOffsetEnd=331 PartOfSpeech=AUX Lemma=pudo NamedEntityTag=O]
[Text=- CharacterOffsetBegin=332 CharacterOffsetEnd=333 PartOfSpeech=PUNCT Lemma=- NamedEntityTag=O]
[Text=asistir CharacterOffsetBegin=334 CharacterOffsetEnd=341 PartOfSpeech=VERB Lemma=asistir NamedEntityTag=O]
[Text=por CharacterOffsetBegin=342 CharacterOffsetEnd=345 PartOfSpeech=ADP Lemma=por NamedEntityTag=O]
[Text=causas CharacterOffsetBegin=346 CharacterOffsetEnd=352 PartOfSpeech=NOUN Lemma=causas NamedEntityTag=O]
[Text=de CharacterOffsetBegin=353 CharacterOffsetEnd=355 PartOfSpeech=ADP Lemma=de NamedEntityTag=O]
[Text=fuerza CharacterOffsetBegin=356 CharacterOffsetEnd=362 PartOfSpeech=NOUN Lemma=fuerza NamedEntityTag=O]
[Text=mayor CharacterOffsetBegin=363 CharacterOffsetEnd=368 PartOfSpeech=ADJ Lemma=mayor NamedEntityTag=O]
[Text=, CharacterOffsetBegin=368 CharacterOffsetEnd=369 PartOfSpeech=PUNCT Lemma=, NamedEntityTag=O]
[Text=pero CharacterOffsetBegin=370 CharacterOffsetEnd=374 PartOfSpeech=CCONJ Lemma=pero NamedEntityTag=O]
[Text=que CharacterOffsetBegin=375 CharacterOffsetEnd=378 PartOfSpeech=PRON Lemma=que NamedEntityTag=O]
[Text=se CharacterOffsetBegin=379 CharacterOffsetEnd=381 PartOfSpeech=PRON Lemma=se NamedEntityTag=O]
[Text=encontraban CharacterOffsetBegin=382 CharacterOffsetEnd=393 PartOfSpeech=VERB Lemma=encontraban NamedEntityTag=O]
[Text=presentes CharacterOffsetBegin=394 CharacterOffsetEnd=403 PartOfSpeech=ADJ Lemma=presentes NamedEntityTag=O]
[Text=varios CharacterOffsetBegin=404 CharacterOffsetEnd=410 PartOfSpeech=DET Lemma=varios NamedEntityTag=O]
[Text=comités CharacterOffsetBegin=411 CharacterOffsetEnd=418 PartOfSpeech=NOUN Lemma=comités NamedEntityTag=O]
[Text=cam CharacterOffsetBegin=419 CharacterOffsetEnd=422 PartOfSpeech=NOUN Lemma=cam NamedEntityTag=O]
[Text=- CharacterOffsetBegin=422 CharacterOffsetEnd=423 PartOfSpeech=PUNCT Lemma=- NamedEntityTag=O]
[Text=pesinos CharacterOffsetBegin=424 CharacterOffsetEnd=431 PartOfSpeech=NOUN Lemma=pesinos NamedEntityTag=O]
[Text=y CharacterOffsetBegin=432 CharacterOffsetEnd=433 PartOfSpeech=CCONJ Lemma=y NamedEntityTag=O]
[Text=obreros CharacterOffsetBegin=434 CharacterOffsetEnd=441 PartOfSpeech=NOUN Lemma=obreros NamedEntityTag=O]
[Text=... CharacterOffsetBegin=441 CharacterOffsetEnd=444 PartOfSpeech=PUNCT Lemma=... NamedEntityTag=O]
[Text=MORALESCARANZA CharacterOffsetBegin=444 CharacterOffsetEnd=458 PartOfSpeech=PROPN Lemma=moralescaranza NamedEntityTag=ORGANIZATION]
[Text=, CharacterOffsetBegin=458 CharacterOffsetEnd=459 PartOfSpeech=PUNCT Lemma=, NamedEntityTag=O]
[Text=dijo CharacterOffsetBegin=460 CharacterOffsetEnd=464 PartOfSpeech=VERB Lemma=dijo NamedEntityTag=O]
[Text=- CharacterOffsetBegin=465 CharacterOffsetEnd=466 PartOfSpeech=PUNCT Lemma=- NamedEntityTag=O]
[Text=que CharacterOffsetBegin=467 CharacterOffsetEnd=470 PartOfSpeech=SCONJ Lemma=que NamedEntityTag=O]
[Text=la CharacterOffsetBegin=471 CharacterOffsetEnd=473 PartOfSpeech=DET Lemma=la NamedEntityTag=O]
[Text=Universidad CharacterOffsetBegin=474 CharacterOffsetEnd=485 PartOfSpeech=PROPN Lemma=universidad NamedEntityTag=ORGANIZATION]
[Text=trabaja CharacterOffsetBegin=486 CharacterOffsetEnd=493 PartOfSpeech=VERB Lemma=trabaja NamedEntityTag=O]
[Text=con CharacterOffsetBegin=494 CharacterOffsetEnd=497 PartOfSpeech=ADP Lemma=con NamedEntityTag=O]
[Text=las CharacterOffsetBegin=498 CharacterOffsetEnd=501 PartOfSpeech=DET Lemma=las NamedEntityTag=O]
[Text=clases CharacterOffsetBegin=502 CharacterOffsetEnd=508 PartOfSpeech=NOUN Lemma=clases NamedEntityTag=O]
[Text=--- CharacterOffsetBegin=508 CharacterOffsetEnd=511 PartOfSpeech=ADJ Lemma=--- NamedEntityTag=O]
[Text=desposeidas CharacterOffsetBegin=512 CharacterOffsetEnd=523 PartOfSpeech=ADJ Lemma=desposeidas NamedEntityTag=O]
[Text=y CharacterOffsetBegin=524 CharacterOffsetEnd=525 PartOfSpeech=CCONJ Lemma=y NamedEntityTag=O]
[Text=por CharacterOffsetBegin=526 CharacterOffsetEnd=529 PartOfSpeech=ADP Lemma=por NamedEntityTag=O]
[Text=ende CharacterOffsetBegin=530 CharacterOffsetEnd=534 PartOfSpeech=NOUN Lemma=ende NamedEntityTag=O]
[Text=los CharacterOffsetBegin=535 CharacterOffsetEnd=538 PartOfSpeech=DET Lemma=los NamedEntityTag=O]
[Text=ataques CharacterOffsetBegin=539 CharacterOffsetEnd=546 PartOfSpeech=NOUN Lemma=ataques NamedEntityTag=CAUSE_OF_DEATH]
[Text=de CharacterOffsetBegin=547 CharacterOffsetEnd=549 PartOfSpeech=ADP Lemma=de NamedEntityTag=O]
[Text=la CharacterOffsetBegin=550 CharacterOffsetEnd=552 PartOfSpeech=DET Lemma=la NamedEntityTag=O]
[Text=--- CharacterOffsetBegin=553 CharacterOffsetEnd=556 PartOfSpeech=NUM Lemma=--- NamedEntityTag=O]
[Text=reacción CharacterOffsetBegin=557 CharacterOffsetEnd=565 PartOfSpeech=NOUN Lemma=reacción NamedEntityTag=O]
[Text=. CharacterOffsetBegin=565 CharacterOffsetEnd=566 PartOfSpeech=PUNCT Lemma=. NamedEntityTag=O]

Dependency Parse (enhanced plus plus dependencies):
root(ROOT-0, asistir-15)
nsubj(asistir-15, LUIS-1)
flat(LUIS-1, RIVERA-2)
flat(LUIS-1, TERRAZAS-3)
flat(LUIS-1, Rector-4)
case(Universidad-7, de-5)
det(Universidad-7, la-6)
flat(LUIS-1, Universidad-7)
flat(Universidad-7, Autónoma-8)
case(Puebla-10, de-9)
flat(Universidad-7, Puebla-10)
punct(LUIS-1, ,-11)
advmod(asistir-15, no-12)
aux(asistir-15, pudo-13)
punct(asistir-15, --14)
case(causas-17, por-16)
obl(asistir-15, causas-17)
case(fuerza-19, de-18)
nmod(causas-17, fuerza-19)
amod(fuerza-19, mayor-20)
punct(encontraban-25, ,-21)
cc(encontraban-25, pero-22)
nsubj(encontraban-25, que-23)
obj(encontraban-25, se-24)
conj:pero(asistir-15, encontraban-25)
obj(encontraban-25, presentes-26)
det(comités-28, varios-27)
nsubj(dijo-37, comités-28)
appos(comités-28, cam-29)
punct(pesinos-31, --30)
appos(cam-29, pesinos-31)
cc(obreros-33, y-32)
appos(cam-29, obreros-33)
conj:y(pesinos-31, obreros-33)
punct(pesinos-31, ...-34)
appos(pesinos-31, MORALESCARANZA-35)
punct(pesinos-31, ,-36)
advcl(encontraban-25, dijo-37)
punct(trabaja-42, --38)
mark(trabaja-42, que-39)
det(Universidad-41, la-40)
nsubj(trabaja-42, Universidad-41)
ccomp(dijo-37, trabaja-42)
ccomp(dijo-37, trabaja-42''')
conj:y(trabaja-42, trabaja-42''')
case(clases-45, con-43)
det(clases-45, las-44)
obl(trabaja-42, clases-45)
amod(clases-45, ----46)
amod(clases-45, desposeidas-47)
cc(trabaja-42''', y-48)
case(ataques-52, por-49)
fixed(por-49, ende-50)
det(ataques-52, los-51)
obl(trabaja-42''', ataques-52)
case(reacción-56, de-53)
det(reacción-56, la-54)
nummod(la-54, ----55)
nmod(ataques-52, reacción-56)
punct(asistir-15, .-57)

Extracted the following NER entity mentions:
LUIS RIVERA TERRAZAS Rector	PERSON	PERSON:0.4572206041546207
Universidad Autónoma de Puebla	ORGANIZATION	ORGANIZATION:0.6361003794359112
MORALESCARANZA	ORGANIZATION	ORGANIZATION:0.3951291072446987
Universidad	ORGANIZATION	ORGANIZATION:0.9753908098139413
ataques	CAUSE_OF_DEATH	-

Extracted the following KBP triples:
1.0	LUIS RIVERA TERRAZAS Rector	per:employee_or_member_of	Universidad Autónoma de Puebla

Sentence #4 (8 tokens):
Señaló que a partir del mes de abril

Tokens:
[Text=Señaló CharacterOffsetBegin=566 CharacterOffsetEnd=572 PartOfSpeech=VERB Lemma=señaló NamedEntityTag=O]
[Text=que CharacterOffsetBegin=573 CharacterOffsetEnd=576 PartOfSpeech=SCONJ Lemma=que NamedEntityTag=O]
[Text=a CharacterOffsetBegin=577 CharacterOffsetEnd=578 PartOfSpeech=ADP Lemma=a NamedEntityTag=O]
[Text=partir CharacterOffsetBegin=579 CharacterOffsetEnd=585 PartOfSpeech=NOUN Lemma=partir NamedEntityTag=O]
[Text=del CharacterOffsetBegin=586 CharacterOffsetEnd=589 PartOfSpeech=ADP Lemma=del NamedEntityTag=O]
[Text=mes CharacterOffsetBegin=590 CharacterOffsetEnd=593 PartOfSpeech=NOUN Lemma=mes NamedEntityTag=O]
[Text=de CharacterOffsetBegin=594 CharacterOffsetEnd=596 PartOfSpeech=ADP Lemma=de NamedEntityTag=O]
[Text=abril CharacterOffsetBegin=597 CharacterOffsetEnd=602 PartOfSpeech=NOUN Lemma=abril NamedEntityTag=DATE NormalizedNamedEntityTag=XXXX-04 Timex=<TIMEX3 tid="t1" type="DATE" value="XXXX-04">abril</TIMEX3>]

Dependency Parse (enhanced plus plus dependencies):
root(ROOT-0, Señaló-1)
mark(mes-6, que-2)
case(mes-6, a-3)
fixed(a-3, partir-4)
fixed(a-3, del-5)
obl(Señaló-1, mes-6)
obl(Señaló-1, mes-6)
case(abril-8, de-7)
compound(mes-6, abril-8)

Extracted the following NER entity mentions:
abril	DATE	DATE:-1.0
