Document: ID=file_385.txt (9 sentences, 171 tokens)

Sentence #1 (5 tokens):
NECOCHEA LOPEZ Victor Bruno.

Tokens:
[Text=NECOCHEA CharacterOffsetBegin=0 CharacterOffsetEnd=8 PartOfSpeech=PROPN Lemma=necochea NamedEntityTag=CITY]
[Text=LOPEZ CharacterOffsetBegin=9 CharacterOffsetEnd=14 PartOfSpeech=PROPN Lemma=lopez NamedEntityTag=O]
[Text=Victor CharacterOffsetBegin=15 CharacterOffsetEnd=21 PartOfSpeech=PROPN Lemma=victor NamedEntityTag=PERSON]
[Text=Bruno CharacterOffsetBegin=22 CharacterOffsetEnd=27 PartOfSpeech=PROPN Lemma=bruno NamedEntityTag=PERSON]
[Text=. CharacterOffsetBegin=27 CharacterOffsetEnd=28 PartOfSpeech=PUNCT Lemma=. NamedEntityTag=O]

Dependency Parse (enhanced plus plus dependencies):
root(ROOT-0, NECOCHEA-1)
flat(NECOCHEA-1, LOPEZ-2)
flat(NECOCHEA-1, Victor-3)
flat(NECOCHEA-1, Bruno-4)
punct(NECOCHEA-1, .-5)

Extracted the following NER entity mentions:
NECOCHEA	CITY	LOCATION:0.49789812822570406
Victor Bruno	PERSON	PERSON:0.9987319496927678

Sentence #2 (2 tokens):
Exp.11-238-75.

Tokens:
[Text=Exp.11-238-75 CharacterOffsetBegin=29 CharacterOffsetEnd=42 PartOfSpeech=NUM Lemma=exp.11-238-75 NamedEntityTag=O]
[Text=. CharacterOffsetBegin=42 CharacterOffsetEnd=43 PartOfSpeech=PUNCT Lemma=. NamedEntityTag=O]

Dependency Parse (enhanced plus plus dependencies):
root(ROOT-0, Exp.11-238-75-1)
punct(Exp.11-238-75-1, .-2)

Extracted the following NER entity mentions:

Sentence #3 (4 tokens):
-31- H-119.

Tokens:
[Text=-31 CharacterOffsetBegin=44 CharacterOffsetEnd=47 PartOfSpeech=NUM Lemma=-31 NamedEntityTag=O]
[Text=- CharacterOffsetBegin=47 CharacterOffsetEnd=48 PartOfSpeech=PUNCT Lemma=- NamedEntityTag=O]
[Text=H-119 CharacterOffsetBegin=49 CharacterOffsetEnd=54 PartOfSpeech=NUM Lemma=h-119 NamedEntityTag=O]
[Text=. CharacterOffsetBegin=54 CharacterOffsetEnd=55 PartOfSpeech=PUNCT Lemma=. NamedEntityTag=O]

Dependency Parse (enhanced plus plus dependencies):
root(ROOT-0, -31-1)
punct(-31-1, --2)
appos(-31-1, H-119-3)
punct(-31-1, .-4)

Extracted the following NER entity mentions:

Sentence #4 (36 tokens):
L-2-
Se tiene conocimiento de que el Chileno ha mencionado
a los reos citados y éstos a su vez, a una "oreja in-
formativa", que en Guanajuato, Gto.

Tokens:
[Text=L-2 CharacterOffsetBegin=56 CharacterOffsetEnd=59 PartOfSpeech=PROPN Lemma=l-2 NamedEntityTag=O]
[Text=- CharacterOffsetBegin=59 CharacterOffsetEnd=60 PartOfSpeech=PUNCT Lemma=- NamedEntityTag=O]
[Text=Se CharacterOffsetBegin=61 CharacterOffsetEnd=63 PartOfSpeech=PRON Lemma=se NamedEntityTag=O]
[Text=tiene CharacterOffsetBegin=64 CharacterOffsetEnd=69 PartOfSpeech=VERB Lemma=tiene NamedEntityTag=O]
[Text=conocimiento CharacterOffsetBegin=70 CharacterOffsetEnd=82 PartOfSpeech=NOUN Lemma=conocimiento NamedEntityTag=O]
[Text=de CharacterOffsetBegin=83 CharacterOffsetEnd=85 PartOfSpeech=ADP Lemma=de NamedEntityTag=O]
[Text=que CharacterOffsetBegin=86 CharacterOffsetEnd=89 PartOfSpeech=SCONJ Lemma=que NamedEntityTag=O]
[Text=el CharacterOffsetBegin=90 CharacterOffsetEnd=92 PartOfSpeech=DET Lemma=el NamedEntityTag=O]
[Text=Chileno CharacterOffsetBegin=93 CharacterOffsetEnd=100 PartOfSpeech=PROPN Lemma=chileno NamedEntityTag=ORGANIZATION]
[Text=ha CharacterOffsetBegin=101 CharacterOffsetEnd=103 PartOfSpeech=AUX Lemma=ha NamedEntityTag=O]
[Text=mencionado CharacterOffsetBegin=104 CharacterOffsetEnd=114 PartOfSpeech=ADJ Lemma=mencionado NamedEntityTag=O]
[Text=a CharacterOffsetBegin=115 CharacterOffsetEnd=116 PartOfSpeech=ADP Lemma=a NamedEntityTag=O]
[Text=los CharacterOffsetBegin=117 CharacterOffsetEnd=120 PartOfSpeech=DET Lemma=los NamedEntityTag=O]
[Text=reos CharacterOffsetBegin=121 CharacterOffsetEnd=125 PartOfSpeech=NOUN Lemma=reos NamedEntityTag=O]
[Text=citados CharacterOffsetBegin=126 CharacterOffsetEnd=133 PartOfSpeech=ADJ Lemma=citados NamedEntityTag=O]
[Text=y CharacterOffsetBegin=134 CharacterOffsetEnd=135 PartOfSpeech=CCONJ Lemma=y NamedEntityTag=O]
[Text=éstos CharacterOffsetBegin=136 CharacterOffsetEnd=141 PartOfSpeech=PRON Lemma=éstos NamedEntityTag=O]
[Text=a CharacterOffsetBegin=142 CharacterOffsetEnd=143 PartOfSpeech=ADP Lemma=a NamedEntityTag=O]
[Text=su CharacterOffsetBegin=144 CharacterOffsetEnd=146 PartOfSpeech=DET Lemma=su NamedEntityTag=O]
[Text=vez CharacterOffsetBegin=147 CharacterOffsetEnd=150 PartOfSpeech=NOUN Lemma=vez NamedEntityTag=O]
[Text=, CharacterOffsetBegin=150 CharacterOffsetEnd=151 PartOfSpeech=PUNCT Lemma=, NamedEntityTag=O]
[Text=a CharacterOffsetBegin=152 CharacterOffsetEnd=153 PartOfSpeech=ADP Lemma=a NamedEntityTag=O]
[Text=una CharacterOffsetBegin=154 CharacterOffsetEnd=157 PartOfSpeech=DET Lemma=una NamedEntityTag=O]
[Text=" CharacterOffsetBegin=158 CharacterOffsetEnd=159 PartOfSpeech=PUNCT Lemma=" NamedEntityTag=O]
[Text=oreja CharacterOffsetBegin=159 CharacterOffsetEnd=164 PartOfSpeech=NOUN Lemma=oreja NamedEntityTag=O]
[Text=in CharacterOffsetBegin=165 CharacterOffsetEnd=167 PartOfSpeech=ADP Lemma=in NamedEntityTag=O]
[Text=- CharacterOffsetBegin=167 CharacterOffsetEnd=168 PartOfSpeech=PUNCT Lemma=- NamedEntityTag=O]
[Text=formativa CharacterOffsetBegin=169 CharacterOffsetEnd=178 PartOfSpeech=ADJ Lemma=formativa NamedEntityTag=O]
[Text=" CharacterOffsetBegin=178 CharacterOffsetEnd=179 PartOfSpeech=PUNCT Lemma=" NamedEntityTag=O]
[Text=, CharacterOffsetBegin=179 CharacterOffsetEnd=180 PartOfSpeech=PUNCT Lemma=, NamedEntityTag=O]
[Text=que CharacterOffsetBegin=181 CharacterOffsetEnd=184 PartOfSpeech=PRON Lemma=que NamedEntityTag=O]
[Text=en CharacterOffsetBegin=185 CharacterOffsetEnd=187 PartOfSpeech=ADP Lemma=en NamedEntityTag=O]
[Text=Guanajuato CharacterOffsetBegin=188 CharacterOffsetEnd=198 PartOfSpeech=PROPN Lemma=guanajuato NamedEntityTag=CITY]
[Text=, CharacterOffsetBegin=198 CharacterOffsetEnd=199 PartOfSpeech=PUNCT Lemma=, NamedEntityTag=O]
[Text=Gto CharacterOffsetBegin=200 CharacterOffsetEnd=203 PartOfSpeech=PROPN Lemma=gto NamedEntityTag=O]
[Text=. CharacterOffsetBegin=203 CharacterOffsetEnd=204 PartOfSpeech=PUNCT Lemma=. NamedEntityTag=O]

Dependency Parse (enhanced plus plus dependencies):
root(ROOT-0, L-2-1)
punct(tiene-4, --2)
obj(tiene-4, Se-3)
acl(L-2-1, tiene-4)
nsubj(tiene-4, conocimiento-5)
mark(mencionado-11, de-6)
mark(mencionado-11, que-7)
det(Chileno-9, el-8)
nsubj(mencionado-11, Chileno-9)
cop(mencionado-11, ha-10)
acl(conocimiento-5, mencionado-11)
case(reos-14, a-12)
det(reos-14, los-13)
obj(mencionado-11, reos-14)
amod(reos-14, citados-15)
cc(éstos-17, y-16)
acl(conocimiento-5, éstos-17)
conj:y(mencionado-11, éstos-17)
case(vez-20, a-18)
det(vez-20, su-19)
nmod(éstos-17, vez-20)
punct(oreja-25, ,-21)
case(oreja-25, a-22)
det(oreja-25, una-23)
punct(oreja-25, "-24)
nmod(éstos-17, oreja-25)
case(formativa-28, in-26)
punct(formativa-28, --27)
amod(oreja-25, formativa-28)
punct(formativa-28, "-29)
punct(oreja-25, ,-30)
mark(Guanajuato-33, que-31)
case(Guanajuato-33, en-32)
nmod(éstos-17, Guanajuato-33)
punct(Gto-35, ,-34)
conj(Guanajuato-33, Gto-35)
punct(L-2-1, .-36)

Extracted the following NER entity mentions:
Chileno	ORGANIZATION	ORGANIZATION:0.7333829409442965
Guanajuato	CITY	LOCATION:0.9972898121784824

Sentence #5 (22 tokens):
se encuentra un -
Cubano de raza negra, presumiblemente radicado en ---
Illinois, E.U.A., de aproximadamente 1.80 Mts.

Tokens:
[Text=se CharacterOffsetBegin=205 CharacterOffsetEnd=207 PartOfSpeech=PRON Lemma=se NamedEntityTag=O]
[Text=encuentra CharacterOffsetBegin=208 CharacterOffsetEnd=217 PartOfSpeech=VERB Lemma=encuentra NamedEntityTag=O]
[Text=un CharacterOffsetBegin=218 CharacterOffsetEnd=220 PartOfSpeech=DET Lemma=un NamedEntityTag=O]
[Text=- CharacterOffsetBegin=221 CharacterOffsetEnd=222 PartOfSpeech=PUNCT Lemma=- NamedEntityTag=O]
[Text=Cubano CharacterOffsetBegin=223 CharacterOffsetEnd=229 PartOfSpeech=PROPN Lemma=cubano NamedEntityTag=NATIONALITY]
[Text=de CharacterOffsetBegin=230 CharacterOffsetEnd=232 PartOfSpeech=ADP Lemma=de NamedEntityTag=O]
[Text=raza CharacterOffsetBegin=233 CharacterOffsetEnd=237 PartOfSpeech=NOUN Lemma=raza NamedEntityTag=O]
[Text=negra CharacterOffsetBegin=238 CharacterOffsetEnd=243 PartOfSpeech=ADJ Lemma=negra NamedEntityTag=O]
[Text=, CharacterOffsetBegin=243 CharacterOffsetEnd=244 PartOfSpeech=PUNCT Lemma=, NamedEntityTag=O]
[Text=presumiblemente CharacterOffsetBegin=245 CharacterOffsetEnd=260 PartOfSpeech=ADV Lemma=presumiblemente NamedEntityTag=O]
[Text=radicado CharacterOffsetBegin=261 CharacterOffsetEnd=269 PartOfSpeech=ADJ Lemma=radicado NamedEntityTag=O]
[Text=en CharacterOffsetBegin=270 CharacterOffsetEnd=272 PartOfSpeech=ADP Lemma=en NamedEntityTag=O]
[Text=--- CharacterOffsetBegin=273 CharacterOffsetEnd=276 PartOfSpeech=PROPN Lemma=--- NamedEntityTag=LOCATION]
[Text=Illinois CharacterOffsetBegin=277 CharacterOffsetEnd=285 PartOfSpeech=PROPN Lemma=illinois NamedEntityTag=STATE_OR_PROVINCE]
[Text=, CharacterOffsetBegin=285 CharacterOffsetEnd=286 PartOfSpeech=PUNCT Lemma=, NamedEntityTag=O]
[Text=E.U.A. CharacterOffsetBegin=287 CharacterOffsetEnd=293 PartOfSpeech=PROPN Lemma=e.u.a. NamedEntityTag=O]
[Text=, CharacterOffsetBegin=293 CharacterOffsetEnd=294 PartOfSpeech=PUNCT Lemma=, NamedEntityTag=O]
[Text=de CharacterOffsetBegin=295 CharacterOffsetEnd=297 PartOfSpeech=ADP Lemma=de NamedEntityTag=O]
[Text=aproximadamente CharacterOffsetBegin=298 CharacterOffsetEnd=313 PartOfSpeech=ADV Lemma=aproximadamente NamedEntityTag=O]
[Text=1.80 CharacterOffsetBegin=314 CharacterOffsetEnd=318 PartOfSpeech=NUM Lemma=1.80 NamedEntityTag=NUMBER NormalizedNamedEntityTag=1.8]
[Text=Mts CharacterOffsetBegin=319 CharacterOffsetEnd=322 PartOfSpeech=PROPN Lemma=mts NamedEntityTag=O]
[Text=. CharacterOffsetBegin=322 CharacterOffsetEnd=323 PartOfSpeech=PUNCT Lemma=. NamedEntityTag=O]

Dependency Parse (enhanced plus plus dependencies):
root(ROOT-0, encuentra-2)
obj(encuentra-2, se-1)
det(Cubano-5, un-3)
punct(Cubano-5, --4)
nsubj(encuentra-2, Cubano-5)
case(raza-7, de-6)
nmod(Cubano-5, raza-7)
amod(raza-7, negra-8)
punct(radicado-11, ,-9)
advmod(radicado-11, presumiblemente-10)
amod(Cubano-5, radicado-11)
case(----13, en-12)
obl(radicado-11, ----13)
flat(----13, Illinois-14)
punct(E.U.A.-16, ,-15)
flat(----13, E.U.A.-16)
punct(E.U.A.-16, ,-17)
case(1.80-20, de-18)
advmod(1.80-20, aproximadamente-19)
nummod(----13, 1.80-20)
flat(1.80-20, Mts-21)
punct(encuentra-2, .-22)

Extracted the following NER entity mentions:
Cubano	NATIONALITY	-
---	LOCATION	LOCATION:0.47662064987458713
Illinois	STATE_OR_PROVINCE	LOCATION:0.9145145042624243
1.80	NUMBER	NUMBER:-1.0

Sentence #6 (64 tokens):
de esta
tura y quien, a decir del Chileno, intervendría para-
facilitar la fuga de NECOCHEA LOPEZ, ya que el Cubano
se encargaría de secuestrar al Director de la Peniten
ciaría, LUIS VAZQUEZ ALDRIGETTI, debido a que tiene -
conocimiento de la existencia de un vínculo familiar-
que existe entre éste y el Gobernador del Edo.

Tokens:
[Text=de CharacterOffsetBegin=323 CharacterOffsetEnd=325 PartOfSpeech=ADP Lemma=de NamedEntityTag=O]
[Text=esta CharacterOffsetBegin=326 CharacterOffsetEnd=330 PartOfSpeech=DET Lemma=esta NamedEntityTag=O]
[Text=tura CharacterOffsetBegin=331 CharacterOffsetEnd=335 PartOfSpeech=NOUN Lemma=tura NamedEntityTag=O]
[Text=y CharacterOffsetBegin=336 CharacterOffsetEnd=337 PartOfSpeech=CCONJ Lemma=y NamedEntityTag=O]
[Text=quien CharacterOffsetBegin=338 CharacterOffsetEnd=343 PartOfSpeech=PRON Lemma=quien NamedEntityTag=O]
[Text=, CharacterOffsetBegin=343 CharacterOffsetEnd=344 PartOfSpeech=PUNCT Lemma=, NamedEntityTag=O]
[Text=a CharacterOffsetBegin=345 CharacterOffsetEnd=346 PartOfSpeech=ADP Lemma=a NamedEntityTag=O]
[Text=decir CharacterOffsetBegin=347 CharacterOffsetEnd=352 PartOfSpeech=NOUN Lemma=decir NamedEntityTag=O]
[Text=del CharacterOffsetBegin=353 CharacterOffsetEnd=356 PartOfSpeech=ADP Lemma=del NamedEntityTag=O]
[Text=Chileno CharacterOffsetBegin=357 CharacterOffsetEnd=364 PartOfSpeech=PROPN Lemma=chileno NamedEntityTag=ORGANIZATION]
[Text=, CharacterOffsetBegin=364 CharacterOffsetEnd=365 PartOfSpeech=PUNCT Lemma=, NamedEntityTag=O]
[Text=intervendría CharacterOffsetBegin=366 CharacterOffsetEnd=378 PartOfSpeech=VERB Lemma=intervendría NamedEntityTag=O]
[Text=para CharacterOffsetBegin=379 CharacterOffsetEnd=383 PartOfSpeech=ADP Lemma=para NamedEntityTag=O]
[Text=- CharacterOffsetBegin=383 CharacterOffsetEnd=384 PartOfSpeech=PUNCT Lemma=- NamedEntityTag=O]
[Text=facilitar CharacterOffsetBegin=385 CharacterOffsetEnd=394 PartOfSpeech=VERB Lemma=facilitar NamedEntityTag=O]
[Text=la CharacterOffsetBegin=395 CharacterOffsetEnd=397 PartOfSpeech=DET Lemma=la NamedEntityTag=O]
[Text=fuga CharacterOffsetBegin=398 CharacterOffsetEnd=402 PartOfSpeech=NOUN Lemma=fuga NamedEntityTag=O]
[Text=de CharacterOffsetBegin=403 CharacterOffsetEnd=405 PartOfSpeech=ADP Lemma=de NamedEntityTag=O]
[Text=NECOCHEA CharacterOffsetBegin=406 CharacterOffsetEnd=414 PartOfSpeech=PROPN Lemma=necochea NamedEntityTag=PERSON]
[Text=LOPEZ CharacterOffsetBegin=415 CharacterOffsetEnd=420 PartOfSpeech=PROPN Lemma=lopez NamedEntityTag=PERSON]
[Text=, CharacterOffsetBegin=420 CharacterOffsetEnd=421 PartOfSpeech=PUNCT Lemma=, NamedEntityTag=O]
[Text=ya CharacterOffsetBegin=422 CharacterOffsetEnd=424 PartOfSpeech=ADV Lemma=ya NamedEntityTag=O]
[Text=que CharacterOffsetBegin=425 CharacterOffsetEnd=428 PartOfSpeech=SCONJ Lemma=que NamedEntityTag=O]
[Text=el CharacterOffsetBegin=429 CharacterOffsetEnd=431 PartOfSpeech=DET Lemma=el NamedEntityTag=O]
[Text=Cubano CharacterOffsetBegin=432 CharacterOffsetEnd=438 PartOfSpeech=PROPN Lemma=cubano NamedEntityTag=NATIONALITY]
[Text=se CharacterOffsetBegin=439 CharacterOffsetEnd=441 PartOfSpeech=PRON Lemma=se NamedEntityTag=O]
[Text=encargaría CharacterOffsetBegin=442 CharacterOffsetEnd=452 PartOfSpeech=VERB Lemma=encargaría NamedEntityTag=O]
[Text=de CharacterOffsetBegin=453 CharacterOffsetEnd=455 PartOfSpeech=ADP Lemma=de NamedEntityTag=O]
[Text=secuestrar CharacterOffsetBegin=456 CharacterOffsetEnd=466 PartOfSpeech=VERB Lemma=secuestrar NamedEntityTag=O]
[Text=al CharacterOffsetBegin=467 CharacterOffsetEnd=469 PartOfSpeech=ADP Lemma=al NamedEntityTag=O]
[Text=Director CharacterOffsetBegin=470 CharacterOffsetEnd=478 PartOfSpeech=PROPN Lemma=director NamedEntityTag=TITLE]
[Text=de CharacterOffsetBegin=479 CharacterOffsetEnd=481 PartOfSpeech=ADP Lemma=de NamedEntityTag=MISC]
[Text=la CharacterOffsetBegin=482 CharacterOffsetEnd=484 PartOfSpeech=DET Lemma=la NamedEntityTag=MISC]
[Text=Peniten CharacterOffsetBegin=485 CharacterOffsetEnd=492 PartOfSpeech=PROPN Lemma=peniten NamedEntityTag=MISC]
[Text=ciaría CharacterOffsetBegin=493 CharacterOffsetEnd=499 PartOfSpeech=VERB Lemma=ciaría NamedEntityTag=MISC]
[Text=, CharacterOffsetBegin=499 CharacterOffsetEnd=500 PartOfSpeech=PUNCT Lemma=, NamedEntityTag=O]
[Text=LUIS CharacterOffsetBegin=501 CharacterOffsetEnd=505 PartOfSpeech=PROPN Lemma=luis NamedEntityTag=PERSON]
[Text=VAZQUEZ CharacterOffsetBegin=506 CharacterOffsetEnd=513 PartOfSpeech=PROPN Lemma=vazquez NamedEntityTag=PERSON]
[Text=ALDRIGETTI CharacterOffsetBegin=514 CharacterOffsetEnd=524 PartOfSpeech=PROPN Lemma=aldrigetti NamedEntityTag=PERSON]
[Text=, CharacterOffsetBegin=524 CharacterOffsetEnd=525 PartOfSpeech=PUNCT Lemma=, NamedEntityTag=O]
[Text=debido CharacterOffsetBegin=526 CharacterOffsetEnd=532 PartOfSpeech=ADJ Lemma=debido NamedEntityTag=O]
[Text=a CharacterOffsetBegin=533 CharacterOffsetEnd=534 PartOfSpeech=ADP Lemma=a NamedEntityTag=O]
[Text=que CharacterOffsetBegin=535 CharacterOffsetEnd=538 PartOfSpeech=SCONJ Lemma=que NamedEntityTag=O]
[Text=tiene CharacterOffsetBegin=539 CharacterOffsetEnd=544 PartOfSpeech=VERB Lemma=tiene NamedEntityTag=O]
[Text=- CharacterOffsetBegin=545 CharacterOffsetEnd=546 PartOfSpeech=PUNCT Lemma=- NamedEntityTag=O]
[Text=conocimiento CharacterOffsetBegin=547 CharacterOffsetEnd=559 PartOfSpeech=NOUN Lemma=conocimiento NamedEntityTag=O]
[Text=de CharacterOffsetBegin=560 CharacterOffsetEnd=562 PartOfSpeech=ADP Lemma=de NamedEntityTag=O]
[Text=la CharacterOffsetBegin=563 CharacterOffsetEnd=565 PartOfSpeech=DET Lemma=la NamedEntityTag=O]
[Text=existencia CharacterOffsetBegin=566 CharacterOffsetEnd=576 PartOfSpeech=NOUN Lemma=existencia NamedEntityTag=O]
[Text=de CharacterOffsetBegin=577 CharacterOffsetEnd=579 PartOfSpeech=ADP Lemma=de NamedEntityTag=O]
[Text=un CharacterOffsetBegin=580 CharacterOffsetEnd=582 PartOfSpeech=DET Lemma=un NamedEntityTag=O]
[Text=vínculo CharacterOffsetBegin=583 CharacterOffsetEnd=590 PartOfSpeech=NOUN Lemma=vínculo NamedEntityTag=O]
[Text=familiar CharacterOffsetBegin=591 CharacterOffsetEnd=599 PartOfSpeech=ADJ Lemma=familiar NamedEntityTag=O]
[Text=- CharacterOffsetBegin=599 CharacterOffsetEnd=600 PartOfSpeech=PUNCT Lemma=- NamedEntityTag=O]
[Text=que CharacterOffsetBegin=601 CharacterOffsetEnd=604 PartOfSpeech=PRON Lemma=que NamedEntityTag=O]
[Text=existe CharacterOffsetBegin=605 CharacterOffsetEnd=611 PartOfSpeech=VERB Lemma=existe NamedEntityTag=O]
[Text=entre CharacterOffsetBegin=612 CharacterOffsetEnd=617 PartOfSpeech=ADP Lemma=entre NamedEntityTag=O]
[Text=éste CharacterOffsetBegin=618 CharacterOffsetEnd=622 PartOfSpeech=PRON Lemma=éste NamedEntityTag=O]
[Text=y CharacterOffsetBegin=623 CharacterOffsetEnd=624 PartOfSpeech=CCONJ Lemma=y NamedEntityTag=O]
[Text=el CharacterOffsetBegin=625 CharacterOffsetEnd=627 PartOfSpeech=DET Lemma=el NamedEntityTag=O]
[Text=Gobernador CharacterOffsetBegin=628 CharacterOffsetEnd=638 PartOfSpeech=PROPN Lemma=gobernador NamedEntityTag=ORGANIZATION]
[Text=del CharacterOffsetBegin=639 CharacterOffsetEnd=642 PartOfSpeech=ADP Lemma=del NamedEntityTag=ORGANIZATION]
[Text=Edo CharacterOffsetBegin=643 CharacterOffsetEnd=646 PartOfSpeech=PROPN Lemma=edo NamedEntityTag=ORGANIZATION]
[Text=. CharacterOffsetBegin=646 CharacterOffsetEnd=647 PartOfSpeech=PUNCT Lemma=. NamedEntityTag=O]

Dependency Parse (enhanced plus plus dependencies):
root(ROOT-0, tura-3)
case(tura-3, de-1)
det(tura-3, esta-2)
cc(intervendría-12, y-4)
nsubj(intervendría-12, quien-5)
punct(Chileno-10, ,-6)
case(Chileno-10, a-7)
fixed(a-7, decir-8)
fixed(a-7, del-9)
obl(intervendría-12, Chileno-10)
obl(intervendría-12, Chileno-10)
punct(Chileno-10, ,-11)
conj:y(tura-3, intervendría-12)
mark(facilitar-15, para-13)
punct(facilitar-15, --14)
advcl(intervendría-12, facilitar-15)
det(fuga-17, la-16)
obj(facilitar-15, fuga-17)
case(NECOCHEA-19, de-18)
nmod(fuga-17, NECOCHEA-19)
flat(NECOCHEA-19, LOPEZ-20)
punct(encargaría-27, ,-21)
mark(encargaría-27, ya-22)
fixed(ya-22, que-23)
det(Cubano-25, el-24)
nsubj(encargaría-27, Cubano-25)
iobj(encargaría-27, se-26)
advcl(facilitar-15, encargaría-27)
mark(secuestrar-29, de-28)
advcl(encargaría-27, secuestrar-29)
case(Director-31, al-30)
obj(secuestrar-29, Director-31)
case(Peniten-34, de-32)
det(Peniten-34, la-33)
flat(Director-31, Peniten-34)
advcl(encargaría-27, ciaría-35)
punct(LUIS-37, ,-36)
obj(ciaría-35, LUIS-37)
flat(LUIS-37, VAZQUEZ-38)
flat(LUIS-37, ALDRIGETTI-39)
punct(LUIS-37, ,-40)
mark(tiene-44, debido-41)
fixed(debido-41, a-42)
fixed(debido-41, que-43)
advcl(ciaría-35, tiene-44)
advcl(ciaría-35, tiene-44)
punct(conocimiento-46, --45)
obj(tiene-44, conocimiento-46)
case(existencia-49, de-47)
det(existencia-49, la-48)
nmod(conocimiento-46, existencia-49)
case(vínculo-52, de-50)
det(vínculo-52, un-51)
nmod(existencia-49, vínculo-52)
amod(vínculo-52, familiar-53)
punct(existe-56, --54)
nsubj(existe-56, que-55)
acl(vínculo-52, existe-56)
case(éste-58, entre-57)
obl(existe-56, éste-58)
cc(Gobernador-61, y-59)
det(Gobernador-61, el-60)
obl(existe-56, Gobernador-61)
conj:y(éste-58, Gobernador-61)
case(Edo-63, del-62)
flat(Gobernador-61, Edo-63)
punct(tura-3, .-64)

Extracted the following NER entity mentions:
Chileno	ORGANIZATION	ORGANIZATION:0.503331431602767
NECOCHEA LOPEZ	PERSON	PERSON:0.36068366776466754
Cubano	NATIONALITY	-
Director	TITLE	MISC:0.74955975487015
de la Peniten
ciaría	MISC	MISC:0.6094238751627836
LUIS VAZQUEZ ALDRIGETTI	PERSON	PERSON:0.9818819967507426
Gobernador del Edo	ORGANIZATION	ORGANIZATION:0.2455242970767877

Sentence #7 (3 tokens):
de Gto.

Tokens:
[Text=de CharacterOffsetBegin=648 CharacterOffsetEnd=650 PartOfSpeech=ADP Lemma=de NamedEntityTag=O]
[Text=Gto CharacterOffsetBegin=651 CharacterOffsetEnd=654 PartOfSpeech=PROPN Lemma=gto NamedEntityTag=PERSON]
[Text=. CharacterOffsetBegin=654 CharacterOffsetEnd=655 PartOfSpeech=PUNCT Lemma=. NamedEntityTag=O]

Dependency Parse (enhanced plus plus dependencies):
root(ROOT-0, Gto-2)
case(Gto-2, de-1)
punct(Gto-2, .-3)

Extracted the following NER entity mentions:
Gto	PERSON	PERSON:0.580971389690393

Sentence #8 (2 tokens):
Lic.

Tokens:
[Text=Lic CharacterOffsetBegin=656 CharacterOffsetEnd=659 PartOfSpeech=PROPN Lemma=lic NamedEntityTag=O]
[Text=. CharacterOffsetBegin=659 CharacterOffsetEnd=660 PartOfSpeech=PUNCT Lemma=. NamedEntityTag=O]

Dependency Parse (enhanced plus plus dependencies):
root(ROOT-0, Lic-1)
punct(Lic-1, .-2)

Extracted the following NER entity mentions:

Sentence #9 (33 tokens):
LUIS H.DUCOING, o sea que la hermana del Director
está casada con un tío del Ejecutivo Estatal; el se--
cuestro se llevaría a cabo cuando el Cubano solicita-

Tokens:
[Text=LUIS CharacterOffsetBegin=661 CharacterOffsetEnd=665 PartOfSpeech=PROPN Lemma=luis NamedEntityTag=PERSON]
[Text=H. CharacterOffsetBegin=666 CharacterOffsetEnd=668 PartOfSpeech=PROPN Lemma=h. NamedEntityTag=PERSON]
[Text=DUCOING CharacterOffsetBegin=668 CharacterOffsetEnd=675 PartOfSpeech=PROPN Lemma=ducoing NamedEntityTag=PERSON]
[Text=, CharacterOffsetBegin=675 CharacterOffsetEnd=676 PartOfSpeech=PUNCT Lemma=, NamedEntityTag=O]
[Text=o CharacterOffsetBegin=677 CharacterOffsetEnd=678 PartOfSpeech=CCONJ Lemma=o NamedEntityTag=O]
[Text=sea CharacterOffsetBegin=679 CharacterOffsetEnd=682 PartOfSpeech=AUX Lemma=sea NamedEntityTag=O]
[Text=que CharacterOffsetBegin=683 CharacterOffsetEnd=686 PartOfSpeech=SCONJ Lemma=que NamedEntityTag=O]
[Text=la CharacterOffsetBegin=687 CharacterOffsetEnd=689 PartOfSpeech=DET Lemma=la NamedEntityTag=O]
[Text=hermana CharacterOffsetBegin=690 CharacterOffsetEnd=697 PartOfSpeech=NOUN Lemma=hermana NamedEntityTag=O]
[Text=del CharacterOffsetBegin=698 CharacterOffsetEnd=701 PartOfSpeech=ADP Lemma=del NamedEntityTag=O]
[Text=Director CharacterOffsetBegin=702 CharacterOffsetEnd=710 PartOfSpeech=PROPN Lemma=director NamedEntityTag=TITLE]
[Text=está CharacterOffsetBegin=711 CharacterOffsetEnd=715 PartOfSpeech=AUX Lemma=está NamedEntityTag=O]
[Text=casada CharacterOffsetBegin=716 CharacterOffsetEnd=722 PartOfSpeech=ADJ Lemma=casada NamedEntityTag=O]
[Text=con CharacterOffsetBegin=723 CharacterOffsetEnd=726 PartOfSpeech=ADP Lemma=con NamedEntityTag=O]
[Text=un CharacterOffsetBegin=727 CharacterOffsetEnd=729 PartOfSpeech=DET Lemma=un NamedEntityTag=O]
[Text=tío CharacterOffsetBegin=730 CharacterOffsetEnd=733 PartOfSpeech=NOUN Lemma=tío NamedEntityTag=O]
[Text=del CharacterOffsetBegin=734 CharacterOffsetEnd=737 PartOfSpeech=ADP Lemma=del NamedEntityTag=O]
[Text=Ejecutivo CharacterOffsetBegin=738 CharacterOffsetEnd=747 PartOfSpeech=PROPN Lemma=ejecutivo NamedEntityTag=ORGANIZATION]
[Text=Estatal CharacterOffsetBegin=748 CharacterOffsetEnd=755 PartOfSpeech=PROPN Lemma=estatal NamedEntityTag=ORGANIZATION]
[Text=; CharacterOffsetBegin=755 CharacterOffsetEnd=756 PartOfSpeech=PUNCT Lemma=; NamedEntityTag=O]
[Text=el CharacterOffsetBegin=757 CharacterOffsetEnd=759 PartOfSpeech=DET Lemma=el NamedEntityTag=O]
[Text=se CharacterOffsetBegin=760 CharacterOffsetEnd=762 PartOfSpeech=PRON Lemma=se NamedEntityTag=O]
[Text=-- CharacterOffsetBegin=762 CharacterOffsetEnd=764 PartOfSpeech=NUM Lemma=-- NamedEntityTag=O]
[Text=cuestro CharacterOffsetBegin=765 CharacterOffsetEnd=772 PartOfSpeech=NOUN Lemma=cuestro NamedEntityTag=O]
[Text=se CharacterOffsetBegin=773 CharacterOffsetEnd=775 PartOfSpeech=PRON Lemma=se NamedEntityTag=O]
[Text=llevaría CharacterOffsetBegin=776 CharacterOffsetEnd=784 PartOfSpeech=VERB Lemma=llevaría NamedEntityTag=O]
[Text=a CharacterOffsetBegin=785 CharacterOffsetEnd=786 PartOfSpeech=ADP Lemma=a NamedEntityTag=O]
[Text=cabo CharacterOffsetBegin=787 CharacterOffsetEnd=791 PartOfSpeech=NOUN Lemma=cabo NamedEntityTag=O]
[Text=cuando CharacterOffsetBegin=792 CharacterOffsetEnd=798 PartOfSpeech=SCONJ Lemma=cuando NamedEntityTag=O]
[Text=el CharacterOffsetBegin=799 CharacterOffsetEnd=801 PartOfSpeech=DET Lemma=el NamedEntityTag=O]
[Text=Cubano CharacterOffsetBegin=802 CharacterOffsetEnd=808 PartOfSpeech=PROPN Lemma=cubano NamedEntityTag=NATIONALITY]
[Text=solicita CharacterOffsetBegin=809 CharacterOffsetEnd=817 PartOfSpeech=VERB Lemma=solicita NamedEntityTag=O]
[Text=- CharacterOffsetBegin=817 CharacterOffsetEnd=818 PartOfSpeech=PUNCT Lemma=- NamedEntityTag=O]

Dependency Parse (enhanced plus plus dependencies):
root(ROOT-0, llevaría-26)
nsubj(llevaría-26, LUIS-1)
flat(LUIS-1, H.-2)
flat(LUIS-1, DUCOING-3)
punct(sea-6, ,-4)
cc(sea-6, o-5)
conj:o(LUIS-1, sea-6)
nsubj(llevaría-26, sea-6)
mark(casada-13, que-7)
det(hermana-9, la-8)
nsubj(casada-13, hermana-9)
case(Director-11, del-10)
nmod(hermana-9, Director-11)
cop(casada-13, está-12)
ccomp(sea-6, casada-13)
case(tío-16, con-14)
det(tío-16, un-15)
obl(casada-13, tío-16)
case(Ejecutivo-18, del-17)
nmod(tío-16, Ejecutivo-18)
flat(Ejecutivo-18, Estatal-19)
punct(LUIS-1, ;-20)
det(se-22, el-21)
obj(llevaría-26, se-22)
nummod(cuestro-24, ---23)
nsubj(llevaría-26, cuestro-24)
obj(llevaría-26, se-25)
case(cabo-28, a-27)
compound(llevaría-26, cabo-28)
mark(solicita-32, cuando-29)
det(Cubano-31, el-30)
nsubj(solicita-32, Cubano-31)
advcl(llevaría-26, solicita-32)
punct(llevaría-26, --33)

Extracted the following NER entity mentions:
LUIS H.DUCOING	PERSON	PERSON:0.9930686358625186
Director	TITLE	MISC:0.4830794682177673
Ejecutivo Estatal	ORGANIZATION	ORGANIZATION:0.9862336675885391
Cubano	NATIONALITY	-
