Document: ID=file_235.txt (4 sentences, 114 tokens)

Sentence #1 (6 tokens):
UNIVERSIDAD AUTONOMA DE GUERRERO
Exp.

Tokens:
[Text=UNIVERSIDAD CharacterOffsetBegin=0 CharacterOffsetEnd=11 PartOfSpeech=PROPN Lemma=universidad NamedEntityTag=O]
[Text=AUTONOMA CharacterOffsetBegin=12 CharacterOffsetEnd=20 PartOfSpeech=PROPN Lemma=autonoma NamedEntityTag=O]
[Text=DE CharacterOffsetBegin=21 CharacterOffsetEnd=23 PartOfSpeech=ADP Lemma=de NamedEntityTag=O]
[Text=GUERRERO CharacterOffsetBegin=24 CharacterOffsetEnd=32 PartOfSpeech=PROPN Lemma=guerrero NamedEntityTag=TITLE]
[Text=Exp CharacterOffsetBegin=33 CharacterOffsetEnd=36 PartOfSpeech=PROPN Lemma=exp NamedEntityTag=MISC]
[Text=. CharacterOffsetBegin=36 CharacterOffsetEnd=37 PartOfSpeech=PUNCT Lemma=. NamedEntityTag=O]

Dependency Parse (enhanced plus plus dependencies):
root(ROOT-0, UNIVERSIDAD-1)
flat(UNIVERSIDAD-1, AUTONOMA-2)
case(GUERRERO-4, DE-3)
flat(UNIVERSIDAD-1, GUERRERO-4)
flat(UNIVERSIDAD-1, Exp-5)
punct(UNIVERSIDAD-1, .-6)

Extracted the following NER entity mentions:
GUERRERO	TITLE	MISC:0.351071460405707
Exp	MISC	MISC:0.40093502963829686

Sentence #2 (48 tokens):
-100-10-1-77
H-297 L-65
(69(
je, con objeto de pedir el embargo a la Univer
sidad Autónoma de Guerrero, de los bienes mue
bles que cubran los pagos de los salarios ---
que hasta el 15 del mes en curso, sumarán tres
quincenas.

Tokens:
[Text=-100-10-1-77 CharacterOffsetBegin=37 CharacterOffsetEnd=49 PartOfSpeech=NUM Lemma=-100-10-1-77 NamedEntityTag=O]
[Text=H-297 CharacterOffsetBegin=50 CharacterOffsetEnd=55 PartOfSpeech=PROPN Lemma=h-297 NamedEntityTag=O]
[Text=L-65 CharacterOffsetBegin=56 CharacterOffsetEnd=60 PartOfSpeech=PROPN Lemma=l-65 NamedEntityTag=O]
[Text=( CharacterOffsetBegin=61 CharacterOffsetEnd=62 PartOfSpeech=PUNCT Lemma=( NamedEntityTag=O]
[Text=69 CharacterOffsetBegin=62 CharacterOffsetEnd=64 PartOfSpeech=NOUN Lemma=69 NamedEntityTag=NUMBER NormalizedNamedEntityTag=69.0]
[Text=( CharacterOffsetBegin=64 CharacterOffsetEnd=65 PartOfSpeech=PUNCT Lemma=( NamedEntityTag=O]
[Text=je CharacterOffsetBegin=66 CharacterOffsetEnd=68 PartOfSpeech=NOUN Lemma=je NamedEntityTag=O]
[Text=, CharacterOffsetBegin=68 CharacterOffsetEnd=69 PartOfSpeech=PUNCT Lemma=, NamedEntityTag=O]
[Text=con CharacterOffsetBegin=70 CharacterOffsetEnd=73 PartOfSpeech=ADP Lemma=con NamedEntityTag=O]
[Text=objeto CharacterOffsetBegin=74 CharacterOffsetEnd=80 PartOfSpeech=NOUN Lemma=objeto NamedEntityTag=O]
[Text=de CharacterOffsetBegin=81 CharacterOffsetEnd=83 PartOfSpeech=ADP Lemma=de NamedEntityTag=O]
[Text=pedir CharacterOffsetBegin=84 CharacterOffsetEnd=89 PartOfSpeech=VERB Lemma=pedir NamedEntityTag=O]
[Text=el CharacterOffsetBegin=90 CharacterOffsetEnd=92 PartOfSpeech=DET Lemma=el NamedEntityTag=O]
[Text=embargo CharacterOffsetBegin=93 CharacterOffsetEnd=100 PartOfSpeech=NOUN Lemma=embargo NamedEntityTag=O]
[Text=a CharacterOffsetBegin=101 CharacterOffsetEnd=102 PartOfSpeech=ADP Lemma=a NamedEntityTag=O]
[Text=la CharacterOffsetBegin=103 CharacterOffsetEnd=105 PartOfSpeech=DET Lemma=la NamedEntityTag=O]
[Text=Univer CharacterOffsetBegin=106 CharacterOffsetEnd=112 PartOfSpeech=PROPN Lemma=univer NamedEntityTag=ORGANIZATION]
[Text=sidad CharacterOffsetBegin=113 CharacterOffsetEnd=118 PartOfSpeech=PROPN Lemma=sidad NamedEntityTag=ORGANIZATION]
[Text=Autónoma CharacterOffsetBegin=119 CharacterOffsetEnd=127 PartOfSpeech=PROPN Lemma=autónoma NamedEntityTag=ORGANIZATION]
[Text=de CharacterOffsetBegin=128 CharacterOffsetEnd=130 PartOfSpeech=ADP Lemma=de NamedEntityTag=ORGANIZATION]
[Text=Guerrero CharacterOffsetBegin=131 CharacterOffsetEnd=139 PartOfSpeech=PROPN Lemma=guerrero NamedEntityTag=ORGANIZATION]
[Text=, CharacterOffsetBegin=139 CharacterOffsetEnd=140 PartOfSpeech=PUNCT Lemma=, NamedEntityTag=O]
[Text=de CharacterOffsetBegin=141 CharacterOffsetEnd=143 PartOfSpeech=ADP Lemma=de NamedEntityTag=O]
[Text=los CharacterOffsetBegin=144 CharacterOffsetEnd=147 PartOfSpeech=DET Lemma=los NamedEntityTag=O]
[Text=bienes CharacterOffsetBegin=148 CharacterOffsetEnd=154 PartOfSpeech=NOUN Lemma=bienes NamedEntityTag=O]
[Text=mue CharacterOffsetBegin=155 CharacterOffsetEnd=158 PartOfSpeech=VERB Lemma=mue NamedEntityTag=O]
[Text=bles CharacterOffsetBegin=159 CharacterOffsetEnd=163 PartOfSpeech=NOUN Lemma=bles NamedEntityTag=O]
[Text=que CharacterOffsetBegin=164 CharacterOffsetEnd=167 PartOfSpeech=PRON Lemma=que NamedEntityTag=O]
[Text=cubran CharacterOffsetBegin=168 CharacterOffsetEnd=174 PartOfSpeech=VERB Lemma=cubran NamedEntityTag=O]
[Text=los CharacterOffsetBegin=175 CharacterOffsetEnd=178 PartOfSpeech=DET Lemma=los NamedEntityTag=O]
[Text=pagos CharacterOffsetBegin=179 CharacterOffsetEnd=184 PartOfSpeech=NOUN Lemma=pagos NamedEntityTag=O]
[Text=de CharacterOffsetBegin=185 CharacterOffsetEnd=187 PartOfSpeech=ADP Lemma=de NamedEntityTag=O]
[Text=los CharacterOffsetBegin=188 CharacterOffsetEnd=191 PartOfSpeech=DET Lemma=los NamedEntityTag=O]
[Text=salarios CharacterOffsetBegin=192 CharacterOffsetEnd=200 PartOfSpeech=NOUN Lemma=salarios NamedEntityTag=O]
[Text=--- CharacterOffsetBegin=201 CharacterOffsetEnd=204 PartOfSpeech=ADJ Lemma=--- NamedEntityTag=O]
[Text=que CharacterOffsetBegin=205 CharacterOffsetEnd=208 PartOfSpeech=PRON Lemma=que NamedEntityTag=O]
[Text=hasta CharacterOffsetBegin=209 CharacterOffsetEnd=214 PartOfSpeech=ADP Lemma=hasta NamedEntityTag=O]
[Text=el CharacterOffsetBegin=215 CharacterOffsetEnd=217 PartOfSpeech=DET Lemma=el NamedEntityTag=O]
[Text=15 CharacterOffsetBegin=218 CharacterOffsetEnd=220 PartOfSpeech=NUM Lemma=15 NamedEntityTag=NUMBER NormalizedNamedEntityTag=15.0]
[Text=del CharacterOffsetBegin=221 CharacterOffsetEnd=224 PartOfSpeech=ADP Lemma=del NamedEntityTag=O]
[Text=mes CharacterOffsetBegin=225 CharacterOffsetEnd=228 PartOfSpeech=NOUN Lemma=mes NamedEntityTag=O]
[Text=en CharacterOffsetBegin=229 CharacterOffsetEnd=231 PartOfSpeech=ADP Lemma=en NamedEntityTag=O]
[Text=curso CharacterOffsetBegin=232 CharacterOffsetEnd=237 PartOfSpeech=NOUN Lemma=curso NamedEntityTag=O]
[Text=, CharacterOffsetBegin=237 CharacterOffsetEnd=238 PartOfSpeech=PUNCT Lemma=, NamedEntityTag=O]
[Text=sumarán CharacterOffsetBegin=239 CharacterOffsetEnd=246 PartOfSpeech=VERB Lemma=sumarán NamedEntityTag=O]
[Text=tres CharacterOffsetBegin=247 CharacterOffsetEnd=251 PartOfSpeech=NUM Lemma=tres NamedEntityTag=NUMBER]
[Text=quincenas CharacterOffsetBegin=252 CharacterOffsetEnd=261 PartOfSpeech=NOUN Lemma=quincenas NamedEntityTag=O]
[Text=. CharacterOffsetBegin=261 CharacterOffsetEnd=262 PartOfSpeech=PUNCT Lemma=. NamedEntityTag=O]

Dependency Parse (enhanced plus plus dependencies):
root(ROOT-0, H-297-2)
nummod(H-297-2, -100-10-1-77-1)
flat(H-297-2, L-65-3)
punct(69-5, (-4)
appos(H-297-2, 69-5)
punct(je-7, (-6)
appos(69-5, je-7)
punct(je-7, ,-8)
mark(pedir-12, con-9)
fixed(con-9, objeto-10)
fixed(con-9, de-11)
acl(69-5, pedir-12)
acl(69-5, pedir-12)
det(embargo-14, el-13)
obj(pedir-12, embargo-14)
case(Univer-17, a-15)
det(Univer-17, la-16)
obj(pedir-12, Univer-17)
flat(Univer-17, sidad-18)
flat(Univer-17, Autónoma-19)
case(Guerrero-21, de-20)
flat(Univer-17, Guerrero-21)
punct(bienes-25, ,-22)
case(bienes-25, de-23)
det(bienes-25, los-24)
nmod(Univer-17, bienes-25)
acl(bienes-25, mue-26)
obj(mue-26, bles-27)
nsubj(cubran-29, que-28)
acl(bles-27, cubran-29)
det(pagos-31, los-30)
obj(cubran-29, pagos-31)
case(salarios-34, de-32)
det(salarios-34, los-33)
nmod(pagos-31, salarios-34)
amod(salarios-34, ----35)
nsubj(sumarán-45, que-36)
case(15-39, hasta-37)
det(15-39, el-38)
obl(sumarán-45, 15-39)
case(mes-41, del-40)
compound(15-39, mes-41)
case(curso-43, en-42)
compound(15-39, curso-43)
punct(15-39, ,-44)
acl(pagos-31, sumarán-45)
nummod(quincenas-47, tres-46)
obj(sumarán-45, quincenas-47)
punct(H-297-2, .-48)

Extracted the following NER entity mentions:
69	NUMBER	NUMBER:-1.0
Univer
sidad Autónoma de Guerrero	ORGANIZATION	ORGANIZATION:0.4344240444187939
15	NUMBER	NUMBER:-1.0
tres	NUMBER	-

Sentence #3 (48 tokens):
Continuó diciendo el Líder máximo-
citado, que los catedráticos aunque no reci--
ban su sueldo, no tienen necesidad, ya que vi
ven del subsidio de la U.A.G., que se roba el
Rector de la misma APOLINAR ARQUIMEDES MORA__
LES CARRANZA.

Tokens:
[Text=Continuó CharacterOffsetBegin=263 CharacterOffsetEnd=271 PartOfSpeech=VERB Lemma=continuó NamedEntityTag=O]
[Text=diciendo CharacterOffsetBegin=272 CharacterOffsetEnd=280 PartOfSpeech=AUX Lemma=diciendo NamedEntityTag=O]
[Text=el CharacterOffsetBegin=281 CharacterOffsetEnd=283 PartOfSpeech=DET Lemma=el NamedEntityTag=O]
[Text=Líder CharacterOffsetBegin=284 CharacterOffsetEnd=289 PartOfSpeech=PROPN Lemma=líder NamedEntityTag=TITLE]
[Text=máximo CharacterOffsetBegin=290 CharacterOffsetEnd=296 PartOfSpeech=ADJ Lemma=máximo NamedEntityTag=MISC]
[Text=- CharacterOffsetBegin=296 CharacterOffsetEnd=297 PartOfSpeech=PUNCT Lemma=- NamedEntityTag=MISC]
[Text=citado CharacterOffsetBegin=298 CharacterOffsetEnd=304 PartOfSpeech=ADJ Lemma=citado NamedEntityTag=O]
[Text=, CharacterOffsetBegin=304 CharacterOffsetEnd=305 PartOfSpeech=PUNCT Lemma=, NamedEntityTag=O]
[Text=que CharacterOffsetBegin=306 CharacterOffsetEnd=309 PartOfSpeech=PRON Lemma=que NamedEntityTag=O]
[Text=los CharacterOffsetBegin=310 CharacterOffsetEnd=313 PartOfSpeech=DET Lemma=los NamedEntityTag=O]
[Text=catedráticos CharacterOffsetBegin=314 CharacterOffsetEnd=326 PartOfSpeech=NOUN Lemma=catedráticos NamedEntityTag=O]
[Text=aunque CharacterOffsetBegin=327 CharacterOffsetEnd=333 PartOfSpeech=SCONJ Lemma=aunque NamedEntityTag=O]
[Text=no CharacterOffsetBegin=334 CharacterOffsetEnd=336 PartOfSpeech=ADV Lemma=no NamedEntityTag=O]
[Text=reci CharacterOffsetBegin=337 CharacterOffsetEnd=341 PartOfSpeech=VERB Lemma=reci NamedEntityTag=O]
[Text=-- CharacterOffsetBegin=341 CharacterOffsetEnd=343 PartOfSpeech=SCONJ Lemma=-- NamedEntityTag=O]
[Text=ban CharacterOffsetBegin=344 CharacterOffsetEnd=347 PartOfSpeech=VERB Lemma=ban NamedEntityTag=O]
[Text=su CharacterOffsetBegin=348 CharacterOffsetEnd=350 PartOfSpeech=DET Lemma=su NamedEntityTag=O]
[Text=sueldo CharacterOffsetBegin=351 CharacterOffsetEnd=357 PartOfSpeech=NOUN Lemma=sueldo NamedEntityTag=O]
[Text=, CharacterOffsetBegin=357 CharacterOffsetEnd=358 PartOfSpeech=PUNCT Lemma=, NamedEntityTag=O]
[Text=no CharacterOffsetBegin=359 CharacterOffsetEnd=361 PartOfSpeech=ADV Lemma=no NamedEntityTag=O]
[Text=tienen CharacterOffsetBegin=362 CharacterOffsetEnd=368 PartOfSpeech=VERB Lemma=tienen NamedEntityTag=O]
[Text=necesidad CharacterOffsetBegin=369 CharacterOffsetEnd=378 PartOfSpeech=NOUN Lemma=necesidad NamedEntityTag=O]
[Text=, CharacterOffsetBegin=378 CharacterOffsetEnd=379 PartOfSpeech=PUNCT Lemma=, NamedEntityTag=O]
[Text=ya CharacterOffsetBegin=380 CharacterOffsetEnd=382 PartOfSpeech=ADV Lemma=ya NamedEntityTag=O]
[Text=que CharacterOffsetBegin=383 CharacterOffsetEnd=386 PartOfSpeech=SCONJ Lemma=que NamedEntityTag=O]
[Text=vi CharacterOffsetBegin=387 CharacterOffsetEnd=389 PartOfSpeech=VERB Lemma=vi NamedEntityTag=O]
[Text=ven CharacterOffsetBegin=390 CharacterOffsetEnd=393 PartOfSpeech=VERB Lemma=ven NamedEntityTag=O]
[Text=del CharacterOffsetBegin=394 CharacterOffsetEnd=397 PartOfSpeech=ADP Lemma=del NamedEntityTag=O]
[Text=subsidio CharacterOffsetBegin=398 CharacterOffsetEnd=406 PartOfSpeech=NOUN Lemma=subsidio NamedEntityTag=O]
[Text=de CharacterOffsetBegin=407 CharacterOffsetEnd=409 PartOfSpeech=ADP Lemma=de NamedEntityTag=O]
[Text=la CharacterOffsetBegin=410 CharacterOffsetEnd=412 PartOfSpeech=DET Lemma=la NamedEntityTag=O]
[Text=U.A.G. CharacterOffsetBegin=413 CharacterOffsetEnd=419 PartOfSpeech=PROPN Lemma=u.a.g. NamedEntityTag=O]
[Text=, CharacterOffsetBegin=419 CharacterOffsetEnd=420 PartOfSpeech=PUNCT Lemma=, NamedEntityTag=O]
[Text=que CharacterOffsetBegin=421 CharacterOffsetEnd=424 PartOfSpeech=PRON Lemma=que NamedEntityTag=O]
[Text=se CharacterOffsetBegin=425 CharacterOffsetEnd=427 PartOfSpeech=PRON Lemma=se NamedEntityTag=O]
[Text=roba CharacterOffsetBegin=428 CharacterOffsetEnd=432 PartOfSpeech=VERB Lemma=roba NamedEntityTag=O]
[Text=el CharacterOffsetBegin=433 CharacterOffsetEnd=435 PartOfSpeech=DET Lemma=el NamedEntityTag=O]
[Text=Rector CharacterOffsetBegin=436 CharacterOffsetEnd=442 PartOfSpeech=PROPN Lemma=rector NamedEntityTag=MISC]
[Text=de CharacterOffsetBegin=443 CharacterOffsetEnd=445 PartOfSpeech=ADP Lemma=de NamedEntityTag=O]
[Text=la CharacterOffsetBegin=446 CharacterOffsetEnd=448 PartOfSpeech=DET Lemma=la NamedEntityTag=O]
[Text=misma CharacterOffsetBegin=449 CharacterOffsetEnd=454 PartOfSpeech=DET Lemma=misma NamedEntityTag=O]
[Text=APOLINAR CharacterOffsetBegin=455 CharacterOffsetEnd=463 PartOfSpeech=PROPN Lemma=apolinar NamedEntityTag=PERSON]
[Text=ARQUIMEDES CharacterOffsetBegin=464 CharacterOffsetEnd=474 PartOfSpeech=PROPN Lemma=arquimedes NamedEntityTag=PERSON]
[Text=MORA CharacterOffsetBegin=475 CharacterOffsetEnd=479 PartOfSpeech=PROPN Lemma=mora NamedEntityTag=PERSON]
[Text=__ CharacterOffsetBegin=479 CharacterOffsetEnd=481 PartOfSpeech=PUNCT Lemma=__ NamedEntityTag=O]
[Text=LES CharacterOffsetBegin=482 CharacterOffsetEnd=485 PartOfSpeech=PROPN Lemma=les NamedEntityTag=O]
[Text=CARRANZA CharacterOffsetBegin=486 CharacterOffsetEnd=494 PartOfSpeech=PROPN Lemma=carranza NamedEntityTag=O]
[Text=. CharacterOffsetBegin=494 CharacterOffsetEnd=495 PartOfSpeech=PUNCT Lemma=. NamedEntityTag=O]

Dependency Parse (enhanced plus plus dependencies):
root(ROOT-0, tienen-21)
nsubj(tienen-21, Continuó-1)
advcl(tienen-21, diciendo-2)
det(Líder-4, el-3)
obj(diciendo-2, Líder-4)
amod(Líder-4, máximo-5)
punct(citado-7, --6)
amod(Líder-4, citado-7)
punct(citado-7, ,-8)
obj(reci-14, que-9)
det(catedráticos-11, los-10)
nsubj(reci-14, catedráticos-11)
mark(reci-14, aunque-12)
advmod(reci-14, no-13)
acl(Líder-4, reci-14)
mark(ban-16, ---15)
advcl(reci-14, ban-16)
det(sueldo-18, su-17)
obj(ban-16, sueldo-18)
punct(diciendo-2, ,-19)
advmod(tienen-21, no-20)
obj(tienen-21, necesidad-22)
punct(vi-26, ,-23)
mark(vi-26, ya-24)
fixed(ya-24, que-25)
advcl(tienen-21, vi-26)
advcl(vi-26, ven-27)
case(subsidio-29, del-28)
obj(ven-27, subsidio-29)
case(U.A.G.-32, de-30)
det(U.A.G.-32, la-31)
nmod(subsidio-29, U.A.G.-32)
punct(roba-36, ,-33)
nsubj(roba-36, que-34)
obj(roba-36, se-35)
acl(subsidio-29, roba-36)
det(Rector-38, el-37)
obj(roba-36, Rector-38)
case(APOLINAR-42, de-39)
det(APOLINAR-42, la-40)
det(la-40, misma-41)
flat(Rector-38, APOLINAR-42)
flat(APOLINAR-42, ARQUIMEDES-43)
flat(APOLINAR-42, MORA-44)
punct(LES-46, __-45)
appos(subsidio-29, LES-46)
flat(LES-46, CARRANZA-47)
punct(tienen-21, .-48)

Extracted the following NER entity mentions:
Líder	TITLE	MISC:0.6534067957050077
máximo-	MISC	MISC:0.46055909331771655
Rector	MISC	MISC:0.49948793774926764
APOLINAR ARQUIMEDES MORA	PERSON	PERSON:0.7685547341932453

Sentence #4 (12 tokens):
Con los mismos fines se pide el-
embargo del subsidio.

Tokens:
[Text=Con CharacterOffsetBegin=495 CharacterOffsetEnd=498 PartOfSpeech=ADP Lemma=con NamedEntityTag=O]
[Text=los CharacterOffsetBegin=499 CharacterOffsetEnd=502 PartOfSpeech=DET Lemma=los NamedEntityTag=O]
[Text=mismos CharacterOffsetBegin=503 CharacterOffsetEnd=509 PartOfSpeech=DET Lemma=mismos NamedEntityTag=O]
[Text=fines CharacterOffsetBegin=510 CharacterOffsetEnd=515 PartOfSpeech=NOUN Lemma=fines NamedEntityTag=O]
[Text=se CharacterOffsetBegin=516 CharacterOffsetEnd=518 PartOfSpeech=PRON Lemma=se NamedEntityTag=O]
[Text=pide CharacterOffsetBegin=519 CharacterOffsetEnd=523 PartOfSpeech=VERB Lemma=pide NamedEntityTag=O]
[Text=el CharacterOffsetBegin=524 CharacterOffsetEnd=526 PartOfSpeech=DET Lemma=el NamedEntityTag=O]
[Text=- CharacterOffsetBegin=526 CharacterOffsetEnd=527 PartOfSpeech=PUNCT Lemma=- NamedEntityTag=O]
[Text=embargo CharacterOffsetBegin=528 CharacterOffsetEnd=535 PartOfSpeech=NOUN Lemma=embargo NamedEntityTag=O]
[Text=del CharacterOffsetBegin=536 CharacterOffsetEnd=539 PartOfSpeech=ADP Lemma=del NamedEntityTag=O]
[Text=subsidio CharacterOffsetBegin=540 CharacterOffsetEnd=548 PartOfSpeech=NOUN Lemma=subsidio NamedEntityTag=O]
[Text=. CharacterOffsetBegin=548 CharacterOffsetEnd=549 PartOfSpeech=PUNCT Lemma=. NamedEntityTag=O]

Dependency Parse (enhanced plus plus dependencies):
root(ROOT-0, pide-6)
case(fines-4, Con-1)
det(fines-4, los-2)
det(los-2, mismos-3)
obl(pide-6, fines-4)
obj(pide-6, se-5)
det(embargo-9, el-7)
punct(embargo-9, --8)
nsubj(pide-6, embargo-9)
case(subsidio-11, del-10)
nmod(embargo-9, subsidio-11)
punct(pide-6, .-12)

Extracted the following NER entity mentions:
