Document: ID=file_311.txt (10 sentences, 171 tokens)

Sentence #1 (23 tokens):
los estudiantes, como parte integrante de la comunidad
universitaria,deben luchar y aplicar sus conocimientos
a favor de los explotados.

Tokens:
[Text=los CharacterOffsetBegin=0 CharacterOffsetEnd=3 PartOfSpeech=DET Lemma=los NamedEntityTag=O]
[Text=estudiantes CharacterOffsetBegin=4 CharacterOffsetEnd=15 PartOfSpeech=NOUN Lemma=estudiantes NamedEntityTag=O]
[Text=, CharacterOffsetBegin=15 CharacterOffsetEnd=16 PartOfSpeech=PUNCT Lemma=, NamedEntityTag=O]
[Text=como CharacterOffsetBegin=17 CharacterOffsetEnd=21 PartOfSpeech=SCONJ Lemma=como NamedEntityTag=O]
[Text=parte CharacterOffsetBegin=22 CharacterOffsetEnd=27 PartOfSpeech=NOUN Lemma=parte NamedEntityTag=O]
[Text=integrante CharacterOffsetBegin=28 CharacterOffsetEnd=38 PartOfSpeech=ADJ Lemma=integrante NamedEntityTag=O]
[Text=de CharacterOffsetBegin=39 CharacterOffsetEnd=41 PartOfSpeech=ADP Lemma=de NamedEntityTag=O]
[Text=la CharacterOffsetBegin=42 CharacterOffsetEnd=44 PartOfSpeech=DET Lemma=la NamedEntityTag=O]
[Text=comunidad CharacterOffsetBegin=45 CharacterOffsetEnd=54 PartOfSpeech=NOUN Lemma=comunidad NamedEntityTag=O]
[Text=universitaria CharacterOffsetBegin=55 CharacterOffsetEnd=68 PartOfSpeech=ADJ Lemma=universitaria NamedEntityTag=O]
[Text=, CharacterOffsetBegin=68 CharacterOffsetEnd=69 PartOfSpeech=PUNCT Lemma=, NamedEntityTag=O]
[Text=deben CharacterOffsetBegin=69 CharacterOffsetEnd=74 PartOfSpeech=AUX Lemma=deben NamedEntityTag=O]
[Text=luchar CharacterOffsetBegin=75 CharacterOffsetEnd=81 PartOfSpeech=VERB Lemma=luchar NamedEntityTag=O]
[Text=y CharacterOffsetBegin=82 CharacterOffsetEnd=83 PartOfSpeech=CCONJ Lemma=y NamedEntityTag=O]
[Text=aplicar CharacterOffsetBegin=84 CharacterOffsetEnd=91 PartOfSpeech=VERB Lemma=aplicar NamedEntityTag=O]
[Text=sus CharacterOffsetBegin=92 CharacterOffsetEnd=95 PartOfSpeech=DET Lemma=sus NamedEntityTag=O]
[Text=conocimientos CharacterOffsetBegin=96 CharacterOffsetEnd=109 PartOfSpeech=NOUN Lemma=conocimientos NamedEntityTag=O]
[Text=a CharacterOffsetBegin=110 CharacterOffsetEnd=111 PartOfSpeech=ADP Lemma=a NamedEntityTag=O]
[Text=favor CharacterOffsetBegin=112 CharacterOffsetEnd=117 PartOfSpeech=NOUN Lemma=favor NamedEntityTag=O]
[Text=de CharacterOffsetBegin=118 CharacterOffsetEnd=120 PartOfSpeech=ADP Lemma=de NamedEntityTag=O]
[Text=los CharacterOffsetBegin=121 CharacterOffsetEnd=124 PartOfSpeech=DET Lemma=los NamedEntityTag=O]
[Text=explotados CharacterOffsetBegin=125 CharacterOffsetEnd=135 PartOfSpeech=ADJ Lemma=explotados NamedEntityTag=O]
[Text=. CharacterOffsetBegin=135 CharacterOffsetEnd=136 PartOfSpeech=PUNCT Lemma=. NamedEntityTag=O]

Dependency Parse (enhanced plus plus dependencies):
root(ROOT-0, luchar-13)
det(estudiantes-2, los-1)
nsubj(luchar-13, estudiantes-2)
punct(parte-5, ,-3)
mark(parte-5, como-4)
nmod(estudiantes-2, parte-5)
amod(parte-5, integrante-6)
case(comunidad-9, de-7)
det(comunidad-9, la-8)
nmod(parte-5, comunidad-9)
amod(comunidad-9, universitaria-10)
punct(parte-5, ,-11)
aux(luchar-13, deben-12)
cc(aplicar-15, y-14)
conj:y(luchar-13, aplicar-15)
det(conocimientos-17, sus-16)
obj(aplicar-15, conocimientos-17)
case(explotados-22, a-18)
fixed(a-18, favor-19)
fixed(a-18, de-20)
det(explotados-22, los-21)
obj(aplicar-15, explotados-22)
punct(luchar-13, .-23)

Extracted the following NER entity mentions:

Sentence #2 (53 tokens):
-Por su parte el Rector --
Dr. WENCES REZA, manifestó que para cumplir con el pro-
grama de construcción de escuelas para este año,esta
Casa de Estudios cuenta con 20 millones de pesos,pero
que se necesitan 100, como mínimo,para cumplir con él.

Tokens:
[Text=- CharacterOffsetBegin=136 CharacterOffsetEnd=137 PartOfSpeech=PUNCT Lemma=- NamedEntityTag=O]
[Text=Por CharacterOffsetBegin=137 CharacterOffsetEnd=140 PartOfSpeech=ADP Lemma=por NamedEntityTag=O]
[Text=su CharacterOffsetBegin=141 CharacterOffsetEnd=143 PartOfSpeech=DET Lemma=su NamedEntityTag=O]
[Text=parte CharacterOffsetBegin=144 CharacterOffsetEnd=149 PartOfSpeech=NOUN Lemma=parte NamedEntityTag=O]
[Text=el CharacterOffsetBegin=150 CharacterOffsetEnd=152 PartOfSpeech=DET Lemma=el NamedEntityTag=O]
[Text=Rector CharacterOffsetBegin=153 CharacterOffsetEnd=159 PartOfSpeech=PROPN Lemma=rector NamedEntityTag=O]
[Text=-- CharacterOffsetBegin=160 CharacterOffsetEnd=162 PartOfSpeech=PROPN Lemma=-- NamedEntityTag=O]
[Text=Dr. CharacterOffsetBegin=163 CharacterOffsetEnd=166 PartOfSpeech=PROPN Lemma=dr. NamedEntityTag=O]
[Text=WENCES CharacterOffsetBegin=167 CharacterOffsetEnd=173 PartOfSpeech=PROPN Lemma=wences NamedEntityTag=O]
[Text=REZA CharacterOffsetBegin=174 CharacterOffsetEnd=178 PartOfSpeech=PROPN Lemma=reza NamedEntityTag=O]
[Text=, CharacterOffsetBegin=178 CharacterOffsetEnd=179 PartOfSpeech=PUNCT Lemma=, NamedEntityTag=O]
[Text=manifestó CharacterOffsetBegin=180 CharacterOffsetEnd=189 PartOfSpeech=VERB Lemma=manifestó NamedEntityTag=O]
[Text=que CharacterOffsetBegin=190 CharacterOffsetEnd=193 PartOfSpeech=SCONJ Lemma=que NamedEntityTag=O]
[Text=para CharacterOffsetBegin=194 CharacterOffsetEnd=198 PartOfSpeech=ADP Lemma=para NamedEntityTag=O]
[Text=cumplir CharacterOffsetBegin=199 CharacterOffsetEnd=206 PartOfSpeech=VERB Lemma=cumplir NamedEntityTag=O]
[Text=con CharacterOffsetBegin=207 CharacterOffsetEnd=210 PartOfSpeech=ADP Lemma=con NamedEntityTag=O]
[Text=el CharacterOffsetBegin=211 CharacterOffsetEnd=213 PartOfSpeech=DET Lemma=el NamedEntityTag=O]
[Text=pro CharacterOffsetBegin=214 CharacterOffsetEnd=217 PartOfSpeech=PROPN Lemma=pro NamedEntityTag=O]
[Text=- CharacterOffsetBegin=217 CharacterOffsetEnd=218 PartOfSpeech=PUNCT Lemma=- NamedEntityTag=O]
[Text=grama CharacterOffsetBegin=219 CharacterOffsetEnd=224 PartOfSpeech=NOUN Lemma=grama NamedEntityTag=O]
[Text=de CharacterOffsetBegin=225 CharacterOffsetEnd=227 PartOfSpeech=ADP Lemma=de NamedEntityTag=O]
[Text=construcción CharacterOffsetBegin=228 CharacterOffsetEnd=240 PartOfSpeech=NOUN Lemma=construcción NamedEntityTag=O]
[Text=de CharacterOffsetBegin=241 CharacterOffsetEnd=243 PartOfSpeech=ADP Lemma=de NamedEntityTag=O]
[Text=escuelas CharacterOffsetBegin=244 CharacterOffsetEnd=252 PartOfSpeech=NOUN Lemma=escuelas NamedEntityTag=O]
[Text=para CharacterOffsetBegin=253 CharacterOffsetEnd=257 PartOfSpeech=ADP Lemma=para NamedEntityTag=O]
[Text=este CharacterOffsetBegin=258 CharacterOffsetEnd=262 PartOfSpeech=DET Lemma=este NamedEntityTag=O]
[Text=año CharacterOffsetBegin=263 CharacterOffsetEnd=266 PartOfSpeech=NOUN Lemma=año NamedEntityTag=O]
[Text=, CharacterOffsetBegin=266 CharacterOffsetEnd=267 PartOfSpeech=PUNCT Lemma=, NamedEntityTag=O]
[Text=esta CharacterOffsetBegin=267 CharacterOffsetEnd=271 PartOfSpeech=DET Lemma=esta NamedEntityTag=O]
[Text=Casa CharacterOffsetBegin=272 CharacterOffsetEnd=276 PartOfSpeech=PROPN Lemma=casa NamedEntityTag=MISC]
[Text=de CharacterOffsetBegin=277 CharacterOffsetEnd=279 PartOfSpeech=ADP Lemma=de NamedEntityTag=MISC]
[Text=Estudios CharacterOffsetBegin=280 CharacterOffsetEnd=288 PartOfSpeech=PROPN Lemma=estudios NamedEntityTag=MISC]
[Text=cuenta CharacterOffsetBegin=289 CharacterOffsetEnd=295 PartOfSpeech=VERB Lemma=cuenta NamedEntityTag=O]
[Text=con CharacterOffsetBegin=296 CharacterOffsetEnd=299 PartOfSpeech=ADP Lemma=con NamedEntityTag=O]
[Text=20 CharacterOffsetBegin=300 CharacterOffsetEnd=302 PartOfSpeech=NUM Lemma=20 NamedEntityTag=NUMBER NormalizedNamedEntityTag=20.0]
[Text=millones CharacterOffsetBegin=303 CharacterOffsetEnd=311 PartOfSpeech=NOUN Lemma=millones NamedEntityTag=O]
[Text=de CharacterOffsetBegin=312 CharacterOffsetEnd=314 PartOfSpeech=ADP Lemma=de NamedEntityTag=O]
[Text=pesos CharacterOffsetBegin=315 CharacterOffsetEnd=320 PartOfSpeech=NOUN Lemma=pesos NamedEntityTag=O]
[Text=, CharacterOffsetBegin=320 CharacterOffsetEnd=321 PartOfSpeech=PUNCT Lemma=, NamedEntityTag=O]
[Text=pero CharacterOffsetBegin=321 CharacterOffsetEnd=325 PartOfSpeech=CCONJ Lemma=pero NamedEntityTag=O]
[Text=que CharacterOffsetBegin=326 CharacterOffsetEnd=329 PartOfSpeech=PRON Lemma=que NamedEntityTag=O]
[Text=se CharacterOffsetBegin=330 CharacterOffsetEnd=332 PartOfSpeech=PRON Lemma=se NamedEntityTag=O]
[Text=necesitan CharacterOffsetBegin=333 CharacterOffsetEnd=342 PartOfSpeech=VERB Lemma=necesitan NamedEntityTag=O]
[Text=100 CharacterOffsetBegin=343 CharacterOffsetEnd=346 PartOfSpeech=NUM Lemma=100 NamedEntityTag=NUMBER NormalizedNamedEntityTag=100.0]
[Text=, CharacterOffsetBegin=346 CharacterOffsetEnd=347 PartOfSpeech=PUNCT Lemma=, NamedEntityTag=O]
[Text=como CharacterOffsetBegin=348 CharacterOffsetEnd=352 PartOfSpeech=SCONJ Lemma=como NamedEntityTag=O]
[Text=mínimo CharacterOffsetBegin=353 CharacterOffsetEnd=359 PartOfSpeech=NOUN Lemma=mínimo NamedEntityTag=O]
[Text=, CharacterOffsetBegin=359 CharacterOffsetEnd=360 PartOfSpeech=PUNCT Lemma=, NamedEntityTag=O]
[Text=para CharacterOffsetBegin=360 CharacterOffsetEnd=364 PartOfSpeech=ADP Lemma=para NamedEntityTag=O]
[Text=cumplir CharacterOffsetBegin=365 CharacterOffsetEnd=372 PartOfSpeech=VERB Lemma=cumplir NamedEntityTag=O]
[Text=con CharacterOffsetBegin=373 CharacterOffsetEnd=376 PartOfSpeech=ADP Lemma=con NamedEntityTag=O]
[Text=él CharacterOffsetBegin=377 CharacterOffsetEnd=379 PartOfSpeech=PRON Lemma=él NamedEntityTag=O]
[Text=. CharacterOffsetBegin=379 CharacterOffsetEnd=380 PartOfSpeech=PUNCT Lemma=. NamedEntityTag=O]

Dependency Parse (enhanced plus plus dependencies):
root(ROOT-0, manifestó-12)
punct(manifestó-12, --1)
case(parte-4, Por-2)
det(parte-4, su-3)
obl(manifestó-12, parte-4)
det(Rector-6, el-5)
obj(parte-4, Rector-6)
flat(Rector-6, ---7)
flat(Rector-6, Dr.-8)
flat(Rector-6, WENCES-9)
flat(Rector-6, REZA-10)
punct(parte-4, ,-11)
mark(cuenta-33, que-13)
mark(cumplir-15, para-14)
advcl(cuenta-33, cumplir-15)
case(pro-18, con-16)
det(pro-18, el-17)
obj(cumplir-15, pro-18)
punct(grama-20, --19)
obj(cumplir-15, grama-20)
case(construcción-22, de-21)
nmod(grama-20, construcción-22)
case(escuelas-24, de-23)
nmod(construcción-22, escuelas-24)
case(año-27, para-25)
det(año-27, este-26)
nmod(grama-20, año-27)
punct(grama-20, ,-28)
det(Casa-30, esta-29)
nsubj(cuenta-33, Casa-30)
case(Estudios-32, de-31)
flat(Casa-30, Estudios-32)
ccomp(manifestó-12, cuenta-33)
case(millones-36, con-34)
nummod(millones-36, 20-35)
obj(cuenta-33, millones-36)
case(pesos-38, de-37)
nmod(millones-36, pesos-38)
punct(necesitan-43, ,-39)
cc(necesitan-43, pero-40)
nsubj(necesitan-43, que-41)
obj(necesitan-43, se-42)
ccomp(manifestó-12, necesitan-43)
conj:pero(cuenta-33, necesitan-43)
obj(necesitan-43, 100-44)
punct(como-46, ,-45)
advmod(100-44, como-46)
fixed(como-46, mínimo-47)
punct(como-46, ,-48)
mark(cumplir-50, para-49)
advcl(100-44, cumplir-50)
case(él-52, con-51)
obj(cumplir-50, él-52)
punct(manifestó-12, .-53)

Extracted the following NER entity mentions:
Casa de Estudios	MISC	MISC:0.4489014189711153
20	NUMBER	NUMBER:-1.0
100	NUMBER	NUMBER:-1.0

Sentence #3 (2 tokens):
Exp-100-10-1-79.

Tokens:
[Text=Exp-100-10-1-79 CharacterOffsetBegin=381 CharacterOffsetEnd=396 PartOfSpeech=ADJ Lemma=exp-100-10-1-79 NamedEntityTag=O]
[Text=. CharacterOffsetBegin=396 CharacterOffsetEnd=397 PartOfSpeech=PUNCT Lemma=. NamedEntityTag=O]

Dependency Parse (enhanced plus plus dependencies):
root(ROOT-0, Exp-100-10-1-79-1)
punct(Exp-100-10-1-79-1, .-2)

Extracted the following NER entity mentions:

Sentence #4 (7 tokens):
H-82 L-81
3-ABR.-79.

Tokens:
[Text=H-82 CharacterOffsetBegin=398 CharacterOffsetEnd=402 PartOfSpeech=PROPN Lemma=h-82 NamedEntityTag=O]
[Text=L-81 CharacterOffsetBegin=403 CharacterOffsetEnd=407 PartOfSpeech=PROPN Lemma=l-81 NamedEntityTag=O]
[Text=3 CharacterOffsetBegin=408 CharacterOffsetEnd=409 PartOfSpeech=NUM Lemma=3 NamedEntityTag=O]
[Text=- CharacterOffsetBegin=409 CharacterOffsetEnd=410 PartOfSpeech=PUNCT Lemma=- NamedEntityTag=O]
[Text=ABR. CharacterOffsetBegin=410 CharacterOffsetEnd=414 PartOfSpeech=NOUN Lemma=abr. NamedEntityTag=O]
[Text=-79 CharacterOffsetBegin=414 CharacterOffsetEnd=417 PartOfSpeech=NUM Lemma=-79 NamedEntityTag=NUMBER NormalizedNamedEntityTag=-79.0]
[Text=. CharacterOffsetBegin=417 CharacterOffsetEnd=418 PartOfSpeech=PUNCT Lemma=. NamedEntityTag=O]

Dependency Parse (enhanced plus plus dependencies):
root(ROOT-0, H-82-1)
flat(H-82-1, L-81-2)
nummod(H-82-1, 3-3)
punct(ABR.-5, --4)
appos(H-82-1, ABR.-5)
appos(ABR.-5, -79-6)
punct(H-82-1, .-7)

Extracted the following NER entity mentions:
-79	NUMBER	NUMBER:-1.0

Sentence #5 (20 tokens):
-El 2 actual,se inició el período de vaca--
ciones para el personal docente y Admtvo.

Tokens:
[Text=- CharacterOffsetBegin=418 CharacterOffsetEnd=419 PartOfSpeech=PUNCT Lemma=- NamedEntityTag=O]
[Text=El CharacterOffsetBegin=419 CharacterOffsetEnd=421 PartOfSpeech=DET Lemma=el NamedEntityTag=O]
[Text=2 CharacterOffsetBegin=422 CharacterOffsetEnd=423 PartOfSpeech=NUM Lemma=2 NamedEntityTag=NUMBER NormalizedNamedEntityTag=2.0]
[Text=actual CharacterOffsetBegin=424 CharacterOffsetEnd=430 PartOfSpeech=ADJ Lemma=actual NamedEntityTag=O]
[Text=, CharacterOffsetBegin=430 CharacterOffsetEnd=431 PartOfSpeech=PUNCT Lemma=, NamedEntityTag=O]
[Text=se CharacterOffsetBegin=431 CharacterOffsetEnd=433 PartOfSpeech=PRON Lemma=se NamedEntityTag=O]
[Text=inició CharacterOffsetBegin=434 CharacterOffsetEnd=440 PartOfSpeech=VERB Lemma=inició NamedEntityTag=O]
[Text=el CharacterOffsetBegin=441 CharacterOffsetEnd=443 PartOfSpeech=DET Lemma=el NamedEntityTag=O]
[Text=período CharacterOffsetBegin=444 CharacterOffsetEnd=451 PartOfSpeech=NOUN Lemma=período NamedEntityTag=O]
[Text=de CharacterOffsetBegin=452 CharacterOffsetEnd=454 PartOfSpeech=ADP Lemma=de NamedEntityTag=O]
[Text=vaca CharacterOffsetBegin=455 CharacterOffsetEnd=459 PartOfSpeech=NOUN Lemma=vaca NamedEntityTag=O]
[Text=-- CharacterOffsetBegin=459 CharacterOffsetEnd=461 PartOfSpeech=NUM Lemma=-- NamedEntityTag=O]
[Text=ciones CharacterOffsetBegin=462 CharacterOffsetEnd=468 PartOfSpeech=NOUN Lemma=ciones NamedEntityTag=O]
[Text=para CharacterOffsetBegin=469 CharacterOffsetEnd=473 PartOfSpeech=ADP Lemma=para NamedEntityTag=O]
[Text=el CharacterOffsetBegin=474 CharacterOffsetEnd=476 PartOfSpeech=DET Lemma=el NamedEntityTag=O]
[Text=personal CharacterOffsetBegin=477 CharacterOffsetEnd=485 PartOfSpeech=NOUN Lemma=personal NamedEntityTag=O]
[Text=docente CharacterOffsetBegin=486 CharacterOffsetEnd=493 PartOfSpeech=ADJ Lemma=docente NamedEntityTag=O]
[Text=y CharacterOffsetBegin=494 CharacterOffsetEnd=495 PartOfSpeech=CCONJ Lemma=y NamedEntityTag=O]
[Text=Admtvo CharacterOffsetBegin=496 CharacterOffsetEnd=502 PartOfSpeech=PROPN Lemma=admtvo NamedEntityTag=LOCATION]
[Text=. CharacterOffsetBegin=502 CharacterOffsetEnd=503 PartOfSpeech=PUNCT Lemma=. NamedEntityTag=O]

Dependency Parse (enhanced plus plus dependencies):
root(ROOT-0, inició-7)
punct(inició-7, --1)
det(2-3, El-2)
nsubj(inició-7, 2-3)
amod(2-3, actual-4)
punct(2-3, ,-5)
obj(inició-7, se-6)
det(período-9, el-8)
obj(inició-7, período-9)
case(vaca-11, de-10)
nmod(período-9, vaca-11)
nummod(ciones-13, ---12)
appos(vaca-11, ciones-13)
case(personal-16, para-14)
det(personal-16, el-15)
nmod(período-9, personal-16)
amod(personal-16, docente-17)
cc(Admtvo-19, y-18)
nmod(período-9, Admtvo-19)
conj:y(personal-16, Admtvo-19)
punct(inició-7, .-20)

Extracted the following NER entity mentions:
2	NUMBER	NUMBER:-1.0
Admtvo	LOCATION	LOCATION:0.5147948082076697

Sentence #6 (27 tokens):
,de esta Casa
de Estudios,com motivo de la"Semana Mayor",que será -
del 2 al 15 de los corrientes.

Tokens:
[Text=, CharacterOffsetBegin=503 CharacterOffsetEnd=504 PartOfSpeech=PUNCT Lemma=, NamedEntityTag=O]
[Text=de CharacterOffsetBegin=504 CharacterOffsetEnd=506 PartOfSpeech=ADP Lemma=de NamedEntityTag=O]
[Text=esta CharacterOffsetBegin=507 CharacterOffsetEnd=511 PartOfSpeech=DET Lemma=esta NamedEntityTag=O]
[Text=Casa CharacterOffsetBegin=512 CharacterOffsetEnd=516 PartOfSpeech=PROPN Lemma=casa NamedEntityTag=MISC]
[Text=de CharacterOffsetBegin=517 CharacterOffsetEnd=519 PartOfSpeech=ADP Lemma=de NamedEntityTag=MISC]
[Text=Estudios CharacterOffsetBegin=520 CharacterOffsetEnd=528 PartOfSpeech=PROPN Lemma=estudios NamedEntityTag=MISC]
[Text=, CharacterOffsetBegin=528 CharacterOffsetEnd=529 PartOfSpeech=PUNCT Lemma=, NamedEntityTag=O]
[Text=com CharacterOffsetBegin=529 CharacterOffsetEnd=532 PartOfSpeech=NOUN Lemma=com NamedEntityTag=O]
[Text=motivo CharacterOffsetBegin=533 CharacterOffsetEnd=539 PartOfSpeech=NOUN Lemma=motivo NamedEntityTag=O]
[Text=de CharacterOffsetBegin=540 CharacterOffsetEnd=542 PartOfSpeech=ADP Lemma=de NamedEntityTag=O]
[Text=la CharacterOffsetBegin=543 CharacterOffsetEnd=545 PartOfSpeech=DET Lemma=la NamedEntityTag=O]
[Text=" CharacterOffsetBegin=545 CharacterOffsetEnd=546 PartOfSpeech=PUNCT Lemma=" NamedEntityTag=O]
[Text=Semana CharacterOffsetBegin=546 CharacterOffsetEnd=552 PartOfSpeech=PROPN Lemma=semana NamedEntityTag=MISC]
[Text=Mayor CharacterOffsetBegin=553 CharacterOffsetEnd=558 PartOfSpeech=PROPN Lemma=mayor NamedEntityTag=MISC]
[Text=" CharacterOffsetBegin=558 CharacterOffsetEnd=559 PartOfSpeech=PUNCT Lemma=" NamedEntityTag=O]
[Text=, CharacterOffsetBegin=559 CharacterOffsetEnd=560 PartOfSpeech=PUNCT Lemma=, NamedEntityTag=O]
[Text=que CharacterOffsetBegin=560 CharacterOffsetEnd=563 PartOfSpeech=PRON Lemma=que NamedEntityTag=O]
[Text=será CharacterOffsetBegin=564 CharacterOffsetEnd=568 PartOfSpeech=AUX Lemma=será NamedEntityTag=O]
[Text=- CharacterOffsetBegin=569 CharacterOffsetEnd=570 PartOfSpeech=PUNCT Lemma=- NamedEntityTag=O]
[Text=del CharacterOffsetBegin=571 CharacterOffsetEnd=574 PartOfSpeech=ADP Lemma=del NamedEntityTag=O]
[Text=2 CharacterOffsetBegin=575 CharacterOffsetEnd=576 PartOfSpeech=NUM Lemma=2 NamedEntityTag=NUMBER NormalizedNamedEntityTag=2.0]
[Text=al CharacterOffsetBegin=577 CharacterOffsetEnd=579 PartOfSpeech=ADP Lemma=al NamedEntityTag=O]
[Text=15 CharacterOffsetBegin=580 CharacterOffsetEnd=582 PartOfSpeech=NUM Lemma=15 NamedEntityTag=NUMBER NormalizedNamedEntityTag=15.0]
[Text=de CharacterOffsetBegin=583 CharacterOffsetEnd=585 PartOfSpeech=ADP Lemma=de NamedEntityTag=O]
[Text=los CharacterOffsetBegin=586 CharacterOffsetEnd=589 PartOfSpeech=DET Lemma=los NamedEntityTag=O]
[Text=corrientes CharacterOffsetBegin=590 CharacterOffsetEnd=600 PartOfSpeech=NOUN Lemma=corrientes NamedEntityTag=O]
[Text=. CharacterOffsetBegin=600 CharacterOffsetEnd=601 PartOfSpeech=PUNCT Lemma=. NamedEntityTag=O]

Dependency Parse (enhanced plus plus dependencies):
root(ROOT-0, Casa-4)
punct(Casa-4, ,-1)
case(Casa-4, de-2)
det(Casa-4, esta-3)
case(Estudios-6, de-5)
flat(Casa-4, Estudios-6)
punct(Casa-4, ,-7)
appos(Casa-4, com-8)
fixed(com-8, motivo-9)
case(Semana-13, de-10)
det(Semana-13, la-11)
punct(Semana-13, "-12)
nmod(com-8, Semana-13)
flat(Semana-13, Mayor-14)
punct(Semana-13, "-15)
punct(2-21, ,-16)
nsubj(2-21, que-17)
cop(2-21, será-18)
punct(2-21, --19)
case(2-21, del-20)
acl(com-8, 2-21)
case(15-23, al-22)
nummod(2-21, 15-23)
case(corrientes-26, de-24)
det(corrientes-26, los-25)
nmod(15-23, corrientes-26)
punct(Casa-4, .-27)

Extracted the following NER entity mentions:
Casa
de Estudios	MISC	MISC:0.6254458693211081
Semana Mayor	MISC	MISC:0.9968316347166035
2	NUMBER	NUMBER:-1.0
15	NUMBER	NUMBER:-1.0

Sentence #7 (6 tokens):
-Entre los trabjadores
admtvos.

Tokens:
[Text=- CharacterOffsetBegin=601 CharacterOffsetEnd=602 PartOfSpeech=PUNCT Lemma=- NamedEntityTag=O]
[Text=Entre CharacterOffsetBegin=602 CharacterOffsetEnd=607 PartOfSpeech=ADP Lemma=entre NamedEntityTag=O]
[Text=los CharacterOffsetBegin=608 CharacterOffsetEnd=611 PartOfSpeech=DET Lemma=los NamedEntityTag=O]
[Text=trabjadores CharacterOffsetBegin=612 CharacterOffsetEnd=623 PartOfSpeech=NOUN Lemma=trabjadores NamedEntityTag=O]
[Text=admtvos CharacterOffsetBegin=624 CharacterOffsetEnd=631 PartOfSpeech=ADJ Lemma=admtvos NamedEntityTag=O]
[Text=. CharacterOffsetBegin=631 CharacterOffsetEnd=632 PartOfSpeech=PUNCT Lemma=. NamedEntityTag=O]

Dependency Parse (enhanced plus plus dependencies):
root(ROOT-0, trabjadores-4)
punct(trabjadores-4, --1)
case(trabjadores-4, Entre-2)
det(trabjadores-4, los-3)
amod(trabjadores-4, admtvos-5)
punct(trabjadores-4, .-6)

Extracted the following NER entity mentions:

Sentence #8 (20 tokens):
,existe descontento, en virtud de que el firma
su contrato laboral con las autoridades de la UAG.

Tokens:
[Text=, CharacterOffsetBegin=632 CharacterOffsetEnd=633 PartOfSpeech=PUNCT Lemma=, NamedEntityTag=O]
[Text=existe CharacterOffsetBegin=633 CharacterOffsetEnd=639 PartOfSpeech=VERB Lemma=existe NamedEntityTag=O]
[Text=descontento CharacterOffsetBegin=640 CharacterOffsetEnd=651 PartOfSpeech=NOUN Lemma=descontento NamedEntityTag=O]
[Text=, CharacterOffsetBegin=651 CharacterOffsetEnd=652 PartOfSpeech=PUNCT Lemma=, NamedEntityTag=O]
[Text=en CharacterOffsetBegin=653 CharacterOffsetEnd=655 PartOfSpeech=ADP Lemma=en NamedEntityTag=O]
[Text=virtud CharacterOffsetBegin=656 CharacterOffsetEnd=662 PartOfSpeech=NOUN Lemma=virtud NamedEntityTag=O]
[Text=de CharacterOffsetBegin=663 CharacterOffsetEnd=665 PartOfSpeech=ADP Lemma=de NamedEntityTag=O]
[Text=que CharacterOffsetBegin=666 CharacterOffsetEnd=669 PartOfSpeech=SCONJ Lemma=que NamedEntityTag=O]
[Text=el CharacterOffsetBegin=670 CharacterOffsetEnd=672 PartOfSpeech=DET Lemma=el NamedEntityTag=O]
[Text=firma CharacterOffsetBegin=673 CharacterOffsetEnd=678 PartOfSpeech=NOUN Lemma=firma NamedEntityTag=O]
[Text=su CharacterOffsetBegin=679 CharacterOffsetEnd=681 PartOfSpeech=DET Lemma=su NamedEntityTag=O]
[Text=contrato CharacterOffsetBegin=682 CharacterOffsetEnd=690 PartOfSpeech=NOUN Lemma=contrato NamedEntityTag=O]
[Text=laboral CharacterOffsetBegin=691 CharacterOffsetEnd=698 PartOfSpeech=ADJ Lemma=laboral NamedEntityTag=O]
[Text=con CharacterOffsetBegin=699 CharacterOffsetEnd=702 PartOfSpeech=ADP Lemma=con NamedEntityTag=O]
[Text=las CharacterOffsetBegin=703 CharacterOffsetEnd=706 PartOfSpeech=DET Lemma=las NamedEntityTag=O]
[Text=autoridades CharacterOffsetBegin=707 CharacterOffsetEnd=718 PartOfSpeech=NOUN Lemma=autoridades NamedEntityTag=O]
[Text=de CharacterOffsetBegin=719 CharacterOffsetEnd=721 PartOfSpeech=ADP Lemma=de NamedEntityTag=O]
[Text=la CharacterOffsetBegin=722 CharacterOffsetEnd=724 PartOfSpeech=DET Lemma=la NamedEntityTag=O]
[Text=UAG CharacterOffsetBegin=725 CharacterOffsetEnd=728 PartOfSpeech=PROPN Lemma=uag NamedEntityTag=ORGANIZATION]
[Text=. CharacterOffsetBegin=728 CharacterOffsetEnd=729 PartOfSpeech=PUNCT Lemma=. NamedEntityTag=O]

Dependency Parse (enhanced plus plus dependencies):
root(ROOT-0, existe-2)
punct(existe-2, ,-1)
nsubj(existe-2, descontento-3)
punct(existe-2, ,-4)
mark(existe-2, en-5)
fixed(en-5, virtud-6)
fixed(en-5, de-7)
fixed(en-5, que-8)
det(firma-10, el-9)
nsubj:pass(que-8, firma-10)
det(contrato-12, su-11)
appos(firma-10, contrato-12)
amod(contrato-12, laboral-13)
case(autoridades-16, con-14)
det(autoridades-16, las-15)
nmod(contrato-12, autoridades-16)
case(UAG-19, de-17)
det(UAG-19, la-18)
nmod(autoridades-16, UAG-19)
punct(firma-10, .-20)

Extracted the following NER entity mentions:
UAG	ORGANIZATION	ORGANIZATION:0.9633071752530574

Sentence #9 (6 tokens):
,--
en febrero Ppdo.

Tokens:
[Text=, CharacterOffsetBegin=729 CharacterOffsetEnd=730 PartOfSpeech=PUNCT Lemma=, NamedEntityTag=O]
[Text=-- CharacterOffsetBegin=730 CharacterOffsetEnd=732 PartOfSpeech=NOUN Lemma=-- NamedEntityTag=O]
[Text=en CharacterOffsetBegin=733 CharacterOffsetEnd=735 PartOfSpeech=ADP Lemma=en NamedEntityTag=O]
[Text=febrero CharacterOffsetBegin=736 CharacterOffsetEnd=743 PartOfSpeech=NOUN Lemma=febrero NamedEntityTag=DATE NormalizedNamedEntityTag=XXXX-02 Timex=<TIMEX3 tid="t1" type="DATE" value="XXXX-02">febrero</TIMEX3>]
[Text=Ppdo CharacterOffsetBegin=744 CharacterOffsetEnd=748 PartOfSpeech=PROPN Lemma=ppdo NamedEntityTag=PERSON]
[Text=. CharacterOffsetBegin=748 CharacterOffsetEnd=749 PartOfSpeech=PUNCT Lemma=. NamedEntityTag=O]

Dependency Parse (enhanced plus plus dependencies):
root(ROOT-0, ---2)
punct(---2, ,-1)
case(febrero-4, en-3)
nmod(---2, febrero-4)
compound(febrero-4, Ppdo-5)
punct(---2, .-6)

Extracted the following NER entity mentions:
febrero	DATE	DATE:-1.0
Ppdo	PERSON	PERSON:0.6699027897515685

Sentence #10 (7 tokens):
,éstas se comprometieron a entregar --

Tokens:
[Text=, CharacterOffsetBegin=749 CharacterOffsetEnd=750 PartOfSpeech=PUNCT Lemma=, NamedEntityTag=O]
[Text=éstas CharacterOffsetBegin=750 CharacterOffsetEnd=755 PartOfSpeech=PRON Lemma=éstas NamedEntityTag=O]
[Text=se CharacterOffsetBegin=756 CharacterOffsetEnd=758 PartOfSpeech=PRON Lemma=se NamedEntityTag=O]
[Text=comprometieron CharacterOffsetBegin=759 CharacterOffsetEnd=773 PartOfSpeech=VERB Lemma=comprometieron NamedEntityTag=O]
[Text=a CharacterOffsetBegin=774 CharacterOffsetEnd=775 PartOfSpeech=ADP Lemma=a NamedEntityTag=O]
[Text=entregar CharacterOffsetBegin=776 CharacterOffsetEnd=784 PartOfSpeech=VERB Lemma=entregar NamedEntityTag=O]
[Text=-- CharacterOffsetBegin=785 CharacterOffsetEnd=787 PartOfSpeech=NUM Lemma=-- NamedEntityTag=O]

Dependency Parse (enhanced plus plus dependencies):
root(ROOT-0, comprometieron-4)
punct(comprometieron-4, ,-1)
nsubj(comprometieron-4, éstas-2)
iobj(comprometieron-4, se-3)
mark(entregar-6, a-5)
xcomp(comprometieron-4, entregar-6)
obj(entregar-6, ---7)

Extracted the following NER entity mentions:
