Document: ID=file_14.txt (8 sentences, 119 tokens)

Sentence #1 (26 tokens):
LOPEZ FIGUEROA es uno de los principales accio-
nistas de la línea en cuestión y el que cuenta
con la mayoría de las unidades.

Tokens:
[Text=LOPEZ CharacterOffsetBegin=0 CharacterOffsetEnd=5 PartOfSpeech=PROPN Lemma=lopez NamedEntityTag=PERSON]
[Text=FIGUEROA CharacterOffsetBegin=6 CharacterOffsetEnd=14 PartOfSpeech=PROPN Lemma=figueroa NamedEntityTag=PERSON]
[Text=es CharacterOffsetBegin=15 CharacterOffsetEnd=17 PartOfSpeech=AUX Lemma=es NamedEntityTag=O]
[Text=uno CharacterOffsetBegin=18 CharacterOffsetEnd=21 PartOfSpeech=PRON Lemma=uno NamedEntityTag=O]
[Text=de CharacterOffsetBegin=22 CharacterOffsetEnd=24 PartOfSpeech=ADP Lemma=de NamedEntityTag=O]
[Text=los CharacterOffsetBegin=25 CharacterOffsetEnd=28 PartOfSpeech=DET Lemma=los NamedEntityTag=O]
[Text=principales CharacterOffsetBegin=29 CharacterOffsetEnd=40 PartOfSpeech=ADJ Lemma=principales NamedEntityTag=O]
[Text=accio CharacterOffsetBegin=41 CharacterOffsetEnd=46 PartOfSpeech=NOUN Lemma=accio NamedEntityTag=O]
[Text=- CharacterOffsetBegin=46 CharacterOffsetEnd=47 PartOfSpeech=PUNCT Lemma=- NamedEntityTag=O]
[Text=nistas CharacterOffsetBegin=48 CharacterOffsetEnd=54 PartOfSpeech=ADJ Lemma=nistas NamedEntityTag=O]
[Text=de CharacterOffsetBegin=55 CharacterOffsetEnd=57 PartOfSpeech=ADP Lemma=de NamedEntityTag=O]
[Text=la CharacterOffsetBegin=58 CharacterOffsetEnd=60 PartOfSpeech=DET Lemma=la NamedEntityTag=O]
[Text=línea CharacterOffsetBegin=61 CharacterOffsetEnd=66 PartOfSpeech=NOUN Lemma=línea NamedEntityTag=O]
[Text=en CharacterOffsetBegin=67 CharacterOffsetEnd=69 PartOfSpeech=ADP Lemma=en NamedEntityTag=O]
[Text=cuestión CharacterOffsetBegin=70 CharacterOffsetEnd=78 PartOfSpeech=NOUN Lemma=cuestión NamedEntityTag=O]
[Text=y CharacterOffsetBegin=79 CharacterOffsetEnd=80 PartOfSpeech=CCONJ Lemma=y NamedEntityTag=O]
[Text=el CharacterOffsetBegin=81 CharacterOffsetEnd=83 PartOfSpeech=DET Lemma=el NamedEntityTag=O]
[Text=que CharacterOffsetBegin=84 CharacterOffsetEnd=87 PartOfSpeech=PRON Lemma=que NamedEntityTag=O]
[Text=cuenta CharacterOffsetBegin=88 CharacterOffsetEnd=94 PartOfSpeech=VERB Lemma=cuenta NamedEntityTag=O]
[Text=con CharacterOffsetBegin=95 CharacterOffsetEnd=98 PartOfSpeech=ADP Lemma=con NamedEntityTag=O]
[Text=la CharacterOffsetBegin=99 CharacterOffsetEnd=101 PartOfSpeech=DET Lemma=la NamedEntityTag=O]
[Text=mayoría CharacterOffsetBegin=102 CharacterOffsetEnd=109 PartOfSpeech=NOUN Lemma=mayoría NamedEntityTag=O]
[Text=de CharacterOffsetBegin=110 CharacterOffsetEnd=112 PartOfSpeech=ADP Lemma=de NamedEntityTag=O]
[Text=las CharacterOffsetBegin=113 CharacterOffsetEnd=116 PartOfSpeech=DET Lemma=las NamedEntityTag=O]
[Text=unidades CharacterOffsetBegin=117 CharacterOffsetEnd=125 PartOfSpeech=NOUN Lemma=unidades NamedEntityTag=O]
[Text=. CharacterOffsetBegin=125 CharacterOffsetEnd=126 PartOfSpeech=PUNCT Lemma=. NamedEntityTag=O]

Dependency Parse (enhanced plus plus dependencies):
root(ROOT-0, uno-4)
nsubj(uno-4, LOPEZ-1)
flat(LOPEZ-1, FIGUEROA-2)
cop(uno-4, es-3)
case(accio-8, de-5)
det(accio-8, los-6)
amod(accio-8, principales-7)
nmod(uno-4, accio-8)
punct(nistas-10, --9)
amod(accio-8, nistas-10)
case(línea-13, de-11)
det(línea-13, la-12)
nmod(nistas-10, línea-13)
case(cuestión-15, en-14)
nmod(línea-13, cuestión-15)
cc(cuenta-19, y-16)
det(cuenta-19, el-17)
nsubj(cuenta-19, que-18)
conj:y(uno-4, cuenta-19)
case(mayoría-22, con-20)
det(mayoría-22, la-21)
obj(cuenta-19, mayoría-22)
case(unidades-25, de-23)
det(unidades-25, las-24)
nmod(mayoría-22, unidades-25)
punct(uno-4, .-26)

Extracted the following NER entity mentions:
LOPEZ FIGUEROA	PERSON	PERSON:0.8784302925652858

Sentence #2 (15 tokens):
-Este incremento
en el pasaje ha causado descontento general de-
los usuarios.

Tokens:
[Text=- CharacterOffsetBegin=126 CharacterOffsetEnd=127 PartOfSpeech=PUNCT Lemma=- NamedEntityTag=O]
[Text=Este CharacterOffsetBegin=127 CharacterOffsetEnd=131 PartOfSpeech=DET Lemma=este NamedEntityTag=O]
[Text=incremento CharacterOffsetBegin=132 CharacterOffsetEnd=142 PartOfSpeech=NOUN Lemma=incremento NamedEntityTag=O]
[Text=en CharacterOffsetBegin=143 CharacterOffsetEnd=145 PartOfSpeech=ADP Lemma=en NamedEntityTag=O]
[Text=el CharacterOffsetBegin=146 CharacterOffsetEnd=148 PartOfSpeech=DET Lemma=el NamedEntityTag=O]
[Text=pasaje CharacterOffsetBegin=149 CharacterOffsetEnd=155 PartOfSpeech=NOUN Lemma=pasaje NamedEntityTag=O]
[Text=ha CharacterOffsetBegin=156 CharacterOffsetEnd=158 PartOfSpeech=AUX Lemma=ha NamedEntityTag=O]
[Text=causado CharacterOffsetBegin=159 CharacterOffsetEnd=166 PartOfSpeech=VERB Lemma=causado NamedEntityTag=O]
[Text=descontento CharacterOffsetBegin=167 CharacterOffsetEnd=178 PartOfSpeech=NOUN Lemma=descontento NamedEntityTag=O]
[Text=general CharacterOffsetBegin=179 CharacterOffsetEnd=186 PartOfSpeech=ADJ Lemma=general NamedEntityTag=TITLE]
[Text=de CharacterOffsetBegin=187 CharacterOffsetEnd=189 PartOfSpeech=ADP Lemma=de NamedEntityTag=O]
[Text=- CharacterOffsetBegin=189 CharacterOffsetEnd=190 PartOfSpeech=PUNCT Lemma=- NamedEntityTag=O]
[Text=los CharacterOffsetBegin=191 CharacterOffsetEnd=194 PartOfSpeech=DET Lemma=los NamedEntityTag=O]
[Text=usuarios CharacterOffsetBegin=195 CharacterOffsetEnd=203 PartOfSpeech=NOUN Lemma=usuarios NamedEntityTag=O]
[Text=. CharacterOffsetBegin=203 CharacterOffsetEnd=204 PartOfSpeech=PUNCT Lemma=. NamedEntityTag=O]

Dependency Parse (enhanced plus plus dependencies):
root(ROOT-0, causado-8)
punct(causado-8, --1)
det(incremento-3, Este-2)
nsubj(causado-8, incremento-3)
case(pasaje-6, en-4)
det(pasaje-6, el-5)
nmod(incremento-3, pasaje-6)
aux(causado-8, ha-7)
obj(causado-8, descontento-9)
amod(descontento-9, general-10)
case(usuarios-14, de-11)
punct(usuarios-14, --12)
det(usuarios-14, los-13)
nmod(descontento-9, usuarios-14)
punct(causado-8, .-15)

Extracted the following NER entity mentions:
general	TITLE	-

Sentence #3 (4 tokens):
----sxsz
Exp.

Tokens:
[Text=---- CharacterOffsetBegin=204 CharacterOffsetEnd=208 PartOfSpeech=NUM Lemma=---- NamedEntityTag=O]
[Text=sxsz CharacterOffsetBegin=208 CharacterOffsetEnd=212 PartOfSpeech=NOUN Lemma=sxsz NamedEntityTag=O]
[Text=Exp CharacterOffsetBegin=213 CharacterOffsetEnd=216 PartOfSpeech=PROPN Lemma=exp NamedEntityTag=MISC]
[Text=. CharacterOffsetBegin=216 CharacterOffsetEnd=217 PartOfSpeech=PUNCT Lemma=. NamedEntityTag=O]

Dependency Parse (enhanced plus plus dependencies):
root(ROOT-0, sxsz-2)
nummod(sxsz-2, -----1)
appos(sxsz-2, Exp-3)
punct(sxsz-2, .-4)

Extracted the following NER entity mentions:
Exp	MISC	MISC:0.5525857562324541

Sentence #4 (7 tokens):
100-10-1-79
H-222 L-79
24-Enero-79.

Tokens:
[Text=100-10-1-79 CharacterOffsetBegin=218 CharacterOffsetEnd=229 PartOfSpeech=NUM Lemma=100-10-1-79 NamedEntityTag=O]
[Text=H-222 CharacterOffsetBegin=230 CharacterOffsetEnd=235 PartOfSpeech=PROPN Lemma=h-222 NamedEntityTag=O]
[Text=L-79 CharacterOffsetBegin=236 CharacterOffsetEnd=240 PartOfSpeech=PROPN Lemma=l-79 NamedEntityTag=O]
[Text=24 CharacterOffsetBegin=241 CharacterOffsetEnd=243 PartOfSpeech=NUM Lemma=24 NamedEntityTag=O]
[Text=- CharacterOffsetBegin=243 CharacterOffsetEnd=244 PartOfSpeech=PUNCT Lemma=- NamedEntityTag=O]
[Text=Enero-79 CharacterOffsetBegin=244 CharacterOffsetEnd=252 PartOfSpeech=NUM Lemma=enero-79 NamedEntityTag=O]
[Text=. CharacterOffsetBegin=252 CharacterOffsetEnd=253 PartOfSpeech=PUNCT Lemma=. NamedEntityTag=O]

Dependency Parse (enhanced plus plus dependencies):
root(ROOT-0, H-222-2)
nummod(H-222-2, 100-10-1-79-1)
flat(H-222-2, L-79-3)
nummod(H-222-2, 24-4)
punct(Enero-79-6, --5)
appos(H-222-2, Enero-79-6)
punct(H-222-2, .-7)

Extracted the following NER entity mentions:

Sentence #5 (11 tokens):
-El 23 actual en Chilpan-
cingo, Gro.

Tokens:
[Text=- CharacterOffsetBegin=253 CharacterOffsetEnd=254 PartOfSpeech=PUNCT Lemma=- NamedEntityTag=O]
[Text=El CharacterOffsetBegin=254 CharacterOffsetEnd=256 PartOfSpeech=DET Lemma=el NamedEntityTag=O]
[Text=23 CharacterOffsetBegin=257 CharacterOffsetEnd=259 PartOfSpeech=NUM Lemma=23 NamedEntityTag=NUMBER NormalizedNamedEntityTag=23.0]
[Text=actual CharacterOffsetBegin=260 CharacterOffsetEnd=266 PartOfSpeech=ADJ Lemma=actual NamedEntityTag=O]
[Text=en CharacterOffsetBegin=267 CharacterOffsetEnd=269 PartOfSpeech=ADP Lemma=en NamedEntityTag=O]
[Text=Chilpan CharacterOffsetBegin=270 CharacterOffsetEnd=277 PartOfSpeech=PROPN Lemma=chilpan NamedEntityTag=LOCATION]
[Text=- CharacterOffsetBegin=277 CharacterOffsetEnd=278 PartOfSpeech=PUNCT Lemma=- NamedEntityTag=LOCATION]
[Text=cingo CharacterOffsetBegin=279 CharacterOffsetEnd=284 PartOfSpeech=NOUN Lemma=cingo NamedEntityTag=O]
[Text=, CharacterOffsetBegin=284 CharacterOffsetEnd=285 PartOfSpeech=PUNCT Lemma=, NamedEntityTag=O]
[Text=Gro CharacterOffsetBegin=286 CharacterOffsetEnd=289 PartOfSpeech=PROPN Lemma=gro NamedEntityTag=O]
[Text=. CharacterOffsetBegin=289 CharacterOffsetEnd=290 PartOfSpeech=PUNCT Lemma=. NamedEntityTag=O]

Dependency Parse (enhanced plus plus dependencies):
root(ROOT-0, cingo-8)
punct(cingo-8, --1)
det(23-3, El-2)
nummod(cingo-8, 23-3)
amod(23-3, actual-4)
case(Chilpan-6, en-5)
nmod(23-3, Chilpan-6)
punct(23-3, --7)
punct(cingo-8, ,-9)
appos(cingo-8, Gro-10)
punct(cingo-8, .-11)

Extracted the following NER entity mentions:
23	NUMBER	NUMBER:-1.0
Chilpan-	LOCATION	LOCATION:0.4477640860666286

Sentence #6 (5 tokens):
a las 12.00 hs.

Tokens:
[Text=a CharacterOffsetBegin=291 CharacterOffsetEnd=292 PartOfSpeech=ADP Lemma=a NamedEntityTag=O]
[Text=las CharacterOffsetBegin=293 CharacterOffsetEnd=296 PartOfSpeech=DET Lemma=las NamedEntityTag=O]
[Text=12.00 CharacterOffsetBegin=297 CharacterOffsetEnd=302 PartOfSpeech=NOUN Lemma=12.00 NamedEntityTag=NUMBER NormalizedNamedEntityTag=12.0]
[Text=hs CharacterOffsetBegin=303 CharacterOffsetEnd=305 PartOfSpeech=NOUN Lemma=hs NamedEntityTag=O]
[Text=. CharacterOffsetBegin=305 CharacterOffsetEnd=306 PartOfSpeech=PUNCT Lemma=. NamedEntityTag=O]

Dependency Parse (enhanced plus plus dependencies):
root(ROOT-0, 12.00-3)
case(12.00-3, a-1)
det(12.00-3, las-2)
nmod(12.00-3, hs-4)
punct(12.00-3, .-5)

Extracted the following NER entity mentions:
12.00	NUMBER	NUMBER:-1.0

Sentence #7 (8 tokens):
estuvo en reunión -
del Gobernador Ing.

Tokens:
[Text=estuvo CharacterOffsetBegin=307 CharacterOffsetEnd=313 PartOfSpeech=VERB Lemma=estuvo NamedEntityTag=O]
[Text=en CharacterOffsetBegin=314 CharacterOffsetEnd=316 PartOfSpeech=ADP Lemma=en NamedEntityTag=O]
[Text=reunión CharacterOffsetBegin=317 CharacterOffsetEnd=324 PartOfSpeech=NOUN Lemma=reunión NamedEntityTag=O]
[Text=- CharacterOffsetBegin=325 CharacterOffsetEnd=326 PartOfSpeech=PUNCT Lemma=- NamedEntityTag=O]
[Text=del CharacterOffsetBegin=327 CharacterOffsetEnd=330 PartOfSpeech=ADP Lemma=del NamedEntityTag=O]
[Text=Gobernador CharacterOffsetBegin=331 CharacterOffsetEnd=341 PartOfSpeech=PROPN Lemma=gobernador NamedEntityTag=TITLE]
[Text=Ing CharacterOffsetBegin=342 CharacterOffsetEnd=345 PartOfSpeech=PROPN Lemma=ing NamedEntityTag=MISC]
[Text=. CharacterOffsetBegin=345 CharacterOffsetEnd=346 PartOfSpeech=PUNCT Lemma=. NamedEntityTag=O]

Dependency Parse (enhanced plus plus dependencies):
root(ROOT-0, estuvo-1)
case(reunión-3, en-2)
obl(estuvo-1, reunión-3)
punct(Gobernador-6, --4)
case(Gobernador-6, del-5)
obl(estuvo-1, Gobernador-6)
flat(Gobernador-6, Ing-7)
punct(estuvo-1, .-8)

Extracted the following NER entity mentions:
Gobernador	TITLE	MISC:0.4178285752732678
Ing	MISC	MISC:0.42463132957011895

Sentence #8 (43 tokens):
RUBEN FIGUEROA, y 500 perso
nas entre taxistas de Acapulco, Asociación de -
Transportistas de Acapulco ( Mexicorama ) y ---
guías de turistas, con objeto de buscar solución
al problema de la transportación, ya que las 3-

Tokens:
[Text=RUBEN CharacterOffsetBegin=347 CharacterOffsetEnd=352 PartOfSpeech=PROPN Lemma=ruben NamedEntityTag=PERSON]
[Text=FIGUEROA CharacterOffsetBegin=353 CharacterOffsetEnd=361 PartOfSpeech=PROPN Lemma=figueroa NamedEntityTag=PERSON]
[Text=, CharacterOffsetBegin=361 CharacterOffsetEnd=362 PartOfSpeech=PUNCT Lemma=, NamedEntityTag=O]
[Text=y CharacterOffsetBegin=363 CharacterOffsetEnd=364 PartOfSpeech=CCONJ Lemma=y NamedEntityTag=O]
[Text=500 CharacterOffsetBegin=365 CharacterOffsetEnd=368 PartOfSpeech=NUM Lemma=500 NamedEntityTag=NUMBER NormalizedNamedEntityTag=500.0]
[Text=perso CharacterOffsetBegin=369 CharacterOffsetEnd=374 PartOfSpeech=ADJ Lemma=perso NamedEntityTag=O]
[Text=nas CharacterOffsetBegin=375 CharacterOffsetEnd=378 PartOfSpeech=NOUN Lemma=nas NamedEntityTag=O]
[Text=entre CharacterOffsetBegin=379 CharacterOffsetEnd=384 PartOfSpeech=ADP Lemma=entre NamedEntityTag=O]
[Text=taxistas CharacterOffsetBegin=385 CharacterOffsetEnd=393 PartOfSpeech=NOUN Lemma=taxistas NamedEntityTag=O]
[Text=de CharacterOffsetBegin=394 CharacterOffsetEnd=396 PartOfSpeech=ADP Lemma=de NamedEntityTag=O]
[Text=Acapulco CharacterOffsetBegin=397 CharacterOffsetEnd=405 PartOfSpeech=PROPN Lemma=acapulco NamedEntityTag=CITY]
[Text=, CharacterOffsetBegin=405 CharacterOffsetEnd=406 PartOfSpeech=PUNCT Lemma=, NamedEntityTag=O]
[Text=Asociación CharacterOffsetBegin=407 CharacterOffsetEnd=417 PartOfSpeech=PROPN Lemma=asociación NamedEntityTag=ORGANIZATION]
[Text=de CharacterOffsetBegin=418 CharacterOffsetEnd=420 PartOfSpeech=ADP Lemma=de NamedEntityTag=ORGANIZATION]
[Text=- CharacterOffsetBegin=421 CharacterOffsetEnd=422 PartOfSpeech=PUNCT Lemma=- NamedEntityTag=ORGANIZATION]
[Text=Transportistas CharacterOffsetBegin=423 CharacterOffsetEnd=437 PartOfSpeech=PROPN Lemma=transportistas NamedEntityTag=ORGANIZATION]
[Text=de CharacterOffsetBegin=438 CharacterOffsetEnd=440 PartOfSpeech=ADP Lemma=de NamedEntityTag=ORGANIZATION]
[Text=Acapulco CharacterOffsetBegin=441 CharacterOffsetEnd=449 PartOfSpeech=PROPN Lemma=acapulco NamedEntityTag=ORGANIZATION]
[Text=( CharacterOffsetBegin=450 CharacterOffsetEnd=451 PartOfSpeech=PUNCT Lemma=( NamedEntityTag=O]
[Text=Mexicorama CharacterOffsetBegin=452 CharacterOffsetEnd=462 PartOfSpeech=PROPN Lemma=mexicorama NamedEntityTag=LOCATION]
[Text=) CharacterOffsetBegin=463 CharacterOffsetEnd=464 PartOfSpeech=PUNCT Lemma=) NamedEntityTag=O]
[Text=y CharacterOffsetBegin=465 CharacterOffsetEnd=466 PartOfSpeech=CCONJ Lemma=y NamedEntityTag=O]
[Text=--- CharacterOffsetBegin=467 CharacterOffsetEnd=470 PartOfSpeech=NUM Lemma=--- NamedEntityTag=O]
[Text=guías CharacterOffsetBegin=471 CharacterOffsetEnd=476 PartOfSpeech=NOUN Lemma=guías NamedEntityTag=O]
[Text=de CharacterOffsetBegin=477 CharacterOffsetEnd=479 PartOfSpeech=ADP Lemma=de NamedEntityTag=O]
[Text=turistas CharacterOffsetBegin=480 CharacterOffsetEnd=488 PartOfSpeech=NOUN Lemma=turistas NamedEntityTag=O]
[Text=, CharacterOffsetBegin=488 CharacterOffsetEnd=489 PartOfSpeech=PUNCT Lemma=, NamedEntityTag=O]
[Text=con CharacterOffsetBegin=490 CharacterOffsetEnd=493 PartOfSpeech=ADP Lemma=con NamedEntityTag=O]
[Text=objeto CharacterOffsetBegin=494 CharacterOffsetEnd=500 PartOfSpeech=NOUN Lemma=objeto NamedEntityTag=O]
[Text=de CharacterOffsetBegin=501 CharacterOffsetEnd=503 PartOfSpeech=ADP Lemma=de NamedEntityTag=O]
[Text=buscar CharacterOffsetBegin=504 CharacterOffsetEnd=510 PartOfSpeech=VERB Lemma=buscar NamedEntityTag=O]
[Text=solución CharacterOffsetBegin=511 CharacterOffsetEnd=519 PartOfSpeech=NOUN Lemma=solución NamedEntityTag=O]
[Text=al CharacterOffsetBegin=520 CharacterOffsetEnd=522 PartOfSpeech=ADP Lemma=al NamedEntityTag=O]
[Text=problema CharacterOffsetBegin=523 CharacterOffsetEnd=531 PartOfSpeech=NOUN Lemma=problema NamedEntityTag=O]
[Text=de CharacterOffsetBegin=532 CharacterOffsetEnd=534 PartOfSpeech=ADP Lemma=de NamedEntityTag=O]
[Text=la CharacterOffsetBegin=535 CharacterOffsetEnd=537 PartOfSpeech=DET Lemma=la NamedEntityTag=O]
[Text=transportación CharacterOffsetBegin=538 CharacterOffsetEnd=552 PartOfSpeech=NOUN Lemma=transportación NamedEntityTag=O]
[Text=, CharacterOffsetBegin=552 CharacterOffsetEnd=553 PartOfSpeech=PUNCT Lemma=, NamedEntityTag=O]
[Text=ya CharacterOffsetBegin=554 CharacterOffsetEnd=556 PartOfSpeech=ADV Lemma=ya NamedEntityTag=O]
[Text=que CharacterOffsetBegin=557 CharacterOffsetEnd=560 PartOfSpeech=SCONJ Lemma=que NamedEntityTag=O]
[Text=las CharacterOffsetBegin=561 CharacterOffsetEnd=564 PartOfSpeech=DET Lemma=las NamedEntityTag=O]
[Text=3 CharacterOffsetBegin=565 CharacterOffsetEnd=566 PartOfSpeech=NUM Lemma=3 NamedEntityTag=NUMBER NormalizedNamedEntityTag=3.0]
[Text=- CharacterOffsetBegin=566 CharacterOffsetEnd=567 PartOfSpeech=PUNCT Lemma=- NamedEntityTag=O]

Dependency Parse (enhanced plus plus dependencies):
root(ROOT-0, RUBEN-1)
flat(RUBEN-1, FIGUEROA-2)
punct(perso-6, ,-3)
cc(perso-6, y-4)
nummod(perso-6, 500-5)
conj:y(RUBEN-1, perso-6)
obj(perso-6, nas-7)
case(taxistas-9, entre-8)
nmod(nas-7, taxistas-9)
case(Acapulco-11, de-10)
nmod(taxistas-9, Acapulco-11)
punct(Asociación-13, ,-12)
conj(Acapulco-11, Asociación-13)
case(Transportistas-16, de-14)
punct(Transportistas-16, --15)
flat(Asociación-13, Transportistas-16)
case(Acapulco-18, de-17)
flat(Asociación-13, Acapulco-18)
punct(Mexicorama-20, (-19)
flat(Asociación-13, Mexicorama-20)
punct(Mexicorama-20, )-21)
cc(guías-24, y-22)
nummod(guías-24, ----23)
nmod(nas-7, guías-24)
conj:y(taxistas-9, guías-24)
case(turistas-26, de-25)
nmod(guías-24, turistas-26)
punct(buscar-31, ,-27)
mark(buscar-31, con-28)
fixed(con-28, objeto-29)
fixed(con-28, de-30)
advcl(perso-6, buscar-31)
advcl(perso-6, buscar-31)
obj(buscar-31, solución-32)
case(problema-34, al-33)
obj(buscar-31, problema-34)
case(transportación-37, de-35)
det(transportación-37, la-36)
nmod(problema-34, transportación-37)
punct(ya-39, ,-38)
advmod(buscar-31, ya-39)
fixed(ya-39, que-40)
det(3-42, las-41)
nummod(ya-39, 3-42)
punct(3-42, --43)

Extracted the following NER entity mentions:
RUBEN FIGUEROA	PERSON	PERSON:0.9960640462984538
500	NUMBER	NUMBER:-1.0
Acapulco	CITY	LOCATION:0.9359336140833104
Asociación de -
Transportistas de Acapulco	ORGANIZATION	ORGANIZATION:0.9735815815363038
Mexicorama	LOCATION	LOCATION:0.6959229478313568
3	NUMBER	NUMBER:-1.0

Extracted the following KBP triples:
1.0	Asociación de - Transportistas de Acapulco	org:city_of_headquarters	Mexicorama
