Document: ID=file_458.txt (9 sentences, 145 tokens)

Sentence #1 (46 tokens):
Carlos", detenido por sus actividades con el Comando
Armado Revolucionario de Morelos, durante un interro
gatorio dijo que RAUL GREGORIO HERNANDEZ BRITO (a) -
"Alfonso" forma parte del comando Armado Revoluciona
rio "10 de Junio".

Tokens:
[Text=Car CharacterOffsetBegin=0 CharacterOffsetEnd=6 PartOfSpeech=PROPN Lemma=car NamedEntityTag=O]
[Text=los CharacterOffsetBegin=0 CharacterOffsetEnd=6 PartOfSpeech=DET Lemma=los NamedEntityTag=O]
[Text=" CharacterOffsetBegin=6 CharacterOffsetEnd=7 PartOfSpeech=PUNCT Lemma=" NamedEntityTag=O]
[Text=, CharacterOffsetBegin=7 CharacterOffsetEnd=8 PartOfSpeech=PUNCT Lemma=, NamedEntityTag=O]
[Text=detenido CharacterOffsetBegin=9 CharacterOffsetEnd=17 PartOfSpeech=VERB Lemma=detenido NamedEntityTag=O]
[Text=por CharacterOffsetBegin=18 CharacterOffsetEnd=21 PartOfSpeech=ADP Lemma=por NamedEntityTag=O]
[Text=sus CharacterOffsetBegin=22 CharacterOffsetEnd=25 PartOfSpeech=DET Lemma=sus NamedEntityTag=O]
[Text=actividades CharacterOffsetBegin=26 CharacterOffsetEnd=37 PartOfSpeech=NOUN Lemma=actividades NamedEntityTag=O]
[Text=con CharacterOffsetBegin=38 CharacterOffsetEnd=41 PartOfSpeech=ADP Lemma=con NamedEntityTag=O]
[Text=el CharacterOffsetBegin=42 CharacterOffsetEnd=44 PartOfSpeech=DET Lemma=el NamedEntityTag=O]
[Text=Comando CharacterOffsetBegin=45 CharacterOffsetEnd=52 PartOfSpeech=PROPN Lemma=comando NamedEntityTag=ORGANIZATION]
[Text=Armado CharacterOffsetBegin=53 CharacterOffsetEnd=59 PartOfSpeech=PROPN Lemma=armado NamedEntityTag=ORGANIZATION]
[Text=Revolucionario CharacterOffsetBegin=60 CharacterOffsetEnd=74 PartOfSpeech=PROPN Lemma=revolucionario NamedEntityTag=ORGANIZATION]
[Text=de CharacterOffsetBegin=75 CharacterOffsetEnd=77 PartOfSpeech=ADP Lemma=de NamedEntityTag=ORGANIZATION]
[Text=Morelos CharacterOffsetBegin=78 CharacterOffsetEnd=85 PartOfSpeech=PROPN Lemma=morelos NamedEntityTag=ORGANIZATION]
[Text=, CharacterOffsetBegin=85 CharacterOffsetEnd=86 PartOfSpeech=PUNCT Lemma=, NamedEntityTag=O]
[Text=durante CharacterOffsetBegin=87 CharacterOffsetEnd=94 PartOfSpeech=ADP Lemma=durante NamedEntityTag=O]
[Text=un CharacterOffsetBegin=95 CharacterOffsetEnd=97 PartOfSpeech=DET Lemma=un NamedEntityTag=O]
[Text=interro CharacterOffsetBegin=98 CharacterOffsetEnd=105 PartOfSpeech=NOUN Lemma=interro NamedEntityTag=O]
[Text=gatorio CharacterOffsetBegin=106 CharacterOffsetEnd=113 PartOfSpeech=ADJ Lemma=gatorio NamedEntityTag=O]
[Text=dijo CharacterOffsetBegin=114 CharacterOffsetEnd=118 PartOfSpeech=VERB Lemma=dijo NamedEntityTag=O]
[Text=que CharacterOffsetBegin=119 CharacterOffsetEnd=122 PartOfSpeech=SCONJ Lemma=que NamedEntityTag=O]
[Text=RAUL CharacterOffsetBegin=123 CharacterOffsetEnd=127 PartOfSpeech=PROPN Lemma=raul NamedEntityTag=PERSON]
[Text=GREGORIO CharacterOffsetBegin=128 CharacterOffsetEnd=136 PartOfSpeech=PROPN Lemma=gregorio NamedEntityTag=PERSON]
[Text=HERNANDEZ CharacterOffsetBegin=137 CharacterOffsetEnd=146 PartOfSpeech=PROPN Lemma=hernandez NamedEntityTag=PERSON]
[Text=BRITO CharacterOffsetBegin=147 CharacterOffsetEnd=152 PartOfSpeech=PROPN Lemma=brito NamedEntityTag=PERSON]
[Text=( CharacterOffsetBegin=153 CharacterOffsetEnd=154 PartOfSpeech=PUNCT Lemma=( NamedEntityTag=O]
[Text=a CharacterOffsetBegin=154 CharacterOffsetEnd=155 PartOfSpeech=ADP Lemma=a NamedEntityTag=O]
[Text=) CharacterOffsetBegin=155 CharacterOffsetEnd=156 PartOfSpeech=PUNCT Lemma=) NamedEntityTag=O]
[Text=- CharacterOffsetBegin=157 CharacterOffsetEnd=158 PartOfSpeech=PUNCT Lemma=- NamedEntityTag=O]
[Text=" CharacterOffsetBegin=159 CharacterOffsetEnd=160 PartOfSpeech=PUNCT Lemma=" NamedEntityTag=O]
[Text=Alfonso CharacterOffsetBegin=160 CharacterOffsetEnd=167 PartOfSpeech=PROPN Lemma=alfonso NamedEntityTag=PERSON]
[Text=" CharacterOffsetBegin=167 CharacterOffsetEnd=168 PartOfSpeech=PUNCT Lemma=" NamedEntityTag=O]
[Text=forma CharacterOffsetBegin=169 CharacterOffsetEnd=174 PartOfSpeech=VERB Lemma=forma NamedEntityTag=O]
[Text=parte CharacterOffsetBegin=175 CharacterOffsetEnd=180 PartOfSpeech=NOUN Lemma=parte NamedEntityTag=O]
[Text=del CharacterOffsetBegin=181 CharacterOffsetEnd=184 PartOfSpeech=ADP Lemma=del NamedEntityTag=O]
[Text=comando CharacterOffsetBegin=185 CharacterOffsetEnd=192 PartOfSpeech=NOUN Lemma=comando NamedEntityTag=ORGANIZATION]
[Text=Armado CharacterOffsetBegin=193 CharacterOffsetEnd=199 PartOfSpeech=ADJ Lemma=armado NamedEntityTag=ORGANIZATION]
[Text=Revoluciona CharacterOffsetBegin=200 CharacterOffsetEnd=211 PartOfSpeech=VERB Lemma=revoluciona NamedEntityTag=ORGANIZATION]
[Text=rio CharacterOffsetBegin=212 CharacterOffsetEnd=215 PartOfSpeech=NOUN Lemma=rio NamedEntityTag=O]
[Text=" CharacterOffsetBegin=216 CharacterOffsetEnd=217 PartOfSpeech=PUNCT Lemma=" NamedEntityTag=O]
[Text=10 CharacterOffsetBegin=217 CharacterOffsetEnd=219 PartOfSpeech=NUM Lemma=10 NamedEntityTag=DATE NormalizedNamedEntityTag=XXXX-XX-10 Timex=<TIMEX3 tid="t1" type="DATE" value="XXXX-XX-10">10 de Junio</TIMEX3>]
[Text=de CharacterOffsetBegin=220 CharacterOffsetEnd=222 PartOfSpeech=ADP Lemma=de NamedEntityTag=DATE NormalizedNamedEntityTag=XXXX-XX-10 Timex=<TIMEX3 tid="t1" type="DATE" value="XXXX-XX-10">10 de Junio</TIMEX3>]
[Text=Junio CharacterOffsetBegin=223 CharacterOffsetEnd=228 PartOfSpeech=NOUN Lemma=junio NamedEntityTag=DATE NormalizedNamedEntityTag=XXXX-XX-10 Timex=<TIMEX3 tid="t1" type="DATE" value="XXXX-XX-10">10 de Junio</TIMEX3>]
[Text=" CharacterOffsetBegin=228 CharacterOffsetEnd=229 PartOfSpeech=PUNCT Lemma=" NamedEntityTag=O]
[Text=. CharacterOffsetBegin=229 CharacterOffsetEnd=230 PartOfSpeech=PUNCT Lemma=. NamedEntityTag=O]

Dependency Parse (enhanced plus plus dependencies):
root(ROOT-0, dijo-21)
nsubj(dijo-21, Car-1)
flat(Car-1, los-2)
punct(Car-1, "-3)
punct(detenido-5, ,-4)
appos(Car-1, detenido-5)
case(actividades-8, por-6)
det(actividades-8, sus-7)
obj(detenido-5, actividades-8)
case(Comando-11, con-9)
det(Comando-11, el-10)
nmod(actividades-8, Comando-11)
flat(Comando-11, Armado-12)
flat(Comando-11, Revolucionario-13)
case(Morelos-15, de-14)
flat(Comando-11, Morelos-15)
punct(detenido-5, ,-16)
case(interro-19, durante-17)
det(interro-19, un-18)
obl(dijo-21, interro-19)
amod(interro-19, gatorio-20)
advmod(dijo-21, que-22)
csubj:pass(que-22, RAUL-23)
flat(RAUL-23, GREGORIO-24)
flat(RAUL-23, HERNANDEZ-25)
flat(RAUL-23, BRITO-26)
punct(a-28, (-27)
case(Alfonso-32, a-28)
punct(a-28, )-29)
punct(Alfonso-32, --30)
punct(Alfonso-32, "-31)
flat(RAUL-23, Alfonso-32)
punct(Alfonso-32, "-33)
acl(Alfonso-32, forma-34)
compound(forma-34, parte-35)
case(comando-37, del-36)
obj(forma-34, comando-37)
amod(comando-37, Armado-38)
acl(Alfonso-32, Revoluciona-39)
obj(Revoluciona-39, rio-40)
punct(10-42, "-41)
appos(rio-40, 10-42)
case(Junio-44, de-43)
compound(10-42, Junio-44)
punct(10-42, "-45)
punct(RAUL-23, .-46)

Extracted the following NER entity mentions:
Comando
Armado Revolucionario de Morelos	ORGANIZATION	ORGANIZATION:0.9662946276891975
RAUL GREGORIO HERNANDEZ BRITO	PERSON	PERSON:0.9621279766870735
Alfonso	PERSON	PERSON:0.9864943311927664
comando Armado Revoluciona	ORGANIZATION	ORGANIZATION:0.5499356385743841
10 de Junio	DATE	DATE:-1.0

Sentence #2 (3 tokens):
- Exp.

Tokens:
[Text=- CharacterOffsetBegin=230 CharacterOffsetEnd=231 PartOfSpeech=PUNCT Lemma=- NamedEntityTag=O]
[Text=Exp CharacterOffsetBegin=232 CharacterOffsetEnd=235 PartOfSpeech=INTJ Lemma=exp NamedEntityTag=O]
[Text=. CharacterOffsetBegin=235 CharacterOffsetEnd=236 PartOfSpeech=PUNCT Lemma=. NamedEntityTag=O]

Dependency Parse (enhanced plus plus dependencies):
root(ROOT-0, Exp-2)
punct(Exp-2, --1)
punct(Exp-2, .-3)

Extracted the following NER entity mentions:

Sentence #3 (5 tokens):
100-28-1-78
H-127 L-84
Dic-7-78.

Tokens:
[Text=100-28-1-78 CharacterOffsetBegin=237 CharacterOffsetEnd=248 PartOfSpeech=NUM Lemma=100-28-1-78 NamedEntityTag=O]
[Text=H-127 CharacterOffsetBegin=249 CharacterOffsetEnd=254 PartOfSpeech=PROPN Lemma=h-127 NamedEntityTag=O]
[Text=L-84 CharacterOffsetBegin=255 CharacterOffsetEnd=259 PartOfSpeech=PROPN Lemma=l-84 NamedEntityTag=O]
[Text=Dic-7-78 CharacterOffsetBegin=260 CharacterOffsetEnd=268 PartOfSpeech=PROPN Lemma=dic-7-78 NamedEntityTag=O]
[Text=. CharacterOffsetBegin=268 CharacterOffsetEnd=269 PartOfSpeech=PUNCT Lemma=. NamedEntityTag=O]

Dependency Parse (enhanced plus plus dependencies):
root(ROOT-0, H-127-2)
nummod(H-127-2, 100-28-1-78-1)
flat(H-127-2, L-84-3)
flat(H-127-2, Dic-7-78-4)
punct(H-127-2, .-5)

Extracted the following NER entity mentions:

Sentence #4 (5 tokens):
-JALAPA, VER.

Tokens:
[Text=- CharacterOffsetBegin=270 CharacterOffsetEnd=271 PartOfSpeech=PUNCT Lemma=- NamedEntityTag=O]
[Text=JALAPA CharacterOffsetBegin=271 CharacterOffsetEnd=277 PartOfSpeech=PROPN Lemma=jalapa NamedEntityTag=O]
[Text=, CharacterOffsetBegin=277 CharacterOffsetEnd=278 PartOfSpeech=PUNCT Lemma=, NamedEntityTag=O]
[Text=VER CharacterOffsetBegin=279 CharacterOffsetEnd=282 PartOfSpeech=PROPN Lemma=ver NamedEntityTag=O]
[Text=. CharacterOffsetBegin=282 CharacterOffsetEnd=283 PartOfSpeech=PUNCT Lemma=. NamedEntityTag=O]

Dependency Parse (enhanced plus plus dependencies):
root(ROOT-0, JALAPA-2)
punct(JALAPA-2, --1)
punct(JALAPA-2, ,-3)
flat(JALAPA-2, VER-4)
punct(JALAPA-2, .-5)

Extracted the following NER entity mentions:

Sentence #5 (6 tokens):
- A las 09.00 Hrs.

Tokens:
[Text=- CharacterOffsetBegin=283 CharacterOffsetEnd=284 PartOfSpeech=PUNCT Lemma=- NamedEntityTag=O]
[Text=A CharacterOffsetBegin=285 CharacterOffsetEnd=286 PartOfSpeech=ADP Lemma=a NamedEntityTag=O]
[Text=las CharacterOffsetBegin=287 CharacterOffsetEnd=290 PartOfSpeech=DET Lemma=las NamedEntityTag=O]
[Text=09.00 CharacterOffsetBegin=291 CharacterOffsetEnd=296 PartOfSpeech=NOUN Lemma=09.00 NamedEntityTag=NUMBER NormalizedNamedEntityTag=9.0]
[Text=Hrs CharacterOffsetBegin=297 CharacterOffsetEnd=300 PartOfSpeech=PROPN Lemma=hrs NamedEntityTag=O]
[Text=. CharacterOffsetBegin=300 CharacterOffsetEnd=301 PartOfSpeech=PUNCT Lemma=. NamedEntityTag=O]

Dependency Parse (enhanced plus plus dependencies):
root(ROOT-0, 09.00-4)
punct(09.00-4, --1)
case(09.00-4, A-2)
det(09.00-4, las-3)
appos(09.00-4, Hrs-5)
punct(09.00-4, .-6)

Extracted the following NER entity mentions:
09.00	NUMBER	NUMBER:-1.0

Sentence #6 (14 tokens):
, del 6 -
del presente y por el término de 72 Hrs.

Tokens:
[Text=, CharacterOffsetBegin=301 CharacterOffsetEnd=302 PartOfSpeech=PUNCT Lemma=, NamedEntityTag=O]
[Text=del CharacterOffsetBegin=303 CharacterOffsetEnd=306 PartOfSpeech=ADP Lemma=del NamedEntityTag=O]
[Text=6 CharacterOffsetBegin=307 CharacterOffsetEnd=308 PartOfSpeech=NUM Lemma=6 NamedEntityTag=NUMBER NormalizedNamedEntityTag=6.0]
[Text=- CharacterOffsetBegin=309 CharacterOffsetEnd=310 PartOfSpeech=PUNCT Lemma=- NamedEntityTag=O]
[Text=del CharacterOffsetBegin=311 CharacterOffsetEnd=314 PartOfSpeech=ADP Lemma=del NamedEntityTag=O]
[Text=presente CharacterOffsetBegin=315 CharacterOffsetEnd=323 PartOfSpeech=NOUN Lemma=presente NamedEntityTag=O]
[Text=y CharacterOffsetBegin=324 CharacterOffsetEnd=325 PartOfSpeech=CCONJ Lemma=y NamedEntityTag=O]
[Text=por CharacterOffsetBegin=326 CharacterOffsetEnd=329 PartOfSpeech=ADP Lemma=por NamedEntityTag=O]
[Text=el CharacterOffsetBegin=330 CharacterOffsetEnd=332 PartOfSpeech=DET Lemma=el NamedEntityTag=O]
[Text=término CharacterOffsetBegin=333 CharacterOffsetEnd=340 PartOfSpeech=NOUN Lemma=término NamedEntityTag=O]
[Text=de CharacterOffsetBegin=341 CharacterOffsetEnd=343 PartOfSpeech=ADP Lemma=de NamedEntityTag=O]
[Text=72 CharacterOffsetBegin=344 CharacterOffsetEnd=346 PartOfSpeech=NUM Lemma=72 NamedEntityTag=NUMBER NormalizedNamedEntityTag=72.0]
[Text=Hrs CharacterOffsetBegin=347 CharacterOffsetEnd=350 PartOfSpeech=PROPN Lemma=hrs NamedEntityTag=O]
[Text=. CharacterOffsetBegin=350 CharacterOffsetEnd=351 PartOfSpeech=PUNCT Lemma=. NamedEntityTag=O]

Dependency Parse (enhanced plus plus dependencies):
root(ROOT-0, 6-3)
punct(6-3, ,-1)
case(6-3, del-2)
punct(6-3, --4)
case(presente-6, del-5)
nmod(6-3, presente-6)
cc(término-10, y-7)
case(término-10, por-8)
det(término-10, el-9)
conj:y(6-3, término-10)
case(Hrs-13, de-11)
nummod(Hrs-13, 72-12)
nmod(término-10, Hrs-13)
punct(6-3, .-14)

Extracted the following NER entity mentions:
6	NUMBER	NUMBER:-1.0
72	NUMBER	NUMBER:-1.0

Sentence #7 (15 tokens):
, este -
elemento y otros recluidos en el Penal de esta -
Cd.

Tokens:
[Text=, CharacterOffsetBegin=351 CharacterOffsetEnd=352 PartOfSpeech=PUNCT Lemma=, NamedEntityTag=O]
[Text=este CharacterOffsetBegin=353 CharacterOffsetEnd=357 PartOfSpeech=DET Lemma=este NamedEntityTag=O]
[Text=- CharacterOffsetBegin=358 CharacterOffsetEnd=359 PartOfSpeech=PUNCT Lemma=- NamedEntityTag=O]
[Text=elemento CharacterOffsetBegin=360 CharacterOffsetEnd=368 PartOfSpeech=NOUN Lemma=elemento NamedEntityTag=O]
[Text=y CharacterOffsetBegin=369 CharacterOffsetEnd=370 PartOfSpeech=CCONJ Lemma=y NamedEntityTag=O]
[Text=otros CharacterOffsetBegin=371 CharacterOffsetEnd=376 PartOfSpeech=DET Lemma=otros NamedEntityTag=O]
[Text=recluidos CharacterOffsetBegin=377 CharacterOffsetEnd=386 PartOfSpeech=ADJ Lemma=recluidos NamedEntityTag=O]
[Text=en CharacterOffsetBegin=387 CharacterOffsetEnd=389 PartOfSpeech=ADP Lemma=en NamedEntityTag=O]
[Text=el CharacterOffsetBegin=390 CharacterOffsetEnd=392 PartOfSpeech=DET Lemma=el NamedEntityTag=O]
[Text=Penal CharacterOffsetBegin=393 CharacterOffsetEnd=398 PartOfSpeech=PROPN Lemma=penal NamedEntityTag=ORGANIZATION]
[Text=de CharacterOffsetBegin=399 CharacterOffsetEnd=401 PartOfSpeech=ADP Lemma=de NamedEntityTag=O]
[Text=esta CharacterOffsetBegin=402 CharacterOffsetEnd=406 PartOfSpeech=DET Lemma=esta NamedEntityTag=O]
[Text=- CharacterOffsetBegin=407 CharacterOffsetEnd=408 PartOfSpeech=PUNCT Lemma=- NamedEntityTag=O]
[Text=Cd CharacterOffsetBegin=409 CharacterOffsetEnd=411 PartOfSpeech=NOUN Lemma=cd NamedEntityTag=O]
[Text=. CharacterOffsetBegin=411 CharacterOffsetEnd=412 PartOfSpeech=PUNCT Lemma=. NamedEntityTag=O]

Dependency Parse (enhanced plus plus dependencies):
root(ROOT-0, elemento-4)
punct(elemento-4, ,-1)
det(elemento-4, este-2)
punct(elemento-4, --3)
cc(recluidos-7, y-5)
det(recluidos-7, otros-6)
conj:y(elemento-4, recluidos-7)
case(Penal-10, en-8)
det(Penal-10, el-9)
nmod(recluidos-7, Penal-10)
case(Cd-14, de-11)
det(Cd-14, esta-12)
punct(Cd-14, --13)
nmod(Penal-10, Cd-14)
punct(elemento-4, .-15)

Extracted the following NER entity mentions:
Penal	ORGANIZATION	ORGANIZATION:0.500765287945065

Sentence #8 (9 tokens):
, a disposición del Juez Mixto de la.

Tokens:
[Text=, CharacterOffsetBegin=412 CharacterOffsetEnd=413 PartOfSpeech=PUNCT Lemma=, NamedEntityTag=O]
[Text=a CharacterOffsetBegin=414 CharacterOffsetEnd=415 PartOfSpeech=ADP Lemma=a NamedEntityTag=O]
[Text=disposición CharacterOffsetBegin=416 CharacterOffsetEnd=427 PartOfSpeech=NOUN Lemma=disposición NamedEntityTag=O]
[Text=del CharacterOffsetBegin=428 CharacterOffsetEnd=431 PartOfSpeech=ADP Lemma=del NamedEntityTag=O]
[Text=Juez CharacterOffsetBegin=432 CharacterOffsetEnd=436 PartOfSpeech=PROPN Lemma=juez NamedEntityTag=ORGANIZATION]
[Text=Mixto CharacterOffsetBegin=437 CharacterOffsetEnd=442 PartOfSpeech=PROPN Lemma=mixto NamedEntityTag=ORGANIZATION]
[Text=de CharacterOffsetBegin=443 CharacterOffsetEnd=445 PartOfSpeech=ADP Lemma=de NamedEntityTag=O]
[Text=la CharacterOffsetBegin=446 CharacterOffsetEnd=448 PartOfSpeech=DET Lemma=la NamedEntityTag=O]
[Text=. CharacterOffsetBegin=448 CharacterOffsetEnd=449 PartOfSpeech=PUNCT Lemma=. NamedEntityTag=O]

Dependency Parse (enhanced plus plus dependencies):
root(ROOT-0, disposición-3)
punct(disposición-3, ,-1)
case(disposición-3, a-2)
case(Juez-5, del-4)
nmod(disposición-3, Juez-5)
flat(Juez-5, Mixto-6)
case(la-8, de-7)
flat(Juez-5, la-8)
punct(disposición-3, .-9)

Extracted the following NER entity mentions:
Juez Mixto	ORGANIZATION	ORGANIZATION:0.3178842734660508

Sentence #9 (42 tokens):
Instan-
cia de Misantla, como presuntos responsables de-
los delitos de secuestro en agravio de VICENTE -
PIÑA ESPINOSA, y robo en perjuicio de la sucur=-
sal del Banco de Comercio de Altotonga, inicia--

Tokens:
[Text=Instan CharacterOffsetBegin=450 CharacterOffsetEnd=456 PartOfSpeech=VERB Lemma=instan NamedEntityTag=O]
[Text=- CharacterOffsetBegin=456 CharacterOffsetEnd=457 PartOfSpeech=PUNCT Lemma=- NamedEntityTag=O]
[Text=cia CharacterOffsetBegin=458 CharacterOffsetEnd=461 PartOfSpeech=NOUN Lemma=cia NamedEntityTag=O]
[Text=de CharacterOffsetBegin=462 CharacterOffsetEnd=464 PartOfSpeech=ADP Lemma=de NamedEntityTag=O]
[Text=Misantla CharacterOffsetBegin=465 CharacterOffsetEnd=473 PartOfSpeech=PROPN Lemma=misantla NamedEntityTag=CITY]
[Text=, CharacterOffsetBegin=473 CharacterOffsetEnd=474 PartOfSpeech=PUNCT Lemma=, NamedEntityTag=O]
[Text=como CharacterOffsetBegin=475 CharacterOffsetEnd=479 PartOfSpeech=SCONJ Lemma=como NamedEntityTag=O]
[Text=presuntos CharacterOffsetBegin=480 CharacterOffsetEnd=489 PartOfSpeech=ADJ Lemma=presuntos NamedEntityTag=O]
[Text=responsables CharacterOffsetBegin=490 CharacterOffsetEnd=502 PartOfSpeech=NOUN Lemma=responsables NamedEntityTag=O]
[Text=de CharacterOffsetBegin=503 CharacterOffsetEnd=505 PartOfSpeech=ADP Lemma=de NamedEntityTag=O]
[Text=- CharacterOffsetBegin=505 CharacterOffsetEnd=506 PartOfSpeech=PUNCT Lemma=- NamedEntityTag=O]
[Text=los CharacterOffsetBegin=507 CharacterOffsetEnd=510 PartOfSpeech=DET Lemma=los NamedEntityTag=O]
[Text=delitos CharacterOffsetBegin=511 CharacterOffsetEnd=518 PartOfSpeech=NOUN Lemma=delitos NamedEntityTag=CRIMINAL_CHARGE]
[Text=de CharacterOffsetBegin=519 CharacterOffsetEnd=521 PartOfSpeech=ADP Lemma=de NamedEntityTag=O]
[Text=secuestro CharacterOffsetBegin=522 CharacterOffsetEnd=531 PartOfSpeech=NOUN Lemma=secuestro NamedEntityTag=CRIMINAL_CHARGE]
[Text=en CharacterOffsetBegin=532 CharacterOffsetEnd=534 PartOfSpeech=ADP Lemma=en NamedEntityTag=O]
[Text=agravio CharacterOffsetBegin=535 CharacterOffsetEnd=542 PartOfSpeech=NOUN Lemma=agravio NamedEntityTag=O]
[Text=de CharacterOffsetBegin=543 CharacterOffsetEnd=545 PartOfSpeech=ADP Lemma=de NamedEntityTag=O]
[Text=VICENTE CharacterOffsetBegin=546 CharacterOffsetEnd=553 PartOfSpeech=PROPN Lemma=vicente NamedEntityTag=O]
[Text=- CharacterOffsetBegin=554 CharacterOffsetEnd=555 PartOfSpeech=PUNCT Lemma=- NamedEntityTag=O]
[Text=PIÑA CharacterOffsetBegin=556 CharacterOffsetEnd=560 PartOfSpeech=PROPN Lemma=piña NamedEntityTag=O]
[Text=ESPINOSA CharacterOffsetBegin=561 CharacterOffsetEnd=569 PartOfSpeech=PROPN Lemma=espinosa NamedEntityTag=O]
[Text=, CharacterOffsetBegin=569 CharacterOffsetEnd=570 PartOfSpeech=PUNCT Lemma=, NamedEntityTag=O]
[Text=y CharacterOffsetBegin=571 CharacterOffsetEnd=572 PartOfSpeech=CCONJ Lemma=y NamedEntityTag=O]
[Text=robo CharacterOffsetBegin=573 CharacterOffsetEnd=577 PartOfSpeech=NOUN Lemma=robo NamedEntityTag=O]
[Text=en CharacterOffsetBegin=578 CharacterOffsetEnd=580 PartOfSpeech=ADP Lemma=en NamedEntityTag=O]
[Text=perjuicio CharacterOffsetBegin=581 CharacterOffsetEnd=590 PartOfSpeech=NOUN Lemma=perjuicio NamedEntityTag=O]
[Text=de CharacterOffsetBegin=591 CharacterOffsetEnd=593 PartOfSpeech=ADP Lemma=de NamedEntityTag=O]
[Text=la CharacterOffsetBegin=594 CharacterOffsetEnd=596 PartOfSpeech=DET Lemma=la NamedEntityTag=O]
[Text=sucur CharacterOffsetBegin=597 CharacterOffsetEnd=602 PartOfSpeech=NOUN Lemma=sucur NamedEntityTag=O]
[Text== CharacterOffsetBegin=602 CharacterOffsetEnd=603 PartOfSpeech=PROPN Lemma== NamedEntityTag=O]
[Text=- CharacterOffsetBegin=603 CharacterOffsetEnd=604 PartOfSpeech=PUNCT Lemma=- NamedEntityTag=O]
[Text=sal CharacterOffsetBegin=605 CharacterOffsetEnd=608 PartOfSpeech=NOUN Lemma=sal NamedEntityTag=O]
[Text=del CharacterOffsetBegin=609 CharacterOffsetEnd=612 PartOfSpeech=ADP Lemma=del NamedEntityTag=O]
[Text=Banco CharacterOffsetBegin=613 CharacterOffsetEnd=618 PartOfSpeech=PROPN Lemma=banco NamedEntityTag=ORGANIZATION]
[Text=de CharacterOffsetBegin=619 CharacterOffsetEnd=621 PartOfSpeech=ADP Lemma=de NamedEntityTag=ORGANIZATION]
[Text=Comercio CharacterOffsetBegin=622 CharacterOffsetEnd=630 PartOfSpeech=PROPN Lemma=comercio NamedEntityTag=ORGANIZATION]
[Text=de CharacterOffsetBegin=631 CharacterOffsetEnd=633 PartOfSpeech=ADP Lemma=de NamedEntityTag=ORGANIZATION]
[Text=Altotonga CharacterOffsetBegin=634 CharacterOffsetEnd=643 PartOfSpeech=PROPN Lemma=altotonga NamedEntityTag=ORGANIZATION]
[Text=, CharacterOffsetBegin=643 CharacterOffsetEnd=644 PartOfSpeech=PUNCT Lemma=, NamedEntityTag=O]
[Text=inicia CharacterOffsetBegin=645 CharacterOffsetEnd=651 PartOfSpeech=VERB Lemma=inicia NamedEntityTag=O]
[Text=-- CharacterOffsetBegin=651 CharacterOffsetEnd=653 PartOfSpeech=NUM Lemma=-- NamedEntityTag=O]

Dependency Parse (enhanced plus plus dependencies):
root(ROOT-0, inicia-41)
aux(inicia-41, Instan-1)
punct(cia-3, --2)
obl(inicia-41, cia-3)
case(Misantla-5, de-4)
nmod(cia-3, Misantla-5)
punct(responsables-9, ,-6)
mark(responsables-9, como-7)
amod(responsables-9, presuntos-8)
obl(inicia-41, responsables-9)
case(delitos-13, de-10)
punct(delitos-13, --11)
det(delitos-13, los-12)
nmod(responsables-9, delitos-13)
case(secuestro-15, de-14)
nmod(delitos-13, secuestro-15)
case(agravio-17, en-16)
nmod(delitos-13, agravio-17)
case(VICENTE-19, de-18)
nmod(agravio-17, VICENTE-19)
punct(PIÑA-21, --20)
appos(delitos-13, PIÑA-21)
flat(PIÑA-21, ESPINOSA-22)
punct(PIÑA-21, ,-23)
cc(robo-25, y-24)
nmod(responsables-9, robo-25)
conj:y(delitos-13, robo-25)
case(sucur-30, en-26)
fixed(en-26, perjuicio-27)
fixed(en-26, de-28)
det(sucur-30, la-29)
nmod(robo-25, sucur-30)
nmod(robo-25, sucur-30)
appos(sucur-30, =-31)
punct(sal-33, --32)
appos(delitos-13, sal-33)
case(Banco-35, del-34)
nmod(sal-33, Banco-35)
case(Comercio-37, de-36)
flat(Banco-35, Comercio-37)
case(Altotonga-39, de-38)
flat(Banco-35, Altotonga-39)
punct(sal-33, ,-40)
nsubj(inicia-41, ---42)

Extracted the following NER entity mentions:
Misantla	CITY	LOCATION:0.9734670708658673
delitos	CRIMINAL_CHARGE	-
secuestro	CRIMINAL_CHARGE	-
Banco de Comercio de Altotonga	ORGANIZATION	ORGANIZATION:0.9621747606413676
