Document: ID=file_470.txt (6 sentences, 164 tokens)

Sentence #1 (4 tokens):
ZAMORA GALINDO CAmerino.

Tokens:
[Text=ZAMORA CharacterOffsetBegin=0 CharacterOffsetEnd=6 PartOfSpeech=PROPN Lemma=zamora NamedEntityTag=PERSON]
[Text=GALINDO CharacterOffsetBegin=7 CharacterOffsetEnd=14 PartOfSpeech=PROPN Lemma=galindo NamedEntityTag=PERSON]
[Text=CAmerino CharacterOffsetBegin=15 CharacterOffsetEnd=23 PartOfSpeech=PROPN Lemma=camerino NamedEntityTag=PERSON]
[Text=. CharacterOffsetBegin=23 CharacterOffsetEnd=24 PartOfSpeech=PUNCT Lemma=. NamedEntityTag=O]

Dependency Parse (enhanced plus plus dependencies):
root(ROOT-0, ZAMORA-1)
flat(ZAMORA-1, GALINDO-2)
flat(ZAMORA-1, CAmerino-3)
punct(ZAMORA-1, .-4)

Extracted the following NER entity mentions:
ZAMORA GALINDO CAmerino	PERSON	PERSON:0.897109986571434

Sentence #2 (2 tokens):
Exp.

Tokens:
[Text=Exp CharacterOffsetBegin=25 CharacterOffsetEnd=28 PartOfSpeech=PROPN Lemma=exp NamedEntityTag=O]
[Text=. CharacterOffsetBegin=28 CharacterOffsetEnd=29 PartOfSpeech=PUNCT Lemma=. NamedEntityTag=O]

Dependency Parse (enhanced plus plus dependencies):
root(ROOT-0, Exp-1)
punct(Exp-1, .-2)

Extracted the following NER entity mentions:

Sentence #3 (2 tokens):
11-235-75.

Tokens:
[Text=11-235-75 CharacterOffsetBegin=30 CharacterOffsetEnd=39 PartOfSpeech=NOUN Lemma=11-235-75 NamedEntityTag=O]
[Text=. CharacterOffsetBegin=39 CharacterOffsetEnd=40 PartOfSpeech=PUNCT Lemma=. NamedEntityTag=O]

Dependency Parse (enhanced plus plus dependencies):
root(ROOT-0, 11-235-75-1)
punct(11-235-75-1, .-2)

Extracted the following NER entity mentions:

Sentence #4 (4 tokens):
-11- H-54.

Tokens:
[Text=-11 CharacterOffsetBegin=41 CharacterOffsetEnd=44 PartOfSpeech=NUM Lemma=-11 NamedEntityTag=O]
[Text=- CharacterOffsetBegin=44 CharacterOffsetEnd=45 PartOfSpeech=PUNCT Lemma=- NamedEntityTag=O]
[Text=H-54 CharacterOffsetBegin=46 CharacterOffsetEnd=50 PartOfSpeech=NUM Lemma=h-54 NamedEntityTag=O]
[Text=. CharacterOffsetBegin=50 CharacterOffsetEnd=51 PartOfSpeech=PUNCT Lemma=. NamedEntityTag=O]

Dependency Parse (enhanced plus plus dependencies):
root(ROOT-0, -11-1)
punct(-11-1, --2)
appos(-11-1, H-54-3)
punct(-11-1, .-4)

Extracted the following NER entity mentions:

Sentence #5 (2 tokens):
L-30.

Tokens:
[Text=L-30 CharacterOffsetBegin=52 CharacterOffsetEnd=56 PartOfSpeech=NUM Lemma=l-30 NamedEntityTag=O]
[Text=. CharacterOffsetBegin=56 CharacterOffsetEnd=57 PartOfSpeech=PUNCT Lemma=. NamedEntityTag=O]

Dependency Parse (enhanced plus plus dependencies):
root(ROOT-0, L-30-1)
punct(L-30-1, .-2)

Extracted the following NER entity mentions:

Sentence #6 (150 tokens):
deshabitada, en la que tenían un mimeógrafo manual y-
una máquina de escribir que usaban para picar los ---
sténciles e imprimir volantes con propaganda que diri
gían a los campesinos y obreros invitándolos a organi
zarse para luchar contra la burguesía explotadora y en
un futuro cambiar las estructuras gubernamentales e -
imponer por medio de las armas un estado socialista -
en nuestro país, cuya propaganda la distribuían ini--
cialmente ellos dos, pero a fines de marzo de 1973, -
se les sumaron otros dos compañeros a los que llaman-
"JUAN" o "EL CLASICO" y "LUIS" o "EL PASTEL", con los
que continuaron dedicados a la impresión y reparto de
propaganda, para entonces firmada por la Brigada Emi-
liano Zapata, dependiente de la L.C.23 de Septiembre-

Tokens:
[Text=deshabitada CharacterOffsetBegin=58 CharacterOffsetEnd=69 PartOfSpeech=ADJ Lemma=deshabitada NamedEntityTag=O]
[Text=, CharacterOffsetBegin=69 CharacterOffsetEnd=70 PartOfSpeech=PUNCT Lemma=, NamedEntityTag=O]
[Text=en CharacterOffsetBegin=71 CharacterOffsetEnd=73 PartOfSpeech=ADP Lemma=en NamedEntityTag=O]
[Text=la CharacterOffsetBegin=74 CharacterOffsetEnd=76 PartOfSpeech=DET Lemma=la NamedEntityTag=O]
[Text=que CharacterOffsetBegin=77 CharacterOffsetEnd=80 PartOfSpeech=PRON Lemma=que NamedEntityTag=O]
[Text=tenían CharacterOffsetBegin=81 CharacterOffsetEnd=87 PartOfSpeech=VERB Lemma=tenían NamedEntityTag=O]
[Text=un CharacterOffsetBegin=88 CharacterOffsetEnd=90 PartOfSpeech=DET Lemma=un NamedEntityTag=O]
[Text=mimeógrafo CharacterOffsetBegin=91 CharacterOffsetEnd=101 PartOfSpeech=NOUN Lemma=mimeógrafo NamedEntityTag=O]
[Text=manual CharacterOffsetBegin=102 CharacterOffsetEnd=108 PartOfSpeech=ADJ Lemma=manual NamedEntityTag=O]
[Text=y CharacterOffsetBegin=109 CharacterOffsetEnd=110 PartOfSpeech=CCONJ Lemma=y NamedEntityTag=O]
[Text=- CharacterOffsetBegin=110 CharacterOffsetEnd=111 PartOfSpeech=PUNCT Lemma=- NamedEntityTag=O]
[Text=una CharacterOffsetBegin=112 CharacterOffsetEnd=115 PartOfSpeech=DET Lemma=una NamedEntityTag=O]
[Text=máquina CharacterOffsetBegin=116 CharacterOffsetEnd=123 PartOfSpeech=NOUN Lemma=máquina NamedEntityTag=O]
[Text=de CharacterOffsetBegin=124 CharacterOffsetEnd=126 PartOfSpeech=ADP Lemma=de NamedEntityTag=O]
[Text=escribir CharacterOffsetBegin=127 CharacterOffsetEnd=135 PartOfSpeech=VERB Lemma=escribir NamedEntityTag=O]
[Text=que CharacterOffsetBegin=136 CharacterOffsetEnd=139 PartOfSpeech=SCONJ Lemma=que NamedEntityTag=O]
[Text=usaban CharacterOffsetBegin=140 CharacterOffsetEnd=146 PartOfSpeech=VERB Lemma=usaban NamedEntityTag=O]
[Text=para CharacterOffsetBegin=147 CharacterOffsetEnd=151 PartOfSpeech=ADP Lemma=para NamedEntityTag=O]
[Text=picar CharacterOffsetBegin=152 CharacterOffsetEnd=157 PartOfSpeech=VERB Lemma=picar NamedEntityTag=O]
[Text=los CharacterOffsetBegin=158 CharacterOffsetEnd=161 PartOfSpeech=DET Lemma=los NamedEntityTag=O]
[Text=--- CharacterOffsetBegin=162 CharacterOffsetEnd=165 PartOfSpeech=NUM Lemma=--- NamedEntityTag=O]
[Text=sténciles CharacterOffsetBegin=166 CharacterOffsetEnd=175 PartOfSpeech=NOUN Lemma=sténciles NamedEntityTag=O]
[Text=e CharacterOffsetBegin=176 CharacterOffsetEnd=177 PartOfSpeech=CCONJ Lemma=e NamedEntityTag=O]
[Text=imprimir CharacterOffsetBegin=178 CharacterOffsetEnd=186 PartOfSpeech=VERB Lemma=imprimir NamedEntityTag=O]
[Text=volantes CharacterOffsetBegin=187 CharacterOffsetEnd=195 PartOfSpeech=NOUN Lemma=volantes NamedEntityTag=O]
[Text=con CharacterOffsetBegin=196 CharacterOffsetEnd=199 PartOfSpeech=ADP Lemma=con NamedEntityTag=O]
[Text=propaganda CharacterOffsetBegin=200 CharacterOffsetEnd=210 PartOfSpeech=NOUN Lemma=propaganda NamedEntityTag=O]
[Text=que CharacterOffsetBegin=211 CharacterOffsetEnd=214 PartOfSpeech=PRON Lemma=que NamedEntityTag=O]
[Text=diri CharacterOffsetBegin=215 CharacterOffsetEnd=219 PartOfSpeech=VERB Lemma=diri NamedEntityTag=O]
[Text=gían CharacterOffsetBegin=220 CharacterOffsetEnd=224 PartOfSpeech=VERB Lemma=gían NamedEntityTag=O]
[Text=a CharacterOffsetBegin=225 CharacterOffsetEnd=226 PartOfSpeech=ADP Lemma=a NamedEntityTag=O]
[Text=los CharacterOffsetBegin=227 CharacterOffsetEnd=230 PartOfSpeech=DET Lemma=los NamedEntityTag=O]
[Text=campesinos CharacterOffsetBegin=231 CharacterOffsetEnd=241 PartOfSpeech=NOUN Lemma=campesinos NamedEntityTag=O]
[Text=y CharacterOffsetBegin=242 CharacterOffsetEnd=243 PartOfSpeech=CCONJ Lemma=y NamedEntityTag=O]
[Text=obreros CharacterOffsetBegin=244 CharacterOffsetEnd=251 PartOfSpeech=NOUN Lemma=obreros NamedEntityTag=O]
[Text=invitando CharacterOffsetBegin=252 CharacterOffsetEnd=264 PartOfSpeech=VERB Lemma=invitando NamedEntityTag=O]
[Text=los CharacterOffsetBegin=252 CharacterOffsetEnd=264 PartOfSpeech=PRON Lemma=los NamedEntityTag=O]
[Text=a CharacterOffsetBegin=265 CharacterOffsetEnd=266 PartOfSpeech=ADP Lemma=a NamedEntityTag=O]
[Text=organi CharacterOffsetBegin=267 CharacterOffsetEnd=273 PartOfSpeech=NOUN Lemma=organi NamedEntityTag=O]
[Text=zarse CharacterOffsetBegin=274 CharacterOffsetEnd=279 PartOfSpeech=ADJ Lemma=zarse NamedEntityTag=O]
[Text=para CharacterOffsetBegin=280 CharacterOffsetEnd=284 PartOfSpeech=ADP Lemma=para NamedEntityTag=O]
[Text=luchar CharacterOffsetBegin=285 CharacterOffsetEnd=291 PartOfSpeech=VERB Lemma=luchar NamedEntityTag=O]
[Text=contra CharacterOffsetBegin=292 CharacterOffsetEnd=298 PartOfSpeech=ADP Lemma=contra NamedEntityTag=O]
[Text=la CharacterOffsetBegin=299 CharacterOffsetEnd=301 PartOfSpeech=DET Lemma=la NamedEntityTag=O]
[Text=burguesía CharacterOffsetBegin=302 CharacterOffsetEnd=311 PartOfSpeech=NOUN Lemma=burguesía NamedEntityTag=O]
[Text=explotadora CharacterOffsetBegin=312 CharacterOffsetEnd=323 PartOfSpeech=ADJ Lemma=explotadora NamedEntityTag=O]
[Text=y CharacterOffsetBegin=324 CharacterOffsetEnd=325 PartOfSpeech=CCONJ Lemma=y NamedEntityTag=O]
[Text=en CharacterOffsetBegin=326 CharacterOffsetEnd=328 PartOfSpeech=ADP Lemma=en NamedEntityTag=O]
[Text=un CharacterOffsetBegin=329 CharacterOffsetEnd=331 PartOfSpeech=DET Lemma=un NamedEntityTag=O]
[Text=futuro CharacterOffsetBegin=332 CharacterOffsetEnd=338 PartOfSpeech=NOUN Lemma=futuro NamedEntityTag=O]
[Text=cambiar CharacterOffsetBegin=339 CharacterOffsetEnd=346 PartOfSpeech=VERB Lemma=cambiar NamedEntityTag=O]
[Text=las CharacterOffsetBegin=347 CharacterOffsetEnd=350 PartOfSpeech=DET Lemma=las NamedEntityTag=O]
[Text=estructuras CharacterOffsetBegin=351 CharacterOffsetEnd=362 PartOfSpeech=NOUN Lemma=estructuras NamedEntityTag=O]
[Text=gubernamentales CharacterOffsetBegin=363 CharacterOffsetEnd=378 PartOfSpeech=ADJ Lemma=gubernamentales NamedEntityTag=O]
[Text=e CharacterOffsetBegin=379 CharacterOffsetEnd=380 PartOfSpeech=CCONJ Lemma=e NamedEntityTag=O]
[Text=- CharacterOffsetBegin=381 CharacterOffsetEnd=382 PartOfSpeech=PUNCT Lemma=- NamedEntityTag=O]
[Text=imponer CharacterOffsetBegin=383 CharacterOffsetEnd=390 PartOfSpeech=VERB Lemma=imponer NamedEntityTag=O]
[Text=por CharacterOffsetBegin=391 CharacterOffsetEnd=394 PartOfSpeech=ADP Lemma=por NamedEntityTag=O]
[Text=medio CharacterOffsetBegin=395 CharacterOffsetEnd=400 PartOfSpeech=NOUN Lemma=medio NamedEntityTag=O]
[Text=de CharacterOffsetBegin=401 CharacterOffsetEnd=403 PartOfSpeech=ADP Lemma=de NamedEntityTag=O]
[Text=las CharacterOffsetBegin=404 CharacterOffsetEnd=407 PartOfSpeech=DET Lemma=las NamedEntityTag=O]
[Text=armas CharacterOffsetBegin=408 CharacterOffsetEnd=413 PartOfSpeech=NOUN Lemma=armas NamedEntityTag=O]
[Text=un CharacterOffsetBegin=414 CharacterOffsetEnd=416 PartOfSpeech=DET Lemma=un NamedEntityTag=O]
[Text=estado CharacterOffsetBegin=417 CharacterOffsetEnd=423 PartOfSpeech=NOUN Lemma=estado NamedEntityTag=O]
[Text=socialista CharacterOffsetBegin=424 CharacterOffsetEnd=434 PartOfSpeech=ADJ Lemma=socialista NamedEntityTag=IDEOLOGY]
[Text=- CharacterOffsetBegin=435 CharacterOffsetEnd=436 PartOfSpeech=PUNCT Lemma=- NamedEntityTag=O]
[Text=en CharacterOffsetBegin=437 CharacterOffsetEnd=439 PartOfSpeech=ADP Lemma=en NamedEntityTag=O]
[Text=nuestro CharacterOffsetBegin=440 CharacterOffsetEnd=447 PartOfSpeech=DET Lemma=nuestro NamedEntityTag=O]
[Text=país CharacterOffsetBegin=448 CharacterOffsetEnd=452 PartOfSpeech=NOUN Lemma=país NamedEntityTag=O]
[Text=, CharacterOffsetBegin=452 CharacterOffsetEnd=453 PartOfSpeech=PUNCT Lemma=, NamedEntityTag=O]
[Text=cuya CharacterOffsetBegin=454 CharacterOffsetEnd=458 PartOfSpeech=PRON Lemma=cuya NamedEntityTag=O]
[Text=propaganda CharacterOffsetBegin=459 CharacterOffsetEnd=469 PartOfSpeech=NOUN Lemma=propaganda NamedEntityTag=O]
[Text=la CharacterOffsetBegin=470 CharacterOffsetEnd=472 PartOfSpeech=DET Lemma=la NamedEntityTag=O]
[Text=distribuían CharacterOffsetBegin=473 CharacterOffsetEnd=484 PartOfSpeech=PROPN Lemma=distribuían NamedEntityTag=O]
[Text=ini CharacterOffsetBegin=485 CharacterOffsetEnd=488 PartOfSpeech=PROPN Lemma=ini NamedEntityTag=O]
[Text=-- CharacterOffsetBegin=488 CharacterOffsetEnd=490 PartOfSpeech=PROPN Lemma=-- NamedEntityTag=O]
[Text=cialmente CharacterOffsetBegin=491 CharacterOffsetEnd=500 PartOfSpeech=ADV Lemma=cialmente NamedEntityTag=O]
[Text=ellos CharacterOffsetBegin=501 CharacterOffsetEnd=506 PartOfSpeech=PRON Lemma=ellos NamedEntityTag=O]
[Text=dos CharacterOffsetBegin=507 CharacterOffsetEnd=510 PartOfSpeech=NUM Lemma=dos NamedEntityTag=NUMBER]
[Text=, CharacterOffsetBegin=510 CharacterOffsetEnd=511 PartOfSpeech=PUNCT Lemma=, NamedEntityTag=O]
[Text=pero CharacterOffsetBegin=512 CharacterOffsetEnd=516 PartOfSpeech=CCONJ Lemma=pero NamedEntityTag=O]
[Text=a CharacterOffsetBegin=517 CharacterOffsetEnd=518 PartOfSpeech=ADP Lemma=a NamedEntityTag=O]
[Text=fines CharacterOffsetBegin=519 CharacterOffsetEnd=524 PartOfSpeech=NOUN Lemma=fines NamedEntityTag=O]
[Text=de CharacterOffsetBegin=525 CharacterOffsetEnd=527 PartOfSpeech=ADP Lemma=de NamedEntityTag=O]
[Text=marzo CharacterOffsetBegin=528 CharacterOffsetEnd=533 PartOfSpeech=NOUN Lemma=marzo NamedEntityTag=DATE NormalizedNamedEntityTag=XXXX-03 Timex=<TIMEX3 tid="t1" type="DATE" value="XXXX-03">marzo</TIMEX3>]
[Text=de CharacterOffsetBegin=534 CharacterOffsetEnd=536 PartOfSpeech=ADP Lemma=de NamedEntityTag=O]
[Text=1973 CharacterOffsetBegin=537 CharacterOffsetEnd=541 PartOfSpeech=NOUN Lemma=1973 NamedEntityTag=NUMBER NormalizedNamedEntityTag=1973.0]
[Text=, CharacterOffsetBegin=541 CharacterOffsetEnd=542 PartOfSpeech=PUNCT Lemma=, NamedEntityTag=O]
[Text=- CharacterOffsetBegin=543 CharacterOffsetEnd=544 PartOfSpeech=PUNCT Lemma=- NamedEntityTag=O]
[Text=se CharacterOffsetBegin=545 CharacterOffsetEnd=547 PartOfSpeech=PRON Lemma=se NamedEntityTag=O]
[Text=les CharacterOffsetBegin=548 CharacterOffsetEnd=551 PartOfSpeech=PRON Lemma=les NamedEntityTag=O]
[Text=sumaron CharacterOffsetBegin=552 CharacterOffsetEnd=559 PartOfSpeech=VERB Lemma=sumaron NamedEntityTag=O]
[Text=otros CharacterOffsetBegin=560 CharacterOffsetEnd=565 PartOfSpeech=DET Lemma=otros NamedEntityTag=O]
[Text=dos CharacterOffsetBegin=566 CharacterOffsetEnd=569 PartOfSpeech=NUM Lemma=dos NamedEntityTag=NUMBER]
[Text=compañeros CharacterOffsetBegin=570 CharacterOffsetEnd=580 PartOfSpeech=NOUN Lemma=compañeros NamedEntityTag=O]
[Text=a CharacterOffsetBegin=581 CharacterOffsetEnd=582 PartOfSpeech=ADP Lemma=a NamedEntityTag=O]
[Text=los CharacterOffsetBegin=583 CharacterOffsetEnd=586 PartOfSpeech=DET Lemma=los NamedEntityTag=O]
[Text=que CharacterOffsetBegin=587 CharacterOffsetEnd=590 PartOfSpeech=PRON Lemma=que NamedEntityTag=O]
[Text=llaman CharacterOffsetBegin=591 CharacterOffsetEnd=597 PartOfSpeech=VERB Lemma=llaman NamedEntityTag=O]
[Text=- CharacterOffsetBegin=597 CharacterOffsetEnd=598 PartOfSpeech=PUNCT Lemma=- NamedEntityTag=O]
[Text=" CharacterOffsetBegin=599 CharacterOffsetEnd=600 PartOfSpeech=PUNCT Lemma=" NamedEntityTag=O]
[Text=JUAN CharacterOffsetBegin=600 CharacterOffsetEnd=604 PartOfSpeech=PROPN Lemma=juan NamedEntityTag=O]
[Text=" CharacterOffsetBegin=604 CharacterOffsetEnd=605 PartOfSpeech=PUNCT Lemma=" NamedEntityTag=O]
[Text=o CharacterOffsetBegin=606 CharacterOffsetEnd=607 PartOfSpeech=CCONJ Lemma=o NamedEntityTag=O]
[Text=" CharacterOffsetBegin=608 CharacterOffsetEnd=609 PartOfSpeech=PUNCT Lemma=" NamedEntityTag=O]
[Text=EL CharacterOffsetBegin=609 CharacterOffsetEnd=611 PartOfSpeech=DET Lemma=el NamedEntityTag=MISC]
[Text=CLASICO CharacterOffsetBegin=612 CharacterOffsetEnd=619 PartOfSpeech=PROPN Lemma=clasico NamedEntityTag=MISC]
[Text=" CharacterOffsetBegin=619 CharacterOffsetEnd=620 PartOfSpeech=PUNCT Lemma=" NamedEntityTag=O]
[Text=y CharacterOffsetBegin=621 CharacterOffsetEnd=622 PartOfSpeech=CCONJ Lemma=y NamedEntityTag=O]
[Text=" CharacterOffsetBegin=623 CharacterOffsetEnd=624 PartOfSpeech=PUNCT Lemma=" NamedEntityTag=O]
[Text=LUIS CharacterOffsetBegin=624 CharacterOffsetEnd=628 PartOfSpeech=PROPN Lemma=luis NamedEntityTag=O]
[Text=" CharacterOffsetBegin=628 CharacterOffsetEnd=629 PartOfSpeech=PUNCT Lemma=" NamedEntityTag=O]
[Text=o CharacterOffsetBegin=630 CharacterOffsetEnd=631 PartOfSpeech=CCONJ Lemma=o NamedEntityTag=O]
[Text=" CharacterOffsetBegin=632 CharacterOffsetEnd=633 PartOfSpeech=PUNCT Lemma=" NamedEntityTag=O]
[Text=EL CharacterOffsetBegin=633 CharacterOffsetEnd=635 PartOfSpeech=DET Lemma=el NamedEntityTag=O]
[Text=PASTEL CharacterOffsetBegin=636 CharacterOffsetEnd=642 PartOfSpeech=PROPN Lemma=pastel NamedEntityTag=O]
[Text=" CharacterOffsetBegin=642 CharacterOffsetEnd=643 PartOfSpeech=PUNCT Lemma=" NamedEntityTag=O]
[Text=, CharacterOffsetBegin=643 CharacterOffsetEnd=644 PartOfSpeech=PUNCT Lemma=, NamedEntityTag=O]
[Text=con CharacterOffsetBegin=645 CharacterOffsetEnd=648 PartOfSpeech=ADP Lemma=con NamedEntityTag=O]
[Text=los CharacterOffsetBegin=649 CharacterOffsetEnd=652 PartOfSpeech=DET Lemma=los NamedEntityTag=O]
[Text=que CharacterOffsetBegin=653 CharacterOffsetEnd=656 PartOfSpeech=PRON Lemma=que NamedEntityTag=O]
[Text=continuaron CharacterOffsetBegin=657 CharacterOffsetEnd=668 PartOfSpeech=VERB Lemma=continuaron NamedEntityTag=O]
[Text=dedicados CharacterOffsetBegin=669 CharacterOffsetEnd=678 PartOfSpeech=ADJ Lemma=dedicados NamedEntityTag=O]
[Text=a CharacterOffsetBegin=679 CharacterOffsetEnd=680 PartOfSpeech=ADP Lemma=a NamedEntityTag=O]
[Text=la CharacterOffsetBegin=681 CharacterOffsetEnd=683 PartOfSpeech=DET Lemma=la NamedEntityTag=O]
[Text=impresión CharacterOffsetBegin=684 CharacterOffsetEnd=693 PartOfSpeech=NOUN Lemma=impresión NamedEntityTag=O]
[Text=y CharacterOffsetBegin=694 CharacterOffsetEnd=695 PartOfSpeech=CCONJ Lemma=y NamedEntityTag=O]
[Text=reparto CharacterOffsetBegin=696 CharacterOffsetEnd=703 PartOfSpeech=NOUN Lemma=reparto NamedEntityTag=O]
[Text=de CharacterOffsetBegin=704 CharacterOffsetEnd=706 PartOfSpeech=ADP Lemma=de NamedEntityTag=O]
[Text=propaganda CharacterOffsetBegin=707 CharacterOffsetEnd=717 PartOfSpeech=NOUN Lemma=propaganda NamedEntityTag=O]
[Text=, CharacterOffsetBegin=717 CharacterOffsetEnd=718 PartOfSpeech=PUNCT Lemma=, NamedEntityTag=O]
[Text=para CharacterOffsetBegin=719 CharacterOffsetEnd=723 PartOfSpeech=ADP Lemma=para NamedEntityTag=O]
[Text=entonces CharacterOffsetBegin=724 CharacterOffsetEnd=732 PartOfSpeech=ADV Lemma=entonces NamedEntityTag=O]
[Text=firmada CharacterOffsetBegin=733 CharacterOffsetEnd=740 PartOfSpeech=ADJ Lemma=firmada NamedEntityTag=O]
[Text=por CharacterOffsetBegin=741 CharacterOffsetEnd=744 PartOfSpeech=ADP Lemma=por NamedEntityTag=O]
[Text=la CharacterOffsetBegin=745 CharacterOffsetEnd=747 PartOfSpeech=DET Lemma=la NamedEntityTag=O]
[Text=Brigada CharacterOffsetBegin=748 CharacterOffsetEnd=755 PartOfSpeech=PROPN Lemma=brigada NamedEntityTag=MISC]
[Text=Emi CharacterOffsetBegin=756 CharacterOffsetEnd=759 PartOfSpeech=PROPN Lemma=emi NamedEntityTag=MISC]
[Text=- CharacterOffsetBegin=759 CharacterOffsetEnd=760 PartOfSpeech=PUNCT Lemma=- NamedEntityTag=MISC]
[Text=liano CharacterOffsetBegin=761 CharacterOffsetEnd=766 PartOfSpeech=ADJ Lemma=liano NamedEntityTag=O]
[Text=Zapata CharacterOffsetBegin=767 CharacterOffsetEnd=773 PartOfSpeech=PROPN Lemma=zapata NamedEntityTag=PERSON]
[Text=, CharacterOffsetBegin=773 CharacterOffsetEnd=774 PartOfSpeech=PUNCT Lemma=, NamedEntityTag=O]
[Text=dependiente CharacterOffsetBegin=775 CharacterOffsetEnd=786 PartOfSpeech=ADJ Lemma=dependiente NamedEntityTag=O]
[Text=de CharacterOffsetBegin=787 CharacterOffsetEnd=789 PartOfSpeech=ADP Lemma=de NamedEntityTag=O]
[Text=la CharacterOffsetBegin=790 CharacterOffsetEnd=792 PartOfSpeech=DET Lemma=la NamedEntityTag=O]
[Text=L.C. CharacterOffsetBegin=793 CharacterOffsetEnd=797 PartOfSpeech=PROPN Lemma=l.c. NamedEntityTag=O]
[Text=23 CharacterOffsetBegin=797 CharacterOffsetEnd=799 PartOfSpeech=NUM Lemma=23 NamedEntityTag=DATE NormalizedNamedEntityTag=XXXX-XX-23 Timex=<TIMEX3 tid="t2" type="DATE" value="XXXX-XX-23">23 de Septiembre</TIMEX3>]
[Text=de CharacterOffsetBegin=800 CharacterOffsetEnd=802 PartOfSpeech=ADP Lemma=de NamedEntityTag=DATE NormalizedNamedEntityTag=XXXX-XX-23 Timex=<TIMEX3 tid="t2" type="DATE" value="XXXX-XX-23">23 de Septiembre</TIMEX3>]
[Text=Septiembre CharacterOffsetBegin=803 CharacterOffsetEnd=813 PartOfSpeech=NOUN Lemma=septiembre NamedEntityTag=DATE NormalizedNamedEntityTag=XXXX-XX-23 Timex=<TIMEX3 tid="t2" type="DATE" value="XXXX-XX-23">23 de Septiembre</TIMEX3>]
[Text=- CharacterOffsetBegin=813 CharacterOffsetEnd=814 PartOfSpeech=PUNCT Lemma=- NamedEntityTag=O]

Dependency Parse (enhanced plus plus dependencies):
root(ROOT-0, deshabitada-1)
advcl(tenían-6, invitando-36)
obj(invitando-36, los-37)
punct(tenían-6, ,-2)
case(que-5, en-3)
det(que-5, la-4)
obl(tenían-6, que-5)
advcl(deshabitada-1, tenían-6)
det(mimeógrafo-8, un-7)
obj(tenían-6, mimeógrafo-8)
amod(mimeógrafo-8, manual-9)
cc(máquina-13, y-10)
punct(máquina-13, --11)
det(máquina-13, una-12)
obj(tenían-6, máquina-13)
conj:y(mimeógrafo-8, máquina-13)
mark(escribir-15, de-14)
acl(máquina-13, escribir-15)
mark(usaban-17, que-16)
ccomp(escribir-15, usaban-17)
mark(picar-19, para-18)
advcl(usaban-17, picar-19)
det(----21, los-20)
nummod(sténciles-22, ----21)
obj(picar-19, sténciles-22)
cc(imprimir-24, e-23)
advcl(usaban-17, imprimir-24)
conj:e(picar-19, imprimir-24)
obj(imprimir-24, volantes-25)
case(propaganda-27, con-26)
nmod(volantes-25, propaganda-27)
nsubj(diri-29, que-28)
acl(volantes-25, diri-29)
advcl(diri-29, gían-30)
case(campesinos-33, a-31)
det(campesinos-33, los-32)
obj(gían-30, campesinos-33)
cc(obreros-35, y-34)
obj(gían-30, obreros-35)
conj:y(campesinos-33, obreros-35)
case(organi-39, a-38)
obl(invitando-36, organi-39)
amod(organi-39, zarse-40)
mark(luchar-42, para-41)
advcl(invitando-36, luchar-42)
case(burguesía-45, contra-43)
det(burguesía-45, la-44)
obj(luchar-42, burguesía-45)
amod(burguesía-45, explotadora-46)
cc(futuro-50, y-47)
case(futuro-50, en-48)
det(futuro-50, un-49)
obj(luchar-42, futuro-50)
conj:y(burguesía-45, futuro-50)
advcl(luchar-42, cambiar-51)
det(estructuras-53, las-52)
obj(cambiar-51, estructuras-53)
amod(estructuras-53, gubernamentales-54)
cc(imponer-57, e-55)
punct(imponer-57, --56)
advcl(luchar-42, imponer-57)
conj:e(cambiar-51, imponer-57)
case(armas-62, por-58)
fixed(por-58, medio-59)
fixed(por-58, de-60)
det(armas-62, las-61)
obl(imponer-57, armas-62)
obl(imponer-57, armas-62)
det(estado-64, un-63)
obj(imponer-57, estado-64)
amod(estado-64, socialista-65)
punct(imponer-57, --66)
case(país-69, en-67)
det(país-69, nuestro-68)
obl(imponer-57, país-69)
punct(dos-79, ,-70)
nmod(propaganda-72, cuya-71)
nsubj(dos-79, propaganda-72)
det(distribuían-74, la-73)
appos(propaganda-72, distribuían-74)
flat(distribuían-74, ini-75)
flat(distribuían-74, ---76)
advmod(dos-79, cialmente-77)
nmod(dos-79, ellos-78)
acl(país-69, dos-79)
punct(dos-79, ,-80)
cc(sumaron-92, pero-81)
case(marzo-85, a-82)
fixed(a-82, fines-83)
fixed(a-82, de-84)
obl(sumaron-92, marzo-85)
obl(sumaron-92, marzo-85)
case(1973-87, de-86)
compound(marzo-85, 1973-87)
punct(marzo-85, ,-88)
punct(sumaron-92, --89)
obj(sumaron-92, se-90)
obj(sumaron-92, les-91)
advcl(luchar-42, sumaron-92)
conj:pero(cambiar-51, sumaron-92)
det(compañeros-95, otros-93)
nummod(otros-93, dos-94)
nsubj(sumaron-92, compañeros-95)
mark(llaman-99, a-96)
det(llaman-99, los-97)
nsubj(llaman-99, que-98)
acl(compañeros-95, llaman-99)
punct(tenían-6, --100)
punct(JUAN-102, "-101)
obj(tenían-6, JUAN-102)
punct(JUAN-102, "-103)
cc(CLASICO-107, o-104)
punct(CLASICO-107, "-105)
det(CLASICO-107, EL-106)
advcl(deshabitada-1, CLASICO-107)
conj:o(tenían-6, CLASICO-107)
punct(CLASICO-107, "-108)
cc(LUIS-111, y-109)
punct(LUIS-111, "-110)
conj:o(tenían-6, LUIS-111)
conj:y(CLASICO-107, LUIS-111)
punct(PASTEL-116, "-112)
cc(PASTEL-116, o-113)
punct(PASTEL-116, "-114)
det(PASTEL-116, EL-115)
conj:y(CLASICO-107, PASTEL-116)
conj:o(LUIS-111, PASTEL-116)
punct(PASTEL-116, "-117)
punct(CLASICO-107, ,-118)
case(que-121, con-119)
det(que-121, los-120)
obl(continuaron-122, que-121)
acl(CLASICO-107, continuaron-122)
obj(continuaron-122, dedicados-123)
case(impresión-126, a-124)
det(impresión-126, la-125)
obj(dedicados-123, impresión-126)
cc(reparto-128, y-127)
obj(dedicados-123, reparto-128)
conj:y(impresión-126, reparto-128)
case(propaganda-130, de-129)
nmod(reparto-128, propaganda-130)
punct(CLASICO-107, ,-131)
case(entonces-133, para-132)
advmod(firmada-134, entonces-133)
advcl(CLASICO-107, firmada-134)
case(Brigada-137, por-135)
det(Brigada-137, la-136)
obj(firmada-134, Brigada-137)
flat(Brigada-137, Emi-138)
punct(liano-140, --139)
advmod(firmada-134, liano-140)
nsubj(liano-140, Zapata-141)
punct(dependiente-143, ,-142)
amod(Zapata-141, dependiente-143)
case(L.C.-146, de-144)
det(L.C.-146, la-145)
nmod(dependiente-143, L.C.-146)
nummod(L.C.-146, 23-147)
case(Septiembre-149, de-148)
nmod(L.C.-146, Septiembre-149)
punct(liano-140, --150)

Extracted the following NER entity mentions:
socialista	IDEOLOGY	-
dos	NUMBER	-
marzo	DATE	DATE:-1.0
1973	NUMBER	NUMBER:-1.0
dos	NUMBER	-
EL CLASICO	MISC	MISC:0.6259511203234985
Brigada Emi-	MISC	MISC:0.6482295800033122
Zapata	PERSON	PERSON:0.8343589660402293
23 de Septiembre	DATE	DATE:-1.0
