Document: ID=file_280.txt (11 sentences, 160 tokens)

Sentence #1 (2 tokens):
Exp-100-10-1-78.

Tokens:
[Text=Exp-100-10-1-78 CharacterOffsetBegin=0 CharacterOffsetEnd=15 PartOfSpeech=NUM Lemma=exp-100-10-1-78 NamedEntityTag=O]
[Text=. CharacterOffsetBegin=15 CharacterOffsetEnd=16 PartOfSpeech=PUNCT Lemma=. NamedEntityTag=O]

Dependency Parse (enhanced plus plus dependencies):
root(ROOT-0, Exp-100-10-1-78-1)
punct(Exp-100-10-1-78-1, .-2)

Extracted the following NER entity mentions:

Sentence #2 (6 tokens):
H-104 L-71
5-Enero-78.

Tokens:
[Text=H-104 CharacterOffsetBegin=17 CharacterOffsetEnd=22 PartOfSpeech=NUM Lemma=h-104 NamedEntityTag=O]
[Text=L-71 CharacterOffsetBegin=23 CharacterOffsetEnd=27 PartOfSpeech=PROPN Lemma=l-71 NamedEntityTag=O]
[Text=5 CharacterOffsetBegin=28 CharacterOffsetEnd=29 PartOfSpeech=NUM Lemma=5 NamedEntityTag=O]
[Text=- CharacterOffsetBegin=29 CharacterOffsetEnd=30 PartOfSpeech=PUNCT Lemma=- NamedEntityTag=O]
[Text=Enero-78 CharacterOffsetBegin=30 CharacterOffsetEnd=38 PartOfSpeech=NUM Lemma=enero-78 NamedEntityTag=O]
[Text=. CharacterOffsetBegin=38 CharacterOffsetEnd=39 PartOfSpeech=PUNCT Lemma=. NamedEntityTag=O]

Dependency Parse (enhanced plus plus dependencies):
root(ROOT-0, 5-3)
nummod(5-3, H-104-1)
flat(H-104-1, L-71-2)
punct(5-3, --4)
nummod(5-3, Enero-78-5)
punct(5-3, .-6)

Extracted the following NER entity mentions:

Sentence #3 (31 tokens):
-En relación al artículo publicado en el -
periódico "Excelsior" ,con título "MAQUINACION ANTICO-
MUNISTA RUBEN FIGUEROA Y LOS CAUCES DE DISOLUCIÖN",.

Tokens:
[Text=- CharacterOffsetBegin=39 CharacterOffsetEnd=40 PartOfSpeech=PUNCT Lemma=- NamedEntityTag=O]
[Text=En CharacterOffsetBegin=40 CharacterOffsetEnd=42 PartOfSpeech=ADP Lemma=en NamedEntityTag=O]
[Text=relación CharacterOffsetBegin=43 CharacterOffsetEnd=51 PartOfSpeech=NOUN Lemma=relación NamedEntityTag=O]
[Text=al CharacterOffsetBegin=52 CharacterOffsetEnd=54 PartOfSpeech=ADP Lemma=al NamedEntityTag=O]
[Text=artículo CharacterOffsetBegin=55 CharacterOffsetEnd=63 PartOfSpeech=NOUN Lemma=artículo NamedEntityTag=O]
[Text=publicado CharacterOffsetBegin=64 CharacterOffsetEnd=73 PartOfSpeech=ADJ Lemma=publicado NamedEntityTag=O]
[Text=en CharacterOffsetBegin=74 CharacterOffsetEnd=76 PartOfSpeech=ADP Lemma=en NamedEntityTag=O]
[Text=el CharacterOffsetBegin=77 CharacterOffsetEnd=79 PartOfSpeech=DET Lemma=el NamedEntityTag=O]
[Text=- CharacterOffsetBegin=80 CharacterOffsetEnd=81 PartOfSpeech=PUNCT Lemma=- NamedEntityTag=O]
[Text=periódico CharacterOffsetBegin=82 CharacterOffsetEnd=91 PartOfSpeech=NOUN Lemma=periódico NamedEntityTag=O]
[Text=" CharacterOffsetBegin=92 CharacterOffsetEnd=93 PartOfSpeech=PUNCT Lemma=" NamedEntityTag=O]
[Text=Excelsior CharacterOffsetBegin=93 CharacterOffsetEnd=102 PartOfSpeech=PROPN Lemma=excelsior NamedEntityTag=MISC]
[Text=" CharacterOffsetBegin=102 CharacterOffsetEnd=103 PartOfSpeech=PUNCT Lemma=" NamedEntityTag=O]
[Text=, CharacterOffsetBegin=104 CharacterOffsetEnd=105 PartOfSpeech=PUNCT Lemma=, NamedEntityTag=O]
[Text=con CharacterOffsetBegin=105 CharacterOffsetEnd=108 PartOfSpeech=ADP Lemma=con NamedEntityTag=O]
[Text=título CharacterOffsetBegin=109 CharacterOffsetEnd=115 PartOfSpeech=NOUN Lemma=título NamedEntityTag=O]
[Text=" CharacterOffsetBegin=116 CharacterOffsetEnd=117 PartOfSpeech=PUNCT Lemma=" NamedEntityTag=O]
[Text=MAQUINACION CharacterOffsetBegin=117 CharacterOffsetEnd=128 PartOfSpeech=PROPN Lemma=maquinacion NamedEntityTag=O]
[Text=ANTICO CharacterOffsetBegin=129 CharacterOffsetEnd=135 PartOfSpeech=PROPN Lemma=antico NamedEntityTag=O]
[Text=- CharacterOffsetBegin=135 CharacterOffsetEnd=136 PartOfSpeech=PUNCT Lemma=- NamedEntityTag=O]
[Text=MUNISTA CharacterOffsetBegin=137 CharacterOffsetEnd=144 PartOfSpeech=PROPN Lemma=munista NamedEntityTag=PERSON]
[Text=RUBEN CharacterOffsetBegin=145 CharacterOffsetEnd=150 PartOfSpeech=PROPN Lemma=ruben NamedEntityTag=PERSON]
[Text=FIGUEROA CharacterOffsetBegin=151 CharacterOffsetEnd=159 PartOfSpeech=PROPN Lemma=figueroa NamedEntityTag=PERSON]
[Text=Y CharacterOffsetBegin=160 CharacterOffsetEnd=161 PartOfSpeech=CCONJ Lemma=y NamedEntityTag=O]
[Text=LOS CharacterOffsetBegin=162 CharacterOffsetEnd=165 PartOfSpeech=DET Lemma=los NamedEntityTag=O]
[Text=CAUCES CharacterOffsetBegin=166 CharacterOffsetEnd=172 PartOfSpeech=NOUN Lemma=cauces NamedEntityTag=MISC]
[Text=DE CharacterOffsetBegin=173 CharacterOffsetEnd=175 PartOfSpeech=ADP Lemma=de NamedEntityTag=MISC]
[Text=DISOLUCIÖN CharacterOffsetBegin=176 CharacterOffsetEnd=186 PartOfSpeech=PROPN Lemma=disoluciön NamedEntityTag=MISC]
[Text=" CharacterOffsetBegin=186 CharacterOffsetEnd=187 PartOfSpeech=PUNCT Lemma=" NamedEntityTag=O]
[Text=, CharacterOffsetBegin=187 CharacterOffsetEnd=188 PartOfSpeech=PUNCT Lemma=, NamedEntityTag=O]
[Text=. CharacterOffsetBegin=188 CharacterOffsetEnd=189 PartOfSpeech=PUNCT Lemma=. NamedEntityTag=O]

Dependency Parse (enhanced plus plus dependencies):
root(ROOT-0, --1)
case(artículo-5, En-2)
fixed(En-2, relación-3)
fixed(En-2, al-4)
obl(--1, artículo-5)
obl(--1, artículo-5)
amod(artículo-5, publicado-6)
case(periódico-10, en-7)
det(periódico-10, el-8)
punct(periódico-10, --9)
obl(publicado-6, periódico-10)
punct(Excelsior-12, "-11)
appos(periódico-10, Excelsior-12)
punct(Excelsior-12, "-13)
punct(título-16, ,-14)
case(título-16, con-15)
nmod(periódico-10, título-16)
punct(título-16, "-17)
appos(periódico-10, MAQUINACION-18)
flat(MAQUINACION-18, ANTICO-19)
punct(MUNISTA-21, --20)
appos(periódico-10, MUNISTA-21)
flat(MUNISTA-21, RUBEN-22)
flat(MUNISTA-21, FIGUEROA-23)
cc(CAUCES-26, Y-24)
det(CAUCES-26, LOS-25)
appos(periódico-10, CAUCES-26)
conj:y(MUNISTA-21, CAUCES-26)
case(DISOLUCIÖN-28, DE-27)
nmod(CAUCES-26, DISOLUCIÖN-28)
punct(MUNISTA-21, "-29)
punct(artículo-5, ,-30)
punct(artículo-5, .-31)

Extracted the following NER entity mentions:
Excelsior	MISC	MISC:0.8319894110781902
MUNISTA RUBEN FIGUEROA	PERSON	PERSON:0.7015128072052544
CAUCES DE DISOLUCIÖN	MISC	MISC:0.5931986734741483

Sentence #4 (17 tokens):
mismo que está firmado por ARTURO MARTINEZ NATERAS,-
Alumno de Economía de la UNAM.

Tokens:
[Text=mismo CharacterOffsetBegin=190 CharacterOffsetEnd=195 PartOfSpeech=DET Lemma=mismo NamedEntityTag=O]
[Text=que CharacterOffsetBegin=196 CharacterOffsetEnd=199 PartOfSpeech=PRON Lemma=que NamedEntityTag=O]
[Text=está CharacterOffsetBegin=200 CharacterOffsetEnd=204 PartOfSpeech=AUX Lemma=está NamedEntityTag=O]
[Text=firmado CharacterOffsetBegin=205 CharacterOffsetEnd=212 PartOfSpeech=ADJ Lemma=firmado NamedEntityTag=O]
[Text=por CharacterOffsetBegin=213 CharacterOffsetEnd=216 PartOfSpeech=ADP Lemma=por NamedEntityTag=O]
[Text=ARTURO CharacterOffsetBegin=217 CharacterOffsetEnd=223 PartOfSpeech=PROPN Lemma=arturo NamedEntityTag=PERSON]
[Text=MARTINEZ CharacterOffsetBegin=224 CharacterOffsetEnd=232 PartOfSpeech=PROPN Lemma=martinez NamedEntityTag=PERSON]
[Text=NATERAS CharacterOffsetBegin=233 CharacterOffsetEnd=240 PartOfSpeech=PROPN Lemma=nateras NamedEntityTag=O]
[Text=, CharacterOffsetBegin=240 CharacterOffsetEnd=241 PartOfSpeech=PUNCT Lemma=, NamedEntityTag=O]
[Text=- CharacterOffsetBegin=241 CharacterOffsetEnd=242 PartOfSpeech=PUNCT Lemma=- NamedEntityTag=O]
[Text=Alumno CharacterOffsetBegin=243 CharacterOffsetEnd=249 PartOfSpeech=NOUN Lemma=alumno NamedEntityTag=O]
[Text=de CharacterOffsetBegin=250 CharacterOffsetEnd=252 PartOfSpeech=ADP Lemma=de NamedEntityTag=O]
[Text=Economía CharacterOffsetBegin=253 CharacterOffsetEnd=261 PartOfSpeech=PROPN Lemma=economía NamedEntityTag=ORGANIZATION]
[Text=de CharacterOffsetBegin=262 CharacterOffsetEnd=264 PartOfSpeech=ADP Lemma=de NamedEntityTag=O]
[Text=la CharacterOffsetBegin=265 CharacterOffsetEnd=267 PartOfSpeech=DET Lemma=la NamedEntityTag=O]
[Text=UNAM CharacterOffsetBegin=268 CharacterOffsetEnd=272 PartOfSpeech=PROPN Lemma=unam NamedEntityTag=ORGANIZATION]
[Text=. CharacterOffsetBegin=272 CharacterOffsetEnd=273 PartOfSpeech=PUNCT Lemma=. NamedEntityTag=O]

Dependency Parse (enhanced plus plus dependencies):
root(ROOT-0, firmado-4)
det(firmado-4, mismo-1)
nsubj(firmado-4, que-2)
cop(firmado-4, está-3)
case(ARTURO-6, por-5)
obj(firmado-4, ARTURO-6)
flat(ARTURO-6, MARTINEZ-7)
flat(ARTURO-6, NATERAS-8)
punct(Alumno-11, ,-9)
punct(Alumno-11, --10)
obl(firmado-4, Alumno-11)
case(Economía-13, de-12)
nmod(Alumno-11, Economía-13)
case(UNAM-16, de-14)
det(UNAM-16, la-15)
nmod(Alumno-11, UNAM-16)
punct(firmado-4, .-17)

Extracted the following NER entity mentions:
ARTURO MARTINEZ	PERSON	PERSON:0.5870862336495895
Economía	ORGANIZATION	ORGANIZATION:0.7626799057292012
UNAM	ORGANIZATION	ORGANIZATION:0.9753075739103577

Sentence #5 (19 tokens):
,y que habla concreta-
mente de los problemas relacionados con esta Univer-
sidad de Gro.

Tokens:
[Text=, CharacterOffsetBegin=273 CharacterOffsetEnd=274 PartOfSpeech=PUNCT Lemma=, NamedEntityTag=O]
[Text=y CharacterOffsetBegin=274 CharacterOffsetEnd=275 PartOfSpeech=CCONJ Lemma=y NamedEntityTag=O]
[Text=que CharacterOffsetBegin=276 CharacterOffsetEnd=279 PartOfSpeech=PRON Lemma=que NamedEntityTag=O]
[Text=habla CharacterOffsetBegin=280 CharacterOffsetEnd=285 PartOfSpeech=VERB Lemma=habla NamedEntityTag=O]
[Text=concreta CharacterOffsetBegin=286 CharacterOffsetEnd=294 PartOfSpeech=ADJ Lemma=concreta NamedEntityTag=O]
[Text=- CharacterOffsetBegin=294 CharacterOffsetEnd=295 PartOfSpeech=PUNCT Lemma=- NamedEntityTag=O]
[Text=mente CharacterOffsetBegin=296 CharacterOffsetEnd=301 PartOfSpeech=NOUN Lemma=mente NamedEntityTag=O]
[Text=de CharacterOffsetBegin=302 CharacterOffsetEnd=304 PartOfSpeech=ADP Lemma=de NamedEntityTag=O]
[Text=los CharacterOffsetBegin=305 CharacterOffsetEnd=308 PartOfSpeech=DET Lemma=los NamedEntityTag=O]
[Text=problemas CharacterOffsetBegin=309 CharacterOffsetEnd=318 PartOfSpeech=NOUN Lemma=problemas NamedEntityTag=O]
[Text=relacionados CharacterOffsetBegin=319 CharacterOffsetEnd=331 PartOfSpeech=ADJ Lemma=relacionados NamedEntityTag=O]
[Text=con CharacterOffsetBegin=332 CharacterOffsetEnd=335 PartOfSpeech=ADP Lemma=con NamedEntityTag=O]
[Text=esta CharacterOffsetBegin=336 CharacterOffsetEnd=340 PartOfSpeech=DET Lemma=esta NamedEntityTag=O]
[Text=Univer CharacterOffsetBegin=341 CharacterOffsetEnd=347 PartOfSpeech=PROPN Lemma=univer NamedEntityTag=O]
[Text=- CharacterOffsetBegin=347 CharacterOffsetEnd=348 PartOfSpeech=PUNCT Lemma=- NamedEntityTag=O]
[Text=sidad CharacterOffsetBegin=349 CharacterOffsetEnd=354 PartOfSpeech=NOUN Lemma=sidad NamedEntityTag=O]
[Text=de CharacterOffsetBegin=355 CharacterOffsetEnd=357 PartOfSpeech=ADP Lemma=de NamedEntityTag=O]
[Text=Gro CharacterOffsetBegin=358 CharacterOffsetEnd=361 PartOfSpeech=PROPN Lemma=gro NamedEntityTag=PERSON]
[Text=. CharacterOffsetBegin=361 CharacterOffsetEnd=362 PartOfSpeech=PUNCT Lemma=. NamedEntityTag=O]

Dependency Parse (enhanced plus plus dependencies):
root(ROOT-0, habla-4)
punct(habla-4, ,-1)
cc(habla-4, y-2)
nsubj(habla-4, que-3)
obj(habla-4, concreta-5)
punct(mente-7, --6)
obj(habla-4, mente-7)
case(problemas-10, de-8)
det(problemas-10, los-9)
nmod(mente-7, problemas-10)
amod(problemas-10, relacionados-11)
case(Univer-14, con-12)
det(Univer-14, esta-13)
obj(relacionados-11, Univer-14)
punct(mente-7, --15)
obj(habla-4, sidad-16)
case(Gro-18, de-17)
nmod(sidad-16, Gro-18)
punct(habla-4, .-19)

Extracted the following NER entity mentions:
Gro	PERSON	PERSON:0.31820875641774465

Sentence #6 (13 tokens):
,en el que según el firmante,manifiesta
que el Tte.

Tokens:
[Text=, CharacterOffsetBegin=362 CharacterOffsetEnd=363 PartOfSpeech=PUNCT Lemma=, NamedEntityTag=O]
[Text=en CharacterOffsetBegin=363 CharacterOffsetEnd=365 PartOfSpeech=ADP Lemma=en NamedEntityTag=O]
[Text=el CharacterOffsetBegin=366 CharacterOffsetEnd=368 PartOfSpeech=DET Lemma=el NamedEntityTag=O]
[Text=que CharacterOffsetBegin=369 CharacterOffsetEnd=372 PartOfSpeech=PRON Lemma=que NamedEntityTag=O]
[Text=según CharacterOffsetBegin=373 CharacterOffsetEnd=378 PartOfSpeech=ADP Lemma=según NamedEntityTag=O]
[Text=el CharacterOffsetBegin=379 CharacterOffsetEnd=381 PartOfSpeech=DET Lemma=el NamedEntityTag=O]
[Text=firmante CharacterOffsetBegin=382 CharacterOffsetEnd=390 PartOfSpeech=NOUN Lemma=firmante NamedEntityTag=O]
[Text=, CharacterOffsetBegin=390 CharacterOffsetEnd=391 PartOfSpeech=PUNCT Lemma=, NamedEntityTag=O]
[Text=manifiesta CharacterOffsetBegin=391 CharacterOffsetEnd=401 PartOfSpeech=VERB Lemma=manifiesta NamedEntityTag=O]
[Text=que CharacterOffsetBegin=402 CharacterOffsetEnd=405 PartOfSpeech=SCONJ Lemma=que NamedEntityTag=O]
[Text=el CharacterOffsetBegin=406 CharacterOffsetEnd=408 PartOfSpeech=DET Lemma=el NamedEntityTag=O]
[Text=Tte CharacterOffsetBegin=409 CharacterOffsetEnd=412 PartOfSpeech=PROPN Lemma=tte NamedEntityTag=O]
[Text=. CharacterOffsetBegin=412 CharacterOffsetEnd=413 PartOfSpeech=PUNCT Lemma=. NamedEntityTag=O]

Dependency Parse (enhanced plus plus dependencies):
root(ROOT-0, manifiesta-9)
punct(manifiesta-9, ,-1)
case(que-4, en-2)
det(que-4, el-3)
obl(manifiesta-9, que-4)
case(firmante-7, según-5)
det(firmante-7, el-6)
obl(manifiesta-9, firmante-7)
punct(firmante-7, ,-8)
mark(Tte-12, que-10)
det(Tte-12, el-11)
obj(manifiesta-9, Tte-12)
punct(manifiesta-9, .-13)

Extracted the following NER entity mentions:

Sentence #7 (2 tokens):
Corl.

Tokens:
[Text=Corl CharacterOffsetBegin=413 CharacterOffsetEnd=417 PartOfSpeech=PROPN Lemma=corl NamedEntityTag=PERSON]
[Text=. CharacterOffsetBegin=417 CharacterOffsetEnd=418 PartOfSpeech=PUNCT Lemma=. NamedEntityTag=O]

Dependency Parse (enhanced plus plus dependencies):
root(ROOT-0, Corl-1)
punct(Corl-1, .-2)

Extracted the following NER entity mentions:
Corl	PERSON	PERSON:0.5959962144915668

Sentence #8 (12 tokens):
MARIO ARTURO ACOSTA CHAPARRO ESCAPI-
TE,Sub/Dir.

Tokens:
[Text=MARIO CharacterOffsetBegin=418 CharacterOffsetEnd=423 PartOfSpeech=PROPN Lemma=mario NamedEntityTag=O]
[Text=ARTURO CharacterOffsetBegin=424 CharacterOffsetEnd=430 PartOfSpeech=PROPN Lemma=arturo NamedEntityTag=O]
[Text=ACOSTA CharacterOffsetBegin=431 CharacterOffsetEnd=437 PartOfSpeech=PROPN Lemma=acosta NamedEntityTag=O]
[Text=CHAPARRO CharacterOffsetBegin=438 CharacterOffsetEnd=446 PartOfSpeech=PROPN Lemma=chaparro NamedEntityTag=O]
[Text=ESCAPI CharacterOffsetBegin=447 CharacterOffsetEnd=453 PartOfSpeech=PROPN Lemma=escapi NamedEntityTag=O]
[Text=- CharacterOffsetBegin=453 CharacterOffsetEnd=454 PartOfSpeech=PUNCT Lemma=- NamedEntityTag=O]
[Text=TE CharacterOffsetBegin=455 CharacterOffsetEnd=457 PartOfSpeech=PROPN Lemma=te NamedEntityTag=O]
[Text=, CharacterOffsetBegin=457 CharacterOffsetEnd=458 PartOfSpeech=PUNCT Lemma=, NamedEntityTag=O]
[Text=Sub CharacterOffsetBegin=458 CharacterOffsetEnd=461 PartOfSpeech=PROPN Lemma=sub NamedEntityTag=MISC]
[Text=/ CharacterOffsetBegin=461 CharacterOffsetEnd=462 PartOfSpeech=PUNCT Lemma=/ NamedEntityTag=MISC]
[Text=Dir CharacterOffsetBegin=462 CharacterOffsetEnd=465 PartOfSpeech=PROPN Lemma=dir NamedEntityTag=MISC]
[Text=. CharacterOffsetBegin=465 CharacterOffsetEnd=466 PartOfSpeech=PUNCT Lemma=. NamedEntityTag=O]

Dependency Parse (enhanced plus plus dependencies):
root(ROOT-0, MARIO-1)
flat(MARIO-1, ARTURO-2)
flat(MARIO-1, ACOSTA-3)
flat(MARIO-1, CHAPARRO-4)
flat(MARIO-1, ESCAPI-5)
punct(TE-7, --6)
flat(MARIO-1, TE-7)
punct(Sub-9, ,-8)
conj(TE-7, Sub-9)
punct(TE-7, /-10)
flat(MARIO-1, Dir-11)
punct(MARIO-1, .-12)

Extracted the following NER entity mentions:
Sub/Dir	MISC	MISC:0.8708789746142106

Sentence #9 (5 tokens):
,de Policía Jud.

Tokens:
[Text=, CharacterOffsetBegin=466 CharacterOffsetEnd=467 PartOfSpeech=PUNCT Lemma=, NamedEntityTag=O]
[Text=de CharacterOffsetBegin=467 CharacterOffsetEnd=469 PartOfSpeech=ADP Lemma=de NamedEntityTag=O]
[Text=Policía CharacterOffsetBegin=470 CharacterOffsetEnd=477 PartOfSpeech=PROPN Lemma=policía NamedEntityTag=ORGANIZATION]
[Text=Jud CharacterOffsetBegin=478 CharacterOffsetEnd=481 PartOfSpeech=PROPN Lemma=jud NamedEntityTag=ORGANIZATION]
[Text=. CharacterOffsetBegin=481 CharacterOffsetEnd=482 PartOfSpeech=PUNCT Lemma=. NamedEntityTag=O]

Dependency Parse (enhanced plus plus dependencies):
root(ROOT-0, Policía-3)
punct(Policía-3, ,-1)
case(Policía-3, de-2)
flat(Policía-3, Jud-4)
punct(Policía-3, .-5)

Extracted the following NER entity mentions:
Policía Jud	ORGANIZATION	ORGANIZATION:0.9438615996778402

Sentence #10 (4 tokens):
,del Edo.

Tokens:
[Text=, CharacterOffsetBegin=482 CharacterOffsetEnd=483 PartOfSpeech=PUNCT Lemma=, NamedEntityTag=O]
[Text=del CharacterOffsetBegin=483 CharacterOffsetEnd=486 PartOfSpeech=ADP Lemma=del NamedEntityTag=O]
[Text=Edo CharacterOffsetBegin=487 CharacterOffsetEnd=490 PartOfSpeech=PROPN Lemma=edo NamedEntityTag=PERSON]
[Text=. CharacterOffsetBegin=490 CharacterOffsetEnd=491 PartOfSpeech=PUNCT Lemma=. NamedEntityTag=O]

Dependency Parse (enhanced plus plus dependencies):
root(ROOT-0, Edo-3)
punct(Edo-3, ,-1)
case(Edo-3, del-2)
punct(Edo-3, .-4)

Extracted the following NER entity mentions:
Edo	PERSON	PERSON:0.46717254959927873

Sentence #11 (49 tokens):
,es la persona -
que aconseja y dirige a los ex-guerrilleros JESUS --
HERIBERTO NORIEGA CANTU y OBDULIO CEBALLOS SUAREZ,y
que éstas personas sirven directamente a la policía,
calumniado a los comunistas e involucrándolos como
parocinadores de la guerrilla,y señala al Contador

Tokens:
[Text=, CharacterOffsetBegin=491 CharacterOffsetEnd=492 PartOfSpeech=PUNCT Lemma=, NamedEntityTag=O]
[Text=es CharacterOffsetBegin=492 CharacterOffsetEnd=494 PartOfSpeech=AUX Lemma=es NamedEntityTag=O]
[Text=la CharacterOffsetBegin=495 CharacterOffsetEnd=497 PartOfSpeech=DET Lemma=la NamedEntityTag=O]
[Text=persona CharacterOffsetBegin=498 CharacterOffsetEnd=505 PartOfSpeech=NOUN Lemma=persona NamedEntityTag=O]
[Text=- CharacterOffsetBegin=506 CharacterOffsetEnd=507 PartOfSpeech=PUNCT Lemma=- NamedEntityTag=O]
[Text=que CharacterOffsetBegin=508 CharacterOffsetEnd=511 PartOfSpeech=PRON Lemma=que NamedEntityTag=O]
[Text=aconseja CharacterOffsetBegin=512 CharacterOffsetEnd=520 PartOfSpeech=VERB Lemma=aconseja NamedEntityTag=O]
[Text=y CharacterOffsetBegin=521 CharacterOffsetEnd=522 PartOfSpeech=CCONJ Lemma=y NamedEntityTag=O]
[Text=dirige CharacterOffsetBegin=523 CharacterOffsetEnd=529 PartOfSpeech=VERB Lemma=dirige NamedEntityTag=O]
[Text=a CharacterOffsetBegin=530 CharacterOffsetEnd=531 PartOfSpeech=ADP Lemma=a NamedEntityTag=O]
[Text=los CharacterOffsetBegin=532 CharacterOffsetEnd=535 PartOfSpeech=DET Lemma=los NamedEntityTag=O]
[Text=ex-guerrilleros CharacterOffsetBegin=536 CharacterOffsetEnd=551 PartOfSpeech=NOUN Lemma=ex-guerrilleros NamedEntityTag=O]
[Text=JESUS CharacterOffsetBegin=552 CharacterOffsetEnd=557 PartOfSpeech=PROPN Lemma=jesus NamedEntityTag=O]
[Text=-- CharacterOffsetBegin=558 CharacterOffsetEnd=560 PartOfSpeech=NUM Lemma=-- NamedEntityTag=O]
[Text=HERIBERTO CharacterOffsetBegin=561 CharacterOffsetEnd=570 PartOfSpeech=PROPN Lemma=heriberto NamedEntityTag=PERSON]
[Text=NORIEGA CharacterOffsetBegin=571 CharacterOffsetEnd=578 PartOfSpeech=PROPN Lemma=noriega NamedEntityTag=PERSON]
[Text=CANTU CharacterOffsetBegin=579 CharacterOffsetEnd=584 PartOfSpeech=PROPN Lemma=cantu NamedEntityTag=PERSON]
[Text=y CharacterOffsetBegin=585 CharacterOffsetEnd=586 PartOfSpeech=CCONJ Lemma=y NamedEntityTag=O]
[Text=OBDULIO CharacterOffsetBegin=587 CharacterOffsetEnd=594 PartOfSpeech=PROPN Lemma=obdulio NamedEntityTag=PERSON]
[Text=CEBALLOS CharacterOffsetBegin=595 CharacterOffsetEnd=603 PartOfSpeech=PROPN Lemma=ceballos NamedEntityTag=PERSON]
[Text=SUAREZ CharacterOffsetBegin=604 CharacterOffsetEnd=610 PartOfSpeech=PROPN Lemma=suarez NamedEntityTag=PERSON]
[Text=, CharacterOffsetBegin=610 CharacterOffsetEnd=611 PartOfSpeech=PUNCT Lemma=, NamedEntityTag=O]
[Text=y CharacterOffsetBegin=611 CharacterOffsetEnd=612 PartOfSpeech=CCONJ Lemma=y NamedEntityTag=O]
[Text=que CharacterOffsetBegin=613 CharacterOffsetEnd=616 PartOfSpeech=SCONJ Lemma=que NamedEntityTag=O]
[Text=éstas CharacterOffsetBegin=617 CharacterOffsetEnd=622 PartOfSpeech=PRON Lemma=éstas NamedEntityTag=O]
[Text=personas CharacterOffsetBegin=623 CharacterOffsetEnd=631 PartOfSpeech=NOUN Lemma=personas NamedEntityTag=O]
[Text=sirven CharacterOffsetBegin=632 CharacterOffsetEnd=638 PartOfSpeech=VERB Lemma=sirven NamedEntityTag=O]
[Text=directamente CharacterOffsetBegin=639 CharacterOffsetEnd=651 PartOfSpeech=ADV Lemma=directamente NamedEntityTag=O]
[Text=a CharacterOffsetBegin=652 CharacterOffsetEnd=653 PartOfSpeech=ADP Lemma=a NamedEntityTag=O]
[Text=la CharacterOffsetBegin=654 CharacterOffsetEnd=656 PartOfSpeech=DET Lemma=la NamedEntityTag=O]
[Text=policía CharacterOffsetBegin=657 CharacterOffsetEnd=664 PartOfSpeech=NOUN Lemma=policía NamedEntityTag=TITLE]
[Text=, CharacterOffsetBegin=664 CharacterOffsetEnd=665 PartOfSpeech=PUNCT Lemma=, NamedEntityTag=O]
[Text=calumniado CharacterOffsetBegin=666 CharacterOffsetEnd=676 PartOfSpeech=ADJ Lemma=calumniado NamedEntityTag=O]
[Text=a CharacterOffsetBegin=677 CharacterOffsetEnd=678 PartOfSpeech=ADP Lemma=a NamedEntityTag=O]
[Text=los CharacterOffsetBegin=679 CharacterOffsetEnd=682 PartOfSpeech=DET Lemma=los NamedEntityTag=O]
[Text=comunistas CharacterOffsetBegin=683 CharacterOffsetEnd=693 PartOfSpeech=NOUN Lemma=comunistas NamedEntityTag=O]
[Text=e CharacterOffsetBegin=694 CharacterOffsetEnd=695 PartOfSpeech=CCONJ Lemma=e NamedEntityTag=O]
[Text=involucrando CharacterOffsetBegin=696 CharacterOffsetEnd=711 PartOfSpeech=VERB Lemma=involucrando NamedEntityTag=O]
[Text=los CharacterOffsetBegin=696 CharacterOffsetEnd=711 PartOfSpeech=DET Lemma=los NamedEntityTag=O]
[Text=como CharacterOffsetBegin=712 CharacterOffsetEnd=716 PartOfSpeech=SCONJ Lemma=como NamedEntityTag=O]
[Text=parocinadores CharacterOffsetBegin=717 CharacterOffsetEnd=730 PartOfSpeech=NOUN Lemma=parocinadores NamedEntityTag=O]
[Text=de CharacterOffsetBegin=731 CharacterOffsetEnd=733 PartOfSpeech=ADP Lemma=de NamedEntityTag=O]
[Text=la CharacterOffsetBegin=734 CharacterOffsetEnd=736 PartOfSpeech=DET Lemma=la NamedEntityTag=O]
[Text=guerrilla CharacterOffsetBegin=737 CharacterOffsetEnd=746 PartOfSpeech=NOUN Lemma=guerrilla NamedEntityTag=O]
[Text=, CharacterOffsetBegin=746 CharacterOffsetEnd=747 PartOfSpeech=PUNCT Lemma=, NamedEntityTag=O]
[Text=y CharacterOffsetBegin=747 CharacterOffsetEnd=748 PartOfSpeech=CCONJ Lemma=y NamedEntityTag=O]
[Text=señala CharacterOffsetBegin=749 CharacterOffsetEnd=755 PartOfSpeech=VERB Lemma=señala NamedEntityTag=O]
[Text=al CharacterOffsetBegin=756 CharacterOffsetEnd=758 PartOfSpeech=ADP Lemma=al NamedEntityTag=O]
[Text=Contador CharacterOffsetBegin=759 CharacterOffsetEnd=767 PartOfSpeech=PROPN Lemma=contador NamedEntityTag=PERSON]

Dependency Parse (enhanced plus plus dependencies):
root(ROOT-0, persona-4)
conj:e(persona-4, involucrando-38)
obj(involucrando-38, los-39)
punct(persona-4, ,-1)
cop(persona-4, es-2)
det(persona-4, la-3)
punct(persona-4, --5)
nsubj(aconseja-7, que-6)
acl(persona-4, aconseja-7)
cc(dirige-9, y-8)
acl(persona-4, dirige-9)
conj:y(aconseja-7, dirige-9)
case(ex-guerrilleros-12, a-10)
det(ex-guerrilleros-12, los-11)
obj(aconseja-7, ex-guerrilleros-12)
appos(ex-guerrilleros-12, JESUS-13)
nummod(JESUS-13, ---14)
flat(JESUS-13, HERIBERTO-15)
flat(JESUS-13, NORIEGA-16)
flat(JESUS-13, CANTU-17)
cc(OBDULIO-19, y-18)
appos(ex-guerrilleros-12, OBDULIO-19)
conj:y(JESUS-13, OBDULIO-19)
flat(OBDULIO-19, CEBALLOS-20)
flat(OBDULIO-19, SUAREZ-21)
punct(persona-4, ,-22)
cc(sirven-27, y-23)
mark(sirven-27, que-24)
det(personas-26, éstas-25)
nsubj(sirven-27, personas-26)
conj:y(persona-4, sirven-27)
advmod(sirven-27, directamente-28)
case(policía-31, a-29)
det(policía-31, la-30)
obj(sirven-27, policía-31)
punct(persona-4, ,-32)
amod(persona-4, calumniado-33)
case(comunistas-36, a-34)
det(comunistas-36, los-35)
nmod(calumniado-33, comunistas-36)
cc(involucrando-38, e-37)
mark(parocinadores-41, como-40)
obl(involucrando-38, parocinadores-41)
case(guerrilla-44, de-42)
det(guerrilla-44, la-43)
nmod(parocinadores-41, guerrilla-44)
punct(persona-4, ,-45)
cc(señala-47, y-46)
conj:y(persona-4, señala-47)
case(Contador-49, al-48)
obj(señala-47, Contador-49)

Extracted the following NER entity mentions:
HERIBERTO NORIEGA CANTU	PERSON	PERSON:0.44876279967704186
OBDULIO CEBALLOS SUAREZ	PERSON	PERSON:0.9295322632529471
policía	TITLE	-
Contador	PERSON	PERSON:0.5134814322477562
