Document: ID=file_383.txt (2 sentences, 148 tokens)

Sentence #1 (6 tokens):
NECOCHEA LOPEZ, Víctor Bruno.

Tokens:
[Text=NECOCHEA CharacterOffsetBegin=0 CharacterOffsetEnd=8 PartOfSpeech=PROPN Lemma=necochea NamedEntityTag=PERSON]
[Text=LOPEZ CharacterOffsetBegin=9 CharacterOffsetEnd=14 PartOfSpeech=PROPN Lemma=lopez NamedEntityTag=PERSON]
[Text=, CharacterOffsetBegin=14 CharacterOffsetEnd=15 PartOfSpeech=PUNCT Lemma=, NamedEntityTag=O]
[Text=Víctor CharacterOffsetBegin=16 CharacterOffsetEnd=22 PartOfSpeech=PROPN Lemma=víctor NamedEntityTag=PERSON]
[Text=Bruno CharacterOffsetBegin=23 CharacterOffsetEnd=28 PartOfSpeech=PROPN Lemma=bruno NamedEntityTag=PERSON]
[Text=. CharacterOffsetBegin=28 CharacterOffsetEnd=29 PartOfSpeech=PUNCT Lemma=. NamedEntityTag=O]

Dependency Parse (enhanced plus plus dependencies):
root(ROOT-0, NECOCHEA-1)
flat(NECOCHEA-1, LOPEZ-2)
punct(Víctor-4, ,-3)
appos(NECOCHEA-1, Víctor-4)
flat(Víctor-4, Bruno-5)
punct(NECOCHEA-1, .-6)

Extracted the following NER entity mentions:
NECOCHEA LOPEZ	PERSON	PERSON:0.7552631807066744
Víctor Bruno	PERSON	PERSON:0.9999352874287843

Sentence #2 (142 tokens):
Exp 11-238-75
-15- H-68 L-2
persona que también había estado en la Sierra de -
Hidalgo, a la que abordó y quien lo reconoció como
"compañero de lucha", por lo que hicieron recordatorio
de sus actividades en la sierra y ese individuo le -
dijo que era el "DOCTOR ELEUTERIO", quien le dijo -
que había sido expulsado del "FRENTE ARMADO DEL PUEBLO
por considerarlo pequeño burgués, debido a lo cual -
había perdido todo contacto con "OMAR", pero que si
el de la voz seguía con las mismas ideas podía "conec
tarlo" con otras personas de la misma tendencia, seña
lándole que conocía a un elemento de la LIGA COMUNISTA
23 DE SEPTIEMBRE" de nombre "PANCHO"; que como el -

Tokens:
[Text=Exp CharacterOffsetBegin=30 CharacterOffsetEnd=33 PartOfSpeech=PROPN Lemma=exp NamedEntityTag=O]
[Text=11-238-75 CharacterOffsetBegin=34 CharacterOffsetEnd=43 PartOfSpeech=NUM Lemma=11-238-75 NamedEntityTag=O]
[Text=-15 CharacterOffsetBegin=44 CharacterOffsetEnd=47 PartOfSpeech=NUM Lemma=-15 NamedEntityTag=O]
[Text=- CharacterOffsetBegin=47 CharacterOffsetEnd=48 PartOfSpeech=PUNCT Lemma=- NamedEntityTag=O]
[Text=H-68 CharacterOffsetBegin=49 CharacterOffsetEnd=53 PartOfSpeech=NUM Lemma=h-68 NamedEntityTag=O]
[Text=L-2 CharacterOffsetBegin=54 CharacterOffsetEnd=57 PartOfSpeech=NUM Lemma=l-2 NamedEntityTag=O]
[Text=persona CharacterOffsetBegin=58 CharacterOffsetEnd=65 PartOfSpeech=NOUN Lemma=persona NamedEntityTag=O]
[Text=que CharacterOffsetBegin=66 CharacterOffsetEnd=69 PartOfSpeech=PRON Lemma=que NamedEntityTag=O]
[Text=también CharacterOffsetBegin=70 CharacterOffsetEnd=77 PartOfSpeech=ADV Lemma=también NamedEntityTag=O]
[Text=había CharacterOffsetBegin=78 CharacterOffsetEnd=83 PartOfSpeech=AUX Lemma=había NamedEntityTag=O]
[Text=estado CharacterOffsetBegin=84 CharacterOffsetEnd=90 PartOfSpeech=VERB Lemma=estado NamedEntityTag=O]
[Text=en CharacterOffsetBegin=91 CharacterOffsetEnd=93 PartOfSpeech=ADP Lemma=en NamedEntityTag=O]
[Text=la CharacterOffsetBegin=94 CharacterOffsetEnd=96 PartOfSpeech=DET Lemma=la NamedEntityTag=CITY]
[Text=Sierra CharacterOffsetBegin=97 CharacterOffsetEnd=103 PartOfSpeech=PROPN Lemma=sierra NamedEntityTag=CITY]
[Text=de CharacterOffsetBegin=104 CharacterOffsetEnd=106 PartOfSpeech=ADP Lemma=de NamedEntityTag=O]
[Text=- CharacterOffsetBegin=107 CharacterOffsetEnd=108 PartOfSpeech=PUNCT Lemma=- NamedEntityTag=O]
[Text=Hidalgo CharacterOffsetBegin=109 CharacterOffsetEnd=116 PartOfSpeech=PROPN Lemma=hidalgo NamedEntityTag=PERSON]
[Text=, CharacterOffsetBegin=116 CharacterOffsetEnd=117 PartOfSpeech=PUNCT Lemma=, NamedEntityTag=O]
[Text=a CharacterOffsetBegin=118 CharacterOffsetEnd=119 PartOfSpeech=ADP Lemma=a NamedEntityTag=O]
[Text=la CharacterOffsetBegin=120 CharacterOffsetEnd=122 PartOfSpeech=DET Lemma=la NamedEntityTag=O]
[Text=que CharacterOffsetBegin=123 CharacterOffsetEnd=126 PartOfSpeech=PRON Lemma=que NamedEntityTag=O]
[Text=abordó CharacterOffsetBegin=127 CharacterOffsetEnd=133 PartOfSpeech=VERB Lemma=abordó NamedEntityTag=O]
[Text=y CharacterOffsetBegin=134 CharacterOffsetEnd=135 PartOfSpeech=CCONJ Lemma=y NamedEntityTag=O]
[Text=quien CharacterOffsetBegin=136 CharacterOffsetEnd=141 PartOfSpeech=PRON Lemma=quien NamedEntityTag=O]
[Text=lo CharacterOffsetBegin=142 CharacterOffsetEnd=144 PartOfSpeech=PRON Lemma=lo NamedEntityTag=O]
[Text=reconoció CharacterOffsetBegin=145 CharacterOffsetEnd=154 PartOfSpeech=VERB Lemma=reconoció NamedEntityTag=O]
[Text=como CharacterOffsetBegin=155 CharacterOffsetEnd=159 PartOfSpeech=SCONJ Lemma=como NamedEntityTag=O]
[Text=" CharacterOffsetBegin=160 CharacterOffsetEnd=161 PartOfSpeech=PUNCT Lemma=" NamedEntityTag=O]
[Text=compañero CharacterOffsetBegin=161 CharacterOffsetEnd=170 PartOfSpeech=NOUN Lemma=compañero NamedEntityTag=TITLE]
[Text=de CharacterOffsetBegin=171 CharacterOffsetEnd=173 PartOfSpeech=ADP Lemma=de NamedEntityTag=O]
[Text=lucha CharacterOffsetBegin=174 CharacterOffsetEnd=179 PartOfSpeech=NOUN Lemma=lucha NamedEntityTag=O]
[Text=" CharacterOffsetBegin=179 CharacterOffsetEnd=180 PartOfSpeech=PUNCT Lemma=" NamedEntityTag=O]
[Text=, CharacterOffsetBegin=180 CharacterOffsetEnd=181 PartOfSpeech=PUNCT Lemma=, NamedEntityTag=O]
[Text=por CharacterOffsetBegin=182 CharacterOffsetEnd=185 PartOfSpeech=ADP Lemma=por NamedEntityTag=O]
[Text=lo CharacterOffsetBegin=186 CharacterOffsetEnd=188 PartOfSpeech=DET Lemma=lo NamedEntityTag=O]
[Text=que CharacterOffsetBegin=189 CharacterOffsetEnd=192 PartOfSpeech=PRON Lemma=que NamedEntityTag=O]
[Text=hicieron CharacterOffsetBegin=193 CharacterOffsetEnd=201 PartOfSpeech=VERB Lemma=hicieron NamedEntityTag=O]
[Text=recordatorio CharacterOffsetBegin=202 CharacterOffsetEnd=214 PartOfSpeech=NOUN Lemma=recordatorio NamedEntityTag=O]
[Text=de CharacterOffsetBegin=215 CharacterOffsetEnd=217 PartOfSpeech=ADP Lemma=de NamedEntityTag=O]
[Text=sus CharacterOffsetBegin=218 CharacterOffsetEnd=221 PartOfSpeech=DET Lemma=sus NamedEntityTag=O]
[Text=actividades CharacterOffsetBegin=222 CharacterOffsetEnd=233 PartOfSpeech=NOUN Lemma=actividades NamedEntityTag=O]
[Text=en CharacterOffsetBegin=234 CharacterOffsetEnd=236 PartOfSpeech=ADP Lemma=en NamedEntityTag=O]
[Text=la CharacterOffsetBegin=237 CharacterOffsetEnd=239 PartOfSpeech=DET Lemma=la NamedEntityTag=O]
[Text=sierra CharacterOffsetBegin=240 CharacterOffsetEnd=246 PartOfSpeech=NOUN Lemma=sierra NamedEntityTag=O]
[Text=y CharacterOffsetBegin=247 CharacterOffsetEnd=248 PartOfSpeech=CCONJ Lemma=y NamedEntityTag=O]
[Text=ese CharacterOffsetBegin=249 CharacterOffsetEnd=252 PartOfSpeech=DET Lemma=ese NamedEntityTag=O]
[Text=individuo CharacterOffsetBegin=253 CharacterOffsetEnd=262 PartOfSpeech=NOUN Lemma=individuo NamedEntityTag=O]
[Text=le CharacterOffsetBegin=263 CharacterOffsetEnd=265 PartOfSpeech=PRON Lemma=le NamedEntityTag=O]
[Text=- CharacterOffsetBegin=266 CharacterOffsetEnd=267 PartOfSpeech=PUNCT Lemma=- NamedEntityTag=O]
[Text=dijo CharacterOffsetBegin=268 CharacterOffsetEnd=272 PartOfSpeech=VERB Lemma=dijo NamedEntityTag=O]
[Text=que CharacterOffsetBegin=273 CharacterOffsetEnd=276 PartOfSpeech=SCONJ Lemma=que NamedEntityTag=O]
[Text=era CharacterOffsetBegin=277 CharacterOffsetEnd=280 PartOfSpeech=AUX Lemma=era NamedEntityTag=O]
[Text=el CharacterOffsetBegin=281 CharacterOffsetEnd=283 PartOfSpeech=DET Lemma=el NamedEntityTag=O]
[Text=" CharacterOffsetBegin=284 CharacterOffsetEnd=285 PartOfSpeech=PUNCT Lemma=" NamedEntityTag=O]
[Text=DOCTOR CharacterOffsetBegin=285 CharacterOffsetEnd=291 PartOfSpeech=NOUN Lemma=doctor NamedEntityTag=TITLE]
[Text=ELEUTERIO CharacterOffsetBegin=292 CharacterOffsetEnd=301 PartOfSpeech=ADJ Lemma=eleuterio NamedEntityTag=O]
[Text=" CharacterOffsetBegin=301 CharacterOffsetEnd=302 PartOfSpeech=PUNCT Lemma=" NamedEntityTag=O]
[Text=, CharacterOffsetBegin=302 CharacterOffsetEnd=303 PartOfSpeech=PUNCT Lemma=, NamedEntityTag=O]
[Text=quien CharacterOffsetBegin=304 CharacterOffsetEnd=309 PartOfSpeech=PRON Lemma=quien NamedEntityTag=O]
[Text=le CharacterOffsetBegin=310 CharacterOffsetEnd=312 PartOfSpeech=PRON Lemma=le NamedEntityTag=O]
[Text=dijo CharacterOffsetBegin=313 CharacterOffsetEnd=317 PartOfSpeech=VERB Lemma=dijo NamedEntityTag=O]
[Text=- CharacterOffsetBegin=318 CharacterOffsetEnd=319 PartOfSpeech=PUNCT Lemma=- NamedEntityTag=O]
[Text=que CharacterOffsetBegin=320 CharacterOffsetEnd=323 PartOfSpeech=SCONJ Lemma=que NamedEntityTag=O]
[Text=había CharacterOffsetBegin=324 CharacterOffsetEnd=329 PartOfSpeech=AUX Lemma=había NamedEntityTag=O]
[Text=sido CharacterOffsetBegin=330 CharacterOffsetEnd=334 PartOfSpeech=AUX Lemma=sido NamedEntityTag=O]
[Text=expulsado CharacterOffsetBegin=335 CharacterOffsetEnd=344 PartOfSpeech=VERB Lemma=expulsado NamedEntityTag=O]
[Text=del CharacterOffsetBegin=345 CharacterOffsetEnd=348 PartOfSpeech=ADP Lemma=del NamedEntityTag=O]
[Text=" CharacterOffsetBegin=349 CharacterOffsetEnd=350 PartOfSpeech=PUNCT Lemma=" NamedEntityTag=O]
[Text=FRENTE CharacterOffsetBegin=350 CharacterOffsetEnd=356 PartOfSpeech=PROPN Lemma=frente NamedEntityTag=O]
[Text=ARMADO CharacterOffsetBegin=357 CharacterOffsetEnd=363 PartOfSpeech=PROPN Lemma=armado NamedEntityTag=O]
[Text=DEL CharacterOffsetBegin=364 CharacterOffsetEnd=367 PartOfSpeech=ADP Lemma=del NamedEntityTag=O]
[Text=PUEBLO CharacterOffsetBegin=368 CharacterOffsetEnd=374 PartOfSpeech=PROPN Lemma=pueblo NamedEntityTag=O]
[Text=por CharacterOffsetBegin=375 CharacterOffsetEnd=378 PartOfSpeech=ADP Lemma=por NamedEntityTag=O]
[Text=considerar CharacterOffsetBegin=379 CharacterOffsetEnd=391 PartOfSpeech=VERB Lemma=considerar NamedEntityTag=O]
[Text=lo CharacterOffsetBegin=379 CharacterOffsetEnd=391 PartOfSpeech=PRON Lemma=lo NamedEntityTag=O]
[Text=pequeño CharacterOffsetBegin=392 CharacterOffsetEnd=399 PartOfSpeech=ADJ Lemma=pequeño NamedEntityTag=O]
[Text=burgués CharacterOffsetBegin=400 CharacterOffsetEnd=407 PartOfSpeech=NOUN Lemma=burgués NamedEntityTag=O]
[Text=, CharacterOffsetBegin=407 CharacterOffsetEnd=408 PartOfSpeech=PUNCT Lemma=, NamedEntityTag=O]
[Text=debido CharacterOffsetBegin=409 CharacterOffsetEnd=415 PartOfSpeech=ADJ Lemma=debido NamedEntityTag=O]
[Text=a CharacterOffsetBegin=416 CharacterOffsetEnd=417 PartOfSpeech=ADP Lemma=a NamedEntityTag=O]
[Text=lo CharacterOffsetBegin=418 CharacterOffsetEnd=420 PartOfSpeech=DET Lemma=lo NamedEntityTag=O]
[Text=cual CharacterOffsetBegin=421 CharacterOffsetEnd=425 PartOfSpeech=PRON Lemma=cual NamedEntityTag=O]
[Text=- CharacterOffsetBegin=426 CharacterOffsetEnd=427 PartOfSpeech=PUNCT Lemma=- NamedEntityTag=O]
[Text=había CharacterOffsetBegin=428 CharacterOffsetEnd=433 PartOfSpeech=AUX Lemma=había NamedEntityTag=O]
[Text=perdido CharacterOffsetBegin=434 CharacterOffsetEnd=441 PartOfSpeech=VERB Lemma=perdido NamedEntityTag=O]
[Text=todo CharacterOffsetBegin=442 CharacterOffsetEnd=446 PartOfSpeech=DET Lemma=todo NamedEntityTag=O]
[Text=contacto CharacterOffsetBegin=447 CharacterOffsetEnd=455 PartOfSpeech=NOUN Lemma=contacto NamedEntityTag=O]
[Text=con CharacterOffsetBegin=456 CharacterOffsetEnd=459 PartOfSpeech=ADP Lemma=con NamedEntityTag=O]
[Text=" CharacterOffsetBegin=460 CharacterOffsetEnd=461 PartOfSpeech=PUNCT Lemma=" NamedEntityTag=O]
[Text=OMAR CharacterOffsetBegin=461 CharacterOffsetEnd=465 PartOfSpeech=PROPN Lemma=omar NamedEntityTag=O]
[Text=" CharacterOffsetBegin=465 CharacterOffsetEnd=466 PartOfSpeech=PUNCT Lemma=" NamedEntityTag=O]
[Text=, CharacterOffsetBegin=466 CharacterOffsetEnd=467 PartOfSpeech=PUNCT Lemma=, NamedEntityTag=O]
[Text=pero CharacterOffsetBegin=468 CharacterOffsetEnd=472 PartOfSpeech=CCONJ Lemma=pero NamedEntityTag=O]
[Text=que CharacterOffsetBegin=473 CharacterOffsetEnd=476 PartOfSpeech=SCONJ Lemma=que NamedEntityTag=O]
[Text=si CharacterOffsetBegin=477 CharacterOffsetEnd=479 PartOfSpeech=SCONJ Lemma=si NamedEntityTag=O]
[Text=el CharacterOffsetBegin=480 CharacterOffsetEnd=482 PartOfSpeech=DET Lemma=el NamedEntityTag=O]
[Text=de CharacterOffsetBegin=483 CharacterOffsetEnd=485 PartOfSpeech=ADP Lemma=de NamedEntityTag=O]
[Text=la CharacterOffsetBegin=486 CharacterOffsetEnd=488 PartOfSpeech=DET Lemma=la NamedEntityTag=O]
[Text=voz CharacterOffsetBegin=489 CharacterOffsetEnd=492 PartOfSpeech=NOUN Lemma=voz NamedEntityTag=O]
[Text=seguía CharacterOffsetBegin=493 CharacterOffsetEnd=499 PartOfSpeech=VERB Lemma=seguía NamedEntityTag=O]
[Text=con CharacterOffsetBegin=500 CharacterOffsetEnd=503 PartOfSpeech=ADP Lemma=con NamedEntityTag=O]
[Text=las CharacterOffsetBegin=504 CharacterOffsetEnd=507 PartOfSpeech=DET Lemma=las NamedEntityTag=O]
[Text=mismas CharacterOffsetBegin=508 CharacterOffsetEnd=514 PartOfSpeech=DET Lemma=mismas NamedEntityTag=O]
[Text=ideas CharacterOffsetBegin=515 CharacterOffsetEnd=520 PartOfSpeech=NOUN Lemma=ideas NamedEntityTag=O]
[Text=podía CharacterOffsetBegin=521 CharacterOffsetEnd=526 PartOfSpeech=AUX Lemma=podía NamedEntityTag=O]
[Text=" CharacterOffsetBegin=527 CharacterOffsetEnd=528 PartOfSpeech=PUNCT Lemma=" NamedEntityTag=O]
[Text=conec CharacterOffsetBegin=528 CharacterOffsetEnd=533 PartOfSpeech=VERB Lemma=conec NamedEntityTag=O]
[Text=tarlo CharacterOffsetBegin=534 CharacterOffsetEnd=539 PartOfSpeech=NOUN Lemma=tarlo NamedEntityTag=O]
[Text=" CharacterOffsetBegin=539 CharacterOffsetEnd=540 PartOfSpeech=PUNCT Lemma=" NamedEntityTag=O]
[Text=con CharacterOffsetBegin=541 CharacterOffsetEnd=544 PartOfSpeech=ADP Lemma=con NamedEntityTag=O]
[Text=otras CharacterOffsetBegin=545 CharacterOffsetEnd=550 PartOfSpeech=DET Lemma=otras NamedEntityTag=O]
[Text=personas CharacterOffsetBegin=551 CharacterOffsetEnd=559 PartOfSpeech=NOUN Lemma=personas NamedEntityTag=O]
[Text=de CharacterOffsetBegin=560 CharacterOffsetEnd=562 PartOfSpeech=ADP Lemma=de NamedEntityTag=O]
[Text=la CharacterOffsetBegin=563 CharacterOffsetEnd=565 PartOfSpeech=DET Lemma=la NamedEntityTag=O]
[Text=misma CharacterOffsetBegin=566 CharacterOffsetEnd=571 PartOfSpeech=DET Lemma=misma NamedEntityTag=O]
[Text=tendencia CharacterOffsetBegin=572 CharacterOffsetEnd=581 PartOfSpeech=NOUN Lemma=tendencia NamedEntityTag=O]
[Text=, CharacterOffsetBegin=581 CharacterOffsetEnd=582 PartOfSpeech=PUNCT Lemma=, NamedEntityTag=O]
[Text=seña CharacterOffsetBegin=583 CharacterOffsetEnd=587 PartOfSpeech=NOUN Lemma=seña NamedEntityTag=O]
[Text=lándole CharacterOffsetBegin=588 CharacterOffsetEnd=595 PartOfSpeech=NOUN Lemma=lándole NamedEntityTag=O]
[Text=que CharacterOffsetBegin=596 CharacterOffsetEnd=599 PartOfSpeech=PRON Lemma=que NamedEntityTag=O]
[Text=conocía CharacterOffsetBegin=600 CharacterOffsetEnd=607 PartOfSpeech=VERB Lemma=conocía NamedEntityTag=O]
[Text=a CharacterOffsetBegin=608 CharacterOffsetEnd=609 PartOfSpeech=ADP Lemma=a NamedEntityTag=O]
[Text=un CharacterOffsetBegin=610 CharacterOffsetEnd=612 PartOfSpeech=DET Lemma=un NamedEntityTag=O]
[Text=elemento CharacterOffsetBegin=613 CharacterOffsetEnd=621 PartOfSpeech=NOUN Lemma=elemento NamedEntityTag=O]
[Text=de CharacterOffsetBegin=622 CharacterOffsetEnd=624 PartOfSpeech=ADP Lemma=de NamedEntityTag=O]
[Text=la CharacterOffsetBegin=625 CharacterOffsetEnd=627 PartOfSpeech=DET Lemma=la NamedEntityTag=O]
[Text=LIGA CharacterOffsetBegin=628 CharacterOffsetEnd=632 PartOfSpeech=PROPN Lemma=liga NamedEntityTag=O]
[Text=COMUNISTA CharacterOffsetBegin=633 CharacterOffsetEnd=642 PartOfSpeech=PROPN Lemma=comunista NamedEntityTag=IDEOLOGY]
[Text=23 CharacterOffsetBegin=643 CharacterOffsetEnd=645 PartOfSpeech=NUM Lemma=23 NamedEntityTag=DATE NormalizedNamedEntityTag=XXXX-XX-23 Timex=<TIMEX3 tid="t1" type="DATE" value="XXXX-XX-23">23 DE SEPTIEMBRE</TIMEX3>]
[Text=DE CharacterOffsetBegin=646 CharacterOffsetEnd=648 PartOfSpeech=ADP Lemma=de NamedEntityTag=DATE NormalizedNamedEntityTag=XXXX-XX-23 Timex=<TIMEX3 tid="t1" type="DATE" value="XXXX-XX-23">23 DE SEPTIEMBRE</TIMEX3>]
[Text=SEPTIEMBRE CharacterOffsetBegin=649 CharacterOffsetEnd=659 PartOfSpeech=NOUN Lemma=septiembre NamedEntityTag=DATE NormalizedNamedEntityTag=XXXX-XX-23 Timex=<TIMEX3 tid="t1" type="DATE" value="XXXX-XX-23">23 DE SEPTIEMBRE</TIMEX3>]
[Text=" CharacterOffsetBegin=659 CharacterOffsetEnd=660 PartOfSpeech=PUNCT Lemma=" NamedEntityTag=O]
[Text=de CharacterOffsetBegin=661 CharacterOffsetEnd=663 PartOfSpeech=ADP Lemma=de NamedEntityTag=O]
[Text=nombre CharacterOffsetBegin=664 CharacterOffsetEnd=670 PartOfSpeech=NOUN Lemma=nombre NamedEntityTag=O]
[Text=" CharacterOffsetBegin=671 CharacterOffsetEnd=672 PartOfSpeech=PUNCT Lemma=" NamedEntityTag=O]
[Text=PANCHO CharacterOffsetBegin=672 CharacterOffsetEnd=678 PartOfSpeech=PROPN Lemma=pancho NamedEntityTag=ORGANIZATION]
[Text=" CharacterOffsetBegin=678 CharacterOffsetEnd=679 PartOfSpeech=PUNCT Lemma=" NamedEntityTag=O]
[Text=; CharacterOffsetBegin=679 CharacterOffsetEnd=680 PartOfSpeech=PUNCT Lemma=; NamedEntityTag=O]
[Text=que CharacterOffsetBegin=681 CharacterOffsetEnd=684 PartOfSpeech=PRON Lemma=que NamedEntityTag=O]
[Text=como CharacterOffsetBegin=685 CharacterOffsetEnd=689 PartOfSpeech=SCONJ Lemma=como NamedEntityTag=O]
[Text=el CharacterOffsetBegin=690 CharacterOffsetEnd=692 PartOfSpeech=DET Lemma=el NamedEntityTag=O]
[Text=- CharacterOffsetBegin=693 CharacterOffsetEnd=694 PartOfSpeech=PUNCT Lemma=- NamedEntityTag=O]

Dependency Parse (enhanced plus plus dependencies):
root(ROOT-0, Exp-1)
advcl(expulsado-66, considerar-74)
obj(considerar-74, lo-75)
nummod(Exp-1, 11-238-75-2)
flat(Exp-1, -15-3)
punct(persona-7, --4)
nummod(persona-7, H-68-5)
nummod(persona-7, L-2-6)
appos(Exp-1, persona-7)
nsubj(estado-11, que-8)
advmod(estado-11, también-9)
aux(estado-11, había-10)
acl(persona-7, estado-11)
case(Sierra-14, en-12)
det(Sierra-14, la-13)
obl(estado-11, Sierra-14)
case(Hidalgo-17, de-15)
punct(Hidalgo-17, --16)
flat(Sierra-14, Hidalgo-17)
punct(persona-7, ,-18)
case(que-21, a-19)
det(que-21, la-20)
obj(abordó-22, que-21)
acl(Exp-1, abordó-22)
cc(reconoció-26, y-23)
nsubj(reconoció-26, quien-24)
obj(reconoció-26, lo-25)
acl(Exp-1, reconoció-26)
conj:y(abordó-22, reconoció-26)
mark(compañero-29, como-27)
punct(compañero-29, "-28)
obj(reconoció-26, compañero-29)
case(lucha-31, de-30)
nmod(compañero-29, lucha-31)
punct(compañero-29, "-32)
punct(hicieron-37, ,-33)
mark(hicieron-37, por-34)
det(hicieron-37, lo-35)
nsubj(hicieron-37, que-36)
advcl(Exp-1, hicieron-37)
obj(hicieron-37, recordatorio-38)
case(actividades-41, de-39)
det(actividades-41, sus-40)
nmod(recordatorio-38, actividades-41)
case(sierra-44, en-42)
det(sierra-44, la-43)
obl(hicieron-37, sierra-44)
cc(dijo-50, y-45)
det(individuo-47, ese-46)
nsubj(dijo-50, individuo-47)
iobj(dijo-50, le-48)
punct(dijo-50, --49)
advcl(Exp-1, dijo-50)
conj:y(hicieron-37, dijo-50)
mark(DOCTOR-55, que-51)
cop(DOCTOR-55, era-52)
det(DOCTOR-55, el-53)
punct(DOCTOR-55, "-54)
ccomp(dijo-50, DOCTOR-55)
amod(DOCTOR-55, ELEUTERIO-56)
punct(DOCTOR-55, "-57)
punct(dijo-61, ,-58)
nsubj(dijo-61, quien-59)
iobj(dijo-61, le-60)
acl(DOCTOR-55, dijo-61)
punct(expulsado-66, --62)
mark(expulsado-66, que-63)
aux(expulsado-66, había-64)
aux(expulsado-66, sido-65)
ccomp(dijo-61, expulsado-66)
case(FRENTE-69, del-67)
punct(FRENTE-69, "-68)
obl(expulsado-66, FRENTE-69)
flat(FRENTE-69, ARMADO-70)
case(PUEBLO-72, DEL-71)
flat(FRENTE-69, PUEBLO-72)
mark(considerar-74, por-73)
amod(burgués-77, pequeño-76)
obj(considerar-74, burgués-77)
punct(perdido-85, ,-78)
mark(perdido-85, debido-79)
fixed(debido-79, a-80)
det(perdido-85, lo-81)
obl(perdido-85, cual-82)
punct(perdido-85, --83)
aux(perdido-85, había-84)
advcl(expulsado-66, perdido-85)
det(contacto-87, todo-86)
obj(perdido-85, contacto-87)
case(OMAR-90, con-88)
punct(OMAR-90, "-89)
obl(perdido-85, OMAR-90)
punct(OMAR-90, "-91)
punct(conec-107, ,-92)
cc(conec-107, pero-93)
mark(conec-107, que-94)
mark(seguía-100, si-95)
det(seguía-100, el-96)
case(el-96, de-97)
det(voz-99, la-98)
nsubj(el-96, voz-99)
advcl(conec-107, seguía-100)
case(ideas-104, con-101)
det(ideas-104, las-102)
det(las-102, mismas-103)
obj(seguía-100, ideas-104)
aux(conec-107, podía-105)
punct(conec-107, "-106)
ccomp(dijo-61, conec-107)
conj:pero(expulsado-66, conec-107)
obj(conec-107, tarlo-108)
punct(personas-112, "-109)
case(personas-112, con-110)
det(personas-112, otras-111)
nmod(tarlo-108, personas-112)
case(tendencia-116, de-113)
det(tendencia-116, la-114)
det(la-114, misma-115)
nmod(personas-112, tendencia-116)
punct(seña-118, ,-117)
appos(personas-112, seña-118)
nmod(seña-118, lándole-119)
nsubj(conocía-121, que-120)
acl(seña-118, conocía-121)
case(elemento-124, a-122)
det(elemento-124, un-123)
obj(conocía-121, elemento-124)
case(LIGA-127, de-125)
det(LIGA-127, la-126)
nmod(elemento-124, LIGA-127)
flat(LIGA-127, COMUNISTA-128)
nummod(LIGA-127, 23-129)
case(SEPTIEMBRE-131, DE-130)
nmod(elemento-124, SEPTIEMBRE-131)
punct(nombre-134, "-132)
case(nombre-134, de-133)
nmod(SEPTIEMBRE-131, nombre-134)
punct(nombre-134, "-135)
appos(SEPTIEMBRE-131, PANCHO-136)
punct(personas-112, "-137)
punct(expulsado-66, ;-138)
advcl(expulsado-66, que-139)
mark(el-141, como-140)
det(que-139, el-141)
punct(el-141, --142)

Extracted the following NER entity mentions:
la Sierra	CITY	-
Hidalgo	PERSON	PERSON:0.541034116403774
compañero	TITLE	-
DOCTOR	TITLE	-
COMUNISTA	IDEOLOGY	-
23 DE SEPTIEMBRE	DATE	DATE:-1.0
PANCHO	ORGANIZATION	ORGANIZATION:0.5204885276663778
