Document: ID=file_193.txt (7 sentences, 133 tokens)

Sentence #1 (6 tokens):
UNIVERSIDAD AUONOMA
DE GUERRERO
Exp.

Tokens:
[Text=UNIVERSIDAD CharacterOffsetBegin=0 CharacterOffsetEnd=11 PartOfSpeech=PROPN Lemma=universidad NamedEntityTag=O]
[Text=AUONOMA CharacterOffsetBegin=12 CharacterOffsetEnd=19 PartOfSpeech=PROPN Lemma=auonoma NamedEntityTag=O]
[Text=DE CharacterOffsetBegin=20 CharacterOffsetEnd=22 PartOfSpeech=ADP Lemma=de NamedEntityTag=O]
[Text=GUERRERO CharacterOffsetBegin=23 CharacterOffsetEnd=31 PartOfSpeech=PROPN Lemma=guerrero NamedEntityTag=TITLE]
[Text=Exp CharacterOffsetBegin=32 CharacterOffsetEnd=35 PartOfSpeech=PROPN Lemma=exp NamedEntityTag=MISC]
[Text=. CharacterOffsetBegin=35 CharacterOffsetEnd=36 PartOfSpeech=PUNCT Lemma=. NamedEntityTag=O]

Dependency Parse (enhanced plus plus dependencies):
root(ROOT-0, UNIVERSIDAD-1)
flat(UNIVERSIDAD-1, AUONOMA-2)
case(GUERRERO-4, DE-3)
flat(UNIVERSIDAD-1, GUERRERO-4)
flat(UNIVERSIDAD-1, Exp-5)
punct(UNIVERSIDAD-1, .-6)

Extracted the following NER entity mentions:
GUERRERO	TITLE	MISC:0.3462100373383794
Exp	MISC	MISC:0.38725446099762767

Sentence #2 (61 tokens):
- 100-10-1-76-
H-110 L-58
(49)
disposiciones  lesionan los intereses de la UAG,
manifestaron que está siendo revisada por las -
autoridades estatales, las que solicitaron 6 --
copias de los agravios para integrar los expedien
te respectivo y proseguir con las acusaciones -
haciendo notar que el juicio se está llevando en -
forma descuidada.

Tokens:
[Text=- CharacterOffsetBegin=36 CharacterOffsetEnd=37 PartOfSpeech=PUNCT Lemma=- NamedEntityTag=O]
[Text=100-10-1-76 CharacterOffsetBegin=38 CharacterOffsetEnd=49 PartOfSpeech=NOUN Lemma=100-10-1-76 NamedEntityTag=O]
[Text=- CharacterOffsetBegin=49 CharacterOffsetEnd=50 PartOfSpeech=PUNCT Lemma=- NamedEntityTag=O]
[Text=H-110 CharacterOffsetBegin=51 CharacterOffsetEnd=56 PartOfSpeech=PROPN Lemma=h-110 NamedEntityTag=O]
[Text=L-58 CharacterOffsetBegin=57 CharacterOffsetEnd=61 PartOfSpeech=PROPN Lemma=l-58 NamedEntityTag=O]
[Text=( CharacterOffsetBegin=62 CharacterOffsetEnd=63 PartOfSpeech=PUNCT Lemma=( NamedEntityTag=O]
[Text=49 CharacterOffsetBegin=63 CharacterOffsetEnd=65 PartOfSpeech=NUM Lemma=49 NamedEntityTag=NUMBER NormalizedNamedEntityTag=49.0]
[Text=) CharacterOffsetBegin=65 CharacterOffsetEnd=66 PartOfSpeech=PUNCT Lemma=) NamedEntityTag=O]
[Text=disposiciones CharacterOffsetBegin=67 CharacterOffsetEnd=80 PartOfSpeech=NOUN Lemma=disposiciones NamedEntityTag=O]
[Text=lesionan CharacterOffsetBegin=82 CharacterOffsetEnd=90 PartOfSpeech=VERB Lemma=lesionan NamedEntityTag=O]
[Text=los CharacterOffsetBegin=91 CharacterOffsetEnd=94 PartOfSpeech=DET Lemma=los NamedEntityTag=O]
[Text=intereses CharacterOffsetBegin=95 CharacterOffsetEnd=104 PartOfSpeech=NOUN Lemma=intereses NamedEntityTag=O]
[Text=de CharacterOffsetBegin=105 CharacterOffsetEnd=107 PartOfSpeech=ADP Lemma=de NamedEntityTag=O]
[Text=la CharacterOffsetBegin=108 CharacterOffsetEnd=110 PartOfSpeech=DET Lemma=la NamedEntityTag=O]
[Text=UAG CharacterOffsetBegin=111 CharacterOffsetEnd=114 PartOfSpeech=PROPN Lemma=uag NamedEntityTag=ORGANIZATION]
[Text=, CharacterOffsetBegin=114 CharacterOffsetEnd=115 PartOfSpeech=PUNCT Lemma=, NamedEntityTag=O]
[Text=manifestaron CharacterOffsetBegin=116 CharacterOffsetEnd=128 PartOfSpeech=VERB Lemma=manifestaron NamedEntityTag=O]
[Text=que CharacterOffsetBegin=129 CharacterOffsetEnd=132 PartOfSpeech=SCONJ Lemma=que NamedEntityTag=O]
[Text=está CharacterOffsetBegin=133 CharacterOffsetEnd=137 PartOfSpeech=AUX Lemma=está NamedEntityTag=O]
[Text=siendo CharacterOffsetBegin=138 CharacterOffsetEnd=144 PartOfSpeech=AUX Lemma=siendo NamedEntityTag=O]
[Text=revisada CharacterOffsetBegin=145 CharacterOffsetEnd=153 PartOfSpeech=ADJ Lemma=revisada NamedEntityTag=O]
[Text=por CharacterOffsetBegin=154 CharacterOffsetEnd=157 PartOfSpeech=ADP Lemma=por NamedEntityTag=O]
[Text=las CharacterOffsetBegin=158 CharacterOffsetEnd=161 PartOfSpeech=DET Lemma=las NamedEntityTag=O]
[Text=- CharacterOffsetBegin=162 CharacterOffsetEnd=163 PartOfSpeech=PUNCT Lemma=- NamedEntityTag=O]
[Text=autoridades CharacterOffsetBegin=164 CharacterOffsetEnd=175 PartOfSpeech=NOUN Lemma=autoridades NamedEntityTag=O]
[Text=estatales CharacterOffsetBegin=176 CharacterOffsetEnd=185 PartOfSpeech=ADJ Lemma=estatales NamedEntityTag=O]
[Text=, CharacterOffsetBegin=185 CharacterOffsetEnd=186 PartOfSpeech=PUNCT Lemma=, NamedEntityTag=O]
[Text=las CharacterOffsetBegin=187 CharacterOffsetEnd=190 PartOfSpeech=DET Lemma=las NamedEntityTag=O]
[Text=que CharacterOffsetBegin=191 CharacterOffsetEnd=194 PartOfSpeech=PRON Lemma=que NamedEntityTag=O]
[Text=solicitaron CharacterOffsetBegin=195 CharacterOffsetEnd=206 PartOfSpeech=VERB Lemma=solicitaron NamedEntityTag=O]
[Text=6 CharacterOffsetBegin=207 CharacterOffsetEnd=208 PartOfSpeech=NUM Lemma=6 NamedEntityTag=NUMBER NormalizedNamedEntityTag=6.0]
[Text=-- CharacterOffsetBegin=209 CharacterOffsetEnd=211 PartOfSpeech=NUM Lemma=-- NamedEntityTag=O]
[Text=copias CharacterOffsetBegin=212 CharacterOffsetEnd=218 PartOfSpeech=NOUN Lemma=copias NamedEntityTag=O]
[Text=de CharacterOffsetBegin=219 CharacterOffsetEnd=221 PartOfSpeech=ADP Lemma=de NamedEntityTag=O]
[Text=los CharacterOffsetBegin=222 CharacterOffsetEnd=225 PartOfSpeech=DET Lemma=los NamedEntityTag=O]
[Text=agravios CharacterOffsetBegin=226 CharacterOffsetEnd=234 PartOfSpeech=NOUN Lemma=agravios NamedEntityTag=O]
[Text=para CharacterOffsetBegin=235 CharacterOffsetEnd=239 PartOfSpeech=ADP Lemma=para NamedEntityTag=O]
[Text=integrar CharacterOffsetBegin=240 CharacterOffsetEnd=248 PartOfSpeech=VERB Lemma=integrar NamedEntityTag=O]
[Text=los CharacterOffsetBegin=249 CharacterOffsetEnd=252 PartOfSpeech=DET Lemma=los NamedEntityTag=O]
[Text=expedien CharacterOffsetBegin=253 CharacterOffsetEnd=261 PartOfSpeech=NOUN Lemma=expedien NamedEntityTag=O]
[Text=te CharacterOffsetBegin=262 CharacterOffsetEnd=264 PartOfSpeech=PRON Lemma=te NamedEntityTag=O]
[Text=respectivo CharacterOffsetBegin=265 CharacterOffsetEnd=275 PartOfSpeech=ADJ Lemma=respectivo NamedEntityTag=O]
[Text=y CharacterOffsetBegin=276 CharacterOffsetEnd=277 PartOfSpeech=CCONJ Lemma=y NamedEntityTag=O]
[Text=proseguir CharacterOffsetBegin=278 CharacterOffsetEnd=287 PartOfSpeech=VERB Lemma=proseguir NamedEntityTag=O]
[Text=con CharacterOffsetBegin=288 CharacterOffsetEnd=291 PartOfSpeech=ADP Lemma=con NamedEntityTag=O]
[Text=las CharacterOffsetBegin=292 CharacterOffsetEnd=295 PartOfSpeech=DET Lemma=las NamedEntityTag=O]
[Text=acusaciones CharacterOffsetBegin=296 CharacterOffsetEnd=307 PartOfSpeech=NOUN Lemma=acusaciones NamedEntityTag=O]
[Text=- CharacterOffsetBegin=308 CharacterOffsetEnd=309 PartOfSpeech=PUNCT Lemma=- NamedEntityTag=O]
[Text=haciendo CharacterOffsetBegin=310 CharacterOffsetEnd=318 PartOfSpeech=VERB Lemma=haciendo NamedEntityTag=O]
[Text=notar CharacterOffsetBegin=319 CharacterOffsetEnd=324 PartOfSpeech=AUX Lemma=notar NamedEntityTag=O]
[Text=que CharacterOffsetBegin=325 CharacterOffsetEnd=328 PartOfSpeech=SCONJ Lemma=que NamedEntityTag=O]
[Text=el CharacterOffsetBegin=329 CharacterOffsetEnd=331 PartOfSpeech=DET Lemma=el NamedEntityTag=O]
[Text=juicio CharacterOffsetBegin=332 CharacterOffsetEnd=338 PartOfSpeech=NOUN Lemma=juicio NamedEntityTag=O]
[Text=se CharacterOffsetBegin=339 CharacterOffsetEnd=341 PartOfSpeech=PRON Lemma=se NamedEntityTag=O]
[Text=está CharacterOffsetBegin=342 CharacterOffsetEnd=346 PartOfSpeech=AUX Lemma=está NamedEntityTag=O]
[Text=llevando CharacterOffsetBegin=347 CharacterOffsetEnd=355 PartOfSpeech=VERB Lemma=llevando NamedEntityTag=O]
[Text=en CharacterOffsetBegin=356 CharacterOffsetEnd=358 PartOfSpeech=ADP Lemma=en NamedEntityTag=O]
[Text=- CharacterOffsetBegin=359 CharacterOffsetEnd=360 PartOfSpeech=PUNCT Lemma=- NamedEntityTag=O]
[Text=forma CharacterOffsetBegin=361 CharacterOffsetEnd=366 PartOfSpeech=NOUN Lemma=forma NamedEntityTag=O]
[Text=descuidada CharacterOffsetBegin=367 CharacterOffsetEnd=377 PartOfSpeech=ADJ Lemma=descuidada NamedEntityTag=O]
[Text=. CharacterOffsetBegin=377 CharacterOffsetEnd=378 PartOfSpeech=PUNCT Lemma=. NamedEntityTag=O]

Dependency Parse (enhanced plus plus dependencies):
root(ROOT-0, manifestaron-17)
punct(100-10-1-76-2, --1)
obl(manifestaron-17, 100-10-1-76-2)
punct(100-10-1-76-2, --3)
appos(100-10-1-76-2, H-110-4)
flat(H-110-4, L-58-5)
punct(49-7, (-6)
appos(100-10-1-76-2, 49-7)
punct(49-7, )-8)
nsubj(lesionan-10, disposiciones-9)
acl(100-10-1-76-2, lesionan-10)
det(intereses-12, los-11)
obj(lesionan-10, intereses-12)
case(UAG-15, de-13)
det(UAG-15, la-14)
nmod(intereses-12, UAG-15)
punct(100-10-1-76-2, ,-16)
mark(revisada-21, que-18)
aux(revisada-21, está-19)
cop(revisada-21, siendo-20)
ccomp(manifestaron-17, revisada-21)
case(autoridades-25, por-22)
det(autoridades-25, las-23)
punct(autoridades-25, --24)
obj(revisada-21, autoridades-25)
amod(autoridades-25, estatales-26)
punct(solicitaron-30, ,-27)
det(que-29, las-28)
nsubj(solicitaron-30, que-29)
acl(autoridades-25, solicitaron-30)
nummod(copias-33, 6-31)
compound(6-31, ---32)
obj(solicitaron-30, copias-33)
case(agravios-36, de-34)
det(agravios-36, los-35)
nmod(copias-33, agravios-36)
mark(integrar-38, para-37)
advcl(solicitaron-30, integrar-38)
det(expedien-40, los-39)
obj(integrar-38, expedien-40)
obj(respectivo-42, te-41)
amod(expedien-40, respectivo-42)
cc(proseguir-44, y-43)
advcl(solicitaron-30, proseguir-44)
conj:y(integrar-38, proseguir-44)
case(acusaciones-47, con-45)
det(acusaciones-47, las-46)
obl(proseguir-44, acusaciones-47)
punct(llevando-56, --48)
aux(llevando-56, haciendo-49)
aux(llevando-56, notar-50)
mark(llevando-56, que-51)
det(juicio-53, el-52)
nsubj(llevando-56, juicio-53)
obj(llevando-56, se-54)
aux(llevando-56, está-55)
advcl(solicitaron-30, llevando-56)
case(forma-59, en-57)
punct(forma-59, --58)
obl(llevando-56, forma-59)
amod(forma-59, descuidada-60)
punct(manifestaron-17, .-61)

Extracted the following NER entity mentions:
49	NUMBER	NUMBER:-1.0
UAG	ORGANIZATION	ORGANIZATION:0.9659273251580095
6	NUMBER	NUMBER:-1.0

Sentence #3 (2 tokens):
Exp.

Tokens:
[Text=Exp CharacterOffsetBegin=379 CharacterOffsetEnd=382 PartOfSpeech=PROPN Lemma=exp NamedEntityTag=O]
[Text=. CharacterOffsetBegin=382 CharacterOffsetEnd=383 PartOfSpeech=PUNCT Lemma=. NamedEntityTag=O]

Dependency Parse (enhanced plus plus dependencies):
root(ROOT-0, Exp-1)
punct(Exp-1, .-2)

Extracted the following NER entity mentions:

Sentence #4 (6 tokens):
- 100-10-1-76
H-153 L-58
3.

Tokens:
[Text=- CharacterOffsetBegin=383 CharacterOffsetEnd=384 PartOfSpeech=PUNCT Lemma=- NamedEntityTag=O]
[Text=100-10-1-76 CharacterOffsetBegin=385 CharacterOffsetEnd=396 PartOfSpeech=NUM Lemma=100-10-1-76 NamedEntityTag=O]
[Text=H-153 CharacterOffsetBegin=397 CharacterOffsetEnd=402 PartOfSpeech=NUM Lemma=h-153 NamedEntityTag=O]
[Text=L-58 CharacterOffsetBegin=403 CharacterOffsetEnd=407 PartOfSpeech=NUM Lemma=l-58 NamedEntityTag=O]
[Text=3 CharacterOffsetBegin=408 CharacterOffsetEnd=409 PartOfSpeech=NUM Lemma=3 NamedEntityTag=NUMBER NormalizedNamedEntityTag=3.0]
[Text=. CharacterOffsetBegin=409 CharacterOffsetEnd=410 PartOfSpeech=PUNCT Lemma=. NamedEntityTag=O]

Dependency Parse (enhanced plus plus dependencies):
root(ROOT-0, 100-10-1-76-2)
punct(100-10-1-76-2, --1)
appos(100-10-1-76-2, H-153-3)
appos(H-153-3, L-58-4)
compound(L-58-4, 3-5)
punct(100-10-1-76-2, .-6)

Extracted the following NER entity mentions:
3	NUMBER	NUMBER:-1.0

Sentence #5 (2 tokens):
Mar.76.

Tokens:
[Text=Mar.76 CharacterOffsetBegin=410 CharacterOffsetEnd=416 PartOfSpeech=NOUN Lemma=mar.76 NamedEntityTag=O]
[Text=. CharacterOffsetBegin=416 CharacterOffsetEnd=417 PartOfSpeech=PUNCT Lemma=. NamedEntityTag=O]

Dependency Parse (enhanced plus plus dependencies):
root(ROOT-0, Mar.76-1)
punct(Mar.76-1, .-2)

Extracted the following NER entity mentions:

Sentence #6 (36 tokens):
- El 2 actual el Sindicato de Trabajado -
res Administrativos de Intendencia de la Univer-
sidad Autónoma de Guerrero, acordó lanzarse a la
huelga, luchando por mejoras en sus salarios.

Tokens:
[Text=- CharacterOffsetBegin=417 CharacterOffsetEnd=418 PartOfSpeech=PUNCT Lemma=- NamedEntityTag=O]
[Text=El CharacterOffsetBegin=419 CharacterOffsetEnd=421 PartOfSpeech=DET Lemma=el NamedEntityTag=O]
[Text=2 CharacterOffsetBegin=422 CharacterOffsetEnd=423 PartOfSpeech=NUM Lemma=2 NamedEntityTag=NUMBER NormalizedNamedEntityTag=2.0]
[Text=actual CharacterOffsetBegin=424 CharacterOffsetEnd=430 PartOfSpeech=ADJ Lemma=actual NamedEntityTag=O]
[Text=el CharacterOffsetBegin=431 CharacterOffsetEnd=433 PartOfSpeech=DET Lemma=el NamedEntityTag=O]
[Text=Sindicato CharacterOffsetBegin=434 CharacterOffsetEnd=443 PartOfSpeech=PROPN Lemma=sindicato NamedEntityTag=MISC]
[Text=de CharacterOffsetBegin=444 CharacterOffsetEnd=446 PartOfSpeech=ADP Lemma=de NamedEntityTag=MISC]
[Text=Trabajado CharacterOffsetBegin=447 CharacterOffsetEnd=456 PartOfSpeech=PROPN Lemma=trabajado NamedEntityTag=MISC]
[Text=- CharacterOffsetBegin=457 CharacterOffsetEnd=458 PartOfSpeech=PUNCT Lemma=- NamedEntityTag=O]
[Text=res CharacterOffsetBegin=459 CharacterOffsetEnd=462 PartOfSpeech=NOUN Lemma=res NamedEntityTag=O]
[Text=Administrativos CharacterOffsetBegin=463 CharacterOffsetEnd=478 PartOfSpeech=ADJ Lemma=administrativos NamedEntityTag=MISC]
[Text=de CharacterOffsetBegin=479 CharacterOffsetEnd=481 PartOfSpeech=ADP Lemma=de NamedEntityTag=MISC]
[Text=Intendencia CharacterOffsetBegin=482 CharacterOffsetEnd=493 PartOfSpeech=PROPN Lemma=intendencia NamedEntityTag=MISC]
[Text=de CharacterOffsetBegin=494 CharacterOffsetEnd=496 PartOfSpeech=ADP Lemma=de NamedEntityTag=MISC]
[Text=la CharacterOffsetBegin=497 CharacterOffsetEnd=499 PartOfSpeech=DET Lemma=la NamedEntityTag=MISC]
[Text=Univer CharacterOffsetBegin=500 CharacterOffsetEnd=506 PartOfSpeech=PROPN Lemma=univer NamedEntityTag=MISC]
[Text=- CharacterOffsetBegin=506 CharacterOffsetEnd=507 PartOfSpeech=PUNCT Lemma=- NamedEntityTag=MISC]
[Text=sidad CharacterOffsetBegin=508 CharacterOffsetEnd=513 PartOfSpeech=NOUN Lemma=sidad NamedEntityTag=MISC]
[Text=Autónoma CharacterOffsetBegin=514 CharacterOffsetEnd=522 PartOfSpeech=PROPN Lemma=autónoma NamedEntityTag=MISC]
[Text=de CharacterOffsetBegin=523 CharacterOffsetEnd=525 PartOfSpeech=ADP Lemma=de NamedEntityTag=MISC]
[Text=Guerrero CharacterOffsetBegin=526 CharacterOffsetEnd=534 PartOfSpeech=PROPN Lemma=guerrero NamedEntityTag=TITLE]
[Text=, CharacterOffsetBegin=534 CharacterOffsetEnd=535 PartOfSpeech=PUNCT Lemma=, NamedEntityTag=O]
[Text=acordó CharacterOffsetBegin=536 CharacterOffsetEnd=542 PartOfSpeech=VERB Lemma=acordó NamedEntityTag=O]
[Text=lanzar CharacterOffsetBegin=543 CharacterOffsetEnd=551 PartOfSpeech=VERB Lemma=lanzar NamedEntityTag=O]
[Text=se CharacterOffsetBegin=543 CharacterOffsetEnd=551 PartOfSpeech=PRON Lemma=se NamedEntityTag=O]
[Text=a CharacterOffsetBegin=552 CharacterOffsetEnd=553 PartOfSpeech=ADP Lemma=a NamedEntityTag=O]
[Text=la CharacterOffsetBegin=554 CharacterOffsetEnd=556 PartOfSpeech=DET Lemma=la NamedEntityTag=O]
[Text=huelga CharacterOffsetBegin=557 CharacterOffsetEnd=563 PartOfSpeech=NOUN Lemma=huelga NamedEntityTag=O]
[Text=, CharacterOffsetBegin=563 CharacterOffsetEnd=564 PartOfSpeech=PUNCT Lemma=, NamedEntityTag=O]
[Text=luchando CharacterOffsetBegin=565 CharacterOffsetEnd=573 PartOfSpeech=VERB Lemma=luchando NamedEntityTag=O]
[Text=por CharacterOffsetBegin=574 CharacterOffsetEnd=577 PartOfSpeech=ADP Lemma=por NamedEntityTag=O]
[Text=mejoras CharacterOffsetBegin=578 CharacterOffsetEnd=585 PartOfSpeech=NOUN Lemma=mejoras NamedEntityTag=O]
[Text=en CharacterOffsetBegin=586 CharacterOffsetEnd=588 PartOfSpeech=ADP Lemma=en NamedEntityTag=O]
[Text=sus CharacterOffsetBegin=589 CharacterOffsetEnd=592 PartOfSpeech=DET Lemma=sus NamedEntityTag=O]
[Text=salarios CharacterOffsetBegin=593 CharacterOffsetEnd=601 PartOfSpeech=NOUN Lemma=salarios NamedEntityTag=O]
[Text=. CharacterOffsetBegin=601 CharacterOffsetEnd=602 PartOfSpeech=PUNCT Lemma=. NamedEntityTag=O]

Dependency Parse (enhanced plus plus dependencies):
root(ROOT-0, acordó-23)
xcomp(acordó-23, lanzar-24)
obj(lanzar-24, se-25)
punct(acordó-23, --1)
det(2-3, El-2)
nsubj(acordó-23, 2-3)
amod(2-3, actual-4)
det(Sindicato-6, el-5)
appos(2-3, Sindicato-6)
case(Trabajado-8, de-7)
flat(Sindicato-6, Trabajado-8)
punct(2-3, --9)
appos(2-3, res-10)
amod(res-10, Administrativos-11)
case(Intendencia-13, de-12)
nmod(res-10, Intendencia-13)
case(Univer-16, de-14)
det(Univer-16, la-15)
nmod(2-3, Univer-16)
punct(sidad-18, --17)
appos(Univer-16, sidad-18)
flat(sidad-18, Autónoma-19)
case(Guerrero-21, de-20)
nmod(sidad-18, Guerrero-21)
punct(sidad-18, ,-22)
case(huelga-28, a-26)
det(huelga-28, la-27)
obl(lanzar-24, huelga-28)
punct(luchando-30, ,-29)
advcl(acordó-23, luchando-30)
case(mejoras-32, por-31)
obl(luchando-30, mejoras-32)
case(salarios-35, en-33)
det(salarios-35, sus-34)
obl(luchando-30, salarios-35)
punct(acordó-23, .-36)

Extracted the following NER entity mentions:
2	NUMBER	NUMBER:-1.0
Sindicato de Trabajado	MISC	MISC:0.6184599323970866
Administrativos de Intendencia de la Univer-
sidad Autónoma de	MISC	MISC:0.18539098560119172
Guerrero	TITLE	MISC:0.8204806174557971

Sentence #7 (20 tokens):
To-
maron la Rectoría cerrando la puerta principal -
con una bandea Rojinegra, e informándoles a los

Tokens:
[Text=To CharacterOffsetBegin=603 CharacterOffsetEnd=605 PartOfSpeech=NOUN Lemma=to NamedEntityTag=O]
[Text=- CharacterOffsetBegin=605 CharacterOffsetEnd=606 PartOfSpeech=PUNCT Lemma=- NamedEntityTag=O]
[Text=maron CharacterOffsetBegin=607 CharacterOffsetEnd=612 PartOfSpeech=VERB Lemma=maron NamedEntityTag=O]
[Text=la CharacterOffsetBegin=613 CharacterOffsetEnd=615 PartOfSpeech=DET Lemma=la NamedEntityTag=O]
[Text=Rectoría CharacterOffsetBegin=616 CharacterOffsetEnd=624 PartOfSpeech=PROPN Lemma=rectoría NamedEntityTag=ORGANIZATION]
[Text=cerrando CharacterOffsetBegin=625 CharacterOffsetEnd=633 PartOfSpeech=VERB Lemma=cerrando NamedEntityTag=O]
[Text=la CharacterOffsetBegin=634 CharacterOffsetEnd=636 PartOfSpeech=DET Lemma=la NamedEntityTag=O]
[Text=puerta CharacterOffsetBegin=637 CharacterOffsetEnd=643 PartOfSpeech=NOUN Lemma=puerta NamedEntityTag=O]
[Text=principal CharacterOffsetBegin=644 CharacterOffsetEnd=653 PartOfSpeech=ADJ Lemma=principal NamedEntityTag=TITLE]
[Text=- CharacterOffsetBegin=654 CharacterOffsetEnd=655 PartOfSpeech=PUNCT Lemma=- NamedEntityTag=O]
[Text=con CharacterOffsetBegin=656 CharacterOffsetEnd=659 PartOfSpeech=ADP Lemma=con NamedEntityTag=O]
[Text=una CharacterOffsetBegin=660 CharacterOffsetEnd=663 PartOfSpeech=DET Lemma=una NamedEntityTag=O]
[Text=bandea CharacterOffsetBegin=664 CharacterOffsetEnd=670 PartOfSpeech=NOUN Lemma=bandea NamedEntityTag=O]
[Text=Rojinegra CharacterOffsetBegin=671 CharacterOffsetEnd=680 PartOfSpeech=PROPN Lemma=rojinegra NamedEntityTag=PERSON]
[Text=, CharacterOffsetBegin=680 CharacterOffsetEnd=681 PartOfSpeech=PUNCT Lemma=, NamedEntityTag=O]
[Text=e CharacterOffsetBegin=682 CharacterOffsetEnd=683 PartOfSpeech=CCONJ Lemma=e NamedEntityTag=O]
[Text=informando CharacterOffsetBegin=684 CharacterOffsetEnd=697 PartOfSpeech=VERB Lemma=informando NamedEntityTag=O]
[Text=les CharacterOffsetBegin=684 CharacterOffsetEnd=697 PartOfSpeech=PRON Lemma=les NamedEntityTag=O]
[Text=a CharacterOffsetBegin=698 CharacterOffsetEnd=699 PartOfSpeech=ADP Lemma=a NamedEntityTag=O]
[Text=los CharacterOffsetBegin=700 CharacterOffsetEnd=703 PartOfSpeech=DET Lemma=los NamedEntityTag=O]

Dependency Parse (enhanced plus plus dependencies):
root(ROOT-0, To-1)
acl(To-1, informando-17)
conj:e(maron-3, informando-17)
obj(informando-17, les-18)
punct(maron-3, --2)
acl(To-1, maron-3)
det(Rectoría-5, la-4)
nsubj(maron-3, Rectoría-5)
advcl(maron-3, cerrando-6)
det(puerta-8, la-7)
obj(cerrando-6, puerta-8)
amod(puerta-8, principal-9)
punct(bandea-13, --10)
case(bandea-13, con-11)
det(bandea-13, una-12)
nmod(puerta-8, bandea-13)
appos(bandea-13, Rojinegra-14)
punct(bandea-13, ,-15)
cc(informando-17, e-16)
case(los-20, a-19)
obj(informando-17, los-20)

Extracted the following NER entity mentions:
Rectoría	ORGANIZATION	ORGANIZATION:0.8888960083083649
principal	TITLE	-
Rojinegra	PERSON	PERSON:0.9232790615127804
