Document: ID=file_136.txt (4 sentences, 122 tokens)

Sentence #1 (25 tokens):
mentos estudiantiles que se han destacado por
su labor de agitación en esta Univ.-
Exp, 100-10-1-70
o H-34 L-36
26 -Mayo-70 .

Tokens:
[Text=mentos CharacterOffsetBegin=0 CharacterOffsetEnd=6 PartOfSpeech=NOUN Lemma=mentos NamedEntityTag=O]
[Text=estudiantiles CharacterOffsetBegin=7 CharacterOffsetEnd=20 PartOfSpeech=ADJ Lemma=estudiantiles NamedEntityTag=O]
[Text=que CharacterOffsetBegin=21 CharacterOffsetEnd=24 PartOfSpeech=PRON Lemma=que NamedEntityTag=O]
[Text=se CharacterOffsetBegin=25 CharacterOffsetEnd=27 PartOfSpeech=PRON Lemma=se NamedEntityTag=O]
[Text=han CharacterOffsetBegin=28 CharacterOffsetEnd=31 PartOfSpeech=AUX Lemma=han NamedEntityTag=O]
[Text=destacado CharacterOffsetBegin=32 CharacterOffsetEnd=41 PartOfSpeech=VERB Lemma=destacado NamedEntityTag=O]
[Text=por CharacterOffsetBegin=42 CharacterOffsetEnd=45 PartOfSpeech=ADP Lemma=por NamedEntityTag=O]
[Text=su CharacterOffsetBegin=46 CharacterOffsetEnd=48 PartOfSpeech=DET Lemma=su NamedEntityTag=O]
[Text=labor CharacterOffsetBegin=49 CharacterOffsetEnd=54 PartOfSpeech=NOUN Lemma=labor NamedEntityTag=O]
[Text=de CharacterOffsetBegin=55 CharacterOffsetEnd=57 PartOfSpeech=ADP Lemma=de NamedEntityTag=O]
[Text=agitación CharacterOffsetBegin=58 CharacterOffsetEnd=67 PartOfSpeech=NOUN Lemma=agitación NamedEntityTag=O]
[Text=en CharacterOffsetBegin=68 CharacterOffsetEnd=70 PartOfSpeech=ADP Lemma=en NamedEntityTag=O]
[Text=esta CharacterOffsetBegin=71 CharacterOffsetEnd=75 PartOfSpeech=DET Lemma=esta NamedEntityTag=O]
[Text=Univ. CharacterOffsetBegin=76 CharacterOffsetEnd=81 PartOfSpeech=PROPN Lemma=univ. NamedEntityTag=MISC]
[Text=- CharacterOffsetBegin=81 CharacterOffsetEnd=82 PartOfSpeech=PUNCT Lemma=- NamedEntityTag=MISC]
[Text=Exp CharacterOffsetBegin=83 CharacterOffsetEnd=86 PartOfSpeech=PROPN Lemma=exp NamedEntityTag=MISC]
[Text=, CharacterOffsetBegin=86 CharacterOffsetEnd=87 PartOfSpeech=PUNCT Lemma=, NamedEntityTag=O]
[Text=100-10-1-70 CharacterOffsetBegin=88 CharacterOffsetEnd=99 PartOfSpeech=NUM Lemma=100-10-1-70 NamedEntityTag=O]
[Text=o CharacterOffsetBegin=100 CharacterOffsetEnd=101 PartOfSpeech=CCONJ Lemma=o NamedEntityTag=O]
[Text=H-34 CharacterOffsetBegin=102 CharacterOffsetEnd=106 PartOfSpeech=PROPN Lemma=h-34 NamedEntityTag=O]
[Text=L-36 CharacterOffsetBegin=107 CharacterOffsetEnd=111 PartOfSpeech=PROPN Lemma=l-36 NamedEntityTag=O]
[Text=26 CharacterOffsetBegin=112 CharacterOffsetEnd=114 PartOfSpeech=NUM Lemma=26 NamedEntityTag=NUMBER NormalizedNamedEntityTag=26.0]
[Text=- CharacterOffsetBegin=115 CharacterOffsetEnd=116 PartOfSpeech=PUNCT Lemma=- NamedEntityTag=O]
[Text=Mayo-70 CharacterOffsetBegin=116 CharacterOffsetEnd=123 PartOfSpeech=NUM Lemma=mayo-70 NamedEntityTag=O]
[Text=. CharacterOffsetBegin=124 CharacterOffsetEnd=125 PartOfSpeech=PUNCT Lemma=. NamedEntityTag=O]

Dependency Parse (enhanced plus plus dependencies):
root(ROOT-0, mentos-1)
amod(mentos-1, estudiantiles-2)
nsubj(destacado-6, que-3)
obj(destacado-6, se-4)
aux(destacado-6, han-5)
acl(mentos-1, destacado-6)
case(labor-9, por-7)
det(labor-9, su-8)
obl(destacado-6, labor-9)
case(agitación-11, de-10)
nmod(labor-9, agitación-11)
case(Univ.-14, en-12)
det(Univ.-14, esta-13)
nmod(labor-9, Univ.-14)
punct(Exp-16, --15)
appos(labor-9, Exp-16)
punct(100-10-1-70-18, ,-17)
conj(Exp-16, 100-10-1-70-18)
cc(H-34-20, o-19)
appos(labor-9, H-34-20)
conj:o(Exp-16, H-34-20)
flat(H-34-20, L-36-21)
nummod(Exp-16, 26-22)
punct(Exp-16, --23)
appos(labor-9, Mayo-70-24)
punct(mentos-1, .-25)

Extracted the following NER entity mentions:
Univ.-
Exp	MISC	MISC:0.4386671147463636
26	NUMBER	NUMBER:-1.0

Sentence #2 (76 tokens):
- El Rector, Dr. JAIME CASTREJON DIAZ
el 26 actual en reunión especial del Consejo Uni
verSitario, dará a conocer los nuevos planes de e
tudios que se pondrán eh practica a par tir de sep
tiembre próximo, en los que se incluyen las nue-
vas carreras de iicenciatura en Turismo y Adminis
tración Hotelera, así como las Sub-Profesionales
de Topógrafos, Laboratoristas, Perito Agrónomo y
Técnico en Construcciones .

Tokens:
[Text=- CharacterOffsetBegin=125 CharacterOffsetEnd=126 PartOfSpeech=PUNCT Lemma=- NamedEntityTag=O]
[Text=El CharacterOffsetBegin=127 CharacterOffsetEnd=129 PartOfSpeech=DET Lemma=el NamedEntityTag=O]
[Text=Rector CharacterOffsetBegin=130 CharacterOffsetEnd=136 PartOfSpeech=PROPN Lemma=rector NamedEntityTag=ORGANIZATION]
[Text=, CharacterOffsetBegin=136 CharacterOffsetEnd=137 PartOfSpeech=PUNCT Lemma=, NamedEntityTag=O]
[Text=Dr. CharacterOffsetBegin=138 CharacterOffsetEnd=141 PartOfSpeech=PROPN Lemma=dr. NamedEntityTag=PERSON]
[Text=JAIME CharacterOffsetBegin=142 CharacterOffsetEnd=147 PartOfSpeech=PROPN Lemma=jaime NamedEntityTag=PERSON]
[Text=CASTREJON CharacterOffsetBegin=148 CharacterOffsetEnd=157 PartOfSpeech=PROPN Lemma=castrejon NamedEntityTag=PERSON]
[Text=DIAZ CharacterOffsetBegin=158 CharacterOffsetEnd=162 PartOfSpeech=PROPN Lemma=diaz NamedEntityTag=PERSON]
[Text=el CharacterOffsetBegin=163 CharacterOffsetEnd=165 PartOfSpeech=DET Lemma=el NamedEntityTag=O]
[Text=26 CharacterOffsetBegin=166 CharacterOffsetEnd=168 PartOfSpeech=NUM Lemma=26 NamedEntityTag=NUMBER NormalizedNamedEntityTag=26.0]
[Text=actual CharacterOffsetBegin=169 CharacterOffsetEnd=175 PartOfSpeech=ADJ Lemma=actual NamedEntityTag=O]
[Text=en CharacterOffsetBegin=176 CharacterOffsetEnd=178 PartOfSpeech=ADP Lemma=en NamedEntityTag=O]
[Text=reunión CharacterOffsetBegin=179 CharacterOffsetEnd=186 PartOfSpeech=NOUN Lemma=reunión NamedEntityTag=O]
[Text=especial CharacterOffsetBegin=187 CharacterOffsetEnd=195 PartOfSpeech=ADJ Lemma=especial NamedEntityTag=O]
[Text=del CharacterOffsetBegin=196 CharacterOffsetEnd=199 PartOfSpeech=ADP Lemma=del NamedEntityTag=O]
[Text=Consejo CharacterOffsetBegin=200 CharacterOffsetEnd=207 PartOfSpeech=PROPN Lemma=consejo NamedEntityTag=ORGANIZATION]
[Text=Uni CharacterOffsetBegin=208 CharacterOffsetEnd=211 PartOfSpeech=PROPN Lemma=uni NamedEntityTag=ORGANIZATION]
[Text=verSitario CharacterOffsetBegin=212 CharacterOffsetEnd=222 PartOfSpeech=PROPN Lemma=versitario NamedEntityTag=ORGANIZATION]
[Text=, CharacterOffsetBegin=222 CharacterOffsetEnd=223 PartOfSpeech=PUNCT Lemma=, NamedEntityTag=O]
[Text=dará CharacterOffsetBegin=224 CharacterOffsetEnd=228 PartOfSpeech=VERB Lemma=dará NamedEntityTag=O]
[Text=a CharacterOffsetBegin=229 CharacterOffsetEnd=230 PartOfSpeech=ADP Lemma=a NamedEntityTag=O]
[Text=conocer CharacterOffsetBegin=231 CharacterOffsetEnd=238 PartOfSpeech=VERB Lemma=conocer NamedEntityTag=O]
[Text=los CharacterOffsetBegin=239 CharacterOffsetEnd=242 PartOfSpeech=DET Lemma=los NamedEntityTag=O]
[Text=nuevos CharacterOffsetBegin=243 CharacterOffsetEnd=249 PartOfSpeech=ADJ Lemma=nuevos NamedEntityTag=O]
[Text=planes CharacterOffsetBegin=250 CharacterOffsetEnd=256 PartOfSpeech=NOUN Lemma=planes NamedEntityTag=O]
[Text=de CharacterOffsetBegin=257 CharacterOffsetEnd=259 PartOfSpeech=ADP Lemma=de NamedEntityTag=O]
[Text=e CharacterOffsetBegin=260 CharacterOffsetEnd=261 PartOfSpeech=CCONJ Lemma=e NamedEntityTag=O]
[Text=tudios CharacterOffsetBegin=262 CharacterOffsetEnd=268 PartOfSpeech=NOUN Lemma=tudios NamedEntityTag=O]
[Text=que CharacterOffsetBegin=269 CharacterOffsetEnd=272 PartOfSpeech=PRON Lemma=que NamedEntityTag=O]
[Text=se CharacterOffsetBegin=273 CharacterOffsetEnd=275 PartOfSpeech=PRON Lemma=se NamedEntityTag=O]
[Text=pondrán CharacterOffsetBegin=276 CharacterOffsetEnd=283 PartOfSpeech=VERB Lemma=pondrán NamedEntityTag=O]
[Text=eh CharacterOffsetBegin=284 CharacterOffsetEnd=286 PartOfSpeech=INTJ Lemma=eh NamedEntityTag=O]
[Text=practica CharacterOffsetBegin=287 CharacterOffsetEnd=295 PartOfSpeech=VERB Lemma=practica NamedEntityTag=O]
[Text=a CharacterOffsetBegin=296 CharacterOffsetEnd=297 PartOfSpeech=ADP Lemma=a NamedEntityTag=O]
[Text=par CharacterOffsetBegin=298 CharacterOffsetEnd=301 PartOfSpeech=NOUN Lemma=par NamedEntityTag=O]
[Text=tir CharacterOffsetBegin=302 CharacterOffsetEnd=305 PartOfSpeech=VERB Lemma=tir NamedEntityTag=O]
[Text=de CharacterOffsetBegin=306 CharacterOffsetEnd=308 PartOfSpeech=ADP Lemma=de NamedEntityTag=O]
[Text=sep CharacterOffsetBegin=309 CharacterOffsetEnd=312 PartOfSpeech=NOUN Lemma=sep NamedEntityTag=O]
[Text=tiembre CharacterOffsetBegin=313 CharacterOffsetEnd=320 PartOfSpeech=ADJ Lemma=tiembre NamedEntityTag=O]
[Text=próximo CharacterOffsetBegin=321 CharacterOffsetEnd=328 PartOfSpeech=ADJ Lemma=próximo NamedEntityTag=O]
[Text=, CharacterOffsetBegin=328 CharacterOffsetEnd=329 PartOfSpeech=PUNCT Lemma=, NamedEntityTag=O]
[Text=en CharacterOffsetBegin=330 CharacterOffsetEnd=332 PartOfSpeech=ADP Lemma=en NamedEntityTag=O]
[Text=los CharacterOffsetBegin=333 CharacterOffsetEnd=336 PartOfSpeech=DET Lemma=los NamedEntityTag=O]
[Text=que CharacterOffsetBegin=337 CharacterOffsetEnd=340 PartOfSpeech=PRON Lemma=que NamedEntityTag=O]
[Text=se CharacterOffsetBegin=341 CharacterOffsetEnd=343 PartOfSpeech=PRON Lemma=se NamedEntityTag=O]
[Text=incluyen CharacterOffsetBegin=344 CharacterOffsetEnd=352 PartOfSpeech=VERB Lemma=incluyen NamedEntityTag=O]
[Text=las CharacterOffsetBegin=353 CharacterOffsetEnd=356 PartOfSpeech=DET Lemma=las NamedEntityTag=O]
[Text=nue CharacterOffsetBegin=357 CharacterOffsetEnd=360 PartOfSpeech=NOUN Lemma=nue NamedEntityTag=O]
[Text=- CharacterOffsetBegin=360 CharacterOffsetEnd=361 PartOfSpeech=PUNCT Lemma=- NamedEntityTag=O]
[Text=vas CharacterOffsetBegin=362 CharacterOffsetEnd=365 PartOfSpeech=VERB Lemma=va NamedEntityTag=O]
[Text=carreras CharacterOffsetBegin=366 CharacterOffsetEnd=374 PartOfSpeech=NOUN Lemma=carreras NamedEntityTag=O]
[Text=de CharacterOffsetBegin=375 CharacterOffsetEnd=377 PartOfSpeech=ADP Lemma=de NamedEntityTag=O]
[Text=iicenciatura CharacterOffsetBegin=378 CharacterOffsetEnd=390 PartOfSpeech=NOUN Lemma=iicenciatura NamedEntityTag=O]
[Text=en CharacterOffsetBegin=391 CharacterOffsetEnd=393 PartOfSpeech=ADP Lemma=en NamedEntityTag=O]
[Text=Turismo CharacterOffsetBegin=394 CharacterOffsetEnd=401 PartOfSpeech=PROPN Lemma=turismo NamedEntityTag=LOCATION]
[Text=y CharacterOffsetBegin=402 CharacterOffsetEnd=403 PartOfSpeech=CCONJ Lemma=y NamedEntityTag=O]
[Text=Adminis CharacterOffsetBegin=404 CharacterOffsetEnd=411 PartOfSpeech=PROPN Lemma=adminis NamedEntityTag=ORGANIZATION]
[Text=tración CharacterOffsetBegin=412 CharacterOffsetEnd=419 PartOfSpeech=PROPN Lemma=tración NamedEntityTag=ORGANIZATION]
[Text=Hotelera CharacterOffsetBegin=420 CharacterOffsetEnd=428 PartOfSpeech=PROPN Lemma=hotelera NamedEntityTag=ORGANIZATION]
[Text=, CharacterOffsetBegin=428 CharacterOffsetEnd=429 PartOfSpeech=PUNCT Lemma=, NamedEntityTag=O]
[Text=así CharacterOffsetBegin=430 CharacterOffsetEnd=433 PartOfSpeech=ADV Lemma=así NamedEntityTag=O]
[Text=como CharacterOffsetBegin=434 CharacterOffsetEnd=438 PartOfSpeech=SCONJ Lemma=como NamedEntityTag=O]
[Text=las CharacterOffsetBegin=439 CharacterOffsetEnd=442 PartOfSpeech=DET Lemma=las NamedEntityTag=O]
[Text=Sub-Profesionales CharacterOffsetBegin=443 CharacterOffsetEnd=460 PartOfSpeech=PROPN Lemma=sub-profesionales NamedEntityTag=ORGANIZATION]
[Text=de CharacterOffsetBegin=461 CharacterOffsetEnd=463 PartOfSpeech=ADP Lemma=de NamedEntityTag=ORGANIZATION]
[Text=Topógrafos CharacterOffsetBegin=464 CharacterOffsetEnd=474 PartOfSpeech=PROPN Lemma=topógrafos NamedEntityTag=ORGANIZATION]
[Text=, CharacterOffsetBegin=474 CharacterOffsetEnd=475 PartOfSpeech=PUNCT Lemma=, NamedEntityTag=O]
[Text=Laboratoristas CharacterOffsetBegin=476 CharacterOffsetEnd=490 PartOfSpeech=PROPN Lemma=laboratoristas NamedEntityTag=ORGANIZATION]
[Text=, CharacterOffsetBegin=490 CharacterOffsetEnd=491 PartOfSpeech=PUNCT Lemma=, NamedEntityTag=O]
[Text=Perito CharacterOffsetBegin=492 CharacterOffsetEnd=498 PartOfSpeech=PROPN Lemma=perito NamedEntityTag=ORGANIZATION]
[Text=Agrónomo CharacterOffsetBegin=499 CharacterOffsetEnd=507 PartOfSpeech=PROPN Lemma=agrónomo NamedEntityTag=ORGANIZATION]
[Text=y CharacterOffsetBegin=508 CharacterOffsetEnd=509 PartOfSpeech=CCONJ Lemma=y NamedEntityTag=ORGANIZATION]
[Text=Técnico CharacterOffsetBegin=510 CharacterOffsetEnd=517 PartOfSpeech=PROPN Lemma=técnico NamedEntityTag=ORGANIZATION]
[Text=en CharacterOffsetBegin=518 CharacterOffsetEnd=520 PartOfSpeech=ADP Lemma=en NamedEntityTag=O]
[Text=Construcciones CharacterOffsetBegin=521 CharacterOffsetEnd=535 PartOfSpeech=PROPN Lemma=construcciones NamedEntityTag=LOCATION]
[Text=. CharacterOffsetBegin=536 CharacterOffsetEnd=537 PartOfSpeech=PUNCT Lemma=. NamedEntityTag=O]

Dependency Parse (enhanced plus plus dependencies):
root(ROOT-0, dará-20)
punct(dará-20, --1)
det(Rector-3, El-2)
nsubj(dará-20, Rector-3)
punct(Dr.-5, ,-4)
appos(Rector-3, Dr.-5)
flat(Dr.-5, JAIME-6)
flat(Dr.-5, CASTREJON-7)
flat(Dr.-5, DIAZ-8)
det(26-10, el-9)
appos(Dr.-5, 26-10)
amod(26-10, actual-11)
case(reunión-13, en-12)
nmod(Dr.-5, reunión-13)
amod(reunión-13, especial-14)
case(Consejo-16, del-15)
nmod(reunión-13, Consejo-16)
flat(Consejo-16, Uni-17)
flat(Consejo-16, verSitario-18)
punct(Dr.-5, ,-19)
mark(conocer-22, a-21)
xcomp(dará-20, conocer-22)
det(planes-25, los-23)
amod(planes-25, nuevos-24)
obj(conocer-22, planes-25)
case(que-29, de-26)
cc(tudios-28, e-27)
conj:e(de-26, tudios-28)
case(que-29, tudios-28)
obj(pondrán-31, que-29)
obj(pondrán-31''', que-29)
obj(pondrán-31, se-30)
acl(planes-25, pondrán-31)
acl(planes-25, pondrán-31''')
conj:e(pondrán-31, pondrán-31''')
dep(practica-33, eh-32)
advcl(pondrán-31, practica-33)
advmod(practica-33, a-34)
fixed(a-34, par-35)
xcomp(practica-33, tir-36)
case(sep-38, de-37)
obl(tir-36, sep-38)
amod(sep-38, tiembre-39)
amod(sep-38, próximo-40)
punct(incluyen-46, ,-41)
case(que-44, en-42)
det(que-44, los-43)
obl(incluyen-46, que-44)
obj(incluyen-46, se-45)
acl(sep-38, incluyen-46)
det(nue-48, las-47)
obj(incluyen-46, nue-48)
punct(vas-50, --49)
advcl(incluyen-46, vas-50)
obj(vas-50, carreras-51)
case(iicenciatura-53, de-52)
nmod(carreras-51, iicenciatura-53)
case(Turismo-55, en-54)
obl(vas-50, Turismo-55)
cc(Adminis-57, y-56)
obl(vas-50, Adminis-57)
conj:y(Turismo-55, Adminis-57)
flat(Adminis-57, tración-58)
flat(Adminis-57, Hotelera-59)
punct(vas-50, ,-60)
cc(vas-50, así-61)
fixed(así-61, como-62)
det(Sub-Profesionales-64, las-63)
obj(así-61, Sub-Profesionales-64)
case(Topógrafos-66, de-65)
flat(Sub-Profesionales-64, Topógrafos-66)
punct(Laboratoristas-68, ,-67)
conj(Sub-Profesionales-64, Laboratoristas-68)
punct(Perito-70, ,-69)
conj(Sub-Profesionales-64, Perito-70)
flat(Perito-70, Agrónomo-71)
cc(Técnico-73, y-72)
obj(así-61, Técnico-73)
conj:y(Sub-Profesionales-64, Técnico-73)
case(Construcciones-75, en-74)
nmod(Sub-Profesionales-64, Construcciones-75)
punct(dará-20, .-76)

Extracted the following NER entity mentions:
Rector	ORGANIZATION	ORGANIZATION:0.42038954885039725
Dr. JAIME CASTREJON DIAZ	PERSON	PERSON:0.46454560319200827
26	NUMBER	NUMBER:-1.0
Consejo Uni
verSitario	ORGANIZATION	ORGANIZATION:0.6911727733367158
Turismo	LOCATION	LOCATION:0.4074142715055277
Adminis
tración Hotelera	ORGANIZATION	ORGANIZATION:0.6211631925316067
Sub-Profesionales
de Topógrafos	ORGANIZATION	ORGANIZATION:0.6492366867238551
Laboratoristas	ORGANIZATION	ORGANIZATION:0.449146639665003
Perito Agrónomo y
Técnico	ORGANIZATION	ORGANIZATION:0.27084367240587937
Construcciones	LOCATION	LOCATION:0.8381672397728713

Sentence #3 (20 tokens):
- La población universi
taria, ha visto con agrado este plan de estudios
que sediscutirá citado día 26.

Tokens:
[Text=- CharacterOffsetBegin=537 CharacterOffsetEnd=538 PartOfSpeech=PUNCT Lemma=- NamedEntityTag=O]
[Text=La CharacterOffsetBegin=539 CharacterOffsetEnd=541 PartOfSpeech=DET Lemma=la NamedEntityTag=O]
[Text=población CharacterOffsetBegin=542 CharacterOffsetEnd=551 PartOfSpeech=NOUN Lemma=población NamedEntityTag=O]
[Text=universi CharacterOffsetBegin=552 CharacterOffsetEnd=560 PartOfSpeech=ADJ Lemma=universi NamedEntityTag=O]
[Text=taria CharacterOffsetBegin=561 CharacterOffsetEnd=566 PartOfSpeech=ADJ Lemma=taria NamedEntityTag=O]
[Text=, CharacterOffsetBegin=566 CharacterOffsetEnd=567 PartOfSpeech=PUNCT Lemma=, NamedEntityTag=O]
[Text=ha CharacterOffsetBegin=568 CharacterOffsetEnd=570 PartOfSpeech=AUX Lemma=ha NamedEntityTag=O]
[Text=visto CharacterOffsetBegin=571 CharacterOffsetEnd=576 PartOfSpeech=VERB Lemma=visto NamedEntityTag=O]
[Text=con CharacterOffsetBegin=577 CharacterOffsetEnd=580 PartOfSpeech=ADP Lemma=con NamedEntityTag=O]
[Text=agrado CharacterOffsetBegin=581 CharacterOffsetEnd=587 PartOfSpeech=NOUN Lemma=agrado NamedEntityTag=O]
[Text=este CharacterOffsetBegin=588 CharacterOffsetEnd=592 PartOfSpeech=DET Lemma=este NamedEntityTag=O]
[Text=plan CharacterOffsetBegin=593 CharacterOffsetEnd=597 PartOfSpeech=NOUN Lemma=plan NamedEntityTag=O]
[Text=de CharacterOffsetBegin=598 CharacterOffsetEnd=600 PartOfSpeech=ADP Lemma=de NamedEntityTag=O]
[Text=estudios CharacterOffsetBegin=601 CharacterOffsetEnd=609 PartOfSpeech=NOUN Lemma=estudios NamedEntityTag=O]
[Text=que CharacterOffsetBegin=610 CharacterOffsetEnd=613 PartOfSpeech=PRON Lemma=que NamedEntityTag=O]
[Text=sediscutirá CharacterOffsetBegin=614 CharacterOffsetEnd=625 PartOfSpeech=VERB Lemma=sediscutirá NamedEntityTag=O]
[Text=citado CharacterOffsetBegin=626 CharacterOffsetEnd=632 PartOfSpeech=ADJ Lemma=citado NamedEntityTag=O]
[Text=día CharacterOffsetBegin=633 CharacterOffsetEnd=636 PartOfSpeech=NOUN Lemma=día NamedEntityTag=O]
[Text=26 CharacterOffsetBegin=637 CharacterOffsetEnd=639 PartOfSpeech=NUM Lemma=26 NamedEntityTag=NUMBER NormalizedNamedEntityTag=26.0]
[Text=. CharacterOffsetBegin=639 CharacterOffsetEnd=640 PartOfSpeech=PUNCT Lemma=. NamedEntityTag=O]

Dependency Parse (enhanced plus plus dependencies):
root(ROOT-0, visto-8)
punct(visto-8, --1)
det(población-3, La-2)
nsubj(visto-8, población-3)
amod(población-3, universi-4)
amod(población-3, taria-5)
punct(población-3, ,-6)
aux(visto-8, ha-7)
case(agrado-10, con-9)
obl(visto-8, agrado-10)
det(plan-12, este-11)
obj(visto-8, plan-12)
case(estudios-14, de-13)
nmod(plan-12, estudios-14)
nsubj(sediscutirá-16, que-15)
acl(plan-12, sediscutirá-16)
amod(día-18, citado-17)
obl(sediscutirá-16, día-18)
compound(día-18, 26-19)
punct(visto-8, .-20)

Extracted the following NER entity mentions:
26	NUMBER	NUMBER:-1.0

Sentence #4 (1 tokens):
-

Tokens:
[Text=- CharacterOffsetBegin=640 CharacterOffsetEnd=641 PartOfSpeech=PUNCT Lemma=- NamedEntityTag=O]

Dependency Parse (enhanced plus plus dependencies):
root(ROOT-0, --1)

Extracted the following NER entity mentions:
