Document: ID=file_364.txt (3 sentences, 171 tokens)

Sentence #1 (31 tokens):
ción de reestructurar el grupo que había formado, y
que para ello NECOCHEA como la declarante -
podrían participar en este reestructuración y así
dedicarse sus estud os.

Tokens:
[Text=ción CharacterOffsetBegin=0 CharacterOffsetEnd=4 PartOfSpeech=NOUN Lemma=ción NamedEntityTag=O]
[Text=de CharacterOffsetBegin=5 CharacterOffsetEnd=7 PartOfSpeech=ADP Lemma=de NamedEntityTag=O]
[Text=reestructurar CharacterOffsetBegin=8 CharacterOffsetEnd=21 PartOfSpeech=VERB Lemma=reestructurar NamedEntityTag=O]
[Text=el CharacterOffsetBegin=22 CharacterOffsetEnd=24 PartOfSpeech=DET Lemma=el NamedEntityTag=O]
[Text=grupo CharacterOffsetBegin=25 CharacterOffsetEnd=30 PartOfSpeech=NOUN Lemma=grupo NamedEntityTag=O]
[Text=que CharacterOffsetBegin=31 CharacterOffsetEnd=34 PartOfSpeech=PRON Lemma=que NamedEntityTag=O]
[Text=había CharacterOffsetBegin=35 CharacterOffsetEnd=40 PartOfSpeech=AUX Lemma=había NamedEntityTag=O]
[Text=formado CharacterOffsetBegin=41 CharacterOffsetEnd=48 PartOfSpeech=VERB Lemma=formado NamedEntityTag=O]
[Text=, CharacterOffsetBegin=48 CharacterOffsetEnd=49 PartOfSpeech=PUNCT Lemma=, NamedEntityTag=O]
[Text=y CharacterOffsetBegin=50 CharacterOffsetEnd=51 PartOfSpeech=CCONJ Lemma=y NamedEntityTag=O]
[Text=que CharacterOffsetBegin=52 CharacterOffsetEnd=55 PartOfSpeech=SCONJ Lemma=que NamedEntityTag=O]
[Text=para CharacterOffsetBegin=56 CharacterOffsetEnd=60 PartOfSpeech=ADP Lemma=para NamedEntityTag=O]
[Text=ello CharacterOffsetBegin=61 CharacterOffsetEnd=65 PartOfSpeech=PRON Lemma=ello NamedEntityTag=O]
[Text=NECOCHEA CharacterOffsetBegin=66 CharacterOffsetEnd=74 PartOfSpeech=PROPN Lemma=necochea NamedEntityTag=MISC]
[Text=como CharacterOffsetBegin=75 CharacterOffsetEnd=79 PartOfSpeech=SCONJ Lemma=como NamedEntityTag=O]
[Text=la CharacterOffsetBegin=80 CharacterOffsetEnd=82 PartOfSpeech=DET Lemma=la NamedEntityTag=O]
[Text=declarante CharacterOffsetBegin=83 CharacterOffsetEnd=93 PartOfSpeech=NOUN Lemma=declarante NamedEntityTag=O]
[Text=- CharacterOffsetBegin=94 CharacterOffsetEnd=95 PartOfSpeech=PUNCT Lemma=- NamedEntityTag=O]
[Text=podrían CharacterOffsetBegin=96 CharacterOffsetEnd=103 PartOfSpeech=AUX Lemma=podrían NamedEntityTag=O]
[Text=participar CharacterOffsetBegin=104 CharacterOffsetEnd=114 PartOfSpeech=VERB Lemma=participar NamedEntityTag=O]
[Text=en CharacterOffsetBegin=115 CharacterOffsetEnd=117 PartOfSpeech=ADP Lemma=en NamedEntityTag=O]
[Text=este CharacterOffsetBegin=118 CharacterOffsetEnd=122 PartOfSpeech=DET Lemma=este NamedEntityTag=O]
[Text=reestructuración CharacterOffsetBegin=123 CharacterOffsetEnd=139 PartOfSpeech=NOUN Lemma=reestructuración NamedEntityTag=O]
[Text=y CharacterOffsetBegin=140 CharacterOffsetEnd=141 PartOfSpeech=CCONJ Lemma=y NamedEntityTag=O]
[Text=así CharacterOffsetBegin=142 CharacterOffsetEnd=145 PartOfSpeech=ADV Lemma=así NamedEntityTag=O]
[Text=dedicar CharacterOffsetBegin=146 CharacterOffsetEnd=155 PartOfSpeech=VERB Lemma=dedicar NamedEntityTag=O]
[Text=se CharacterOffsetBegin=146 CharacterOffsetEnd=155 PartOfSpeech=PRON Lemma=se NamedEntityTag=O]
[Text=sus CharacterOffsetBegin=156 CharacterOffsetEnd=159 PartOfSpeech=DET Lemma=sus NamedEntityTag=O]
[Text=estud CharacterOffsetBegin=160 CharacterOffsetEnd=165 PartOfSpeech=NOUN Lemma=estud NamedEntityTag=O]
[Text=os CharacterOffsetBegin=166 CharacterOffsetEnd=168 PartOfSpeech=PRON Lemma=os NamedEntityTag=O]
[Text=. CharacterOffsetBegin=168 CharacterOffsetEnd=169 PartOfSpeech=PUNCT Lemma=. NamedEntityTag=O]

Dependency Parse (enhanced plus plus dependencies):
root(ROOT-0, ción-1)
acl(declarante-17, dedicar-26)
conj:y(participar-20, dedicar-26)
obj(dedicar-26, se-27)
mark(reestructurar-3, de-2)
acl(ción-1, reestructurar-3)
det(grupo-5, el-4)
obj(reestructurar-3, grupo-5)
nsubj(formado-8, que-6)
aux(formado-8, había-7)
acl(grupo-5, formado-8)
punct(ello-13, ,-9)
cc(ello-13, y-10)
mark(ello-13, que-11)
case(ello-13, para-12)
acl(grupo-5, ello-13)
conj:y(formado-8, ello-13)
appos(ello-13, NECOCHEA-14)
mark(declarante-17, como-15)
det(declarante-17, la-16)
nmod(NECOCHEA-14, declarante-17)
punct(participar-20, --18)
aux(participar-20, podrían-19)
acl(declarante-17, participar-20)
case(reestructuración-23, en-21)
det(reestructuración-23, este-22)
obj(participar-20, reestructuración-23)
cc(dedicar-26, y-24)
advmod(dedicar-26, así-25)
det(estud-29, sus-28)
obj(dedicar-26, estud-29)
appos(estud-29, os-30)
punct(ción-1, .-31)

Extracted the following NER entity mentions:
NECOCHEA	MISC	MISC:0.43470136834137696

Sentence #2 (108 tokens):
En otra ocasión le mostró
un folleto titulado “PUNTOS TÁCTICOS Y ESTRATÉGICOS
DEL FAP”, el cual apareció firmado por cinco perso-
nas, siendo la principal y la que únicamente -
recuerda el nombre, que ella supone que es el verdadero
del Prof. Armando Meza Flores, que es el mismo del
que “HUGO” le había hablado mencionándolo como - -
“OMAR” o “EL COMANCHE”, que docho folleto estable
cía diferencias de clases entre el campesinado, - que ahora sabe que las siglas del folleto quieren
decir “FRENTE ARMADO DEL PUEBLO”.

Tokens:
[Text=En CharacterOffsetBegin=170 CharacterOffsetEnd=172 PartOfSpeech=ADP Lemma=en NamedEntityTag=O]
[Text=otra CharacterOffsetBegin=173 CharacterOffsetEnd=177 PartOfSpeech=DET Lemma=otra NamedEntityTag=O]
[Text=ocasión CharacterOffsetBegin=178 CharacterOffsetEnd=185 PartOfSpeech=NOUN Lemma=ocasión NamedEntityTag=O]
[Text=le CharacterOffsetBegin=186 CharacterOffsetEnd=188 PartOfSpeech=PRON Lemma=le NamedEntityTag=O]
[Text=mostró CharacterOffsetBegin=189 CharacterOffsetEnd=195 PartOfSpeech=VERB Lemma=mostró NamedEntityTag=O]
[Text=un CharacterOffsetBegin=196 CharacterOffsetEnd=198 PartOfSpeech=DET Lemma=un NamedEntityTag=O]
[Text=folleto CharacterOffsetBegin=199 CharacterOffsetEnd=206 PartOfSpeech=NOUN Lemma=folleto NamedEntityTag=O]
[Text=titulado CharacterOffsetBegin=207 CharacterOffsetEnd=215 PartOfSpeech=ADJ Lemma=titulado NamedEntityTag=O]
[Text=" CharacterOffsetBegin=216 CharacterOffsetEnd=217 PartOfSpeech=PUNCT Lemma=" NamedEntityTag=O]
[Text=PUNTOS CharacterOffsetBegin=217 CharacterOffsetEnd=223 PartOfSpeech=PROPN Lemma=puntos NamedEntityTag=O]
[Text=TÁCTICOS CharacterOffsetBegin=224 CharacterOffsetEnd=232 PartOfSpeech=PROPN Lemma=tácticos NamedEntityTag=O]
[Text=Y CharacterOffsetBegin=233 CharacterOffsetEnd=234 PartOfSpeech=CCONJ Lemma=y NamedEntityTag=O]
[Text=ESTRATÉGICOS CharacterOffsetBegin=235 CharacterOffsetEnd=247 PartOfSpeech=PROPN Lemma=estratégicos NamedEntityTag=O]
[Text=DEL CharacterOffsetBegin=248 CharacterOffsetEnd=251 PartOfSpeech=ADP Lemma=del NamedEntityTag=O]
[Text=FAP CharacterOffsetBegin=252 CharacterOffsetEnd=255 PartOfSpeech=PROPN Lemma=fap NamedEntityTag=ORGANIZATION]
[Text=" CharacterOffsetBegin=255 CharacterOffsetEnd=256 PartOfSpeech=PUNCT Lemma=" NamedEntityTag=O]
[Text=, CharacterOffsetBegin=256 CharacterOffsetEnd=257 PartOfSpeech=PUNCT Lemma=, NamedEntityTag=O]
[Text=el CharacterOffsetBegin=258 CharacterOffsetEnd=260 PartOfSpeech=DET Lemma=el NamedEntityTag=O]
[Text=cual CharacterOffsetBegin=261 CharacterOffsetEnd=265 PartOfSpeech=PRON Lemma=cual NamedEntityTag=O]
[Text=apareció CharacterOffsetBegin=266 CharacterOffsetEnd=274 PartOfSpeech=VERB Lemma=apareció NamedEntityTag=O]
[Text=firmado CharacterOffsetBegin=275 CharacterOffsetEnd=282 PartOfSpeech=ADJ Lemma=firmado NamedEntityTag=O]
[Text=por CharacterOffsetBegin=283 CharacterOffsetEnd=286 PartOfSpeech=ADP Lemma=por NamedEntityTag=O]
[Text=cinco CharacterOffsetBegin=287 CharacterOffsetEnd=292 PartOfSpeech=NUM Lemma=cinco NamedEntityTag=NUMBER]
[Text=perso CharacterOffsetBegin=293 CharacterOffsetEnd=298 PartOfSpeech=NOUN Lemma=perso NamedEntityTag=O]
[Text=- CharacterOffsetBegin=298 CharacterOffsetEnd=299 PartOfSpeech=PUNCT Lemma=- NamedEntityTag=O]
[Text=nas CharacterOffsetBegin=300 CharacterOffsetEnd=303 PartOfSpeech=NOUN Lemma=nas NamedEntityTag=O]
[Text=, CharacterOffsetBegin=303 CharacterOffsetEnd=304 PartOfSpeech=PUNCT Lemma=, NamedEntityTag=O]
[Text=siendo CharacterOffsetBegin=305 CharacterOffsetEnd=311 PartOfSpeech=AUX Lemma=siendo NamedEntityTag=O]
[Text=la CharacterOffsetBegin=312 CharacterOffsetEnd=314 PartOfSpeech=DET Lemma=la NamedEntityTag=O]
[Text=principal CharacterOffsetBegin=315 CharacterOffsetEnd=324 PartOfSpeech=ADJ Lemma=principal NamedEntityTag=TITLE]
[Text=y CharacterOffsetBegin=325 CharacterOffsetEnd=326 PartOfSpeech=CCONJ Lemma=y NamedEntityTag=O]
[Text=la CharacterOffsetBegin=327 CharacterOffsetEnd=329 PartOfSpeech=DET Lemma=la NamedEntityTag=O]
[Text=que CharacterOffsetBegin=330 CharacterOffsetEnd=333 PartOfSpeech=PRON Lemma=que NamedEntityTag=O]
[Text=únicamente CharacterOffsetBegin=334 CharacterOffsetEnd=344 PartOfSpeech=ADV Lemma=únicamente NamedEntityTag=O]
[Text=- CharacterOffsetBegin=345 CharacterOffsetEnd=346 PartOfSpeech=PUNCT Lemma=- NamedEntityTag=O]
[Text=recuerda CharacterOffsetBegin=347 CharacterOffsetEnd=355 PartOfSpeech=VERB Lemma=recuerda NamedEntityTag=O]
[Text=el CharacterOffsetBegin=356 CharacterOffsetEnd=358 PartOfSpeech=DET Lemma=el NamedEntityTag=O]
[Text=nombre CharacterOffsetBegin=359 CharacterOffsetEnd=365 PartOfSpeech=NOUN Lemma=nombre NamedEntityTag=O]
[Text=, CharacterOffsetBegin=365 CharacterOffsetEnd=366 PartOfSpeech=PUNCT Lemma=, NamedEntityTag=O]
[Text=que CharacterOffsetBegin=367 CharacterOffsetEnd=370 PartOfSpeech=PRON Lemma=que NamedEntityTag=O]
[Text=ella CharacterOffsetBegin=371 CharacterOffsetEnd=375 PartOfSpeech=PRON Lemma=ella NamedEntityTag=O]
[Text=supone CharacterOffsetBegin=376 CharacterOffsetEnd=382 PartOfSpeech=VERB Lemma=supone NamedEntityTag=O]
[Text=que CharacterOffsetBegin=383 CharacterOffsetEnd=386 PartOfSpeech=SCONJ Lemma=que NamedEntityTag=O]
[Text=es CharacterOffsetBegin=387 CharacterOffsetEnd=389 PartOfSpeech=AUX Lemma=es NamedEntityTag=O]
[Text=el CharacterOffsetBegin=390 CharacterOffsetEnd=392 PartOfSpeech=DET Lemma=el NamedEntityTag=O]
[Text=verdadero CharacterOffsetBegin=393 CharacterOffsetEnd=402 PartOfSpeech=ADJ Lemma=verdadero NamedEntityTag=O]
[Text=del CharacterOffsetBegin=403 CharacterOffsetEnd=406 PartOfSpeech=ADP Lemma=del NamedEntityTag=O]
[Text=Prof. CharacterOffsetBegin=407 CharacterOffsetEnd=412 PartOfSpeech=PROPN Lemma=prof. NamedEntityTag=O]
[Text=Armando CharacterOffsetBegin=413 CharacterOffsetEnd=420 PartOfSpeech=PROPN Lemma=armando NamedEntityTag=PERSON]
[Text=Meza CharacterOffsetBegin=421 CharacterOffsetEnd=425 PartOfSpeech=PROPN Lemma=meza NamedEntityTag=PERSON]
[Text=Flores CharacterOffsetBegin=426 CharacterOffsetEnd=432 PartOfSpeech=PROPN Lemma=flores NamedEntityTag=PERSON]
[Text=, CharacterOffsetBegin=432 CharacterOffsetEnd=433 PartOfSpeech=PUNCT Lemma=, NamedEntityTag=O]
[Text=que CharacterOffsetBegin=434 CharacterOffsetEnd=437 PartOfSpeech=PRON Lemma=que NamedEntityTag=O]
[Text=es CharacterOffsetBegin=438 CharacterOffsetEnd=440 PartOfSpeech=AUX Lemma=es NamedEntityTag=O]
[Text=el CharacterOffsetBegin=441 CharacterOffsetEnd=443 PartOfSpeech=DET Lemma=el NamedEntityTag=O]
[Text=mismo CharacterOffsetBegin=444 CharacterOffsetEnd=449 PartOfSpeech=ADJ Lemma=mismo NamedEntityTag=O]
[Text=del CharacterOffsetBegin=450 CharacterOffsetEnd=453 PartOfSpeech=ADP Lemma=del NamedEntityTag=O]
[Text=que CharacterOffsetBegin=454 CharacterOffsetEnd=457 PartOfSpeech=PRON Lemma=que NamedEntityTag=O]
[Text=" CharacterOffsetBegin=458 CharacterOffsetEnd=459 PartOfSpeech=PUNCT Lemma=" NamedEntityTag=O]
[Text=HUGO CharacterOffsetBegin=459 CharacterOffsetEnd=463 PartOfSpeech=PROPN Lemma=hugo NamedEntityTag=PERSON]
[Text=" CharacterOffsetBegin=463 CharacterOffsetEnd=464 PartOfSpeech=PUNCT Lemma=" NamedEntityTag=O]
[Text=le CharacterOffsetBegin=465 CharacterOffsetEnd=467 PartOfSpeech=PRON Lemma=le NamedEntityTag=O]
[Text=había CharacterOffsetBegin=468 CharacterOffsetEnd=473 PartOfSpeech=AUX Lemma=había NamedEntityTag=O]
[Text=hablado CharacterOffsetBegin=474 CharacterOffsetEnd=481 PartOfSpeech=VERB Lemma=hablado NamedEntityTag=O]
[Text=mencionando CharacterOffsetBegin=482 CharacterOffsetEnd=495 PartOfSpeech=VERB Lemma=mencionando NamedEntityTag=O]
[Text=lo CharacterOffsetBegin=482 CharacterOffsetEnd=495 PartOfSpeech=PRON Lemma=lo NamedEntityTag=O]
[Text=como CharacterOffsetBegin=496 CharacterOffsetEnd=500 PartOfSpeech=SCONJ Lemma=como NamedEntityTag=O]
[Text=- CharacterOffsetBegin=501 CharacterOffsetEnd=502 PartOfSpeech=PUNCT Lemma=- NamedEntityTag=O]
[Text=- CharacterOffsetBegin=503 CharacterOffsetEnd=504 PartOfSpeech=PUNCT Lemma=- NamedEntityTag=O]
[Text=" CharacterOffsetBegin=505 CharacterOffsetEnd=506 PartOfSpeech=PUNCT Lemma=" NamedEntityTag=O]
[Text=OMAR CharacterOffsetBegin=506 CharacterOffsetEnd=510 PartOfSpeech=PROPN Lemma=omar NamedEntityTag=O]
[Text=" CharacterOffsetBegin=510 CharacterOffsetEnd=511 PartOfSpeech=PUNCT Lemma=" NamedEntityTag=O]
[Text=o CharacterOffsetBegin=512 CharacterOffsetEnd=513 PartOfSpeech=CCONJ Lemma=o NamedEntityTag=O]
[Text=" CharacterOffsetBegin=514 CharacterOffsetEnd=515 PartOfSpeech=PUNCT Lemma=" NamedEntityTag=O]
[Text=EL CharacterOffsetBegin=515 CharacterOffsetEnd=517 PartOfSpeech=DET Lemma=el NamedEntityTag=MISC]
[Text=COMANCHE CharacterOffsetBegin=518 CharacterOffsetEnd=526 PartOfSpeech=PROPN Lemma=comanche NamedEntityTag=MISC]
[Text=" CharacterOffsetBegin=526 CharacterOffsetEnd=527 PartOfSpeech=PUNCT Lemma=" NamedEntityTag=O]
[Text=, CharacterOffsetBegin=527 CharacterOffsetEnd=528 PartOfSpeech=PUNCT Lemma=, NamedEntityTag=O]
[Text=que CharacterOffsetBegin=529 CharacterOffsetEnd=532 PartOfSpeech=PRON Lemma=que NamedEntityTag=O]
[Text=docho CharacterOffsetBegin=533 CharacterOffsetEnd=538 PartOfSpeech=VERB Lemma=docho NamedEntityTag=O]
[Text=folleto CharacterOffsetBegin=539 CharacterOffsetEnd=546 PartOfSpeech=NOUN Lemma=folleto NamedEntityTag=O]
[Text=estable CharacterOffsetBegin=547 CharacterOffsetEnd=554 PartOfSpeech=ADJ Lemma=estable NamedEntityTag=O]
[Text=cía CharacterOffsetBegin=555 CharacterOffsetEnd=558 PartOfSpeech=VERB Lemma=cía NamedEntityTag=O]
[Text=diferencias CharacterOffsetBegin=559 CharacterOffsetEnd=570 PartOfSpeech=NOUN Lemma=diferencias NamedEntityTag=O]
[Text=de CharacterOffsetBegin=571 CharacterOffsetEnd=573 PartOfSpeech=ADP Lemma=de NamedEntityTag=O]
[Text=clases CharacterOffsetBegin=574 CharacterOffsetEnd=580 PartOfSpeech=NOUN Lemma=clases NamedEntityTag=O]
[Text=entre CharacterOffsetBegin=581 CharacterOffsetEnd=586 PartOfSpeech=ADP Lemma=entre NamedEntityTag=O]
[Text=el CharacterOffsetBegin=587 CharacterOffsetEnd=589 PartOfSpeech=DET Lemma=el NamedEntityTag=O]
[Text=campesinado CharacterOffsetBegin=590 CharacterOffsetEnd=601 PartOfSpeech=NOUN Lemma=campesinado NamedEntityTag=O]
[Text=, CharacterOffsetBegin=601 CharacterOffsetEnd=602 PartOfSpeech=PUNCT Lemma=, NamedEntityTag=O]
[Text=- CharacterOffsetBegin=603 CharacterOffsetEnd=604 PartOfSpeech=PUNCT Lemma=- NamedEntityTag=O]
[Text=que CharacterOffsetBegin=605 CharacterOffsetEnd=608 PartOfSpeech=PRON Lemma=que NamedEntityTag=O]
[Text=ahora CharacterOffsetBegin=609 CharacterOffsetEnd=614 PartOfSpeech=ADV Lemma=ahora NamedEntityTag=O]
[Text=sabe CharacterOffsetBegin=615 CharacterOffsetEnd=619 PartOfSpeech=VERB Lemma=sabe NamedEntityTag=O]
[Text=que CharacterOffsetBegin=620 CharacterOffsetEnd=623 PartOfSpeech=SCONJ Lemma=que NamedEntityTag=O]
[Text=las CharacterOffsetBegin=624 CharacterOffsetEnd=627 PartOfSpeech=DET Lemma=las NamedEntityTag=O]
[Text=siglas CharacterOffsetBegin=628 CharacterOffsetEnd=634 PartOfSpeech=NOUN Lemma=siglas NamedEntityTag=O]
[Text=del CharacterOffsetBegin=635 CharacterOffsetEnd=638 PartOfSpeech=ADP Lemma=del NamedEntityTag=O]
[Text=folleto CharacterOffsetBegin=639 CharacterOffsetEnd=646 PartOfSpeech=NOUN Lemma=folleto NamedEntityTag=O]
[Text=quieren CharacterOffsetBegin=647 CharacterOffsetEnd=654 PartOfSpeech=VERB Lemma=quieren NamedEntityTag=O]
[Text=decir CharacterOffsetBegin=655 CharacterOffsetEnd=660 PartOfSpeech=VERB Lemma=decir NamedEntityTag=O]
[Text=" CharacterOffsetBegin=661 CharacterOffsetEnd=662 PartOfSpeech=PUNCT Lemma=" NamedEntityTag=O]
[Text=FRENTE CharacterOffsetBegin=662 CharacterOffsetEnd=668 PartOfSpeech=PROPN Lemma=frente NamedEntityTag=O]
[Text=ARMADO CharacterOffsetBegin=669 CharacterOffsetEnd=675 PartOfSpeech=PROPN Lemma=armado NamedEntityTag=O]
[Text=DEL CharacterOffsetBegin=676 CharacterOffsetEnd=679 PartOfSpeech=ADP Lemma=del NamedEntityTag=O]
[Text=PUEBLO CharacterOffsetBegin=680 CharacterOffsetEnd=686 PartOfSpeech=PROPN Lemma=pueblo NamedEntityTag=O]
[Text=" CharacterOffsetBegin=686 CharacterOffsetEnd=687 PartOfSpeech=PUNCT Lemma=" NamedEntityTag=O]
[Text=. CharacterOffsetBegin=687 CharacterOffsetEnd=688 PartOfSpeech=PUNCT Lemma=. NamedEntityTag=O]

Dependency Parse (enhanced plus plus dependencies):
root(ROOT-0, mostró-5)
advcl(hablado-64, mencionando-65)
obj(mencionando-65, lo-66)
case(ocasión-3, En-1)
det(ocasión-3, otra-2)
obl(mostró-5, ocasión-3)
obj(mostró-5, le-4)
det(folleto-7, un-6)
nsubj(mostró-5, folleto-7)
amod(folleto-7, titulado-8)
punct(PUNTOS-10, "-9)
appos(folleto-7, PUNTOS-10)
flat(PUNTOS-10, TÁCTICOS-11)
cc(ESTRATÉGICOS-13, Y-12)
appos(folleto-7, ESTRATÉGICOS-13)
conj:y(PUNTOS-10, ESTRATÉGICOS-13)
case(FAP-15, DEL-14)
flat(ESTRATÉGICOS-13, FAP-15)
punct(PUNTOS-10, "-16)
punct(apareció-20, ,-17)
det(cual-19, el-18)
nsubj(apareció-20, cual-19)
acl(folleto-7, apareció-20)
obj(apareció-20, firmado-21)
case(perso-24, por-22)
nummod(perso-24, cinco-23)
obj(firmado-21, perso-24)
punct(nas-26, --25)
appos(perso-24, nas-26)
punct(nas-26, ,-27)
cop(principal-30, siendo-28)
det(principal-30, la-29)
advcl(apareció-20, principal-30)
cc(recuerda-36, y-31)
det(recuerda-36, la-32)
nsubj(recuerda-36, que-33)
advmod(recuerda-36, únicamente-34)
punct(recuerda-36, --35)
advcl(apareció-20, recuerda-36)
conj:y(principal-30, recuerda-36)
det(nombre-38, el-37)
obj(recuerda-36, nombre-38)
punct(supone-42, ,-39)
nsubj(supone-42, que-40)
nsubj(supone-42, ella-41)
acl(nombre-38, supone-42)
mark(verdadero-46, que-43)
cop(verdadero-46, es-44)
det(verdadero-46, el-45)
ccomp(supone-42, verdadero-46)
case(Prof.-48, del-47)
nmod(verdadero-46, Prof.-48)
flat(Prof.-48, Armando-49)
flat(Prof.-48, Meza-50)
flat(Prof.-48, Flores-51)
punct(mismo-56, ,-52)
nsubj(mismo-56, que-53)
cop(mismo-56, es-54)
det(mismo-56, el-55)
acl(Prof.-48, mismo-56)
case(que-58, del-57)
obj(hablado-64, que-58)
punct(HUGO-60, "-59)
nsubj(hablado-64, HUGO-60)
punct(HUGO-60, "-61)
obj(hablado-64, le-62)
aux(hablado-64, había-63)
acl(mismo-56, hablado-64)
mark(OMAR-71, como-67)
punct(OMAR-71, --68)
punct(OMAR-71, --69)
punct(OMAR-71, "-70)
obl(mencionando-65, OMAR-71)
punct(COMANCHE-76, "-72)
cc(COMANCHE-76, o-73)
punct(COMANCHE-76, "-74)
det(COMANCHE-76, EL-75)
obl(mencionando-65, COMANCHE-76)
conj:o(OMAR-71, COMANCHE-76)
punct(COMANCHE-76, "-77)
punct(docho-80, ,-78)
nsubj(docho-80, que-79)
acl(OMAR-71, docho-80)
obj(docho-80, folleto-81)
amod(folleto-81, estable-82)
csubj(verdadero-46, cía-83)
obj(cía-83, diferencias-84)
case(clases-86, de-85)
nmod(diferencias-84, clases-86)
case(campesinado-89, entre-87)
det(campesinado-89, el-88)
obl(cía-83, campesinado-89)
punct(sabe-94, ,-90)
punct(sabe-94, --91)
nsubj(sabe-94, que-92)
advmod(sabe-94, ahora-93)
acl(campesinado-89, sabe-94)
mark(quieren-100, que-95)
det(siglas-97, las-96)
nsubj(quieren-100, siglas-97)
case(folleto-99, del-98)
nmod(siglas-97, folleto-99)
ccomp(sabe-94, quieren-100)
xcomp(quieren-100, decir-101)
punct(quieren-100, "-102)
iobj(quieren-100, FRENTE-103)
flat(FRENTE-103, ARMADO-104)
case(PUEBLO-106, DEL-105)
flat(FRENTE-103, PUEBLO-106)
punct(FRENTE-103, "-107)
punct(mostró-5, .-108)

Extracted the following NER entity mentions:
FAP	ORGANIZATION	ORGANIZATION:0.6513128232200203
cinco	NUMBER	-
principal	TITLE	-
Armando Meza Flores	PERSON	PERSON:0.9790667675168748
HUGO	PERSON	PERSON:0.38677934083407584
EL COMANCHE	MISC	MISC:0.38288813679885625

Sentence #3 (32 tokens):
La declarante -
agrega quedurante los meses siguientes, en diver-
sas ocasiones continuó entrevistándose con NECHOCHE
LOPEZ hasta el mes de mayo, fecha en la que se -

Tokens:
[Text=La CharacterOffsetBegin=689 CharacterOffsetEnd=691 PartOfSpeech=DET Lemma=la NamedEntityTag=O]
[Text=declarante CharacterOffsetBegin=692 CharacterOffsetEnd=702 PartOfSpeech=NOUN Lemma=declarante NamedEntityTag=O]
[Text=- CharacterOffsetBegin=703 CharacterOffsetEnd=704 PartOfSpeech=PUNCT Lemma=- NamedEntityTag=O]
[Text=agrega CharacterOffsetBegin=705 CharacterOffsetEnd=711 PartOfSpeech=VERB Lemma=agrega NamedEntityTag=O]
[Text=quedurante CharacterOffsetBegin=712 CharacterOffsetEnd=722 PartOfSpeech=ADJ Lemma=quedurante NamedEntityTag=O]
[Text=los CharacterOffsetBegin=723 CharacterOffsetEnd=726 PartOfSpeech=DET Lemma=los NamedEntityTag=O]
[Text=meses CharacterOffsetBegin=727 CharacterOffsetEnd=732 PartOfSpeech=NOUN Lemma=meses NamedEntityTag=O]
[Text=siguientes CharacterOffsetBegin=733 CharacterOffsetEnd=743 PartOfSpeech=ADJ Lemma=siguientes NamedEntityTag=O]
[Text=, CharacterOffsetBegin=743 CharacterOffsetEnd=744 PartOfSpeech=PUNCT Lemma=, NamedEntityTag=O]
[Text=en CharacterOffsetBegin=745 CharacterOffsetEnd=747 PartOfSpeech=ADP Lemma=en NamedEntityTag=O]
[Text=diver CharacterOffsetBegin=748 CharacterOffsetEnd=753 PartOfSpeech=NOUN Lemma=diver NamedEntityTag=O]
[Text=- CharacterOffsetBegin=753 CharacterOffsetEnd=754 PartOfSpeech=PUNCT Lemma=- NamedEntityTag=O]
[Text=sas CharacterOffsetBegin=755 CharacterOffsetEnd=758 PartOfSpeech=NOUN Lemma=sas NamedEntityTag=O]
[Text=ocasiones CharacterOffsetBegin=759 CharacterOffsetEnd=768 PartOfSpeech=NOUN Lemma=ocasiones NamedEntityTag=O]
[Text=continuó CharacterOffsetBegin=769 CharacterOffsetEnd=777 PartOfSpeech=VERB Lemma=continuó NamedEntityTag=O]
[Text=entrevistando CharacterOffsetBegin=778 CharacterOffsetEnd=793 PartOfSpeech=VERB Lemma=entrevistando NamedEntityTag=O]
[Text=se CharacterOffsetBegin=778 CharacterOffsetEnd=793 PartOfSpeech=PRON Lemma=se NamedEntityTag=O]
[Text=con CharacterOffsetBegin=794 CharacterOffsetEnd=797 PartOfSpeech=ADP Lemma=con NamedEntityTag=O]
[Text=NECHOCHE CharacterOffsetBegin=798 CharacterOffsetEnd=806 PartOfSpeech=PROPN Lemma=nechoche NamedEntityTag=PERSON]
[Text=LOPEZ CharacterOffsetBegin=807 CharacterOffsetEnd=812 PartOfSpeech=PROPN Lemma=lopez NamedEntityTag=PERSON]
[Text=hasta CharacterOffsetBegin=813 CharacterOffsetEnd=818 PartOfSpeech=ADP Lemma=hasta NamedEntityTag=O]
[Text=el CharacterOffsetBegin=819 CharacterOffsetEnd=821 PartOfSpeech=DET Lemma=el NamedEntityTag=O]
[Text=mes CharacterOffsetBegin=822 CharacterOffsetEnd=825 PartOfSpeech=NOUN Lemma=mes NamedEntityTag=O]
[Text=de CharacterOffsetBegin=826 CharacterOffsetEnd=828 PartOfSpeech=ADP Lemma=de NamedEntityTag=O]
[Text=mayo CharacterOffsetBegin=829 CharacterOffsetEnd=833 PartOfSpeech=NOUN Lemma=mayo NamedEntityTag=DATE NormalizedNamedEntityTag=XXXX-05 Timex=<TIMEX3 tid="t1" type="DATE" value="XXXX-05">mayo</TIMEX3>]
[Text=, CharacterOffsetBegin=833 CharacterOffsetEnd=834 PartOfSpeech=PUNCT Lemma=, NamedEntityTag=O]
[Text=fecha CharacterOffsetBegin=835 CharacterOffsetEnd=840 PartOfSpeech=NOUN Lemma=fecha NamedEntityTag=O]
[Text=en CharacterOffsetBegin=841 CharacterOffsetEnd=843 PartOfSpeech=ADP Lemma=en NamedEntityTag=O]
[Text=la CharacterOffsetBegin=844 CharacterOffsetEnd=846 PartOfSpeech=DET Lemma=la NamedEntityTag=O]
[Text=que CharacterOffsetBegin=847 CharacterOffsetEnd=850 PartOfSpeech=PRON Lemma=que NamedEntityTag=O]
[Text=se CharacterOffsetBegin=851 CharacterOffsetEnd=853 PartOfSpeech=PRON Lemma=se NamedEntityTag=O]
[Text=- CharacterOffsetBegin=854 CharacterOffsetEnd=855 PartOfSpeech=PUNCT Lemma=- NamedEntityTag=O]

Dependency Parse (enhanced plus plus dependencies):
root(ROOT-0, declarante-2)
csubj(continuó-15, entrevistando-16)
obj(entrevistando-16, se-17)
det(declarante-2, La-1)
punct(agrega-4, --3)
acl(declarante-2, agrega-4)
obj(agrega-4, quedurante-5)
det(meses-7, los-6)
nsubj(agrega-4, meses-7)
amod(meses-7, siguientes-8)
punct(diver-11, ,-9)
case(diver-11, en-10)
nmod(meses-7, diver-11)
punct(continuó-15, --12)
obj(continuó-15, sas-13)
nsubj(continuó-15, ocasiones-14)
acl(diver-11, continuó-15)
case(NECHOCHE-19, con-18)
obl(entrevistando-16, NECHOCHE-19)
flat(NECHOCHE-19, LOPEZ-20)
case(mes-23, hasta-21)
det(mes-23, el-22)
obl(entrevistando-16, mes-23)
case(mayo-25, de-24)
compound(mes-23, mayo-25)
punct(fecha-27, ,-26)
appos(mes-23, fecha-27)
case(que-30, en-28)
det(que-30, la-29)
nmod(fecha-27, que-30)
obj(que-30, se-31)
punct(agrega-4, --32)

Extracted the following NER entity mentions:
NECHOCHE
LOPEZ	PERSON	PERSON:0.34204703620434035
mayo	DATE	DATE:-1.0
