Document: ID=file_462.txt (13 sentences, 208 tokens)

Sentence #1 (3 tokens):
De salud.

Tokens:
[Text=De CharacterOffsetBegin=0 CharacterOffsetEnd=2 PartOfSpeech=ADP Lemma=de NamedEntityTag=O]
[Text=salud CharacterOffsetBegin=3 CharacterOffsetEnd=8 PartOfSpeech=NOUN Lemma=salud NamedEntityTag=O]
[Text=. CharacterOffsetBegin=8 CharacterOffsetEnd=9 PartOfSpeech=PUNCT Lemma=. NamedEntityTag=O]

Dependency Parse (enhanced plus plus dependencies):
root(ROOT-0, salud-2)
case(salud-2, De-1)
punct(salud-2, .-3)

Extracted the following NER entity mentions:

Sentence #2 (19 tokens):
-Espero que se atiendan lo más pronto posible que
a mi no me va a pasar nada.

Tokens:
[Text=- CharacterOffsetBegin=10 CharacterOffsetEnd=11 PartOfSpeech=PUNCT Lemma=- NamedEntityTag=O]
[Text=Espero CharacterOffsetBegin=11 CharacterOffsetEnd=17 PartOfSpeech=VERB Lemma=espero NamedEntityTag=O]
[Text=que CharacterOffsetBegin=18 CharacterOffsetEnd=21 PartOfSpeech=SCONJ Lemma=que NamedEntityTag=O]
[Text=se CharacterOffsetBegin=22 CharacterOffsetEnd=24 PartOfSpeech=PRON Lemma=se NamedEntityTag=O]
[Text=atiendan CharacterOffsetBegin=25 CharacterOffsetEnd=33 PartOfSpeech=VERB Lemma=atiendan NamedEntityTag=O]
[Text=lo CharacterOffsetBegin=34 CharacterOffsetEnd=36 PartOfSpeech=DET Lemma=lo NamedEntityTag=O]
[Text=más CharacterOffsetBegin=37 CharacterOffsetEnd=40 PartOfSpeech=ADV Lemma=más NamedEntityTag=O]
[Text=pronto CharacterOffsetBegin=41 CharacterOffsetEnd=47 PartOfSpeech=ADV Lemma=pronto NamedEntityTag=O]
[Text=posible CharacterOffsetBegin=48 CharacterOffsetEnd=55 PartOfSpeech=ADJ Lemma=posible NamedEntityTag=O]
[Text=que CharacterOffsetBegin=56 CharacterOffsetEnd=59 PartOfSpeech=SCONJ Lemma=que NamedEntityTag=O]
[Text=a CharacterOffsetBegin=60 CharacterOffsetEnd=61 PartOfSpeech=ADP Lemma=a NamedEntityTag=O]
[Text=mi CharacterOffsetBegin=62 CharacterOffsetEnd=64 PartOfSpeech=DET Lemma=mi NamedEntityTag=O]
[Text=no CharacterOffsetBegin=65 CharacterOffsetEnd=67 PartOfSpeech=ADV Lemma=no NamedEntityTag=O]
[Text=me CharacterOffsetBegin=68 CharacterOffsetEnd=70 PartOfSpeech=PRON Lemma=I NamedEntityTag=O]
[Text=va CharacterOffsetBegin=71 CharacterOffsetEnd=73 PartOfSpeech=AUX Lemma=va NamedEntityTag=O]
[Text=a CharacterOffsetBegin=74 CharacterOffsetEnd=75 PartOfSpeech=ADP Lemma=a NamedEntityTag=O]
[Text=pasar CharacterOffsetBegin=76 CharacterOffsetEnd=81 PartOfSpeech=VERB Lemma=pasar NamedEntityTag=O]
[Text=nada CharacterOffsetBegin=82 CharacterOffsetEnd=86 PartOfSpeech=PRON Lemma=nada NamedEntityTag=O]
[Text=. CharacterOffsetBegin=86 CharacterOffsetEnd=87 PartOfSpeech=PUNCT Lemma=. NamedEntityTag=O]

Dependency Parse (enhanced plus plus dependencies):
root(ROOT-0, Espero-2)
punct(Espero-2, --1)
mark(atiendan-5, que-3)
obj(atiendan-5, se-4)
ccomp(Espero-2, atiendan-5)
det(posible-9, lo-6)
advmod(pronto-8, más-7)
advmod(posible-9, pronto-8)
nsubj(atiendan-5, posible-9)
mark(pasar-17, que-10)
mark(pasar-17, a-11)
det(pasar-17, mi-12)
advmod(pasar-17, no-13)
obj(pasar-17, me-14)
aux(pasar-17, va-15)
mark(pasar-17, a-16)
csubj(posible-9, pasar-17)
obj(pasar-17, nada-18)
punct(Espero-2, .-19)

Extracted the following NER entity mentions:

Sentence #3 (43 tokens):
Papá dese un principio - -
aseguré que tu no tenías dinero pero difícilmente se -
creé,agradezcp de antemano que cuento con una gran fa-
milia como son ustedes y no sabes lo mucho que los ex-
traño.

Tokens:
[Text=Papá CharacterOffsetBegin=88 CharacterOffsetEnd=92 PartOfSpeech=PROPN Lemma=papá NamedEntityTag=O]
[Text=dese CharacterOffsetBegin=93 CharacterOffsetEnd=97 PartOfSpeech=VERB Lemma=dese NamedEntityTag=O]
[Text=un CharacterOffsetBegin=98 CharacterOffsetEnd=100 PartOfSpeech=DET Lemma=un NamedEntityTag=O]
[Text=principio CharacterOffsetBegin=101 CharacterOffsetEnd=110 PartOfSpeech=NOUN Lemma=principio NamedEntityTag=O]
[Text=- CharacterOffsetBegin=111 CharacterOffsetEnd=112 PartOfSpeech=PUNCT Lemma=- NamedEntityTag=O]
[Text=- CharacterOffsetBegin=113 CharacterOffsetEnd=114 PartOfSpeech=PUNCT Lemma=- NamedEntityTag=O]
[Text=aseguré CharacterOffsetBegin=115 CharacterOffsetEnd=122 PartOfSpeech=VERB Lemma=aseguré NamedEntityTag=O]
[Text=que CharacterOffsetBegin=123 CharacterOffsetEnd=126 PartOfSpeech=SCONJ Lemma=que NamedEntityTag=O]
[Text=tu CharacterOffsetBegin=127 CharacterOffsetEnd=129 PartOfSpeech=PROPN Lemma=tu NamedEntityTag=O]
[Text=no CharacterOffsetBegin=130 CharacterOffsetEnd=132 PartOfSpeech=ADV Lemma=no NamedEntityTag=O]
[Text=tenías CharacterOffsetBegin=133 CharacterOffsetEnd=139 PartOfSpeech=VERB Lemma=tenías NamedEntityTag=O]
[Text=dinero CharacterOffsetBegin=140 CharacterOffsetEnd=146 PartOfSpeech=NOUN Lemma=dinero NamedEntityTag=O]
[Text=pero CharacterOffsetBegin=147 CharacterOffsetEnd=151 PartOfSpeech=CCONJ Lemma=pero NamedEntityTag=O]
[Text=difícilmente CharacterOffsetBegin=152 CharacterOffsetEnd=164 PartOfSpeech=ADV Lemma=difícilmente NamedEntityTag=O]
[Text=se CharacterOffsetBegin=165 CharacterOffsetEnd=167 PartOfSpeech=PRON Lemma=se NamedEntityTag=O]
[Text=- CharacterOffsetBegin=168 CharacterOffsetEnd=169 PartOfSpeech=PUNCT Lemma=- NamedEntityTag=O]
[Text=creé CharacterOffsetBegin=170 CharacterOffsetEnd=174 PartOfSpeech=VERB Lemma=creé NamedEntityTag=O]
[Text=, CharacterOffsetBegin=174 CharacterOffsetEnd=175 PartOfSpeech=PUNCT Lemma=, NamedEntityTag=O]
[Text=agradezcp CharacterOffsetBegin=175 CharacterOffsetEnd=184 PartOfSpeech=NOUN Lemma=agradezcp NamedEntityTag=O]
[Text=de CharacterOffsetBegin=185 CharacterOffsetEnd=187 PartOfSpeech=ADP Lemma=de NamedEntityTag=O]
[Text=antemano CharacterOffsetBegin=188 CharacterOffsetEnd=196 PartOfSpeech=NOUN Lemma=antemano NamedEntityTag=O]
[Text=que CharacterOffsetBegin=197 CharacterOffsetEnd=200 PartOfSpeech=PRON Lemma=que NamedEntityTag=O]
[Text=cuento CharacterOffsetBegin=201 CharacterOffsetEnd=207 PartOfSpeech=VERB Lemma=cuento NamedEntityTag=O]
[Text=con CharacterOffsetBegin=208 CharacterOffsetEnd=211 PartOfSpeech=ADP Lemma=con NamedEntityTag=O]
[Text=una CharacterOffsetBegin=212 CharacterOffsetEnd=215 PartOfSpeech=DET Lemma=una NamedEntityTag=O]
[Text=gran CharacterOffsetBegin=216 CharacterOffsetEnd=220 PartOfSpeech=ADJ Lemma=gran NamedEntityTag=O]
[Text=fa CharacterOffsetBegin=221 CharacterOffsetEnd=223 PartOfSpeech=NOUN Lemma=fa NamedEntityTag=O]
[Text=- CharacterOffsetBegin=223 CharacterOffsetEnd=224 PartOfSpeech=PUNCT Lemma=- NamedEntityTag=O]
[Text=milia CharacterOffsetBegin=225 CharacterOffsetEnd=230 PartOfSpeech=NOUN Lemma=milia NamedEntityTag=O]
[Text=como CharacterOffsetBegin=231 CharacterOffsetEnd=235 PartOfSpeech=SCONJ Lemma=como NamedEntityTag=O]
[Text=son CharacterOffsetBegin=236 CharacterOffsetEnd=239 PartOfSpeech=AUX Lemma=son NamedEntityTag=O]
[Text=ustedes CharacterOffsetBegin=240 CharacterOffsetEnd=247 PartOfSpeech=PRON Lemma=ustedes NamedEntityTag=O]
[Text=y CharacterOffsetBegin=248 CharacterOffsetEnd=249 PartOfSpeech=CCONJ Lemma=y NamedEntityTag=O]
[Text=no CharacterOffsetBegin=250 CharacterOffsetEnd=252 PartOfSpeech=ADV Lemma=no NamedEntityTag=O]
[Text=sabes CharacterOffsetBegin=253 CharacterOffsetEnd=258 PartOfSpeech=VERB Lemma=sabe NamedEntityTag=O]
[Text=lo CharacterOffsetBegin=259 CharacterOffsetEnd=261 PartOfSpeech=PRON Lemma=lo NamedEntityTag=O]
[Text=mucho CharacterOffsetBegin=262 CharacterOffsetEnd=267 PartOfSpeech=ADV Lemma=mucho NamedEntityTag=O]
[Text=que CharacterOffsetBegin=268 CharacterOffsetEnd=271 PartOfSpeech=SCONJ Lemma=que NamedEntityTag=O]
[Text=los CharacterOffsetBegin=272 CharacterOffsetEnd=275 PartOfSpeech=DET Lemma=los NamedEntityTag=O]
[Text=ex CharacterOffsetBegin=276 CharacterOffsetEnd=278 PartOfSpeech=ADJ Lemma=ex NamedEntityTag=O]
[Text=- CharacterOffsetBegin=278 CharacterOffsetEnd=279 PartOfSpeech=PUNCT Lemma=- NamedEntityTag=O]
[Text=traño CharacterOffsetBegin=280 CharacterOffsetEnd=285 PartOfSpeech=ADJ Lemma=traño NamedEntityTag=O]
[Text=. CharacterOffsetBegin=285 CharacterOffsetEnd=286 PartOfSpeech=PUNCT Lemma=. NamedEntityTag=O]

Dependency Parse (enhanced plus plus dependencies):
root(ROOT-0, dese-2)
nsubj(dese-2, Papá-1)
det(principio-4, un-3)
obj(dese-2, principio-4)
punct(aseguré-7, --5)
punct(aseguré-7, --6)
conj(dese-2, aseguré-7)
mark(tenías-11, que-8)
nsubj(tenías-11, tu-9)
advmod(tenías-11, no-10)
ccomp(aseguré-7, tenías-11)
obj(tenías-11, dinero-12)
cc(creé-17, pero-13)
advmod(creé-17, difícilmente-14)
obj(creé-17, se-15)
punct(creé-17, --16)
ccomp(aseguré-7, creé-17)
conj:pero(tenías-11, creé-17)
punct(agradezcp-19, ,-18)
obl(creé-17, agradezcp-19)
case(antemano-21, de-20)
nmod(agradezcp-19, antemano-21)
nsubj(cuento-23, que-22)
acl(agradezcp-19, cuento-23)
case(fa-27, con-24)
det(fa-27, una-25)
amod(fa-27, gran-26)
obl(cuento-23, fa-27)
punct(milia-29, --28)
appos(fa-27, milia-29)
mark(ustedes-32, como-30)
cop(ustedes-32, son-31)
acl(milia-29, ustedes-32)
cc(sabes-35, y-33)
advmod(sabes-35, no-34)
acl(milia-29, sabes-35)
conj:y(ustedes-32, sabes-35)
obj(sabes-35, lo-36)
advmod(sabes-35, mucho-37)
mark(ex-40, que-38)
det(ex-40, los-39)
ccomp(sabes-35, ex-40)
punct(traño-42, --41)
amod(ex-40, traño-42)
punct(dese-2, .-43)

Extracted the following NER entity mentions:

Sentence #4 (9 tokens):
Sabes los Comandos van a hablar por Tel.

Tokens:
[Text=Sabes CharacterOffsetBegin=286 CharacterOffsetEnd=291 PartOfSpeech=VERB Lemma=sabe NamedEntityTag=O]
[Text=los CharacterOffsetBegin=292 CharacterOffsetEnd=295 PartOfSpeech=DET Lemma=los NamedEntityTag=O]
[Text=Comandos CharacterOffsetBegin=296 CharacterOffsetEnd=304 PartOfSpeech=PROPN Lemma=comandos NamedEntityTag=ORGANIZATION]
[Text=van CharacterOffsetBegin=305 CharacterOffsetEnd=308 PartOfSpeech=AUX Lemma=van NamedEntityTag=O]
[Text=a CharacterOffsetBegin=309 CharacterOffsetEnd=310 PartOfSpeech=ADP Lemma=a NamedEntityTag=O]
[Text=hablar CharacterOffsetBegin=311 CharacterOffsetEnd=317 PartOfSpeech=VERB Lemma=hablar NamedEntityTag=O]
[Text=por CharacterOffsetBegin=318 CharacterOffsetEnd=321 PartOfSpeech=ADP Lemma=por NamedEntityTag=O]
[Text=Tel CharacterOffsetBegin=322 CharacterOffsetEnd=325 PartOfSpeech=PROPN Lemma=tel NamedEntityTag=ORGANIZATION]
[Text=. CharacterOffsetBegin=325 CharacterOffsetEnd=326 PartOfSpeech=PUNCT Lemma=. NamedEntityTag=O]

Dependency Parse (enhanced plus plus dependencies):
root(ROOT-0, Sabes-1)
det(Comandos-3, los-2)
nsubj(Sabes-1, Comandos-3)
aux(hablar-6, van-4)
mark(hablar-6, a-5)
xcomp(Sabes-1, hablar-6)
case(Tel-8, por-7)
obl(hablar-6, Tel-8)
punct(Sabes-1, .-9)

Extracted the following NER entity mentions:
Comandos	ORGANIZATION	ORGANIZATION:0.9258946890909963
Tel	ORGANIZATION	ORGANIZATION:0.41692839409590965

Sentence #5 (12 tokens):
, hoy - -
mismo y te ruego les pongas atención.

Tokens:
[Text=, CharacterOffsetBegin=326 CharacterOffsetEnd=327 PartOfSpeech=PUNCT Lemma=, NamedEntityTag=O]
[Text=hoy CharacterOffsetBegin=328 CharacterOffsetEnd=331 PartOfSpeech=ADV Lemma=hoy NamedEntityTag=DATE NormalizedNamedEntityTag=THIS P1D Timex=<TIMEX3 alt_value="THIS P1D" anchorTimeID="t0" temporalFunction="true" tid="t1" type="DATE" valueFromFunction="tf0">hoy</TIMEX3>]
[Text=- CharacterOffsetBegin=332 CharacterOffsetEnd=333 PartOfSpeech=PUNCT Lemma=- NamedEntityTag=O]
[Text=- CharacterOffsetBegin=334 CharacterOffsetEnd=335 PartOfSpeech=PUNCT Lemma=- NamedEntityTag=O]
[Text=mismo CharacterOffsetBegin=336 CharacterOffsetEnd=341 PartOfSpeech=ADJ Lemma=mismo NamedEntityTag=O]
[Text=y CharacterOffsetBegin=342 CharacterOffsetEnd=343 PartOfSpeech=CCONJ Lemma=y NamedEntityTag=O]
[Text=te CharacterOffsetBegin=344 CharacterOffsetEnd=346 PartOfSpeech=PRON Lemma=te NamedEntityTag=O]
[Text=ruego CharacterOffsetBegin=347 CharacterOffsetEnd=352 PartOfSpeech=VERB Lemma=ruego NamedEntityTag=O]
[Text=les CharacterOffsetBegin=353 CharacterOffsetEnd=356 PartOfSpeech=PRON Lemma=les NamedEntityTag=O]
[Text=pongas CharacterOffsetBegin=357 CharacterOffsetEnd=363 PartOfSpeech=VERB Lemma=ponga NamedEntityTag=O]
[Text=atención CharacterOffsetBegin=364 CharacterOffsetEnd=372 PartOfSpeech=NOUN Lemma=atención NamedEntityTag=O]
[Text=. CharacterOffsetBegin=372 CharacterOffsetEnd=373 PartOfSpeech=PUNCT Lemma=. NamedEntityTag=O]

Dependency Parse (enhanced plus plus dependencies):
root(ROOT-0, hoy-2)
punct(hoy-2, ,-1)
punct(mismo-5, --3)
punct(mismo-5, --4)
conj(hoy-2, mismo-5)
cc(ruego-8, y-6)
obj(ruego-8, te-7)
conj(hoy-2, ruego-8)
conj:y(mismo-5, ruego-8)
obj(mismo-5, les-9)
advcl(mismo-5, pongas-10)
obj(pongas-10, atención-11)
punct(hoy-2, .-12)

Extracted the following NER entity mentions:
hoy	DATE	DATE:-1.0

Sentence #6 (26 tokens):
Uno de ellos te -
te va a decir que tiene un anillo igual al de Marí Elena
y una firma que es la mía.

Tokens:
[Text=Uno CharacterOffsetBegin=374 CharacterOffsetEnd=377 PartOfSpeech=PRON Lemma=uno NamedEntityTag=O]
[Text=de CharacterOffsetBegin=378 CharacterOffsetEnd=380 PartOfSpeech=ADP Lemma=de NamedEntityTag=O]
[Text=ellos CharacterOffsetBegin=381 CharacterOffsetEnd=386 PartOfSpeech=PRON Lemma=ellos NamedEntityTag=O]
[Text=te CharacterOffsetBegin=387 CharacterOffsetEnd=389 PartOfSpeech=PRON Lemma=te NamedEntityTag=O]
[Text=- CharacterOffsetBegin=390 CharacterOffsetEnd=391 PartOfSpeech=PUNCT Lemma=- NamedEntityTag=O]
[Text=te CharacterOffsetBegin=392 CharacterOffsetEnd=394 PartOfSpeech=PRON Lemma=te NamedEntityTag=O]
[Text=va CharacterOffsetBegin=395 CharacterOffsetEnd=397 PartOfSpeech=AUX Lemma=va NamedEntityTag=O]
[Text=a CharacterOffsetBegin=398 CharacterOffsetEnd=399 PartOfSpeech=ADP Lemma=a NamedEntityTag=O]
[Text=decir CharacterOffsetBegin=400 CharacterOffsetEnd=405 PartOfSpeech=VERB Lemma=decir NamedEntityTag=O]
[Text=que CharacterOffsetBegin=406 CharacterOffsetEnd=409 PartOfSpeech=SCONJ Lemma=que NamedEntityTag=O]
[Text=tiene CharacterOffsetBegin=410 CharacterOffsetEnd=415 PartOfSpeech=VERB Lemma=tiene NamedEntityTag=O]
[Text=un CharacterOffsetBegin=416 CharacterOffsetEnd=418 PartOfSpeech=DET Lemma=un NamedEntityTag=O]
[Text=anillo CharacterOffsetBegin=419 CharacterOffsetEnd=425 PartOfSpeech=NOUN Lemma=anillo NamedEntityTag=O]
[Text=igual CharacterOffsetBegin=426 CharacterOffsetEnd=431 PartOfSpeech=ADJ Lemma=igual NamedEntityTag=O]
[Text=al CharacterOffsetBegin=432 CharacterOffsetEnd=434 PartOfSpeech=ADP Lemma=al NamedEntityTag=O]
[Text=de CharacterOffsetBegin=435 CharacterOffsetEnd=437 PartOfSpeech=ADP Lemma=de NamedEntityTag=O]
[Text=Marí CharacterOffsetBegin=438 CharacterOffsetEnd=442 PartOfSpeech=PROPN Lemma=marí NamedEntityTag=PERSON]
[Text=Elena CharacterOffsetBegin=443 CharacterOffsetEnd=448 PartOfSpeech=PROPN Lemma=elena NamedEntityTag=PERSON]
[Text=y CharacterOffsetBegin=449 CharacterOffsetEnd=450 PartOfSpeech=CCONJ Lemma=y NamedEntityTag=O]
[Text=una CharacterOffsetBegin=451 CharacterOffsetEnd=454 PartOfSpeech=DET Lemma=una NamedEntityTag=O]
[Text=firma CharacterOffsetBegin=455 CharacterOffsetEnd=460 PartOfSpeech=NOUN Lemma=firma NamedEntityTag=O]
[Text=que CharacterOffsetBegin=461 CharacterOffsetEnd=464 PartOfSpeech=PRON Lemma=que NamedEntityTag=O]
[Text=es CharacterOffsetBegin=465 CharacterOffsetEnd=467 PartOfSpeech=AUX Lemma=es NamedEntityTag=O]
[Text=la CharacterOffsetBegin=468 CharacterOffsetEnd=470 PartOfSpeech=DET Lemma=la NamedEntityTag=O]
[Text=mía CharacterOffsetBegin=471 CharacterOffsetEnd=474 PartOfSpeech=PRON Lemma=mía NamedEntityTag=O]
[Text=. CharacterOffsetBegin=474 CharacterOffsetEnd=475 PartOfSpeech=PUNCT Lemma=. NamedEntityTag=O]

Dependency Parse (enhanced plus plus dependencies):
root(ROOT-0, decir-9)
nsubj(decir-9, Uno-1)
case(ellos-3, de-2)
nmod(Uno-1, ellos-3)
iobj(decir-9, te-4)
punct(decir-9, --5)
iobj(decir-9, te-6)
aux(decir-9, va-7)
mark(decir-9, a-8)
mark(tiene-11, que-10)
ccomp(decir-9, tiene-11)
det(anillo-13, un-12)
obj(tiene-11, anillo-13)
amod(anillo-13, igual-14)
case(Marí-17, al-15)
case(Marí-17, de-16)
nmod(igual-14, Marí-17)
flat(Marí-17, Elena-18)
cc(firma-21, y-19)
det(firma-21, una-20)
obj(tiene-11, firma-21)
conj:y(anillo-13, firma-21)
nsubj(mía-25, que-22)
cop(mía-25, es-23)
det(mía-25, la-24)
acl(firma-21, mía-25)
punct(decir-9, .-26)

Extracted the following NER entity mentions:
Marí Elena	PERSON	PERSON:0.98773332162636

Sentence #7 (30 tokens):
Te va preguntar cuanto - -
tienes, esperando quesean considerados, si hay arreglo, tendrá que venir JORGE y ANGEL, menos tu o nomás uno -.

Tokens:
[Text=Te CharacterOffsetBegin=475 CharacterOffsetEnd=477 PartOfSpeech=PRON Lemma=te NamedEntityTag=O]
[Text=va CharacterOffsetBegin=478 CharacterOffsetEnd=480 PartOfSpeech=VERB Lemma=va NamedEntityTag=O]
[Text=preguntar CharacterOffsetBegin=481 CharacterOffsetEnd=490 PartOfSpeech=AUX Lemma=preguntar NamedEntityTag=O]
[Text=cuanto CharacterOffsetBegin=491 CharacterOffsetEnd=497 PartOfSpeech=PRON Lemma=cuanto NamedEntityTag=O]
[Text=- CharacterOffsetBegin=498 CharacterOffsetEnd=499 PartOfSpeech=PUNCT Lemma=- NamedEntityTag=O]
[Text=- CharacterOffsetBegin=500 CharacterOffsetEnd=501 PartOfSpeech=PUNCT Lemma=- NamedEntityTag=O]
[Text=tienes CharacterOffsetBegin=502 CharacterOffsetEnd=508 PartOfSpeech=VERB Lemma=tiene NamedEntityTag=O]
[Text=, CharacterOffsetBegin=508 CharacterOffsetEnd=509 PartOfSpeech=PUNCT Lemma=, NamedEntityTag=O]
[Text=esperando CharacterOffsetBegin=510 CharacterOffsetEnd=519 PartOfSpeech=VERB Lemma=esperando NamedEntityTag=O]
[Text=quesean CharacterOffsetBegin=520 CharacterOffsetEnd=527 PartOfSpeech=NOUN Lemma=quesean NamedEntityTag=O]
[Text=considerados CharacterOffsetBegin=528 CharacterOffsetEnd=540 PartOfSpeech=ADJ Lemma=considerados NamedEntityTag=O]
[Text=, CharacterOffsetBegin=540 CharacterOffsetEnd=541 PartOfSpeech=PUNCT Lemma=, NamedEntityTag=O]
[Text=si CharacterOffsetBegin=542 CharacterOffsetEnd=544 PartOfSpeech=SCONJ Lemma=si NamedEntityTag=O]
[Text=hay CharacterOffsetBegin=545 CharacterOffsetEnd=548 PartOfSpeech=AUX Lemma=hay NamedEntityTag=O]
[Text=arreglo CharacterOffsetBegin=549 CharacterOffsetEnd=556 PartOfSpeech=NOUN Lemma=arreglo NamedEntityTag=O]
[Text=, CharacterOffsetBegin=556 CharacterOffsetEnd=557 PartOfSpeech=PUNCT Lemma=, NamedEntityTag=O]
[Text=tendrá CharacterOffsetBegin=558 CharacterOffsetEnd=564 PartOfSpeech=VERB Lemma=tendrá NamedEntityTag=O]
[Text=que CharacterOffsetBegin=565 CharacterOffsetEnd=568 PartOfSpeech=SCONJ Lemma=que NamedEntityTag=O]
[Text=venir CharacterOffsetBegin=569 CharacterOffsetEnd=574 PartOfSpeech=VERB Lemma=venir NamedEntityTag=O]
[Text=JORGE CharacterOffsetBegin=575 CharacterOffsetEnd=580 PartOfSpeech=PROPN Lemma=jorge NamedEntityTag=O]
[Text=y CharacterOffsetBegin=581 CharacterOffsetEnd=582 PartOfSpeech=CCONJ Lemma=y NamedEntityTag=O]
[Text=ANGEL CharacterOffsetBegin=583 CharacterOffsetEnd=588 PartOfSpeech=PROPN Lemma=angel NamedEntityTag=ORGANIZATION]
[Text=, CharacterOffsetBegin=588 CharacterOffsetEnd=589 PartOfSpeech=PUNCT Lemma=, NamedEntityTag=O]
[Text=menos CharacterOffsetBegin=590 CharacterOffsetEnd=595 PartOfSpeech=ADV Lemma=menos NamedEntityTag=O]
[Text=tu CharacterOffsetBegin=596 CharacterOffsetEnd=598 PartOfSpeech=NOUN Lemma=tu NamedEntityTag=O]
[Text=o CharacterOffsetBegin=599 CharacterOffsetEnd=600 PartOfSpeech=CCONJ Lemma=o NamedEntityTag=O]
[Text=nomás CharacterOffsetBegin=601 CharacterOffsetEnd=606 PartOfSpeech=NOUN Lemma=nomás NamedEntityTag=O]
[Text=uno CharacterOffsetBegin=607 CharacterOffsetEnd=610 PartOfSpeech=PRON Lemma=uno NamedEntityTag=O]
[Text=- CharacterOffsetBegin=611 CharacterOffsetEnd=612 PartOfSpeech=PUNCT Lemma=- NamedEntityTag=O]
[Text=. CharacterOffsetBegin=612 CharacterOffsetEnd=613 PartOfSpeech=PUNCT Lemma=. NamedEntityTag=O]

Dependency Parse (enhanced plus plus dependencies):
root(ROOT-0, va-2)
obj(va-2, Te-1)
csubj(va-2, preguntar-3)
nsubj(tendrá-17, cuanto-4)
punct(tienes-7, --5)
punct(tienes-7, --6)
advcl(tendrá-17, tienes-7)
punct(esperando-9, ,-8)
advcl(tienes-7, esperando-9)
obj(esperando-9, quesean-10)
amod(quesean-10, considerados-11)
punct(esperando-9, ,-12)
mark(hay-14, si-13)
advcl(tienes-7, hay-14)
obj(hay-14, arreglo-15)
punct(tienes-7, ,-16)
ccomp(preguntar-3, tendrá-17)
mark(venir-19, que-18)
xcomp(tendrá-17, venir-19)
nsubj(venir-19, JORGE-20)
cc(ANGEL-22, y-21)
nsubj(venir-19, ANGEL-22)
conj:y(JORGE-20, ANGEL-22)
punct(tu-25, ,-23)
advmod(tu-25, menos-24)
appos(JORGE-20, tu-25)
cc(nomás-27, o-26)
appos(JORGE-20, nomás-27)
conj:o(tu-25, nomás-27)
appos(tu-25, uno-28)
punct(va-2, --29)
punct(va-2, .-30)

Extracted the following NER entity mentions:
ANGEL	ORGANIZATION	ORGANIZATION:0.6622831807528355

Sentence #8 (18 tokens):
solo, Que no se le alarmen, ellos le dirán lo que hay que -
hacer.

Tokens:
[Text=solo CharacterOffsetBegin=614 CharacterOffsetEnd=618 PartOfSpeech=ADV Lemma=solo NamedEntityTag=O]
[Text=, CharacterOffsetBegin=618 CharacterOffsetEnd=619 PartOfSpeech=PUNCT Lemma=, NamedEntityTag=O]
[Text=Que CharacterOffsetBegin=620 CharacterOffsetEnd=623 PartOfSpeech=SCONJ Lemma=que NamedEntityTag=O]
[Text=no CharacterOffsetBegin=624 CharacterOffsetEnd=626 PartOfSpeech=ADV Lemma=no NamedEntityTag=O]
[Text=se CharacterOffsetBegin=627 CharacterOffsetEnd=629 PartOfSpeech=PRON Lemma=se NamedEntityTag=O]
[Text=le CharacterOffsetBegin=630 CharacterOffsetEnd=632 PartOfSpeech=PRON Lemma=le NamedEntityTag=O]
[Text=alarmen CharacterOffsetBegin=633 CharacterOffsetEnd=640 PartOfSpeech=VERB Lemma=alarmen NamedEntityTag=O]
[Text=, CharacterOffsetBegin=640 CharacterOffsetEnd=641 PartOfSpeech=PUNCT Lemma=, NamedEntityTag=O]
[Text=ellos CharacterOffsetBegin=642 CharacterOffsetEnd=647 PartOfSpeech=PRON Lemma=ellos NamedEntityTag=O]
[Text=le CharacterOffsetBegin=648 CharacterOffsetEnd=650 PartOfSpeech=PRON Lemma=le NamedEntityTag=O]
[Text=dirán CharacterOffsetBegin=651 CharacterOffsetEnd=656 PartOfSpeech=VERB Lemma=dirán NamedEntityTag=O]
[Text=lo CharacterOffsetBegin=657 CharacterOffsetEnd=659 PartOfSpeech=DET Lemma=lo NamedEntityTag=O]
[Text=que CharacterOffsetBegin=660 CharacterOffsetEnd=663 PartOfSpeech=PRON Lemma=que NamedEntityTag=O]
[Text=hay CharacterOffsetBegin=664 CharacterOffsetEnd=667 PartOfSpeech=AUX Lemma=hay NamedEntityTag=O]
[Text=que CharacterOffsetBegin=668 CharacterOffsetEnd=671 PartOfSpeech=SCONJ Lemma=que NamedEntityTag=O]
[Text=- CharacterOffsetBegin=672 CharacterOffsetEnd=673 PartOfSpeech=PUNCT Lemma=- NamedEntityTag=O]
[Text=hacer CharacterOffsetBegin=674 CharacterOffsetEnd=679 PartOfSpeech=VERB Lemma=hacer NamedEntityTag=O]
[Text=. CharacterOffsetBegin=679 CharacterOffsetEnd=680 PartOfSpeech=PUNCT Lemma=. NamedEntityTag=O]

Dependency Parse (enhanced plus plus dependencies):
root(ROOT-0, dirán-11)
advmod(dirán-11, solo-1)
punct(solo-1, ,-2)
mark(alarmen-7, Que-3)
advmod(alarmen-7, no-4)
expl:pass(alarmen-7, se-5)
obj(alarmen-7, le-6)
advcl(dirán-11, alarmen-7)
punct(alarmen-7, ,-8)
nsubj(dirán-11, ellos-9)
iobj(dirán-11, le-10)
det(hay-14, lo-12)
obl(hay-14, que-13)
ccomp(dirán-11, hay-14)
mark(hacer-17, que-15)
punct(hacer-17, --16)
xcomp(hay-14, hacer-17)
punct(dirán-11, .-18)

Extracted the following NER entity mentions:

Sentence #9 (15 tokens):
Si se entrega el dinero irá mi firma y un objeto
que me identifique!

Tokens:
[Text=Si CharacterOffsetBegin=680 CharacterOffsetEnd=682 PartOfSpeech=SCONJ Lemma=si NamedEntityTag=O]
[Text=se CharacterOffsetBegin=683 CharacterOffsetEnd=685 PartOfSpeech=PRON Lemma=se NamedEntityTag=O]
[Text=entrega CharacterOffsetBegin=686 CharacterOffsetEnd=693 PartOfSpeech=VERB Lemma=entrega NamedEntityTag=O]
[Text=el CharacterOffsetBegin=694 CharacterOffsetEnd=696 PartOfSpeech=DET Lemma=el NamedEntityTag=O]
[Text=dinero CharacterOffsetBegin=697 CharacterOffsetEnd=703 PartOfSpeech=NOUN Lemma=dinero NamedEntityTag=O]
[Text=irá CharacterOffsetBegin=704 CharacterOffsetEnd=707 PartOfSpeech=VERB Lemma=irá NamedEntityTag=O]
[Text=mi CharacterOffsetBegin=708 CharacterOffsetEnd=710 PartOfSpeech=DET Lemma=mi NamedEntityTag=O]
[Text=firma CharacterOffsetBegin=711 CharacterOffsetEnd=716 PartOfSpeech=NOUN Lemma=firma NamedEntityTag=O]
[Text=y CharacterOffsetBegin=717 CharacterOffsetEnd=718 PartOfSpeech=CCONJ Lemma=y NamedEntityTag=O]
[Text=un CharacterOffsetBegin=719 CharacterOffsetEnd=721 PartOfSpeech=DET Lemma=un NamedEntityTag=O]
[Text=objeto CharacterOffsetBegin=722 CharacterOffsetEnd=728 PartOfSpeech=NOUN Lemma=objeto NamedEntityTag=O]
[Text=que CharacterOffsetBegin=729 CharacterOffsetEnd=732 PartOfSpeech=PRON Lemma=que NamedEntityTag=O]
[Text=me CharacterOffsetBegin=733 CharacterOffsetEnd=735 PartOfSpeech=PRON Lemma=I NamedEntityTag=O]
[Text=identifique CharacterOffsetBegin=736 CharacterOffsetEnd=747 PartOfSpeech=VERB Lemma=identifique NamedEntityTag=O]
[Text=! CharacterOffsetBegin=747 CharacterOffsetEnd=748 PartOfSpeech=PUNCT Lemma=! NamedEntityTag=O]

Dependency Parse (enhanced plus plus dependencies):
root(ROOT-0, irá-6)
mark(entrega-3, Si-1)
obj(entrega-3, se-2)
advcl(irá-6, entrega-3)
det(dinero-5, el-4)
nsubj(entrega-3, dinero-5)
det(firma-8, mi-7)
nsubj(irá-6, firma-8)
cc(objeto-11, y-9)
det(objeto-11, un-10)
nsubj(irá-6, objeto-11)
conj:y(firma-8, objeto-11)
nsubj(identifique-14, que-12)
obj(identifique-14, me-13)
acl(objeto-11, identifique-14)
punct(irá-6, !-15)

Extracted the following NER entity mentions:

Sentence #10 (1 tokens):
.

Tokens:
[Text=. CharacterOffsetBegin=749 CharacterOffsetEnd=750 PartOfSpeech=PUNCT Lemma=. NamedEntityTag=O]

Dependency Parse (enhanced plus plus dependencies):
root(ROOT-0, .-1)

Extracted the following NER entity mentions:

Sentence #11 (5 tokens):
-Firma FILIBERTO VIGUERAS .

Tokens:
[Text=- CharacterOffsetBegin=750 CharacterOffsetEnd=751 PartOfSpeech=PUNCT Lemma=- NamedEntityTag=O]
[Text=Firma CharacterOffsetBegin=751 CharacterOffsetEnd=756 PartOfSpeech=NOUN Lemma=firma NamedEntityTag=O]
[Text=FILIBERTO CharacterOffsetBegin=757 CharacterOffsetEnd=766 PartOfSpeech=PROPN Lemma=filiberto NamedEntityTag=PERSON]
[Text=VIGUERAS CharacterOffsetBegin=767 CharacterOffsetEnd=775 PartOfSpeech=PROPN Lemma=vigueras NamedEntityTag=PERSON]
[Text=. CharacterOffsetBegin=776 CharacterOffsetEnd=777 PartOfSpeech=PUNCT Lemma=. NamedEntityTag=O]

Dependency Parse (enhanced plus plus dependencies):
root(ROOT-0, Firma-2)
punct(Firma-2, --1)
appos(Firma-2, FILIBERTO-3)
flat(FILIBERTO-3, VIGUERAS-4)
punct(Firma-2, .-5)

Extracted the following NER entity mentions:
FILIBERTO VIGUERAS	PERSON	PERSON:0.8352453674183056

Sentence #12 (16 tokens):
-Por - - -
otra parte con la misma fecha siendo las 17.50 hs.

Tokens:
[Text=- CharacterOffsetBegin=777 CharacterOffsetEnd=778 PartOfSpeech=PUNCT Lemma=- NamedEntityTag=O]
[Text=Por CharacterOffsetBegin=778 CharacterOffsetEnd=781 PartOfSpeech=ADP Lemma=por NamedEntityTag=O]
[Text=- CharacterOffsetBegin=782 CharacterOffsetEnd=783 PartOfSpeech=PUNCT Lemma=- NamedEntityTag=O]
[Text=- CharacterOffsetBegin=784 CharacterOffsetEnd=785 PartOfSpeech=PUNCT Lemma=- NamedEntityTag=O]
[Text=- CharacterOffsetBegin=786 CharacterOffsetEnd=787 PartOfSpeech=PUNCT Lemma=- NamedEntityTag=O]
[Text=otra CharacterOffsetBegin=788 CharacterOffsetEnd=792 PartOfSpeech=DET Lemma=otra NamedEntityTag=O]
[Text=parte CharacterOffsetBegin=793 CharacterOffsetEnd=798 PartOfSpeech=NOUN Lemma=parte NamedEntityTag=O]
[Text=con CharacterOffsetBegin=799 CharacterOffsetEnd=802 PartOfSpeech=ADP Lemma=con NamedEntityTag=O]
[Text=la CharacterOffsetBegin=803 CharacterOffsetEnd=805 PartOfSpeech=DET Lemma=la NamedEntityTag=O]
[Text=misma CharacterOffsetBegin=806 CharacterOffsetEnd=811 PartOfSpeech=DET Lemma=misma NamedEntityTag=O]
[Text=fecha CharacterOffsetBegin=812 CharacterOffsetEnd=817 PartOfSpeech=NOUN Lemma=fecha NamedEntityTag=O]
[Text=siendo CharacterOffsetBegin=818 CharacterOffsetEnd=824 PartOfSpeech=AUX Lemma=siendo NamedEntityTag=O]
[Text=las CharacterOffsetBegin=825 CharacterOffsetEnd=828 PartOfSpeech=DET Lemma=las NamedEntityTag=O]
[Text=17.50 CharacterOffsetBegin=829 CharacterOffsetEnd=834 PartOfSpeech=NOUN Lemma=17.50 NamedEntityTag=NUMBER NormalizedNamedEntityTag=17.5]
[Text=hs CharacterOffsetBegin=835 CharacterOffsetEnd=837 PartOfSpeech=NOUN Lemma=hs NamedEntityTag=O]
[Text=. CharacterOffsetBegin=837 CharacterOffsetEnd=838 PartOfSpeech=PUNCT Lemma=. NamedEntityTag=O]

Dependency Parse (enhanced plus plus dependencies):
root(ROOT-0, parte-7)
punct(parte-7, --1)
case(parte-7, Por-2)
punct(parte-7, --3)
punct(parte-7, --4)
punct(parte-7, --5)
det(parte-7, otra-6)
case(fecha-11, con-8)
det(fecha-11, la-9)
det(la-9, misma-10)
nmod(parte-7, fecha-11)
cop(parte-7, siendo-12)
det(17.50-14, las-13)
nsubj(parte-7, 17.50-14)
nmod(17.50-14, hs-15)
punct(parte-7, .-16)

Extracted the following NER entity mentions:
17.50	NUMBER	NUMBER:-1.0

Sentence #13 (11 tokens):
, un
individuo que dijo ser LUCIO CABAÑAS BARRIENTOS, habló

Tokens:
[Text=, CharacterOffsetBegin=838 CharacterOffsetEnd=839 PartOfSpeech=PUNCT Lemma=, NamedEntityTag=O]
[Text=un CharacterOffsetBegin=840 CharacterOffsetEnd=842 PartOfSpeech=DET Lemma=un NamedEntityTag=O]
[Text=individuo CharacterOffsetBegin=843 CharacterOffsetEnd=852 PartOfSpeech=NOUN Lemma=individuo NamedEntityTag=O]
[Text=que CharacterOffsetBegin=853 CharacterOffsetEnd=856 PartOfSpeech=PRON Lemma=que NamedEntityTag=O]
[Text=dijo CharacterOffsetBegin=857 CharacterOffsetEnd=861 PartOfSpeech=VERB Lemma=dijo NamedEntityTag=O]
[Text=ser CharacterOffsetBegin=862 CharacterOffsetEnd=865 PartOfSpeech=AUX Lemma=ser NamedEntityTag=O]
[Text=LUCIO CharacterOffsetBegin=866 CharacterOffsetEnd=871 PartOfSpeech=PROPN Lemma=lucio NamedEntityTag=PERSON]
[Text=CABAÑAS CharacterOffsetBegin=872 CharacterOffsetEnd=879 PartOfSpeech=PROPN Lemma=cabañas NamedEntityTag=PERSON]
[Text=BARRIENTOS CharacterOffsetBegin=880 CharacterOffsetEnd=890 PartOfSpeech=PROPN Lemma=barrientos NamedEntityTag=PERSON]
[Text=, CharacterOffsetBegin=890 CharacterOffsetEnd=891 PartOfSpeech=PUNCT Lemma=, NamedEntityTag=O]
[Text=habló CharacterOffsetBegin=892 CharacterOffsetEnd=897 PartOfSpeech=VERB Lemma=habló NamedEntityTag=O]

Dependency Parse (enhanced plus plus dependencies):
root(ROOT-0, habló-11)
punct(individuo-3, ,-1)
det(individuo-3, un-2)
ccomp(habló-11, individuo-3)
nsubj(dijo-5, que-4)
acl(individuo-3, dijo-5)
cop(LUCIO-7, ser-6)
xcomp(dijo-5, LUCIO-7)
flat(LUCIO-7, CABAÑAS-8)
flat(LUCIO-7, BARRIENTOS-9)
punct(individuo-3, ,-10)

Extracted the following NER entity mentions:
LUCIO CABAÑAS BARRIENTOS	PERSON	PERSON:0.7569259048460415
