Document: ID=file_393.txt (4 sentences, 154 tokens)

Sentence #1 (72 tokens):
ri, color blanco en el que viajaban 4 individu
fueron inte ceptados por los mismos, indican-
dole a su esposo ( ESTE ELEMENTO) que desocu-
para el volante y subiera al Safari, ocupando
ese individuo el lugar desocupado, y que los condujo a su domicilio ubicado en las calles
de Bernal Diaz del Castillo No.5 Col. Progreso
en el Puerto de Acapulco, Gro.

Tokens:
[Text=ri CharacterOffsetBegin=0 CharacterOffsetEnd=2 PartOfSpeech=NOUN Lemma=ri NamedEntityTag=O]
[Text=, CharacterOffsetBegin=2 CharacterOffsetEnd=3 PartOfSpeech=PUNCT Lemma=, NamedEntityTag=O]
[Text=color CharacterOffsetBegin=4 CharacterOffsetEnd=9 PartOfSpeech=NOUN Lemma=color NamedEntityTag=O]
[Text=blanco CharacterOffsetBegin=10 CharacterOffsetEnd=16 PartOfSpeech=ADJ Lemma=blanco NamedEntityTag=O]
[Text=en CharacterOffsetBegin=17 CharacterOffsetEnd=19 PartOfSpeech=ADP Lemma=en NamedEntityTag=O]
[Text=el CharacterOffsetBegin=20 CharacterOffsetEnd=22 PartOfSpeech=DET Lemma=el NamedEntityTag=O]
[Text=que CharacterOffsetBegin=23 CharacterOffsetEnd=26 PartOfSpeech=PRON Lemma=que NamedEntityTag=O]
[Text=viajaban CharacterOffsetBegin=27 CharacterOffsetEnd=35 PartOfSpeech=VERB Lemma=viajaban NamedEntityTag=O]
[Text=4 CharacterOffsetBegin=36 CharacterOffsetEnd=37 PartOfSpeech=NUM Lemma=4 NamedEntityTag=NUMBER NormalizedNamedEntityTag=4.0]
[Text=individu CharacterOffsetBegin=38 CharacterOffsetEnd=46 PartOfSpeech=NOUN Lemma=individu NamedEntityTag=O]
[Text=fueron CharacterOffsetBegin=47 CharacterOffsetEnd=53 PartOfSpeech=AUX Lemma=fueron NamedEntityTag=O]
[Text=inte CharacterOffsetBegin=54 CharacterOffsetEnd=58 PartOfSpeech=VERB Lemma=inte NamedEntityTag=O]
[Text=ceptados CharacterOffsetBegin=59 CharacterOffsetEnd=67 PartOfSpeech=ADJ Lemma=ceptados NamedEntityTag=O]
[Text=por CharacterOffsetBegin=68 CharacterOffsetEnd=71 PartOfSpeech=ADP Lemma=por NamedEntityTag=O]
[Text=los CharacterOffsetBegin=72 CharacterOffsetEnd=75 PartOfSpeech=DET Lemma=los NamedEntityTag=O]
[Text=mismos CharacterOffsetBegin=76 CharacterOffsetEnd=82 PartOfSpeech=PRON Lemma=mismos NamedEntityTag=O]
[Text=, CharacterOffsetBegin=82 CharacterOffsetEnd=83 PartOfSpeech=PUNCT Lemma=, NamedEntityTag=O]
[Text=indican CharacterOffsetBegin=84 CharacterOffsetEnd=91 PartOfSpeech=VERB Lemma=indican NamedEntityTag=O]
[Text=- CharacterOffsetBegin=91 CharacterOffsetEnd=92 PartOfSpeech=PUNCT Lemma=- NamedEntityTag=O]
[Text=dole CharacterOffsetBegin=93 CharacterOffsetEnd=97 PartOfSpeech=VERB Lemma=dole NamedEntityTag=O]
[Text=a CharacterOffsetBegin=98 CharacterOffsetEnd=99 PartOfSpeech=ADP Lemma=a NamedEntityTag=O]
[Text=su CharacterOffsetBegin=100 CharacterOffsetEnd=102 PartOfSpeech=DET Lemma=su NamedEntityTag=O]
[Text=esposo CharacterOffsetBegin=103 CharacterOffsetEnd=109 PartOfSpeech=NOUN Lemma=esposo NamedEntityTag=O]
[Text=( CharacterOffsetBegin=110 CharacterOffsetEnd=111 PartOfSpeech=PUNCT Lemma=( NamedEntityTag=O]
[Text=ESTE CharacterOffsetBegin=112 CharacterOffsetEnd=116 PartOfSpeech=DET Lemma=este NamedEntityTag=O]
[Text=ELEMENTO CharacterOffsetBegin=117 CharacterOffsetEnd=125 PartOfSpeech=NOUN Lemma=elemento NamedEntityTag=O]
[Text=) CharacterOffsetBegin=125 CharacterOffsetEnd=126 PartOfSpeech=PUNCT Lemma=) NamedEntityTag=O]
[Text=que CharacterOffsetBegin=127 CharacterOffsetEnd=130 PartOfSpeech=PRON Lemma=que NamedEntityTag=O]
[Text=desocu CharacterOffsetBegin=131 CharacterOffsetEnd=137 PartOfSpeech=VERB Lemma=desocu NamedEntityTag=O]
[Text=- CharacterOffsetBegin=137 CharacterOffsetEnd=138 PartOfSpeech=PUNCT Lemma=- NamedEntityTag=O]
[Text=para CharacterOffsetBegin=139 CharacterOffsetEnd=143 PartOfSpeech=ADP Lemma=para NamedEntityTag=O]
[Text=el CharacterOffsetBegin=144 CharacterOffsetEnd=146 PartOfSpeech=DET Lemma=el NamedEntityTag=O]
[Text=volante CharacterOffsetBegin=147 CharacterOffsetEnd=154 PartOfSpeech=NOUN Lemma=volante NamedEntityTag=O]
[Text=y CharacterOffsetBegin=155 CharacterOffsetEnd=156 PartOfSpeech=CCONJ Lemma=y NamedEntityTag=O]
[Text=subiera CharacterOffsetBegin=157 CharacterOffsetEnd=164 PartOfSpeech=VERB Lemma=subiera NamedEntityTag=O]
[Text=al CharacterOffsetBegin=165 CharacterOffsetEnd=167 PartOfSpeech=ADP Lemma=al NamedEntityTag=O]
[Text=Safari CharacterOffsetBegin=168 CharacterOffsetEnd=174 PartOfSpeech=PROPN Lemma=safari NamedEntityTag=ORGANIZATION]
[Text=, CharacterOffsetBegin=174 CharacterOffsetEnd=175 PartOfSpeech=PUNCT Lemma=, NamedEntityTag=O]
[Text=ocupando CharacterOffsetBegin=176 CharacterOffsetEnd=184 PartOfSpeech=VERB Lemma=ocupando NamedEntityTag=O]
[Text=ese CharacterOffsetBegin=185 CharacterOffsetEnd=188 PartOfSpeech=DET Lemma=ese NamedEntityTag=O]
[Text=individuo CharacterOffsetBegin=189 CharacterOffsetEnd=198 PartOfSpeech=NOUN Lemma=individuo NamedEntityTag=O]
[Text=el CharacterOffsetBegin=199 CharacterOffsetEnd=201 PartOfSpeech=DET Lemma=el NamedEntityTag=O]
[Text=lugar CharacterOffsetBegin=202 CharacterOffsetEnd=207 PartOfSpeech=NOUN Lemma=lugar NamedEntityTag=O]
[Text=desocupado CharacterOffsetBegin=208 CharacterOffsetEnd=218 PartOfSpeech=ADJ Lemma=desocupado NamedEntityTag=O]
[Text=, CharacterOffsetBegin=218 CharacterOffsetEnd=219 PartOfSpeech=PUNCT Lemma=, NamedEntityTag=O]
[Text=y CharacterOffsetBegin=220 CharacterOffsetEnd=221 PartOfSpeech=CCONJ Lemma=y NamedEntityTag=O]
[Text=que CharacterOffsetBegin=222 CharacterOffsetEnd=225 PartOfSpeech=PRON Lemma=que NamedEntityTag=O]
[Text=los CharacterOffsetBegin=226 CharacterOffsetEnd=229 PartOfSpeech=PRON Lemma=los NamedEntityTag=O]
[Text=condujo CharacterOffsetBegin=230 CharacterOffsetEnd=237 PartOfSpeech=VERB Lemma=condujo NamedEntityTag=O]
[Text=a CharacterOffsetBegin=238 CharacterOffsetEnd=239 PartOfSpeech=ADP Lemma=a NamedEntityTag=O]
[Text=su CharacterOffsetBegin=240 CharacterOffsetEnd=242 PartOfSpeech=DET Lemma=su NamedEntityTag=O]
[Text=domicilio CharacterOffsetBegin=243 CharacterOffsetEnd=252 PartOfSpeech=NOUN Lemma=domicilio NamedEntityTag=O]
[Text=ubicado CharacterOffsetBegin=253 CharacterOffsetEnd=260 PartOfSpeech=ADJ Lemma=ubicado NamedEntityTag=O]
[Text=en CharacterOffsetBegin=261 CharacterOffsetEnd=263 PartOfSpeech=ADP Lemma=en NamedEntityTag=O]
[Text=las CharacterOffsetBegin=264 CharacterOffsetEnd=267 PartOfSpeech=DET Lemma=las NamedEntityTag=O]
[Text=calles CharacterOffsetBegin=268 CharacterOffsetEnd=274 PartOfSpeech=NOUN Lemma=calles NamedEntityTag=O]
[Text=de CharacterOffsetBegin=275 CharacterOffsetEnd=277 PartOfSpeech=ADP Lemma=de NamedEntityTag=O]
[Text=Bernal CharacterOffsetBegin=278 CharacterOffsetEnd=284 PartOfSpeech=PROPN Lemma=bernal NamedEntityTag=PERSON]
[Text=Diaz CharacterOffsetBegin=285 CharacterOffsetEnd=289 PartOfSpeech=PROPN Lemma=diaz NamedEntityTag=PERSON]
[Text=del CharacterOffsetBegin=290 CharacterOffsetEnd=293 PartOfSpeech=ADP Lemma=del NamedEntityTag=PERSON]
[Text=Castillo CharacterOffsetBegin=294 CharacterOffsetEnd=302 PartOfSpeech=PROPN Lemma=castillo NamedEntityTag=PERSON]
[Text=No.5 CharacterOffsetBegin=303 CharacterOffsetEnd=307 PartOfSpeech=PROPN Lemma=no.5 NamedEntityTag=O]
[Text=Col. CharacterOffsetBegin=308 CharacterOffsetEnd=312 PartOfSpeech=PROPN Lemma=col. NamedEntityTag=O]
[Text=Progreso CharacterOffsetBegin=313 CharacterOffsetEnd=321 PartOfSpeech=PROPN Lemma=progreso NamedEntityTag=O]
[Text=en CharacterOffsetBegin=322 CharacterOffsetEnd=324 PartOfSpeech=ADP Lemma=en NamedEntityTag=O]
[Text=el CharacterOffsetBegin=325 CharacterOffsetEnd=327 PartOfSpeech=DET Lemma=el NamedEntityTag=O]
[Text=Puerto CharacterOffsetBegin=328 CharacterOffsetEnd=334 PartOfSpeech=PROPN Lemma=puerto NamedEntityTag=CITY]
[Text=de CharacterOffsetBegin=335 CharacterOffsetEnd=337 PartOfSpeech=ADP Lemma=de NamedEntityTag=LOCATION]
[Text=Acapulco CharacterOffsetBegin=338 CharacterOffsetEnd=346 PartOfSpeech=PROPN Lemma=acapulco NamedEntityTag=CITY]
[Text=, CharacterOffsetBegin=346 CharacterOffsetEnd=347 PartOfSpeech=PUNCT Lemma=, NamedEntityTag=O]
[Text=Gro CharacterOffsetBegin=348 CharacterOffsetEnd=351 PartOfSpeech=PROPN Lemma=gro NamedEntityTag=PERSON]
[Text=. CharacterOffsetBegin=351 CharacterOffsetEnd=352 PartOfSpeech=PUNCT Lemma=. NamedEntityTag=O]

Dependency Parse (enhanced plus plus dependencies):
root(ROOT-0, inte-12)
nsubj(inte-12, ri-1)
punct(color-3, ,-2)
appos(ri-1, color-3)
amod(color-3, blanco-4)
case(que-7, en-5)
det(que-7, el-6)
obl(viajaban-8, que-7)
acl(color-3, viajaban-8)
nummod(individu-10, 4-9)
nsubj(viajaban-8, individu-10)
aux(inte-12, fueron-11)
obj(inte-12, ceptados-13)
case(mismos-16, por-14)
det(mismos-16, los-15)
obj(ceptados-13, mismos-16)
punct(inte-12, ,-17)
advcl(inte-12, indican-18)
punct(dole-20, --19)
advcl(indican-18, dole-20)
case(esposo-23, a-21)
det(esposo-23, su-22)
obj(dole-20, esposo-23)
punct(ELEMENTO-26, (-24)
det(ELEMENTO-26, ESTE-25)
dep(dole-20, ELEMENTO-26)
punct(ELEMENTO-26, )-27)
nsubj(desocu-29, que-28)
advcl(dole-20, desocu-29)
punct(volante-33, --30)
case(volante-33, para-31)
det(volante-33, el-32)
obl(desocu-29, volante-33)
cc(subiera-35, y-34)
obl(desocu-29, subiera-35)
conj:y(volante-33, subiera-35)
case(Safari-37, al-36)
obj(subiera-35, Safari-37)
punct(volante-33, ,-38)
advcl(desocu-29, ocupando-39)
det(individuo-41, ese-40)
obj(ocupando-39, individuo-41)
det(lugar-43, el-42)
obj(ocupando-39, lugar-43)
amod(lugar-43, desocupado-44)
punct(condujo-49, ,-45)
cc(condujo-49, y-46)
nsubj(condujo-49, que-47)
obj(condujo-49, los-48)
advcl(desocu-29, condujo-49)
conj:y(ocupando-39, condujo-49)
case(domicilio-52, a-50)
det(domicilio-52, su-51)
obl(condujo-49, domicilio-52)
amod(domicilio-52, ubicado-53)
case(calles-56, en-54)
det(calles-56, las-55)
obl(ubicado-53, calles-56)
case(Bernal-58, de-57)
nmod(calles-56, Bernal-58)
flat(Bernal-58, Diaz-59)
case(Castillo-61, del-60)
flat(Bernal-58, Castillo-61)
flat(Castillo-61, No.5-62)
flat(Castillo-61, Col.-63)
flat(Castillo-61, Progreso-64)
case(Puerto-67, en-65)
det(Puerto-67, el-66)
nmod(domicilio-52, Puerto-67)
case(Acapulco-69, de-68)
flat(Puerto-67, Acapulco-69)
punct(Gro-71, ,-70)
appos(domicilio-52, Gro-71)
punct(inte-12, .-72)

Extracted the following NER entity mentions:
4	NUMBER	NUMBER:-1.0
Safari	ORGANIZATION	ORGANIZATION:0.3660712435829976
Bernal Diaz del Castillo	PERSON	PERSON:0.5284752285626946
Puerto	CITY	LOCATION:0.9892467875389721
de	LOCATION	LOCATION:0.9820230117573844
Acapulco	CITY	LOCATION:0.9900114193249523
Gro	PERSON	PERSON:0.46565208418733317

Sentence #2 (35 tokens):
, que dicho indi
viduo les indicó a sus compañeros por medio de
(a) El "bugambilia" que se llevara a este elem
mento a Mozimba, donde se reunirían después.

Tokens:
[Text=, CharacterOffsetBegin=352 CharacterOffsetEnd=353 PartOfSpeech=PUNCT Lemma=, NamedEntityTag=O]
[Text=que CharacterOffsetBegin=354 CharacterOffsetEnd=357 PartOfSpeech=PRON Lemma=que NamedEntityTag=O]
[Text=dicho CharacterOffsetBegin=358 CharacterOffsetEnd=363 PartOfSpeech=VERB Lemma=dicho NamedEntityTag=O]
[Text=indi CharacterOffsetBegin=364 CharacterOffsetEnd=368 PartOfSpeech=NOUN Lemma=indi NamedEntityTag=O]
[Text=viduo CharacterOffsetBegin=369 CharacterOffsetEnd=374 PartOfSpeech=ADJ Lemma=viduo NamedEntityTag=O]
[Text=les CharacterOffsetBegin=375 CharacterOffsetEnd=378 PartOfSpeech=PRON Lemma=les NamedEntityTag=O]
[Text=indicó CharacterOffsetBegin=379 CharacterOffsetEnd=385 PartOfSpeech=VERB Lemma=indicó NamedEntityTag=O]
[Text=a CharacterOffsetBegin=386 CharacterOffsetEnd=387 PartOfSpeech=ADP Lemma=a NamedEntityTag=O]
[Text=sus CharacterOffsetBegin=388 CharacterOffsetEnd=391 PartOfSpeech=DET Lemma=sus NamedEntityTag=O]
[Text=compañeros CharacterOffsetBegin=392 CharacterOffsetEnd=402 PartOfSpeech=NOUN Lemma=compañeros NamedEntityTag=O]
[Text=por CharacterOffsetBegin=403 CharacterOffsetEnd=406 PartOfSpeech=ADP Lemma=por NamedEntityTag=O]
[Text=medio CharacterOffsetBegin=407 CharacterOffsetEnd=412 PartOfSpeech=NUM Lemma=medio NamedEntityTag=O]
[Text=de CharacterOffsetBegin=413 CharacterOffsetEnd=415 PartOfSpeech=ADP Lemma=de NamedEntityTag=O]
[Text=( CharacterOffsetBegin=416 CharacterOffsetEnd=417 PartOfSpeech=PUNCT Lemma=( NamedEntityTag=O]
[Text=a CharacterOffsetBegin=417 CharacterOffsetEnd=418 PartOfSpeech=ADP Lemma=a NamedEntityTag=O]
[Text=) CharacterOffsetBegin=418 CharacterOffsetEnd=419 PartOfSpeech=PUNCT Lemma=) NamedEntityTag=O]
[Text=El CharacterOffsetBegin=420 CharacterOffsetEnd=422 PartOfSpeech=DET Lemma=el NamedEntityTag=O]
[Text=" CharacterOffsetBegin=423 CharacterOffsetEnd=424 PartOfSpeech=PUNCT Lemma=" NamedEntityTag=O]
[Text=bugambilia CharacterOffsetBegin=424 CharacterOffsetEnd=434 PartOfSpeech=NOUN Lemma=bugambilia NamedEntityTag=O]
[Text=" CharacterOffsetBegin=434 CharacterOffsetEnd=435 PartOfSpeech=PUNCT Lemma=" NamedEntityTag=O]
[Text=que CharacterOffsetBegin=436 CharacterOffsetEnd=439 PartOfSpeech=PRON Lemma=que NamedEntityTag=O]
[Text=se CharacterOffsetBegin=440 CharacterOffsetEnd=442 PartOfSpeech=PRON Lemma=se NamedEntityTag=O]
[Text=llevara CharacterOffsetBegin=443 CharacterOffsetEnd=450 PartOfSpeech=VERB Lemma=llevara NamedEntityTag=O]
[Text=a CharacterOffsetBegin=451 CharacterOffsetEnd=452 PartOfSpeech=ADP Lemma=a NamedEntityTag=O]
[Text=este CharacterOffsetBegin=453 CharacterOffsetEnd=457 PartOfSpeech=DET Lemma=este NamedEntityTag=O]
[Text=elem CharacterOffsetBegin=458 CharacterOffsetEnd=462 PartOfSpeech=NOUN Lemma=elem NamedEntityTag=O]
[Text=mento CharacterOffsetBegin=463 CharacterOffsetEnd=468 PartOfSpeech=ADJ Lemma=mento NamedEntityTag=O]
[Text=a CharacterOffsetBegin=469 CharacterOffsetEnd=470 PartOfSpeech=ADP Lemma=a NamedEntityTag=O]
[Text=Mozimba CharacterOffsetBegin=471 CharacterOffsetEnd=478 PartOfSpeech=PROPN Lemma=mozimba NamedEntityTag=LOCATION]
[Text=, CharacterOffsetBegin=478 CharacterOffsetEnd=479 PartOfSpeech=PUNCT Lemma=, NamedEntityTag=O]
[Text=donde CharacterOffsetBegin=480 CharacterOffsetEnd=485 PartOfSpeech=PRON Lemma=donde NamedEntityTag=O]
[Text=se CharacterOffsetBegin=486 CharacterOffsetEnd=488 PartOfSpeech=PRON Lemma=se NamedEntityTag=O]
[Text=reunirían CharacterOffsetBegin=489 CharacterOffsetEnd=498 PartOfSpeech=VERB Lemma=reunirían NamedEntityTag=O]
[Text=después CharacterOffsetBegin=499 CharacterOffsetEnd=506 PartOfSpeech=ADV Lemma=después NamedEntityTag=O]
[Text=. CharacterOffsetBegin=506 CharacterOffsetEnd=507 PartOfSpeech=PUNCT Lemma=. NamedEntityTag=O]

Dependency Parse (enhanced plus plus dependencies):
root(ROOT-0, dicho-3)
punct(dicho-3, ,-1)
nsubj(dicho-3, que-2)
obj(dicho-3, indi-4)
amod(indi-4, viduo-5)
obj(indicó-7, les-6)
advcl(dicho-3, indicó-7)
case(compañeros-10, a-8)
det(compañeros-10, sus-9)
obj(indicó-7, compañeros-10)
advmod(indicó-7, por-11)
fixed(por-11, medio-12)
fixed(por-11, de-13)
punct(a-15, (-14)
advmod(por-11, a-15)
punct(a-15, )-16)
det(bugambilia-19, El-17)
punct(bugambilia-19, "-18)
advcl(a-15, bugambilia-19)
punct(bugambilia-19, "-20)
nsubj(llevara-23, que-21)
obj(llevara-23, se-22)
acl(bugambilia-19, llevara-23)
case(elem-26, a-24)
det(elem-26, este-25)
obj(llevara-23, elem-26)
amod(elem-26, mento-27)
case(Mozimba-29, a-28)
obl(llevara-23, Mozimba-29)
punct(reunirían-33, ,-30)
obl(reunirían-33, donde-31)
obj(reunirían-33, se-32)
acl(Mozimba-29, reunirían-33)
advmod(reunirían-33, después-34)
punct(dicho-3, .-35)

Extracted the following NER entity mentions:
Mozimba	LOCATION	LOCATION:0.9195019921283007

Sentence #3 (41 tokens):
-
Indicó la Sra., DE SALDAÑA, que posteriormente
localizó el automóvil pintado de café en el --
Autoservicio "Santibañez" sito en la Col. Ejido
dirigiendose a levantar la citada acta por lo
que el Lic.

Tokens:
[Text=- CharacterOffsetBegin=507 CharacterOffsetEnd=508 PartOfSpeech=PUNCT Lemma=- NamedEntityTag=O]
[Text=Indicó CharacterOffsetBegin=509 CharacterOffsetEnd=515 PartOfSpeech=VERB Lemma=indicó NamedEntityTag=O]
[Text=la CharacterOffsetBegin=516 CharacterOffsetEnd=518 PartOfSpeech=DET Lemma=la NamedEntityTag=O]
[Text=Sra. CharacterOffsetBegin=519 CharacterOffsetEnd=523 PartOfSpeech=PROPN Lemma=sra. NamedEntityTag=O]
[Text=, CharacterOffsetBegin=523 CharacterOffsetEnd=524 PartOfSpeech=PUNCT Lemma=, NamedEntityTag=O]
[Text=DE CharacterOffsetBegin=525 CharacterOffsetEnd=527 PartOfSpeech=ADP Lemma=de NamedEntityTag=O]
[Text=SALDAÑA CharacterOffsetBegin=528 CharacterOffsetEnd=535 PartOfSpeech=PROPN Lemma=saldaña NamedEntityTag=PERSON]
[Text=, CharacterOffsetBegin=535 CharacterOffsetEnd=536 PartOfSpeech=PUNCT Lemma=, NamedEntityTag=O]
[Text=que CharacterOffsetBegin=537 CharacterOffsetEnd=540 PartOfSpeech=PRON Lemma=que NamedEntityTag=O]
[Text=posteriormente CharacterOffsetBegin=541 CharacterOffsetEnd=555 PartOfSpeech=ADV Lemma=posteriormente NamedEntityTag=O]
[Text=localizó CharacterOffsetBegin=556 CharacterOffsetEnd=564 PartOfSpeech=VERB Lemma=localizó NamedEntityTag=O]
[Text=el CharacterOffsetBegin=565 CharacterOffsetEnd=567 PartOfSpeech=DET Lemma=el NamedEntityTag=O]
[Text=automóvil CharacterOffsetBegin=568 CharacterOffsetEnd=577 PartOfSpeech=NOUN Lemma=automóvil NamedEntityTag=TITLE]
[Text=pintado CharacterOffsetBegin=578 CharacterOffsetEnd=585 PartOfSpeech=ADJ Lemma=pintado NamedEntityTag=O]
[Text=de CharacterOffsetBegin=586 CharacterOffsetEnd=588 PartOfSpeech=ADP Lemma=de NamedEntityTag=O]
[Text=café CharacterOffsetBegin=589 CharacterOffsetEnd=593 PartOfSpeech=NOUN Lemma=café NamedEntityTag=O]
[Text=en CharacterOffsetBegin=594 CharacterOffsetEnd=596 PartOfSpeech=ADP Lemma=en NamedEntityTag=O]
[Text=el CharacterOffsetBegin=597 CharacterOffsetEnd=599 PartOfSpeech=DET Lemma=el NamedEntityTag=O]
[Text=-- CharacterOffsetBegin=600 CharacterOffsetEnd=602 PartOfSpeech=PROPN Lemma=-- NamedEntityTag=O]
[Text=Autoservicio CharacterOffsetBegin=603 CharacterOffsetEnd=615 PartOfSpeech=PROPN Lemma=autoservicio NamedEntityTag=LOCATION]
[Text=" CharacterOffsetBegin=616 CharacterOffsetEnd=617 PartOfSpeech=PUNCT Lemma=" NamedEntityTag=O]
[Text=Santibañez CharacterOffsetBegin=617 CharacterOffsetEnd=627 PartOfSpeech=PROPN Lemma=santibañez NamedEntityTag=PERSON]
[Text=" CharacterOffsetBegin=627 CharacterOffsetEnd=628 PartOfSpeech=PUNCT Lemma=" NamedEntityTag=O]
[Text=sito CharacterOffsetBegin=629 CharacterOffsetEnd=633 PartOfSpeech=ADJ Lemma=sito NamedEntityTag=O]
[Text=en CharacterOffsetBegin=634 CharacterOffsetEnd=636 PartOfSpeech=ADP Lemma=en NamedEntityTag=O]
[Text=la CharacterOffsetBegin=637 CharacterOffsetEnd=639 PartOfSpeech=DET Lemma=la NamedEntityTag=O]
[Text=Col. CharacterOffsetBegin=640 CharacterOffsetEnd=644 PartOfSpeech=PROPN Lemma=col. NamedEntityTag=ORGANIZATION]
[Text=Ejido CharacterOffsetBegin=645 CharacterOffsetEnd=650 PartOfSpeech=PROPN Lemma=ejido NamedEntityTag=ORGANIZATION]
[Text=dirigiendo CharacterOffsetBegin=651 CharacterOffsetEnd=663 PartOfSpeech=VERB Lemma=dirigiendo NamedEntityTag=O]
[Text=se CharacterOffsetBegin=651 CharacterOffsetEnd=663 PartOfSpeech=PRON Lemma=se NamedEntityTag=O]
[Text=a CharacterOffsetBegin=664 CharacterOffsetEnd=665 PartOfSpeech=ADP Lemma=a NamedEntityTag=O]
[Text=levantar CharacterOffsetBegin=666 CharacterOffsetEnd=674 PartOfSpeech=VERB Lemma=levantar NamedEntityTag=O]
[Text=la CharacterOffsetBegin=675 CharacterOffsetEnd=677 PartOfSpeech=DET Lemma=la NamedEntityTag=O]
[Text=citada CharacterOffsetBegin=678 CharacterOffsetEnd=684 PartOfSpeech=ADJ Lemma=citada NamedEntityTag=O]
[Text=acta CharacterOffsetBegin=685 CharacterOffsetEnd=689 PartOfSpeech=NOUN Lemma=acta NamedEntityTag=O]
[Text=por CharacterOffsetBegin=690 CharacterOffsetEnd=693 PartOfSpeech=ADP Lemma=por NamedEntityTag=O]
[Text=lo CharacterOffsetBegin=694 CharacterOffsetEnd=696 PartOfSpeech=DET Lemma=lo NamedEntityTag=O]
[Text=que CharacterOffsetBegin=697 CharacterOffsetEnd=700 PartOfSpeech=PRON Lemma=que NamedEntityTag=O]
[Text=el CharacterOffsetBegin=701 CharacterOffsetEnd=703 PartOfSpeech=DET Lemma=el NamedEntityTag=O]
[Text=Lic CharacterOffsetBegin=704 CharacterOffsetEnd=707 PartOfSpeech=PROPN Lemma=lic NamedEntityTag=O]
[Text=. CharacterOffsetBegin=707 CharacterOffsetEnd=708 PartOfSpeech=PUNCT Lemma=. NamedEntityTag=O]

Dependency Parse (enhanced plus plus dependencies):
root(ROOT-0, Indicó-2)
advcl(localizó-11, dirigiendo-29)
obj(dirigiendo-29, se-30)
punct(Indicó-2, --1)
det(Sra.-4, la-3)
nsubj(Indicó-2, Sra.-4)
punct(SALDAÑA-7, ,-5)
case(SALDAÑA-7, DE-6)
obl(Indicó-2, SALDAÑA-7)
punct(SALDAÑA-7, ,-8)
nsubj(localizó-11, que-9)
advmod(localizó-11, posteriormente-10)
ccomp(Indicó-2, localizó-11)
det(automóvil-13, el-12)
obj(localizó-11, automóvil-13)
amod(automóvil-13, pintado-14)
case(café-16, de-15)
obl(pintado-14, café-16)
case(---19, en-17)
det(---19, el-18)
obl(pintado-14, ---19)
flat(---19, Autoservicio-20)
punct(Santibañez-22, "-21)
flat(---19, Santibañez-22)
punct(Santibañez-22, "-23)
amod(---19, sito-24)
case(Col.-27, en-25)
det(Col.-27, la-26)
obl(pintado-14, Col.-27)
flat(Col.-27, Ejido-28)
mark(levantar-32, a-31)
xcomp(dirigiendo-29, levantar-32)
det(acta-35, la-33)
amod(acta-35, citada-34)
obj(levantar-32, acta-35)
case(Lic-40, por-36)
det(Lic-40, lo-37)
mark(Lic-40, que-38)
det(Lic-40, el-39)
obl(levantar-32, Lic-40)
punct(Indicó-2, .-41)

Extracted the following NER entity mentions:
SALDAÑA	PERSON	PERSON:0.8274189067117221
automóvil	TITLE	-
Autoservicio	LOCATION	LOCATION:0.437001574247643
Santibañez	PERSON	PERSON:0.9876815937512986
Col. Ejido	ORGANIZATION	ORGANIZATION:0.32197491664488426

Sentence #4 (6 tokens):
, ARTURO ARMANDO CARDOSO TABOADA di

Tokens:
[Text=, CharacterOffsetBegin=708 CharacterOffsetEnd=709 PartOfSpeech=PUNCT Lemma=, NamedEntityTag=O]
[Text=ARTURO CharacterOffsetBegin=710 CharacterOffsetEnd=716 PartOfSpeech=PROPN Lemma=arturo NamedEntityTag=PERSON]
[Text=ARMANDO CharacterOffsetBegin=717 CharacterOffsetEnd=724 PartOfSpeech=PROPN Lemma=armando NamedEntityTag=PERSON]
[Text=CARDOSO CharacterOffsetBegin=725 CharacterOffsetEnd=732 PartOfSpeech=PROPN Lemma=cardoso NamedEntityTag=PERSON]
[Text=TABOADA CharacterOffsetBegin=733 CharacterOffsetEnd=740 PartOfSpeech=PROPN Lemma=taboada NamedEntityTag=PERSON]
[Text=di CharacterOffsetBegin=741 CharacterOffsetEnd=743 PartOfSpeech=VERB Lemma=di NamedEntityTag=O]

Dependency Parse (enhanced plus plus dependencies):
root(ROOT-0, ARTURO-2)
punct(ARTURO-2, ,-1)
flat(ARTURO-2, ARMANDO-3)
flat(ARTURO-2, CARDOSO-4)
flat(ARTURO-2, TABOADA-5)
flat(ARTURO-2, di-6)

Extracted the following NER entity mentions:
ARTURO ARMANDO CARDOSO TABOADA	PERSON	PERSON:0.7749890264431915
