Document: ID=file_368.txt (13 sentences, 184 tokens)

Sentence #1 (4 tokens):
HERNANDEZ GALLEGOS Victoria.

Tokens:
[Text=HERNANDEZ CharacterOffsetBegin=0 CharacterOffsetEnd=9 PartOfSpeech=PROPN Lemma=hernandez NamedEntityTag=PERSON]
[Text=GALLEGOS CharacterOffsetBegin=10 CharacterOffsetEnd=18 PartOfSpeech=PROPN Lemma=gallegos NamedEntityTag=PERSON]
[Text=Victoria CharacterOffsetBegin=19 CharacterOffsetEnd=27 PartOfSpeech=PROPN Lemma=victoria NamedEntityTag=PERSON]
[Text=. CharacterOffsetBegin=27 CharacterOffsetEnd=28 PartOfSpeech=PUNCT Lemma=. NamedEntityTag=O]

Dependency Parse (enhanced plus plus dependencies):
root(ROOT-0, HERNANDEZ-1)
flat(HERNANDEZ-1, GALLEGOS-2)
flat(HERNANDEZ-1, Victoria-3)
punct(HERNANDEZ-1, .-4)

Extracted the following NER entity mentions:
HERNANDEZ GALLEGOS Victoria	PERSON	PERSON:0.7366336009643399

Sentence #2 (2 tokens):
Exp.11-238-75.

Tokens:
[Text=Exp.11-238-75 CharacterOffsetBegin=29 CharacterOffsetEnd=42 PartOfSpeech=NUM Lemma=exp.11-238-75 NamedEntityTag=O]
[Text=. CharacterOffsetBegin=42 CharacterOffsetEnd=43 PartOfSpeech=PUNCT Lemma=. NamedEntityTag=O]

Dependency Parse (enhanced plus plus dependencies):
root(ROOT-0, Exp.11-238-75-1)
punct(Exp.11-238-75-1, .-2)

Extracted the following NER entity mentions:

Sentence #3 (8 tokens):
(a) "AYALA Victoria".

Tokens:
[Text=( CharacterOffsetBegin=44 CharacterOffsetEnd=45 PartOfSpeech=PUNCT Lemma=( NamedEntityTag=O]
[Text=a CharacterOffsetBegin=45 CharacterOffsetEnd=46 PartOfSpeech=ADP Lemma=a NamedEntityTag=O]
[Text=) CharacterOffsetBegin=46 CharacterOffsetEnd=47 PartOfSpeech=PUNCT Lemma=) NamedEntityTag=O]
[Text=" CharacterOffsetBegin=48 CharacterOffsetEnd=49 PartOfSpeech=PUNCT Lemma=" NamedEntityTag=O]
[Text=AYALA CharacterOffsetBegin=49 CharacterOffsetEnd=54 PartOfSpeech=PROPN Lemma=ayala NamedEntityTag=PERSON]
[Text=Victoria CharacterOffsetBegin=55 CharacterOffsetEnd=63 PartOfSpeech=PROPN Lemma=victoria NamedEntityTag=PERSON]
[Text=" CharacterOffsetBegin=63 CharacterOffsetEnd=64 PartOfSpeech=PUNCT Lemma=" NamedEntityTag=O]
[Text=. CharacterOffsetBegin=64 CharacterOffsetEnd=65 PartOfSpeech=PUNCT Lemma=. NamedEntityTag=O]

Dependency Parse (enhanced plus plus dependencies):
root(ROOT-0, a-2)
punct(a-2, (-1)
punct(a-2, )-3)
punct(AYALA-5, "-4)
appos(a-2, AYALA-5)
flat(AYALA-5, Victoria-6)
punct(AYALA-5, "-7)
punct(a-2, .-8)

Extracted the following NER entity mentions:
AYALA Victoria	PERSON	PERSON:0.35605562298748894

Sentence #4 (3 tokens):
H-68 L-2.

Tokens:
[Text=H-68 CharacterOffsetBegin=66 CharacterOffsetEnd=70 PartOfSpeech=NUM Lemma=h-68 NamedEntityTag=O]
[Text=L-2 CharacterOffsetBegin=71 CharacterOffsetEnd=74 PartOfSpeech=NUM Lemma=l-2 NamedEntityTag=O]
[Text=. CharacterOffsetBegin=74 CharacterOffsetEnd=75 PartOfSpeech=PUNCT Lemma=. NamedEntityTag=O]

Dependency Parse (enhanced plus plus dependencies):
root(ROOT-0, L-2-2)
nummod(L-2-2, H-68-1)
punct(L-2-2, .-3)

Extracted the following NER entity mentions:

Sentence #5 (7 tokens):
(a) "NORMA".

Tokens:
[Text=( CharacterOffsetBegin=76 CharacterOffsetEnd=77 PartOfSpeech=PUNCT Lemma=( NamedEntityTag=O]
[Text=a CharacterOffsetBegin=77 CharacterOffsetEnd=78 PartOfSpeech=ADP Lemma=a NamedEntityTag=O]
[Text=) CharacterOffsetBegin=78 CharacterOffsetEnd=79 PartOfSpeech=PUNCT Lemma=) NamedEntityTag=O]
[Text=" CharacterOffsetBegin=80 CharacterOffsetEnd=81 PartOfSpeech=PUNCT Lemma=" NamedEntityTag=O]
[Text=NORMA CharacterOffsetBegin=81 CharacterOffsetEnd=86 PartOfSpeech=PROPN Lemma=norma NamedEntityTag=O]
[Text=" CharacterOffsetBegin=86 CharacterOffsetEnd=87 PartOfSpeech=PUNCT Lemma=" NamedEntityTag=O]
[Text=. CharacterOffsetBegin=87 CharacterOffsetEnd=88 PartOfSpeech=PUNCT Lemma=. NamedEntityTag=O]

Dependency Parse (enhanced plus plus dependencies):
root(ROOT-0, a-2)
punct(a-2, (-1)
punct(a-2, )-3)
punct(NORMA-5, "-4)
dep(a-2, NORMA-5)
punct(NORMA-5, "-6)
punct(a-2, .-7)

Extracted the following NER entity mentions:

Sentence #6 (6 tokens):
-15-
6-Ago-75.

Tokens:
[Text=-15 CharacterOffsetBegin=89 CharacterOffsetEnd=92 PartOfSpeech=NUM Lemma=-15 NamedEntityTag=O]
[Text=- CharacterOffsetBegin=92 CharacterOffsetEnd=93 PartOfSpeech=PUNCT Lemma=- NamedEntityTag=O]
[Text=6 CharacterOffsetBegin=94 CharacterOffsetEnd=95 PartOfSpeech=NUM Lemma=6 NamedEntityTag=O]
[Text=- CharacterOffsetBegin=95 CharacterOffsetEnd=96 PartOfSpeech=PUNCT Lemma=- NamedEntityTag=O]
[Text=Ago-75 CharacterOffsetBegin=96 CharacterOffsetEnd=102 PartOfSpeech=NUM Lemma=ago-75 NamedEntityTag=O]
[Text=. CharacterOffsetBegin=102 CharacterOffsetEnd=103 PartOfSpeech=PUNCT Lemma=. NamedEntityTag=O]

Dependency Parse (enhanced plus plus dependencies):
root(ROOT-0, -15-1)
punct(-15-1, --2)
appos(-15-1, 6-3)
punct(-15-1, --4)
appos(-15-1, Ago-75-5)
punct(-15-1, .-6)

Extracted the following NER entity mentions:

Sentence #7 (18 tokens):
-VICTOR BRUNO NECOCHEA LOPEZ, de nacionalidad
Chilena y quien se encuentra detenido en el Edo.

Tokens:
[Text=- CharacterOffsetBegin=103 CharacterOffsetEnd=104 PartOfSpeech=PUNCT Lemma=- NamedEntityTag=O]
[Text=VICTOR CharacterOffsetBegin=104 CharacterOffsetEnd=110 PartOfSpeech=PROPN Lemma=victor NamedEntityTag=O]
[Text=BRUNO CharacterOffsetBegin=111 CharacterOffsetEnd=116 PartOfSpeech=PROPN Lemma=bruno NamedEntityTag=PERSON]
[Text=NECOCHEA CharacterOffsetBegin=117 CharacterOffsetEnd=125 PartOfSpeech=PROPN Lemma=necochea NamedEntityTag=PERSON]
[Text=LOPEZ CharacterOffsetBegin=126 CharacterOffsetEnd=131 PartOfSpeech=PROPN Lemma=lopez NamedEntityTag=PERSON]
[Text=, CharacterOffsetBegin=131 CharacterOffsetEnd=132 PartOfSpeech=PUNCT Lemma=, NamedEntityTag=O]
[Text=de CharacterOffsetBegin=133 CharacterOffsetEnd=135 PartOfSpeech=ADP Lemma=de NamedEntityTag=O]
[Text=nacionalidad CharacterOffsetBegin=136 CharacterOffsetEnd=148 PartOfSpeech=NOUN Lemma=nacionalidad NamedEntityTag=O]
[Text=Chilena CharacterOffsetBegin=149 CharacterOffsetEnd=156 PartOfSpeech=PROPN Lemma=chilena NamedEntityTag=O]
[Text=y CharacterOffsetBegin=157 CharacterOffsetEnd=158 PartOfSpeech=CCONJ Lemma=y NamedEntityTag=O]
[Text=quien CharacterOffsetBegin=159 CharacterOffsetEnd=164 PartOfSpeech=PRON Lemma=quien NamedEntityTag=O]
[Text=se CharacterOffsetBegin=165 CharacterOffsetEnd=167 PartOfSpeech=PRON Lemma=se NamedEntityTag=O]
[Text=encuentra CharacterOffsetBegin=168 CharacterOffsetEnd=177 PartOfSpeech=VERB Lemma=encuentra NamedEntityTag=O]
[Text=detenido CharacterOffsetBegin=178 CharacterOffsetEnd=186 PartOfSpeech=ADJ Lemma=detenido NamedEntityTag=O]
[Text=en CharacterOffsetBegin=187 CharacterOffsetEnd=189 PartOfSpeech=ADP Lemma=en NamedEntityTag=O]
[Text=el CharacterOffsetBegin=190 CharacterOffsetEnd=192 PartOfSpeech=DET Lemma=el NamedEntityTag=O]
[Text=Edo CharacterOffsetBegin=193 CharacterOffsetEnd=196 PartOfSpeech=PROPN Lemma=edo NamedEntityTag=O]
[Text=. CharacterOffsetBegin=196 CharacterOffsetEnd=197 PartOfSpeech=PUNCT Lemma=. NamedEntityTag=O]

Dependency Parse (enhanced plus plus dependencies):
root(ROOT-0, VICTOR-2)
punct(VICTOR-2, --1)
flat(VICTOR-2, BRUNO-3)
flat(VICTOR-2, NECOCHEA-4)
flat(VICTOR-2, LOPEZ-5)
punct(nacionalidad-8, ,-6)
case(nacionalidad-8, de-7)
nmod(VICTOR-2, nacionalidad-8)
appos(nacionalidad-8, Chilena-9)
cc(encuentra-13, y-10)
nsubj(encuentra-13, quien-11)
obj(encuentra-13, se-12)
nmod(VICTOR-2, encuentra-13)
conj:y(nacionalidad-8, encuentra-13)
obj(encuentra-13, detenido-14)
case(Edo-17, en-15)
det(Edo-17, el-16)
obl(encuentra-13, Edo-17)
punct(VICTOR-2, .-18)

Extracted the following NER entity mentions:
BRUNO NECOCHEA LOPEZ	PERSON	PERSON:0.9892321528736463

Sentence #8 (4 tokens):
de ---
Gto.

Tokens:
[Text=de CharacterOffsetBegin=197 CharacterOffsetEnd=199 PartOfSpeech=ADP Lemma=de NamedEntityTag=O]
[Text=--- CharacterOffsetBegin=200 CharacterOffsetEnd=203 PartOfSpeech=NOUN Lemma=--- NamedEntityTag=O]
[Text=Gto CharacterOffsetBegin=204 CharacterOffsetEnd=207 PartOfSpeech=PROPN Lemma=gto NamedEntityTag=O]
[Text=. CharacterOffsetBegin=207 CharacterOffsetEnd=208 PartOfSpeech=PUNCT Lemma=. NamedEntityTag=O]

Dependency Parse (enhanced plus plus dependencies):
root(ROOT-0, ----2)
case(----2, de-1)
appos(----2, Gto-3)
punct(----2, .-4)

Extracted the following NER entity mentions:

Sentence #9 (17 tokens):
, dice en su declaración que después de haber aban
donado el campamento en el Edo.

Tokens:
[Text=, CharacterOffsetBegin=208 CharacterOffsetEnd=209 PartOfSpeech=PUNCT Lemma=, NamedEntityTag=O]
[Text=dice CharacterOffsetBegin=210 CharacterOffsetEnd=214 PartOfSpeech=VERB Lemma=dice NamedEntityTag=O]
[Text=en CharacterOffsetBegin=215 CharacterOffsetEnd=217 PartOfSpeech=ADP Lemma=en NamedEntityTag=O]
[Text=su CharacterOffsetBegin=218 CharacterOffsetEnd=220 PartOfSpeech=DET Lemma=su NamedEntityTag=O]
[Text=declaración CharacterOffsetBegin=221 CharacterOffsetEnd=232 PartOfSpeech=NOUN Lemma=declaración NamedEntityTag=O]
[Text=que CharacterOffsetBegin=233 CharacterOffsetEnd=236 PartOfSpeech=PRON Lemma=que NamedEntityTag=O]
[Text=después CharacterOffsetBegin=237 CharacterOffsetEnd=244 PartOfSpeech=ADV Lemma=después NamedEntityTag=O]
[Text=de CharacterOffsetBegin=245 CharacterOffsetEnd=247 PartOfSpeech=ADP Lemma=de NamedEntityTag=O]
[Text=haber CharacterOffsetBegin=248 CharacterOffsetEnd=253 PartOfSpeech=AUX Lemma=haber NamedEntityTag=O]
[Text=aban CharacterOffsetBegin=254 CharacterOffsetEnd=258 PartOfSpeech=VERB Lemma=aban NamedEntityTag=O]
[Text=donado CharacterOffsetBegin=259 CharacterOffsetEnd=265 PartOfSpeech=ADJ Lemma=donado NamedEntityTag=O]
[Text=el CharacterOffsetBegin=266 CharacterOffsetEnd=268 PartOfSpeech=DET Lemma=el NamedEntityTag=O]
[Text=campamento CharacterOffsetBegin=269 CharacterOffsetEnd=279 PartOfSpeech=NOUN Lemma=campamento NamedEntityTag=O]
[Text=en CharacterOffsetBegin=280 CharacterOffsetEnd=282 PartOfSpeech=ADP Lemma=en NamedEntityTag=O]
[Text=el CharacterOffsetBegin=283 CharacterOffsetEnd=285 PartOfSpeech=DET Lemma=el NamedEntityTag=O]
[Text=Edo CharacterOffsetBegin=286 CharacterOffsetEnd=289 PartOfSpeech=PROPN Lemma=edo NamedEntityTag=O]
[Text=. CharacterOffsetBegin=289 CharacterOffsetEnd=290 PartOfSpeech=PUNCT Lemma=. NamedEntityTag=O]

Dependency Parse (enhanced plus plus dependencies):
root(ROOT-0, dice-2)
punct(dice-2, ,-1)
case(declaración-5, en-3)
det(declaración-5, su-4)
obl(dice-2, declaración-5)
obj(dice-2, que-6)
advmod(que-6, después-7)
mark(aban-10, de-8)
aux(aban-10, haber-9)
advcl(después-7, aban-10)
obj(aban-10, donado-11)
det(campamento-13, el-12)
obj(aban-10, campamento-13)
case(Edo-16, en-14)
det(Edo-16, el-15)
nmod(campamento-13, Edo-16)
punct(dice-2, .-17)

Extracted the following NER entity mentions:

Sentence #10 (3 tokens):
de Hgo.

Tokens:
[Text=de CharacterOffsetBegin=291 CharacterOffsetEnd=293 PartOfSpeech=ADP Lemma=de NamedEntityTag=O]
[Text=Hgo CharacterOffsetBegin=294 CharacterOffsetEnd=297 PartOfSpeech=PROPN Lemma=hgo NamedEntityTag=LOCATION]
[Text=. CharacterOffsetBegin=297 CharacterOffsetEnd=298 PartOfSpeech=PUNCT Lemma=. NamedEntityTag=O]

Dependency Parse (enhanced plus plus dependencies):
root(ROOT-0, Hgo-2)
case(Hgo-2, de-1)
punct(Hgo-2, .-3)

Extracted the following NER entity mentions:
Hgo	LOCATION	LOCATION:0.3447613220081431

Sentence #11 (40 tokens):
, que fue a fi--
nes del año de 1974, se dedicó a trasladar de México a
Tijuana, B.C., paquetes conteniendo mariguana, habién-
dolo hecho también en 4 ocasiones a Salamanca, Gto.

Tokens:
[Text=, CharacterOffsetBegin=298 CharacterOffsetEnd=299 PartOfSpeech=PUNCT Lemma=, NamedEntityTag=O]
[Text=que CharacterOffsetBegin=300 CharacterOffsetEnd=303 PartOfSpeech=PRON Lemma=que NamedEntityTag=O]
[Text=fue CharacterOffsetBegin=304 CharacterOffsetEnd=307 PartOfSpeech=AUX Lemma=fue NamedEntityTag=O]
[Text=a CharacterOffsetBegin=308 CharacterOffsetEnd=309 PartOfSpeech=ADP Lemma=a NamedEntityTag=O]
[Text=fi CharacterOffsetBegin=310 CharacterOffsetEnd=312 PartOfSpeech=PROPN Lemma=fi NamedEntityTag=O]
[Text=-- CharacterOffsetBegin=312 CharacterOffsetEnd=314 PartOfSpeech=PROPN Lemma=-- NamedEntityTag=O]
[Text=nes CharacterOffsetBegin=315 CharacterOffsetEnd=318 PartOfSpeech=PROPN Lemma=nes NamedEntityTag=O]
[Text=del CharacterOffsetBegin=319 CharacterOffsetEnd=322 PartOfSpeech=ADP Lemma=del NamedEntityTag=O]
[Text=año CharacterOffsetBegin=323 CharacterOffsetEnd=326 PartOfSpeech=NOUN Lemma=año NamedEntityTag=O]
[Text=de CharacterOffsetBegin=327 CharacterOffsetEnd=329 PartOfSpeech=ADP Lemma=de NamedEntityTag=O]
[Text=1974 CharacterOffsetBegin=330 CharacterOffsetEnd=334 PartOfSpeech=NOUN Lemma=1974 NamedEntityTag=NUMBER NormalizedNamedEntityTag=1974.0]
[Text=, CharacterOffsetBegin=334 CharacterOffsetEnd=335 PartOfSpeech=PUNCT Lemma=, NamedEntityTag=O]
[Text=se CharacterOffsetBegin=336 CharacterOffsetEnd=338 PartOfSpeech=PRON Lemma=se NamedEntityTag=O]
[Text=dedicó CharacterOffsetBegin=339 CharacterOffsetEnd=345 PartOfSpeech=VERB Lemma=dedicó NamedEntityTag=O]
[Text=a CharacterOffsetBegin=346 CharacterOffsetEnd=347 PartOfSpeech=ADP Lemma=a NamedEntityTag=O]
[Text=trasladar CharacterOffsetBegin=348 CharacterOffsetEnd=357 PartOfSpeech=VERB Lemma=trasladar NamedEntityTag=O]
[Text=de CharacterOffsetBegin=358 CharacterOffsetEnd=360 PartOfSpeech=ADP Lemma=de NamedEntityTag=O]
[Text=México CharacterOffsetBegin=361 CharacterOffsetEnd=367 PartOfSpeech=PROPN Lemma=méxico NamedEntityTag=COUNTRY]
[Text=a CharacterOffsetBegin=368 CharacterOffsetEnd=369 PartOfSpeech=ADP Lemma=a NamedEntityTag=O]
[Text=Tijuana CharacterOffsetBegin=370 CharacterOffsetEnd=377 PartOfSpeech=PROPN Lemma=tijuana NamedEntityTag=CITY]
[Text=, CharacterOffsetBegin=377 CharacterOffsetEnd=378 PartOfSpeech=PUNCT Lemma=, NamedEntityTag=O]
[Text=B.C. CharacterOffsetBegin=379 CharacterOffsetEnd=383 PartOfSpeech=PROPN Lemma=b.c. NamedEntityTag=ORGANIZATION]
[Text=, CharacterOffsetBegin=383 CharacterOffsetEnd=384 PartOfSpeech=PUNCT Lemma=, NamedEntityTag=O]
[Text=paquetes CharacterOffsetBegin=385 CharacterOffsetEnd=393 PartOfSpeech=NOUN Lemma=paquetes NamedEntityTag=O]
[Text=conteniendo CharacterOffsetBegin=394 CharacterOffsetEnd=405 PartOfSpeech=ADJ Lemma=conteniendo NamedEntityTag=O]
[Text=mariguana CharacterOffsetBegin=406 CharacterOffsetEnd=415 PartOfSpeech=ADJ Lemma=mariguana NamedEntityTag=O]
[Text=, CharacterOffsetBegin=415 CharacterOffsetEnd=416 PartOfSpeech=PUNCT Lemma=, NamedEntityTag=O]
[Text=habién CharacterOffsetBegin=417 CharacterOffsetEnd=423 PartOfSpeech=NOUN Lemma=habién NamedEntityTag=O]
[Text=- CharacterOffsetBegin=423 CharacterOffsetEnd=424 PartOfSpeech=PUNCT Lemma=- NamedEntityTag=O]
[Text=dolo CharacterOffsetBegin=425 CharacterOffsetEnd=429 PartOfSpeech=NOUN Lemma=dolo NamedEntityTag=O]
[Text=hecho CharacterOffsetBegin=430 CharacterOffsetEnd=435 PartOfSpeech=ADJ Lemma=hecho NamedEntityTag=O]
[Text=también CharacterOffsetBegin=436 CharacterOffsetEnd=443 PartOfSpeech=ADV Lemma=también NamedEntityTag=O]
[Text=en CharacterOffsetBegin=444 CharacterOffsetEnd=446 PartOfSpeech=ADP Lemma=en NamedEntityTag=O]
[Text=4 CharacterOffsetBegin=447 CharacterOffsetEnd=448 PartOfSpeech=NUM Lemma=4 NamedEntityTag=NUMBER NormalizedNamedEntityTag=4.0]
[Text=ocasiones CharacterOffsetBegin=449 CharacterOffsetEnd=458 PartOfSpeech=NOUN Lemma=ocasiones NamedEntityTag=O]
[Text=a CharacterOffsetBegin=459 CharacterOffsetEnd=460 PartOfSpeech=ADP Lemma=a NamedEntityTag=O]
[Text=Salamanca CharacterOffsetBegin=461 CharacterOffsetEnd=470 PartOfSpeech=PROPN Lemma=salamanca NamedEntityTag=CITY]
[Text=, CharacterOffsetBegin=470 CharacterOffsetEnd=471 PartOfSpeech=PUNCT Lemma=, NamedEntityTag=O]
[Text=Gto CharacterOffsetBegin=472 CharacterOffsetEnd=475 PartOfSpeech=PROPN Lemma=gto NamedEntityTag=PERSON]
[Text=. CharacterOffsetBegin=475 CharacterOffsetEnd=476 PartOfSpeech=PUNCT Lemma=. NamedEntityTag=O]

Dependency Parse (enhanced plus plus dependencies):
root(ROOT-0, dedicó-14)
punct(fue-3, ,-1)
nsubj(fue-3, que-2)
advcl(dedicó-14, fue-3)
case(fi-5, a-4)
obl(fue-3, fi-5)
flat(fi-5, ---6)
flat(fi-5, nes-7)
case(año-9, del-8)
nmod(fi-5, año-9)
case(1974-11, de-10)
nmod(año-9, 1974-11)
punct(fue-3, ,-12)
iobj(dedicó-14, se-13)
mark(trasladar-16, a-15)
xcomp(dedicó-14, trasladar-16)
case(México-18, de-17)
obl(trasladar-16, México-18)
case(Tijuana-20, a-19)
obj(trasladar-16, Tijuana-20)
punct(B.C.-22, ,-21)
conj(Tijuana-20, B.C.-22)
punct(paquetes-24, ,-23)
conj(Tijuana-20, paquetes-24)
amod(paquetes-24, conteniendo-25)
amod(paquetes-24, mariguana-26)
punct(habién-28, ,-27)
conj(Tijuana-20, habién-28)
punct(dolo-30, --29)
obj(trasladar-16, dolo-30)
amod(dolo-30, hecho-31)
advmod(hecho-31, también-32)
case(ocasiones-35, en-33)
nummod(ocasiones-35, 4-34)
obl(hecho-31, ocasiones-35)
case(Salamanca-37, a-36)
nmod(ocasiones-35, Salamanca-37)
punct(Gto-39, ,-38)
flat(Salamanca-37, Gto-39)
punct(dedicó-14, .-40)

Extracted the following NER entity mentions:
1974	NUMBER	NUMBER:-1.0
México	COUNTRY	LOCATION:0.8979595336279982
Tijuana	CITY	LOCATION:0.9536640205735715
B.C.	ORGANIZATION	ORGANIZATION:0.6225330398531356
4	NUMBER	NUMBER:-1.0
Salamanca	CITY	LOCATION:0.989951717253837
Gto	PERSON	PERSON:0.4679267377583497

Sentence #12 (11 tokens):
, -
donde les fué recibidos por "PETER".

Tokens:
[Text=, CharacterOffsetBegin=476 CharacterOffsetEnd=477 PartOfSpeech=PUNCT Lemma=, NamedEntityTag=O]
[Text=- CharacterOffsetBegin=478 CharacterOffsetEnd=479 PartOfSpeech=PUNCT Lemma=- NamedEntityTag=O]
[Text=donde CharacterOffsetBegin=480 CharacterOffsetEnd=485 PartOfSpeech=PRON Lemma=donde NamedEntityTag=O]
[Text=les CharacterOffsetBegin=486 CharacterOffsetEnd=489 PartOfSpeech=PRON Lemma=les NamedEntityTag=O]
[Text=fué CharacterOffsetBegin=490 CharacterOffsetEnd=493 PartOfSpeech=AUX Lemma=fué NamedEntityTag=O]
[Text=recibidos CharacterOffsetBegin=494 CharacterOffsetEnd=503 PartOfSpeech=VERB Lemma=recibido NamedEntityTag=O]
[Text=por CharacterOffsetBegin=504 CharacterOffsetEnd=507 PartOfSpeech=ADP Lemma=por NamedEntityTag=O]
[Text=" CharacterOffsetBegin=508 CharacterOffsetEnd=509 PartOfSpeech=PUNCT Lemma=" NamedEntityTag=O]
[Text=PETER CharacterOffsetBegin=509 CharacterOffsetEnd=514 PartOfSpeech=PROPN Lemma=peter NamedEntityTag=MISC]
[Text=" CharacterOffsetBegin=514 CharacterOffsetEnd=515 PartOfSpeech=PUNCT Lemma=" NamedEntityTag=O]
[Text=. CharacterOffsetBegin=515 CharacterOffsetEnd=516 PartOfSpeech=PUNCT Lemma=. NamedEntityTag=O]

Dependency Parse (enhanced plus plus dependencies):
root(ROOT-0, recibidos-6)
punct(recibidos-6, ,-1)
punct(recibidos-6, --2)
obl(recibidos-6, donde-3)
obj(recibidos-6, les-4)
aux(recibidos-6, fué-5)
case(PETER-9, por-7)
punct(PETER-9, "-8)
obj(recibidos-6, PETER-9)
punct(PETER-9, "-10)
punct(recibidos-6, .-11)

Extracted the following NER entity mentions:
PETER	MISC	MISC:0.5723020589480389

Sentence #13 (61 tokens):
- Que en uno de es
tos viajes lo hizo acompañado de la citada VICTORIA --
HERNANDEZ, que por ese concepto le dió a VICTORIA la -
cantidad de $3,500.00 que ella necesitaba para cubrir-
los honorarios de un doctor que le practicó un aborto,
que tal suma se la entregó con autorización de CARLOS-

Tokens:
[Text=- CharacterOffsetBegin=516 CharacterOffsetEnd=517 PartOfSpeech=PUNCT Lemma=- NamedEntityTag=O]
[Text=Que CharacterOffsetBegin=518 CharacterOffsetEnd=521 PartOfSpeech=SCONJ Lemma=que NamedEntityTag=O]
[Text=en CharacterOffsetBegin=522 CharacterOffsetEnd=524 PartOfSpeech=ADP Lemma=en NamedEntityTag=O]
[Text=uno CharacterOffsetBegin=525 CharacterOffsetEnd=528 PartOfSpeech=PRON Lemma=uno NamedEntityTag=O]
[Text=de CharacterOffsetBegin=529 CharacterOffsetEnd=531 PartOfSpeech=ADP Lemma=de NamedEntityTag=O]
[Text=es CharacterOffsetBegin=532 CharacterOffsetEnd=534 PartOfSpeech=AUX Lemma=es NamedEntityTag=O]
[Text=tos CharacterOffsetBegin=535 CharacterOffsetEnd=538 PartOfSpeech=NUM Lemma=tos NamedEntityTag=O]
[Text=viajes CharacterOffsetBegin=539 CharacterOffsetEnd=545 PartOfSpeech=NOUN Lemma=viajes NamedEntityTag=O]
[Text=lo CharacterOffsetBegin=546 CharacterOffsetEnd=548 PartOfSpeech=PRON Lemma=lo NamedEntityTag=O]
[Text=hizo CharacterOffsetBegin=549 CharacterOffsetEnd=553 PartOfSpeech=VERB Lemma=hizo NamedEntityTag=O]
[Text=acompañado CharacterOffsetBegin=554 CharacterOffsetEnd=564 PartOfSpeech=ADJ Lemma=acompañado NamedEntityTag=O]
[Text=de CharacterOffsetBegin=565 CharacterOffsetEnd=567 PartOfSpeech=ADP Lemma=de NamedEntityTag=O]
[Text=la CharacterOffsetBegin=568 CharacterOffsetEnd=570 PartOfSpeech=DET Lemma=la NamedEntityTag=O]
[Text=citada CharacterOffsetBegin=571 CharacterOffsetEnd=577 PartOfSpeech=ADJ Lemma=citada NamedEntityTag=O]
[Text=VICTORIA CharacterOffsetBegin=578 CharacterOffsetEnd=586 PartOfSpeech=PROPN Lemma=victoria NamedEntityTag=O]
[Text=-- CharacterOffsetBegin=587 CharacterOffsetEnd=589 PartOfSpeech=NUM Lemma=-- NamedEntityTag=O]
[Text=HERNANDEZ CharacterOffsetBegin=590 CharacterOffsetEnd=599 PartOfSpeech=PROPN Lemma=hernandez NamedEntityTag=PERSON]
[Text=, CharacterOffsetBegin=599 CharacterOffsetEnd=600 PartOfSpeech=PUNCT Lemma=, NamedEntityTag=O]
[Text=que CharacterOffsetBegin=601 CharacterOffsetEnd=604 PartOfSpeech=PRON Lemma=que NamedEntityTag=O]
[Text=por CharacterOffsetBegin=605 CharacterOffsetEnd=608 PartOfSpeech=ADP Lemma=por NamedEntityTag=O]
[Text=ese CharacterOffsetBegin=609 CharacterOffsetEnd=612 PartOfSpeech=DET Lemma=ese NamedEntityTag=O]
[Text=concepto CharacterOffsetBegin=613 CharacterOffsetEnd=621 PartOfSpeech=NOUN Lemma=concepto NamedEntityTag=O]
[Text=le CharacterOffsetBegin=622 CharacterOffsetEnd=624 PartOfSpeech=PRON Lemma=le NamedEntityTag=O]
[Text=dió CharacterOffsetBegin=625 CharacterOffsetEnd=628 PartOfSpeech=VERB Lemma=dió NamedEntityTag=O]
[Text=a CharacterOffsetBegin=629 CharacterOffsetEnd=630 PartOfSpeech=ADP Lemma=a NamedEntityTag=O]
[Text=VICTORIA CharacterOffsetBegin=631 CharacterOffsetEnd=639 PartOfSpeech=PROPN Lemma=victoria NamedEntityTag=O]
[Text=la CharacterOffsetBegin=640 CharacterOffsetEnd=642 PartOfSpeech=DET Lemma=la NamedEntityTag=O]
[Text=- CharacterOffsetBegin=643 CharacterOffsetEnd=644 PartOfSpeech=PUNCT Lemma=- NamedEntityTag=O]
[Text=cantidad CharacterOffsetBegin=645 CharacterOffsetEnd=653 PartOfSpeech=NOUN Lemma=cantidad NamedEntityTag=O]
[Text=de CharacterOffsetBegin=654 CharacterOffsetEnd=656 PartOfSpeech=ADP Lemma=de NamedEntityTag=O]
[Text=$ CharacterOffsetBegin=657 CharacterOffsetEnd=658 PartOfSpeech=PROPN Lemma=$ NamedEntityTag=MONEY NormalizedNamedEntityTag=$3500.0]
[Text=3,500.00 CharacterOffsetBegin=658 CharacterOffsetEnd=666 PartOfSpeech=PROPN Lemma=3,500.00 NamedEntityTag=MONEY NormalizedNamedEntityTag=$3500.0]
[Text=que CharacterOffsetBegin=667 CharacterOffsetEnd=670 PartOfSpeech=PRON Lemma=que NamedEntityTag=O]
[Text=ella CharacterOffsetBegin=671 CharacterOffsetEnd=675 PartOfSpeech=PRON Lemma=ella NamedEntityTag=O]
[Text=necesitaba CharacterOffsetBegin=676 CharacterOffsetEnd=686 PartOfSpeech=VERB Lemma=necesitaba NamedEntityTag=O]
[Text=para CharacterOffsetBegin=687 CharacterOffsetEnd=691 PartOfSpeech=ADP Lemma=para NamedEntityTag=O]
[Text=cubrir CharacterOffsetBegin=692 CharacterOffsetEnd=698 PartOfSpeech=VERB Lemma=cubrir NamedEntityTag=O]
[Text=- CharacterOffsetBegin=698 CharacterOffsetEnd=699 PartOfSpeech=PUNCT Lemma=- NamedEntityTag=O]
[Text=los CharacterOffsetBegin=700 CharacterOffsetEnd=703 PartOfSpeech=DET Lemma=los NamedEntityTag=O]
[Text=honorarios CharacterOffsetBegin=704 CharacterOffsetEnd=714 PartOfSpeech=NOUN Lemma=honorarios NamedEntityTag=O]
[Text=de CharacterOffsetBegin=715 CharacterOffsetEnd=717 PartOfSpeech=ADP Lemma=de NamedEntityTag=O]
[Text=un CharacterOffsetBegin=718 CharacterOffsetEnd=720 PartOfSpeech=DET Lemma=un NamedEntityTag=O]
[Text=doctor CharacterOffsetBegin=721 CharacterOffsetEnd=727 PartOfSpeech=NOUN Lemma=doctor NamedEntityTag=TITLE]
[Text=que CharacterOffsetBegin=728 CharacterOffsetEnd=731 PartOfSpeech=PRON Lemma=que NamedEntityTag=O]
[Text=le CharacterOffsetBegin=732 CharacterOffsetEnd=734 PartOfSpeech=PRON Lemma=le NamedEntityTag=O]
[Text=practicó CharacterOffsetBegin=735 CharacterOffsetEnd=743 PartOfSpeech=VERB Lemma=practicó NamedEntityTag=O]
[Text=un CharacterOffsetBegin=744 CharacterOffsetEnd=746 PartOfSpeech=DET Lemma=un NamedEntityTag=O]
[Text=aborto CharacterOffsetBegin=747 CharacterOffsetEnd=753 PartOfSpeech=NOUN Lemma=aborto NamedEntityTag=O]
[Text=, CharacterOffsetBegin=753 CharacterOffsetEnd=754 PartOfSpeech=PUNCT Lemma=, NamedEntityTag=O]
[Text=que CharacterOffsetBegin=755 CharacterOffsetEnd=758 PartOfSpeech=SCONJ Lemma=que NamedEntityTag=O]
[Text=tal CharacterOffsetBegin=759 CharacterOffsetEnd=762 PartOfSpeech=DET Lemma=tal NamedEntityTag=O]
[Text=suma CharacterOffsetBegin=763 CharacterOffsetEnd=767 PartOfSpeech=NOUN Lemma=suma NamedEntityTag=O]
[Text=se CharacterOffsetBegin=768 CharacterOffsetEnd=770 PartOfSpeech=PRON Lemma=se NamedEntityTag=O]
[Text=la CharacterOffsetBegin=771 CharacterOffsetEnd=773 PartOfSpeech=PRON Lemma=la NamedEntityTag=O]
[Text=entregó CharacterOffsetBegin=774 CharacterOffsetEnd=781 PartOfSpeech=VERB Lemma=entregó NamedEntityTag=O]
[Text=con CharacterOffsetBegin=782 CharacterOffsetEnd=785 PartOfSpeech=ADP Lemma=con NamedEntityTag=O]
[Text=autorización CharacterOffsetBegin=786 CharacterOffsetEnd=798 PartOfSpeech=NOUN Lemma=autorización NamedEntityTag=O]
[Text=de CharacterOffsetBegin=799 CharacterOffsetEnd=801 PartOfSpeech=ADP Lemma=de NamedEntityTag=O]
[Text=CAR CharacterOffsetBegin=802 CharacterOffsetEnd=808 PartOfSpeech=NOUN Lemma=car NamedEntityTag=O]
[Text=LOS CharacterOffsetBegin=802 CharacterOffsetEnd=808 PartOfSpeech=DET Lemma=los NamedEntityTag=O]
[Text=- CharacterOffsetBegin=808 CharacterOffsetEnd=809 PartOfSpeech=PUNCT Lemma=- NamedEntityTag=O]

Dependency Parse (enhanced plus plus dependencies):
root(ROOT-0, hizo-10)
nmod(autorización-57, CAR-59)
obj(entregó-55, LOS-60)
punct(hizo-10, --1)
mark(hizo-10, Que-2)
case(uno-4, en-3)
obl(hizo-10, uno-4)
case(viajes-8, de-5)
cop(viajes-8, es-6)
nummod(viajes-8, tos-7)
nmod(uno-4, viajes-8)
obj(hizo-10, lo-9)
obj(hizo-10, acompañado-11)
case(VICTORIA-15, de-12)
det(VICTORIA-15, la-13)
amod(VICTORIA-15, citada-14)
obj(acompañado-11, VICTORIA-15)
nummod(VICTORIA-15, ---16)
flat(VICTORIA-15, HERNANDEZ-17)
punct(dió-24, ,-18)
nsubj(dió-24, que-19)
case(concepto-22, por-20)
det(concepto-22, ese-21)
obl(dió-24, concepto-22)
obj(dió-24, le-23)
acl(VICTORIA-15, dió-24)
case(VICTORIA-26, a-25)
obj(dió-24, VICTORIA-26)
det(cantidad-29, la-27)
punct(cantidad-29, --28)
obj(dió-24, cantidad-29)
case($-31, de-30)
nmod(cantidad-29, $-31)
flat($-31, 3,500.00-32)
obj(necesitaba-35, que-33)
nsubj(necesitaba-35, ella-34)
acl(cantidad-29, necesitaba-35)
mark(cubrir-37, para-36)
advcl(necesitaba-35, cubrir-37)
punct(cantidad-29, --38)
det(honorarios-40, los-39)
appos(cantidad-29, honorarios-40)
case(doctor-43, de-41)
det(doctor-43, un-42)
nmod(honorarios-40, doctor-43)
nsubj(practicó-46, que-44)
obj(practicó-46, le-45)
acl(doctor-43, practicó-46)
det(aborto-48, un-47)
obj(practicó-46, aborto-48)
punct(dió-24, ,-49)
mark(entregó-55, que-50)
det(suma-52, tal-51)
nsubj(entregó-55, suma-52)
iobj(entregó-55, se-53)
obj(entregó-55, la-54)
csubj(hizo-10, entregó-55)
case(autorización-57, con-56)
obl(entregó-55, autorización-57)
case(CAR-59, de-58)
punct(hizo-10, --61)

Extracted the following NER entity mentions:
HERNANDEZ	PERSON	PERSON:0.48144988249989834
$3,500.00	MONEY	MONEY:-1.0
doctor	TITLE	-
