Document: ID=file_300.txt (3 sentences, 136 tokens)

Sentence #1 (119 tokens):
XI Festival de la Juventud y los Estudiantes que
se desarrollo en La Habana,Cuba, es un festival--
organizado por miembros del P.R.I.,P.C.M. y F.E.G.
por tal motivo exhortan a la comunidad Univ.,Gue-
rrerense a no permitir sean engañados;que los re-
visionistas del Partido Comunista actúan al lado-
del Partido Comunista Español, Francés, e Italiano-
los que no solo aceptan la vía electoral,sino que
han renunciado a la dictadura del proletariado, a
la revolución violenta y pregonan la reconcilia--
ción de clases traicionando con ello a la teoría-
científica del comunismo,es decir el marxismo-le-
ninismo.

Tokens:
[Text=XI CharacterOffsetBegin=0 CharacterOffsetEnd=2 PartOfSpeech=PROPN Lemma=xi NamedEntityTag=MISC]
[Text=Festival CharacterOffsetBegin=3 CharacterOffsetEnd=11 PartOfSpeech=PROPN Lemma=festival NamedEntityTag=MISC]
[Text=de CharacterOffsetBegin=12 CharacterOffsetEnd=14 PartOfSpeech=ADP Lemma=de NamedEntityTag=MISC]
[Text=la CharacterOffsetBegin=15 CharacterOffsetEnd=17 PartOfSpeech=DET Lemma=la NamedEntityTag=MISC]
[Text=Juventud CharacterOffsetBegin=18 CharacterOffsetEnd=26 PartOfSpeech=PROPN Lemma=juventud NamedEntityTag=MISC]
[Text=y CharacterOffsetBegin=27 CharacterOffsetEnd=28 PartOfSpeech=CCONJ Lemma=y NamedEntityTag=O]
[Text=los CharacterOffsetBegin=29 CharacterOffsetEnd=32 PartOfSpeech=DET Lemma=los NamedEntityTag=O]
[Text=Estudiantes CharacterOffsetBegin=33 CharacterOffsetEnd=44 PartOfSpeech=PROPN Lemma=estudiantes NamedEntityTag=ORGANIZATION]
[Text=que CharacterOffsetBegin=45 CharacterOffsetEnd=48 PartOfSpeech=PRON Lemma=que NamedEntityTag=O]
[Text=se CharacterOffsetBegin=49 CharacterOffsetEnd=51 PartOfSpeech=PRON Lemma=se NamedEntityTag=O]
[Text=desarrollo CharacterOffsetBegin=52 CharacterOffsetEnd=62 PartOfSpeech=NOUN Lemma=desarrollo NamedEntityTag=O]
[Text=en CharacterOffsetBegin=63 CharacterOffsetEnd=65 PartOfSpeech=ADP Lemma=en NamedEntityTag=O]
[Text=La CharacterOffsetBegin=66 CharacterOffsetEnd=68 PartOfSpeech=DET Lemma=la NamedEntityTag=CITY]
[Text=Habana CharacterOffsetBegin=69 CharacterOffsetEnd=75 PartOfSpeech=PROPN Lemma=habana NamedEntityTag=CITY]
[Text=, CharacterOffsetBegin=75 CharacterOffsetEnd=76 PartOfSpeech=PUNCT Lemma=, NamedEntityTag=O]
[Text=Cuba CharacterOffsetBegin=76 CharacterOffsetEnd=80 PartOfSpeech=PROPN Lemma=cuba NamedEntityTag=COUNTRY]
[Text=, CharacterOffsetBegin=80 CharacterOffsetEnd=81 PartOfSpeech=PUNCT Lemma=, NamedEntityTag=O]
[Text=es CharacterOffsetBegin=82 CharacterOffsetEnd=84 PartOfSpeech=AUX Lemma=es NamedEntityTag=O]
[Text=un CharacterOffsetBegin=85 CharacterOffsetEnd=87 PartOfSpeech=DET Lemma=un NamedEntityTag=O]
[Text=festival CharacterOffsetBegin=88 CharacterOffsetEnd=96 PartOfSpeech=NOUN Lemma=festival NamedEntityTag=O]
[Text=-- CharacterOffsetBegin=96 CharacterOffsetEnd=98 PartOfSpeech=PROPN Lemma=-- NamedEntityTag=O]
[Text=organizado CharacterOffsetBegin=99 CharacterOffsetEnd=109 PartOfSpeech=VERB Lemma=organizado NamedEntityTag=O]
[Text=por CharacterOffsetBegin=110 CharacterOffsetEnd=113 PartOfSpeech=ADP Lemma=por NamedEntityTag=O]
[Text=miembros CharacterOffsetBegin=114 CharacterOffsetEnd=122 PartOfSpeech=NOUN Lemma=miembros NamedEntityTag=O]
[Text=del CharacterOffsetBegin=123 CharacterOffsetEnd=126 PartOfSpeech=ADP Lemma=del NamedEntityTag=O]
[Text=P.R.I. CharacterOffsetBegin=127 CharacterOffsetEnd=133 PartOfSpeech=PROPN Lemma=p.r.i. NamedEntityTag=O]
[Text=, CharacterOffsetBegin=133 CharacterOffsetEnd=134 PartOfSpeech=PUNCT Lemma=, NamedEntityTag=O]
[Text=P.C.M. CharacterOffsetBegin=134 CharacterOffsetEnd=140 PartOfSpeech=PROPN Lemma=p.c.m. NamedEntityTag=O]
[Text=y CharacterOffsetBegin=141 CharacterOffsetEnd=142 PartOfSpeech=CCONJ Lemma=y NamedEntityTag=O]
[Text=F.E.G. CharacterOffsetBegin=143 CharacterOffsetEnd=149 PartOfSpeech=PROPN Lemma=f.e.g. NamedEntityTag=O]
[Text=por CharacterOffsetBegin=150 CharacterOffsetEnd=153 PartOfSpeech=ADP Lemma=por NamedEntityTag=O]
[Text=tal CharacterOffsetBegin=154 CharacterOffsetEnd=157 PartOfSpeech=DET Lemma=tal NamedEntityTag=O]
[Text=motivo CharacterOffsetBegin=158 CharacterOffsetEnd=164 PartOfSpeech=NOUN Lemma=motivo NamedEntityTag=O]
[Text=exhortan CharacterOffsetBegin=165 CharacterOffsetEnd=173 PartOfSpeech=VERB Lemma=exhortan NamedEntityTag=O]
[Text=a CharacterOffsetBegin=174 CharacterOffsetEnd=175 PartOfSpeech=ADP Lemma=a NamedEntityTag=O]
[Text=la CharacterOffsetBegin=176 CharacterOffsetEnd=178 PartOfSpeech=DET Lemma=la NamedEntityTag=O]
[Text=comunidad CharacterOffsetBegin=179 CharacterOffsetEnd=188 PartOfSpeech=NOUN Lemma=comunidad NamedEntityTag=O]
[Text=Univ. CharacterOffsetBegin=189 CharacterOffsetEnd=194 PartOfSpeech=PROPN Lemma=univ. NamedEntityTag=ORGANIZATION]
[Text=, CharacterOffsetBegin=194 CharacterOffsetEnd=195 PartOfSpeech=PUNCT Lemma=, NamedEntityTag=O]
[Text=Gue CharacterOffsetBegin=195 CharacterOffsetEnd=198 PartOfSpeech=PROPN Lemma=gue NamedEntityTag=O]
[Text=- CharacterOffsetBegin=198 CharacterOffsetEnd=199 PartOfSpeech=PUNCT Lemma=- NamedEntityTag=O]
[Text=rrerense CharacterOffsetBegin=200 CharacterOffsetEnd=208 PartOfSpeech=ADJ Lemma=rrerense NamedEntityTag=O]
[Text=a CharacterOffsetBegin=209 CharacterOffsetEnd=210 PartOfSpeech=ADP Lemma=a NamedEntityTag=O]
[Text=no CharacterOffsetBegin=211 CharacterOffsetEnd=213 PartOfSpeech=ADV Lemma=no NamedEntityTag=O]
[Text=permitir CharacterOffsetBegin=214 CharacterOffsetEnd=222 PartOfSpeech=AUX Lemma=permitir NamedEntityTag=O]
[Text=sean CharacterOffsetBegin=223 CharacterOffsetEnd=227 PartOfSpeech=AUX Lemma=sean NamedEntityTag=O]
[Text=engañados CharacterOffsetBegin=228 CharacterOffsetEnd=237 PartOfSpeech=VERB Lemma=engañados NamedEntityTag=O]
[Text=; CharacterOffsetBegin=237 CharacterOffsetEnd=238 PartOfSpeech=PUNCT Lemma=; NamedEntityTag=O]
[Text=que CharacterOffsetBegin=238 CharacterOffsetEnd=241 PartOfSpeech=SCONJ Lemma=que NamedEntityTag=O]
[Text=los CharacterOffsetBegin=242 CharacterOffsetEnd=245 PartOfSpeech=DET Lemma=los NamedEntityTag=O]
[Text=re CharacterOffsetBegin=246 CharacterOffsetEnd=248 PartOfSpeech=NOUN Lemma=re NamedEntityTag=O]
[Text=- CharacterOffsetBegin=248 CharacterOffsetEnd=249 PartOfSpeech=PUNCT Lemma=- NamedEntityTag=O]
[Text=visionistas CharacterOffsetBegin=250 CharacterOffsetEnd=261 PartOfSpeech=ADJ Lemma=visionistas NamedEntityTag=O]
[Text=del CharacterOffsetBegin=262 CharacterOffsetEnd=265 PartOfSpeech=ADP Lemma=del NamedEntityTag=O]
[Text=Partido CharacterOffsetBegin=266 CharacterOffsetEnd=273 PartOfSpeech=PROPN Lemma=partido NamedEntityTag=ORGANIZATION]
[Text=Comunista CharacterOffsetBegin=274 CharacterOffsetEnd=283 PartOfSpeech=PROPN Lemma=comunista NamedEntityTag=ORGANIZATION]
[Text=actúan CharacterOffsetBegin=284 CharacterOffsetEnd=290 PartOfSpeech=VERB Lemma=actúan NamedEntityTag=O]
[Text=al CharacterOffsetBegin=291 CharacterOffsetEnd=293 PartOfSpeech=ADP Lemma=al NamedEntityTag=O]
[Text=lado CharacterOffsetBegin=294 CharacterOffsetEnd=298 PartOfSpeech=NOUN Lemma=lado NamedEntityTag=O]
[Text=- CharacterOffsetBegin=298 CharacterOffsetEnd=299 PartOfSpeech=PUNCT Lemma=- NamedEntityTag=O]
[Text=del CharacterOffsetBegin=300 CharacterOffsetEnd=303 PartOfSpeech=ADP Lemma=del NamedEntityTag=O]
[Text=Partido CharacterOffsetBegin=304 CharacterOffsetEnd=311 PartOfSpeech=PROPN Lemma=partido NamedEntityTag=ORGANIZATION]
[Text=Comunista CharacterOffsetBegin=312 CharacterOffsetEnd=321 PartOfSpeech=PROPN Lemma=comunista NamedEntityTag=ORGANIZATION]
[Text=Español CharacterOffsetBegin=322 CharacterOffsetEnd=329 PartOfSpeech=PROPN Lemma=español NamedEntityTag=ORGANIZATION]
[Text=, CharacterOffsetBegin=329 CharacterOffsetEnd=330 PartOfSpeech=PUNCT Lemma=, NamedEntityTag=O]
[Text=Francés CharacterOffsetBegin=331 CharacterOffsetEnd=338 PartOfSpeech=PROPN Lemma=francés NamedEntityTag=PERSON]
[Text=, CharacterOffsetBegin=338 CharacterOffsetEnd=339 PartOfSpeech=PUNCT Lemma=, NamedEntityTag=O]
[Text=e CharacterOffsetBegin=340 CharacterOffsetEnd=341 PartOfSpeech=CCONJ Lemma=e NamedEntityTag=O]
[Text=Italiano CharacterOffsetBegin=342 CharacterOffsetEnd=350 PartOfSpeech=PROPN Lemma=italiano NamedEntityTag=O]
[Text=- CharacterOffsetBegin=350 CharacterOffsetEnd=351 PartOfSpeech=PUNCT Lemma=- NamedEntityTag=O]
[Text=los CharacterOffsetBegin=352 CharacterOffsetEnd=355 PartOfSpeech=DET Lemma=los NamedEntityTag=O]
[Text=que CharacterOffsetBegin=356 CharacterOffsetEnd=359 PartOfSpeech=PRON Lemma=que NamedEntityTag=O]
[Text=no CharacterOffsetBegin=360 CharacterOffsetEnd=362 PartOfSpeech=PART Lemma=no NamedEntityTag=O]
[Text=solo CharacterOffsetBegin=363 CharacterOffsetEnd=367 PartOfSpeech=NOUN Lemma=solo NamedEntityTag=O]
[Text=aceptan CharacterOffsetBegin=368 CharacterOffsetEnd=375 PartOfSpeech=VERB Lemma=aceptan NamedEntityTag=O]
[Text=la CharacterOffsetBegin=376 CharacterOffsetEnd=378 PartOfSpeech=DET Lemma=la NamedEntityTag=O]
[Text=vía CharacterOffsetBegin=379 CharacterOffsetEnd=382 PartOfSpeech=NOUN Lemma=vía NamedEntityTag=O]
[Text=electoral CharacterOffsetBegin=383 CharacterOffsetEnd=392 PartOfSpeech=ADJ Lemma=electoral NamedEntityTag=O]
[Text=, CharacterOffsetBegin=392 CharacterOffsetEnd=393 PartOfSpeech=PUNCT Lemma=, NamedEntityTag=O]
[Text=sino CharacterOffsetBegin=393 CharacterOffsetEnd=397 PartOfSpeech=CCONJ Lemma=sino NamedEntityTag=O]
[Text=que CharacterOffsetBegin=398 CharacterOffsetEnd=401 PartOfSpeech=SCONJ Lemma=que NamedEntityTag=O]
[Text=han CharacterOffsetBegin=402 CharacterOffsetEnd=405 PartOfSpeech=AUX Lemma=han NamedEntityTag=O]
[Text=renunciado CharacterOffsetBegin=406 CharacterOffsetEnd=416 PartOfSpeech=VERB Lemma=renunciado NamedEntityTag=O]
[Text=a CharacterOffsetBegin=417 CharacterOffsetEnd=418 PartOfSpeech=ADP Lemma=a NamedEntityTag=O]
[Text=la CharacterOffsetBegin=419 CharacterOffsetEnd=421 PartOfSpeech=DET Lemma=la NamedEntityTag=O]
[Text=dictadura CharacterOffsetBegin=422 CharacterOffsetEnd=431 PartOfSpeech=NOUN Lemma=dictadura NamedEntityTag=O]
[Text=del CharacterOffsetBegin=432 CharacterOffsetEnd=435 PartOfSpeech=ADP Lemma=del NamedEntityTag=O]
[Text=proletariado CharacterOffsetBegin=436 CharacterOffsetEnd=448 PartOfSpeech=NOUN Lemma=proletariado NamedEntityTag=O]
[Text=, CharacterOffsetBegin=448 CharacterOffsetEnd=449 PartOfSpeech=PUNCT Lemma=, NamedEntityTag=O]
[Text=a CharacterOffsetBegin=450 CharacterOffsetEnd=451 PartOfSpeech=ADP Lemma=a NamedEntityTag=O]
[Text=la CharacterOffsetBegin=452 CharacterOffsetEnd=454 PartOfSpeech=DET Lemma=la NamedEntityTag=O]
[Text=revolución CharacterOffsetBegin=455 CharacterOffsetEnd=465 PartOfSpeech=NOUN Lemma=revolución NamedEntityTag=O]
[Text=violenta CharacterOffsetBegin=466 CharacterOffsetEnd=474 PartOfSpeech=ADJ Lemma=violenta NamedEntityTag=O]
[Text=y CharacterOffsetBegin=475 CharacterOffsetEnd=476 PartOfSpeech=CCONJ Lemma=y NamedEntityTag=O]
[Text=pregonan CharacterOffsetBegin=477 CharacterOffsetEnd=485 PartOfSpeech=VERB Lemma=pregonan NamedEntityTag=O]
[Text=la CharacterOffsetBegin=486 CharacterOffsetEnd=488 PartOfSpeech=DET Lemma=la NamedEntityTag=O]
[Text=reconcilia CharacterOffsetBegin=489 CharacterOffsetEnd=499 PartOfSpeech=VERB Lemma=reconcilia NamedEntityTag=O]
[Text=-- CharacterOffsetBegin=499 CharacterOffsetEnd=501 PartOfSpeech=NUM Lemma=-- NamedEntityTag=O]
[Text=ción CharacterOffsetBegin=502 CharacterOffsetEnd=506 PartOfSpeech=NOUN Lemma=ción NamedEntityTag=O]
[Text=de CharacterOffsetBegin=507 CharacterOffsetEnd=509 PartOfSpeech=ADP Lemma=de NamedEntityTag=O]
[Text=clases CharacterOffsetBegin=510 CharacterOffsetEnd=516 PartOfSpeech=NOUN Lemma=clases NamedEntityTag=O]
[Text=traicionando CharacterOffsetBegin=517 CharacterOffsetEnd=529 PartOfSpeech=VERB Lemma=traicionando NamedEntityTag=O]
[Text=con CharacterOffsetBegin=530 CharacterOffsetEnd=533 PartOfSpeech=ADP Lemma=con NamedEntityTag=O]
[Text=ello CharacterOffsetBegin=534 CharacterOffsetEnd=538 PartOfSpeech=PRON Lemma=ello NamedEntityTag=O]
[Text=a CharacterOffsetBegin=539 CharacterOffsetEnd=540 PartOfSpeech=ADP Lemma=a NamedEntityTag=O]
[Text=la CharacterOffsetBegin=541 CharacterOffsetEnd=543 PartOfSpeech=DET Lemma=la NamedEntityTag=O]
[Text=teoría CharacterOffsetBegin=544 CharacterOffsetEnd=550 PartOfSpeech=NOUN Lemma=teoría NamedEntityTag=O]
[Text=- CharacterOffsetBegin=550 CharacterOffsetEnd=551 PartOfSpeech=PUNCT Lemma=- NamedEntityTag=O]
[Text=científica CharacterOffsetBegin=552 CharacterOffsetEnd=562 PartOfSpeech=NOUN Lemma=científica NamedEntityTag=O]
[Text=del CharacterOffsetBegin=563 CharacterOffsetEnd=566 PartOfSpeech=ADP Lemma=del NamedEntityTag=O]
[Text=comunismo CharacterOffsetBegin=567 CharacterOffsetEnd=576 PartOfSpeech=NOUN Lemma=comunismo NamedEntityTag=IDEOLOGY]
[Text=, CharacterOffsetBegin=576 CharacterOffsetEnd=577 PartOfSpeech=PUNCT Lemma=, NamedEntityTag=O]
[Text=es CharacterOffsetBegin=577 CharacterOffsetEnd=579 PartOfSpeech=NOUN Lemma=es NamedEntityTag=O]
[Text=decir CharacterOffsetBegin=580 CharacterOffsetEnd=585 PartOfSpeech=NOUN Lemma=decir NamedEntityTag=O]
[Text=el CharacterOffsetBegin=586 CharacterOffsetEnd=588 PartOfSpeech=DET Lemma=el NamedEntityTag=O]
[Text=marxismo-le CharacterOffsetBegin=589 CharacterOffsetEnd=600 PartOfSpeech=NOUN Lemma=marxismo-le NamedEntityTag=O]
[Text=- CharacterOffsetBegin=600 CharacterOffsetEnd=601 PartOfSpeech=PUNCT Lemma=- NamedEntityTag=O]
[Text=ninismo CharacterOffsetBegin=602 CharacterOffsetEnd=609 PartOfSpeech=NOUN Lemma=ninismo NamedEntityTag=O]
[Text=. CharacterOffsetBegin=609 CharacterOffsetEnd=610 PartOfSpeech=PUNCT Lemma=. NamedEntityTag=O]

Dependency Parse (enhanced plus plus dependencies):
root(ROOT-0, festival-20)
nsubj(festival-20, XI-1)
flat(XI-1, Festival-2)
case(Juventud-5, de-3)
det(Juventud-5, la-4)
flat(XI-1, Juventud-5)
cc(Estudiantes-8, y-6)
det(Estudiantes-8, los-7)
conj:y(XI-1, Estudiantes-8)
nsubj(festival-20, Estudiantes-8)
nsubj(desarrollo-11, que-9)
det(desarrollo-11, se-10)
acl(XI-1, desarrollo-11)
case(Habana-14, en-12)
det(Habana-14, La-13)
nmod(desarrollo-11, Habana-14)
punct(Cuba-16, ,-15)
flat(Habana-14, Cuba-16)
punct(Cuba-16, ,-17)
cop(festival-20, es-18)
det(festival-20, un-19)
appos(festival-20, ---21)
acl(festival-20, organizado-22)
case(miembros-24, por-23)
obj(organizado-22, miembros-24)
case(P.R.I.-26, del-25)
nmod(miembros-24, P.R.I.-26)
punct(P.C.M.-28, ,-27)
conj(P.R.I.-26, P.C.M.-28)
cc(F.E.G.-30, y-29)
nmod(miembros-24, F.E.G.-30)
conj:y(P.R.I.-26, F.E.G.-30)
case(motivo-33, por-31)
det(motivo-33, tal-32)
obl(organizado-22, motivo-33)
advcl(organizado-22, exhortan-34)
case(comunidad-37, a-35)
det(comunidad-37, la-36)
obj(exhortan-34, comunidad-37)
appos(comunidad-37, Univ.-38)
punct(Gue-40, ,-39)
appos(comunidad-37, Gue-40)
punct(Gue-40, --41)
amod(comunidad-37, rrerense-42)
mark(engañados-47, a-43)
advmod(engañados-47, no-44)
aux(engañados-47, permitir-45)
aux(engañados-47, sean-46)
advcl(exhortan-34, engañados-47)
punct(festival-20, ;-48)
mark(actúan-57, que-49)
det(re-51, los-50)
nsubj(actúan-57, re-51)
punct(visionistas-53, --52)
amod(re-51, visionistas-53)
case(Partido-55, del-54)
nmod(visionistas-53, Partido-55)
flat(Partido-55, Comunista-56)
parataxis(sino-80, actúan-57)
advmod(actúan-57, al-58)
fixed(al-58, lado-59)
punct(Partido-62, --60)
case(Partido-62, del-61)
obl(actúan-57, Partido-62)
flat(Partido-62, Comunista-63)
flat(Partido-62, Español-64)
punct(Francés-66, ,-65)
flat(Partido-62, Francés-66)
punct(Francés-66, ,-67)
cc(Italiano-69, e-68)
obl(actúan-57, Italiano-69)
conj:e(Partido-62, Italiano-69)
punct(Partido-62, --70)
det(aceptan-75, los-71)
nsubj(aceptan-75, que-72)
advmod(aceptan-75, no-73)
fixed(no-73, solo-74)
ccomp(actúan-57, aceptan-75)
det(vía-77, la-76)
obj(aceptan-75, vía-77)
amod(vía-77, electoral-78)
punct(sino-80, ,-79)
cc(festival-20, sino-80)
fixed(sino-80, que-81)
aux(renunciado-83, han-82)
csubj(reconcilia-97, renunciado-83)
case(dictadura-86, a-84)
det(dictadura-86, la-85)
obj(renunciado-83, dictadura-86)
case(proletariado-88, del-87)
nmod(dictadura-86, proletariado-88)
punct(revolución-92, ,-89)
case(revolución-92, a-90)
det(revolución-92, la-91)
conj(dictadura-86, revolución-92)
amod(revolución-92, violenta-93)
cc(pregonan-95, y-94)
conj:y(renunciado-83, pregonan-95)
csubj(reconcilia-97, pregonan-95)
obj(reconcilia-97, la-96)
parataxis(sino-80, reconcilia-97)
nummod(ción-99, ---98)
obj(reconcilia-97, ción-99)
case(clases-101, de-100)
nmod(ción-99, clases-101)
advcl(reconcilia-97, traicionando-102)
case(ello-104, con-103)
obl(traicionando-102, ello-104)
case(teoría-107, a-105)
det(teoría-107, la-106)
obj(traicionando-102, teoría-107)
punct(científica-109, --108)
appos(teoría-107, científica-109)
case(comunismo-111, del-110)
nmod(científica-109, comunismo-111)
punct(marxismo-le-116, ,-112)
cc(marxismo-le-116, es-113)
fixed(es-113, decir-114)
det(marxismo-le-116, el-115)
appos(teoría-107, marxismo-le-116)
conj:es(científica-109, marxismo-le-116)
punct(científica-109, --117)
nmod(teoría-107, ninismo-118)
punct(festival-20, .-119)

Extracted the following NER entity mentions:
XI Festival de la Juventud	MISC	MISC:0.6080357735535261
Estudiantes	ORGANIZATION	ORGANIZATION:0.6496852136792515
La Habana	CITY	LOCATION:0.9800255096573562
Cuba	COUNTRY	LOCATION:0.9541114723428569
Univ.	ORGANIZATION	ORGANIZATION:0.7308556116604331
Partido Comunista	ORGANIZATION	ORGANIZATION:0.9943916936824889
Partido Comunista Español	ORGANIZATION	ORGANIZATION:0.9993641826715076
Francés	PERSON	PERSON:0.641381056818368
comunismo	IDEOLOGY	-

Sentence #2 (7 tokens):
-Agregan que desgraciadamente el Gbno.

Tokens:
[Text=- CharacterOffsetBegin=610 CharacterOffsetEnd=611 PartOfSpeech=PUNCT Lemma=- NamedEntityTag=O]
[Text=Agregan CharacterOffsetBegin=611 CharacterOffsetEnd=618 PartOfSpeech=VERB Lemma=agregan NamedEntityTag=O]
[Text=que CharacterOffsetBegin=619 CharacterOffsetEnd=622 PartOfSpeech=SCONJ Lemma=que NamedEntityTag=O]
[Text=desgraciadamente CharacterOffsetBegin=623 CharacterOffsetEnd=639 PartOfSpeech=ADV Lemma=desgraciadamente NamedEntityTag=O]
[Text=el CharacterOffsetBegin=640 CharacterOffsetEnd=642 PartOfSpeech=DET Lemma=el NamedEntityTag=O]
[Text=Gbno CharacterOffsetBegin=643 CharacterOffsetEnd=647 PartOfSpeech=PROPN Lemma=gbno NamedEntityTag=ORGANIZATION]
[Text=. CharacterOffsetBegin=647 CharacterOffsetEnd=648 PartOfSpeech=PUNCT Lemma=. NamedEntityTag=O]

Dependency Parse (enhanced plus plus dependencies):
root(ROOT-0, Agregan-2)
punct(Agregan-2, --1)
mark(Gbno-6, que-3)
advmod(Gbno-6, desgraciadamente-4)
det(Gbno-6, el-5)
ccomp(Agregan-2, Gbno-6)
punct(Agregan-2, .-7)

Extracted the following NER entity mentions:
Gbno	ORGANIZATION	ORGANIZATION:0.3634633512857748

Sentence #3 (10 tokens):
,---
Cubano negó la participación en dicho festival --

Tokens:
[Text=, CharacterOffsetBegin=648 CharacterOffsetEnd=649 PartOfSpeech=PUNCT Lemma=, NamedEntityTag=O]
[Text=--- CharacterOffsetBegin=649 CharacterOffsetEnd=652 PartOfSpeech=NUM Lemma=--- NamedEntityTag=O]
[Text=Cubano CharacterOffsetBegin=653 CharacterOffsetEnd=659 PartOfSpeech=PROPN Lemma=cubano NamedEntityTag=NATIONALITY]
[Text=negó CharacterOffsetBegin=660 CharacterOffsetEnd=664 PartOfSpeech=VERB Lemma=negó NamedEntityTag=O]
[Text=la CharacterOffsetBegin=665 CharacterOffsetEnd=667 PartOfSpeech=DET Lemma=la NamedEntityTag=O]
[Text=participación CharacterOffsetBegin=668 CharacterOffsetEnd=681 PartOfSpeech=NOUN Lemma=participación NamedEntityTag=O]
[Text=en CharacterOffsetBegin=682 CharacterOffsetEnd=684 PartOfSpeech=ADP Lemma=en NamedEntityTag=O]
[Text=dicho CharacterOffsetBegin=685 CharacterOffsetEnd=690 PartOfSpeech=ADJ Lemma=dicho NamedEntityTag=O]
[Text=festival CharacterOffsetBegin=691 CharacterOffsetEnd=699 PartOfSpeech=NOUN Lemma=festival NamedEntityTag=O]
[Text=-- CharacterOffsetBegin=700 CharacterOffsetEnd=702 PartOfSpeech=NUM Lemma=-- NamedEntityTag=O]

Dependency Parse (enhanced plus plus dependencies):
root(ROOT-0, negó-4)
punct(negó-4, ,-1)
nsubj(negó-4, ----2)
flat(----2, Cubano-3)
det(participación-6, la-5)
obj(negó-4, participación-6)
case(festival-9, en-7)
amod(festival-9, dicho-8)
nmod(participación-6, festival-9)
nummod(festival-9, ---10)

Extracted the following NER entity mentions:
Cubano	NATIONALITY	-
