Document: ID=file_203.txt (7 sentences, 147 tokens)

Sentence #1 (41 tokens):
actual a repartir volante en los que se dá a co-
nocer el objeto de la caravana universitaria que
se traslada a l ciudad de México, en donde plan
tearán a las Autoridades espectivas sus deman--
das.

Tokens:
[Text=actual CharacterOffsetBegin=0 CharacterOffsetEnd=6 PartOfSpeech=ADJ Lemma=actual NamedEntityTag=O]
[Text=a CharacterOffsetBegin=7 CharacterOffsetEnd=8 PartOfSpeech=ADP Lemma=a NamedEntityTag=O]
[Text=repartir CharacterOffsetBegin=9 CharacterOffsetEnd=17 PartOfSpeech=VERB Lemma=repartir NamedEntityTag=O]
[Text=volante CharacterOffsetBegin=18 CharacterOffsetEnd=25 PartOfSpeech=NOUN Lemma=volante NamedEntityTag=O]
[Text=en CharacterOffsetBegin=26 CharacterOffsetEnd=28 PartOfSpeech=ADP Lemma=en NamedEntityTag=O]
[Text=los CharacterOffsetBegin=29 CharacterOffsetEnd=32 PartOfSpeech=DET Lemma=los NamedEntityTag=O]
[Text=que CharacterOffsetBegin=33 CharacterOffsetEnd=36 PartOfSpeech=PRON Lemma=que NamedEntityTag=O]
[Text=se CharacterOffsetBegin=37 CharacterOffsetEnd=39 PartOfSpeech=PRON Lemma=se NamedEntityTag=O]
[Text=dá CharacterOffsetBegin=40 CharacterOffsetEnd=42 PartOfSpeech=VERB Lemma=dá NamedEntityTag=O]
[Text=a CharacterOffsetBegin=43 CharacterOffsetEnd=44 PartOfSpeech=ADP Lemma=a NamedEntityTag=O]
[Text=co CharacterOffsetBegin=45 CharacterOffsetEnd=47 PartOfSpeech=NOUN Lemma=co NamedEntityTag=O]
[Text=- CharacterOffsetBegin=47 CharacterOffsetEnd=48 PartOfSpeech=PUNCT Lemma=- NamedEntityTag=O]
[Text=nocer CharacterOffsetBegin=49 CharacterOffsetEnd=54 PartOfSpeech=VERB Lemma=nocer NamedEntityTag=O]
[Text=el CharacterOffsetBegin=55 CharacterOffsetEnd=57 PartOfSpeech=DET Lemma=el NamedEntityTag=O]
[Text=objeto CharacterOffsetBegin=58 CharacterOffsetEnd=64 PartOfSpeech=NOUN Lemma=objeto NamedEntityTag=O]
[Text=de CharacterOffsetBegin=65 CharacterOffsetEnd=67 PartOfSpeech=ADP Lemma=de NamedEntityTag=O]
[Text=la CharacterOffsetBegin=68 CharacterOffsetEnd=70 PartOfSpeech=DET Lemma=la NamedEntityTag=O]
[Text=caravana CharacterOffsetBegin=71 CharacterOffsetEnd=79 PartOfSpeech=NOUN Lemma=caravana NamedEntityTag=O]
[Text=universitaria CharacterOffsetBegin=80 CharacterOffsetEnd=93 PartOfSpeech=ADJ Lemma=universitaria NamedEntityTag=O]
[Text=que CharacterOffsetBegin=94 CharacterOffsetEnd=97 PartOfSpeech=PRON Lemma=que NamedEntityTag=O]
[Text=se CharacterOffsetBegin=98 CharacterOffsetEnd=100 PartOfSpeech=PRON Lemma=se NamedEntityTag=O]
[Text=traslada CharacterOffsetBegin=101 CharacterOffsetEnd=109 PartOfSpeech=VERB Lemma=traslada NamedEntityTag=O]
[Text=a CharacterOffsetBegin=110 CharacterOffsetEnd=111 PartOfSpeech=ADP Lemma=a NamedEntityTag=O]
[Text=l CharacterOffsetBegin=112 CharacterOffsetEnd=113 PartOfSpeech=PROPN Lemma=l NamedEntityTag=O]
[Text=ciudad CharacterOffsetBegin=114 CharacterOffsetEnd=120 PartOfSpeech=NOUN Lemma=ciudad NamedEntityTag=CITY]
[Text=de CharacterOffsetBegin=121 CharacterOffsetEnd=123 PartOfSpeech=ADP Lemma=de NamedEntityTag=CITY]
[Text=México CharacterOffsetBegin=124 CharacterOffsetEnd=130 PartOfSpeech=PROPN Lemma=méxico NamedEntityTag=CITY]
[Text=, CharacterOffsetBegin=130 CharacterOffsetEnd=131 PartOfSpeech=PUNCT Lemma=, NamedEntityTag=O]
[Text=en CharacterOffsetBegin=132 CharacterOffsetEnd=134 PartOfSpeech=ADP Lemma=en NamedEntityTag=O]
[Text=donde CharacterOffsetBegin=135 CharacterOffsetEnd=140 PartOfSpeech=PRON Lemma=donde NamedEntityTag=O]
[Text=plan CharacterOffsetBegin=141 CharacterOffsetEnd=145 PartOfSpeech=NOUN Lemma=plan NamedEntityTag=O]
[Text=tearán CharacterOffsetBegin=146 CharacterOffsetEnd=152 PartOfSpeech=VERB Lemma=tearán NamedEntityTag=O]
[Text=a CharacterOffsetBegin=153 CharacterOffsetEnd=154 PartOfSpeech=ADP Lemma=a NamedEntityTag=O]
[Text=las CharacterOffsetBegin=155 CharacterOffsetEnd=158 PartOfSpeech=DET Lemma=las NamedEntityTag=O]
[Text=Autoridades CharacterOffsetBegin=159 CharacterOffsetEnd=170 PartOfSpeech=PROPN Lemma=autoridades NamedEntityTag=O]
[Text=espectivas CharacterOffsetBegin=171 CharacterOffsetEnd=181 PartOfSpeech=ADJ Lemma=espectivas NamedEntityTag=O]
[Text=sus CharacterOffsetBegin=182 CharacterOffsetEnd=185 PartOfSpeech=DET Lemma=sus NamedEntityTag=O]
[Text=deman CharacterOffsetBegin=186 CharacterOffsetEnd=191 PartOfSpeech=NOUN Lemma=deman NamedEntityTag=O]
[Text=-- CharacterOffsetBegin=191 CharacterOffsetEnd=193 PartOfSpeech=ADJ Lemma=-- NamedEntityTag=O]
[Text=das CharacterOffsetBegin=194 CharacterOffsetEnd=197 PartOfSpeech=VERB Lemma=da NamedEntityTag=O]
[Text=. CharacterOffsetBegin=197 CharacterOffsetEnd=198 PartOfSpeech=PUNCT Lemma=. NamedEntityTag=O]

Dependency Parse (enhanced plus plus dependencies):
root(ROOT-0, nocer-13)
amod(nocer-13, actual-1)
mark(repartir-3, a-2)
xcomp(actual-1, repartir-3)
obj(repartir-3, volante-4)
case(que-7, en-5)
det(que-7, los-6)
obl(dá-9, que-7)
obj(dá-9, se-8)
acl(volante-4, dá-9)
case(co-11, a-10)
obl(dá-9, co-11)
punct(actual-1, --12)
det(objeto-15, el-14)
obj(nocer-13, objeto-15)
case(caravana-18, de-16)
det(caravana-18, la-17)
nmod(objeto-15, caravana-18)
amod(caravana-18, universitaria-19)
nsubj(traslada-22, que-20)
obj(traslada-22, se-21)
acl(caravana-18, traslada-22)
case(l-24, a-23)
obl(das-40, l-24)
flat(l-24, ciudad-25)
case(México-27, de-26)
flat(l-24, México-27)
punct(tearán-32, ,-28)
case(donde-30, en-29)
obl(tearán-32, donde-30)
nsubj(tearán-32, plan-31)
advcl(das-40, tearán-32)
case(Autoridades-35, a-33)
det(Autoridades-35, las-34)
obj(tearán-32, Autoridades-35)
amod(Autoridades-35, espectivas-36)
det(deman-38, sus-37)
nsubj(tearán-32, deman-38)
amod(deman-38, ---39)
advcl(traslada-22, das-40)
punct(nocer-13, .-41)

Extracted the following NER entity mentions:
ciudad de México	CITY	-

Sentence #2 (14 tokens):
En el volante se pide ayuda al publico tanto
medicinas alimentos y dinero.

Tokens:
[Text=En CharacterOffsetBegin=198 CharacterOffsetEnd=200 PartOfSpeech=ADP Lemma=en NamedEntityTag=O]
[Text=el CharacterOffsetBegin=201 CharacterOffsetEnd=203 PartOfSpeech=DET Lemma=el NamedEntityTag=O]
[Text=volante CharacterOffsetBegin=204 CharacterOffsetEnd=211 PartOfSpeech=NOUN Lemma=volante NamedEntityTag=O]
[Text=se CharacterOffsetBegin=212 CharacterOffsetEnd=214 PartOfSpeech=PRON Lemma=se NamedEntityTag=O]
[Text=pide CharacterOffsetBegin=215 CharacterOffsetEnd=219 PartOfSpeech=VERB Lemma=pide NamedEntityTag=O]
[Text=ayuda CharacterOffsetBegin=220 CharacterOffsetEnd=225 PartOfSpeech=NOUN Lemma=ayuda NamedEntityTag=O]
[Text=al CharacterOffsetBegin=226 CharacterOffsetEnd=228 PartOfSpeech=ADP Lemma=al NamedEntityTag=O]
[Text=publico CharacterOffsetBegin=229 CharacterOffsetEnd=236 PartOfSpeech=ADJ Lemma=publico NamedEntityTag=O]
[Text=tanto CharacterOffsetBegin=237 CharacterOffsetEnd=242 PartOfSpeech=NOUN Lemma=tanto NamedEntityTag=O]
[Text=medicinas CharacterOffsetBegin=243 CharacterOffsetEnd=252 PartOfSpeech=NOUN Lemma=medicinas NamedEntityTag=O]
[Text=alimentos CharacterOffsetBegin=253 CharacterOffsetEnd=262 PartOfSpeech=NOUN Lemma=alimentos NamedEntityTag=O]
[Text=y CharacterOffsetBegin=263 CharacterOffsetEnd=264 PartOfSpeech=CCONJ Lemma=y NamedEntityTag=O]
[Text=dinero CharacterOffsetBegin=265 CharacterOffsetEnd=271 PartOfSpeech=NOUN Lemma=dinero NamedEntityTag=O]
[Text=. CharacterOffsetBegin=271 CharacterOffsetEnd=272 PartOfSpeech=PUNCT Lemma=. NamedEntityTag=O]

Dependency Parse (enhanced plus plus dependencies):
root(ROOT-0, pide-5)
case(volante-3, En-1)
det(volante-3, el-2)
obl(pide-5, volante-3)
obj(pide-5, se-4)
nsubj(pide-5, ayuda-6)
case(alimentos-11, al-7)
amod(alimentos-11, publico-8)
cc(medicinas-10, tanto-9)
conj:tanto(publico-8, medicinas-10)
amod(alimentos-11, medicinas-10)
nmod(ayuda-6, alimentos-11)
cc(dinero-13, y-12)
nmod(ayuda-6, dinero-13)
conj:y(alimentos-11, dinero-13)
punct(pide-5, .-14)

Extracted the following NER entity mentions:

Sentence #3 (2 tokens):
Exp.

Tokens:
[Text=Exp CharacterOffsetBegin=273 CharacterOffsetEnd=276 PartOfSpeech=PROPN Lemma=exp NamedEntityTag=O]
[Text=. CharacterOffsetBegin=276 CharacterOffsetEnd=277 PartOfSpeech=PUNCT Lemma=. NamedEntityTag=O]

Dependency Parse (enhanced plus plus dependencies):
root(ROOT-0, Exp-1)
punct(Exp-1, .-2)

Extracted the following NER entity mentions:

Sentence #4 (5 tokens):
-100-10-1-76
H-101 L-59
3.

Tokens:
[Text=-100-10-1-76 CharacterOffsetBegin=277 CharacterOffsetEnd=289 PartOfSpeech=NUM Lemma=-100-10-1-76 NamedEntityTag=O]
[Text=H-101 CharacterOffsetBegin=290 CharacterOffsetEnd=295 PartOfSpeech=PROPN Lemma=h-101 NamedEntityTag=O]
[Text=L-59 CharacterOffsetBegin=296 CharacterOffsetEnd=300 PartOfSpeech=PROPN Lemma=l-59 NamedEntityTag=O]
[Text=3 CharacterOffsetBegin=301 CharacterOffsetEnd=302 PartOfSpeech=NUM Lemma=3 NamedEntityTag=NUMBER NormalizedNamedEntityTag=3.0]
[Text=. CharacterOffsetBegin=302 CharacterOffsetEnd=303 PartOfSpeech=PUNCT Lemma=. NamedEntityTag=O]

Dependency Parse (enhanced plus plus dependencies):
root(ROOT-0, H-101-2)
nummod(H-101-2, -100-10-1-76-1)
flat(H-101-2, L-59-3)
nummod(H-101-2, 3-4)
punct(H-101-2, .-5)

Extracted the following NER entity mentions:
3	NUMBER	NUMBER:-1.0

Sentence #5 (2 tokens):
Abr.76.

Tokens:
[Text=Abr.76 CharacterOffsetBegin=303 CharacterOffsetEnd=309 PartOfSpeech=NOUN Lemma=abr.76 NamedEntityTag=O]
[Text=. CharacterOffsetBegin=309 CharacterOffsetEnd=310 PartOfSpeech=PUNCT Lemma=. NamedEntityTag=O]

Dependency Parse (enhanced plus plus dependencies):
root(ROOT-0, Abr.76-1)
punct(Abr.76-1, .-2)

Extracted the following NER entity mentions:

Sentence #6 (50 tokens):
-El 2 actual continúa la caravana de -
estudiantes y algunos profesores de la Universi
dad Autónoma de Guerero, organizada por el PCM
En Chalita, a causas de las inclemencias del --
tiempo se refugiaron en dos escuelas de la pobla
ción, utilizandolos para dormir.

Tokens:
[Text=- CharacterOffsetBegin=310 CharacterOffsetEnd=311 PartOfSpeech=PUNCT Lemma=- NamedEntityTag=O]
[Text=El CharacterOffsetBegin=311 CharacterOffsetEnd=313 PartOfSpeech=DET Lemma=el NamedEntityTag=O]
[Text=2 CharacterOffsetBegin=314 CharacterOffsetEnd=315 PartOfSpeech=NUM Lemma=2 NamedEntityTag=NUMBER NormalizedNamedEntityTag=2.0]
[Text=actual CharacterOffsetBegin=316 CharacterOffsetEnd=322 PartOfSpeech=ADJ Lemma=actual NamedEntityTag=O]
[Text=continúa CharacterOffsetBegin=323 CharacterOffsetEnd=331 PartOfSpeech=VERB Lemma=continúa NamedEntityTag=O]
[Text=la CharacterOffsetBegin=332 CharacterOffsetEnd=334 PartOfSpeech=DET Lemma=la NamedEntityTag=O]
[Text=caravana CharacterOffsetBegin=335 CharacterOffsetEnd=343 PartOfSpeech=NOUN Lemma=caravana NamedEntityTag=O]
[Text=de CharacterOffsetBegin=344 CharacterOffsetEnd=346 PartOfSpeech=ADP Lemma=de NamedEntityTag=O]
[Text=- CharacterOffsetBegin=347 CharacterOffsetEnd=348 PartOfSpeech=PUNCT Lemma=- NamedEntityTag=O]
[Text=estudiantes CharacterOffsetBegin=349 CharacterOffsetEnd=360 PartOfSpeech=NOUN Lemma=estudiantes NamedEntityTag=O]
[Text=y CharacterOffsetBegin=361 CharacterOffsetEnd=362 PartOfSpeech=CCONJ Lemma=y NamedEntityTag=O]
[Text=algunos CharacterOffsetBegin=363 CharacterOffsetEnd=370 PartOfSpeech=DET Lemma=algunos NamedEntityTag=O]
[Text=profesores CharacterOffsetBegin=371 CharacterOffsetEnd=381 PartOfSpeech=NOUN Lemma=profesores NamedEntityTag=O]
[Text=de CharacterOffsetBegin=382 CharacterOffsetEnd=384 PartOfSpeech=ADP Lemma=de NamedEntityTag=O]
[Text=la CharacterOffsetBegin=385 CharacterOffsetEnd=387 PartOfSpeech=DET Lemma=la NamedEntityTag=O]
[Text=Universi CharacterOffsetBegin=388 CharacterOffsetEnd=396 PartOfSpeech=PROPN Lemma=universi NamedEntityTag=MISC]
[Text=dad CharacterOffsetBegin=397 CharacterOffsetEnd=400 PartOfSpeech=PROPN Lemma=dad NamedEntityTag=MISC]
[Text=Autónoma CharacterOffsetBegin=401 CharacterOffsetEnd=409 PartOfSpeech=PROPN Lemma=autónoma NamedEntityTag=MISC]
[Text=de CharacterOffsetBegin=410 CharacterOffsetEnd=412 PartOfSpeech=ADP Lemma=de NamedEntityTag=MISC]
[Text=Guerero CharacterOffsetBegin=413 CharacterOffsetEnd=420 PartOfSpeech=PROPN Lemma=guerero NamedEntityTag=MISC]
[Text=, CharacterOffsetBegin=420 CharacterOffsetEnd=421 PartOfSpeech=PUNCT Lemma=, NamedEntityTag=O]
[Text=organizada CharacterOffsetBegin=422 CharacterOffsetEnd=432 PartOfSpeech=ADJ Lemma=organizada NamedEntityTag=O]
[Text=por CharacterOffsetBegin=433 CharacterOffsetEnd=436 PartOfSpeech=ADP Lemma=por NamedEntityTag=O]
[Text=el CharacterOffsetBegin=437 CharacterOffsetEnd=439 PartOfSpeech=DET Lemma=el NamedEntityTag=O]
[Text=PCM CharacterOffsetBegin=440 CharacterOffsetEnd=443 PartOfSpeech=PROPN Lemma=pcm NamedEntityTag=ORGANIZATION]
[Text=En CharacterOffsetBegin=444 CharacterOffsetEnd=446 PartOfSpeech=ADP Lemma=en NamedEntityTag=O]
[Text=Chalita CharacterOffsetBegin=447 CharacterOffsetEnd=454 PartOfSpeech=PROPN Lemma=chalita NamedEntityTag=LOCATION]
[Text=, CharacterOffsetBegin=454 CharacterOffsetEnd=455 PartOfSpeech=PUNCT Lemma=, NamedEntityTag=O]
[Text=a CharacterOffsetBegin=456 CharacterOffsetEnd=457 PartOfSpeech=ADP Lemma=a NamedEntityTag=O]
[Text=causas CharacterOffsetBegin=458 CharacterOffsetEnd=464 PartOfSpeech=NOUN Lemma=causas NamedEntityTag=O]
[Text=de CharacterOffsetBegin=465 CharacterOffsetEnd=467 PartOfSpeech=ADP Lemma=de NamedEntityTag=O]
[Text=las CharacterOffsetBegin=468 CharacterOffsetEnd=471 PartOfSpeech=DET Lemma=las NamedEntityTag=O]
[Text=inclemencias CharacterOffsetBegin=472 CharacterOffsetEnd=484 PartOfSpeech=NOUN Lemma=inclemencias NamedEntityTag=O]
[Text=del CharacterOffsetBegin=485 CharacterOffsetEnd=488 PartOfSpeech=ADP Lemma=del NamedEntityTag=O]
[Text=-- CharacterOffsetBegin=489 CharacterOffsetEnd=491 PartOfSpeech=NUM Lemma=-- NamedEntityTag=O]
[Text=tiempo CharacterOffsetBegin=492 CharacterOffsetEnd=498 PartOfSpeech=NOUN Lemma=tiempo NamedEntityTag=O]
[Text=se CharacterOffsetBegin=499 CharacterOffsetEnd=501 PartOfSpeech=PRON Lemma=se NamedEntityTag=O]
[Text=refugiaron CharacterOffsetBegin=502 CharacterOffsetEnd=512 PartOfSpeech=VERB Lemma=refugiaron NamedEntityTag=O]
[Text=en CharacterOffsetBegin=513 CharacterOffsetEnd=515 PartOfSpeech=ADP Lemma=en NamedEntityTag=O]
[Text=dos CharacterOffsetBegin=516 CharacterOffsetEnd=519 PartOfSpeech=NUM Lemma=dos NamedEntityTag=NUMBER]
[Text=escuelas CharacterOffsetBegin=520 CharacterOffsetEnd=528 PartOfSpeech=NOUN Lemma=escuelas NamedEntityTag=O]
[Text=de CharacterOffsetBegin=529 CharacterOffsetEnd=531 PartOfSpeech=ADP Lemma=de NamedEntityTag=O]
[Text=la CharacterOffsetBegin=532 CharacterOffsetEnd=534 PartOfSpeech=DET Lemma=la NamedEntityTag=O]
[Text=pobla CharacterOffsetBegin=535 CharacterOffsetEnd=540 PartOfSpeech=NOUN Lemma=pobla NamedEntityTag=O]
[Text=ción CharacterOffsetBegin=541 CharacterOffsetEnd=545 PartOfSpeech=NOUN Lemma=ción NamedEntityTag=O]
[Text=, CharacterOffsetBegin=545 CharacterOffsetEnd=546 PartOfSpeech=PUNCT Lemma=, NamedEntityTag=O]
[Text=utilizandolos CharacterOffsetBegin=547 CharacterOffsetEnd=560 PartOfSpeech=NOUN Lemma=utilizandolos NamedEntityTag=O]
[Text=para CharacterOffsetBegin=561 CharacterOffsetEnd=565 PartOfSpeech=ADP Lemma=para NamedEntityTag=O]
[Text=dormir CharacterOffsetBegin=566 CharacterOffsetEnd=572 PartOfSpeech=VERB Lemma=dormir NamedEntityTag=O]
[Text=. CharacterOffsetBegin=572 CharacterOffsetEnd=573 PartOfSpeech=PUNCT Lemma=. NamedEntityTag=O]

Dependency Parse (enhanced plus plus dependencies):
root(ROOT-0, continúa-5)
punct(continúa-5, --1)
det(2-3, El-2)
nsubj(continúa-5, 2-3)
amod(2-3, actual-4)
det(caravana-7, la-6)
obj(continúa-5, caravana-7)
case(estudiantes-10, de-8)
punct(estudiantes-10, --9)
nmod(caravana-7, estudiantes-10)
cc(profesores-13, y-11)
det(profesores-13, algunos-12)
nmod(caravana-7, profesores-13)
conj:y(estudiantes-10, profesores-13)
case(Universi-16, de-14)
det(Universi-16, la-15)
nmod(estudiantes-10, Universi-16)
flat(Universi-16, dad-17)
flat(Universi-16, Autónoma-18)
case(Guerero-20, de-19)
flat(Universi-16, Guerero-20)
punct(organizada-22, ,-21)
amod(estudiantes-10, organizada-22)
case(PCM-25, por-23)
det(PCM-25, el-24)
obj(organizada-22, PCM-25)
case(Chalita-27, En-26)
flat(PCM-25, Chalita-27)
punct(organizada-22, ,-28)
case(causas-30, a-29)
nmod(estudiantes-10, causas-30)
case(inclemencias-33, de-31)
det(inclemencias-33, las-32)
nmod(causas-30, inclemencias-33)
case(tiempo-36, del-34)
nummod(tiempo-36, ---35)
nmod(inclemencias-33, tiempo-36)
obj(refugiaron-38, se-37)
advcl(continúa-5, refugiaron-38)
case(escuelas-41, en-39)
nummod(escuelas-41, dos-40)
obl(refugiaron-38, escuelas-41)
case(pobla-44, de-42)
det(pobla-44, la-43)
nmod(escuelas-41, pobla-44)
appos(pobla-44, ción-45)
punct(utilizandolos-47, ,-46)
appos(escuelas-41, utilizandolos-47)
mark(dormir-49, para-48)
acl(utilizandolos-47, dormir-49)
punct(continúa-5, .-50)

Extracted the following NER entity mentions:
2	NUMBER	NUMBER:-1.0
Universi
dad Autónoma de Guerero	MISC	MISC:0.8127476552372359
PCM	ORGANIZATION	ORGANIZATION:0.8176649556100166
Chalita	LOCATION	LOCATION:0.8730915475852115
dos	NUMBER	-

Sentence #7 (33 tokens):
Ya que alrededor
de 200 de ellos, unos regresaron a Chilpancingo-
y otros por sus propios medios que estaban muy--
agotados, pero que ahí los esperarían, asimismo--

Tokens:
[Text=Ya CharacterOffsetBegin=573 CharacterOffsetEnd=575 PartOfSpeech=ADV Lemma=ya NamedEntityTag=O]
[Text=que CharacterOffsetBegin=576 CharacterOffsetEnd=579 PartOfSpeech=SCONJ Lemma=que NamedEntityTag=O]
[Text=alrededor CharacterOffsetBegin=580 CharacterOffsetEnd=589 PartOfSpeech=ADV Lemma=alrededor NamedEntityTag=O]
[Text=de CharacterOffsetBegin=590 CharacterOffsetEnd=592 PartOfSpeech=ADP Lemma=de NamedEntityTag=O]
[Text=200 CharacterOffsetBegin=593 CharacterOffsetEnd=596 PartOfSpeech=NUM Lemma=200 NamedEntityTag=NUMBER NormalizedNamedEntityTag=200.0]
[Text=de CharacterOffsetBegin=597 CharacterOffsetEnd=599 PartOfSpeech=ADP Lemma=de NamedEntityTag=O]
[Text=ellos CharacterOffsetBegin=600 CharacterOffsetEnd=605 PartOfSpeech=PRON Lemma=ellos NamedEntityTag=O]
[Text=, CharacterOffsetBegin=605 CharacterOffsetEnd=606 PartOfSpeech=PUNCT Lemma=, NamedEntityTag=O]
[Text=unos CharacterOffsetBegin=607 CharacterOffsetEnd=611 PartOfSpeech=DET Lemma=unos NamedEntityTag=O]
[Text=regresaron CharacterOffsetBegin=612 CharacterOffsetEnd=622 PartOfSpeech=VERB Lemma=regresaron NamedEntityTag=O]
[Text=a CharacterOffsetBegin=623 CharacterOffsetEnd=624 PartOfSpeech=ADP Lemma=a NamedEntityTag=O]
[Text=Chilpancingo CharacterOffsetBegin=625 CharacterOffsetEnd=637 PartOfSpeech=PROPN Lemma=chilpancingo NamedEntityTag=LOCATION]
[Text=- CharacterOffsetBegin=637 CharacterOffsetEnd=638 PartOfSpeech=PUNCT Lemma=- NamedEntityTag=LOCATION]
[Text=y CharacterOffsetBegin=639 CharacterOffsetEnd=640 PartOfSpeech=CCONJ Lemma=y NamedEntityTag=O]
[Text=otros CharacterOffsetBegin=641 CharacterOffsetEnd=646 PartOfSpeech=PRON Lemma=otros NamedEntityTag=O]
[Text=por CharacterOffsetBegin=647 CharacterOffsetEnd=650 PartOfSpeech=ADP Lemma=por NamedEntityTag=O]
[Text=sus CharacterOffsetBegin=651 CharacterOffsetEnd=654 PartOfSpeech=DET Lemma=sus NamedEntityTag=O]
[Text=propios CharacterOffsetBegin=655 CharacterOffsetEnd=662 PartOfSpeech=DET Lemma=propios NamedEntityTag=O]
[Text=medios CharacterOffsetBegin=663 CharacterOffsetEnd=669 PartOfSpeech=NOUN Lemma=medios NamedEntityTag=O]
[Text=que CharacterOffsetBegin=670 CharacterOffsetEnd=673 PartOfSpeech=PRON Lemma=que NamedEntityTag=O]
[Text=estaban CharacterOffsetBegin=674 CharacterOffsetEnd=681 PartOfSpeech=AUX Lemma=estaban NamedEntityTag=O]
[Text=muy CharacterOffsetBegin=682 CharacterOffsetEnd=685 PartOfSpeech=ADV Lemma=muy NamedEntityTag=O]
[Text=-- CharacterOffsetBegin=685 CharacterOffsetEnd=687 PartOfSpeech=NUM Lemma=-- NamedEntityTag=O]
[Text=agotados CharacterOffsetBegin=688 CharacterOffsetEnd=696 PartOfSpeech=ADJ Lemma=agotados NamedEntityTag=O]
[Text=, CharacterOffsetBegin=696 CharacterOffsetEnd=697 PartOfSpeech=PUNCT Lemma=, NamedEntityTag=O]
[Text=pero CharacterOffsetBegin=698 CharacterOffsetEnd=702 PartOfSpeech=CCONJ Lemma=pero NamedEntityTag=O]
[Text=que CharacterOffsetBegin=703 CharacterOffsetEnd=706 PartOfSpeech=SCONJ Lemma=que NamedEntityTag=O]
[Text=ahí CharacterOffsetBegin=707 CharacterOffsetEnd=710 PartOfSpeech=ADV Lemma=ahí NamedEntityTag=O]
[Text=los CharacterOffsetBegin=711 CharacterOffsetEnd=714 PartOfSpeech=DET Lemma=los NamedEntityTag=O]
[Text=esperarían CharacterOffsetBegin=715 CharacterOffsetEnd=725 PartOfSpeech=NOUN Lemma=esperarían NamedEntityTag=O]
[Text=, CharacterOffsetBegin=725 CharacterOffsetEnd=726 PartOfSpeech=PUNCT Lemma=, NamedEntityTag=O]
[Text=asimismo CharacterOffsetBegin=727 CharacterOffsetEnd=735 PartOfSpeech=ADV Lemma=asimismo NamedEntityTag=O]
[Text=-- CharacterOffsetBegin=735 CharacterOffsetEnd=737 PartOfSpeech=NUM Lemma=-- NamedEntityTag=O]

Dependency Parse (enhanced plus plus dependencies):
root(ROOT-0, ---33)
mark(regresaron-10, Ya-1)
fixed(Ya-1, que-2)
case(200-5, alrededor-3)
fixed(alrededor-3, de-4)
obl(regresaron-10, 200-5)
case(ellos-7, de-6)
nmod(200-5, ellos-7)
punct(200-5, ,-8)
obj(regresaron-10, unos-9)
advcl(---33, regresaron-10)
case(Chilpancingo-12, a-11)
obl(regresaron-10, Chilpancingo-12)
punct(otros-15, --13)
cc(otros-15, y-14)
conj:y(regresaron-10, otros-15)
advcl(---33, otros-15)
case(medios-19, por-16)
det(medios-19, sus-17)
det(sus-17, propios-18)
nmod(otros-15, medios-19)
nsubj(---23, que-20)
cop(---23, estaban-21)
advmod(---23, muy-22)
acl(medios-19, ---23)
amod(---23, agotados-24)
punct(esperarían-30, ,-25)
cc(---33''', pero-26)
mark(esperarían-30, que-27)
advmod(esperarían-30, ahí-28)
det(esperarían-30, los-29)
advcl(---33''', esperarían-30)
punct(regresaron-10, ,-31)
advmod(---33, asimismo-32)
conj:pero(---33, ---33''')

Extracted the following NER entity mentions:
200	NUMBER	NUMBER:-1.0
Chilpancingo-	LOCATION	LOCATION:0.365502871490055
