Document: ID=file_88.txt (2 sentences, 175 tokens)

Sentence #1 (40 tokens):
ocasiones la reproducción mecanográfica de algunos es-
critos,-entre los que puede recordar el “Anteproyecto -
de comunicado", la "convocatoria","el comunicado del-
partido de los pobres”.

Tokens:
[Text=ocasiones CharacterOffsetBegin=0 CharacterOffsetEnd=9 PartOfSpeech=NOUN Lemma=ocasiones NamedEntityTag=O]
[Text=la CharacterOffsetBegin=10 CharacterOffsetEnd=12 PartOfSpeech=DET Lemma=la NamedEntityTag=O]
[Text=reproducción CharacterOffsetBegin=13 CharacterOffsetEnd=25 PartOfSpeech=NOUN Lemma=reproducción NamedEntityTag=O]
[Text=mecanográfica CharacterOffsetBegin=26 CharacterOffsetEnd=39 PartOfSpeech=ADJ Lemma=mecanográfica NamedEntityTag=O]
[Text=de CharacterOffsetBegin=40 CharacterOffsetEnd=42 PartOfSpeech=ADP Lemma=de NamedEntityTag=O]
[Text=algunos CharacterOffsetBegin=43 CharacterOffsetEnd=50 PartOfSpeech=PRON Lemma=algunos NamedEntityTag=O]
[Text=es CharacterOffsetBegin=51 CharacterOffsetEnd=53 PartOfSpeech=AUX Lemma=es NamedEntityTag=O]
[Text=- CharacterOffsetBegin=53 CharacterOffsetEnd=54 PartOfSpeech=PUNCT Lemma=- NamedEntityTag=O]
[Text=critos CharacterOffsetBegin=55 CharacterOffsetEnd=61 PartOfSpeech=ADJ Lemma=critos NamedEntityTag=O]
[Text=, CharacterOffsetBegin=61 CharacterOffsetEnd=62 PartOfSpeech=PUNCT Lemma=, NamedEntityTag=O]
[Text=- CharacterOffsetBegin=62 CharacterOffsetEnd=63 PartOfSpeech=PUNCT Lemma=- NamedEntityTag=O]
[Text=entre CharacterOffsetBegin=63 CharacterOffsetEnd=68 PartOfSpeech=ADP Lemma=entre NamedEntityTag=O]
[Text=los CharacterOffsetBegin=69 CharacterOffsetEnd=72 PartOfSpeech=DET Lemma=los NamedEntityTag=O]
[Text=que CharacterOffsetBegin=73 CharacterOffsetEnd=76 PartOfSpeech=PRON Lemma=que NamedEntityTag=O]
[Text=puede CharacterOffsetBegin=77 CharacterOffsetEnd=82 PartOfSpeech=AUX Lemma=puede NamedEntityTag=O]
[Text=recordar CharacterOffsetBegin=83 CharacterOffsetEnd=91 PartOfSpeech=VERB Lemma=recordar NamedEntityTag=O]
[Text=el CharacterOffsetBegin=92 CharacterOffsetEnd=94 PartOfSpeech=DET Lemma=el NamedEntityTag=O]
[Text=" CharacterOffsetBegin=95 CharacterOffsetEnd=96 PartOfSpeech=PUNCT Lemma=" NamedEntityTag=O]
[Text=Anteproyecto CharacterOffsetBegin=96 CharacterOffsetEnd=108 PartOfSpeech=PROPN Lemma=anteproyecto NamedEntityTag=O]
[Text=- CharacterOffsetBegin=109 CharacterOffsetEnd=110 PartOfSpeech=PUNCT Lemma=- NamedEntityTag=O]
[Text=de CharacterOffsetBegin=111 CharacterOffsetEnd=113 PartOfSpeech=ADP Lemma=de NamedEntityTag=O]
[Text=comunicado CharacterOffsetBegin=114 CharacterOffsetEnd=124 PartOfSpeech=NOUN Lemma=comunicado NamedEntityTag=O]
[Text=" CharacterOffsetBegin=124 CharacterOffsetEnd=125 PartOfSpeech=PUNCT Lemma=" NamedEntityTag=O]
[Text=, CharacterOffsetBegin=125 CharacterOffsetEnd=126 PartOfSpeech=PUNCT Lemma=, NamedEntityTag=O]
[Text=la CharacterOffsetBegin=127 CharacterOffsetEnd=129 PartOfSpeech=DET Lemma=la NamedEntityTag=O]
[Text=" CharacterOffsetBegin=130 CharacterOffsetEnd=131 PartOfSpeech=PUNCT Lemma=" NamedEntityTag=O]
[Text=convocatoria CharacterOffsetBegin=131 CharacterOffsetEnd=143 PartOfSpeech=NOUN Lemma=convocatoria NamedEntityTag=O]
[Text=" CharacterOffsetBegin=143 CharacterOffsetEnd=144 PartOfSpeech=PUNCT Lemma=" NamedEntityTag=O]
[Text=, CharacterOffsetBegin=144 CharacterOffsetEnd=145 PartOfSpeech=PUNCT Lemma=, NamedEntityTag=O]
[Text=" CharacterOffsetBegin=145 CharacterOffsetEnd=146 PartOfSpeech=PUNCT Lemma=" NamedEntityTag=O]
[Text=el CharacterOffsetBegin=146 CharacterOffsetEnd=148 PartOfSpeech=DET Lemma=el NamedEntityTag=O]
[Text=comunicado CharacterOffsetBegin=149 CharacterOffsetEnd=159 PartOfSpeech=NOUN Lemma=comunicado NamedEntityTag=O]
[Text=del CharacterOffsetBegin=160 CharacterOffsetEnd=163 PartOfSpeech=ADP Lemma=del NamedEntityTag=O]
[Text=- CharacterOffsetBegin=163 CharacterOffsetEnd=164 PartOfSpeech=PUNCT Lemma=- NamedEntityTag=O]
[Text=partido CharacterOffsetBegin=165 CharacterOffsetEnd=172 PartOfSpeech=NOUN Lemma=partido NamedEntityTag=O]
[Text=de CharacterOffsetBegin=173 CharacterOffsetEnd=175 PartOfSpeech=ADP Lemma=de NamedEntityTag=O]
[Text=los CharacterOffsetBegin=176 CharacterOffsetEnd=179 PartOfSpeech=DET Lemma=los NamedEntityTag=O]
[Text=pobres CharacterOffsetBegin=180 CharacterOffsetEnd=186 PartOfSpeech=NOUN Lemma=pobres NamedEntityTag=O]
[Text=" CharacterOffsetBegin=186 CharacterOffsetEnd=187 PartOfSpeech=PUNCT Lemma=" NamedEntityTag=O]
[Text=. CharacterOffsetBegin=187 CharacterOffsetEnd=188 PartOfSpeech=PUNCT Lemma=. NamedEntityTag=O]

Dependency Parse (enhanced plus plus dependencies):
root(ROOT-0, critos-9)
obl(critos-9, ocasiones-1)
det(reproducción-3, la-2)
nsubj(critos-9, reproducción-3)
amod(reproducción-3, mecanográfica-4)
case(algunos-6, de-5)
nmod(reproducción-3, algunos-6)
cop(critos-9, es-7)
punct(critos-9, --8)
punct(recordar-16, ,-10)
punct(recordar-16, --11)
case(que-14, entre-12)
det(que-14, los-13)
obl(recordar-16, que-14)
aux(recordar-16, puede-15)
advcl(critos-9, recordar-16)
det(Anteproyecto-19, el-17)
punct(Anteproyecto-19, "-18)
obj(recordar-16, Anteproyecto-19)
punct(Anteproyecto-19, --20)
case(comunicado-22, de-21)
nmod(Anteproyecto-19, comunicado-22)
punct(Anteproyecto-19, "-23)
punct(convocatoria-27, ,-24)
det(convocatoria-27, la-25)
punct(convocatoria-27, "-26)
appos(Anteproyecto-19, convocatoria-27)
punct(convocatoria-27, "-28)
punct(convocatoria-27, ,-29)
punct(recordar-16, "-30)
det(comunicado-32, el-31)
obj(recordar-16, comunicado-32)
case(partido-35, del-33)
punct(partido-35, --34)
nmod(comunicado-32, partido-35)
case(pobres-38, de-36)
det(pobres-38, los-37)
nmod(partido-35, pobres-38)
punct(partido-35, "-39)
punct(critos-9, .-40)

Extracted the following NER entity mentions:

Sentence #2 (135 tokens):
Que en ese mismo mes de enero-
la declarante mudó su domicilio a las calles de Belgra
do en Portales, D.F. sin recordar el número y vivió --
allí durante ese mes y el siguiente, haciendo notar --
que ya SALAS OBREGON le había dicho que se preparara
para ser trasladada a otra Entidad de la República, ya
que en el D.F. se estaba desaprovechando a la gente y-
que era menester organizarse a nivel nacional para lo-
grar una unificación de elementos que con el carácter-
de subversivo iniciaran y propiciaran la lucha contra-
el Gobierno establecido con miras a destituírlo e im-
plantar un sistema político basado en el marxismo-leni
nismo; a lo qual la emitente se adhirió y aceptó ser -

Tokens:
[Text=Que CharacterOffsetBegin=189 CharacterOffsetEnd=192 PartOfSpeech=SCONJ Lemma=que NamedEntityTag=O]
[Text=en CharacterOffsetBegin=193 CharacterOffsetEnd=195 PartOfSpeech=ADP Lemma=en NamedEntityTag=O]
[Text=ese CharacterOffsetBegin=196 CharacterOffsetEnd=199 PartOfSpeech=DET Lemma=ese NamedEntityTag=O]
[Text=mismo CharacterOffsetBegin=200 CharacterOffsetEnd=205 PartOfSpeech=DET Lemma=mismo NamedEntityTag=O]
[Text=mes CharacterOffsetBegin=206 CharacterOffsetEnd=209 PartOfSpeech=NOUN Lemma=mes NamedEntityTag=O]
[Text=de CharacterOffsetBegin=210 CharacterOffsetEnd=212 PartOfSpeech=ADP Lemma=de NamedEntityTag=O]
[Text=enero CharacterOffsetBegin=213 CharacterOffsetEnd=218 PartOfSpeech=NOUN Lemma=enero NamedEntityTag=O]
[Text=- CharacterOffsetBegin=218 CharacterOffsetEnd=219 PartOfSpeech=PUNCT Lemma=- NamedEntityTag=O]
[Text=la CharacterOffsetBegin=220 CharacterOffsetEnd=222 PartOfSpeech=DET Lemma=la NamedEntityTag=O]
[Text=declarante CharacterOffsetBegin=223 CharacterOffsetEnd=233 PartOfSpeech=NOUN Lemma=declarante NamedEntityTag=O]
[Text=mudó CharacterOffsetBegin=234 CharacterOffsetEnd=238 PartOfSpeech=VERB Lemma=mudó NamedEntityTag=O]
[Text=su CharacterOffsetBegin=239 CharacterOffsetEnd=241 PartOfSpeech=DET Lemma=su NamedEntityTag=O]
[Text=domicilio CharacterOffsetBegin=242 CharacterOffsetEnd=251 PartOfSpeech=NOUN Lemma=domicilio NamedEntityTag=O]
[Text=a CharacterOffsetBegin=252 CharacterOffsetEnd=253 PartOfSpeech=ADP Lemma=a NamedEntityTag=O]
[Text=las CharacterOffsetBegin=254 CharacterOffsetEnd=257 PartOfSpeech=DET Lemma=las NamedEntityTag=O]
[Text=calles CharacterOffsetBegin=258 CharacterOffsetEnd=264 PartOfSpeech=NOUN Lemma=calles NamedEntityTag=O]
[Text=de CharacterOffsetBegin=265 CharacterOffsetEnd=267 PartOfSpeech=ADP Lemma=de NamedEntityTag=O]
[Text=Belgra CharacterOffsetBegin=268 CharacterOffsetEnd=274 PartOfSpeech=PROPN Lemma=belgra NamedEntityTag=LOCATION]
[Text=do CharacterOffsetBegin=275 CharacterOffsetEnd=277 PartOfSpeech=ADP Lemma=do NamedEntityTag=O]
[Text=en CharacterOffsetBegin=278 CharacterOffsetEnd=280 PartOfSpeech=ADP Lemma=en NamedEntityTag=O]
[Text=Portales CharacterOffsetBegin=281 CharacterOffsetEnd=289 PartOfSpeech=PROPN Lemma=portales NamedEntityTag=CITY]
[Text=, CharacterOffsetBegin=289 CharacterOffsetEnd=290 PartOfSpeech=PUNCT Lemma=, NamedEntityTag=O]
[Text=D.F. CharacterOffsetBegin=291 CharacterOffsetEnd=295 PartOfSpeech=PROPN Lemma=d.f. NamedEntityTag=O]
[Text=sin CharacterOffsetBegin=296 CharacterOffsetEnd=299 PartOfSpeech=ADP Lemma=sin NamedEntityTag=O]
[Text=recordar CharacterOffsetBegin=300 CharacterOffsetEnd=308 PartOfSpeech=VERB Lemma=recordar NamedEntityTag=O]
[Text=el CharacterOffsetBegin=309 CharacterOffsetEnd=311 PartOfSpeech=DET Lemma=el NamedEntityTag=O]
[Text=número CharacterOffsetBegin=312 CharacterOffsetEnd=318 PartOfSpeech=NOUN Lemma=número NamedEntityTag=O]
[Text=y CharacterOffsetBegin=319 CharacterOffsetEnd=320 PartOfSpeech=CCONJ Lemma=y NamedEntityTag=O]
[Text=vivió CharacterOffsetBegin=321 CharacterOffsetEnd=326 PartOfSpeech=VERB Lemma=vivió NamedEntityTag=O]
[Text=-- CharacterOffsetBegin=327 CharacterOffsetEnd=329 PartOfSpeech=SCONJ Lemma=-- NamedEntityTag=O]
[Text=allí CharacterOffsetBegin=330 CharacterOffsetEnd=334 PartOfSpeech=ADV Lemma=allí NamedEntityTag=O]
[Text=durante CharacterOffsetBegin=335 CharacterOffsetEnd=342 PartOfSpeech=ADP Lemma=durante NamedEntityTag=O]
[Text=ese CharacterOffsetBegin=343 CharacterOffsetEnd=346 PartOfSpeech=DET Lemma=ese NamedEntityTag=O]
[Text=mes CharacterOffsetBegin=347 CharacterOffsetEnd=350 PartOfSpeech=NOUN Lemma=mes NamedEntityTag=O]
[Text=y CharacterOffsetBegin=351 CharacterOffsetEnd=352 PartOfSpeech=CCONJ Lemma=y NamedEntityTag=O]
[Text=el CharacterOffsetBegin=353 CharacterOffsetEnd=355 PartOfSpeech=DET Lemma=el NamedEntityTag=O]
[Text=siguiente CharacterOffsetBegin=356 CharacterOffsetEnd=365 PartOfSpeech=ADJ Lemma=siguiente NamedEntityTag=O]
[Text=, CharacterOffsetBegin=365 CharacterOffsetEnd=366 PartOfSpeech=PUNCT Lemma=, NamedEntityTag=O]
[Text=haciendo CharacterOffsetBegin=367 CharacterOffsetEnd=375 PartOfSpeech=VERB Lemma=haciendo NamedEntityTag=O]
[Text=notar CharacterOffsetBegin=376 CharacterOffsetEnd=381 PartOfSpeech=VERB Lemma=notar NamedEntityTag=O]
[Text=-- CharacterOffsetBegin=382 CharacterOffsetEnd=384 PartOfSpeech=NOUN Lemma=-- NamedEntityTag=O]
[Text=que CharacterOffsetBegin=385 CharacterOffsetEnd=388 PartOfSpeech=PRON Lemma=que NamedEntityTag=O]
[Text=ya CharacterOffsetBegin=389 CharacterOffsetEnd=391 PartOfSpeech=ADV Lemma=ya NamedEntityTag=O]
[Text=SALAS CharacterOffsetBegin=392 CharacterOffsetEnd=397 PartOfSpeech=PROPN Lemma=salas NamedEntityTag=O]
[Text=OBREGON CharacterOffsetBegin=398 CharacterOffsetEnd=405 PartOfSpeech=PROPN Lemma=obregon NamedEntityTag=O]
[Text=le CharacterOffsetBegin=406 CharacterOffsetEnd=408 PartOfSpeech=PRON Lemma=le NamedEntityTag=O]
[Text=había CharacterOffsetBegin=409 CharacterOffsetEnd=414 PartOfSpeech=AUX Lemma=había NamedEntityTag=O]
[Text=dicho CharacterOffsetBegin=415 CharacterOffsetEnd=420 PartOfSpeech=VERB Lemma=dicho NamedEntityTag=O]
[Text=que CharacterOffsetBegin=421 CharacterOffsetEnd=424 PartOfSpeech=SCONJ Lemma=que NamedEntityTag=O]
[Text=se CharacterOffsetBegin=425 CharacterOffsetEnd=427 PartOfSpeech=PRON Lemma=se NamedEntityTag=O]
[Text=preparara CharacterOffsetBegin=428 CharacterOffsetEnd=437 PartOfSpeech=VERB Lemma=preparara NamedEntityTag=O]
[Text=para CharacterOffsetBegin=438 CharacterOffsetEnd=442 PartOfSpeech=ADP Lemma=para NamedEntityTag=O]
[Text=ser CharacterOffsetBegin=443 CharacterOffsetEnd=446 PartOfSpeech=AUX Lemma=ser NamedEntityTag=O]
[Text=trasladada CharacterOffsetBegin=447 CharacterOffsetEnd=457 PartOfSpeech=VERB Lemma=trasladada NamedEntityTag=O]
[Text=a CharacterOffsetBegin=458 CharacterOffsetEnd=459 PartOfSpeech=ADP Lemma=a NamedEntityTag=O]
[Text=otra CharacterOffsetBegin=460 CharacterOffsetEnd=464 PartOfSpeech=DET Lemma=otra NamedEntityTag=O]
[Text=Entidad CharacterOffsetBegin=465 CharacterOffsetEnd=472 PartOfSpeech=NOUN Lemma=entidad NamedEntityTag=MISC]
[Text=de CharacterOffsetBegin=473 CharacterOffsetEnd=475 PartOfSpeech=ADP Lemma=de NamedEntityTag=MISC]
[Text=la CharacterOffsetBegin=476 CharacterOffsetEnd=478 PartOfSpeech=DET Lemma=la NamedEntityTag=MISC]
[Text=República CharacterOffsetBegin=479 CharacterOffsetEnd=488 PartOfSpeech=PROPN Lemma=república NamedEntityTag=MISC]
[Text=, CharacterOffsetBegin=488 CharacterOffsetEnd=489 PartOfSpeech=PUNCT Lemma=, NamedEntityTag=O]
[Text=ya CharacterOffsetBegin=490 CharacterOffsetEnd=492 PartOfSpeech=ADV Lemma=ya NamedEntityTag=O]
[Text=que CharacterOffsetBegin=493 CharacterOffsetEnd=496 PartOfSpeech=SCONJ Lemma=que NamedEntityTag=O]
[Text=en CharacterOffsetBegin=497 CharacterOffsetEnd=499 PartOfSpeech=ADP Lemma=en NamedEntityTag=O]
[Text=el CharacterOffsetBegin=500 CharacterOffsetEnd=502 PartOfSpeech=DET Lemma=el NamedEntityTag=O]
[Text=D.F. CharacterOffsetBegin=503 CharacterOffsetEnd=507 PartOfSpeech=PROPN Lemma=d.f. NamedEntityTag=O]
[Text=se CharacterOffsetBegin=508 CharacterOffsetEnd=510 PartOfSpeech=PRON Lemma=se NamedEntityTag=O]
[Text=estaba CharacterOffsetBegin=511 CharacterOffsetEnd=517 PartOfSpeech=AUX Lemma=estaba NamedEntityTag=O]
[Text=desaprovechando CharacterOffsetBegin=518 CharacterOffsetEnd=533 PartOfSpeech=VERB Lemma=desaprovechando NamedEntityTag=O]
[Text=a CharacterOffsetBegin=534 CharacterOffsetEnd=535 PartOfSpeech=ADP Lemma=a NamedEntityTag=O]
[Text=la CharacterOffsetBegin=536 CharacterOffsetEnd=538 PartOfSpeech=DET Lemma=la NamedEntityTag=O]
[Text=gente CharacterOffsetBegin=539 CharacterOffsetEnd=544 PartOfSpeech=NOUN Lemma=gente NamedEntityTag=O]
[Text=y CharacterOffsetBegin=545 CharacterOffsetEnd=546 PartOfSpeech=CCONJ Lemma=y NamedEntityTag=O]
[Text=- CharacterOffsetBegin=546 CharacterOffsetEnd=547 PartOfSpeech=PUNCT Lemma=- NamedEntityTag=O]
[Text=que CharacterOffsetBegin=548 CharacterOffsetEnd=551 PartOfSpeech=SCONJ Lemma=que NamedEntityTag=O]
[Text=era CharacterOffsetBegin=552 CharacterOffsetEnd=555 PartOfSpeech=AUX Lemma=era NamedEntityTag=O]
[Text=menester CharacterOffsetBegin=556 CharacterOffsetEnd=564 PartOfSpeech=ADJ Lemma=menester NamedEntityTag=O]
[Text=organizar CharacterOffsetBegin=565 CharacterOffsetEnd=576 PartOfSpeech=VERB Lemma=organizar NamedEntityTag=O]
[Text=se CharacterOffsetBegin=565 CharacterOffsetEnd=576 PartOfSpeech=PRON Lemma=se NamedEntityTag=O]
[Text=a CharacterOffsetBegin=577 CharacterOffsetEnd=578 PartOfSpeech=ADP Lemma=a NamedEntityTag=O]
[Text=nivel CharacterOffsetBegin=579 CharacterOffsetEnd=584 PartOfSpeech=NOUN Lemma=nivel NamedEntityTag=O]
[Text=nacional CharacterOffsetBegin=585 CharacterOffsetEnd=593 PartOfSpeech=ADJ Lemma=nacional NamedEntityTag=O]
[Text=para CharacterOffsetBegin=594 CharacterOffsetEnd=598 PartOfSpeech=ADP Lemma=para NamedEntityTag=O]
[Text=lo CharacterOffsetBegin=599 CharacterOffsetEnd=601 PartOfSpeech=PRON Lemma=lo NamedEntityTag=O]
[Text=- CharacterOffsetBegin=601 CharacterOffsetEnd=602 PartOfSpeech=PUNCT Lemma=- NamedEntityTag=O]
[Text=grar CharacterOffsetBegin=603 CharacterOffsetEnd=607 PartOfSpeech=VERB Lemma=grar NamedEntityTag=O]
[Text=una CharacterOffsetBegin=608 CharacterOffsetEnd=611 PartOfSpeech=DET Lemma=una NamedEntityTag=O]
[Text=unificación CharacterOffsetBegin=612 CharacterOffsetEnd=623 PartOfSpeech=NOUN Lemma=unificación NamedEntityTag=O]
[Text=de CharacterOffsetBegin=624 CharacterOffsetEnd=626 PartOfSpeech=ADP Lemma=de NamedEntityTag=O]
[Text=elementos CharacterOffsetBegin=627 CharacterOffsetEnd=636 PartOfSpeech=NOUN Lemma=elementos NamedEntityTag=O]
[Text=que CharacterOffsetBegin=637 CharacterOffsetEnd=640 PartOfSpeech=PRON Lemma=que NamedEntityTag=O]
[Text=con CharacterOffsetBegin=641 CharacterOffsetEnd=644 PartOfSpeech=ADP Lemma=con NamedEntityTag=O]
[Text=el CharacterOffsetBegin=645 CharacterOffsetEnd=647 PartOfSpeech=DET Lemma=el NamedEntityTag=O]
[Text=carácter CharacterOffsetBegin=648 CharacterOffsetEnd=656 PartOfSpeech=NOUN Lemma=carácter NamedEntityTag=O]
[Text=- CharacterOffsetBegin=656 CharacterOffsetEnd=657 PartOfSpeech=PUNCT Lemma=- NamedEntityTag=O]
[Text=de CharacterOffsetBegin=658 CharacterOffsetEnd=660 PartOfSpeech=ADP Lemma=de NamedEntityTag=O]
[Text=subversivo CharacterOffsetBegin=661 CharacterOffsetEnd=671 PartOfSpeech=ADJ Lemma=subversivo NamedEntityTag=O]
[Text=iniciaran CharacterOffsetBegin=672 CharacterOffsetEnd=681 PartOfSpeech=VERB Lemma=iniciaran NamedEntityTag=O]
[Text=y CharacterOffsetBegin=682 CharacterOffsetEnd=683 PartOfSpeech=CCONJ Lemma=y NamedEntityTag=O]
[Text=propiciaran CharacterOffsetBegin=684 CharacterOffsetEnd=695 PartOfSpeech=VERB Lemma=propiciaran NamedEntityTag=O]
[Text=la CharacterOffsetBegin=696 CharacterOffsetEnd=698 PartOfSpeech=DET Lemma=la NamedEntityTag=O]
[Text=lucha CharacterOffsetBegin=699 CharacterOffsetEnd=704 PartOfSpeech=NOUN Lemma=lucha NamedEntityTag=O]
[Text=contra CharacterOffsetBegin=705 CharacterOffsetEnd=711 PartOfSpeech=ADP Lemma=contra NamedEntityTag=O]
[Text=- CharacterOffsetBegin=711 CharacterOffsetEnd=712 PartOfSpeech=PUNCT Lemma=- NamedEntityTag=O]
[Text=el CharacterOffsetBegin=713 CharacterOffsetEnd=715 PartOfSpeech=DET Lemma=el NamedEntityTag=O]
[Text=Gobierno CharacterOffsetBegin=716 CharacterOffsetEnd=724 PartOfSpeech=PROPN Lemma=gobierno NamedEntityTag=ORGANIZATION]
[Text=establecido CharacterOffsetBegin=725 CharacterOffsetEnd=736 PartOfSpeech=ADJ Lemma=establecido NamedEntityTag=O]
[Text=con CharacterOffsetBegin=737 CharacterOffsetEnd=740 PartOfSpeech=ADP Lemma=con NamedEntityTag=O]
[Text=miras CharacterOffsetBegin=741 CharacterOffsetEnd=746 PartOfSpeech=NOUN Lemma=miras NamedEntityTag=O]
[Text=a CharacterOffsetBegin=747 CharacterOffsetEnd=748 PartOfSpeech=ADP Lemma=a NamedEntityTag=O]
[Text=destituírlo CharacterOffsetBegin=749 CharacterOffsetEnd=760 PartOfSpeech=NOUN Lemma=destituírlo NamedEntityTag=O]
[Text=e CharacterOffsetBegin=761 CharacterOffsetEnd=762 PartOfSpeech=CCONJ Lemma=e NamedEntityTag=O]
[Text=im CharacterOffsetBegin=763 CharacterOffsetEnd=765 PartOfSpeech=NOUN Lemma=im NamedEntityTag=O]
[Text=- CharacterOffsetBegin=765 CharacterOffsetEnd=766 PartOfSpeech=PUNCT Lemma=- NamedEntityTag=O]
[Text=plantar CharacterOffsetBegin=767 CharacterOffsetEnd=774 PartOfSpeech=VERB Lemma=plantar NamedEntityTag=O]
[Text=un CharacterOffsetBegin=775 CharacterOffsetEnd=777 PartOfSpeech=DET Lemma=un NamedEntityTag=O]
[Text=sistema CharacterOffsetBegin=778 CharacterOffsetEnd=785 PartOfSpeech=NOUN Lemma=sistema NamedEntityTag=O]
[Text=político CharacterOffsetBegin=786 CharacterOffsetEnd=794 PartOfSpeech=ADJ Lemma=político NamedEntityTag=O]
[Text=basado CharacterOffsetBegin=795 CharacterOffsetEnd=801 PartOfSpeech=ADJ Lemma=basado NamedEntityTag=O]
[Text=en CharacterOffsetBegin=802 CharacterOffsetEnd=804 PartOfSpeech=ADP Lemma=en NamedEntityTag=O]
[Text=el CharacterOffsetBegin=805 CharacterOffsetEnd=807 PartOfSpeech=DET Lemma=el NamedEntityTag=O]
[Text=marxismo-leni CharacterOffsetBegin=808 CharacterOffsetEnd=821 PartOfSpeech=NOUN Lemma=marxismo-leni NamedEntityTag=O]
[Text=nismo CharacterOffsetBegin=822 CharacterOffsetEnd=827 PartOfSpeech=ADJ Lemma=nismo NamedEntityTag=O]
[Text=; CharacterOffsetBegin=827 CharacterOffsetEnd=828 PartOfSpeech=PUNCT Lemma=; NamedEntityTag=O]
[Text=a CharacterOffsetBegin=829 CharacterOffsetEnd=830 PartOfSpeech=ADP Lemma=a NamedEntityTag=O]
[Text=lo CharacterOffsetBegin=831 CharacterOffsetEnd=833 PartOfSpeech=DET Lemma=lo NamedEntityTag=O]
[Text=qual CharacterOffsetBegin=834 CharacterOffsetEnd=838 PartOfSpeech=NOUN Lemma=qual NamedEntityTag=O]
[Text=la CharacterOffsetBegin=839 CharacterOffsetEnd=841 PartOfSpeech=DET Lemma=la NamedEntityTag=O]
[Text=emitente CharacterOffsetBegin=842 CharacterOffsetEnd=850 PartOfSpeech=NOUN Lemma=emitente NamedEntityTag=O]
[Text=se CharacterOffsetBegin=851 CharacterOffsetEnd=853 PartOfSpeech=PRON Lemma=se NamedEntityTag=O]
[Text=adhirió CharacterOffsetBegin=854 CharacterOffsetEnd=861 PartOfSpeech=VERB Lemma=adhirió NamedEntityTag=O]
[Text=y CharacterOffsetBegin=862 CharacterOffsetEnd=863 PartOfSpeech=CCONJ Lemma=y NamedEntityTag=O]
[Text=aceptó CharacterOffsetBegin=864 CharacterOffsetEnd=870 PartOfSpeech=VERB Lemma=aceptó NamedEntityTag=O]
[Text=ser CharacterOffsetBegin=871 CharacterOffsetEnd=874 PartOfSpeech=AUX Lemma=ser NamedEntityTag=O]
[Text=- CharacterOffsetBegin=875 CharacterOffsetEnd=876 PartOfSpeech=PUNCT Lemma=- NamedEntityTag=O]

Dependency Parse (enhanced plus plus dependencies):
root(ROOT-0, grar-86)
csubj(menester-77, organizar-78)
obj(organizar-78, se-79)
mark(mudó-11, Que-1)
case(mes-5, en-2)
det(mes-5, ese-3)
det(ese-3, mismo-4)
obl(mudó-11, mes-5)
case(enero-7, de-6)
compound(mes-5, enero-7)
punct(mudó-11, --8)
det(declarante-10, la-9)
nsubj(mudó-11, declarante-10)
advcl(grar-86, mudó-11)
conj:y(mudó-11, mudó-11''')
advcl(grar-86, mudó-11''')
det(domicilio-13, su-12)
obj(mudó-11, domicilio-13)
case(calles-16, a-14)
det(calles-16, las-15)
obl(mudó-11, calles-16)
case(Belgra-18, de-17)
nmod(calles-16, Belgra-18)
case(Portales-21, do-19)
case(Portales-21, en-20)
nmod(calles-16, Portales-21)
punct(D.F.-23, ,-22)
appos(calles-16, D.F.-23)
mark(recordar-25, sin-24)
acl(D.F.-23, recordar-25)
det(número-27, el-26)
obj(recordar-25, número-27)
cc(vivió-29, y-28)
appos(calles-16, vivió-29)
conj:y(D.F.-23, vivió-29)
mark(haciendo-39, ---30)
advmod(haciendo-39, allí-31)
case(mes-34, durante-32)
det(mes-34, ese-33)
obl(allí-31, mes-34)
cc(siguiente-37, y-35)
det(siguiente-37, el-36)
conj:y(allí-31, siguiente-37)
advmod(haciendo-39, siguiente-37)
punct(allí-31, ,-38)
advcl(vivió-29, haciendo-39)
xcomp(haciendo-39, notar-40)
obj(notar-40, ---41)
obl(dicho-48, que-42)
advmod(dicho-48, ya-43)
nsubj(dicho-48, SALAS-44)
flat(SALAS-44, OBREGON-45)
iobj(dicho-48, le-46)
aux(dicho-48, había-47)
acl(---41, dicho-48)
mark(preparara-51, que-49)
obj(preparara-51, se-50)
ccomp(dicho-48, preparara-51)
mark(trasladada-54, para-52)
aux(trasladada-54, ser-53)
advcl(preparara-51, trasladada-54)
case(Entidad-57, a-55)
det(Entidad-57, otra-56)
obl(trasladada-54, Entidad-57)
case(República-60, de-58)
det(República-60, la-59)
nmod(Entidad-57, República-60)
punct(desaprovechando-69, ,-61)
mark(desaprovechando-69, ya-62)
fixed(ya-62, que-63)
case(D.F.-66, en-64)
det(D.F.-66, el-65)
obl(desaprovechando-69, D.F.-66)
obj(desaprovechando-69, se-67)
aux(desaprovechando-69, estaba-68)
advcl(mudó-11, desaprovechando-69)
case(gente-72, a-70)
det(gente-72, la-71)
obj(desaprovechando-69, gente-72)
cc(mudó-11''', y-73)
punct(menester-77, --74)
mark(menester-77, que-75)
cop(menester-77, era-76)
advcl(mudó-11''', menester-77)
case(nivel-81, a-80)
obl(organizar-78, nivel-81)
amod(nivel-81, nacional-82)
case(lo-84, para-83)
obl(organizar-78, lo-84)
punct(mudó-11, --85)
det(unificación-88, una-87)
obj(grar-86, unificación-88)
case(elementos-90, de-89)
nmod(unificación-88, elementos-90)
nsubj(plantar-115, que-91)
case(carácter-94, con-92)
det(carácter-94, el-93)
obl(plantar-115, carácter-94)
punct(subversivo-97, --95)
case(subversivo-97, de-96)
amod(carácter-94, subversivo-97)
cop(subversivo-97, iniciaran-98)
cc(propiciaran-100, y-99)
amod(carácter-94, propiciaran-100)
conj:y(subversivo-97, propiciaran-100)
det(lucha-102, la-101)
obj(propiciaran-100, lucha-102)
case(Gobierno-106, contra-103)
punct(Gobierno-106, --104)
det(Gobierno-106, el-105)
nmod(lucha-102, Gobierno-106)
amod(Gobierno-106, establecido-107)
case(destituírlo-111, con-108)
fixed(con-108, miras-109)
fixed(con-108, a-110)
nmod(subversivo-97, destituírlo-111)
nmod(subversivo-97, destituírlo-111)
cc(im-113, e-112)
nmod(subversivo-97, im-113)
conj:e(destituírlo-111, im-113)
punct(subversivo-97, --114)
acl(unificación-88, plantar-115)
det(sistema-117, un-116)
obj(plantar-115, sistema-117)
amod(sistema-117, político-118)
amod(sistema-117, basado-119)
case(marxismo-leni-122, en-120)
det(marxismo-leni-122, el-121)
obj(basado-119, marxismo-leni-122)
amod(marxismo-leni-122, nismo-123)
punct(grar-86, ;-124)
advmod(adhirió-131, a-125)
fixed(a-125, lo-126)
fixed(a-125, qual-127)
det(emitente-129, la-128)
nsubj(adhirió-131, emitente-129)
obj(adhirió-131, se-130)
advcl(grar-86, adhirió-131)
cc(aceptó-133, y-132)
advcl(grar-86, aceptó-133)
conj:y(adhirió-131, aceptó-133)
xcomp(adhirió-131, ser-134)
punct(grar-86, --135)

Extracted the following NER entity mentions:
Belgra	LOCATION	LOCATION:0.8872022743441225
Portales	CITY	LOCATION:0.8614520665577721
Entidad de la República	MISC	MISC:0.3203322333455712
Gobierno	ORGANIZATION	ORGANIZATION:0.9988022340102234
