Document: ID=file_285.txt (10 sentences, 180 tokens)

Sentence #1 (5 tokens):
UNIVERSIDAD AUTONOMA DE GUERRERO.

Tokens:
[Text=UNIVERSIDAD CharacterOffsetBegin=0 CharacterOffsetEnd=11 PartOfSpeech=PROPN Lemma=universidad NamedEntityTag=O]
[Text=AUTONOMA CharacterOffsetBegin=12 CharacterOffsetEnd=20 PartOfSpeech=PROPN Lemma=autonoma NamedEntityTag=O]
[Text=DE CharacterOffsetBegin=21 CharacterOffsetEnd=23 PartOfSpeech=ADP Lemma=de NamedEntityTag=O]
[Text=GUERRERO CharacterOffsetBegin=24 CharacterOffsetEnd=32 PartOfSpeech=PROPN Lemma=guerrero NamedEntityTag=TITLE]
[Text=. CharacterOffsetBegin=32 CharacterOffsetEnd=33 PartOfSpeech=PUNCT Lemma=. NamedEntityTag=O]

Dependency Parse (enhanced plus plus dependencies):
root(ROOT-0, UNIVERSIDAD-1)
flat(UNIVERSIDAD-1, AUTONOMA-2)
case(GUERRERO-4, DE-3)
flat(UNIVERSIDAD-1, GUERRERO-4)
punct(UNIVERSIDAD-1, .-5)

Extracted the following NER entity mentions:
GUERRERO	TITLE	-

Sentence #2 (2 tokens):
xP-100-10-1-78.

Tokens:
[Text=xP-100-10-1-78 CharacterOffsetBegin=34 CharacterOffsetEnd=48 PartOfSpeech=NOUN Lemma=xp-100-10-1-78 NamedEntityTag=O]
[Text=. CharacterOffsetBegin=48 CharacterOffsetEnd=49 PartOfSpeech=PUNCT Lemma=. NamedEntityTag=O]

Dependency Parse (enhanced plus plus dependencies):
root(ROOT-0, xP-100-10-1-78-1)
punct(xP-100-10-1-78-1, .-2)

Extracted the following NER entity mentions:

Sentence #3 (36 tokens):
(65) H-5 L-78
de que en el mes encurso,saldrán todos los presos polí
ticos de Guerrero,y además quiso condicionar al Rector
con objeto de que la marcha no saliera.

Tokens:
[Text=( CharacterOffsetBegin=50 CharacterOffsetEnd=51 PartOfSpeech=PUNCT Lemma=( NamedEntityTag=O]
[Text=65 CharacterOffsetBegin=51 CharacterOffsetEnd=53 PartOfSpeech=NUM Lemma=65 NamedEntityTag=NUMBER NormalizedNamedEntityTag=65.0]
[Text=) CharacterOffsetBegin=53 CharacterOffsetEnd=54 PartOfSpeech=PUNCT Lemma=) NamedEntityTag=O]
[Text=H-5 CharacterOffsetBegin=55 CharacterOffsetEnd=58 PartOfSpeech=PROPN Lemma=h-5 NamedEntityTag=O]
[Text=L-78 CharacterOffsetBegin=59 CharacterOffsetEnd=63 PartOfSpeech=PROPN Lemma=l-78 NamedEntityTag=O]
[Text=de CharacterOffsetBegin=64 CharacterOffsetEnd=66 PartOfSpeech=ADP Lemma=de NamedEntityTag=O]
[Text=que CharacterOffsetBegin=67 CharacterOffsetEnd=70 PartOfSpeech=SCONJ Lemma=que NamedEntityTag=O]
[Text=en CharacterOffsetBegin=71 CharacterOffsetEnd=73 PartOfSpeech=ADP Lemma=en NamedEntityTag=O]
[Text=el CharacterOffsetBegin=74 CharacterOffsetEnd=76 PartOfSpeech=DET Lemma=el NamedEntityTag=O]
[Text=mes CharacterOffsetBegin=77 CharacterOffsetEnd=80 PartOfSpeech=NOUN Lemma=mes NamedEntityTag=O]
[Text=encurso CharacterOffsetBegin=81 CharacterOffsetEnd=88 PartOfSpeech=ADJ Lemma=encurso NamedEntityTag=O]
[Text=, CharacterOffsetBegin=88 CharacterOffsetEnd=89 PartOfSpeech=PUNCT Lemma=, NamedEntityTag=O]
[Text=saldrán CharacterOffsetBegin=89 CharacterOffsetEnd=96 PartOfSpeech=VERB Lemma=saldrán NamedEntityTag=O]
[Text=todos CharacterOffsetBegin=97 CharacterOffsetEnd=102 PartOfSpeech=DET Lemma=todos NamedEntityTag=O]
[Text=los CharacterOffsetBegin=103 CharacterOffsetEnd=106 PartOfSpeech=DET Lemma=los NamedEntityTag=O]
[Text=presos CharacterOffsetBegin=107 CharacterOffsetEnd=113 PartOfSpeech=NOUN Lemma=presos NamedEntityTag=O]
[Text=polí CharacterOffsetBegin=114 CharacterOffsetEnd=118 PartOfSpeech=ADJ Lemma=polí NamedEntityTag=O]
[Text=ticos CharacterOffsetBegin=119 CharacterOffsetEnd=124 PartOfSpeech=ADJ Lemma=ticos NamedEntityTag=O]
[Text=de CharacterOffsetBegin=125 CharacterOffsetEnd=127 PartOfSpeech=ADP Lemma=de NamedEntityTag=O]
[Text=Guerrero CharacterOffsetBegin=128 CharacterOffsetEnd=136 PartOfSpeech=PROPN Lemma=guerrero NamedEntityTag=PERSON]
[Text=, CharacterOffsetBegin=136 CharacterOffsetEnd=137 PartOfSpeech=PUNCT Lemma=, NamedEntityTag=O]
[Text=y CharacterOffsetBegin=137 CharacterOffsetEnd=138 PartOfSpeech=CCONJ Lemma=y NamedEntityTag=O]
[Text=además CharacterOffsetBegin=139 CharacterOffsetEnd=145 PartOfSpeech=ADV Lemma=además NamedEntityTag=O]
[Text=quiso CharacterOffsetBegin=146 CharacterOffsetEnd=151 PartOfSpeech=VERB Lemma=quiso NamedEntityTag=O]
[Text=condicionar CharacterOffsetBegin=152 CharacterOffsetEnd=163 PartOfSpeech=VERB Lemma=condicionar NamedEntityTag=O]
[Text=al CharacterOffsetBegin=164 CharacterOffsetEnd=166 PartOfSpeech=ADP Lemma=al NamedEntityTag=O]
[Text=Rector CharacterOffsetBegin=167 CharacterOffsetEnd=173 PartOfSpeech=PROPN Lemma=rector NamedEntityTag=MISC]
[Text=con CharacterOffsetBegin=174 CharacterOffsetEnd=177 PartOfSpeech=ADP Lemma=con NamedEntityTag=O]
[Text=objeto CharacterOffsetBegin=178 CharacterOffsetEnd=184 PartOfSpeech=NOUN Lemma=objeto NamedEntityTag=O]
[Text=de CharacterOffsetBegin=185 CharacterOffsetEnd=187 PartOfSpeech=ADP Lemma=de NamedEntityTag=O]
[Text=que CharacterOffsetBegin=188 CharacterOffsetEnd=191 PartOfSpeech=SCONJ Lemma=que NamedEntityTag=O]
[Text=la CharacterOffsetBegin=192 CharacterOffsetEnd=194 PartOfSpeech=DET Lemma=la NamedEntityTag=O]
[Text=marcha CharacterOffsetBegin=195 CharacterOffsetEnd=201 PartOfSpeech=NOUN Lemma=marcha NamedEntityTag=O]
[Text=no CharacterOffsetBegin=202 CharacterOffsetEnd=204 PartOfSpeech=ADV Lemma=no NamedEntityTag=O]
[Text=saliera CharacterOffsetBegin=205 CharacterOffsetEnd=212 PartOfSpeech=VERB Lemma=saliera NamedEntityTag=O]
[Text=. CharacterOffsetBegin=212 CharacterOffsetEnd=213 PartOfSpeech=PUNCT Lemma=. NamedEntityTag=O]

Dependency Parse (enhanced plus plus dependencies):
root(ROOT-0, 65-2)
punct(65-2, (-1)
punct(65-2, )-3)
appos(65-2, H-5-4)
flat(H-5-4, L-78-5)
mark(saldrán-13, de-6)
mark(saldrán-13, que-7)
case(mes-10, en-8)
det(mes-10, el-9)
obl(saldrán-13, mes-10)
amod(mes-10, encurso-11)
punct(mes-10, ,-12)
acl(H-5-4, saldrán-13)
det(los-15, todos-14)
det(presos-16, los-15)
nsubj(saldrán-13, presos-16)
amod(presos-16, polí-17)
amod(presos-16, ticos-18)
case(Guerrero-20, de-19)
nmod(presos-16, Guerrero-20)
punct(quiso-24, ,-21)
cc(quiso-24, y-22)
advmod(quiso-24, además-23)
conj:y(65-2, quiso-24)
xcomp(quiso-24, condicionar-25)
case(Rector-27, al-26)
obj(condicionar-25, Rector-27)
mark(saliera-35, con-28)
fixed(con-28, objeto-29)
fixed(con-28, de-30)
mark(saliera-35, que-31)
det(marcha-33, la-32)
nsubj(saliera-35, marcha-33)
advmod(saliera-35, no-34)
advcl(condicionar-25, saliera-35)
advcl(condicionar-25, saliera-35)
punct(65-2, .-36)

Extracted the following NER entity mentions:
65	NUMBER	NUMBER:-1.0
Guerrero	PERSON	PERSON:0.5845332952923359
Rector	MISC	MISC:0.39527403046604587

Sentence #4 (15 tokens):
-Finalmente el -
Rector dio a conocer la situación financiera de la UAG.

Tokens:
[Text=- CharacterOffsetBegin=213 CharacterOffsetEnd=214 PartOfSpeech=PUNCT Lemma=- NamedEntityTag=O]
[Text=Finalmente CharacterOffsetBegin=214 CharacterOffsetEnd=224 PartOfSpeech=ADV Lemma=finalmente NamedEntityTag=O]
[Text=el CharacterOffsetBegin=225 CharacterOffsetEnd=227 PartOfSpeech=DET Lemma=el NamedEntityTag=O]
[Text=- CharacterOffsetBegin=228 CharacterOffsetEnd=229 PartOfSpeech=PUNCT Lemma=- NamedEntityTag=O]
[Text=Rector CharacterOffsetBegin=230 CharacterOffsetEnd=236 PartOfSpeech=PROPN Lemma=rector NamedEntityTag=O]
[Text=dio CharacterOffsetBegin=237 CharacterOffsetEnd=240 PartOfSpeech=VERB Lemma=dio NamedEntityTag=O]
[Text=a CharacterOffsetBegin=241 CharacterOffsetEnd=242 PartOfSpeech=ADP Lemma=a NamedEntityTag=O]
[Text=conocer CharacterOffsetBegin=243 CharacterOffsetEnd=250 PartOfSpeech=VERB Lemma=conocer NamedEntityTag=O]
[Text=la CharacterOffsetBegin=251 CharacterOffsetEnd=253 PartOfSpeech=DET Lemma=la NamedEntityTag=O]
[Text=situación CharacterOffsetBegin=254 CharacterOffsetEnd=263 PartOfSpeech=NOUN Lemma=situación NamedEntityTag=O]
[Text=financiera CharacterOffsetBegin=264 CharacterOffsetEnd=274 PartOfSpeech=ADJ Lemma=financiera NamedEntityTag=O]
[Text=de CharacterOffsetBegin=275 CharacterOffsetEnd=277 PartOfSpeech=ADP Lemma=de NamedEntityTag=O]
[Text=la CharacterOffsetBegin=278 CharacterOffsetEnd=280 PartOfSpeech=DET Lemma=la NamedEntityTag=O]
[Text=UAG CharacterOffsetBegin=281 CharacterOffsetEnd=284 PartOfSpeech=PROPN Lemma=uag NamedEntityTag=ORGANIZATION]
[Text=. CharacterOffsetBegin=284 CharacterOffsetEnd=285 PartOfSpeech=PUNCT Lemma=. NamedEntityTag=O]

Dependency Parse (enhanced plus plus dependencies):
root(ROOT-0, dio-6)
punct(dio-6, --1)
advmod(dio-6, Finalmente-2)
det(dio-6, el-3)
punct(dio-6, --4)
nsubj(dio-6, Rector-5)
case(conocer-8, a-7)
compound(dio-6, conocer-8)
det(situación-10, la-9)
obj(dio-6, situación-10)
amod(situación-10, financiera-11)
case(UAG-14, de-12)
det(UAG-14, la-13)
nmod(situación-10, UAG-14)
punct(dio-6, .-15)

Extracted the following NER entity mentions:
UAG	ORGANIZATION	ORGANIZATION:0.9671174818986885

Sentence #5 (19 tokens):
y el monto del subsidio otorgado a la fecha,que es de -
%56'800.000.00.

Tokens:
[Text=y CharacterOffsetBegin=286 CharacterOffsetEnd=287 PartOfSpeech=CCONJ Lemma=y NamedEntityTag=O]
[Text=el CharacterOffsetBegin=288 CharacterOffsetEnd=290 PartOfSpeech=DET Lemma=el NamedEntityTag=O]
[Text=monto CharacterOffsetBegin=291 CharacterOffsetEnd=296 PartOfSpeech=NOUN Lemma=monto NamedEntityTag=O]
[Text=del CharacterOffsetBegin=297 CharacterOffsetEnd=300 PartOfSpeech=ADP Lemma=del NamedEntityTag=O]
[Text=subsidio CharacterOffsetBegin=301 CharacterOffsetEnd=309 PartOfSpeech=NOUN Lemma=subsidio NamedEntityTag=O]
[Text=otorgado CharacterOffsetBegin=310 CharacterOffsetEnd=318 PartOfSpeech=VERB Lemma=otorgado NamedEntityTag=O]
[Text=a CharacterOffsetBegin=319 CharacterOffsetEnd=320 PartOfSpeech=ADP Lemma=a NamedEntityTag=O]
[Text=la CharacterOffsetBegin=321 CharacterOffsetEnd=323 PartOfSpeech=DET Lemma=la NamedEntityTag=O]
[Text=fecha CharacterOffsetBegin=324 CharacterOffsetEnd=329 PartOfSpeech=NOUN Lemma=fecha NamedEntityTag=O]
[Text=, CharacterOffsetBegin=329 CharacterOffsetEnd=330 PartOfSpeech=PUNCT Lemma=, NamedEntityTag=O]
[Text=que CharacterOffsetBegin=330 CharacterOffsetEnd=333 PartOfSpeech=PRON Lemma=que NamedEntityTag=O]
[Text=es CharacterOffsetBegin=334 CharacterOffsetEnd=336 PartOfSpeech=AUX Lemma=es NamedEntityTag=O]
[Text=de CharacterOffsetBegin=337 CharacterOffsetEnd=339 PartOfSpeech=ADP Lemma=de NamedEntityTag=O]
[Text=- CharacterOffsetBegin=340 CharacterOffsetEnd=341 PartOfSpeech=PUNCT Lemma=- NamedEntityTag=O]
[Text=% CharacterOffsetBegin=342 CharacterOffsetEnd=343 PartOfSpeech=SYM Lemma=% NamedEntityTag=O]
[Text=56 CharacterOffsetBegin=343 CharacterOffsetEnd=345 PartOfSpeech=NUM Lemma=56 NamedEntityTag=NUMBER NormalizedNamedEntityTag=56.0]
[Text=' CharacterOffsetBegin=345 CharacterOffsetEnd=346 PartOfSpeech=SYM Lemma=' NamedEntityTag=O]
[Text=800.000.00 CharacterOffsetBegin=346 CharacterOffsetEnd=356 PartOfSpeech=NUM Lemma=800.000.00 NamedEntityTag=O]
[Text=. CharacterOffsetBegin=356 CharacterOffsetEnd=357 PartOfSpeech=PUNCT Lemma=. NamedEntityTag=O]

Dependency Parse (enhanced plus plus dependencies):
root(ROOT-0, otorgado-6)
cc(otorgado-6, y-1)
det(monto-3, el-2)
nsubj(otorgado-6, monto-3)
case(subsidio-5, del-4)
nmod(monto-3, subsidio-5)
case(fecha-9, a-7)
det(fecha-9, la-8)
obj(otorgado-6, fecha-9)
punct(%-15, ,-10)
nsubj(%-15, que-11)
cop(%-15, es-12)
case(%-15, de-13)
punct(%-15, --14)
acl(fecha-9, %-15)
appos(%-15, 56-16)
nmod(56-16, '-17)
appos(%-15, 800.000.00-18)
punct(otorgado-6, .-19)

Extracted the following NER entity mentions:
56	NUMBER	NUMBER:-1.0

Sentence #6 (22 tokens):
-Al término del mitin,el contingente re
gresó a la Preparatoria No.10,de donde a las 14.00 hs.

Tokens:
[Text=- CharacterOffsetBegin=357 CharacterOffsetEnd=358 PartOfSpeech=PUNCT Lemma=- NamedEntityTag=O]
[Text=Al CharacterOffsetBegin=358 CharacterOffsetEnd=360 PartOfSpeech=ADP Lemma=al NamedEntityTag=O]
[Text=término CharacterOffsetBegin=361 CharacterOffsetEnd=368 PartOfSpeech=NOUN Lemma=término NamedEntityTag=O]
[Text=del CharacterOffsetBegin=369 CharacterOffsetEnd=372 PartOfSpeech=ADP Lemma=del NamedEntityTag=O]
[Text=mitin CharacterOffsetBegin=373 CharacterOffsetEnd=378 PartOfSpeech=NOUN Lemma=mitin NamedEntityTag=O]
[Text=, CharacterOffsetBegin=378 CharacterOffsetEnd=379 PartOfSpeech=PUNCT Lemma=, NamedEntityTag=O]
[Text=el CharacterOffsetBegin=379 CharacterOffsetEnd=381 PartOfSpeech=DET Lemma=el NamedEntityTag=O]
[Text=contingente CharacterOffsetBegin=382 CharacterOffsetEnd=393 PartOfSpeech=NOUN Lemma=contingente NamedEntityTag=O]
[Text=re CharacterOffsetBegin=394 CharacterOffsetEnd=396 PartOfSpeech=NOUN Lemma=re NamedEntityTag=O]
[Text=gresó CharacterOffsetBegin=397 CharacterOffsetEnd=402 PartOfSpeech=VERB Lemma=gresó NamedEntityTag=O]
[Text=a CharacterOffsetBegin=403 CharacterOffsetEnd=404 PartOfSpeech=ADP Lemma=a NamedEntityTag=O]
[Text=la CharacterOffsetBegin=405 CharacterOffsetEnd=407 PartOfSpeech=DET Lemma=la NamedEntityTag=O]
[Text=Preparatoria CharacterOffsetBegin=408 CharacterOffsetEnd=420 PartOfSpeech=PROPN Lemma=preparatoria NamedEntityTag=ORGANIZATION]
[Text=No.10 CharacterOffsetBegin=421 CharacterOffsetEnd=426 PartOfSpeech=PROPN Lemma=no.10 NamedEntityTag=ORGANIZATION]
[Text=, CharacterOffsetBegin=426 CharacterOffsetEnd=427 PartOfSpeech=PUNCT Lemma=, NamedEntityTag=O]
[Text=de CharacterOffsetBegin=427 CharacterOffsetEnd=429 PartOfSpeech=ADP Lemma=de NamedEntityTag=O]
[Text=donde CharacterOffsetBegin=430 CharacterOffsetEnd=435 PartOfSpeech=PRON Lemma=donde NamedEntityTag=O]
[Text=a CharacterOffsetBegin=436 CharacterOffsetEnd=437 PartOfSpeech=ADP Lemma=a NamedEntityTag=O]
[Text=las CharacterOffsetBegin=438 CharacterOffsetEnd=441 PartOfSpeech=DET Lemma=las NamedEntityTag=O]
[Text=14.00 CharacterOffsetBegin=442 CharacterOffsetEnd=447 PartOfSpeech=NUM Lemma=14.00 NamedEntityTag=NUMBER NormalizedNamedEntityTag=14.0]
[Text=hs CharacterOffsetBegin=448 CharacterOffsetEnd=450 PartOfSpeech=NOUN Lemma=hs NamedEntityTag=O]
[Text=. CharacterOffsetBegin=450 CharacterOffsetEnd=451 PartOfSpeech=PUNCT Lemma=. NamedEntityTag=O]

Dependency Parse (enhanced plus plus dependencies):
root(ROOT-0, gresó-10)
punct(término-3, --1)
case(término-3, Al-2)
obl(gresó-10, término-3)
case(mitin-5, del-4)
nmod(término-3, mitin-5)
punct(término-3, ,-6)
det(contingente-8, el-7)
nsubj(gresó-10, contingente-8)
appos(contingente-8, re-9)
case(Preparatoria-13, a-11)
det(Preparatoria-13, la-12)
obj(gresó-10, Preparatoria-13)
flat(Preparatoria-13, No.10-14)
punct(hs-21, ,-15)
case(donde-17, de-16)
obl(hs-21, donde-17)
case(hs-21, a-18)
det(14.00-20, las-19)
nummod(hs-21, 14.00-20)
acl(Preparatoria-13, hs-21)
punct(gresó-10, .-22)

Extracted the following NER entity mentions:
Preparatoria No.10	ORGANIZATION	ORGANIZATION:0.3761406988481038
14.00	NUMBER	NUMBER:-1.0

Sentence #7 (25 tokens):
,
iniciaron la marcha hacia el D.F.,tomando un tramo de-
la carretera Iguala-Taxco para continuar por la carrete
ra nacional México-Acapulco.

Tokens:
[Text=, CharacterOffsetBegin=451 CharacterOffsetEnd=452 PartOfSpeech=PUNCT Lemma=, NamedEntityTag=O]
[Text=iniciaron CharacterOffsetBegin=453 CharacterOffsetEnd=462 PartOfSpeech=VERB Lemma=iniciaron NamedEntityTag=O]
[Text=la CharacterOffsetBegin=463 CharacterOffsetEnd=465 PartOfSpeech=DET Lemma=la NamedEntityTag=O]
[Text=marcha CharacterOffsetBegin=466 CharacterOffsetEnd=472 PartOfSpeech=NOUN Lemma=marcha NamedEntityTag=O]
[Text=hacia CharacterOffsetBegin=473 CharacterOffsetEnd=478 PartOfSpeech=ADP Lemma=hacia NamedEntityTag=O]
[Text=el CharacterOffsetBegin=479 CharacterOffsetEnd=481 PartOfSpeech=DET Lemma=el NamedEntityTag=O]
[Text=D.F. CharacterOffsetBegin=482 CharacterOffsetEnd=486 PartOfSpeech=PROPN Lemma=d.f. NamedEntityTag=O]
[Text=, CharacterOffsetBegin=486 CharacterOffsetEnd=487 PartOfSpeech=PUNCT Lemma=, NamedEntityTag=O]
[Text=tomando CharacterOffsetBegin=487 CharacterOffsetEnd=494 PartOfSpeech=VERB Lemma=tomando NamedEntityTag=O]
[Text=un CharacterOffsetBegin=495 CharacterOffsetEnd=497 PartOfSpeech=DET Lemma=un NamedEntityTag=O]
[Text=tramo CharacterOffsetBegin=498 CharacterOffsetEnd=503 PartOfSpeech=NOUN Lemma=tramo NamedEntityTag=O]
[Text=de CharacterOffsetBegin=504 CharacterOffsetEnd=506 PartOfSpeech=ADP Lemma=de NamedEntityTag=O]
[Text=- CharacterOffsetBegin=506 CharacterOffsetEnd=507 PartOfSpeech=PUNCT Lemma=- NamedEntityTag=O]
[Text=la CharacterOffsetBegin=508 CharacterOffsetEnd=510 PartOfSpeech=DET Lemma=la NamedEntityTag=O]
[Text=carretera CharacterOffsetBegin=511 CharacterOffsetEnd=520 PartOfSpeech=NOUN Lemma=carretera NamedEntityTag=O]
[Text=Iguala-Taxco CharacterOffsetBegin=521 CharacterOffsetEnd=533 PartOfSpeech=PROPN Lemma=iguala-taxco NamedEntityTag=MISC]
[Text=para CharacterOffsetBegin=534 CharacterOffsetEnd=538 PartOfSpeech=ADP Lemma=para NamedEntityTag=O]
[Text=continuar CharacterOffsetBegin=539 CharacterOffsetEnd=548 PartOfSpeech=VERB Lemma=continuar NamedEntityTag=O]
[Text=por CharacterOffsetBegin=549 CharacterOffsetEnd=552 PartOfSpeech=ADP Lemma=por NamedEntityTag=O]
[Text=la CharacterOffsetBegin=553 CharacterOffsetEnd=555 PartOfSpeech=DET Lemma=la NamedEntityTag=O]
[Text=carrete CharacterOffsetBegin=556 CharacterOffsetEnd=563 PartOfSpeech=NOUN Lemma=carrete NamedEntityTag=O]
[Text=ra CharacterOffsetBegin=564 CharacterOffsetEnd=566 PartOfSpeech=NOUN Lemma=ra NamedEntityTag=O]
[Text=nacional CharacterOffsetBegin=567 CharacterOffsetEnd=575 PartOfSpeech=ADJ Lemma=nacional NamedEntityTag=O]
[Text=México-Acapulco CharacterOffsetBegin=576 CharacterOffsetEnd=591 PartOfSpeech=PROPN Lemma=méxico-acapulco NamedEntityTag=ORGANIZATION]
[Text=. CharacterOffsetBegin=591 CharacterOffsetEnd=592 PartOfSpeech=PUNCT Lemma=. NamedEntityTag=O]

Dependency Parse (enhanced plus plus dependencies):
root(ROOT-0, iniciaron-2)
punct(iniciaron-2, ,-1)
det(marcha-4, la-3)
nsubj(iniciaron-2, marcha-4)
case(D.F.-7, hacia-5)
det(D.F.-7, el-6)
nmod(marcha-4, D.F.-7)
punct(iniciaron-2, ,-8)
advcl(iniciaron-2, tomando-9)
det(tramo-11, un-10)
obj(tomando-9, tramo-11)
case(carretera-15, de-12)
punct(carretera-15, --13)
det(carretera-15, la-14)
nmod(tramo-11, carretera-15)
appos(carretera-15, Iguala-Taxco-16)
mark(continuar-18, para-17)
advcl(tomando-9, continuar-18)
case(carrete-21, por-19)
det(carrete-21, la-20)
obl(continuar-18, carrete-21)
appos(carrete-21, ra-22)
amod(ra-22, nacional-23)
appos(ra-22, México-Acapulco-24)
punct(iniciaron-2, .-25)

Extracted the following NER entity mentions:
Iguala-Taxco	MISC	MISC:0.4361714043761274
México-Acapulco	ORGANIZATION	ORGANIZATION:0.38239780276178853

Sentence #8 (31 tokens):
-El contingente de la marcha
es calculado en 1,500 personas,ya que el Dr.WENCES REZA
exhortó al conglomerado para que únicamente los acompa-
ñaran 4 kms.

Tokens:
[Text=- CharacterOffsetBegin=592 CharacterOffsetEnd=593 PartOfSpeech=PUNCT Lemma=- NamedEntityTag=O]
[Text=El CharacterOffsetBegin=593 CharacterOffsetEnd=595 PartOfSpeech=DET Lemma=el NamedEntityTag=O]
[Text=contingente CharacterOffsetBegin=596 CharacterOffsetEnd=607 PartOfSpeech=NOUN Lemma=contingente NamedEntityTag=O]
[Text=de CharacterOffsetBegin=608 CharacterOffsetEnd=610 PartOfSpeech=ADP Lemma=de NamedEntityTag=O]
[Text=la CharacterOffsetBegin=611 CharacterOffsetEnd=613 PartOfSpeech=DET Lemma=la NamedEntityTag=O]
[Text=marcha CharacterOffsetBegin=614 CharacterOffsetEnd=620 PartOfSpeech=NOUN Lemma=marcha NamedEntityTag=O]
[Text=es CharacterOffsetBegin=621 CharacterOffsetEnd=623 PartOfSpeech=AUX Lemma=es NamedEntityTag=O]
[Text=calculado CharacterOffsetBegin=624 CharacterOffsetEnd=633 PartOfSpeech=VERB Lemma=calculado NamedEntityTag=O]
[Text=en CharacterOffsetBegin=634 CharacterOffsetEnd=636 PartOfSpeech=ADP Lemma=en NamedEntityTag=O]
[Text=1,500 CharacterOffsetBegin=637 CharacterOffsetEnd=642 PartOfSpeech=NUM Lemma=1,500 NamedEntityTag=NUMBER NormalizedNamedEntityTag=1500.0]
[Text=personas CharacterOffsetBegin=643 CharacterOffsetEnd=651 PartOfSpeech=NOUN Lemma=personas NamedEntityTag=O]
[Text=, CharacterOffsetBegin=651 CharacterOffsetEnd=652 PartOfSpeech=PUNCT Lemma=, NamedEntityTag=O]
[Text=ya CharacterOffsetBegin=652 CharacterOffsetEnd=654 PartOfSpeech=ADV Lemma=ya NamedEntityTag=O]
[Text=que CharacterOffsetBegin=655 CharacterOffsetEnd=658 PartOfSpeech=SCONJ Lemma=que NamedEntityTag=O]
[Text=el CharacterOffsetBegin=659 CharacterOffsetEnd=661 PartOfSpeech=DET Lemma=el NamedEntityTag=O]
[Text=Dr. CharacterOffsetBegin=662 CharacterOffsetEnd=665 PartOfSpeech=PROPN Lemma=dr. NamedEntityTag=O]
[Text=WENCES CharacterOffsetBegin=665 CharacterOffsetEnd=671 PartOfSpeech=PROPN Lemma=wences NamedEntityTag=PERSON]
[Text=REZA CharacterOffsetBegin=672 CharacterOffsetEnd=676 PartOfSpeech=PROPN Lemma=reza NamedEntityTag=PERSON]
[Text=exhortó CharacterOffsetBegin=677 CharacterOffsetEnd=684 PartOfSpeech=VERB Lemma=exhortó NamedEntityTag=O]
[Text=al CharacterOffsetBegin=685 CharacterOffsetEnd=687 PartOfSpeech=ADP Lemma=al NamedEntityTag=O]
[Text=conglomerado CharacterOffsetBegin=688 CharacterOffsetEnd=700 PartOfSpeech=NOUN Lemma=conglomerado NamedEntityTag=O]
[Text=para CharacterOffsetBegin=701 CharacterOffsetEnd=705 PartOfSpeech=ADP Lemma=para NamedEntityTag=O]
[Text=que CharacterOffsetBegin=706 CharacterOffsetEnd=709 PartOfSpeech=SCONJ Lemma=que NamedEntityTag=O]
[Text=únicamente CharacterOffsetBegin=710 CharacterOffsetEnd=720 PartOfSpeech=ADV Lemma=únicamente NamedEntityTag=O]
[Text=los CharacterOffsetBegin=721 CharacterOffsetEnd=724 PartOfSpeech=DET Lemma=los NamedEntityTag=O]
[Text=acompa CharacterOffsetBegin=725 CharacterOffsetEnd=731 PartOfSpeech=NOUN Lemma=acompa NamedEntityTag=O]
[Text=- CharacterOffsetBegin=731 CharacterOffsetEnd=732 PartOfSpeech=PUNCT Lemma=- NamedEntityTag=O]
[Text=ñaran CharacterOffsetBegin=733 CharacterOffsetEnd=738 PartOfSpeech=VERB Lemma=ñaran NamedEntityTag=O]
[Text=4 CharacterOffsetBegin=739 CharacterOffsetEnd=740 PartOfSpeech=NUM Lemma=4 NamedEntityTag=NUMBER NormalizedNamedEntityTag=4.0]
[Text=kms CharacterOffsetBegin=741 CharacterOffsetEnd=744 PartOfSpeech=NOUN Lemma=kms NamedEntityTag=O]
[Text=. CharacterOffsetBegin=744 CharacterOffsetEnd=745 PartOfSpeech=PUNCT Lemma=. NamedEntityTag=O]

Dependency Parse (enhanced plus plus dependencies):
root(ROOT-0, calculado-8)
punct(calculado-8, --1)
det(contingente-3, El-2)
nsubj(calculado-8, contingente-3)
case(marcha-6, de-4)
det(marcha-6, la-5)
nmod(contingente-3, marcha-6)
aux(calculado-8, es-7)
case(personas-11, en-9)
nummod(personas-11, 1,500-10)
obj(calculado-8, personas-11)
punct(exhortó-19, ,-12)
mark(exhortó-19, ya-13)
fixed(ya-13, que-14)
det(Dr.-16, el-15)
nsubj(exhortó-19, Dr.-16)
flat(Dr.-16, WENCES-17)
flat(Dr.-16, REZA-18)
advcl(calculado-8, exhortó-19)
case(conglomerado-21, al-20)
obj(exhortó-19, conglomerado-21)
mark(acompa-26, para-22)
mark(acompa-26, que-23)
advmod(acompa-26, únicamente-24)
det(acompa-26, los-25)
advcl(exhortó-19, acompa-26)
punct(ñaran-28, --27)
acl(acompa-26, ñaran-28)
nummod(kms-30, 4-29)
obj(ñaran-28, kms-30)
punct(calculado-8, .-31)

Extracted the following NER entity mentions:
1,500	NUMBER	NUMBER:-1.0
WENCES REZA	PERSON	PERSON:0.5016894985462443
4	NUMBER	NUMBER:-1.0

Sentence #9 (6 tokens):
-A las 20.00 hs.

Tokens:
[Text=- CharacterOffsetBegin=745 CharacterOffsetEnd=746 PartOfSpeech=PUNCT Lemma=- NamedEntityTag=O]
[Text=A CharacterOffsetBegin=746 CharacterOffsetEnd=747 PartOfSpeech=ADP Lemma=a NamedEntityTag=O]
[Text=las CharacterOffsetBegin=748 CharacterOffsetEnd=751 PartOfSpeech=DET Lemma=las NamedEntityTag=O]
[Text=20.00 CharacterOffsetBegin=752 CharacterOffsetEnd=757 PartOfSpeech=NOUN Lemma=20.00 NamedEntityTag=NUMBER NormalizedNamedEntityTag=20.0]
[Text=hs CharacterOffsetBegin=758 CharacterOffsetEnd=760 PartOfSpeech=NOUN Lemma=hs NamedEntityTag=O]
[Text=. CharacterOffsetBegin=760 CharacterOffsetEnd=761 PartOfSpeech=PUNCT Lemma=. NamedEntityTag=O]

Dependency Parse (enhanced plus plus dependencies):
root(ROOT-0, hs-5)
punct(hs-5, --1)
case(20.00-4, A-2)
det(20.00-4, las-3)
nmod(hs-5, 20.00-4)
punct(hs-5, .-6)

Extracted the following NER entity mentions:
20.00	NUMBER	NUMBER:-1.0

Sentence #10 (19 tokens):
,a través de un equipo de -
sonido instalado en una camioneta de la U.A.G.,se citó

Tokens:
[Text=, CharacterOffsetBegin=761 CharacterOffsetEnd=762 PartOfSpeech=PUNCT Lemma=, NamedEntityTag=O]
[Text=a CharacterOffsetBegin=762 CharacterOffsetEnd=763 PartOfSpeech=ADP Lemma=a NamedEntityTag=O]
[Text=través CharacterOffsetBegin=764 CharacterOffsetEnd=770 PartOfSpeech=NOUN Lemma=través NamedEntityTag=O]
[Text=de CharacterOffsetBegin=771 CharacterOffsetEnd=773 PartOfSpeech=ADP Lemma=de NamedEntityTag=O]
[Text=un CharacterOffsetBegin=774 CharacterOffsetEnd=776 PartOfSpeech=DET Lemma=un NamedEntityTag=O]
[Text=equipo CharacterOffsetBegin=777 CharacterOffsetEnd=783 PartOfSpeech=NOUN Lemma=equipo NamedEntityTag=O]
[Text=de CharacterOffsetBegin=784 CharacterOffsetEnd=786 PartOfSpeech=ADP Lemma=de NamedEntityTag=O]
[Text=- CharacterOffsetBegin=787 CharacterOffsetEnd=788 PartOfSpeech=PUNCT Lemma=- NamedEntityTag=O]
[Text=sonido CharacterOffsetBegin=789 CharacterOffsetEnd=795 PartOfSpeech=NOUN Lemma=sonido NamedEntityTag=O]
[Text=instalado CharacterOffsetBegin=796 CharacterOffsetEnd=805 PartOfSpeech=ADJ Lemma=instalado NamedEntityTag=O]
[Text=en CharacterOffsetBegin=806 CharacterOffsetEnd=808 PartOfSpeech=ADP Lemma=en NamedEntityTag=O]
[Text=una CharacterOffsetBegin=809 CharacterOffsetEnd=812 PartOfSpeech=DET Lemma=una NamedEntityTag=O]
[Text=camioneta CharacterOffsetBegin=813 CharacterOffsetEnd=822 PartOfSpeech=NOUN Lemma=camioneta NamedEntityTag=O]
[Text=de CharacterOffsetBegin=823 CharacterOffsetEnd=825 PartOfSpeech=ADP Lemma=de NamedEntityTag=O]
[Text=la CharacterOffsetBegin=826 CharacterOffsetEnd=828 PartOfSpeech=DET Lemma=la NamedEntityTag=O]
[Text=U.A.G. CharacterOffsetBegin=829 CharacterOffsetEnd=835 PartOfSpeech=PROPN Lemma=u.a.g. NamedEntityTag=O]
[Text=, CharacterOffsetBegin=835 CharacterOffsetEnd=836 PartOfSpeech=PUNCT Lemma=, NamedEntityTag=O]
[Text=se CharacterOffsetBegin=836 CharacterOffsetEnd=838 PartOfSpeech=PRON Lemma=se NamedEntityTag=O]
[Text=citó CharacterOffsetBegin=839 CharacterOffsetEnd=843 PartOfSpeech=VERB Lemma=citó NamedEntityTag=O]

Dependency Parse (enhanced plus plus dependencies):
root(ROOT-0, citó-19)
punct(equipo-6, ,-1)
case(equipo-6, a-2)
fixed(a-2, través-3)
fixed(a-2, de-4)
det(equipo-6, un-5)
obl(citó-19, equipo-6)
obl(citó-19, equipo-6)
case(sonido-9, de-7)
punct(sonido-9, --8)
nmod(equipo-6, sonido-9)
amod(sonido-9, instalado-10)
case(camioneta-13, en-11)
det(camioneta-13, una-12)
nmod(equipo-6, camioneta-13)
case(U.A.G.-16, de-14)
det(U.A.G.-16, la-15)
nmod(camioneta-13, U.A.G.-16)
punct(equipo-6, ,-17)
obj(citó-19, se-18)

Extracted the following NER entity mentions:
