Document: ID=file_306.txt (5 sentences, 107 tokens)

Sentence #1 (29 tokens):
nes con los impatizantes del PCM, que dolidos
por su fracaso tratarán a toda costa de buscar
riñas personales con la mayoría de los Catedrá-
ticos.

Tokens:
[Text=nes CharacterOffsetBegin=0 CharacterOffsetEnd=3 PartOfSpeech=NOUN Lemma=nes NamedEntityTag=O]
[Text=con CharacterOffsetBegin=4 CharacterOffsetEnd=7 PartOfSpeech=ADP Lemma=con NamedEntityTag=O]
[Text=los CharacterOffsetBegin=8 CharacterOffsetEnd=11 PartOfSpeech=DET Lemma=los NamedEntityTag=O]
[Text=impatizantes CharacterOffsetBegin=12 CharacterOffsetEnd=24 PartOfSpeech=NOUN Lemma=impatizantes NamedEntityTag=O]
[Text=del CharacterOffsetBegin=25 CharacterOffsetEnd=28 PartOfSpeech=ADP Lemma=del NamedEntityTag=O]
[Text=PCM CharacterOffsetBegin=29 CharacterOffsetEnd=32 PartOfSpeech=PROPN Lemma=pcm NamedEntityTag=ORGANIZATION]
[Text=, CharacterOffsetBegin=32 CharacterOffsetEnd=33 PartOfSpeech=PUNCT Lemma=, NamedEntityTag=O]
[Text=que CharacterOffsetBegin=34 CharacterOffsetEnd=37 PartOfSpeech=PRON Lemma=que NamedEntityTag=O]
[Text=dolidos CharacterOffsetBegin=38 CharacterOffsetEnd=45 PartOfSpeech=VERB Lemma=dolido NamedEntityTag=O]
[Text=por CharacterOffsetBegin=46 CharacterOffsetEnd=49 PartOfSpeech=ADP Lemma=por NamedEntityTag=O]
[Text=su CharacterOffsetBegin=50 CharacterOffsetEnd=52 PartOfSpeech=DET Lemma=su NamedEntityTag=O]
[Text=fracaso CharacterOffsetBegin=53 CharacterOffsetEnd=60 PartOfSpeech=NOUN Lemma=fracaso NamedEntityTag=O]
[Text=tratarán CharacterOffsetBegin=61 CharacterOffsetEnd=69 PartOfSpeech=AUX Lemma=tratarán NamedEntityTag=O]
[Text=a CharacterOffsetBegin=70 CharacterOffsetEnd=71 PartOfSpeech=ADP Lemma=a NamedEntityTag=O]
[Text=toda CharacterOffsetBegin=72 CharacterOffsetEnd=76 PartOfSpeech=NOUN Lemma=toda NamedEntityTag=O]
[Text=costa CharacterOffsetBegin=77 CharacterOffsetEnd=82 PartOfSpeech=NOUN Lemma=costa NamedEntityTag=O]
[Text=de CharacterOffsetBegin=83 CharacterOffsetEnd=85 PartOfSpeech=ADP Lemma=de NamedEntityTag=O]
[Text=buscar CharacterOffsetBegin=86 CharacterOffsetEnd=92 PartOfSpeech=VERB Lemma=buscar NamedEntityTag=O]
[Text=riñas CharacterOffsetBegin=93 CharacterOffsetEnd=98 PartOfSpeech=NOUN Lemma=riñas NamedEntityTag=O]
[Text=personales CharacterOffsetBegin=99 CharacterOffsetEnd=109 PartOfSpeech=ADJ Lemma=personales NamedEntityTag=O]
[Text=con CharacterOffsetBegin=110 CharacterOffsetEnd=113 PartOfSpeech=ADP Lemma=con NamedEntityTag=O]
[Text=la CharacterOffsetBegin=114 CharacterOffsetEnd=116 PartOfSpeech=DET Lemma=la NamedEntityTag=O]
[Text=mayoría CharacterOffsetBegin=117 CharacterOffsetEnd=124 PartOfSpeech=NOUN Lemma=mayoría NamedEntityTag=O]
[Text=de CharacterOffsetBegin=125 CharacterOffsetEnd=127 PartOfSpeech=ADP Lemma=de NamedEntityTag=O]
[Text=los CharacterOffsetBegin=128 CharacterOffsetEnd=131 PartOfSpeech=DET Lemma=los NamedEntityTag=O]
[Text=Catedrá CharacterOffsetBegin=132 CharacterOffsetEnd=139 PartOfSpeech=PROPN Lemma=catedrá NamedEntityTag=O]
[Text=- CharacterOffsetBegin=139 CharacterOffsetEnd=140 PartOfSpeech=PUNCT Lemma=- NamedEntityTag=O]
[Text=ticos CharacterOffsetBegin=141 CharacterOffsetEnd=146 PartOfSpeech=ADJ Lemma=ticos NamedEntityTag=O]
[Text=. CharacterOffsetBegin=146 CharacterOffsetEnd=147 PartOfSpeech=PUNCT Lemma=. NamedEntityTag=O]

Dependency Parse (enhanced plus plus dependencies):
root(ROOT-0, nes-1)
case(impatizantes-4, con-2)
det(impatizantes-4, los-3)
nmod(nes-1, impatizantes-4)
case(PCM-6, del-5)
nmod(impatizantes-4, PCM-6)
punct(dolidos-9, ,-7)
nsubj(dolidos-9, que-8)
acl(impatizantes-4, dolidos-9)
case(fracaso-12, por-10)
det(fracaso-12, su-11)
obl(dolidos-9, fracaso-12)
aux(buscar-18, tratarán-13)
mark(buscar-18, a-14)
fixed(a-14, toda-15)
fixed(a-14, costa-16)
fixed(a-14, de-17)
advcl(dolidos-9, buscar-18)
advcl(dolidos-9, buscar-18)
advcl(dolidos-9, buscar-18)
advcl(dolidos-9, buscar-18)
advcl(dolidos-9, buscar-18)
advcl(dolidos-9, buscar-18)
advcl(dolidos-9, buscar-18)
advcl(dolidos-9, buscar-18)
advcl(dolidos-9, buscar-18)
advcl(dolidos-9, buscar-18)
advcl(dolidos-9, buscar-18)
advcl(dolidos-9, buscar-18)
advcl(dolidos-9, buscar-18)
advcl(dolidos-9, buscar-18)
advcl(dolidos-9, buscar-18)
obj(buscar-18, riñas-19)
amod(riñas-19, personales-20)
case(mayoría-23, con-21)
det(mayoría-23, la-22)
obl(buscar-18, mayoría-23)
case(Catedrá-26, de-24)
det(Catedrá-26, los-25)
nmod(mayoría-23, Catedrá-26)
punct(Catedrá-26, --27)
amod(Catedrá-26, ticos-28)
punct(nes-1, .-29)

Extracted the following NER entity mentions:
PCM	ORGANIZATION	ORGANIZATION:0.8319918426663666

Sentence #2 (10 tokens):
---Las pláticas concluyeron a las 21.30hs
sxsz Exp.

Tokens:
[Text=--- CharacterOffsetBegin=147 CharacterOffsetEnd=150 PartOfSpeech=NUM Lemma=--- NamedEntityTag=O]
[Text=Las CharacterOffsetBegin=150 CharacterOffsetEnd=153 PartOfSpeech=DET Lemma=las NamedEntityTag=O]
[Text=pláticas CharacterOffsetBegin=154 CharacterOffsetEnd=162 PartOfSpeech=NOUN Lemma=pláticas NamedEntityTag=O]
[Text=concluyeron CharacterOffsetBegin=163 CharacterOffsetEnd=174 PartOfSpeech=VERB Lemma=concluyeron NamedEntityTag=O]
[Text=a CharacterOffsetBegin=175 CharacterOffsetEnd=176 PartOfSpeech=ADP Lemma=a NamedEntityTag=O]
[Text=las CharacterOffsetBegin=177 CharacterOffsetEnd=180 PartOfSpeech=DET Lemma=las NamedEntityTag=O]
[Text=21.30hs CharacterOffsetBegin=181 CharacterOffsetEnd=188 PartOfSpeech=NOUN Lemma=21.30hs NamedEntityTag=O]
[Text=sxsz CharacterOffsetBegin=189 CharacterOffsetEnd=193 PartOfSpeech=ADJ Lemma=sxsz NamedEntityTag=O]
[Text=Exp CharacterOffsetBegin=194 CharacterOffsetEnd=197 PartOfSpeech=PROPN Lemma=exp NamedEntityTag=MISC]
[Text=. CharacterOffsetBegin=197 CharacterOffsetEnd=198 PartOfSpeech=PUNCT Lemma=. NamedEntityTag=O]

Dependency Parse (enhanced plus plus dependencies):
root(ROOT-0, concluyeron-4)
advmod(concluyeron-4, ----1)
det(pláticas-3, Las-2)
nsubj(concluyeron-4, pláticas-3)
case(21.30hs-7, a-5)
det(21.30hs-7, las-6)
obj(concluyeron-4, 21.30hs-7)
amod(21.30hs-7, sxsz-8)
appos(21.30hs-7, Exp-9)
punct(concluyeron-4, .-10)

Extracted the following NER entity mentions:
Exp	MISC	MISC:0.5742045251145907

Sentence #3 (7 tokens):
100-10-1-79
H-56 L-80
5-Febrero-79.

Tokens:
[Text=100-10-1-79 CharacterOffsetBegin=199 CharacterOffsetEnd=210 PartOfSpeech=NUM Lemma=100-10-1-79 NamedEntityTag=O]
[Text=H-56 CharacterOffsetBegin=211 CharacterOffsetEnd=215 PartOfSpeech=PROPN Lemma=h-56 NamedEntityTag=O]
[Text=L-80 CharacterOffsetBegin=216 CharacterOffsetEnd=220 PartOfSpeech=PROPN Lemma=l-80 NamedEntityTag=O]
[Text=5 CharacterOffsetBegin=221 CharacterOffsetEnd=222 PartOfSpeech=NUM Lemma=5 NamedEntityTag=O]
[Text=- CharacterOffsetBegin=222 CharacterOffsetEnd=223 PartOfSpeech=PUNCT Lemma=- NamedEntityTag=O]
[Text=Febrero-79 CharacterOffsetBegin=223 CharacterOffsetEnd=233 PartOfSpeech=NUM Lemma=febrero-79 NamedEntityTag=O]
[Text=. CharacterOffsetBegin=233 CharacterOffsetEnd=234 PartOfSpeech=PUNCT Lemma=. NamedEntityTag=O]

Dependency Parse (enhanced plus plus dependencies):
root(ROOT-0, H-56-2)
nummod(H-56-2, 100-10-1-79-1)
flat(H-56-2, L-80-3)
nummod(H-56-2, 5-4)
punct(Febrero-79-6, --5)
appos(H-56-2, Febrero-79-6)
punct(H-56-2, .-7)

Extracted the following NER entity mentions:

Sentence #4 (11 tokens):
-El 3 actual en Chilpan-
cingo, Gro.

Tokens:
[Text=- CharacterOffsetBegin=234 CharacterOffsetEnd=235 PartOfSpeech=PUNCT Lemma=- NamedEntityTag=O]
[Text=El CharacterOffsetBegin=235 CharacterOffsetEnd=237 PartOfSpeech=DET Lemma=el NamedEntityTag=O]
[Text=3 CharacterOffsetBegin=238 CharacterOffsetEnd=239 PartOfSpeech=NUM Lemma=3 NamedEntityTag=NUMBER NormalizedNamedEntityTag=3.0]
[Text=actual CharacterOffsetBegin=240 CharacterOffsetEnd=246 PartOfSpeech=ADJ Lemma=actual NamedEntityTag=O]
[Text=en CharacterOffsetBegin=247 CharacterOffsetEnd=249 PartOfSpeech=ADP Lemma=en NamedEntityTag=O]
[Text=Chilpan CharacterOffsetBegin=250 CharacterOffsetEnd=257 PartOfSpeech=PROPN Lemma=chilpan NamedEntityTag=LOCATION]
[Text=- CharacterOffsetBegin=257 CharacterOffsetEnd=258 PartOfSpeech=PUNCT Lemma=- NamedEntityTag=LOCATION]
[Text=cingo CharacterOffsetBegin=259 CharacterOffsetEnd=264 PartOfSpeech=NOUN Lemma=cingo NamedEntityTag=O]
[Text=, CharacterOffsetBegin=264 CharacterOffsetEnd=265 PartOfSpeech=PUNCT Lemma=, NamedEntityTag=O]
[Text=Gro CharacterOffsetBegin=266 CharacterOffsetEnd=269 PartOfSpeech=PROPN Lemma=gro NamedEntityTag=O]
[Text=. CharacterOffsetBegin=269 CharacterOffsetEnd=270 PartOfSpeech=PUNCT Lemma=. NamedEntityTag=O]

Dependency Parse (enhanced plus plus dependencies):
root(ROOT-0, cingo-8)
punct(cingo-8, --1)
det(3-3, El-2)
nummod(cingo-8, 3-3)
amod(3-3, actual-4)
case(Chilpan-6, en-5)
nmod(3-3, Chilpan-6)
punct(3-3, --7)
punct(cingo-8, ,-9)
appos(cingo-8, Gro-10)
punct(cingo-8, .-11)

Extracted the following NER entity mentions:
3	NUMBER	NUMBER:-1.0
Chilpan-	LOCATION	LOCATION:0.49369701667217575

Sentence #5 (50 tokens):
, la Comisión Negociadora del Consejo
General de Representantes del Comité Provisional
de la Universidad Autónoma de Guerrero, en la -
madrugada de hoy, después de haberse firmado -
el Contrato Colectivo de Trabajo y de haber acep
tado un incremento salarial del 18% comunicó --

Tokens:
[Text=, CharacterOffsetBegin=270 CharacterOffsetEnd=271 PartOfSpeech=PUNCT Lemma=, NamedEntityTag=O]
[Text=la CharacterOffsetBegin=272 CharacterOffsetEnd=274 PartOfSpeech=DET Lemma=la NamedEntityTag=O]
[Text=Comisión CharacterOffsetBegin=275 CharacterOffsetEnd=283 PartOfSpeech=PROPN Lemma=comisión NamedEntityTag=ORGANIZATION]
[Text=Negociadora CharacterOffsetBegin=284 CharacterOffsetEnd=295 PartOfSpeech=PROPN Lemma=negociadora NamedEntityTag=ORGANIZATION]
[Text=del CharacterOffsetBegin=296 CharacterOffsetEnd=299 PartOfSpeech=ADP Lemma=del NamedEntityTag=ORGANIZATION]
[Text=Consejo CharacterOffsetBegin=300 CharacterOffsetEnd=307 PartOfSpeech=PROPN Lemma=consejo NamedEntityTag=ORGANIZATION]
[Text=General CharacterOffsetBegin=308 CharacterOffsetEnd=315 PartOfSpeech=PROPN Lemma=general NamedEntityTag=ORGANIZATION]
[Text=de CharacterOffsetBegin=316 CharacterOffsetEnd=318 PartOfSpeech=ADP Lemma=de NamedEntityTag=ORGANIZATION]
[Text=Representantes CharacterOffsetBegin=319 CharacterOffsetEnd=333 PartOfSpeech=PROPN Lemma=representantes NamedEntityTag=ORGANIZATION]
[Text=del CharacterOffsetBegin=334 CharacterOffsetEnd=337 PartOfSpeech=ADP Lemma=del NamedEntityTag=ORGANIZATION]
[Text=Comité CharacterOffsetBegin=338 CharacterOffsetEnd=344 PartOfSpeech=PROPN Lemma=comité NamedEntityTag=ORGANIZATION]
[Text=Provisional CharacterOffsetBegin=345 CharacterOffsetEnd=356 PartOfSpeech=PROPN Lemma=provisional NamedEntityTag=ORGANIZATION]
[Text=de CharacterOffsetBegin=357 CharacterOffsetEnd=359 PartOfSpeech=ADP Lemma=de NamedEntityTag=O]
[Text=la CharacterOffsetBegin=360 CharacterOffsetEnd=362 PartOfSpeech=DET Lemma=la NamedEntityTag=O]
[Text=Universidad CharacterOffsetBegin=363 CharacterOffsetEnd=374 PartOfSpeech=PROPN Lemma=universidad NamedEntityTag=ORGANIZATION]
[Text=Autónoma CharacterOffsetBegin=375 CharacterOffsetEnd=383 PartOfSpeech=PROPN Lemma=autónoma NamedEntityTag=ORGANIZATION]
[Text=de CharacterOffsetBegin=384 CharacterOffsetEnd=386 PartOfSpeech=ADP Lemma=de NamedEntityTag=ORGANIZATION]
[Text=Guerrero CharacterOffsetBegin=387 CharacterOffsetEnd=395 PartOfSpeech=PROPN Lemma=guerrero NamedEntityTag=ORGANIZATION]
[Text=, CharacterOffsetBegin=395 CharacterOffsetEnd=396 PartOfSpeech=PUNCT Lemma=, NamedEntityTag=O]
[Text=en CharacterOffsetBegin=397 CharacterOffsetEnd=399 PartOfSpeech=ADP Lemma=en NamedEntityTag=O]
[Text=la CharacterOffsetBegin=400 CharacterOffsetEnd=402 PartOfSpeech=DET Lemma=la NamedEntityTag=O]
[Text=- CharacterOffsetBegin=403 CharacterOffsetEnd=404 PartOfSpeech=PUNCT Lemma=- NamedEntityTag=O]
[Text=madrugada CharacterOffsetBegin=405 CharacterOffsetEnd=414 PartOfSpeech=NOUN Lemma=madrugada NamedEntityTag=O]
[Text=de CharacterOffsetBegin=415 CharacterOffsetEnd=417 PartOfSpeech=ADP Lemma=de NamedEntityTag=O]
[Text=hoy CharacterOffsetBegin=418 CharacterOffsetEnd=421 PartOfSpeech=ADV Lemma=hoy NamedEntityTag=DATE NormalizedNamedEntityTag=THIS P1D Timex=<TIMEX3 alt_value="THIS P1D" anchorTimeID="t0" temporalFunction="true" tid="t1" type="DATE" valueFromFunction="tf0">hoy</TIMEX3>]
[Text=, CharacterOffsetBegin=421 CharacterOffsetEnd=422 PartOfSpeech=PUNCT Lemma=, NamedEntityTag=O]
[Text=después CharacterOffsetBegin=423 CharacterOffsetEnd=430 PartOfSpeech=ADV Lemma=después NamedEntityTag=O]
[Text=de CharacterOffsetBegin=431 CharacterOffsetEnd=433 PartOfSpeech=ADP Lemma=de NamedEntityTag=O]
[Text=haber CharacterOffsetBegin=434 CharacterOffsetEnd=441 PartOfSpeech=AUX Lemma=haber NamedEntityTag=O]
[Text=se CharacterOffsetBegin=434 CharacterOffsetEnd=441 PartOfSpeech=PRON Lemma=se NamedEntityTag=O]
[Text=firmado CharacterOffsetBegin=442 CharacterOffsetEnd=449 PartOfSpeech=VERB Lemma=firmado NamedEntityTag=O]
[Text=- CharacterOffsetBegin=450 CharacterOffsetEnd=451 PartOfSpeech=PUNCT Lemma=- NamedEntityTag=O]
[Text=el CharacterOffsetBegin=452 CharacterOffsetEnd=454 PartOfSpeech=DET Lemma=el NamedEntityTag=O]
[Text=Contrato CharacterOffsetBegin=455 CharacterOffsetEnd=463 PartOfSpeech=PROPN Lemma=contrato NamedEntityTag=MISC]
[Text=Colectivo CharacterOffsetBegin=464 CharacterOffsetEnd=473 PartOfSpeech=PROPN Lemma=colectivo NamedEntityTag=MISC]
[Text=de CharacterOffsetBegin=474 CharacterOffsetEnd=476 PartOfSpeech=ADP Lemma=de NamedEntityTag=MISC]
[Text=Trabajo CharacterOffsetBegin=477 CharacterOffsetEnd=484 PartOfSpeech=PROPN Lemma=trabajo NamedEntityTag=MISC]
[Text=y CharacterOffsetBegin=485 CharacterOffsetEnd=486 PartOfSpeech=CCONJ Lemma=y NamedEntityTag=O]
[Text=de CharacterOffsetBegin=487 CharacterOffsetEnd=489 PartOfSpeech=ADP Lemma=de NamedEntityTag=O]
[Text=haber CharacterOffsetBegin=490 CharacterOffsetEnd=495 PartOfSpeech=AUX Lemma=haber NamedEntityTag=O]
[Text=acep CharacterOffsetBegin=496 CharacterOffsetEnd=500 PartOfSpeech=VERB Lemma=acep NamedEntityTag=O]
[Text=tado CharacterOffsetBegin=501 CharacterOffsetEnd=505 PartOfSpeech=ADJ Lemma=tado NamedEntityTag=O]
[Text=un CharacterOffsetBegin=506 CharacterOffsetEnd=508 PartOfSpeech=DET Lemma=un NamedEntityTag=O]
[Text=incremento CharacterOffsetBegin=509 CharacterOffsetEnd=519 PartOfSpeech=NOUN Lemma=incremento NamedEntityTag=O]
[Text=salarial CharacterOffsetBegin=520 CharacterOffsetEnd=528 PartOfSpeech=ADJ Lemma=salarial NamedEntityTag=O]
[Text=del CharacterOffsetBegin=529 CharacterOffsetEnd=532 PartOfSpeech=ADP Lemma=del NamedEntityTag=O]
[Text=18 CharacterOffsetBegin=533 CharacterOffsetEnd=535 PartOfSpeech=NUM Lemma=18 NamedEntityTag=PERCENT NormalizedNamedEntityTag=%18.0]
[Text=% CharacterOffsetBegin=535 CharacterOffsetEnd=536 PartOfSpeech=SYM Lemma=% NamedEntityTag=PERCENT NormalizedNamedEntityTag=%18.0]
[Text=comunicó CharacterOffsetBegin=537 CharacterOffsetEnd=545 PartOfSpeech=VERB Lemma=comunicó NamedEntityTag=O]
[Text=-- CharacterOffsetBegin=546 CharacterOffsetEnd=548 PartOfSpeech=NUM Lemma=-- NamedEntityTag=O]

Dependency Parse (enhanced plus plus dependencies):
root(ROOT-0, comunicó-49)
aux(firmado-31, haber-29)
obj(firmado-31, se-30)
punct(Comisión-3, ,-1)
det(Comisión-3, la-2)
obl(comunicó-49, Comisión-3)
flat(Comisión-3, Negociadora-4)
case(Consejo-6, del-5)
flat(Comisión-3, Consejo-6)
flat(Consejo-6, General-7)
case(Representantes-9, de-8)
flat(Consejo-6, Representantes-9)
case(Comité-11, del-10)
nmod(Comisión-3, Comité-11)
flat(Comité-11, Provisional-12)
case(Universidad-15, de-13)
det(Universidad-15, la-14)
flat(Comité-11, Universidad-15)
flat(Universidad-15, Autónoma-16)
case(Guerrero-18, de-17)
flat(Comité-11, Guerrero-18)
punct(Comisión-3, ,-19)
case(madrugada-23, en-20)
det(madrugada-23, la-21)
punct(madrugada-23, --22)
obl(comunicó-49, madrugada-23)
case(hoy-25, de-24)
advmod(madrugada-23, hoy-25)
punct(después-27, ,-26)
advmod(comunicó-49, después-27)
mark(firmado-31, de-28)
advcl(después-27, firmado-31)
punct(Contrato-34, --32)
det(Contrato-34, el-33)
obj(firmado-31, Contrato-34)
flat(Contrato-34, Colectivo-35)
case(Trabajo-37, de-36)
flat(Contrato-34, Trabajo-37)
cc(acep-41, y-38)
mark(acep-41, de-39)
aux(acep-41, haber-40)
obj(firmado-31, acep-41)
conj:y(Contrato-34, acep-41)
obj(acep-41, tado-42)
det(incremento-44, un-43)
obj(acep-41, incremento-44)
amod(incremento-44, salarial-45)
case(18-47, del-46)
nummod(incremento-44, 18-47)
nmod(18-47, %-48)
nsubj(comunicó-49, ---50)

Extracted the following NER entity mentions:
Comisión Negociadora del Consejo
General de Representantes del Comité Provisional	ORGANIZATION	ORGANIZATION:0.87240094087145
Universidad Autónoma de Guerrero	ORGANIZATION	ORGANIZATION:0.8862672310215566
hoy	DATE	DATE:-1.0
Contrato Colectivo de Trabajo	MISC	MISC:0.5318907797901724
18%	PERCENT	PERCENT:-1.0
