Document: ID=file_361.txt (12 sentences, 177 tokens)

Sentence #1 (37 tokens):
HERNANDEZ RAMIREZ (a) El Gordo, GREGORIO FERNANDEZ BOITO (a
Felipe; ARTURO MIRANDA RAMIREZ (a) Raúl : y ESTEBAN RODRIGUEZ
FLORES (a) Vicente, Leonardo, o Juan.

Tokens:
[Text=HERNANDEZ CharacterOffsetBegin=0 CharacterOffsetEnd=9 PartOfSpeech=PROPN Lemma=hernandez NamedEntityTag=PERSON]
[Text=RAMIREZ CharacterOffsetBegin=10 CharacterOffsetEnd=17 PartOfSpeech=PROPN Lemma=ramirez NamedEntityTag=PERSON]
[Text=( CharacterOffsetBegin=18 CharacterOffsetEnd=19 PartOfSpeech=PUNCT Lemma=( NamedEntityTag=O]
[Text=a CharacterOffsetBegin=19 CharacterOffsetEnd=20 PartOfSpeech=ADP Lemma=a NamedEntityTag=O]
[Text=) CharacterOffsetBegin=20 CharacterOffsetEnd=21 PartOfSpeech=PUNCT Lemma=) NamedEntityTag=O]
[Text=El CharacterOffsetBegin=22 CharacterOffsetEnd=24 PartOfSpeech=DET Lemma=el NamedEntityTag=O]
[Text=Gordo CharacterOffsetBegin=25 CharacterOffsetEnd=30 PartOfSpeech=PROPN Lemma=gordo NamedEntityTag=ORGANIZATION]
[Text=, CharacterOffsetBegin=30 CharacterOffsetEnd=31 PartOfSpeech=PUNCT Lemma=, NamedEntityTag=O]
[Text=GREGORIO CharacterOffsetBegin=32 CharacterOffsetEnd=40 PartOfSpeech=PROPN Lemma=gregorio NamedEntityTag=PERSON]
[Text=FERNANDEZ CharacterOffsetBegin=41 CharacterOffsetEnd=50 PartOfSpeech=PROPN Lemma=fernandez NamedEntityTag=PERSON]
[Text=BOITO CharacterOffsetBegin=51 CharacterOffsetEnd=56 PartOfSpeech=PROPN Lemma=boito NamedEntityTag=PERSON]
[Text=( CharacterOffsetBegin=57 CharacterOffsetEnd=58 PartOfSpeech=PUNCT Lemma=( NamedEntityTag=O]
[Text=a CharacterOffsetBegin=58 CharacterOffsetEnd=59 PartOfSpeech=ADP Lemma=a NamedEntityTag=O]
[Text=Felipe CharacterOffsetBegin=60 CharacterOffsetEnd=66 PartOfSpeech=PROPN Lemma=felipe NamedEntityTag=PERSON]
[Text=; CharacterOffsetBegin=66 CharacterOffsetEnd=67 PartOfSpeech=PUNCT Lemma=; NamedEntityTag=O]
[Text=ARTURO CharacterOffsetBegin=68 CharacterOffsetEnd=74 PartOfSpeech=PROPN Lemma=arturo NamedEntityTag=PERSON]
[Text=MIRANDA CharacterOffsetBegin=75 CharacterOffsetEnd=82 PartOfSpeech=PROPN Lemma=miranda NamedEntityTag=PERSON]
[Text=RAMIREZ CharacterOffsetBegin=83 CharacterOffsetEnd=90 PartOfSpeech=PROPN Lemma=ramirez NamedEntityTag=PERSON]
[Text=( CharacterOffsetBegin=91 CharacterOffsetEnd=92 PartOfSpeech=PUNCT Lemma=( NamedEntityTag=O]
[Text=a CharacterOffsetBegin=92 CharacterOffsetEnd=93 PartOfSpeech=ADP Lemma=a NamedEntityTag=O]
[Text=) CharacterOffsetBegin=93 CharacterOffsetEnd=94 PartOfSpeech=PUNCT Lemma=) NamedEntityTag=O]
[Text=Raúl CharacterOffsetBegin=95 CharacterOffsetEnd=99 PartOfSpeech=PROPN Lemma=raúl NamedEntityTag=PERSON]
[Text=: CharacterOffsetBegin=100 CharacterOffsetEnd=101 PartOfSpeech=PUNCT Lemma=: NamedEntityTag=O]
[Text=y CharacterOffsetBegin=102 CharacterOffsetEnd=103 PartOfSpeech=CCONJ Lemma=y NamedEntityTag=O]
[Text=ESTEBAN CharacterOffsetBegin=104 CharacterOffsetEnd=111 PartOfSpeech=PROPN Lemma=esteban NamedEntityTag=PERSON]
[Text=RODRIGUEZ CharacterOffsetBegin=112 CharacterOffsetEnd=121 PartOfSpeech=PROPN Lemma=rodriguez NamedEntityTag=PERSON]
[Text=FLORES CharacterOffsetBegin=122 CharacterOffsetEnd=128 PartOfSpeech=PROPN Lemma=flores NamedEntityTag=PERSON]
[Text=( CharacterOffsetBegin=129 CharacterOffsetEnd=130 PartOfSpeech=PUNCT Lemma=( NamedEntityTag=O]
[Text=a CharacterOffsetBegin=130 CharacterOffsetEnd=131 PartOfSpeech=ADP Lemma=a NamedEntityTag=O]
[Text=) CharacterOffsetBegin=131 CharacterOffsetEnd=132 PartOfSpeech=PUNCT Lemma=) NamedEntityTag=O]
[Text=Vicente CharacterOffsetBegin=133 CharacterOffsetEnd=140 PartOfSpeech=PROPN Lemma=vicente NamedEntityTag=PERSON]
[Text=, CharacterOffsetBegin=140 CharacterOffsetEnd=141 PartOfSpeech=PUNCT Lemma=, NamedEntityTag=O]
[Text=Leonardo CharacterOffsetBegin=142 CharacterOffsetEnd=150 PartOfSpeech=PROPN Lemma=leonardo NamedEntityTag=PERSON]
[Text=, CharacterOffsetBegin=150 CharacterOffsetEnd=151 PartOfSpeech=PUNCT Lemma=, NamedEntityTag=O]
[Text=o CharacterOffsetBegin=152 CharacterOffsetEnd=153 PartOfSpeech=CCONJ Lemma=o NamedEntityTag=O]
[Text=Juan CharacterOffsetBegin=154 CharacterOffsetEnd=158 PartOfSpeech=PROPN Lemma=juan NamedEntityTag=PERSON]
[Text=. CharacterOffsetBegin=158 CharacterOffsetEnd=159 PartOfSpeech=PUNCT Lemma=. NamedEntityTag=O]

Dependency Parse (enhanced plus plus dependencies):
root(ROOT-0, HERNANDEZ-1)
flat(HERNANDEZ-1, RAMIREZ-2)
punct(a-4, (-3)
flat(HERNANDEZ-1, a-4)
punct(a-4, )-5)
det(Gordo-7, El-6)
flat(HERNANDEZ-1, Gordo-7)
punct(GREGORIO-9, ,-8)
conj(HERNANDEZ-1, GREGORIO-9)
flat(GREGORIO-9, FERNANDEZ-10)
flat(GREGORIO-9, BOITO-11)
punct(Felipe-14, (-12)
case(Felipe-14, a-13)
flat(GREGORIO-9, Felipe-14)
punct(Felipe-14, ;-15)
flat(HERNANDEZ-1, ARTURO-16)
flat(HERNANDEZ-1, MIRANDA-17)
flat(HERNANDEZ-1, RAMIREZ-18)
punct(a-20, (-19)
appos(HERNANDEZ-1, a-20)
punct(a-20, )-21)
appos(a-20, Raúl-22)
punct(ESTEBAN-25, :-23)
cc(ESTEBAN-25, y-24)
appos(a-20, ESTEBAN-25)
conj:y(Raúl-22, ESTEBAN-25)
flat(ESTEBAN-25, RODRIGUEZ-26)
flat(ESTEBAN-25, FLORES-27)
punct(a-29, (-28)
dep(ESTEBAN-25, a-29)
punct(a-29, )-30)
appos(a-29, Vicente-31)
punct(Leonardo-33, ,-32)
conj(Vicente-31, Leonardo-33)
punct(Leonardo-33, ,-34)
cc(Juan-36, o-35)
appos(a-29, Juan-36)
conj:o(Vicente-31, Juan-36)
punct(HERNANDEZ-1, .-37)

Extracted the following NER entity mentions:
HERNANDEZ RAMIREZ	PERSON	PERSON:0.5517940486124292
Gordo	ORGANIZATION	ORGANIZATION:0.5285962633439586
GREGORIO FERNANDEZ BOITO	PERSON	PERSON:0.8443103769581766
Felipe	PERSON	PERSON:0.9965126301749064
ARTURO MIRANDA RAMIREZ	PERSON	PERSON:0.8638870586402926
Raúl	PERSON	PERSON:0.9918924991716556
ESTEBAN RODRIGUEZ
FLORES	PERSON	PERSON:0.6912167128840295
Vicente	PERSON	PERSON:0.9399024698896707
Leonardo	PERSON	PERSON:0.9962357442860027
Juan	PERSON	PERSON:0.9878233206014343

Sentence #2 (3 tokens):
- Exp-100-19-1-78.

Tokens:
[Text=- CharacterOffsetBegin=159 CharacterOffsetEnd=160 PartOfSpeech=PUNCT Lemma=- NamedEntityTag=O]
[Text=Exp-100-19-1-78 CharacterOffsetBegin=161 CharacterOffsetEnd=176 PartOfSpeech=NUM Lemma=exp-100-19-1-78 NamedEntityTag=O]
[Text=. CharacterOffsetBegin=176 CharacterOffsetEnd=177 PartOfSpeech=PUNCT Lemma=. NamedEntityTag=O]

Dependency Parse (enhanced plus plus dependencies):
root(ROOT-0, Exp-100-19-1-78-2)
punct(Exp-100-19-1-78-2, --1)
punct(Exp-100-19-1-78-2, .-3)

Extracted the following NER entity mentions:

Sentence #3 (8 tokens):
-
3 H-113 L-68
26-Oct-78.

Tokens:
[Text=- CharacterOffsetBegin=177 CharacterOffsetEnd=178 PartOfSpeech=PUNCT Lemma=- NamedEntityTag=O]
[Text=3 CharacterOffsetBegin=179 CharacterOffsetEnd=180 PartOfSpeech=NUM Lemma=3 NamedEntityTag=NUMBER NormalizedNamedEntityTag=3.0]
[Text=H-113 CharacterOffsetBegin=181 CharacterOffsetEnd=186 PartOfSpeech=NUM Lemma=h-113 NamedEntityTag=O]
[Text=L-68 CharacterOffsetBegin=187 CharacterOffsetEnd=191 PartOfSpeech=NUM Lemma=l-68 NamedEntityTag=O]
[Text=26 CharacterOffsetBegin=192 CharacterOffsetEnd=194 PartOfSpeech=NUM Lemma=26 NamedEntityTag=O]
[Text=- CharacterOffsetBegin=194 CharacterOffsetEnd=195 PartOfSpeech=PUNCT Lemma=- NamedEntityTag=O]
[Text=Oct-78 CharacterOffsetBegin=195 CharacterOffsetEnd=201 PartOfSpeech=NUM Lemma=oct-78 NamedEntityTag=O]
[Text=. CharacterOffsetBegin=201 CharacterOffsetEnd=202 PartOfSpeech=PUNCT Lemma=. NamedEntityTag=O]

Dependency Parse (enhanced plus plus dependencies):
root(ROOT-0, 3-2)
punct(3-2, --1)
compound(3-2, H-113-3)
compound(3-2, L-68-4)
compound(3-2, 26-5)
punct(3-2, --6)
appos(3-2, Oct-78-7)
punct(3-2, .-8)

Extracted the following NER entity mentions:
3	NUMBER	NUMBER:-1.0

Sentence #4 (4 tokens):
-TEZIUTLAN PUE.

Tokens:
[Text=- CharacterOffsetBegin=202 CharacterOffsetEnd=203 PartOfSpeech=PUNCT Lemma=- NamedEntityTag=O]
[Text=TEZIUTLAN CharacterOffsetBegin=203 CharacterOffsetEnd=212 PartOfSpeech=NOUN Lemma=teziutlan NamedEntityTag=O]
[Text=PUE CharacterOffsetBegin=213 CharacterOffsetEnd=216 PartOfSpeech=ADJ Lemma=pue NamedEntityTag=ORGANIZATION]
[Text=. CharacterOffsetBegin=216 CharacterOffsetEnd=217 PartOfSpeech=PUNCT Lemma=. NamedEntityTag=O]

Dependency Parse (enhanced plus plus dependencies):
root(ROOT-0, TEZIUTLAN-2)
punct(TEZIUTLAN-2, --1)
amod(TEZIUTLAN-2, PUE-3)
punct(TEZIUTLAN-2, .-4)

Extracted the following NER entity mentions:
PUE	ORGANIZATION	ORGANIZATION:0.49180700883420847

Sentence #5 (12 tokens):
el día 25 actual, grupos de alumnos
de la Esc.

Tokens:
[Text=el CharacterOffsetBegin=217 CharacterOffsetEnd=219 PartOfSpeech=DET Lemma=el NamedEntityTag=O]
[Text=día CharacterOffsetBegin=220 CharacterOffsetEnd=223 PartOfSpeech=NOUN Lemma=día NamedEntityTag=O]
[Text=25 CharacterOffsetBegin=224 CharacterOffsetEnd=226 PartOfSpeech=NUM Lemma=25 NamedEntityTag=NUMBER NormalizedNamedEntityTag=25.0]
[Text=actual CharacterOffsetBegin=227 CharacterOffsetEnd=233 PartOfSpeech=ADJ Lemma=actual NamedEntityTag=O]
[Text=, CharacterOffsetBegin=233 CharacterOffsetEnd=234 PartOfSpeech=PUNCT Lemma=, NamedEntityTag=O]
[Text=grupos CharacterOffsetBegin=235 CharacterOffsetEnd=241 PartOfSpeech=NOUN Lemma=grupos NamedEntityTag=O]
[Text=de CharacterOffsetBegin=242 CharacterOffsetEnd=244 PartOfSpeech=ADP Lemma=de NamedEntityTag=O]
[Text=alumnos CharacterOffsetBegin=245 CharacterOffsetEnd=252 PartOfSpeech=NOUN Lemma=alumnos NamedEntityTag=O]
[Text=de CharacterOffsetBegin=253 CharacterOffsetEnd=255 PartOfSpeech=ADP Lemma=de NamedEntityTag=O]
[Text=la CharacterOffsetBegin=256 CharacterOffsetEnd=258 PartOfSpeech=DET Lemma=la NamedEntityTag=O]
[Text=Esc CharacterOffsetBegin=259 CharacterOffsetEnd=262 PartOfSpeech=PROPN Lemma=esc NamedEntityTag=LOCATION]
[Text=. CharacterOffsetBegin=262 CharacterOffsetEnd=263 PartOfSpeech=PUNCT Lemma=. NamedEntityTag=O]

Dependency Parse (enhanced plus plus dependencies):
root(ROOT-0, día-2)
det(día-2, el-1)
compound(día-2, 25-3)
amod(día-2, actual-4)
punct(día-2, ,-5)
appos(día-2, grupos-6)
case(alumnos-8, de-7)
nmod(grupos-6, alumnos-8)
case(Esc-11, de-9)
det(Esc-11, la-10)
nmod(grupos-6, Esc-11)
punct(día-2, .-12)

Extracted the following NER entity mentions:
25	NUMBER	NUMBER:-1.0
Esc	LOCATION	LOCATION:0.518818257188747

Sentence #6 (2 tokens):
Norm.

Tokens:
[Text=Norm CharacterOffsetBegin=263 CharacterOffsetEnd=267 PartOfSpeech=PROPN Lemma=norm NamedEntityTag=PERSON]
[Text=. CharacterOffsetBegin=267 CharacterOffsetEnd=268 PartOfSpeech=PUNCT Lemma=. NamedEntityTag=O]

Dependency Parse (enhanced plus plus dependencies):
root(ROOT-0, Norm-1)
punct(Norm-1, .-2)

Extracted the following NER entity mentions:
Norm	PERSON	PERSON:0.9879206457069203

Sentence #7 (2 tokens):
Rur.

Tokens:
[Text=Rur CharacterOffsetBegin=268 CharacterOffsetEnd=271 PartOfSpeech=PROPN Lemma=rur NamedEntityTag=O]
[Text=. CharacterOffsetBegin=271 CharacterOffsetEnd=272 PartOfSpeech=PUNCT Lemma=. NamedEntityTag=O]

Dependency Parse (enhanced plus plus dependencies):
root(ROOT-0, Rur-1)
punct(Rur-1, .-2)

Extracted the following NER entity mentions:

Sentence #8 (5 tokens):
de Teteles,Pue.

Tokens:
[Text=de CharacterOffsetBegin=272 CharacterOffsetEnd=274 PartOfSpeech=ADP Lemma=de NamedEntityTag=O]
[Text=Teteles CharacterOffsetBegin=275 CharacterOffsetEnd=282 PartOfSpeech=PROPN Lemma=teteles NamedEntityTag=CITY]
[Text=, CharacterOffsetBegin=282 CharacterOffsetEnd=283 PartOfSpeech=PUNCT Lemma=, NamedEntityTag=O]
[Text=Pue CharacterOffsetBegin=283 CharacterOffsetEnd=286 PartOfSpeech=PROPN Lemma=pue NamedEntityTag=O]
[Text=. CharacterOffsetBegin=286 CharacterOffsetEnd=287 PartOfSpeech=PUNCT Lemma=. NamedEntityTag=O]

Dependency Parse (enhanced plus plus dependencies):
root(ROOT-0, Teteles-2)
case(Teteles-2, de-1)
punct(Teteles-2, ,-3)
flat(Teteles-2, Pue-4)
punct(Teteles-2, .-5)

Extracted the following NER entity mentions:
Teteles	CITY	LOCATION:0.8251441240536947

Sentence #9 (77 tokens):
,se situaron en las entra-
das de Teziutlán,solicitando ayuda económica a automovilista
y peatones, para ayudar a liberar a sus compañeras que fue-
ron detenidas el 13 del actual, en la población de Zaragoza,
junto con miembros de la Unión Campesina Independiente, con-
quienes solo tenian relaciones en forma ocasional, por lo que
argumentan que son inocentes de cualquier acusación que se -
les haga.

Tokens:
[Text=, CharacterOffsetBegin=287 CharacterOffsetEnd=288 PartOfSpeech=PUNCT Lemma=, NamedEntityTag=O]
[Text=se CharacterOffsetBegin=288 CharacterOffsetEnd=290 PartOfSpeech=PRON Lemma=se NamedEntityTag=O]
[Text=situaron CharacterOffsetBegin=291 CharacterOffsetEnd=299 PartOfSpeech=VERB Lemma=situaron NamedEntityTag=O]
[Text=en CharacterOffsetBegin=300 CharacterOffsetEnd=302 PartOfSpeech=ADP Lemma=en NamedEntityTag=O]
[Text=las CharacterOffsetBegin=303 CharacterOffsetEnd=306 PartOfSpeech=PRON Lemma=las NamedEntityTag=O]
[Text=entra CharacterOffsetBegin=307 CharacterOffsetEnd=312 PartOfSpeech=VERB Lemma=entra NamedEntityTag=O]
[Text=- CharacterOffsetBegin=312 CharacterOffsetEnd=313 PartOfSpeech=PUNCT Lemma=- NamedEntityTag=O]
[Text=das CharacterOffsetBegin=314 CharacterOffsetEnd=317 PartOfSpeech=VERB Lemma=da NamedEntityTag=O]
[Text=de CharacterOffsetBegin=318 CharacterOffsetEnd=320 PartOfSpeech=ADP Lemma=de NamedEntityTag=O]
[Text=Teziutlán CharacterOffsetBegin=321 CharacterOffsetEnd=330 PartOfSpeech=PROPN Lemma=teziutlán NamedEntityTag=CITY]
[Text=, CharacterOffsetBegin=330 CharacterOffsetEnd=331 PartOfSpeech=PUNCT Lemma=, NamedEntityTag=O]
[Text=solicitando CharacterOffsetBegin=331 CharacterOffsetEnd=342 PartOfSpeech=VERB Lemma=solicitando NamedEntityTag=O]
[Text=ayuda CharacterOffsetBegin=343 CharacterOffsetEnd=348 PartOfSpeech=NOUN Lemma=ayuda NamedEntityTag=O]
[Text=económica CharacterOffsetBegin=349 CharacterOffsetEnd=358 PartOfSpeech=ADJ Lemma=económica NamedEntityTag=O]
[Text=a CharacterOffsetBegin=359 CharacterOffsetEnd=360 PartOfSpeech=ADP Lemma=a NamedEntityTag=O]
[Text=automovilista CharacterOffsetBegin=361 CharacterOffsetEnd=374 PartOfSpeech=NOUN Lemma=automovilista NamedEntityTag=O]
[Text=y CharacterOffsetBegin=375 CharacterOffsetEnd=376 PartOfSpeech=CCONJ Lemma=y NamedEntityTag=O]
[Text=peatones CharacterOffsetBegin=377 CharacterOffsetEnd=385 PartOfSpeech=NOUN Lemma=peatones NamedEntityTag=O]
[Text=, CharacterOffsetBegin=385 CharacterOffsetEnd=386 PartOfSpeech=PUNCT Lemma=, NamedEntityTag=O]
[Text=para CharacterOffsetBegin=387 CharacterOffsetEnd=391 PartOfSpeech=ADP Lemma=para NamedEntityTag=O]
[Text=ayudar CharacterOffsetBegin=392 CharacterOffsetEnd=398 PartOfSpeech=VERB Lemma=ayudar NamedEntityTag=O]
[Text=a CharacterOffsetBegin=399 CharacterOffsetEnd=400 PartOfSpeech=ADP Lemma=a NamedEntityTag=O]
[Text=liberar CharacterOffsetBegin=401 CharacterOffsetEnd=408 PartOfSpeech=VERB Lemma=liberar NamedEntityTag=O]
[Text=a CharacterOffsetBegin=409 CharacterOffsetEnd=410 PartOfSpeech=ADP Lemma=a NamedEntityTag=O]
[Text=sus CharacterOffsetBegin=411 CharacterOffsetEnd=414 PartOfSpeech=DET Lemma=sus NamedEntityTag=O]
[Text=compañeras CharacterOffsetBegin=415 CharacterOffsetEnd=425 PartOfSpeech=NOUN Lemma=compañeras NamedEntityTag=O]
[Text=que CharacterOffsetBegin=426 CharacterOffsetEnd=429 PartOfSpeech=PRON Lemma=que NamedEntityTag=O]
[Text=fue CharacterOffsetBegin=430 CharacterOffsetEnd=433 PartOfSpeech=AUX Lemma=fue NamedEntityTag=O]
[Text=- CharacterOffsetBegin=433 CharacterOffsetEnd=434 PartOfSpeech=PUNCT Lemma=- NamedEntityTag=O]
[Text=ron CharacterOffsetBegin=435 CharacterOffsetEnd=438 PartOfSpeech=NOUN Lemma=ron NamedEntityTag=O]
[Text=detenidas CharacterOffsetBegin=439 CharacterOffsetEnd=448 PartOfSpeech=VERB Lemma=detenida NamedEntityTag=O]
[Text=el CharacterOffsetBegin=449 CharacterOffsetEnd=451 PartOfSpeech=DET Lemma=el NamedEntityTag=O]
[Text=13 CharacterOffsetBegin=452 CharacterOffsetEnd=454 PartOfSpeech=NUM Lemma=13 NamedEntityTag=NUMBER NormalizedNamedEntityTag=13.0]
[Text=del CharacterOffsetBegin=455 CharacterOffsetEnd=458 PartOfSpeech=ADP Lemma=del NamedEntityTag=O]
[Text=actual CharacterOffsetBegin=459 CharacterOffsetEnd=465 PartOfSpeech=ADJ Lemma=actual NamedEntityTag=O]
[Text=, CharacterOffsetBegin=465 CharacterOffsetEnd=466 PartOfSpeech=PUNCT Lemma=, NamedEntityTag=O]
[Text=en CharacterOffsetBegin=467 CharacterOffsetEnd=469 PartOfSpeech=ADP Lemma=en NamedEntityTag=O]
[Text=la CharacterOffsetBegin=470 CharacterOffsetEnd=472 PartOfSpeech=DET Lemma=la NamedEntityTag=O]
[Text=población CharacterOffsetBegin=473 CharacterOffsetEnd=482 PartOfSpeech=NOUN Lemma=población NamedEntityTag=O]
[Text=de CharacterOffsetBegin=483 CharacterOffsetEnd=485 PartOfSpeech=ADP Lemma=de NamedEntityTag=O]
[Text=Zaragoza CharacterOffsetBegin=486 CharacterOffsetEnd=494 PartOfSpeech=PROPN Lemma=zaragoza NamedEntityTag=CITY]
[Text=, CharacterOffsetBegin=494 CharacterOffsetEnd=495 PartOfSpeech=PUNCT Lemma=, NamedEntityTag=O]
[Text=junto CharacterOffsetBegin=496 CharacterOffsetEnd=501 PartOfSpeech=ADJ Lemma=junto NamedEntityTag=O]
[Text=con CharacterOffsetBegin=502 CharacterOffsetEnd=505 PartOfSpeech=ADP Lemma=con NamedEntityTag=O]
[Text=miembros CharacterOffsetBegin=506 CharacterOffsetEnd=514 PartOfSpeech=NOUN Lemma=miembros NamedEntityTag=O]
[Text=de CharacterOffsetBegin=515 CharacterOffsetEnd=517 PartOfSpeech=ADP Lemma=de NamedEntityTag=O]
[Text=la CharacterOffsetBegin=518 CharacterOffsetEnd=520 PartOfSpeech=DET Lemma=la NamedEntityTag=O]
[Text=Unión CharacterOffsetBegin=521 CharacterOffsetEnd=526 PartOfSpeech=PROPN Lemma=unión NamedEntityTag=ORGANIZATION]
[Text=Campesina CharacterOffsetBegin=527 CharacterOffsetEnd=536 PartOfSpeech=PROPN Lemma=campesina NamedEntityTag=ORGANIZATION]
[Text=Independiente CharacterOffsetBegin=537 CharacterOffsetEnd=550 PartOfSpeech=PROPN Lemma=independiente NamedEntityTag=ORGANIZATION]
[Text=, CharacterOffsetBegin=550 CharacterOffsetEnd=551 PartOfSpeech=PUNCT Lemma=, NamedEntityTag=O]
[Text=con CharacterOffsetBegin=552 CharacterOffsetEnd=555 PartOfSpeech=ADP Lemma=con NamedEntityTag=O]
[Text=- CharacterOffsetBegin=555 CharacterOffsetEnd=556 PartOfSpeech=PUNCT Lemma=- NamedEntityTag=O]
[Text=quienes CharacterOffsetBegin=557 CharacterOffsetEnd=564 PartOfSpeech=PRON Lemma=quienes NamedEntityTag=O]
[Text=solo CharacterOffsetBegin=565 CharacterOffsetEnd=569 PartOfSpeech=ADJ Lemma=solo NamedEntityTag=O]
[Text=tenian CharacterOffsetBegin=570 CharacterOffsetEnd=576 PartOfSpeech=VERB Lemma=tenian NamedEntityTag=O]
[Text=relaciones CharacterOffsetBegin=577 CharacterOffsetEnd=587 PartOfSpeech=NOUN Lemma=relaciones NamedEntityTag=O]
[Text=en CharacterOffsetBegin=588 CharacterOffsetEnd=590 PartOfSpeech=ADP Lemma=en NamedEntityTag=O]
[Text=forma CharacterOffsetBegin=591 CharacterOffsetEnd=596 PartOfSpeech=NOUN Lemma=forma NamedEntityTag=O]
[Text=ocasional CharacterOffsetBegin=597 CharacterOffsetEnd=606 PartOfSpeech=ADJ Lemma=ocasional NamedEntityTag=O]
[Text=, CharacterOffsetBegin=606 CharacterOffsetEnd=607 PartOfSpeech=PUNCT Lemma=, NamedEntityTag=O]
[Text=por CharacterOffsetBegin=608 CharacterOffsetEnd=611 PartOfSpeech=ADP Lemma=por NamedEntityTag=O]
[Text=lo CharacterOffsetBegin=612 CharacterOffsetEnd=614 PartOfSpeech=DET Lemma=lo NamedEntityTag=O]
[Text=que CharacterOffsetBegin=615 CharacterOffsetEnd=618 PartOfSpeech=PRON Lemma=que NamedEntityTag=O]
[Text=argumentan CharacterOffsetBegin=619 CharacterOffsetEnd=629 PartOfSpeech=VERB Lemma=argumentan NamedEntityTag=O]
[Text=que CharacterOffsetBegin=630 CharacterOffsetEnd=633 PartOfSpeech=SCONJ Lemma=que NamedEntityTag=O]
[Text=son CharacterOffsetBegin=634 CharacterOffsetEnd=637 PartOfSpeech=AUX Lemma=son NamedEntityTag=O]
[Text=inocentes CharacterOffsetBegin=638 CharacterOffsetEnd=647 PartOfSpeech=ADJ Lemma=inocentes NamedEntityTag=O]
[Text=de CharacterOffsetBegin=648 CharacterOffsetEnd=650 PartOfSpeech=ADP Lemma=de NamedEntityTag=O]
[Text=cualquier CharacterOffsetBegin=651 CharacterOffsetEnd=660 PartOfSpeech=DET Lemma=cualquier NamedEntityTag=O]
[Text=acusación CharacterOffsetBegin=661 CharacterOffsetEnd=670 PartOfSpeech=NOUN Lemma=acusación NamedEntityTag=O]
[Text=que CharacterOffsetBegin=671 CharacterOffsetEnd=674 PartOfSpeech=PRON Lemma=que NamedEntityTag=O]
[Text=se CharacterOffsetBegin=675 CharacterOffsetEnd=677 PartOfSpeech=PRON Lemma=se NamedEntityTag=O]
[Text=- CharacterOffsetBegin=678 CharacterOffsetEnd=679 PartOfSpeech=PUNCT Lemma=- NamedEntityTag=O]
[Text=les CharacterOffsetBegin=680 CharacterOffsetEnd=683 PartOfSpeech=PRON Lemma=les NamedEntityTag=O]
[Text=haga CharacterOffsetBegin=684 CharacterOffsetEnd=688 PartOfSpeech=VERB Lemma=haga NamedEntityTag=O]
[Text=. CharacterOffsetBegin=688 CharacterOffsetEnd=689 PartOfSpeech=PUNCT Lemma=. NamedEntityTag=O]

Dependency Parse (enhanced plus plus dependencies):
root(ROOT-0, situaron-3)
punct(situaron-3, ,-1)
obj(situaron-3, se-2)
case(las-5, en-4)
obl(entra-6, las-5)
advcl(situaron-3, entra-6)
punct(das-8, --7)
advcl(entra-6, das-8)
case(Teziutlán-10, de-9)
obj(das-8, Teziutlán-10)
punct(das-8, ,-11)
advcl(das-8, solicitando-12)
obj(solicitando-12, ayuda-13)
amod(ayuda-13, económica-14)
case(automovilista-16, a-15)
obj(solicitando-12, automovilista-16)
cc(peatones-18, y-17)
obj(solicitando-12, peatones-18)
conj:y(automovilista-16, peatones-18)
punct(das-8, ,-19)
mark(ayudar-21, para-20)
advcl(das-8, ayudar-21)
mark(liberar-23, a-22)
xcomp(ayudar-21, liberar-23)
case(compañeras-26, a-24)
det(compañeras-26, sus-25)
obj(liberar-23, compañeras-26)
nsubj(detenidas-31, que-27)
aux(detenidas-31, fue-28)
punct(detenidas-31, --29)
nsubj(detenidas-31, ron-30)
acl(compañeras-26, detenidas-31)
det(13-33, el-32)
obj(detenidas-31, 13-33)
case(actual-35, del-34)
amod(13-33, actual-35)
punct(población-39, ,-36)
case(población-39, en-37)
det(población-39, la-38)
nmod(13-33, población-39)
case(Zaragoza-41, de-40)
nmod(población-39, Zaragoza-41)
punct(miembros-45, ,-42)
case(miembros-45, junto-43)
fixed(junto-43, con-44)
nmod(población-39, miembros-45)
case(Unión-48, de-46)
det(Unión-48, la-47)
nmod(miembros-45, Unión-48)
flat(Unión-48, Campesina-49)
flat(Unión-48, Independiente-50)
punct(miembros-45, ,-51)
mark(tenian-56, con-52)
punct(tenian-56, --53)
nsubj(tenian-56, quienes-54)
advmod(tenian-56, solo-55)
acl(población-39, tenian-56)
obj(tenian-56, relaciones-57)
case(forma-59, en-58)
obl(tenian-56, forma-59)
amod(forma-59, ocasional-60)
punct(argumentan-65, ,-61)
mark(argumentan-65, por-62)
det(argumentan-65, lo-63)
nsubj(argumentan-65, que-64)
advcl(tenian-56, argumentan-65)
mark(inocentes-68, que-66)
cop(inocentes-68, son-67)
ccomp(argumentan-65, inocentes-68)
case(acusación-71, de-69)
det(acusación-71, cualquier-70)
nmod(inocentes-68, acusación-71)
nsubj(haga-76, que-72)
obj(haga-76, se-73)
punct(haga-76, --74)
obj(haga-76, les-75)
acl(acusación-71, haga-76)
punct(situaron-3, .-77)

Extracted the following NER entity mentions:
Teziutlán	CITY	LOCATION:0.987442424579558
13	NUMBER	NUMBER:-1.0
Zaragoza	CITY	LOCATION:0.999419943453499
Unión Campesina Independiente	ORGANIZATION	ORGANIZATION:0.9976470275856388

Sentence #10 (5 tokens):
A las 17.15 hrs.

Tokens:
[Text=A CharacterOffsetBegin=689 CharacterOffsetEnd=690 PartOfSpeech=ADP Lemma=a NamedEntityTag=O]
[Text=las CharacterOffsetBegin=691 CharacterOffsetEnd=694 PartOfSpeech=DET Lemma=las NamedEntityTag=O]
[Text=17.15 CharacterOffsetBegin=695 CharacterOffsetEnd=700 PartOfSpeech=NUM Lemma=17.15 NamedEntityTag=NUMBER NormalizedNamedEntityTag=17.15]
[Text=hrs CharacterOffsetBegin=701 CharacterOffsetEnd=704 PartOfSpeech=NOUN Lemma=hrs NamedEntityTag=O]
[Text=. CharacterOffsetBegin=704 CharacterOffsetEnd=705 PartOfSpeech=PUNCT Lemma=. NamedEntityTag=O]

Dependency Parse (enhanced plus plus dependencies):
root(ROOT-0, hrs-4)
case(hrs-4, A-1)
det(17.15-3, las-2)
nummod(hrs-4, 17.15-3)
punct(hrs-4, .-5)

Extracted the following NER entity mentions:
17.15	NUMBER	NUMBER:-1.0

Sentence #11 (21 tokens):
se retiraron dichos grupos hacia
Teteles, solicitándoles a los automovilistas que las trans-
portaran a ese lugar.

Tokens:
[Text=se CharacterOffsetBegin=705 CharacterOffsetEnd=707 PartOfSpeech=PRON Lemma=se NamedEntityTag=O]
[Text=retiraron CharacterOffsetBegin=708 CharacterOffsetEnd=717 PartOfSpeech=VERB Lemma=retiraron NamedEntityTag=O]
[Text=dichos CharacterOffsetBegin=718 CharacterOffsetEnd=724 PartOfSpeech=ADJ Lemma=dichos NamedEntityTag=O]
[Text=grupos CharacterOffsetBegin=725 CharacterOffsetEnd=731 PartOfSpeech=NOUN Lemma=grupos NamedEntityTag=O]
[Text=hacia CharacterOffsetBegin=732 CharacterOffsetEnd=737 PartOfSpeech=ADP Lemma=hacia NamedEntityTag=O]
[Text=Teteles CharacterOffsetBegin=738 CharacterOffsetEnd=745 PartOfSpeech=PROPN Lemma=teteles NamedEntityTag=CITY]
[Text=, CharacterOffsetBegin=745 CharacterOffsetEnd=746 PartOfSpeech=PUNCT Lemma=, NamedEntityTag=O]
[Text=solicitando CharacterOffsetBegin=747 CharacterOffsetEnd=761 PartOfSpeech=VERB Lemma=solicitando NamedEntityTag=O]
[Text=les CharacterOffsetBegin=747 CharacterOffsetEnd=761 PartOfSpeech=PRON Lemma=les NamedEntityTag=O]
[Text=a CharacterOffsetBegin=762 CharacterOffsetEnd=763 PartOfSpeech=ADP Lemma=a NamedEntityTag=O]
[Text=los CharacterOffsetBegin=764 CharacterOffsetEnd=767 PartOfSpeech=DET Lemma=los NamedEntityTag=O]
[Text=automovilistas CharacterOffsetBegin=768 CharacterOffsetEnd=782 PartOfSpeech=NOUN Lemma=automovilistas NamedEntityTag=O]
[Text=que CharacterOffsetBegin=783 CharacterOffsetEnd=786 PartOfSpeech=PRON Lemma=que NamedEntityTag=O]
[Text=las CharacterOffsetBegin=787 CharacterOffsetEnd=790 PartOfSpeech=DET Lemma=las NamedEntityTag=O]
[Text=trans CharacterOffsetBegin=791 CharacterOffsetEnd=796 PartOfSpeech=NOUN Lemma=trans NamedEntityTag=O]
[Text=- CharacterOffsetBegin=796 CharacterOffsetEnd=797 PartOfSpeech=PUNCT Lemma=- NamedEntityTag=O]
[Text=portaran CharacterOffsetBegin=798 CharacterOffsetEnd=806 PartOfSpeech=VERB Lemma=portaran NamedEntityTag=O]
[Text=a CharacterOffsetBegin=807 CharacterOffsetEnd=808 PartOfSpeech=ADP Lemma=a NamedEntityTag=O]
[Text=ese CharacterOffsetBegin=809 CharacterOffsetEnd=812 PartOfSpeech=DET Lemma=ese NamedEntityTag=O]
[Text=lugar CharacterOffsetBegin=813 CharacterOffsetEnd=818 PartOfSpeech=NOUN Lemma=lugar NamedEntityTag=O]
[Text=. CharacterOffsetBegin=818 CharacterOffsetEnd=819 PartOfSpeech=PUNCT Lemma=. NamedEntityTag=O]

Dependency Parse (enhanced plus plus dependencies):
root(ROOT-0, retiraron-2)
advcl(retiraron-2, solicitando-8)
obj(solicitando-8, les-9)
obj(retiraron-2, se-1)
amod(grupos-4, dichos-3)
nsubj(retiraron-2, grupos-4)
case(Teteles-6, hacia-5)
obl(retiraron-2, Teteles-6)
punct(solicitando-8, ,-7)
case(automovilistas-12, a-10)
det(automovilistas-12, los-11)
obj(solicitando-8, automovilistas-12)
appos(automovilistas-12, que-13)
det(trans-15, las-14)
obj(que-13, trans-15)
punct(portaran-17, --16)
acl(trans-15, portaran-17)
case(lugar-20, a-18)
det(lugar-20, ese-19)
obj(portaran-17, lugar-20)
punct(retiraron-2, .-21)

Extracted the following NER entity mentions:
Teteles	CITY	LOCATION:0.6088061933798029

Sentence #12 (1 tokens):
-

Tokens:
[Text=- CharacterOffsetBegin=819 CharacterOffsetEnd=820 PartOfSpeech=PUNCT Lemma=- NamedEntityTag=O]

Dependency Parse (enhanced plus plus dependencies):
root(ROOT-0, --1)

Extracted the following NER entity mentions:
