Document: ID=file_0.txt (6 sentences, 147 tokens)

Sentence #1 (2 tokens):
sitios.

Tokens:
[Text=sitios CharacterOffsetBegin=0 CharacterOffsetEnd=6 PartOfSpeech=NOUN Lemma=sitios NamedEntityTag=O]
[Text=. CharacterOffsetBegin=6 CharacterOffsetEnd=7 PartOfSpeech=PUNCT Lemma=. NamedEntityTag=O]

Dependency Parse (enhanced plus plus dependencies):
root(ROOT-0, sitios-1)
punct(sitios-1, .-2)

Extracted the following NER entity mentions:

Sentence #2 (41 tokens):
Después de consumir alimentos e ingrir-
bebidas se niega a pagar, arguyendo ser el Presi
dente de la Comisión Local de Turismo y amenazan
do con cerrar los establecimientos o extorsionán
dolos con multas por infracciones de tránsito.

Tokens:
[Text=Después CharacterOffsetBegin=8 CharacterOffsetEnd=15 PartOfSpeech=ADV Lemma=después NamedEntityTag=O]
[Text=de CharacterOffsetBegin=16 CharacterOffsetEnd=18 PartOfSpeech=ADP Lemma=de NamedEntityTag=O]
[Text=consumir CharacterOffsetBegin=19 CharacterOffsetEnd=27 PartOfSpeech=VERB Lemma=consumir NamedEntityTag=O]
[Text=alimentos CharacterOffsetBegin=28 CharacterOffsetEnd=37 PartOfSpeech=NOUN Lemma=alimentos NamedEntityTag=O]
[Text=e CharacterOffsetBegin=38 CharacterOffsetEnd=39 PartOfSpeech=CCONJ Lemma=e NamedEntityTag=O]
[Text=ingrir CharacterOffsetBegin=40 CharacterOffsetEnd=46 PartOfSpeech=VERB Lemma=ingrir NamedEntityTag=O]
[Text=- CharacterOffsetBegin=46 CharacterOffsetEnd=47 PartOfSpeech=PUNCT Lemma=- NamedEntityTag=O]
[Text=bebidas CharacterOffsetBegin=48 CharacterOffsetEnd=55 PartOfSpeech=NOUN Lemma=bebidas NamedEntityTag=O]
[Text=se CharacterOffsetBegin=56 CharacterOffsetEnd=58 PartOfSpeech=PRON Lemma=se NamedEntityTag=O]
[Text=niega CharacterOffsetBegin=59 CharacterOffsetEnd=64 PartOfSpeech=VERB Lemma=niega NamedEntityTag=O]
[Text=a CharacterOffsetBegin=65 CharacterOffsetEnd=66 PartOfSpeech=ADP Lemma=a NamedEntityTag=O]
[Text=pagar CharacterOffsetBegin=67 CharacterOffsetEnd=72 PartOfSpeech=VERB Lemma=pagar NamedEntityTag=O]
[Text=, CharacterOffsetBegin=72 CharacterOffsetEnd=73 PartOfSpeech=PUNCT Lemma=, NamedEntityTag=O]
[Text=arguyendo CharacterOffsetBegin=74 CharacterOffsetEnd=83 PartOfSpeech=VERB Lemma=arguyendo NamedEntityTag=O]
[Text=ser CharacterOffsetBegin=84 CharacterOffsetEnd=87 PartOfSpeech=AUX Lemma=ser NamedEntityTag=O]
[Text=el CharacterOffsetBegin=88 CharacterOffsetEnd=90 PartOfSpeech=DET Lemma=el NamedEntityTag=O]
[Text=Presi CharacterOffsetBegin=91 CharacterOffsetEnd=96 PartOfSpeech=PROPN Lemma=presi NamedEntityTag=MISC]
[Text=dente CharacterOffsetBegin=97 CharacterOffsetEnd=102 PartOfSpeech=ADJ Lemma=dente NamedEntityTag=O]
[Text=de CharacterOffsetBegin=103 CharacterOffsetEnd=105 PartOfSpeech=ADP Lemma=de NamedEntityTag=O]
[Text=la CharacterOffsetBegin=106 CharacterOffsetEnd=108 PartOfSpeech=DET Lemma=la NamedEntityTag=O]
[Text=Comisión CharacterOffsetBegin=109 CharacterOffsetEnd=117 PartOfSpeech=PROPN Lemma=comisión NamedEntityTag=ORGANIZATION]
[Text=Local CharacterOffsetBegin=118 CharacterOffsetEnd=123 PartOfSpeech=PROPN Lemma=local NamedEntityTag=ORGANIZATION]
[Text=de CharacterOffsetBegin=124 CharacterOffsetEnd=126 PartOfSpeech=ADP Lemma=de NamedEntityTag=ORGANIZATION]
[Text=Turismo CharacterOffsetBegin=127 CharacterOffsetEnd=134 PartOfSpeech=PROPN Lemma=turismo NamedEntityTag=ORGANIZATION]
[Text=y CharacterOffsetBegin=135 CharacterOffsetEnd=136 PartOfSpeech=CCONJ Lemma=y NamedEntityTag=O]
[Text=amenazan CharacterOffsetBegin=137 CharacterOffsetEnd=145 PartOfSpeech=VERB Lemma=amenazan NamedEntityTag=O]
[Text=do CharacterOffsetBegin=146 CharacterOffsetEnd=148 PartOfSpeech=ADP Lemma=do NamedEntityTag=O]
[Text=con CharacterOffsetBegin=149 CharacterOffsetEnd=152 PartOfSpeech=ADP Lemma=con NamedEntityTag=O]
[Text=cerrar CharacterOffsetBegin=153 CharacterOffsetEnd=159 PartOfSpeech=VERB Lemma=cerrar NamedEntityTag=O]
[Text=los CharacterOffsetBegin=160 CharacterOffsetEnd=163 PartOfSpeech=DET Lemma=los NamedEntityTag=O]
[Text=establecimientos CharacterOffsetBegin=164 CharacterOffsetEnd=180 PartOfSpeech=NOUN Lemma=establecimientos NamedEntityTag=O]
[Text=o CharacterOffsetBegin=181 CharacterOffsetEnd=182 PartOfSpeech=CCONJ Lemma=o NamedEntityTag=O]
[Text=extorsionán CharacterOffsetBegin=183 CharacterOffsetEnd=194 PartOfSpeech=NOUN Lemma=extorsionán NamedEntityTag=O]
[Text=dolos CharacterOffsetBegin=195 CharacterOffsetEnd=200 PartOfSpeech=ADJ Lemma=dolos NamedEntityTag=O]
[Text=con CharacterOffsetBegin=201 CharacterOffsetEnd=204 PartOfSpeech=ADP Lemma=con NamedEntityTag=O]
[Text=multas CharacterOffsetBegin=205 CharacterOffsetEnd=211 PartOfSpeech=NOUN Lemma=multas NamedEntityTag=O]
[Text=por CharacterOffsetBegin=212 CharacterOffsetEnd=215 PartOfSpeech=ADP Lemma=por NamedEntityTag=O]
[Text=infracciones CharacterOffsetBegin=216 CharacterOffsetEnd=228 PartOfSpeech=NOUN Lemma=infracciones NamedEntityTag=O]
[Text=de CharacterOffsetBegin=229 CharacterOffsetEnd=231 PartOfSpeech=ADP Lemma=de NamedEntityTag=O]
[Text=tránsito CharacterOffsetBegin=232 CharacterOffsetEnd=240 PartOfSpeech=NOUN Lemma=tránsito NamedEntityTag=O]
[Text=. CharacterOffsetBegin=240 CharacterOffsetEnd=241 PartOfSpeech=PUNCT Lemma=. NamedEntityTag=O]

Dependency Parse (enhanced plus plus dependencies):
root(ROOT-0, niega-10)
advmod(niega-10, Después-1)
mark(consumir-3, de-2)
advcl(Después-1, consumir-3)
obj(consumir-3, alimentos-4)
cc(ingrir-6, e-5)
advcl(Después-1, ingrir-6)
conj:e(consumir-3, ingrir-6)
punct(ingrir-6, --7)
nsubj(niega-10, bebidas-8)
iobj(niega-10, se-9)
mark(pagar-12, a-11)
xcomp(niega-10, pagar-12)
punct(niega-10, ,-13)
aux(Presi-17, arguyendo-14)
cop(Presi-17, ser-15)
det(Presi-17, el-16)
advcl(niega-10, Presi-17)
amod(Presi-17, dente-18)
case(Comisión-21, de-19)
det(Comisión-21, la-20)
flat(Presi-17, Comisión-21)
flat(Comisión-21, Local-22)
case(Turismo-24, de-23)
flat(Comisión-21, Turismo-24)
cc(amenazan-26, y-25)
advcl(niega-10, amenazan-26)
conj:y(Presi-17, amenazan-26)
mark(cerrar-29, do-27)
mark(cerrar-29, con-28)
xcomp(amenazan-26, cerrar-29)
det(establecimientos-31, los-30)
obj(cerrar-29, establecimientos-31)
cc(extorsionán-33, o-32)
obj(cerrar-29, extorsionán-33)
conj:o(establecimientos-31, extorsionán-33)
amod(establecimientos-31, dolos-34)
case(multas-36, con-35)
obl(cerrar-29, multas-36)
case(infracciones-38, por-37)
nmod(multas-36, infracciones-38)
case(tránsito-40, de-39)
nmod(infracciones-38, tránsito-40)
punct(niega-10, .-41)

Extracted the following NER entity mentions:
Presi	MISC	MISC:0.48279844343386047
Comisión Local de Turismo	ORGANIZATION	ORGANIZATION:0.9889076555998753

Sentence #3 (21 tokens):
-
También es criticado porque actualmente cobra un
sueldo como emleado "C" de Servicios Federales -
del Depto.

Tokens:
[Text=- CharacterOffsetBegin=242 CharacterOffsetEnd=243 PartOfSpeech=PUNCT Lemma=- NamedEntityTag=O]
[Text=También CharacterOffsetBegin=244 CharacterOffsetEnd=251 PartOfSpeech=ADV Lemma=también NamedEntityTag=O]
[Text=es CharacterOffsetBegin=252 CharacterOffsetEnd=254 PartOfSpeech=AUX Lemma=es NamedEntityTag=O]
[Text=criticado CharacterOffsetBegin=255 CharacterOffsetEnd=264 PartOfSpeech=VERB Lemma=criticado NamedEntityTag=O]
[Text=porque CharacterOffsetBegin=265 CharacterOffsetEnd=271 PartOfSpeech=SCONJ Lemma=porque NamedEntityTag=O]
[Text=actualmente CharacterOffsetBegin=272 CharacterOffsetEnd=283 PartOfSpeech=ADV Lemma=actualmente NamedEntityTag=O]
[Text=cobra CharacterOffsetBegin=284 CharacterOffsetEnd=289 PartOfSpeech=VERB Lemma=cobra NamedEntityTag=O]
[Text=un CharacterOffsetBegin=290 CharacterOffsetEnd=292 PartOfSpeech=DET Lemma=un NamedEntityTag=O]
[Text=sueldo CharacterOffsetBegin=293 CharacterOffsetEnd=299 PartOfSpeech=NOUN Lemma=sueldo NamedEntityTag=O]
[Text=como CharacterOffsetBegin=300 CharacterOffsetEnd=304 PartOfSpeech=SCONJ Lemma=como NamedEntityTag=O]
[Text=emleado CharacterOffsetBegin=305 CharacterOffsetEnd=312 PartOfSpeech=NOUN Lemma=emleado NamedEntityTag=O]
[Text=" CharacterOffsetBegin=313 CharacterOffsetEnd=314 PartOfSpeech=PUNCT Lemma=" NamedEntityTag=O]
[Text=C CharacterOffsetBegin=314 CharacterOffsetEnd=315 PartOfSpeech=PROPN Lemma=c NamedEntityTag=O]
[Text=" CharacterOffsetBegin=315 CharacterOffsetEnd=316 PartOfSpeech=PUNCT Lemma=" NamedEntityTag=O]
[Text=de CharacterOffsetBegin=317 CharacterOffsetEnd=319 PartOfSpeech=ADP Lemma=de NamedEntityTag=O]
[Text=Servicios CharacterOffsetBegin=320 CharacterOffsetEnd=329 PartOfSpeech=PROPN Lemma=servicios NamedEntityTag=ORGANIZATION]
[Text=Federales CharacterOffsetBegin=330 CharacterOffsetEnd=339 PartOfSpeech=PROPN Lemma=federales NamedEntityTag=ORGANIZATION]
[Text=- CharacterOffsetBegin=340 CharacterOffsetEnd=341 PartOfSpeech=PUNCT Lemma=- NamedEntityTag=O]
[Text=del CharacterOffsetBegin=342 CharacterOffsetEnd=345 PartOfSpeech=ADP Lemma=del NamedEntityTag=O]
[Text=Depto CharacterOffsetBegin=346 CharacterOffsetEnd=351 PartOfSpeech=PROPN Lemma=depto NamedEntityTag=ORGANIZATION]
[Text=. CharacterOffsetBegin=351 CharacterOffsetEnd=352 PartOfSpeech=PUNCT Lemma=. NamedEntityTag=O]

Dependency Parse (enhanced plus plus dependencies):
root(ROOT-0, criticado-4)
punct(criticado-4, --1)
advmod(criticado-4, También-2)
aux(criticado-4, es-3)
mark(cobra-7, porque-5)
advmod(cobra-7, actualmente-6)
advcl(criticado-4, cobra-7)
det(sueldo-9, un-8)
obj(cobra-7, sueldo-9)
mark(emleado-11, como-10)
obl(cobra-7, emleado-11)
punct(C-13, "-12)
appos(emleado-11, C-13)
punct(C-13, "-14)
case(Servicios-16, de-15)
nmod(emleado-11, Servicios-16)
flat(Servicios-16, Federales-17)
punct(Servicios-16, --18)
case(Depto-20, del-19)
nmod(emleado-11, Depto-20)
punct(criticado-4, .-21)

Extracted the following NER entity mentions:
Servicios Federales	ORGANIZATION	ORGANIZATION:0.6107091317508165
Depto	ORGANIZATION	ORGANIZATION:0.8698696104655457

Sentence #4 (13 tokens):
Autónomo de Turismo, comisionado en --
Acapulco, sin desempeñarlo.

Tokens:
[Text=Autónomo CharacterOffsetBegin=352 CharacterOffsetEnd=360 PartOfSpeech=ADJ Lemma=autónomo NamedEntityTag=O]
[Text=de CharacterOffsetBegin=361 CharacterOffsetEnd=363 PartOfSpeech=ADP Lemma=de NamedEntityTag=O]
[Text=Turismo CharacterOffsetBegin=364 CharacterOffsetEnd=371 PartOfSpeech=PROPN Lemma=turismo NamedEntityTag=ORGANIZATION]
[Text=, CharacterOffsetBegin=371 CharacterOffsetEnd=372 PartOfSpeech=PUNCT Lemma=, NamedEntityTag=O]
[Text=comisionado CharacterOffsetBegin=373 CharacterOffsetEnd=384 PartOfSpeech=NOUN Lemma=comisionado NamedEntityTag=O]
[Text=en CharacterOffsetBegin=385 CharacterOffsetEnd=387 PartOfSpeech=ADP Lemma=en NamedEntityTag=O]
[Text=-- CharacterOffsetBegin=388 CharacterOffsetEnd=390 PartOfSpeech=PROPN Lemma=-- NamedEntityTag=O]
[Text=Acapulco CharacterOffsetBegin=391 CharacterOffsetEnd=399 PartOfSpeech=PROPN Lemma=acapulco NamedEntityTag=CITY]
[Text=, CharacterOffsetBegin=399 CharacterOffsetEnd=400 PartOfSpeech=PUNCT Lemma=, NamedEntityTag=O]
[Text=sin CharacterOffsetBegin=401 CharacterOffsetEnd=404 PartOfSpeech=ADP Lemma=sin NamedEntityTag=O]
[Text=desempeñar CharacterOffsetBegin=405 CharacterOffsetEnd=417 PartOfSpeech=VERB Lemma=desempeñar NamedEntityTag=O]
[Text=lo CharacterOffsetBegin=405 CharacterOffsetEnd=417 PartOfSpeech=PRON Lemma=lo NamedEntityTag=O]
[Text=. CharacterOffsetBegin=417 CharacterOffsetEnd=418 PartOfSpeech=PUNCT Lemma=. NamedEntityTag=O]

Dependency Parse (enhanced plus plus dependencies):
root(ROOT-0, Autónomo-1)
acl(Autónomo-1, desempeñar-11)
obj(desempeñar-11, lo-12)
case(Turismo-3, de-2)
nmod(Autónomo-1, Turismo-3)
punct(comisionado-5, ,-4)
appos(Turismo-3, comisionado-5)
case(---7, en-6)
nmod(comisionado-5, ---7)
flat(---7, Acapulco-8)
punct(comisionado-5, ,-9)
mark(desempeñar-11, sin-10)
punct(Autónomo-1, .-13)

Extracted the following NER entity mentions:
Turismo	ORGANIZATION	ORGANIZATION:0.6691377668702627
Acapulco	CITY	LOCATION:0.9219855641189977

Sentence #5 (21 tokens):
Además de éste sueldo
cobra otro como representante del Gobierno del --
Estado ante la propia Comisión Local de Turismo.

Tokens:
[Text=Además CharacterOffsetBegin=419 CharacterOffsetEnd=425 PartOfSpeech=ADV Lemma=además NamedEntityTag=O]
[Text=de CharacterOffsetBegin=426 CharacterOffsetEnd=428 PartOfSpeech=ADP Lemma=de NamedEntityTag=O]
[Text=éste CharacterOffsetBegin=429 CharacterOffsetEnd=433 PartOfSpeech=PRON Lemma=éste NamedEntityTag=O]
[Text=sueldo CharacterOffsetBegin=434 CharacterOffsetEnd=440 PartOfSpeech=NOUN Lemma=sueldo NamedEntityTag=O]
[Text=cobra CharacterOffsetBegin=441 CharacterOffsetEnd=446 PartOfSpeech=VERB Lemma=cobra NamedEntityTag=O]
[Text=otro CharacterOffsetBegin=447 CharacterOffsetEnd=451 PartOfSpeech=PRON Lemma=otro NamedEntityTag=O]
[Text=como CharacterOffsetBegin=452 CharacterOffsetEnd=456 PartOfSpeech=SCONJ Lemma=como NamedEntityTag=O]
[Text=representante CharacterOffsetBegin=457 CharacterOffsetEnd=470 PartOfSpeech=NOUN Lemma=representante NamedEntityTag=TITLE]
[Text=del CharacterOffsetBegin=471 CharacterOffsetEnd=474 PartOfSpeech=ADP Lemma=del NamedEntityTag=O]
[Text=Gobierno CharacterOffsetBegin=475 CharacterOffsetEnd=483 PartOfSpeech=PROPN Lemma=gobierno NamedEntityTag=ORGANIZATION]
[Text=del CharacterOffsetBegin=484 CharacterOffsetEnd=487 PartOfSpeech=ADP Lemma=del NamedEntityTag=O]
[Text=-- CharacterOffsetBegin=488 CharacterOffsetEnd=490 PartOfSpeech=PROPN Lemma=-- NamedEntityTag=O]
[Text=Estado CharacterOffsetBegin=491 CharacterOffsetEnd=497 PartOfSpeech=PROPN Lemma=estado NamedEntityTag=O]
[Text=ante CharacterOffsetBegin=498 CharacterOffsetEnd=502 PartOfSpeech=ADP Lemma=ante NamedEntityTag=O]
[Text=la CharacterOffsetBegin=503 CharacterOffsetEnd=505 PartOfSpeech=DET Lemma=la NamedEntityTag=O]
[Text=propia CharacterOffsetBegin=506 CharacterOffsetEnd=512 PartOfSpeech=DET Lemma=propia NamedEntityTag=O]
[Text=Comisión CharacterOffsetBegin=513 CharacterOffsetEnd=521 PartOfSpeech=PROPN Lemma=comisión NamedEntityTag=ORGANIZATION]
[Text=Local CharacterOffsetBegin=522 CharacterOffsetEnd=527 PartOfSpeech=PROPN Lemma=local NamedEntityTag=ORGANIZATION]
[Text=de CharacterOffsetBegin=528 CharacterOffsetEnd=530 PartOfSpeech=ADP Lemma=de NamedEntityTag=ORGANIZATION]
[Text=Turismo CharacterOffsetBegin=531 CharacterOffsetEnd=538 PartOfSpeech=PROPN Lemma=turismo NamedEntityTag=ORGANIZATION]
[Text=. CharacterOffsetBegin=538 CharacterOffsetEnd=539 PartOfSpeech=PUNCT Lemma=. NamedEntityTag=O]

Dependency Parse (enhanced plus plus dependencies):
root(ROOT-0, cobra-5)
case(sueldo-4, Además-1)
fixed(Además-1, de-2)
det(sueldo-4, éste-3)
obl(cobra-5, sueldo-4)
obj(cobra-5, otro-6)
mark(representante-8, como-7)
obl(cobra-5, representante-8)
case(Gobierno-10, del-9)
nmod(representante-8, Gobierno-10)
case(---12, del-11)
nmod(Gobierno-10, ---12)
flat(---12, Estado-13)
case(Comisión-17, ante-14)
det(Comisión-17, la-15)
amod(Comisión-17, propia-16)
nmod(representante-8, Comisión-17)
flat(Comisión-17, Local-18)
case(Turismo-20, de-19)
flat(Comisión-17, Turismo-20)
punct(cobra-5, .-21)

Extracted the following NER entity mentions:
representante	TITLE	-
Gobierno	ORGANIZATION	ORGANIZATION:0.9987894378517269
Comisión Local de Turismo	ORGANIZATION	ORGANIZATION:0.9957846789155131

Sentence #6 (49 tokens):
Como Delegado local de Tránsito en ese puerto, se
gún se dice, exige igualas a las líneas camione-
ras, a hoteles por permitir la circulación sin -
ser molestados los vehículos de éstos, y de otros
comercios grandes que tienen necesidad e tener -

Tokens:
[Text=Como CharacterOffsetBegin=540 CharacterOffsetEnd=544 PartOfSpeech=SCONJ Lemma=como NamedEntityTag=O]
[Text=Delegado CharacterOffsetBegin=545 CharacterOffsetEnd=553 PartOfSpeech=PROPN Lemma=delegado NamedEntityTag=O]
[Text=local CharacterOffsetBegin=554 CharacterOffsetEnd=559 PartOfSpeech=ADJ Lemma=local NamedEntityTag=O]
[Text=de CharacterOffsetBegin=560 CharacterOffsetEnd=562 PartOfSpeech=ADP Lemma=de NamedEntityTag=O]
[Text=Tránsito CharacterOffsetBegin=563 CharacterOffsetEnd=571 PartOfSpeech=PROPN Lemma=tránsito NamedEntityTag=PERSON]
[Text=en CharacterOffsetBegin=572 CharacterOffsetEnd=574 PartOfSpeech=ADP Lemma=en NamedEntityTag=O]
[Text=ese CharacterOffsetBegin=575 CharacterOffsetEnd=578 PartOfSpeech=DET Lemma=ese NamedEntityTag=O]
[Text=puerto CharacterOffsetBegin=579 CharacterOffsetEnd=585 PartOfSpeech=NOUN Lemma=puerto NamedEntityTag=O]
[Text=, CharacterOffsetBegin=585 CharacterOffsetEnd=586 PartOfSpeech=PUNCT Lemma=, NamedEntityTag=O]
[Text=se CharacterOffsetBegin=587 CharacterOffsetEnd=589 PartOfSpeech=PRON Lemma=se NamedEntityTag=O]
[Text=gún CharacterOffsetBegin=590 CharacterOffsetEnd=593 PartOfSpeech=VERB Lemma=gún NamedEntityTag=O]
[Text=se CharacterOffsetBegin=594 CharacterOffsetEnd=596 PartOfSpeech=PRON Lemma=se NamedEntityTag=O]
[Text=dice CharacterOffsetBegin=597 CharacterOffsetEnd=601 PartOfSpeech=VERB Lemma=dice NamedEntityTag=O]
[Text=, CharacterOffsetBegin=601 CharacterOffsetEnd=602 PartOfSpeech=PUNCT Lemma=, NamedEntityTag=O]
[Text=exige CharacterOffsetBegin=603 CharacterOffsetEnd=608 PartOfSpeech=VERB Lemma=exige NamedEntityTag=O]
[Text=igualas CharacterOffsetBegin=609 CharacterOffsetEnd=616 PartOfSpeech=NOUN Lemma=igualas NamedEntityTag=O]
[Text=a CharacterOffsetBegin=617 CharacterOffsetEnd=618 PartOfSpeech=ADP Lemma=a NamedEntityTag=O]
[Text=las CharacterOffsetBegin=619 CharacterOffsetEnd=622 PartOfSpeech=DET Lemma=las NamedEntityTag=O]
[Text=líneas CharacterOffsetBegin=623 CharacterOffsetEnd=629 PartOfSpeech=NOUN Lemma=líneas NamedEntityTag=O]
[Text=camione CharacterOffsetBegin=630 CharacterOffsetEnd=637 PartOfSpeech=VERB Lemma=camione NamedEntityTag=O]
[Text=- CharacterOffsetBegin=637 CharacterOffsetEnd=638 PartOfSpeech=PUNCT Lemma=- NamedEntityTag=O]
[Text=ras CharacterOffsetBegin=639 CharacterOffsetEnd=642 PartOfSpeech=NOUN Lemma=ras NamedEntityTag=O]
[Text=, CharacterOffsetBegin=642 CharacterOffsetEnd=643 PartOfSpeech=PUNCT Lemma=, NamedEntityTag=O]
[Text=a CharacterOffsetBegin=644 CharacterOffsetEnd=645 PartOfSpeech=ADP Lemma=a NamedEntityTag=O]
[Text=hoteles CharacterOffsetBegin=646 CharacterOffsetEnd=653 PartOfSpeech=NOUN Lemma=hoteles NamedEntityTag=O]
[Text=por CharacterOffsetBegin=654 CharacterOffsetEnd=657 PartOfSpeech=ADP Lemma=por NamedEntityTag=O]
[Text=permitir CharacterOffsetBegin=658 CharacterOffsetEnd=666 PartOfSpeech=VERB Lemma=permitir NamedEntityTag=O]
[Text=la CharacterOffsetBegin=667 CharacterOffsetEnd=669 PartOfSpeech=DET Lemma=la NamedEntityTag=O]
[Text=circulación CharacterOffsetBegin=670 CharacterOffsetEnd=681 PartOfSpeech=NOUN Lemma=circulación NamedEntityTag=O]
[Text=sin CharacterOffsetBegin=682 CharacterOffsetEnd=685 PartOfSpeech=ADP Lemma=sin NamedEntityTag=O]
[Text=- CharacterOffsetBegin=686 CharacterOffsetEnd=687 PartOfSpeech=PUNCT Lemma=- NamedEntityTag=O]
[Text=ser CharacterOffsetBegin=688 CharacterOffsetEnd=691 PartOfSpeech=AUX Lemma=ser NamedEntityTag=O]
[Text=molestados CharacterOffsetBegin=692 CharacterOffsetEnd=702 PartOfSpeech=VERB Lemma=molestado NamedEntityTag=O]
[Text=los CharacterOffsetBegin=703 CharacterOffsetEnd=706 PartOfSpeech=DET Lemma=los NamedEntityTag=O]
[Text=vehículos CharacterOffsetBegin=707 CharacterOffsetEnd=716 PartOfSpeech=NOUN Lemma=vehículos NamedEntityTag=O]
[Text=de CharacterOffsetBegin=717 CharacterOffsetEnd=719 PartOfSpeech=ADP Lemma=de NamedEntityTag=O]
[Text=éstos CharacterOffsetBegin=720 CharacterOffsetEnd=725 PartOfSpeech=PRON Lemma=éstos NamedEntityTag=O]
[Text=, CharacterOffsetBegin=725 CharacterOffsetEnd=726 PartOfSpeech=PUNCT Lemma=, NamedEntityTag=O]
[Text=y CharacterOffsetBegin=727 CharacterOffsetEnd=728 PartOfSpeech=CCONJ Lemma=y NamedEntityTag=O]
[Text=de CharacterOffsetBegin=729 CharacterOffsetEnd=731 PartOfSpeech=ADP Lemma=de NamedEntityTag=O]
[Text=otros CharacterOffsetBegin=732 CharacterOffsetEnd=737 PartOfSpeech=DET Lemma=otros NamedEntityTag=O]
[Text=comercios CharacterOffsetBegin=738 CharacterOffsetEnd=747 PartOfSpeech=NOUN Lemma=comercios NamedEntityTag=O]
[Text=grandes CharacterOffsetBegin=748 CharacterOffsetEnd=755 PartOfSpeech=ADJ Lemma=grandes NamedEntityTag=O]
[Text=que CharacterOffsetBegin=756 CharacterOffsetEnd=759 PartOfSpeech=PRON Lemma=que NamedEntityTag=O]
[Text=tienen CharacterOffsetBegin=760 CharacterOffsetEnd=766 PartOfSpeech=VERB Lemma=tienen NamedEntityTag=O]
[Text=necesidad CharacterOffsetBegin=767 CharacterOffsetEnd=776 PartOfSpeech=NOUN Lemma=necesidad NamedEntityTag=O]
[Text=e CharacterOffsetBegin=777 CharacterOffsetEnd=778 PartOfSpeech=CCONJ Lemma=e NamedEntityTag=O]
[Text=tener CharacterOffsetBegin=779 CharacterOffsetEnd=784 PartOfSpeech=VERB Lemma=tener NamedEntityTag=O]
[Text=- CharacterOffsetBegin=785 CharacterOffsetEnd=786 PartOfSpeech=PUNCT Lemma=- NamedEntityTag=O]

Dependency Parse (enhanced plus plus dependencies):
root(ROOT-0, gún-11)
mark(Delegado-2, Como-1)
obl(gún-11, Delegado-2)
amod(Delegado-2, local-3)
case(Tránsito-5, de-4)
flat(Delegado-2, Tránsito-5)
case(puerto-8, en-6)
det(puerto-8, ese-7)
nmod(Delegado-2, puerto-8)
punct(Delegado-2, ,-9)
obj(gún-11, se-10)
obj(dice-13, se-12)
advcl(gún-11, dice-13)
punct(dice-13, ,-14)
csubj(gún-11, exige-15)
obj(exige-15, igualas-16)
case(líneas-19, a-17)
det(líneas-19, las-18)
obl(camione-20, líneas-19)
advcl(exige-15, camione-20)
punct(ras-22, --21)
obj(camione-20, ras-22)
punct(hoteles-25, ,-23)
case(hoteles-25, a-24)
nmod(ras-22, hoteles-25)
mark(permitir-27, por-26)
acl(hoteles-25, permitir-27)
acl(hoteles-25, permitir-27''')
conj:y(permitir-27, permitir-27''')
det(circulación-29, la-28)
obj(permitir-27, circulación-29)
mark(molestados-33, sin-30)
punct(molestados-33, --31)
aux(molestados-33, ser-32)
advcl(permitir-27, molestados-33)
det(vehículos-35, los-34)
obj(molestados-33, vehículos-35)
case(éstos-37, de-36)
nmod(vehículos-35, éstos-37)
punct(comercios-42, ,-38)
cc(permitir-27''', y-39)
case(comercios-42, de-40)
det(comercios-42, otros-41)
advcl(permitir-27''', comercios-42)
amod(comercios-42, grandes-43)
nsubj(tienen-45, que-44)
acl(comercios-42, tienen-45)
obj(tienen-45, necesidad-46)
cc(tener-48, e-47)
acl(comercios-42, tener-48)
conj:e(tienen-45, tener-48)
punct(gún-11, --49)

Extracted the following NER entity mentions:
Tránsito	PERSON	PERSON:0.42366224872489616
