Document: ID=file_337.txt (2 sentences, 143 tokens)

Sentence #1 (39 tokens):
que lo desmesurado es gastar el presupuesto del
pueblo en campañas políticas ;que tambien han si
do agredidos por un grupo de profesores amarga--
dos,que llegaron antes y dicen representar a la
mayoria UAG.

Tokens:
[Text=que CharacterOffsetBegin=0 CharacterOffsetEnd=3 PartOfSpeech=SCONJ Lemma=que NamedEntityTag=O]
[Text=lo CharacterOffsetBegin=4 CharacterOffsetEnd=6 PartOfSpeech=DET Lemma=lo NamedEntityTag=O]
[Text=desmesurado CharacterOffsetBegin=7 CharacterOffsetEnd=18 PartOfSpeech=ADJ Lemma=desmesurado NamedEntityTag=O]
[Text=es CharacterOffsetBegin=19 CharacterOffsetEnd=21 PartOfSpeech=AUX Lemma=es NamedEntityTag=O]
[Text=gastar CharacterOffsetBegin=22 CharacterOffsetEnd=28 PartOfSpeech=VERB Lemma=gastar NamedEntityTag=O]
[Text=el CharacterOffsetBegin=29 CharacterOffsetEnd=31 PartOfSpeech=DET Lemma=el NamedEntityTag=O]
[Text=presupuesto CharacterOffsetBegin=32 CharacterOffsetEnd=43 PartOfSpeech=NOUN Lemma=presupuesto NamedEntityTag=O]
[Text=del CharacterOffsetBegin=44 CharacterOffsetEnd=47 PartOfSpeech=ADP Lemma=del NamedEntityTag=O]
[Text=pueblo CharacterOffsetBegin=48 CharacterOffsetEnd=54 PartOfSpeech=NOUN Lemma=pueblo NamedEntityTag=O]
[Text=en CharacterOffsetBegin=55 CharacterOffsetEnd=57 PartOfSpeech=ADP Lemma=en NamedEntityTag=O]
[Text=campañas CharacterOffsetBegin=58 CharacterOffsetEnd=66 PartOfSpeech=NOUN Lemma=campañas NamedEntityTag=O]
[Text=políticas CharacterOffsetBegin=67 CharacterOffsetEnd=76 PartOfSpeech=ADJ Lemma=políticas NamedEntityTag=O]
[Text=; CharacterOffsetBegin=77 CharacterOffsetEnd=78 PartOfSpeech=PUNCT Lemma=; NamedEntityTag=O]
[Text=que CharacterOffsetBegin=78 CharacterOffsetEnd=81 PartOfSpeech=SCONJ Lemma=que NamedEntityTag=O]
[Text=tambien CharacterOffsetBegin=82 CharacterOffsetEnd=89 PartOfSpeech=NOUN Lemma=tambien NamedEntityTag=O]
[Text=han CharacterOffsetBegin=90 CharacterOffsetEnd=93 PartOfSpeech=AUX Lemma=han NamedEntityTag=O]
[Text=si CharacterOffsetBegin=94 CharacterOffsetEnd=96 PartOfSpeech=SCONJ Lemma=si NamedEntityTag=O]
[Text=do CharacterOffsetBegin=97 CharacterOffsetEnd=99 PartOfSpeech=ADP Lemma=do NamedEntityTag=O]
[Text=agredidos CharacterOffsetBegin=100 CharacterOffsetEnd=109 PartOfSpeech=VERB Lemma=agredido NamedEntityTag=O]
[Text=por CharacterOffsetBegin=110 CharacterOffsetEnd=113 PartOfSpeech=ADP Lemma=por NamedEntityTag=O]
[Text=un CharacterOffsetBegin=114 CharacterOffsetEnd=116 PartOfSpeech=DET Lemma=un NamedEntityTag=O]
[Text=grupo CharacterOffsetBegin=117 CharacterOffsetEnd=122 PartOfSpeech=NOUN Lemma=grupo NamedEntityTag=O]
[Text=de CharacterOffsetBegin=123 CharacterOffsetEnd=125 PartOfSpeech=ADP Lemma=de NamedEntityTag=O]
[Text=profesores CharacterOffsetBegin=126 CharacterOffsetEnd=136 PartOfSpeech=NOUN Lemma=profesores NamedEntityTag=O]
[Text=amarga CharacterOffsetBegin=137 CharacterOffsetEnd=143 PartOfSpeech=ADJ Lemma=amarga NamedEntityTag=O]
[Text=-- CharacterOffsetBegin=143 CharacterOffsetEnd=145 PartOfSpeech=NUM Lemma=-- NamedEntityTag=O]
[Text=dos CharacterOffsetBegin=146 CharacterOffsetEnd=149 PartOfSpeech=NUM Lemma=dos NamedEntityTag=NUMBER]
[Text=, CharacterOffsetBegin=149 CharacterOffsetEnd=150 PartOfSpeech=PUNCT Lemma=, NamedEntityTag=O]
[Text=que CharacterOffsetBegin=150 CharacterOffsetEnd=153 PartOfSpeech=PRON Lemma=que NamedEntityTag=O]
[Text=llegaron CharacterOffsetBegin=154 CharacterOffsetEnd=162 PartOfSpeech=VERB Lemma=llegaron NamedEntityTag=O]
[Text=antes CharacterOffsetBegin=163 CharacterOffsetEnd=168 PartOfSpeech=ADV Lemma=antes NamedEntityTag=O]
[Text=y CharacterOffsetBegin=169 CharacterOffsetEnd=170 PartOfSpeech=CCONJ Lemma=y NamedEntityTag=O]
[Text=dicen CharacterOffsetBegin=171 CharacterOffsetEnd=176 PartOfSpeech=VERB Lemma=dicen NamedEntityTag=O]
[Text=representar CharacterOffsetBegin=177 CharacterOffsetEnd=188 PartOfSpeech=VERB Lemma=representar NamedEntityTag=O]
[Text=a CharacterOffsetBegin=189 CharacterOffsetEnd=190 PartOfSpeech=ADP Lemma=a NamedEntityTag=O]
[Text=la CharacterOffsetBegin=191 CharacterOffsetEnd=193 PartOfSpeech=DET Lemma=la NamedEntityTag=O]
[Text=mayoria CharacterOffsetBegin=194 CharacterOffsetEnd=201 PartOfSpeech=NOUN Lemma=mayoria NamedEntityTag=O]
[Text=UAG CharacterOffsetBegin=202 CharacterOffsetEnd=205 PartOfSpeech=PROPN Lemma=uag NamedEntityTag=ORGANIZATION]
[Text=. CharacterOffsetBegin=205 CharacterOffsetEnd=206 PartOfSpeech=PUNCT Lemma=. NamedEntityTag=O]

Dependency Parse (enhanced plus plus dependencies):
root(ROOT-0, es-4)
mark(es-4, que-1)
det(desmesurado-3, lo-2)
nsubj(es-4, desmesurado-3)
ccomp(es-4, gastar-5)
det(presupuesto-7, el-6)
obj(gastar-5, presupuesto-7)
case(pueblo-9, del-8)
nmod(presupuesto-7, pueblo-9)
case(campañas-11, en-10)
obl(gastar-5, campañas-11)
amod(campañas-11, políticas-12)
punct(es-4, ;-13)
mark(agredidos-19, que-14)
nsubj(agredidos-19, tambien-15)
aux(agredidos-19, han-16)
mark(agredidos-19, si-17)
mark(agredidos-19, do-18)
advcl(es-4, agredidos-19)
case(grupo-22, por-20)
det(grupo-22, un-21)
obj(agredidos-19, grupo-22)
case(profesores-24, de-23)
nmod(grupo-22, profesores-24)
amod(profesores-24, amarga-25)
appos(grupo-22, ---26)
appos(---26, dos-27)
punct(llegaron-30, ,-28)
nsubj(llegaron-30, que-29)
acl(grupo-22, llegaron-30)
advmod(llegaron-30, antes-31)
cc(dicen-33, y-32)
acl(grupo-22, dicen-33)
conj:y(llegaron-30, dicen-33)
xcomp(dicen-33, representar-34)
case(mayoria-37, a-35)
det(mayoria-37, la-36)
obj(representar-34, mayoria-37)
appos(mayoria-37, UAG-38)
punct(es-4, .-39)

Extracted the following NER entity mentions:
dos	NUMBER	-
UAG	ORGANIZATION	ORGANIZATION:0.7686857382509542

Sentence #2 (104 tokens):
;pero que la gran mayoria se encuen-
tra en este mitin y posteriormente se pediran --
cuentas a ese grupo minoritario;5 oradores coin-
cidieron en señalar que no se retirarán del D.F.
hasta que sean satisfechas sus demandas y criti-
caron el gasto que hacen los partidos en sus cam
pañas;así como el derroche de las autoridades --
de la SEP en cosas que no benefician a los tra--
bajadores;indicaron que mañana efectuarán una ca
campaña de difución de sus demandas tanto en Cen
tros Educativos como en Fabricas ; a las 19.35

Tokens:
[Text=; CharacterOffsetBegin=206 CharacterOffsetEnd=207 PartOfSpeech=PUNCT Lemma=; NamedEntityTag=O]
[Text=pero CharacterOffsetBegin=207 CharacterOffsetEnd=211 PartOfSpeech=CCONJ Lemma=pero NamedEntityTag=O]
[Text=que CharacterOffsetBegin=212 CharacterOffsetEnd=215 PartOfSpeech=SCONJ Lemma=que NamedEntityTag=O]
[Text=la CharacterOffsetBegin=216 CharacterOffsetEnd=218 PartOfSpeech=DET Lemma=la NamedEntityTag=O]
[Text=gran CharacterOffsetBegin=219 CharacterOffsetEnd=223 PartOfSpeech=ADJ Lemma=gran NamedEntityTag=O]
[Text=mayoria CharacterOffsetBegin=224 CharacterOffsetEnd=231 PartOfSpeech=NOUN Lemma=mayoria NamedEntityTag=O]
[Text=se CharacterOffsetBegin=232 CharacterOffsetEnd=234 PartOfSpeech=PRON Lemma=se NamedEntityTag=O]
[Text=encuen CharacterOffsetBegin=235 CharacterOffsetEnd=241 PartOfSpeech=VERB Lemma=encuen NamedEntityTag=O]
[Text=- CharacterOffsetBegin=241 CharacterOffsetEnd=242 PartOfSpeech=PUNCT Lemma=- NamedEntityTag=O]
[Text=tra CharacterOffsetBegin=243 CharacterOffsetEnd=246 PartOfSpeech=NOUN Lemma=tra NamedEntityTag=O]
[Text=en CharacterOffsetBegin=247 CharacterOffsetEnd=249 PartOfSpeech=ADP Lemma=en NamedEntityTag=O]
[Text=este CharacterOffsetBegin=250 CharacterOffsetEnd=254 PartOfSpeech=DET Lemma=este NamedEntityTag=O]
[Text=mitin CharacterOffsetBegin=255 CharacterOffsetEnd=260 PartOfSpeech=NOUN Lemma=mitin NamedEntityTag=O]
[Text=y CharacterOffsetBegin=261 CharacterOffsetEnd=262 PartOfSpeech=CCONJ Lemma=y NamedEntityTag=O]
[Text=posteriormente CharacterOffsetBegin=263 CharacterOffsetEnd=277 PartOfSpeech=ADV Lemma=posteriormente NamedEntityTag=O]
[Text=se CharacterOffsetBegin=278 CharacterOffsetEnd=280 PartOfSpeech=PRON Lemma=se NamedEntityTag=O]
[Text=pediran CharacterOffsetBegin=281 CharacterOffsetEnd=288 PartOfSpeech=VERB Lemma=pediran NamedEntityTag=O]
[Text=-- CharacterOffsetBegin=289 CharacterOffsetEnd=291 PartOfSpeech=NUM Lemma=-- NamedEntityTag=O]
[Text=cuentas CharacterOffsetBegin=292 CharacterOffsetEnd=299 PartOfSpeech=NOUN Lemma=cuentas NamedEntityTag=O]
[Text=a CharacterOffsetBegin=300 CharacterOffsetEnd=301 PartOfSpeech=ADP Lemma=a NamedEntityTag=O]
[Text=ese CharacterOffsetBegin=302 CharacterOffsetEnd=305 PartOfSpeech=DET Lemma=ese NamedEntityTag=O]
[Text=grupo CharacterOffsetBegin=306 CharacterOffsetEnd=311 PartOfSpeech=NOUN Lemma=grupo NamedEntityTag=O]
[Text=minoritario CharacterOffsetBegin=312 CharacterOffsetEnd=323 PartOfSpeech=ADJ Lemma=minoritario NamedEntityTag=O]
[Text=; CharacterOffsetBegin=323 CharacterOffsetEnd=324 PartOfSpeech=PUNCT Lemma=; NamedEntityTag=O]
[Text=5 CharacterOffsetBegin=324 CharacterOffsetEnd=325 PartOfSpeech=NUM Lemma=5 NamedEntityTag=NUMBER NormalizedNamedEntityTag=5.0]
[Text=oradores CharacterOffsetBegin=326 CharacterOffsetEnd=334 PartOfSpeech=NOUN Lemma=oradores NamedEntityTag=O]
[Text=coin CharacterOffsetBegin=335 CharacterOffsetEnd=339 PartOfSpeech=ADJ Lemma=coin NamedEntityTag=O]
[Text=- CharacterOffsetBegin=339 CharacterOffsetEnd=340 PartOfSpeech=PUNCT Lemma=- NamedEntityTag=O]
[Text=cidieron CharacterOffsetBegin=341 CharacterOffsetEnd=349 PartOfSpeech=VERB Lemma=cidieron NamedEntityTag=O]
[Text=en CharacterOffsetBegin=350 CharacterOffsetEnd=352 PartOfSpeech=ADP Lemma=en NamedEntityTag=O]
[Text=señalar CharacterOffsetBegin=353 CharacterOffsetEnd=360 PartOfSpeech=AUX Lemma=señalar NamedEntityTag=O]
[Text=que CharacterOffsetBegin=361 CharacterOffsetEnd=364 PartOfSpeech=SCONJ Lemma=que NamedEntityTag=O]
[Text=no CharacterOffsetBegin=365 CharacterOffsetEnd=367 PartOfSpeech=ADV Lemma=no NamedEntityTag=O]
[Text=se CharacterOffsetBegin=368 CharacterOffsetEnd=370 PartOfSpeech=PRON Lemma=se NamedEntityTag=O]
[Text=retirarán CharacterOffsetBegin=371 CharacterOffsetEnd=380 PartOfSpeech=VERB Lemma=retirarán NamedEntityTag=O]
[Text=del CharacterOffsetBegin=381 CharacterOffsetEnd=384 PartOfSpeech=ADP Lemma=del NamedEntityTag=O]
[Text=D.F. CharacterOffsetBegin=385 CharacterOffsetEnd=389 PartOfSpeech=PROPN Lemma=d.f. NamedEntityTag=O]
[Text=hasta CharacterOffsetBegin=390 CharacterOffsetEnd=395 PartOfSpeech=ADP Lemma=hasta NamedEntityTag=O]
[Text=que CharacterOffsetBegin=396 CharacterOffsetEnd=399 PartOfSpeech=SCONJ Lemma=que NamedEntityTag=O]
[Text=sean CharacterOffsetBegin=400 CharacterOffsetEnd=404 PartOfSpeech=AUX Lemma=sean NamedEntityTag=O]
[Text=satisfechas CharacterOffsetBegin=405 CharacterOffsetEnd=416 PartOfSpeech=ADJ Lemma=satisfechas NamedEntityTag=O]
[Text=sus CharacterOffsetBegin=417 CharacterOffsetEnd=420 PartOfSpeech=DET Lemma=sus NamedEntityTag=O]
[Text=demandas CharacterOffsetBegin=421 CharacterOffsetEnd=429 PartOfSpeech=NOUN Lemma=demandas NamedEntityTag=O]
[Text=y CharacterOffsetBegin=430 CharacterOffsetEnd=431 PartOfSpeech=CCONJ Lemma=y NamedEntityTag=O]
[Text=criti CharacterOffsetBegin=432 CharacterOffsetEnd=437 PartOfSpeech=NOUN Lemma=criti NamedEntityTag=O]
[Text=- CharacterOffsetBegin=437 CharacterOffsetEnd=438 PartOfSpeech=PUNCT Lemma=- NamedEntityTag=O]
[Text=caron CharacterOffsetBegin=439 CharacterOffsetEnd=444 PartOfSpeech=VERB Lemma=caron NamedEntityTag=O]
[Text=el CharacterOffsetBegin=445 CharacterOffsetEnd=447 PartOfSpeech=DET Lemma=el NamedEntityTag=O]
[Text=gasto CharacterOffsetBegin=448 CharacterOffsetEnd=453 PartOfSpeech=NOUN Lemma=gasto NamedEntityTag=O]
[Text=que CharacterOffsetBegin=454 CharacterOffsetEnd=457 PartOfSpeech=PRON Lemma=que NamedEntityTag=O]
[Text=hacen CharacterOffsetBegin=458 CharacterOffsetEnd=463 PartOfSpeech=VERB Lemma=hacen NamedEntityTag=O]
[Text=los CharacterOffsetBegin=464 CharacterOffsetEnd=467 PartOfSpeech=DET Lemma=los NamedEntityTag=O]
[Text=partidos CharacterOffsetBegin=468 CharacterOffsetEnd=476 PartOfSpeech=NOUN Lemma=partidos NamedEntityTag=O]
[Text=en CharacterOffsetBegin=477 CharacterOffsetEnd=479 PartOfSpeech=ADP Lemma=en NamedEntityTag=O]
[Text=sus CharacterOffsetBegin=480 CharacterOffsetEnd=483 PartOfSpeech=DET Lemma=sus NamedEntityTag=O]
[Text=cam CharacterOffsetBegin=484 CharacterOffsetEnd=487 PartOfSpeech=NOUN Lemma=cam NamedEntityTag=O]
[Text=pañas CharacterOffsetBegin=488 CharacterOffsetEnd=493 PartOfSpeech=ADJ Lemma=pañas NamedEntityTag=O]
[Text=; CharacterOffsetBegin=493 CharacterOffsetEnd=494 PartOfSpeech=PUNCT Lemma=; NamedEntityTag=O]
[Text=así CharacterOffsetBegin=494 CharacterOffsetEnd=497 PartOfSpeech=ADV Lemma=así NamedEntityTag=O]
[Text=como CharacterOffsetBegin=498 CharacterOffsetEnd=502 PartOfSpeech=SCONJ Lemma=como NamedEntityTag=O]
[Text=el CharacterOffsetBegin=503 CharacterOffsetEnd=505 PartOfSpeech=DET Lemma=el NamedEntityTag=O]
[Text=derroche CharacterOffsetBegin=506 CharacterOffsetEnd=514 PartOfSpeech=NOUN Lemma=derroche NamedEntityTag=O]
[Text=de CharacterOffsetBegin=515 CharacterOffsetEnd=517 PartOfSpeech=ADP Lemma=de NamedEntityTag=O]
[Text=las CharacterOffsetBegin=518 CharacterOffsetEnd=521 PartOfSpeech=DET Lemma=las NamedEntityTag=O]
[Text=autoridades CharacterOffsetBegin=522 CharacterOffsetEnd=533 PartOfSpeech=NOUN Lemma=autoridades NamedEntityTag=O]
[Text=-- CharacterOffsetBegin=534 CharacterOffsetEnd=536 PartOfSpeech=NUM Lemma=-- NamedEntityTag=O]
[Text=de CharacterOffsetBegin=537 CharacterOffsetEnd=539 PartOfSpeech=ADP Lemma=de NamedEntityTag=O]
[Text=la CharacterOffsetBegin=540 CharacterOffsetEnd=542 PartOfSpeech=DET Lemma=la NamedEntityTag=O]
[Text=SEP CharacterOffsetBegin=543 CharacterOffsetEnd=546 PartOfSpeech=PROPN Lemma=sep NamedEntityTag=ORGANIZATION]
[Text=en CharacterOffsetBegin=547 CharacterOffsetEnd=549 PartOfSpeech=ADP Lemma=en NamedEntityTag=O]
[Text=cosas CharacterOffsetBegin=550 CharacterOffsetEnd=555 PartOfSpeech=NOUN Lemma=cosas NamedEntityTag=O]
[Text=que CharacterOffsetBegin=556 CharacterOffsetEnd=559 PartOfSpeech=PRON Lemma=que NamedEntityTag=O]
[Text=no CharacterOffsetBegin=560 CharacterOffsetEnd=562 PartOfSpeech=ADV Lemma=no NamedEntityTag=O]
[Text=benefician CharacterOffsetBegin=563 CharacterOffsetEnd=573 PartOfSpeech=VERB Lemma=benefician NamedEntityTag=O]
[Text=a CharacterOffsetBegin=574 CharacterOffsetEnd=575 PartOfSpeech=ADP Lemma=a NamedEntityTag=O]
[Text=los CharacterOffsetBegin=576 CharacterOffsetEnd=579 PartOfSpeech=DET Lemma=los NamedEntityTag=O]
[Text=tra CharacterOffsetBegin=580 CharacterOffsetEnd=583 PartOfSpeech=NOUN Lemma=tra NamedEntityTag=O]
[Text=-- CharacterOffsetBegin=583 CharacterOffsetEnd=585 PartOfSpeech=NUM Lemma=-- NamedEntityTag=O]
[Text=bajadores CharacterOffsetBegin=586 CharacterOffsetEnd=595 PartOfSpeech=NOUN Lemma=bajadores NamedEntityTag=O]
[Text=; CharacterOffsetBegin=595 CharacterOffsetEnd=596 PartOfSpeech=PUNCT Lemma=; NamedEntityTag=O]
[Text=indicaron CharacterOffsetBegin=596 CharacterOffsetEnd=605 PartOfSpeech=VERB Lemma=indicaron NamedEntityTag=O]
[Text=que CharacterOffsetBegin=606 CharacterOffsetEnd=609 PartOfSpeech=SCONJ Lemma=que NamedEntityTag=O]
[Text=mañana CharacterOffsetBegin=610 CharacterOffsetEnd=616 PartOfSpeech=ADV Lemma=mañana NamedEntityTag=DATE NormalizedNamedEntityTag=OFFSET P1D Timex=<TIMEX3 alt_value="OFFSET P1D" anchorTimeID="t0" temporalFunction="true" tid="t1" type="DATE" valueFromFunction="tf0">maￃﾱana</TIMEX3>]
[Text=efectuarán CharacterOffsetBegin=617 CharacterOffsetEnd=627 PartOfSpeech=VERB Lemma=efectuarán NamedEntityTag=O]
[Text=una CharacterOffsetBegin=628 CharacterOffsetEnd=631 PartOfSpeech=DET Lemma=una NamedEntityTag=O]
[Text=ca CharacterOffsetBegin=632 CharacterOffsetEnd=634 PartOfSpeech=NOUN Lemma=ca NamedEntityTag=O]
[Text=campaña CharacterOffsetBegin=635 CharacterOffsetEnd=642 PartOfSpeech=NOUN Lemma=campaña NamedEntityTag=O]
[Text=de CharacterOffsetBegin=643 CharacterOffsetEnd=645 PartOfSpeech=ADP Lemma=de NamedEntityTag=O]
[Text=difución CharacterOffsetBegin=646 CharacterOffsetEnd=654 PartOfSpeech=NOUN Lemma=difución NamedEntityTag=O]
[Text=de CharacterOffsetBegin=655 CharacterOffsetEnd=657 PartOfSpeech=ADP Lemma=de NamedEntityTag=O]
[Text=sus CharacterOffsetBegin=658 CharacterOffsetEnd=661 PartOfSpeech=DET Lemma=sus NamedEntityTag=O]
[Text=demandas CharacterOffsetBegin=662 CharacterOffsetEnd=670 PartOfSpeech=NOUN Lemma=demandas NamedEntityTag=O]
[Text=tanto CharacterOffsetBegin=671 CharacterOffsetEnd=676 PartOfSpeech=ADV Lemma=tanto NamedEntityTag=O]
[Text=en CharacterOffsetBegin=677 CharacterOffsetEnd=679 PartOfSpeech=ADP Lemma=en NamedEntityTag=O]
[Text=Cen CharacterOffsetBegin=680 CharacterOffsetEnd=683 PartOfSpeech=PROPN Lemma=cen NamedEntityTag=LOCATION]
[Text=tros CharacterOffsetBegin=684 CharacterOffsetEnd=688 PartOfSpeech=PROPN Lemma=tros NamedEntityTag=O]
[Text=Educativos CharacterOffsetBegin=689 CharacterOffsetEnd=699 PartOfSpeech=PROPN Lemma=educativos NamedEntityTag=O]
[Text=como CharacterOffsetBegin=700 CharacterOffsetEnd=704 PartOfSpeech=SCONJ Lemma=como NamedEntityTag=O]
[Text=en CharacterOffsetBegin=705 CharacterOffsetEnd=707 PartOfSpeech=ADP Lemma=en NamedEntityTag=O]
[Text=Fabricas CharacterOffsetBegin=708 CharacterOffsetEnd=716 PartOfSpeech=PROPN Lemma=fabricas NamedEntityTag=MISC]
[Text=; CharacterOffsetBegin=717 CharacterOffsetEnd=718 PartOfSpeech=PUNCT Lemma=; NamedEntityTag=O]
[Text=a CharacterOffsetBegin=719 CharacterOffsetEnd=720 PartOfSpeech=ADP Lemma=a NamedEntityTag=O]
[Text=las CharacterOffsetBegin=721 CharacterOffsetEnd=724 PartOfSpeech=DET Lemma=las NamedEntityTag=O]
[Text=19.35 CharacterOffsetBegin=725 CharacterOffsetEnd=730 PartOfSpeech=NOUN Lemma=19.35 NamedEntityTag=NUMBER NormalizedNamedEntityTag=19.35]

Dependency Parse (enhanced plus plus dependencies):
root(ROOT-0, encuen-8)
punct(encuen-8, ;-1)
cc(encuen-8, pero-2)
mark(encuen-8, que-3)
det(mayoria-6, la-4)
amod(mayoria-6, gran-5)
nsubj(encuen-8, mayoria-6)
obj(encuen-8, se-7)
punct(tra-10, --9)
obj(encuen-8, tra-10)
case(mitin-13, en-11)
det(mitin-13, este-12)
nmod(tra-10, mitin-13)
cc(pediran-17, y-14)
advmod(pediran-17, posteriormente-15)
obj(pediran-17, se-16)
conj:y(encuen-8, pediran-17)
nummod(cuentas-19, ---18)
obj(pediran-17, cuentas-19)
case(grupo-22, a-20)
det(grupo-22, ese-21)
obl(cidieron-29, grupo-22)
amod(grupo-22, minoritario-23)
punct(grupo-22, ;-24)
nummod(oradores-26, 5-25)
nsubj(cidieron-29, oradores-26)
amod(oradores-26, coin-27)
punct(cidieron-29, --28)
advcl(pediran-17, cidieron-29)
mark(retirarán-35, en-30)
aux(retirarán-35, señalar-31)
mark(retirarán-35, que-32)
advmod(retirarán-35, no-33)
obj(retirarán-35, se-34)
ccomp(cidieron-29, retirarán-35)
case(D.F.-37, del-36)
obl(retirarán-35, D.F.-37)
mark(satisfechas-41, hasta-38)
mark(satisfechas-41, que-39)
cop(satisfechas-41, sean-40)
advcl(retirarán-35, satisfechas-41)
det(demandas-43, sus-42)
obj(satisfechas-41, demandas-43)
cc(criti-45, y-44)
obj(satisfechas-41, criti-45)
conj:y(demandas-43, criti-45)
punct(caron-47, --46)
advcl(retirarán-35, caron-47)
det(gasto-49, el-48)
obj(caron-47, gasto-49)
obj(hacen-51, que-50)
acl(gasto-49, hacen-51)
det(partidos-53, los-52)
nsubj(hacen-51, partidos-53)
case(cam-56, en-54)
det(cam-56, sus-55)
obl(hacen-51, cam-56)
amod(cam-56, pañas-57)
punct(encuen-8, ;-58)
cc(encuen-8, así-59)
fixed(así-59, como-60)
det(derroche-62, el-61)
nsubj(así-59, derroche-62)
case(autoridades-65, de-63)
det(autoridades-65, las-64)
nmod(derroche-62, autoridades-65)
nummod(autoridades-65, ---66)
case(SEP-69, de-67)
det(SEP-69, la-68)
nmod(autoridades-65, SEP-69)
case(cosas-71, en-70)
nmod(derroche-62, cosas-71)
nsubj(benefician-74, que-72)
advmod(benefician-74, no-73)
acl(cosas-71, benefician-74)
case(tra-77, a-75)
det(tra-77, los-76)
obj(benefician-74, tra-77)
nummod(bajadores-79, ---78)
appos(tra-77, bajadores-79)
punct(encuen-8, ;-80)
advcl(encuen-8, indicaron-81)
mark(efectuarán-84, que-82)
advmod(efectuarán-84, mañana-83)
ccomp(indicaron-81, efectuarán-84)
det(ca-86, una-85)
obj(efectuarán-84, ca-86)
nmod(ca-86, campaña-87)
case(difución-89, de-88)
nmod(campaña-87, difución-89)
case(demandas-92, de-90)
det(demandas-92, sus-91)
nmod(ca-86, demandas-92)
cc(Cen-95, tanto-93)
case(Cen-95, en-94)
obl(efectuarán-84, Cen-95)
flat(Cen-95, tros-96)
flat(Cen-95, Educativos-97)
mark(Fabricas-100, como-98)
case(Fabricas-100, en-99)
nmod(Cen-95, Fabricas-100)
punct(19.35-104, ;-101)
case(19.35-104, a-102)
det(19.35-104, las-103)
conj(Cen-95, 19.35-104)

Extracted the following NER entity mentions:
5	NUMBER	NUMBER:-1.0
SEP	ORGANIZATION	ORGANIZATION:0.7370673377848331
mañana	DATE	DATE:-1.0
Cen	LOCATION	LOCATION:0.48943917970075584
Fabricas	MISC	MISC:0.7308065117016225
19.35	NUMBER	NUMBER:-1.0
