Document: ID=file_165.txt (8 sentences, 146 tokens)

Sentence #1 (21 tokens):
ocurriría, otro grupo izo en el asta bandera ---
una cartulina con el rostro de Genero Vázquez -
Rojas.

Tokens:
[Text=ocurriría CharacterOffsetBegin=0 CharacterOffsetEnd=9 PartOfSpeech=VERB Lemma=ocurriría NamedEntityTag=O]
[Text=, CharacterOffsetBegin=9 CharacterOffsetEnd=10 PartOfSpeech=PUNCT Lemma=, NamedEntityTag=O]
[Text=otro CharacterOffsetBegin=11 CharacterOffsetEnd=15 PartOfSpeech=DET Lemma=otro NamedEntityTag=O]
[Text=grupo CharacterOffsetBegin=16 CharacterOffsetEnd=21 PartOfSpeech=NOUN Lemma=grupo NamedEntityTag=O]
[Text=izo CharacterOffsetBegin=22 CharacterOffsetEnd=25 PartOfSpeech=ADJ Lemma=izo NamedEntityTag=O]
[Text=en CharacterOffsetBegin=26 CharacterOffsetEnd=28 PartOfSpeech=ADP Lemma=en NamedEntityTag=O]
[Text=el CharacterOffsetBegin=29 CharacterOffsetEnd=31 PartOfSpeech=DET Lemma=el NamedEntityTag=O]
[Text=asta CharacterOffsetBegin=32 CharacterOffsetEnd=36 PartOfSpeech=ADJ Lemma=asta NamedEntityTag=O]
[Text=bandera CharacterOffsetBegin=37 CharacterOffsetEnd=44 PartOfSpeech=NOUN Lemma=bandera NamedEntityTag=O]
[Text=--- CharacterOffsetBegin=45 CharacterOffsetEnd=48 PartOfSpeech=NUM Lemma=--- NamedEntityTag=O]
[Text=una CharacterOffsetBegin=49 CharacterOffsetEnd=52 PartOfSpeech=DET Lemma=una NamedEntityTag=O]
[Text=cartulina CharacterOffsetBegin=53 CharacterOffsetEnd=62 PartOfSpeech=NOUN Lemma=cartulina NamedEntityTag=O]
[Text=con CharacterOffsetBegin=63 CharacterOffsetEnd=66 PartOfSpeech=ADP Lemma=con NamedEntityTag=O]
[Text=el CharacterOffsetBegin=67 CharacterOffsetEnd=69 PartOfSpeech=DET Lemma=el NamedEntityTag=O]
[Text=rostro CharacterOffsetBegin=70 CharacterOffsetEnd=76 PartOfSpeech=NOUN Lemma=rostro NamedEntityTag=O]
[Text=de CharacterOffsetBegin=77 CharacterOffsetEnd=79 PartOfSpeech=ADP Lemma=de NamedEntityTag=O]
[Text=Genero CharacterOffsetBegin=80 CharacterOffsetEnd=86 PartOfSpeech=PROPN Lemma=genero NamedEntityTag=PERSON]
[Text=Vázquez CharacterOffsetBegin=87 CharacterOffsetEnd=94 PartOfSpeech=PROPN Lemma=vázquez NamedEntityTag=PERSON]
[Text=- CharacterOffsetBegin=95 CharacterOffsetEnd=96 PartOfSpeech=PUNCT Lemma=- NamedEntityTag=O]
[Text=Rojas CharacterOffsetBegin=97 CharacterOffsetEnd=102 PartOfSpeech=PROPN Lemma=rojas NamedEntityTag=O]
[Text=. CharacterOffsetBegin=102 CharacterOffsetEnd=103 PartOfSpeech=PUNCT Lemma=. NamedEntityTag=O]

Dependency Parse (enhanced plus plus dependencies):
root(ROOT-0, ocurriría-1)
punct(ocurriría-1, ,-2)
det(grupo-4, otro-3)
obj(ocurriría-1, grupo-4)
amod(grupo-4, izo-5)
case(bandera-9, en-6)
det(bandera-9, el-7)
amod(bandera-9, asta-8)
nmod(grupo-4, bandera-9)
appos(bandera-9, ----10)
det(cartulina-12, una-11)
appos(bandera-9, cartulina-12)
case(rostro-15, con-13)
det(rostro-15, el-14)
nmod(cartulina-12, rostro-15)
case(Genero-17, de-16)
nmod(rostro-15, Genero-17)
flat(Genero-17, Vázquez-18)
punct(Rojas-20, --19)
appos(rostro-15, Rojas-20)
punct(ocurriría-1, .-21)

Extracted the following NER entity mentions:
Genero Vázquez	PERSON	PERSON:0.9958077785593676

Sentence #2 (35 tokens):
-Asimismo fue distribuida propaganda ma-
nuscrita en la que se mencionaba que agredir a-
la Universidad es agredir al pueblo, Unete Pue-
blo mueran como perros L.E.A y FIGUEROA.

Tokens:
[Text=- CharacterOffsetBegin=104 CharacterOffsetEnd=105 PartOfSpeech=PUNCT Lemma=- NamedEntityTag=O]
[Text=Asimismo CharacterOffsetBegin=105 CharacterOffsetEnd=113 PartOfSpeech=ADV Lemma=asimismo NamedEntityTag=O]
[Text=fue CharacterOffsetBegin=114 CharacterOffsetEnd=117 PartOfSpeech=AUX Lemma=fue NamedEntityTag=O]
[Text=distribuida CharacterOffsetBegin=118 CharacterOffsetEnd=129 PartOfSpeech=ADJ Lemma=distribuida NamedEntityTag=O]
[Text=propaganda CharacterOffsetBegin=130 CharacterOffsetEnd=140 PartOfSpeech=NOUN Lemma=propaganda NamedEntityTag=O]
[Text=ma CharacterOffsetBegin=141 CharacterOffsetEnd=143 PartOfSpeech=PROPN Lemma=ma NamedEntityTag=O]
[Text=- CharacterOffsetBegin=143 CharacterOffsetEnd=144 PartOfSpeech=PUNCT Lemma=- NamedEntityTag=O]
[Text=nuscrita CharacterOffsetBegin=145 CharacterOffsetEnd=153 PartOfSpeech=ADJ Lemma=nuscrita NamedEntityTag=O]
[Text=en CharacterOffsetBegin=154 CharacterOffsetEnd=156 PartOfSpeech=ADP Lemma=en NamedEntityTag=O]
[Text=la CharacterOffsetBegin=157 CharacterOffsetEnd=159 PartOfSpeech=DET Lemma=la NamedEntityTag=O]
[Text=que CharacterOffsetBegin=160 CharacterOffsetEnd=163 PartOfSpeech=PRON Lemma=que NamedEntityTag=O]
[Text=se CharacterOffsetBegin=164 CharacterOffsetEnd=166 PartOfSpeech=PRON Lemma=se NamedEntityTag=O]
[Text=mencionaba CharacterOffsetBegin=167 CharacterOffsetEnd=177 PartOfSpeech=VERB Lemma=mencionaba NamedEntityTag=O]
[Text=que CharacterOffsetBegin=178 CharacterOffsetEnd=181 PartOfSpeech=SCONJ Lemma=que NamedEntityTag=O]
[Text=agredir CharacterOffsetBegin=182 CharacterOffsetEnd=189 PartOfSpeech=VERB Lemma=agredir NamedEntityTag=O]
[Text=a CharacterOffsetBegin=190 CharacterOffsetEnd=191 PartOfSpeech=ADP Lemma=a NamedEntityTag=O]
[Text=- CharacterOffsetBegin=191 CharacterOffsetEnd=192 PartOfSpeech=PUNCT Lemma=- NamedEntityTag=O]
[Text=la CharacterOffsetBegin=193 CharacterOffsetEnd=195 PartOfSpeech=DET Lemma=la NamedEntityTag=O]
[Text=Universidad CharacterOffsetBegin=196 CharacterOffsetEnd=207 PartOfSpeech=PROPN Lemma=universidad NamedEntityTag=ORGANIZATION]
[Text=es CharacterOffsetBegin=208 CharacterOffsetEnd=210 PartOfSpeech=AUX Lemma=es NamedEntityTag=O]
[Text=agredir CharacterOffsetBegin=211 CharacterOffsetEnd=218 PartOfSpeech=VERB Lemma=agredir NamedEntityTag=O]
[Text=al CharacterOffsetBegin=219 CharacterOffsetEnd=221 PartOfSpeech=ADP Lemma=al NamedEntityTag=O]
[Text=pueblo CharacterOffsetBegin=222 CharacterOffsetEnd=228 PartOfSpeech=NOUN Lemma=pueblo NamedEntityTag=O]
[Text=, CharacterOffsetBegin=228 CharacterOffsetEnd=229 PartOfSpeech=PUNCT Lemma=, NamedEntityTag=O]
[Text=Unete CharacterOffsetBegin=230 CharacterOffsetEnd=235 PartOfSpeech=PROPN Lemma=unete NamedEntityTag=PERSON]
[Text=Pue CharacterOffsetBegin=236 CharacterOffsetEnd=239 PartOfSpeech=PROPN Lemma=pue NamedEntityTag=PERSON]
[Text=- CharacterOffsetBegin=239 CharacterOffsetEnd=240 PartOfSpeech=PUNCT Lemma=- NamedEntityTag=PERSON]
[Text=blo CharacterOffsetBegin=241 CharacterOffsetEnd=244 PartOfSpeech=NOUN Lemma=blo NamedEntityTag=O]
[Text=mueran CharacterOffsetBegin=245 CharacterOffsetEnd=251 PartOfSpeech=VERB Lemma=mueran NamedEntityTag=O]
[Text=como CharacterOffsetBegin=252 CharacterOffsetEnd=256 PartOfSpeech=SCONJ Lemma=como NamedEntityTag=O]
[Text=perros CharacterOffsetBegin=257 CharacterOffsetEnd=263 PartOfSpeech=NOUN Lemma=perros NamedEntityTag=O]
[Text=L.E.A CharacterOffsetBegin=264 CharacterOffsetEnd=269 PartOfSpeech=PROPN Lemma=l.e.a NamedEntityTag=O]
[Text=y CharacterOffsetBegin=270 CharacterOffsetEnd=271 PartOfSpeech=CCONJ Lemma=y NamedEntityTag=O]
[Text=FIGUEROA CharacterOffsetBegin=272 CharacterOffsetEnd=280 PartOfSpeech=PROPN Lemma=figueroa NamedEntityTag=ORGANIZATION]
[Text=. CharacterOffsetBegin=280 CharacterOffsetEnd=281 PartOfSpeech=PUNCT Lemma=. NamedEntityTag=O]

Dependency Parse (enhanced plus plus dependencies):
root(ROOT-0, mueran-29)
punct(propaganda-5, --1)
advmod(propaganda-5, Asimismo-2)
cop(propaganda-5, fue-3)
amod(propaganda-5, distribuida-4)
obl(mueran-29, propaganda-5)
appos(propaganda-5, ma-6)
punct(propaganda-5, --7)
amod(propaganda-5, nuscrita-8)
case(que-11, en-9)
det(que-11, la-10)
obl(mencionaba-13, que-11)
iobj(mencionaba-13, se-12)
acl(propaganda-5, mencionaba-13)
mark(agredir-15, que-14)
ccomp(mencionaba-13, agredir-15)
mark(agredir-21, a-16)
punct(agredir-21, --17)
det(Universidad-19, la-18)
nsubj(agredir-21, Universidad-19)
aux(agredir-21, es-20)
advcl(agredir-15, agredir-21)
case(pueblo-23, al-22)
obj(agredir-21, pueblo-23)
punct(propaganda-5, ,-24)
appos(propaganda-5, Unete-25)
flat(Unete-25, Pue-26)
punct(propaganda-5, --27)
nsubj(mueran-29, blo-28)
mark(perros-31, como-30)
obl(mueran-29, perros-31)
appos(perros-31, L.E.A-32)
cc(FIGUEROA-34, y-33)
appos(perros-31, FIGUEROA-34)
conj:y(L.E.A-32, FIGUEROA-34)
punct(mueran-29, .-35)

Extracted the following NER entity mentions:
Universidad	ORGANIZATION	ORGANIZATION:0.9648683140948843
Unete Pue-	PERSON	PERSON:0.3766526006137106
FIGUEROA	ORGANIZATION	ORGANIZATION:0.3622138505439007

Sentence #3 (7 tokens):
- - -
Chilpancingo, Gro.

Tokens:
[Text=- CharacterOffsetBegin=281 CharacterOffsetEnd=282 PartOfSpeech=PUNCT Lemma=- NamedEntityTag=O]
[Text=- CharacterOffsetBegin=283 CharacterOffsetEnd=284 PartOfSpeech=PUNCT Lemma=- NamedEntityTag=O]
[Text=- CharacterOffsetBegin=285 CharacterOffsetEnd=286 PartOfSpeech=PUNCT Lemma=- NamedEntityTag=O]
[Text=Chilpancingo CharacterOffsetBegin=287 CharacterOffsetEnd=299 PartOfSpeech=PROPN Lemma=chilpancingo NamedEntityTag=CITY]
[Text=, CharacterOffsetBegin=299 CharacterOffsetEnd=300 PartOfSpeech=PUNCT Lemma=, NamedEntityTag=O]
[Text=Gro CharacterOffsetBegin=301 CharacterOffsetEnd=304 PartOfSpeech=PROPN Lemma=gro NamedEntityTag=PERSON]
[Text=. CharacterOffsetBegin=304 CharacterOffsetEnd=305 PartOfSpeech=PUNCT Lemma=. NamedEntityTag=O]

Dependency Parse (enhanced plus plus dependencies):
root(ROOT-0, Chilpancingo-4)
punct(Chilpancingo-4, --1)
punct(Chilpancingo-4, --2)
punct(Chilpancingo-4, --3)
punct(Gro-6, ,-5)
flat(Chilpancingo-4, Gro-6)
punct(Chilpancingo-4, .-7)

Extracted the following NER entity mentions:
Chilpancingo	CITY	LOCATION:0.948966739252387
Gro	PERSON	PERSON:0.45662752818495406

Sentence #4 (11 tokens):
aproximadamente 40 estudiantes
de los llamados PORROS simpatizantes del Lic.

Tokens:
[Text=aproximadamente CharacterOffsetBegin=306 CharacterOffsetEnd=321 PartOfSpeech=ADV Lemma=aproximadamente NamedEntityTag=O]
[Text=40 CharacterOffsetBegin=322 CharacterOffsetEnd=324 PartOfSpeech=NUM Lemma=40 NamedEntityTag=NUMBER NormalizedNamedEntityTag=40.0]
[Text=estudiantes CharacterOffsetBegin=325 CharacterOffsetEnd=336 PartOfSpeech=NOUN Lemma=estudiantes NamedEntityTag=O]
[Text=de CharacterOffsetBegin=337 CharacterOffsetEnd=339 PartOfSpeech=ADP Lemma=de NamedEntityTag=O]
[Text=los CharacterOffsetBegin=340 CharacterOffsetEnd=343 PartOfSpeech=DET Lemma=los NamedEntityTag=O]
[Text=llamados CharacterOffsetBegin=344 CharacterOffsetEnd=352 PartOfSpeech=ADJ Lemma=llamados NamedEntityTag=O]
[Text=PORROS CharacterOffsetBegin=353 CharacterOffsetEnd=359 PartOfSpeech=PROPN Lemma=porros NamedEntityTag=O]
[Text=simpatizantes CharacterOffsetBegin=360 CharacterOffsetEnd=373 PartOfSpeech=ADJ Lemma=simpatizantes NamedEntityTag=O]
[Text=del CharacterOffsetBegin=374 CharacterOffsetEnd=377 PartOfSpeech=ADP Lemma=del NamedEntityTag=O]
[Text=Lic CharacterOffsetBegin=378 CharacterOffsetEnd=381 PartOfSpeech=PROPN Lemma=lic NamedEntityTag=O]
[Text=. CharacterOffsetBegin=381 CharacterOffsetEnd=382 PartOfSpeech=PUNCT Lemma=. NamedEntityTag=O]

Dependency Parse (enhanced plus plus dependencies):
root(ROOT-0, estudiantes-3)
advmod(estudiantes-3, aproximadamente-1)
nummod(estudiantes-3, 40-2)
case(PORROS-7, de-4)
det(PORROS-7, los-5)
amod(PORROS-7, llamados-6)
nmod(estudiantes-3, PORROS-7)
amod(PORROS-7, simpatizantes-8)
case(Lic-10, del-9)
flat(PORROS-7, Lic-10)
punct(estudiantes-3, .-11)

Extracted the following NER entity mentions:
40	NUMBER	NUMBER:-1.0

Sentence #5 (19 tokens):
-
ALFONSO LOPEZ BELLO, en día 18 del acutal seguía
posesionados de la Rectoría de esta Universidad.

Tokens:
[Text=- CharacterOffsetBegin=383 CharacterOffsetEnd=384 PartOfSpeech=PUNCT Lemma=- NamedEntityTag=O]
[Text=ALFONSO CharacterOffsetBegin=385 CharacterOffsetEnd=392 PartOfSpeech=NOUN Lemma=alfonso NamedEntityTag=PERSON]
[Text=LOPEZ CharacterOffsetBegin=393 CharacterOffsetEnd=398 PartOfSpeech=ADJ Lemma=lopez NamedEntityTag=PERSON]
[Text=BELLO CharacterOffsetBegin=399 CharacterOffsetEnd=404 PartOfSpeech=ADJ Lemma=bello NamedEntityTag=PERSON]
[Text=, CharacterOffsetBegin=404 CharacterOffsetEnd=405 PartOfSpeech=PUNCT Lemma=, NamedEntityTag=O]
[Text=en CharacterOffsetBegin=406 CharacterOffsetEnd=408 PartOfSpeech=ADP Lemma=en NamedEntityTag=O]
[Text=día CharacterOffsetBegin=409 CharacterOffsetEnd=412 PartOfSpeech=NOUN Lemma=día NamedEntityTag=O]
[Text=18 CharacterOffsetBegin=413 CharacterOffsetEnd=415 PartOfSpeech=NUM Lemma=18 NamedEntityTag=NUMBER NormalizedNamedEntityTag=18.0]
[Text=del CharacterOffsetBegin=416 CharacterOffsetEnd=419 PartOfSpeech=ADP Lemma=del NamedEntityTag=O]
[Text=acutal CharacterOffsetBegin=420 CharacterOffsetEnd=426 PartOfSpeech=NOUN Lemma=acutal NamedEntityTag=O]
[Text=seguía CharacterOffsetBegin=427 CharacterOffsetEnd=433 PartOfSpeech=AUX Lemma=seguía NamedEntityTag=O]
[Text=posesionados CharacterOffsetBegin=434 CharacterOffsetEnd=446 PartOfSpeech=ADJ Lemma=posesionados NamedEntityTag=O]
[Text=de CharacterOffsetBegin=447 CharacterOffsetEnd=449 PartOfSpeech=ADP Lemma=de NamedEntityTag=O]
[Text=la CharacterOffsetBegin=450 CharacterOffsetEnd=452 PartOfSpeech=DET Lemma=la NamedEntityTag=O]
[Text=Rectoría CharacterOffsetBegin=453 CharacterOffsetEnd=461 PartOfSpeech=PROPN Lemma=rectoría NamedEntityTag=ORGANIZATION]
[Text=de CharacterOffsetBegin=462 CharacterOffsetEnd=464 PartOfSpeech=ADP Lemma=de NamedEntityTag=O]
[Text=esta CharacterOffsetBegin=465 CharacterOffsetEnd=469 PartOfSpeech=DET Lemma=esta NamedEntityTag=O]
[Text=Universidad CharacterOffsetBegin=470 CharacterOffsetEnd=481 PartOfSpeech=PROPN Lemma=universidad NamedEntityTag=ORGANIZATION]
[Text=. CharacterOffsetBegin=481 CharacterOffsetEnd=482 PartOfSpeech=PUNCT Lemma=. NamedEntityTag=O]

Dependency Parse (enhanced plus plus dependencies):
root(ROOT-0, ALFONSO-2)
punct(ALFONSO-2, --1)
amod(ALFONSO-2, LOPEZ-3)
amod(ALFONSO-2, BELLO-4)
punct(día-7, ,-5)
case(día-7, en-6)
obl(posesionados-12, día-7)
compound(día-7, 18-8)
case(acutal-10, del-9)
obl(posesionados-12, acutal-10)
cop(posesionados-12, seguía-11)
acl(ALFONSO-2, posesionados-12)
case(Rectoría-15, de-13)
det(Rectoría-15, la-14)
nmod(posesionados-12, Rectoría-15)
case(Universidad-18, de-16)
det(Universidad-18, esta-17)
flat(Rectoría-15, Universidad-18)
punct(ALFONSO-2, .-19)

Extracted the following NER entity mentions:
ALFONSO LOPEZ BELLO	PERSON	PERSON:0.7128050545115098
18	NUMBER	NUMBER:-1.0
Rectoría	ORGANIZATION	ORGANIZATION:0.643120248182274
Universidad	ORGANIZATION	ORGANIZATION:0.9185779660600386

Sentence #6 (15 tokens):
Por otra parte, estudiantes a fines al Dr. WENCES
REZA  y del Quim.

Tokens:
[Text=Por CharacterOffsetBegin=483 CharacterOffsetEnd=486 PartOfSpeech=ADP Lemma=por NamedEntityTag=O]
[Text=otra CharacterOffsetBegin=487 CharacterOffsetEnd=491 PartOfSpeech=NOUN Lemma=otra NamedEntityTag=O]
[Text=parte CharacterOffsetBegin=492 CharacterOffsetEnd=497 PartOfSpeech=NOUN Lemma=parte NamedEntityTag=O]
[Text=, CharacterOffsetBegin=497 CharacterOffsetEnd=498 PartOfSpeech=PUNCT Lemma=, NamedEntityTag=O]
[Text=estudiantes CharacterOffsetBegin=499 CharacterOffsetEnd=510 PartOfSpeech=NOUN Lemma=estudiantes NamedEntityTag=O]
[Text=a CharacterOffsetBegin=511 CharacterOffsetEnd=512 PartOfSpeech=ADP Lemma=a NamedEntityTag=O]
[Text=fines CharacterOffsetBegin=513 CharacterOffsetEnd=518 PartOfSpeech=NOUN Lemma=fines NamedEntityTag=O]
[Text=al CharacterOffsetBegin=519 CharacterOffsetEnd=521 PartOfSpeech=ADP Lemma=al NamedEntityTag=O]
[Text=Dr. CharacterOffsetBegin=522 CharacterOffsetEnd=525 PartOfSpeech=PROPN Lemma=dr. NamedEntityTag=PERSON]
[Text=WENCES CharacterOffsetBegin=526 CharacterOffsetEnd=532 PartOfSpeech=PROPN Lemma=wences NamedEntityTag=PERSON]
[Text=REZA CharacterOffsetBegin=533 CharacterOffsetEnd=537 PartOfSpeech=PROPN Lemma=reza NamedEntityTag=PERSON]
[Text=y CharacterOffsetBegin=539 CharacterOffsetEnd=540 PartOfSpeech=CCONJ Lemma=y NamedEntityTag=O]
[Text=del CharacterOffsetBegin=541 CharacterOffsetEnd=544 PartOfSpeech=ADP Lemma=del NamedEntityTag=O]
[Text=Quim CharacterOffsetBegin=545 CharacterOffsetEnd=549 PartOfSpeech=PROPN Lemma=quim NamedEntityTag=PERSON]
[Text=. CharacterOffsetBegin=549 CharacterOffsetEnd=550 PartOfSpeech=PUNCT Lemma=. NamedEntityTag=O]

Dependency Parse (enhanced plus plus dependencies):
root(ROOT-0, parte-3)
case(parte-3, Por-1)
det(parte-3, otra-2)
punct(parte-3, ,-4)
appos(parte-3, estudiantes-5)
appos(parte-3, estudiantes-5''')
conj:y(estudiantes-5, estudiantes-5''')
advmod(estudiantes-5, a-6)
fixed(a-6, fines-7)
case(Dr.-9, al-8)
nmod(estudiantes-5, Dr.-9)
flat(Dr.-9, WENCES-10)
flat(Dr.-9, REZA-11)
cc(estudiantes-5''', y-12)
case(Quim-14, del-13)
nmod(estudiantes-5''', Quim-14)
punct(parte-3, .-15)

Extracted the following NER entity mentions:
Dr. WENCES
REZA	PERSON	PERSON:0.3123303632750605
Quim	PERSON	PERSON:0.3280700856635615

Sentence #7 (37 tokens):
MORALES CARRANZA, Rector de la -
Auniversidad  en funciones y Rector electo, res--
pectivamente, continuan en el edificio docente-
de dicha casa de estudios, en número calculado-
de 40.

Tokens:
[Text=MORALES CharacterOffsetBegin=551 CharacterOffsetEnd=558 PartOfSpeech=ADJ Lemma=morales NamedEntityTag=PERSON]
[Text=CARRANZA CharacterOffsetBegin=559 CharacterOffsetEnd=567 PartOfSpeech=NOUN Lemma=carranza NamedEntityTag=PERSON]
[Text=, CharacterOffsetBegin=567 CharacterOffsetEnd=568 PartOfSpeech=PUNCT Lemma=, NamedEntityTag=O]
[Text=Rector CharacterOffsetBegin=569 CharacterOffsetEnd=575 PartOfSpeech=NOUN Lemma=rector NamedEntityTag=O]
[Text=de CharacterOffsetBegin=576 CharacterOffsetEnd=578 PartOfSpeech=ADP Lemma=de NamedEntityTag=O]
[Text=la CharacterOffsetBegin=579 CharacterOffsetEnd=581 PartOfSpeech=DET Lemma=la NamedEntityTag=O]
[Text=- CharacterOffsetBegin=582 CharacterOffsetEnd=583 PartOfSpeech=PUNCT Lemma=- NamedEntityTag=O]
[Text=Auniversidad CharacterOffsetBegin=584 CharacterOffsetEnd=596 PartOfSpeech=NOUN Lemma=auniversidad NamedEntityTag=O]
[Text=en CharacterOffsetBegin=598 CharacterOffsetEnd=600 PartOfSpeech=ADP Lemma=en NamedEntityTag=O]
[Text=funciones CharacterOffsetBegin=601 CharacterOffsetEnd=610 PartOfSpeech=NOUN Lemma=funciones NamedEntityTag=O]
[Text=y CharacterOffsetBegin=611 CharacterOffsetEnd=612 PartOfSpeech=CCONJ Lemma=y NamedEntityTag=O]
[Text=Rector CharacterOffsetBegin=613 CharacterOffsetEnd=619 PartOfSpeech=NOUN Lemma=rector NamedEntityTag=O]
[Text=electo CharacterOffsetBegin=620 CharacterOffsetEnd=626 PartOfSpeech=ADJ Lemma=electo NamedEntityTag=O]
[Text=, CharacterOffsetBegin=626 CharacterOffsetEnd=627 PartOfSpeech=PUNCT Lemma=, NamedEntityTag=O]
[Text=res CharacterOffsetBegin=628 CharacterOffsetEnd=631 PartOfSpeech=NOUN Lemma=res NamedEntityTag=O]
[Text=-- CharacterOffsetBegin=631 CharacterOffsetEnd=633 PartOfSpeech=NUM Lemma=-- NamedEntityTag=O]
[Text=pectivamente CharacterOffsetBegin=634 CharacterOffsetEnd=646 PartOfSpeech=ADV Lemma=pectivamente NamedEntityTag=O]
[Text=, CharacterOffsetBegin=646 CharacterOffsetEnd=647 PartOfSpeech=PUNCT Lemma=, NamedEntityTag=O]
[Text=continuan CharacterOffsetBegin=648 CharacterOffsetEnd=657 PartOfSpeech=VERB Lemma=continuan NamedEntityTag=O]
[Text=en CharacterOffsetBegin=658 CharacterOffsetEnd=660 PartOfSpeech=ADP Lemma=en NamedEntityTag=O]
[Text=el CharacterOffsetBegin=661 CharacterOffsetEnd=663 PartOfSpeech=DET Lemma=el NamedEntityTag=O]
[Text=edificio CharacterOffsetBegin=664 CharacterOffsetEnd=672 PartOfSpeech=NOUN Lemma=edificio NamedEntityTag=O]
[Text=docente CharacterOffsetBegin=673 CharacterOffsetEnd=680 PartOfSpeech=ADJ Lemma=docente NamedEntityTag=O]
[Text=- CharacterOffsetBegin=680 CharacterOffsetEnd=681 PartOfSpeech=PUNCT Lemma=- NamedEntityTag=O]
[Text=de CharacterOffsetBegin=682 CharacterOffsetEnd=684 PartOfSpeech=ADP Lemma=de NamedEntityTag=O]
[Text=dicha CharacterOffsetBegin=685 CharacterOffsetEnd=690 PartOfSpeech=ADJ Lemma=dicha NamedEntityTag=O]
[Text=casa CharacterOffsetBegin=691 CharacterOffsetEnd=695 PartOfSpeech=NOUN Lemma=casa NamedEntityTag=O]
[Text=de CharacterOffsetBegin=696 CharacterOffsetEnd=698 PartOfSpeech=ADP Lemma=de NamedEntityTag=O]
[Text=estudios CharacterOffsetBegin=699 CharacterOffsetEnd=707 PartOfSpeech=NOUN Lemma=estudios NamedEntityTag=O]
[Text=, CharacterOffsetBegin=707 CharacterOffsetEnd=708 PartOfSpeech=PUNCT Lemma=, NamedEntityTag=O]
[Text=en CharacterOffsetBegin=709 CharacterOffsetEnd=711 PartOfSpeech=ADP Lemma=en NamedEntityTag=O]
[Text=número CharacterOffsetBegin=712 CharacterOffsetEnd=718 PartOfSpeech=NOUN Lemma=número NamedEntityTag=O]
[Text=calculado CharacterOffsetBegin=719 CharacterOffsetEnd=728 PartOfSpeech=ADJ Lemma=calculado NamedEntityTag=O]
[Text=- CharacterOffsetBegin=728 CharacterOffsetEnd=729 PartOfSpeech=PUNCT Lemma=- NamedEntityTag=O]
[Text=de CharacterOffsetBegin=730 CharacterOffsetEnd=732 PartOfSpeech=ADP Lemma=de NamedEntityTag=O]
[Text=40 CharacterOffsetBegin=733 CharacterOffsetEnd=735 PartOfSpeech=NUM Lemma=40 NamedEntityTag=NUMBER NormalizedNamedEntityTag=40.0]
[Text=. CharacterOffsetBegin=735 CharacterOffsetEnd=736 PartOfSpeech=PUNCT Lemma=. NamedEntityTag=O]

Dependency Parse (enhanced plus plus dependencies):
root(ROOT-0, continuan-19)
amod(CARRANZA-2, MORALES-1)
nsubj(continuan-19, CARRANZA-2)
punct(Rector-4, ,-3)
appos(CARRANZA-2, Rector-4)
case(Auniversidad-8, de-5)
det(Auniversidad-8, la-6)
punct(Auniversidad-8, --7)
nmod(Rector-4, Auniversidad-8)
case(funciones-10, en-9)
nmod(Auniversidad-8, funciones-10)
cc(Rector-12, y-11)
appos(CARRANZA-2, Rector-12)
conj:y(Rector-4, Rector-12)
amod(Rector-12, electo-13)
punct(Rector-4, ,-14)
appos(CARRANZA-2, res-15)
appos(res-15, ---16)
advmod(res-15, pectivamente-17)
punct(CARRANZA-2, ,-18)
case(edificio-22, en-20)
det(edificio-22, el-21)
obl(continuan-19, edificio-22)
amod(edificio-22, docente-23)
punct(casa-27, --24)
case(casa-27, de-25)
amod(casa-27, dicha-26)
nmod(edificio-22, casa-27)
case(estudios-29, de-28)
nmod(casa-27, estudios-29)
punct(número-32, ,-30)
case(número-32, en-31)
nmod(casa-27, número-32)
amod(número-32, calculado-33)
punct(número-32, --34)
case(40-36, de-35)
nmod(casa-27, 40-36)
punct(continuan-19, .-37)

Extracted the following NER entity mentions:
MORALES CARRANZA	PERSON	PERSON:0.7835361832996148
40	NUMBER	NUMBER:-1.0

Sentence #8 (1 tokens):
-

Tokens:
[Text=- CharacterOffsetBegin=736 CharacterOffsetEnd=737 PartOfSpeech=PUNCT Lemma=- NamedEntityTag=O]

Dependency Parse (enhanced plus plus dependencies):
root(ROOT-0, --1)

Extracted the following NER entity mentions:
