Document: ID=file_435.txt (16 sentences, 153 tokens)

Sentence #1 (6 tokens):
con el C.Gobernador Ing.

Tokens:
[Text=con CharacterOffsetBegin=0 CharacterOffsetEnd=3 PartOfSpeech=ADP Lemma=con NamedEntityTag=O]
[Text=el CharacterOffsetBegin=4 CharacterOffsetEnd=6 PartOfSpeech=DET Lemma=el NamedEntityTag=O]
[Text=C. CharacterOffsetBegin=7 CharacterOffsetEnd=9 PartOfSpeech=PROPN Lemma=c. NamedEntityTag=ORGANIZATION]
[Text=Gobernador CharacterOffsetBegin=9 CharacterOffsetEnd=19 PartOfSpeech=PROPN Lemma=gobernador NamedEntityTag=ORGANIZATION]
[Text=Ing CharacterOffsetBegin=20 CharacterOffsetEnd=23 PartOfSpeech=PROPN Lemma=ing NamedEntityTag=ORGANIZATION]
[Text=. CharacterOffsetBegin=23 CharacterOffsetEnd=24 PartOfSpeech=PUNCT Lemma=. NamedEntityTag=O]

Dependency Parse (enhanced plus plus dependencies):
root(ROOT-0, C.-3)
case(C.-3, con-1)
det(C.-3, el-2)
flat(C.-3, Gobernador-4)
flat(C.-3, Ing-5)
punct(C.-3, .-6)

Extracted the following NER entity mentions:
C.Gobernador Ing	ORGANIZATION	ORGANIZATION:0.569971532773599

Sentence #2 (16 tokens):
FIGUEROA FIGUEROA, para exigirle
la libertad de 3 compañeros detenidos éste entre ellos.

Tokens:
[Text=FIGUEROA CharacterOffsetBegin=24 CharacterOffsetEnd=32 PartOfSpeech=VERB Lemma=figueroa NamedEntityTag=PERSON]
[Text=FIGUEROA CharacterOffsetBegin=33 CharacterOffsetEnd=41 PartOfSpeech=NOUN Lemma=figueroa NamedEntityTag=PERSON]
[Text=, CharacterOffsetBegin=41 CharacterOffsetEnd=42 PartOfSpeech=PUNCT Lemma=, NamedEntityTag=O]
[Text=para CharacterOffsetBegin=43 CharacterOffsetEnd=47 PartOfSpeech=ADP Lemma=para NamedEntityTag=O]
[Text=exigir CharacterOffsetBegin=48 CharacterOffsetEnd=56 PartOfSpeech=AUX Lemma=exigir NamedEntityTag=O]
[Text=le CharacterOffsetBegin=48 CharacterOffsetEnd=56 PartOfSpeech=PRON Lemma=le NamedEntityTag=O]
[Text=la CharacterOffsetBegin=57 CharacterOffsetEnd=59 PartOfSpeech=DET Lemma=la NamedEntityTag=O]
[Text=libertad CharacterOffsetBegin=60 CharacterOffsetEnd=68 PartOfSpeech=NOUN Lemma=libertad NamedEntityTag=O]
[Text=de CharacterOffsetBegin=69 CharacterOffsetEnd=71 PartOfSpeech=ADP Lemma=de NamedEntityTag=O]
[Text=3 CharacterOffsetBegin=72 CharacterOffsetEnd=73 PartOfSpeech=NUM Lemma=3 NamedEntityTag=NUMBER NormalizedNamedEntityTag=3.0]
[Text=compañeros CharacterOffsetBegin=74 CharacterOffsetEnd=84 PartOfSpeech=NOUN Lemma=compañeros NamedEntityTag=O]
[Text=detenidos CharacterOffsetBegin=85 CharacterOffsetEnd=94 PartOfSpeech=ADJ Lemma=detenidos NamedEntityTag=O]
[Text=éste CharacterOffsetBegin=95 CharacterOffsetEnd=99 PartOfSpeech=PRON Lemma=éste NamedEntityTag=O]
[Text=entre CharacterOffsetBegin=100 CharacterOffsetEnd=105 PartOfSpeech=ADP Lemma=entre NamedEntityTag=O]
[Text=ellos CharacterOffsetBegin=106 CharacterOffsetEnd=111 PartOfSpeech=PRON Lemma=ellos NamedEntityTag=O]
[Text=. CharacterOffsetBegin=111 CharacterOffsetEnd=112 PartOfSpeech=PUNCT Lemma=. NamedEntityTag=O]

Dependency Parse (enhanced plus plus dependencies):
root(ROOT-0, FIGUEROA-1)
advcl(FIGUEROA-1, exigir-5)
ccomp(exigir-5, le-6)
obj(FIGUEROA-1, FIGUEROA-2)
punct(exigir-5, ,-3)
case(exigir-5, para-4)
det(libertad-8, la-7)
obj(le-6, libertad-8)
case(compañeros-11, de-9)
nummod(compañeros-11, 3-10)
nmod(libertad-8, compañeros-11)
amod(compañeros-11, detenidos-12)
obj(detenidos-12, éste-13)
case(ellos-15, entre-14)
obl(detenidos-12, ellos-15)
punct(FIGUEROA-1, .-16)

Extracted the following NER entity mentions:
FIGUEROA FIGUEROA	PERSON	PERSON:0.9872880941874574
3	NUMBER	NUMBER:-1.0

Sentence #3 (2 tokens):
Exp.100-10-1-75.

Tokens:
[Text=Exp.100-10-1-75 CharacterOffsetBegin=113 CharacterOffsetEnd=128 PartOfSpeech=NUM Lemma=exp.100-10-1-75 NamedEntityTag=O]
[Text=. CharacterOffsetBegin=128 CharacterOffsetEnd=129 PartOfSpeech=PUNCT Lemma=. NamedEntityTag=O]

Dependency Parse (enhanced plus plus dependencies):
root(ROOT-0, Exp.100-10-1-75-1)
punct(Exp.100-10-1-75-1, .-2)

Extracted the following NER entity mentions:

Sentence #4 (2 tokens):
H-147.

Tokens:
[Text=H-147 CharacterOffsetBegin=130 CharacterOffsetEnd=135 PartOfSpeech=NUM Lemma=h-147 NamedEntityTag=O]
[Text=. CharacterOffsetBegin=135 CharacterOffsetEnd=136 PartOfSpeech=PUNCT Lemma=. NamedEntityTag=O]

Dependency Parse (enhanced plus plus dependencies):
root(ROOT-0, H-147-1)
punct(H-147-1, .-2)

Extracted the following NER entity mentions:

Sentence #5 (2 tokens):
L-52.

Tokens:
[Text=L-52 CharacterOffsetBegin=137 CharacterOffsetEnd=141 PartOfSpeech=NUM Lemma=l-52 NamedEntityTag=O]
[Text=. CharacterOffsetBegin=141 CharacterOffsetEnd=142 PartOfSpeech=PUNCT Lemma=. NamedEntityTag=O]

Dependency Parse (enhanced plus plus dependencies):
root(ROOT-0, L-52-1)
punct(L-52-1, .-2)

Extracted the following NER entity mentions:

Sentence #6 (4 tokens):
5-May-75.

Tokens:
[Text=5 CharacterOffsetBegin=143 CharacterOffsetEnd=144 PartOfSpeech=NUM Lemma=5 NamedEntityTag=O]
[Text=- CharacterOffsetBegin=144 CharacterOffsetEnd=145 PartOfSpeech=PUNCT Lemma=- NamedEntityTag=O]
[Text=May-75 CharacterOffsetBegin=145 CharacterOffsetEnd=151 PartOfSpeech=PROPN Lemma=may-75 NamedEntityTag=O]
[Text=. CharacterOffsetBegin=151 CharacterOffsetEnd=152 PartOfSpeech=PUNCT Lemma=. NamedEntityTag=O]

Dependency Parse (enhanced plus plus dependencies):
root(ROOT-0, May-75-3)
nummod(May-75-3, 5-1)
punct(5-1, --2)
punct(May-75-3, .-4)

Extracted the following NER entity mentions:

Sentence #7 (9 tokens):
-Existe inquietud entre estudiantes de
la Esc.

Tokens:
[Text=- CharacterOffsetBegin=152 CharacterOffsetEnd=153 PartOfSpeech=PUNCT Lemma=- NamedEntityTag=O]
[Text=Existe CharacterOffsetBegin=153 CharacterOffsetEnd=159 PartOfSpeech=VERB Lemma=existe NamedEntityTag=O]
[Text=inquietud CharacterOffsetBegin=160 CharacterOffsetEnd=169 PartOfSpeech=NOUN Lemma=inquietud NamedEntityTag=O]
[Text=entre CharacterOffsetBegin=170 CharacterOffsetEnd=175 PartOfSpeech=ADP Lemma=entre NamedEntityTag=O]
[Text=estudiantes CharacterOffsetBegin=176 CharacterOffsetEnd=187 PartOfSpeech=NOUN Lemma=estudiantes NamedEntityTag=O]
[Text=de CharacterOffsetBegin=188 CharacterOffsetEnd=190 PartOfSpeech=ADP Lemma=de NamedEntityTag=O]
[Text=la CharacterOffsetBegin=191 CharacterOffsetEnd=193 PartOfSpeech=DET Lemma=la NamedEntityTag=O]
[Text=Esc CharacterOffsetBegin=194 CharacterOffsetEnd=197 PartOfSpeech=PROPN Lemma=esc NamedEntityTag=LOCATION]
[Text=. CharacterOffsetBegin=197 CharacterOffsetEnd=198 PartOfSpeech=PUNCT Lemma=. NamedEntityTag=O]

Dependency Parse (enhanced plus plus dependencies):
root(ROOT-0, Existe-2)
punct(Existe-2, --1)
nsubj(Existe-2, inquietud-3)
case(estudiantes-5, entre-4)
nmod(inquietud-3, estudiantes-5)
case(Esc-8, de-6)
det(Esc-8, la-7)
nmod(estudiantes-5, Esc-8)
punct(Existe-2, .-9)

Extracted the following NER entity mentions:
Esc	LOCATION	LOCATION:0.3529090446126203

Sentence #8 (2 tokens):
Prep.

Tokens:
[Text=Prep CharacterOffsetBegin=199 CharacterOffsetEnd=203 PartOfSpeech=PROPN Lemma=prep NamedEntityTag=ORGANIZATION]
[Text=. CharacterOffsetBegin=203 CharacterOffsetEnd=204 PartOfSpeech=PUNCT Lemma=. NamedEntityTag=O]

Dependency Parse (enhanced plus plus dependencies):
root(ROOT-0, Prep-1)
punct(Prep-1, .-2)

Extracted the following NER entity mentions:
Prep	ORGANIZATION	ORGANIZATION:0.5420715213283674

Sentence #9 (2 tokens):
No.7.

Tokens:
[Text=No.7 CharacterOffsetBegin=204 CharacterOffsetEnd=208 PartOfSpeech=NOUN Lemma=no.7 NamedEntityTag=O]
[Text=. CharacterOffsetBegin=208 CharacterOffsetEnd=209 PartOfSpeech=PUNCT Lemma=. NamedEntityTag=O]

Dependency Parse (enhanced plus plus dependencies):
root(ROOT-0, No.7-1)
punct(No.7-1, .-2)

Extracted the following NER entity mentions:

Sentence #10 (59 tokens):
de Acapulco Gro; por que no --
tienen conocimiento del paradero de este alumno-
de ese mismo plantel, el que según dijeron, fué-
subido a un automovil sin placas, por 4 elementos
armados, temiendo que haya sido asesinado por es-
tar inmiscuido en problemas universitarios y por su ideología izquierdista.

Tokens:
[Text=de CharacterOffsetBegin=209 CharacterOffsetEnd=211 PartOfSpeech=ADP Lemma=de NamedEntityTag=O]
[Text=Acapulco CharacterOffsetBegin=212 CharacterOffsetEnd=220 PartOfSpeech=PROPN Lemma=acapulco NamedEntityTag=CITY]
[Text=Gro CharacterOffsetBegin=221 CharacterOffsetEnd=224 PartOfSpeech=PROPN Lemma=gro NamedEntityTag=O]
[Text=; CharacterOffsetBegin=224 CharacterOffsetEnd=225 PartOfSpeech=PUNCT Lemma=; NamedEntityTag=O]
[Text=por CharacterOffsetBegin=226 CharacterOffsetEnd=229 PartOfSpeech=ADP Lemma=por NamedEntityTag=O]
[Text=que CharacterOffsetBegin=230 CharacterOffsetEnd=233 PartOfSpeech=PRON Lemma=que NamedEntityTag=O]
[Text=no CharacterOffsetBegin=234 CharacterOffsetEnd=236 PartOfSpeech=ADV Lemma=no NamedEntityTag=O]
[Text=-- CharacterOffsetBegin=237 CharacterOffsetEnd=239 PartOfSpeech=PRON Lemma=-- NamedEntityTag=O]
[Text=tienen CharacterOffsetBegin=240 CharacterOffsetEnd=246 PartOfSpeech=VERB Lemma=tienen NamedEntityTag=O]
[Text=conocimiento CharacterOffsetBegin=247 CharacterOffsetEnd=259 PartOfSpeech=NOUN Lemma=conocimiento NamedEntityTag=O]
[Text=del CharacterOffsetBegin=260 CharacterOffsetEnd=263 PartOfSpeech=ADP Lemma=del NamedEntityTag=O]
[Text=paradero CharacterOffsetBegin=264 CharacterOffsetEnd=272 PartOfSpeech=NOUN Lemma=paradero NamedEntityTag=O]
[Text=de CharacterOffsetBegin=273 CharacterOffsetEnd=275 PartOfSpeech=ADP Lemma=de NamedEntityTag=O]
[Text=este CharacterOffsetBegin=276 CharacterOffsetEnd=280 PartOfSpeech=DET Lemma=este NamedEntityTag=O]
[Text=alumno CharacterOffsetBegin=281 CharacterOffsetEnd=287 PartOfSpeech=NOUN Lemma=alumno NamedEntityTag=O]
[Text=- CharacterOffsetBegin=287 CharacterOffsetEnd=288 PartOfSpeech=PUNCT Lemma=- NamedEntityTag=O]
[Text=de CharacterOffsetBegin=289 CharacterOffsetEnd=291 PartOfSpeech=ADP Lemma=de NamedEntityTag=O]
[Text=ese CharacterOffsetBegin=292 CharacterOffsetEnd=295 PartOfSpeech=DET Lemma=ese NamedEntityTag=O]
[Text=mismo CharacterOffsetBegin=296 CharacterOffsetEnd=301 PartOfSpeech=DET Lemma=mismo NamedEntityTag=O]
[Text=plantel CharacterOffsetBegin=302 CharacterOffsetEnd=309 PartOfSpeech=NOUN Lemma=plantel NamedEntityTag=O]
[Text=, CharacterOffsetBegin=309 CharacterOffsetEnd=310 PartOfSpeech=PUNCT Lemma=, NamedEntityTag=O]
[Text=el CharacterOffsetBegin=311 CharacterOffsetEnd=313 PartOfSpeech=DET Lemma=el NamedEntityTag=O]
[Text=que CharacterOffsetBegin=314 CharacterOffsetEnd=317 PartOfSpeech=PRON Lemma=que NamedEntityTag=O]
[Text=según CharacterOffsetBegin=318 CharacterOffsetEnd=323 PartOfSpeech=SCONJ Lemma=según NamedEntityTag=O]
[Text=dijeron CharacterOffsetBegin=324 CharacterOffsetEnd=331 PartOfSpeech=VERB Lemma=dijeron NamedEntityTag=O]
[Text=, CharacterOffsetBegin=331 CharacterOffsetEnd=332 PartOfSpeech=PUNCT Lemma=, NamedEntityTag=O]
[Text=fué CharacterOffsetBegin=333 CharacterOffsetEnd=336 PartOfSpeech=NOUN Lemma=fué NamedEntityTag=O]
[Text=- CharacterOffsetBegin=336 CharacterOffsetEnd=337 PartOfSpeech=PUNCT Lemma=- NamedEntityTag=O]
[Text=subido CharacterOffsetBegin=338 CharacterOffsetEnd=344 PartOfSpeech=VERB Lemma=subido NamedEntityTag=O]
[Text=a CharacterOffsetBegin=345 CharacterOffsetEnd=346 PartOfSpeech=ADP Lemma=a NamedEntityTag=O]
[Text=un CharacterOffsetBegin=347 CharacterOffsetEnd=349 PartOfSpeech=DET Lemma=un NamedEntityTag=O]
[Text=automovil CharacterOffsetBegin=350 CharacterOffsetEnd=359 PartOfSpeech=NOUN Lemma=automovil NamedEntityTag=O]
[Text=sin CharacterOffsetBegin=360 CharacterOffsetEnd=363 PartOfSpeech=ADP Lemma=sin NamedEntityTag=O]
[Text=placas CharacterOffsetBegin=364 CharacterOffsetEnd=370 PartOfSpeech=NOUN Lemma=placas NamedEntityTag=O]
[Text=, CharacterOffsetBegin=370 CharacterOffsetEnd=371 PartOfSpeech=PUNCT Lemma=, NamedEntityTag=O]
[Text=por CharacterOffsetBegin=372 CharacterOffsetEnd=375 PartOfSpeech=ADP Lemma=por NamedEntityTag=O]
[Text=4 CharacterOffsetBegin=376 CharacterOffsetEnd=377 PartOfSpeech=NUM Lemma=4 NamedEntityTag=NUMBER NormalizedNamedEntityTag=4.0]
[Text=elementos CharacterOffsetBegin=378 CharacterOffsetEnd=387 PartOfSpeech=NOUN Lemma=elementos NamedEntityTag=O]
[Text=armados CharacterOffsetBegin=388 CharacterOffsetEnd=395 PartOfSpeech=ADJ Lemma=armados NamedEntityTag=O]
[Text=, CharacterOffsetBegin=395 CharacterOffsetEnd=396 PartOfSpeech=PUNCT Lemma=, NamedEntityTag=O]
[Text=temiendo CharacterOffsetBegin=397 CharacterOffsetEnd=405 PartOfSpeech=VERB Lemma=temiendo NamedEntityTag=O]
[Text=que CharacterOffsetBegin=406 CharacterOffsetEnd=409 PartOfSpeech=SCONJ Lemma=que NamedEntityTag=O]
[Text=haya CharacterOffsetBegin=410 CharacterOffsetEnd=414 PartOfSpeech=AUX Lemma=haya NamedEntityTag=O]
[Text=sido CharacterOffsetBegin=415 CharacterOffsetEnd=419 PartOfSpeech=AUX Lemma=sido NamedEntityTag=O]
[Text=asesinado CharacterOffsetBegin=420 CharacterOffsetEnd=429 PartOfSpeech=VERB Lemma=asesinado NamedEntityTag=O]
[Text=por CharacterOffsetBegin=430 CharacterOffsetEnd=433 PartOfSpeech=ADP Lemma=por NamedEntityTag=O]
[Text=es CharacterOffsetBegin=434 CharacterOffsetEnd=436 PartOfSpeech=AUX Lemma=es NamedEntityTag=O]
[Text=- CharacterOffsetBegin=436 CharacterOffsetEnd=437 PartOfSpeech=PUNCT Lemma=- NamedEntityTag=O]
[Text=tar CharacterOffsetBegin=438 CharacterOffsetEnd=441 PartOfSpeech=VERB Lemma=tar NamedEntityTag=O]
[Text=inmiscuido CharacterOffsetBegin=442 CharacterOffsetEnd=452 PartOfSpeech=ADJ Lemma=inmiscuido NamedEntityTag=O]
[Text=en CharacterOffsetBegin=453 CharacterOffsetEnd=455 PartOfSpeech=ADP Lemma=en NamedEntityTag=O]
[Text=problemas CharacterOffsetBegin=456 CharacterOffsetEnd=465 PartOfSpeech=NOUN Lemma=problemas NamedEntityTag=O]
[Text=universitarios CharacterOffsetBegin=466 CharacterOffsetEnd=480 PartOfSpeech=ADJ Lemma=universitarios NamedEntityTag=O]
[Text=y CharacterOffsetBegin=481 CharacterOffsetEnd=482 PartOfSpeech=CCONJ Lemma=y NamedEntityTag=O]
[Text=por CharacterOffsetBegin=483 CharacterOffsetEnd=486 PartOfSpeech=ADP Lemma=por NamedEntityTag=O]
[Text=su CharacterOffsetBegin=487 CharacterOffsetEnd=489 PartOfSpeech=DET Lemma=su NamedEntityTag=O]
[Text=ideología CharacterOffsetBegin=490 CharacterOffsetEnd=499 PartOfSpeech=NOUN Lemma=ideología NamedEntityTag=O]
[Text=izquierdista CharacterOffsetBegin=500 CharacterOffsetEnd=512 PartOfSpeech=ADJ Lemma=izquierdista NamedEntityTag=IDEOLOGY]
[Text=. CharacterOffsetBegin=512 CharacterOffsetEnd=513 PartOfSpeech=PUNCT Lemma=. NamedEntityTag=O]

Dependency Parse (enhanced plus plus dependencies):
root(ROOT-0, Acapulco-2)
case(Acapulco-2, de-1)
flat(Acapulco-2, Gro-3)
punct(Acapulco-2, ;-4)
case(que-6, por-5)
obl(tienen-9, que-6)
advmod(tienen-9, no-7)
nsubj(tienen-9, ---8)
acl(Acapulco-2, tienen-9)
obj(tienen-9, conocimiento-10)
case(paradero-12, del-11)
nmod(conocimiento-10, paradero-12)
case(alumno-15, de-13)
det(alumno-15, este-14)
nmod(paradero-12, alumno-15)
punct(plantel-20, --16)
case(plantel-20, de-17)
det(plantel-20, ese-18)
det(ese-18, mismo-19)
nmod(alumno-15, plantel-20)
punct(plantel-20, ,-21)
det(dijeron-25, el-22)
obj(dijeron-25, que-23)
mark(dijeron-25, según-24)
advcl(tienen-9, dijeron-25)
punct(fué-27, ,-26)
nsubj(dijeron-25, fué-27)
punct(subido-29, --28)
acl(fué-27, subido-29)
case(automovil-32, a-30)
det(automovil-32, un-31)
obj(subido-29, automovil-32)
case(placas-34, sin-33)
obl(subido-29, placas-34)
punct(elementos-38, ,-35)
case(elementos-38, por-36)
nummod(elementos-38, 4-37)
obl(subido-29, elementos-38)
amod(elementos-38, armados-39)
punct(subido-29, ,-40)
aux(asesinado-45, temiendo-41)
mark(asesinado-45, que-42)
aux(asesinado-45, haya-43)
aux(asesinado-45, sido-44)
advcl(subido-29, asesinado-45)
mark(tar-49, por-46)
aux(tar-49, es-47)
punct(tar-49, --48)
advcl(asesinado-45, tar-49)
obj(tar-49, inmiscuido-50)
obj(tar-49, inmiscuido-50''')
conj:y(inmiscuido-50, inmiscuido-50''')
case(problemas-52, en-51)
obl(inmiscuido-50, problemas-52)
amod(problemas-52, universitarios-53)
cc(inmiscuido-50''', y-54)
case(ideología-57, por-55)
det(ideología-57, su-56)
obl(inmiscuido-50''', ideología-57)
amod(ideología-57, izquierdista-58)
punct(Acapulco-2, .-59)

Extracted the following NER entity mentions:
Acapulco	CITY	LOCATION:0.6297483538714173
4	NUMBER	NUMBER:-1.0
izquierdista	IDEOLOGY	-

Sentence #11 (3 tokens):
- Exp-100-10-1-75.

Tokens:
[Text=- CharacterOffsetBegin=513 CharacterOffsetEnd=514 PartOfSpeech=PUNCT Lemma=- NamedEntityTag=O]
[Text=Exp-100-10-1-75 CharacterOffsetBegin=515 CharacterOffsetEnd=530 PartOfSpeech=NUM Lemma=exp-100-10-1-75 NamedEntityTag=O]
[Text=. CharacterOffsetBegin=530 CharacterOffsetEnd=531 PartOfSpeech=PUNCT Lemma=. NamedEntityTag=O]

Dependency Parse (enhanced plus plus dependencies):
root(ROOT-0, Exp-100-10-1-75-2)
punct(Exp-100-10-1-75-2, --1)
punct(Exp-100-10-1-75-2, .-3)

Extracted the following NER entity mentions:

Sentence #12 (6 tokens):
H-168 L-52
7-Mayo-75.

Tokens:
[Text=H-168 CharacterOffsetBegin=532 CharacterOffsetEnd=537 PartOfSpeech=ADP Lemma=h-168 NamedEntityTag=O]
[Text=L-52 CharacterOffsetBegin=538 CharacterOffsetEnd=542 PartOfSpeech=PROPN Lemma=l-52 NamedEntityTag=O]
[Text=7 CharacterOffsetBegin=543 CharacterOffsetEnd=544 PartOfSpeech=NUM Lemma=7 NamedEntityTag=O]
[Text=- CharacterOffsetBegin=544 CharacterOffsetEnd=545 PartOfSpeech=PUNCT Lemma=- NamedEntityTag=O]
[Text=Mayo-75 CharacterOffsetBegin=545 CharacterOffsetEnd=552 PartOfSpeech=NUM Lemma=mayo-75 NamedEntityTag=O]
[Text=. CharacterOffsetBegin=552 CharacterOffsetEnd=553 PartOfSpeech=PUNCT Lemma=. NamedEntityTag=O]

Dependency Parse (enhanced plus plus dependencies):
root(ROOT-0, L-52-2)
case(L-52-2, H-168-1)
nummod(L-52-2, 7-3)
punct(Mayo-75-5, --4)
appos(L-52-2, Mayo-75-5)
punct(L-52-2, .-6)

Extracted the following NER entity mentions:

Sentence #13 (15 tokens):
-El 6 actual, se concentraron en el local de-
la Esc.

Tokens:
[Text=- CharacterOffsetBegin=553 CharacterOffsetEnd=554 PartOfSpeech=PUNCT Lemma=- NamedEntityTag=O]
[Text=El CharacterOffsetBegin=554 CharacterOffsetEnd=556 PartOfSpeech=DET Lemma=el NamedEntityTag=O]
[Text=6 CharacterOffsetBegin=557 CharacterOffsetEnd=558 PartOfSpeech=NUM Lemma=6 NamedEntityTag=NUMBER NormalizedNamedEntityTag=6.0]
[Text=actual CharacterOffsetBegin=559 CharacterOffsetEnd=565 PartOfSpeech=ADJ Lemma=actual NamedEntityTag=O]
[Text=, CharacterOffsetBegin=565 CharacterOffsetEnd=566 PartOfSpeech=PUNCT Lemma=, NamedEntityTag=O]
[Text=se CharacterOffsetBegin=567 CharacterOffsetEnd=569 PartOfSpeech=PRON Lemma=se NamedEntityTag=O]
[Text=concentraron CharacterOffsetBegin=570 CharacterOffsetEnd=582 PartOfSpeech=VERB Lemma=concentraron NamedEntityTag=O]
[Text=en CharacterOffsetBegin=583 CharacterOffsetEnd=585 PartOfSpeech=ADP Lemma=en NamedEntityTag=O]
[Text=el CharacterOffsetBegin=586 CharacterOffsetEnd=588 PartOfSpeech=DET Lemma=el NamedEntityTag=O]
[Text=local CharacterOffsetBegin=589 CharacterOffsetEnd=594 PartOfSpeech=NOUN Lemma=local NamedEntityTag=O]
[Text=de CharacterOffsetBegin=595 CharacterOffsetEnd=597 PartOfSpeech=ADP Lemma=de NamedEntityTag=O]
[Text=- CharacterOffsetBegin=597 CharacterOffsetEnd=598 PartOfSpeech=PUNCT Lemma=- NamedEntityTag=O]
[Text=la CharacterOffsetBegin=599 CharacterOffsetEnd=601 PartOfSpeech=DET Lemma=la NamedEntityTag=O]
[Text=Esc CharacterOffsetBegin=602 CharacterOffsetEnd=605 PartOfSpeech=PROPN Lemma=esc NamedEntityTag=LOCATION]
[Text=. CharacterOffsetBegin=605 CharacterOffsetEnd=606 PartOfSpeech=PUNCT Lemma=. NamedEntityTag=O]

Dependency Parse (enhanced plus plus dependencies):
root(ROOT-0, concentraron-7)
punct(concentraron-7, --1)
det(6-3, El-2)
nsubj(concentraron-7, 6-3)
amod(6-3, actual-4)
punct(6-3, ,-5)
obj(concentraron-7, se-6)
case(local-10, en-8)
det(local-10, el-9)
obl(concentraron-7, local-10)
case(Esc-14, de-11)
punct(Esc-14, --12)
det(Esc-14, la-13)
nmod(local-10, Esc-14)
punct(concentraron-7, .-15)

Extracted the following NER entity mentions:
6	NUMBER	NUMBER:-1.0
Esc	LOCATION	LOCATION:0.5083148151098146

Sentence #14 (3 tokens):
,Prep.

Tokens:
[Text=, CharacterOffsetBegin=606 CharacterOffsetEnd=607 PartOfSpeech=PUNCT Lemma=, NamedEntityTag=O]
[Text=Prep CharacterOffsetBegin=607 CharacterOffsetEnd=611 PartOfSpeech=PROPN Lemma=prep NamedEntityTag=ORGANIZATION]
[Text=. CharacterOffsetBegin=611 CharacterOffsetEnd=612 PartOfSpeech=PUNCT Lemma=. NamedEntityTag=O]

Dependency Parse (enhanced plus plus dependencies):
root(ROOT-0, Prep-2)
punct(Prep-2, ,-1)
punct(Prep-2, .-3)

Extracted the following NER entity mentions:
Prep	ORGANIZATION	ORGANIZATION:0.7376453449413435

Sentence #15 (8 tokens):
,No.7, de Acapulco,Gro.

Tokens:
[Text=, CharacterOffsetBegin=612 CharacterOffsetEnd=613 PartOfSpeech=PUNCT Lemma=, NamedEntityTag=O]
[Text=No.7 CharacterOffsetBegin=613 CharacterOffsetEnd=617 PartOfSpeech=NOUN Lemma=no.7 NamedEntityTag=O]
[Text=, CharacterOffsetBegin=617 CharacterOffsetEnd=618 PartOfSpeech=PUNCT Lemma=, NamedEntityTag=O]
[Text=de CharacterOffsetBegin=619 CharacterOffsetEnd=621 PartOfSpeech=ADP Lemma=de NamedEntityTag=O]
[Text=Acapulco CharacterOffsetBegin=622 CharacterOffsetEnd=630 PartOfSpeech=PROPN Lemma=acapulco NamedEntityTag=CITY]
[Text=, CharacterOffsetBegin=630 CharacterOffsetEnd=631 PartOfSpeech=PUNCT Lemma=, NamedEntityTag=O]
[Text=Gro CharacterOffsetBegin=631 CharacterOffsetEnd=634 PartOfSpeech=PROPN Lemma=gro NamedEntityTag=PERSON]
[Text=. CharacterOffsetBegin=634 CharacterOffsetEnd=635 PartOfSpeech=PUNCT Lemma=. NamedEntityTag=O]

Dependency Parse (enhanced plus plus dependencies):
root(ROOT-0, No.7-2)
punct(No.7-2, ,-1)
punct(No.7-2, ,-3)
case(Acapulco-5, de-4)
nmod(No.7-2, Acapulco-5)
punct(Gro-7, ,-6)
flat(Acapulco-5, Gro-7)
punct(No.7-2, .-8)

Extracted the following NER entity mentions:
Acapulco	CITY	LOCATION:0.9623690931028464
Gro	PERSON	PERSON:0.44725239842925

Sentence #16 (14 tokens):
,varios alumnos de
la U.A.G.,para protestar por la arbitraria detención -

Tokens:
[Text=, CharacterOffsetBegin=635 CharacterOffsetEnd=636 PartOfSpeech=PUNCT Lemma=, NamedEntityTag=O]
[Text=varios CharacterOffsetBegin=636 CharacterOffsetEnd=642 PartOfSpeech=DET Lemma=varios NamedEntityTag=O]
[Text=alumnos CharacterOffsetBegin=643 CharacterOffsetEnd=650 PartOfSpeech=NOUN Lemma=alumnos NamedEntityTag=O]
[Text=de CharacterOffsetBegin=651 CharacterOffsetEnd=653 PartOfSpeech=ADP Lemma=de NamedEntityTag=O]
[Text=la CharacterOffsetBegin=654 CharacterOffsetEnd=656 PartOfSpeech=DET Lemma=la NamedEntityTag=O]
[Text=U.A.G. CharacterOffsetBegin=657 CharacterOffsetEnd=663 PartOfSpeech=PROPN Lemma=u.a.g. NamedEntityTag=O]
[Text=, CharacterOffsetBegin=663 CharacterOffsetEnd=664 PartOfSpeech=PUNCT Lemma=, NamedEntityTag=O]
[Text=para CharacterOffsetBegin=664 CharacterOffsetEnd=668 PartOfSpeech=ADP Lemma=para NamedEntityTag=O]
[Text=protestar CharacterOffsetBegin=669 CharacterOffsetEnd=678 PartOfSpeech=VERB Lemma=protestar NamedEntityTag=O]
[Text=por CharacterOffsetBegin=679 CharacterOffsetEnd=682 PartOfSpeech=ADP Lemma=por NamedEntityTag=O]
[Text=la CharacterOffsetBegin=683 CharacterOffsetEnd=685 PartOfSpeech=DET Lemma=la NamedEntityTag=O]
[Text=arbitraria CharacterOffsetBegin=686 CharacterOffsetEnd=696 PartOfSpeech=ADJ Lemma=arbitraria NamedEntityTag=O]
[Text=detención CharacterOffsetBegin=697 CharacterOffsetEnd=706 PartOfSpeech=NOUN Lemma=detención NamedEntityTag=O]
[Text=- CharacterOffsetBegin=707 CharacterOffsetEnd=708 PartOfSpeech=PUNCT Lemma=- NamedEntityTag=O]

Dependency Parse (enhanced plus plus dependencies):
root(ROOT-0, alumnos-3)
punct(alumnos-3, ,-1)
det(alumnos-3, varios-2)
case(U.A.G.-6, de-4)
det(U.A.G.-6, la-5)
nmod(alumnos-3, U.A.G.-6)
punct(alumnos-3, ,-7)
mark(protestar-9, para-8)
acl(alumnos-3, protestar-9)
case(detención-13, por-10)
det(detención-13, la-11)
amod(detención-13, arbitraria-12)
obl(protestar-9, detención-13)
punct(alumnos-3, --14)

Extracted the following NER entity mentions:
