Document: ID=file_199.txt (3 sentences, 174 tokens)

Sentence #1 (39 tokens):
bajadores Administrativos y de Intendencia de la-
U.A.G.,con el Rector de la U.A.G.,APOLINAR ARQUI
MEDES MORALES CARRANZA, no se efectuó, debido a
que él último nombrado no se presentó al acto.

Tokens:
[Text=bajadores CharacterOffsetBegin=0 CharacterOffsetEnd=9 PartOfSpeech=NOUN Lemma=bajadores NamedEntityTag=O]
[Text=Administrativos CharacterOffsetBegin=10 CharacterOffsetEnd=25 PartOfSpeech=PROPN Lemma=administrativos NamedEntityTag=ORGANIZATION]
[Text=y CharacterOffsetBegin=26 CharacterOffsetEnd=27 PartOfSpeech=CCONJ Lemma=y NamedEntityTag=O]
[Text=de CharacterOffsetBegin=28 CharacterOffsetEnd=30 PartOfSpeech=ADP Lemma=de NamedEntityTag=O]
[Text=Intendencia CharacterOffsetBegin=31 CharacterOffsetEnd=42 PartOfSpeech=PROPN Lemma=intendencia NamedEntityTag=ORGANIZATION]
[Text=de CharacterOffsetBegin=43 CharacterOffsetEnd=45 PartOfSpeech=ADP Lemma=de NamedEntityTag=ORGANIZATION]
[Text=la CharacterOffsetBegin=46 CharacterOffsetEnd=48 PartOfSpeech=DET Lemma=la NamedEntityTag=ORGANIZATION]
[Text=- CharacterOffsetBegin=48 CharacterOffsetEnd=49 PartOfSpeech=PUNCT Lemma=- NamedEntityTag=ORGANIZATION]
[Text=U.A.G. CharacterOffsetBegin=50 CharacterOffsetEnd=56 PartOfSpeech=PROPN Lemma=u.a.g. NamedEntityTag=ORGANIZATION]
[Text=, CharacterOffsetBegin=56 CharacterOffsetEnd=57 PartOfSpeech=PUNCT Lemma=, NamedEntityTag=O]
[Text=con CharacterOffsetBegin=57 CharacterOffsetEnd=60 PartOfSpeech=ADP Lemma=con NamedEntityTag=O]
[Text=el CharacterOffsetBegin=61 CharacterOffsetEnd=63 PartOfSpeech=DET Lemma=el NamedEntityTag=O]
[Text=Rector CharacterOffsetBegin=64 CharacterOffsetEnd=70 PartOfSpeech=PROPN Lemma=rector NamedEntityTag=PERSON]
[Text=de CharacterOffsetBegin=71 CharacterOffsetEnd=73 PartOfSpeech=ADP Lemma=de NamedEntityTag=PERSON]
[Text=la CharacterOffsetBegin=74 CharacterOffsetEnd=76 PartOfSpeech=DET Lemma=la NamedEntityTag=PERSON]
[Text=U.A.G. CharacterOffsetBegin=77 CharacterOffsetEnd=83 PartOfSpeech=PROPN Lemma=u.a.g. NamedEntityTag=PERSON]
[Text=, CharacterOffsetBegin=83 CharacterOffsetEnd=84 PartOfSpeech=PUNCT Lemma=, NamedEntityTag=O]
[Text=APOLINAR CharacterOffsetBegin=84 CharacterOffsetEnd=92 PartOfSpeech=PROPN Lemma=apolinar NamedEntityTag=PERSON]
[Text=ARQUI CharacterOffsetBegin=93 CharacterOffsetEnd=98 PartOfSpeech=PROPN Lemma=arqui NamedEntityTag=PERSON]
[Text=MEDES CharacterOffsetBegin=99 CharacterOffsetEnd=104 PartOfSpeech=PROPN Lemma=medes NamedEntityTag=PERSON]
[Text=MORALES CharacterOffsetBegin=105 CharacterOffsetEnd=112 PartOfSpeech=PROPN Lemma=morales NamedEntityTag=PERSON]
[Text=CARRANZA CharacterOffsetBegin=113 CharacterOffsetEnd=121 PartOfSpeech=PROPN Lemma=carranza NamedEntityTag=PERSON]
[Text=, CharacterOffsetBegin=121 CharacterOffsetEnd=122 PartOfSpeech=PUNCT Lemma=, NamedEntityTag=O]
[Text=no CharacterOffsetBegin=123 CharacterOffsetEnd=125 PartOfSpeech=ADV Lemma=no NamedEntityTag=O]
[Text=se CharacterOffsetBegin=126 CharacterOffsetEnd=128 PartOfSpeech=PRON Lemma=se NamedEntityTag=O]
[Text=efectuó CharacterOffsetBegin=129 CharacterOffsetEnd=136 PartOfSpeech=VERB Lemma=efectuó NamedEntityTag=O]
[Text=, CharacterOffsetBegin=136 CharacterOffsetEnd=137 PartOfSpeech=PUNCT Lemma=, NamedEntityTag=O]
[Text=debido CharacterOffsetBegin=138 CharacterOffsetEnd=144 PartOfSpeech=ADJ Lemma=debido NamedEntityTag=O]
[Text=a CharacterOffsetBegin=145 CharacterOffsetEnd=146 PartOfSpeech=ADP Lemma=a NamedEntityTag=O]
[Text=que CharacterOffsetBegin=147 CharacterOffsetEnd=150 PartOfSpeech=SCONJ Lemma=que NamedEntityTag=O]
[Text=él CharacterOffsetBegin=151 CharacterOffsetEnd=153 PartOfSpeech=PRON Lemma=él NamedEntityTag=O]
[Text=último CharacterOffsetBegin=154 CharacterOffsetEnd=160 PartOfSpeech=ADJ Lemma=último NamedEntityTag=TITLE]
[Text=nombrado CharacterOffsetBegin=161 CharacterOffsetEnd=169 PartOfSpeech=ADJ Lemma=nombrado NamedEntityTag=O]
[Text=no CharacterOffsetBegin=170 CharacterOffsetEnd=172 PartOfSpeech=ADV Lemma=no NamedEntityTag=O]
[Text=se CharacterOffsetBegin=173 CharacterOffsetEnd=175 PartOfSpeech=PRON Lemma=se NamedEntityTag=O]
[Text=presentó CharacterOffsetBegin=176 CharacterOffsetEnd=184 PartOfSpeech=VERB Lemma=presentó NamedEntityTag=O]
[Text=al CharacterOffsetBegin=185 CharacterOffsetEnd=187 PartOfSpeech=ADP Lemma=al NamedEntityTag=O]
[Text=acto CharacterOffsetBegin=188 CharacterOffsetEnd=192 PartOfSpeech=NOUN Lemma=acto NamedEntityTag=O]
[Text=. CharacterOffsetBegin=192 CharacterOffsetEnd=193 PartOfSpeech=PUNCT Lemma=. NamedEntityTag=O]

Dependency Parse (enhanced plus plus dependencies):
root(ROOT-0, efectuó-26)
nsubj(efectuó-26, bajadores-1)
appos(bajadores-1, Administrativos-2)
cc(Intendencia-5, y-3)
case(Intendencia-5, de-4)
appos(bajadores-1, Intendencia-5)
conj:y(Administrativos-2, Intendencia-5)
case(U.A.G.-9, de-6)
det(U.A.G.-9, la-7)
punct(U.A.G.-9, --8)
nmod(bajadores-1, U.A.G.-9)
punct(Rector-13, ,-10)
case(Rector-13, con-11)
det(Rector-13, el-12)
nmod(bajadores-1, Rector-13)
case(U.A.G.-16, de-14)
det(U.A.G.-16, la-15)
flat(Rector-13, U.A.G.-16)
punct(Rector-13, ,-17)
appos(bajadores-1, APOLINAR-18)
flat(APOLINAR-18, ARQUI-19)
flat(APOLINAR-18, MEDES-20)
flat(APOLINAR-18, MORALES-21)
flat(APOLINAR-18, CARRANZA-22)
punct(bajadores-1, ,-23)
advmod(efectuó-26, no-24)
obj(efectuó-26, se-25)
punct(presentó-36, ,-27)
mark(presentó-36, debido-28)
fixed(debido-28, a-29)
mark(presentó-36, que-30)
nsubj(presentó-36, él-31)
amod(él-31, último-32)
nsubj(presentó-36, nombrado-33)
advmod(presentó-36, no-34)
obj(presentó-36, se-35)
advcl(efectuó-26, presentó-36)
case(acto-38, al-37)
obj(presentó-36, acto-38)
punct(efectuó-26, .-39)

Extracted the following NER entity mentions:
Administrativos	ORGANIZATION	ORGANIZATION:0.5803342252785787
Intendencia de la-
U.A.G.	ORGANIZATION	ORGANIZATION:0.4680443295626013
Rector de la U.A.G.	PERSON	PERSON:0.36003166902974826
APOLINAR ARQUI
MEDES MORALES CARRANZA	PERSON	PERSON:0.9830307619829898
último	TITLE	-

Sentence #2 (76 tokens):
--
siendo invitado varias veces por un aparato de--
sonido colocado en la Rectoría,asi como por la -
Radio Difusora X.E.L.I.,ante la negativa del di-
rigente máximo de la U.A.G.,se invitó por parte-
de los trabajadores a un acto más tarde para in-
formar de los acuerdos ante dicha negativa, pero
no se pudo llevar al cabo debido a que no hubo--
asistencia.

Tokens:
[Text=-- CharacterOffsetBegin=193 CharacterOffsetEnd=195 PartOfSpeech=AUX Lemma=-- NamedEntityTag=O]
[Text=siendo CharacterOffsetBegin=196 CharacterOffsetEnd=202 PartOfSpeech=AUX Lemma=siendo NamedEntityTag=O]
[Text=invitado CharacterOffsetBegin=203 CharacterOffsetEnd=211 PartOfSpeech=VERB Lemma=invitado NamedEntityTag=O]
[Text=varias CharacterOffsetBegin=212 CharacterOffsetEnd=218 PartOfSpeech=DET Lemma=varias NamedEntityTag=O]
[Text=veces CharacterOffsetBegin=219 CharacterOffsetEnd=224 PartOfSpeech=NOUN Lemma=veces NamedEntityTag=O]
[Text=por CharacterOffsetBegin=225 CharacterOffsetEnd=228 PartOfSpeech=ADP Lemma=por NamedEntityTag=O]
[Text=un CharacterOffsetBegin=229 CharacterOffsetEnd=231 PartOfSpeech=DET Lemma=un NamedEntityTag=O]
[Text=aparato CharacterOffsetBegin=232 CharacterOffsetEnd=239 PartOfSpeech=NOUN Lemma=aparato NamedEntityTag=O]
[Text=de CharacterOffsetBegin=240 CharacterOffsetEnd=242 PartOfSpeech=ADP Lemma=de NamedEntityTag=O]
[Text=-- CharacterOffsetBegin=242 CharacterOffsetEnd=244 PartOfSpeech=NUM Lemma=-- NamedEntityTag=O]
[Text=sonido CharacterOffsetBegin=245 CharacterOffsetEnd=251 PartOfSpeech=NOUN Lemma=sonido NamedEntityTag=O]
[Text=colocado CharacterOffsetBegin=252 CharacterOffsetEnd=260 PartOfSpeech=ADJ Lemma=colocado NamedEntityTag=O]
[Text=en CharacterOffsetBegin=261 CharacterOffsetEnd=263 PartOfSpeech=ADP Lemma=en NamedEntityTag=O]
[Text=la CharacterOffsetBegin=264 CharacterOffsetEnd=266 PartOfSpeech=DET Lemma=la NamedEntityTag=O]
[Text=Rectoría CharacterOffsetBegin=267 CharacterOffsetEnd=275 PartOfSpeech=PROPN Lemma=rectoría NamedEntityTag=ORGANIZATION]
[Text=, CharacterOffsetBegin=275 CharacterOffsetEnd=276 PartOfSpeech=PUNCT Lemma=, NamedEntityTag=O]
[Text=asi CharacterOffsetBegin=276 CharacterOffsetEnd=279 PartOfSpeech=VERB Lemma=asi NamedEntityTag=O]
[Text=como CharacterOffsetBegin=280 CharacterOffsetEnd=284 PartOfSpeech=SCONJ Lemma=como NamedEntityTag=O]
[Text=por CharacterOffsetBegin=285 CharacterOffsetEnd=288 PartOfSpeech=ADP Lemma=por NamedEntityTag=O]
[Text=la CharacterOffsetBegin=289 CharacterOffsetEnd=291 PartOfSpeech=DET Lemma=la NamedEntityTag=O]
[Text=- CharacterOffsetBegin=292 CharacterOffsetEnd=293 PartOfSpeech=PUNCT Lemma=- NamedEntityTag=O]
[Text=Radio CharacterOffsetBegin=294 CharacterOffsetEnd=299 PartOfSpeech=PROPN Lemma=radio NamedEntityTag=ORGANIZATION]
[Text=Difusora CharacterOffsetBegin=300 CharacterOffsetEnd=308 PartOfSpeech=PROPN Lemma=difusora NamedEntityTag=ORGANIZATION]
[Text=X.E.L.I. CharacterOffsetBegin=309 CharacterOffsetEnd=317 PartOfSpeech=PROPN Lemma=x.e.l.i. NamedEntityTag=ORGANIZATION]
[Text=, CharacterOffsetBegin=317 CharacterOffsetEnd=318 PartOfSpeech=PUNCT Lemma=, NamedEntityTag=O]
[Text=ante CharacterOffsetBegin=318 CharacterOffsetEnd=322 PartOfSpeech=ADP Lemma=ante NamedEntityTag=O]
[Text=la CharacterOffsetBegin=323 CharacterOffsetEnd=325 PartOfSpeech=DET Lemma=la NamedEntityTag=O]
[Text=negativa CharacterOffsetBegin=326 CharacterOffsetEnd=334 PartOfSpeech=NOUN Lemma=negativa NamedEntityTag=O]
[Text=del CharacterOffsetBegin=335 CharacterOffsetEnd=338 PartOfSpeech=ADP Lemma=del NamedEntityTag=O]
[Text=di CharacterOffsetBegin=339 CharacterOffsetEnd=341 PartOfSpeech=NOUN Lemma=di NamedEntityTag=O]
[Text=- CharacterOffsetBegin=341 CharacterOffsetEnd=342 PartOfSpeech=PUNCT Lemma=- NamedEntityTag=O]
[Text=rigente CharacterOffsetBegin=343 CharacterOffsetEnd=350 PartOfSpeech=ADJ Lemma=rigente NamedEntityTag=O]
[Text=máximo CharacterOffsetBegin=351 CharacterOffsetEnd=357 PartOfSpeech=ADJ Lemma=máximo NamedEntityTag=O]
[Text=de CharacterOffsetBegin=358 CharacterOffsetEnd=360 PartOfSpeech=ADP Lemma=de NamedEntityTag=O]
[Text=la CharacterOffsetBegin=361 CharacterOffsetEnd=363 PartOfSpeech=DET Lemma=la NamedEntityTag=O]
[Text=U.A.G. CharacterOffsetBegin=364 CharacterOffsetEnd=370 PartOfSpeech=PROPN Lemma=u.a.g. NamedEntityTag=O]
[Text=, CharacterOffsetBegin=370 CharacterOffsetEnd=371 PartOfSpeech=PUNCT Lemma=, NamedEntityTag=O]
[Text=se CharacterOffsetBegin=371 CharacterOffsetEnd=373 PartOfSpeech=PRON Lemma=se NamedEntityTag=O]
[Text=invitó CharacterOffsetBegin=374 CharacterOffsetEnd=380 PartOfSpeech=VERB Lemma=invitó NamedEntityTag=O]
[Text=por CharacterOffsetBegin=381 CharacterOffsetEnd=384 PartOfSpeech=ADP Lemma=por NamedEntityTag=O]
[Text=parte CharacterOffsetBegin=385 CharacterOffsetEnd=390 PartOfSpeech=NOUN Lemma=parte NamedEntityTag=O]
[Text=- CharacterOffsetBegin=390 CharacterOffsetEnd=391 PartOfSpeech=PUNCT Lemma=- NamedEntityTag=O]
[Text=de CharacterOffsetBegin=392 CharacterOffsetEnd=394 PartOfSpeech=ADP Lemma=de NamedEntityTag=O]
[Text=los CharacterOffsetBegin=395 CharacterOffsetEnd=398 PartOfSpeech=DET Lemma=los NamedEntityTag=O]
[Text=trabajadores CharacterOffsetBegin=399 CharacterOffsetEnd=411 PartOfSpeech=NOUN Lemma=trabajadores NamedEntityTag=O]
[Text=a CharacterOffsetBegin=412 CharacterOffsetEnd=413 PartOfSpeech=ADP Lemma=a NamedEntityTag=O]
[Text=un CharacterOffsetBegin=414 CharacterOffsetEnd=416 PartOfSpeech=DET Lemma=un NamedEntityTag=O]
[Text=acto CharacterOffsetBegin=417 CharacterOffsetEnd=421 PartOfSpeech=NOUN Lemma=acto NamedEntityTag=O]
[Text=más CharacterOffsetBegin=422 CharacterOffsetEnd=425 PartOfSpeech=ADV Lemma=más NamedEntityTag=O]
[Text=tarde CharacterOffsetBegin=426 CharacterOffsetEnd=431 PartOfSpeech=ADV Lemma=tarde NamedEntityTag=O]
[Text=para CharacterOffsetBegin=432 CharacterOffsetEnd=436 PartOfSpeech=ADP Lemma=para NamedEntityTag=O]
[Text=in CharacterOffsetBegin=437 CharacterOffsetEnd=439 PartOfSpeech=ADP Lemma=in NamedEntityTag=O]
[Text=- CharacterOffsetBegin=439 CharacterOffsetEnd=440 PartOfSpeech=PUNCT Lemma=- NamedEntityTag=O]
[Text=formar CharacterOffsetBegin=441 CharacterOffsetEnd=447 PartOfSpeech=VERB Lemma=formar NamedEntityTag=O]
[Text=de CharacterOffsetBegin=448 CharacterOffsetEnd=450 PartOfSpeech=ADP Lemma=de NamedEntityTag=O]
[Text=los CharacterOffsetBegin=451 CharacterOffsetEnd=454 PartOfSpeech=DET Lemma=los NamedEntityTag=O]
[Text=acuerdos CharacterOffsetBegin=455 CharacterOffsetEnd=463 PartOfSpeech=NOUN Lemma=acuerdos NamedEntityTag=O]
[Text=ante CharacterOffsetBegin=464 CharacterOffsetEnd=468 PartOfSpeech=ADP Lemma=ante NamedEntityTag=O]
[Text=dicha CharacterOffsetBegin=469 CharacterOffsetEnd=474 PartOfSpeech=ADJ Lemma=dicha NamedEntityTag=O]
[Text=negativa CharacterOffsetBegin=475 CharacterOffsetEnd=483 PartOfSpeech=NOUN Lemma=negativa NamedEntityTag=O]
[Text=, CharacterOffsetBegin=483 CharacterOffsetEnd=484 PartOfSpeech=PUNCT Lemma=, NamedEntityTag=O]
[Text=pero CharacterOffsetBegin=485 CharacterOffsetEnd=489 PartOfSpeech=CCONJ Lemma=pero NamedEntityTag=O]
[Text=no CharacterOffsetBegin=490 CharacterOffsetEnd=492 PartOfSpeech=ADV Lemma=no NamedEntityTag=O]
[Text=se CharacterOffsetBegin=493 CharacterOffsetEnd=495 PartOfSpeech=PRON Lemma=se NamedEntityTag=O]
[Text=pudo CharacterOffsetBegin=496 CharacterOffsetEnd=500 PartOfSpeech=AUX Lemma=pudo NamedEntityTag=O]
[Text=llevar CharacterOffsetBegin=501 CharacterOffsetEnd=507 PartOfSpeech=VERB Lemma=llevar NamedEntityTag=O]
[Text=al CharacterOffsetBegin=508 CharacterOffsetEnd=510 PartOfSpeech=ADP Lemma=al NamedEntityTag=O]
[Text=cabo CharacterOffsetBegin=511 CharacterOffsetEnd=515 PartOfSpeech=NOUN Lemma=cabo NamedEntityTag=O]
[Text=debido CharacterOffsetBegin=516 CharacterOffsetEnd=522 PartOfSpeech=ADJ Lemma=debido NamedEntityTag=O]
[Text=a CharacterOffsetBegin=523 CharacterOffsetEnd=524 PartOfSpeech=ADP Lemma=a NamedEntityTag=O]
[Text=que CharacterOffsetBegin=525 CharacterOffsetEnd=528 PartOfSpeech=SCONJ Lemma=que NamedEntityTag=O]
[Text=no CharacterOffsetBegin=529 CharacterOffsetEnd=531 PartOfSpeech=ADV Lemma=no NamedEntityTag=O]
[Text=hubo CharacterOffsetBegin=532 CharacterOffsetEnd=536 PartOfSpeech=AUX Lemma=hubo NamedEntityTag=O]
[Text=-- CharacterOffsetBegin=536 CharacterOffsetEnd=538 PartOfSpeech=NOUN Lemma=-- NamedEntityTag=O]
[Text=asistencia CharacterOffsetBegin=539 CharacterOffsetEnd=549 PartOfSpeech=NOUN Lemma=asistencia NamedEntityTag=O]
[Text=. CharacterOffsetBegin=549 CharacterOffsetEnd=550 PartOfSpeech=PUNCT Lemma=. NamedEntityTag=O]

Dependency Parse (enhanced plus plus dependencies):
root(ROOT-0, invitó-39)
aux(invitado-3, ---1)
aux(invitado-3, siendo-2)
csubj(invitó-39, invitado-3)
det(veces-5, varias-4)
obl(invitado-3, veces-5)
case(aparato-8, por-6)
det(aparato-8, un-7)
obj(invitado-3, aparato-8)
case(sonido-11, de-9)
nummod(sonido-11, ---10)
nmod(aparato-8, sonido-11)
amod(aparato-8, colocado-12)
case(Rectoría-15, en-13)
det(Rectoría-15, la-14)
nmod(aparato-8, Rectoría-15)
punct(asi-17, ,-16)
parataxis(invitó-39, asi-17)
mark(Radio-22, como-18)
case(Radio-22, por-19)
det(Radio-22, la-20)
punct(Radio-22, --21)
obl(asi-17, Radio-22)
flat(Radio-22, Difusora-23)
flat(Radio-22, X.E.L.I.-24)
punct(asi-17, ,-25)
case(negativa-28, ante-26)
det(negativa-28, la-27)
obl(invitó-39, negativa-28)
case(di-30, del-29)
nmod(negativa-28, di-30)
punct(rigente-32, --31)
amod(negativa-28, rigente-32)
amod(rigente-32, máximo-33)
case(U.A.G.-36, de-34)
det(U.A.G.-36, la-35)
nmod(rigente-32, U.A.G.-36)
punct(rigente-32, ,-37)
obj(invitó-39, se-38)
advmod(invitó-39, por-40)
fixed(por-40, parte-41)
punct(trabajadores-45, --42)
case(trabajadores-45, de-43)
det(trabajadores-45, los-44)
obj(invitó-39, trabajadores-45)
case(acto-48, a-46)
det(acto-48, un-47)
nmod(trabajadores-45, acto-48)
advmod(tarde-50, más-49)
advmod(acto-48, tarde-50)
mark(formar-54, para-51)
mark(formar-54, in-52)
punct(formar-54, --53)
acl(acto-48, formar-54)
case(acuerdos-57, de-55)
det(acuerdos-57, los-56)
obj(formar-54, acuerdos-57)
case(negativa-60, ante-58)
amod(negativa-60, dicha-59)
nmod(acuerdos-57, negativa-60)
punct(llevar-66, ,-61)
cc(llevar-66, pero-62)
advmod(llevar-66, no-63)
obj(llevar-66, se-64)
aux(llevar-66, pudo-65)
conj:pero(invitó-39, llevar-66)
case(cabo-68, al-67)
compound(llevar-66, cabo-68)
mark(hubo-73, debido-69)
fixed(debido-69, a-70)
fixed(debido-69, que-71)
advmod(hubo-73, no-72)
advcl(llevar-66, hubo-73)
advcl(llevar-66, hubo-73)
nummod(asistencia-75, ---74)
obj(hubo-73, asistencia-75)
punct(invitó-39, .-76)

Extracted the following NER entity mentions:
Rectoría	ORGANIZATION	ORGANIZATION:0.5897111867025403
Radio Difusora X.E.L.I.	ORGANIZATION	ORGANIZATION:0.7855746257093477

Sentence #3 (59 tokens):
Por otra parte en la Preparatorias--
1 y 9, se distribuyó un volante por iembros del
P.C.M., el que tiene como encabezado "ACUERDO DEL
CONSEJO UNIVERSITARIO PARA LA SOLUCION AL CON---
FLICTO LABORAL", donde se cita que el sindicato-
se ha negado a las pláticas y ahora cita a una--

Tokens:
[Text=Por CharacterOffsetBegin=551 CharacterOffsetEnd=554 PartOfSpeech=ADP Lemma=por NamedEntityTag=O]
[Text=otra CharacterOffsetBegin=555 CharacterOffsetEnd=559 PartOfSpeech=NOUN Lemma=otra NamedEntityTag=O]
[Text=parte CharacterOffsetBegin=560 CharacterOffsetEnd=565 PartOfSpeech=NOUN Lemma=parte NamedEntityTag=O]
[Text=en CharacterOffsetBegin=566 CharacterOffsetEnd=568 PartOfSpeech=ADP Lemma=en NamedEntityTag=O]
[Text=la CharacterOffsetBegin=569 CharacterOffsetEnd=571 PartOfSpeech=DET Lemma=la NamedEntityTag=O]
[Text=Preparatorias CharacterOffsetBegin=572 CharacterOffsetEnd=585 PartOfSpeech=PROPN Lemma=preparatorias NamedEntityTag=LOCATION]
[Text=-- CharacterOffsetBegin=585 CharacterOffsetEnd=587 PartOfSpeech=PROPN Lemma=-- NamedEntityTag=O]
[Text=1 CharacterOffsetBegin=588 CharacterOffsetEnd=589 PartOfSpeech=NUM Lemma=1 NamedEntityTag=NUMBER NormalizedNamedEntityTag=1.0]
[Text=y CharacterOffsetBegin=590 CharacterOffsetEnd=591 PartOfSpeech=CCONJ Lemma=y NamedEntityTag=O]
[Text=9 CharacterOffsetBegin=592 CharacterOffsetEnd=593 PartOfSpeech=NUM Lemma=9 NamedEntityTag=NUMBER NormalizedNamedEntityTag=9.0]
[Text=, CharacterOffsetBegin=593 CharacterOffsetEnd=594 PartOfSpeech=PUNCT Lemma=, NamedEntityTag=O]
[Text=se CharacterOffsetBegin=595 CharacterOffsetEnd=597 PartOfSpeech=PRON Lemma=se NamedEntityTag=O]
[Text=distribuyó CharacterOffsetBegin=598 CharacterOffsetEnd=608 PartOfSpeech=VERB Lemma=distribuyó NamedEntityTag=O]
[Text=un CharacterOffsetBegin=609 CharacterOffsetEnd=611 PartOfSpeech=DET Lemma=un NamedEntityTag=O]
[Text=volante CharacterOffsetBegin=612 CharacterOffsetEnd=619 PartOfSpeech=NOUN Lemma=volante NamedEntityTag=O]
[Text=por CharacterOffsetBegin=620 CharacterOffsetEnd=623 PartOfSpeech=ADP Lemma=por NamedEntityTag=O]
[Text=iembros CharacterOffsetBegin=624 CharacterOffsetEnd=631 PartOfSpeech=NOUN Lemma=iembros NamedEntityTag=O]
[Text=del CharacterOffsetBegin=632 CharacterOffsetEnd=635 PartOfSpeech=ADP Lemma=del NamedEntityTag=O]
[Text=P.C.M. CharacterOffsetBegin=636 CharacterOffsetEnd=642 PartOfSpeech=PROPN Lemma=p.c.m. NamedEntityTag=O]
[Text=, CharacterOffsetBegin=642 CharacterOffsetEnd=643 PartOfSpeech=PUNCT Lemma=, NamedEntityTag=O]
[Text=el CharacterOffsetBegin=644 CharacterOffsetEnd=646 PartOfSpeech=DET Lemma=el NamedEntityTag=O]
[Text=que CharacterOffsetBegin=647 CharacterOffsetEnd=650 PartOfSpeech=PRON Lemma=que NamedEntityTag=O]
[Text=tiene CharacterOffsetBegin=651 CharacterOffsetEnd=656 PartOfSpeech=VERB Lemma=tiene NamedEntityTag=O]
[Text=como CharacterOffsetBegin=657 CharacterOffsetEnd=661 PartOfSpeech=SCONJ Lemma=como NamedEntityTag=O]
[Text=encabezado CharacterOffsetBegin=662 CharacterOffsetEnd=672 PartOfSpeech=ADJ Lemma=encabezado NamedEntityTag=O]
[Text=" CharacterOffsetBegin=673 CharacterOffsetEnd=674 PartOfSpeech=PUNCT Lemma=" NamedEntityTag=O]
[Text=ACUERDO CharacterOffsetBegin=674 CharacterOffsetEnd=681 PartOfSpeech=NOUN Lemma=acuerdo NamedEntityTag=O]
[Text=DEL CharacterOffsetBegin=682 CharacterOffsetEnd=685 PartOfSpeech=ADP Lemma=del NamedEntityTag=O]
[Text=CONSEJO CharacterOffsetBegin=686 CharacterOffsetEnd=693 PartOfSpeech=NOUN Lemma=consejo NamedEntityTag=O]
[Text=UNIVERSITARIO CharacterOffsetBegin=694 CharacterOffsetEnd=707 PartOfSpeech=ADJ Lemma=universitario NamedEntityTag=O]
[Text=PARA CharacterOffsetBegin=708 CharacterOffsetEnd=712 PartOfSpeech=ADP Lemma=para NamedEntityTag=O]
[Text=LA CharacterOffsetBegin=713 CharacterOffsetEnd=715 PartOfSpeech=DET Lemma=la NamedEntityTag=O]
[Text=SOLUCION CharacterOffsetBegin=716 CharacterOffsetEnd=724 PartOfSpeech=PROPN Lemma=solucion NamedEntityTag=O]
[Text=AL CharacterOffsetBegin=725 CharacterOffsetEnd=727 PartOfSpeech=ADP Lemma=al NamedEntityTag=O]
[Text=CON CharacterOffsetBegin=728 CharacterOffsetEnd=731 PartOfSpeech=ADP Lemma=con NamedEntityTag=O]
[Text=--- CharacterOffsetBegin=731 CharacterOffsetEnd=734 PartOfSpeech=DET Lemma=--- NamedEntityTag=O]
[Text=FLICTO CharacterOffsetBegin=735 CharacterOffsetEnd=741 PartOfSpeech=PROPN Lemma=flicto NamedEntityTag=O]
[Text=LABORAL CharacterOffsetBegin=742 CharacterOffsetEnd=749 PartOfSpeech=ADJ Lemma=laboral NamedEntityTag=O]
[Text=" CharacterOffsetBegin=749 CharacterOffsetEnd=750 PartOfSpeech=PUNCT Lemma=" NamedEntityTag=O]
[Text=, CharacterOffsetBegin=750 CharacterOffsetEnd=751 PartOfSpeech=PUNCT Lemma=, NamedEntityTag=O]
[Text=donde CharacterOffsetBegin=752 CharacterOffsetEnd=757 PartOfSpeech=PRON Lemma=donde NamedEntityTag=O]
[Text=se CharacterOffsetBegin=758 CharacterOffsetEnd=760 PartOfSpeech=PRON Lemma=se NamedEntityTag=O]
[Text=cita CharacterOffsetBegin=761 CharacterOffsetEnd=765 PartOfSpeech=VERB Lemma=cita NamedEntityTag=O]
[Text=que CharacterOffsetBegin=766 CharacterOffsetEnd=769 PartOfSpeech=SCONJ Lemma=que NamedEntityTag=O]
[Text=el CharacterOffsetBegin=770 CharacterOffsetEnd=772 PartOfSpeech=DET Lemma=el NamedEntityTag=O]
[Text=sindicato CharacterOffsetBegin=773 CharacterOffsetEnd=782 PartOfSpeech=NOUN Lemma=sindicato NamedEntityTag=O]
[Text=- CharacterOffsetBegin=782 CharacterOffsetEnd=783 PartOfSpeech=PUNCT Lemma=- NamedEntityTag=O]
[Text=se CharacterOffsetBegin=784 CharacterOffsetEnd=786 PartOfSpeech=PRON Lemma=se NamedEntityTag=O]
[Text=ha CharacterOffsetBegin=787 CharacterOffsetEnd=789 PartOfSpeech=AUX Lemma=ha NamedEntityTag=O]
[Text=negado CharacterOffsetBegin=790 CharacterOffsetEnd=796 PartOfSpeech=VERB Lemma=negado NamedEntityTag=O]
[Text=a CharacterOffsetBegin=797 CharacterOffsetEnd=798 PartOfSpeech=ADP Lemma=a NamedEntityTag=O]
[Text=las CharacterOffsetBegin=799 CharacterOffsetEnd=802 PartOfSpeech=DET Lemma=las NamedEntityTag=O]
[Text=pláticas CharacterOffsetBegin=803 CharacterOffsetEnd=811 PartOfSpeech=NOUN Lemma=pláticas NamedEntityTag=O]
[Text=y CharacterOffsetBegin=812 CharacterOffsetEnd=813 PartOfSpeech=CCONJ Lemma=y NamedEntityTag=O]
[Text=ahora CharacterOffsetBegin=814 CharacterOffsetEnd=819 PartOfSpeech=ADV Lemma=ahora NamedEntityTag=O]
[Text=cita CharacterOffsetBegin=820 CharacterOffsetEnd=824 PartOfSpeech=VERB Lemma=cita NamedEntityTag=O]
[Text=a CharacterOffsetBegin=825 CharacterOffsetEnd=826 PartOfSpeech=ADP Lemma=a NamedEntityTag=O]
[Text=una CharacterOffsetBegin=827 CharacterOffsetEnd=830 PartOfSpeech=DET Lemma=una NamedEntityTag=O]
[Text=-- CharacterOffsetBegin=830 CharacterOffsetEnd=832 PartOfSpeech=NOUN Lemma=-- NamedEntityTag=O]

Dependency Parse (enhanced plus plus dependencies):
root(ROOT-0, distribuyó-13)
case(parte-3, Por-1)
det(parte-3, otra-2)
obl(distribuyó-13, parte-3)
case(Preparatorias-6, en-4)
det(Preparatorias-6, la-5)
nmod(parte-3, Preparatorias-6)
flat(Preparatorias-6, ---7)
nummod(Preparatorias-6, 1-8)
cc(9-10, y-9)
conj:y(parte-3, 9-10)
obl(distribuyó-13, 9-10)
punct(parte-3, ,-11)
obj(distribuyó-13, se-12)
det(volante-15, un-14)
nsubj(distribuyó-13, volante-15)
case(iembros-17, por-16)
nmod(volante-15, iembros-17)
case(P.C.M.-19, del-18)
nmod(volante-15, P.C.M.-19)
punct(tiene-23, ,-20)
det(tiene-23, el-21)
nsubj(tiene-23, que-22)
acl(volante-15, tiene-23)
mark(encabezado-25, como-24)
obj(tiene-23, encabezado-25)
punct(encabezado-25, "-26)
obj(encabezado-25, ACUERDO-27)
case(CONSEJO-29, DEL-28)
nmod(ACUERDO-27, CONSEJO-29)
amod(CONSEJO-29, UNIVERSITARIO-30)
case(SOLUCION-33, PARA-31)
det(SOLUCION-33, LA-32)
obl(tiene-23, SOLUCION-33)
case(FLICTO-37, AL-34)
case(FLICTO-37, CON-35)
det(FLICTO-37, ----36)
nmod(SOLUCION-33, FLICTO-37)
amod(FLICTO-37, LABORAL-38)
punct(SOLUCION-33, "-39)
punct(cita-43, ,-40)
obl(cita-43, donde-41)
expl:pass(cita-43, se-42)
acl(SOLUCION-33, cita-43)
mark(negado-50, que-44)
det(sindicato-46, el-45)
nsubj(negado-50, sindicato-46)
punct(negado-50, --47)
obj(negado-50, se-48)
aux(negado-50, ha-49)
ccomp(cita-43, negado-50)
case(pláticas-53, a-51)
det(pláticas-53, las-52)
obj(negado-50, pláticas-53)
cc(cita-56, y-54)
advmod(cita-56, ahora-55)
ccomp(cita-43, cita-56)
conj:y(negado-50, cita-56)
case(---59, a-57)
det(---59, una-58)
obj(cita-56, ---59)

Extracted the following NER entity mentions:
Preparatorias	LOCATION	LOCATION:0.38987474558752927
1	NUMBER	NUMBER:-1.0
9	NUMBER	NUMBER:-1.0
