Document: ID=file_340.txt (7 sentences, 111 tokens)

Sentence #1 (27 tokens):
exigiendo el aumento del subsidio ,pero que no
hay un documento donde esplique en que se esta
gastando el dinero; respondiendo los funcionarios
UAG.

Tokens:
[Text=exigiendo CharacterOffsetBegin=0 CharacterOffsetEnd=9 PartOfSpeech=VERB Lemma=exigiendo NamedEntityTag=O]
[Text=el CharacterOffsetBegin=10 CharacterOffsetEnd=12 PartOfSpeech=DET Lemma=el NamedEntityTag=O]
[Text=aumento CharacterOffsetBegin=13 CharacterOffsetEnd=20 PartOfSpeech=NOUN Lemma=aumento NamedEntityTag=O]
[Text=del CharacterOffsetBegin=21 CharacterOffsetEnd=24 PartOfSpeech=ADP Lemma=del NamedEntityTag=O]
[Text=subsidio CharacterOffsetBegin=25 CharacterOffsetEnd=33 PartOfSpeech=NOUN Lemma=subsidio NamedEntityTag=O]
[Text=, CharacterOffsetBegin=34 CharacterOffsetEnd=35 PartOfSpeech=PUNCT Lemma=, NamedEntityTag=O]
[Text=pero CharacterOffsetBegin=35 CharacterOffsetEnd=39 PartOfSpeech=CCONJ Lemma=pero NamedEntityTag=O]
[Text=que CharacterOffsetBegin=40 CharacterOffsetEnd=43 PartOfSpeech=SCONJ Lemma=que NamedEntityTag=O]
[Text=no CharacterOffsetBegin=44 CharacterOffsetEnd=46 PartOfSpeech=ADV Lemma=no NamedEntityTag=O]
[Text=hay CharacterOffsetBegin=47 CharacterOffsetEnd=50 PartOfSpeech=AUX Lemma=hay NamedEntityTag=O]
[Text=un CharacterOffsetBegin=51 CharacterOffsetEnd=53 PartOfSpeech=DET Lemma=un NamedEntityTag=O]
[Text=documento CharacterOffsetBegin=54 CharacterOffsetEnd=63 PartOfSpeech=NOUN Lemma=documento NamedEntityTag=O]
[Text=donde CharacterOffsetBegin=64 CharacterOffsetEnd=69 PartOfSpeech=PRON Lemma=donde NamedEntityTag=O]
[Text=esplique CharacterOffsetBegin=70 CharacterOffsetEnd=78 PartOfSpeech=VERB Lemma=esplique NamedEntityTag=O]
[Text=en CharacterOffsetBegin=79 CharacterOffsetEnd=81 PartOfSpeech=ADP Lemma=en NamedEntityTag=O]
[Text=que CharacterOffsetBegin=82 CharacterOffsetEnd=85 PartOfSpeech=SCONJ Lemma=que NamedEntityTag=O]
[Text=se CharacterOffsetBegin=86 CharacterOffsetEnd=88 PartOfSpeech=PRON Lemma=se NamedEntityTag=O]
[Text=esta CharacterOffsetBegin=89 CharacterOffsetEnd=93 PartOfSpeech=PRON Lemma=esta NamedEntityTag=O]
[Text=gastando CharacterOffsetBegin=94 CharacterOffsetEnd=102 PartOfSpeech=VERB Lemma=gastando NamedEntityTag=O]
[Text=el CharacterOffsetBegin=103 CharacterOffsetEnd=105 PartOfSpeech=DET Lemma=el NamedEntityTag=O]
[Text=dinero CharacterOffsetBegin=106 CharacterOffsetEnd=112 PartOfSpeech=NOUN Lemma=dinero NamedEntityTag=O]
[Text=; CharacterOffsetBegin=112 CharacterOffsetEnd=113 PartOfSpeech=PUNCT Lemma=; NamedEntityTag=O]
[Text=respondiendo CharacterOffsetBegin=114 CharacterOffsetEnd=126 PartOfSpeech=VERB Lemma=respondiendo NamedEntityTag=O]
[Text=los CharacterOffsetBegin=127 CharacterOffsetEnd=130 PartOfSpeech=DET Lemma=los NamedEntityTag=O]
[Text=funcionarios CharacterOffsetBegin=131 CharacterOffsetEnd=143 PartOfSpeech=NOUN Lemma=funcionarios NamedEntityTag=O]
[Text=UAG CharacterOffsetBegin=144 CharacterOffsetEnd=147 PartOfSpeech=PROPN Lemma=uag NamedEntityTag=ORGANIZATION]
[Text=. CharacterOffsetBegin=147 CharacterOffsetEnd=148 PartOfSpeech=PUNCT Lemma=. NamedEntityTag=O]

Dependency Parse (enhanced plus plus dependencies):
root(ROOT-0, exigiendo-1)
det(aumento-3, el-2)
obj(exigiendo-1, aumento-3)
case(subsidio-5, del-4)
nmod(aumento-3, subsidio-5)
punct(hay-10, ,-6)
cc(hay-10, pero-7)
mark(hay-10, que-8)
advmod(hay-10, no-9)
conj:pero(exigiendo-1, hay-10)
det(documento-12, un-11)
obj(hay-10, documento-12)
obl(esplique-14, donde-13)
acl(documento-12, esplique-14)
mark(gastando-19, en-15)
mark(gastando-19, que-16)
expl:pass(gastando-19, se-17)
obj(gastando-19, esta-18)
advcl(esplique-14, gastando-19)
det(dinero-21, el-20)
nsubj(gastando-19, dinero-21)
punct(exigiendo-1, ;-22)
advcl(exigiendo-1, respondiendo-23)
det(funcionarios-25, los-24)
obj(respondiendo-23, funcionarios-25)
appos(funcionarios-25, UAG-26)
punct(exigiendo-1, .-27)

Extracted the following NER entity mentions:
UAG	ORGANIZATION	ORGANIZATION:0.8829995899828721

Sentence #2 (17 tokens):
que ellos a quienes dan satisfacciones son
a los educandos de la Universidad; el Lic.

Tokens:
[Text=que CharacterOffsetBegin=149 CharacterOffsetEnd=152 PartOfSpeech=PRON Lemma=que NamedEntityTag=O]
[Text=ellos CharacterOffsetBegin=153 CharacterOffsetEnd=158 PartOfSpeech=PRON Lemma=ellos NamedEntityTag=O]
[Text=a CharacterOffsetBegin=159 CharacterOffsetEnd=160 PartOfSpeech=ADP Lemma=a NamedEntityTag=O]
[Text=quienes CharacterOffsetBegin=161 CharacterOffsetEnd=168 PartOfSpeech=PRON Lemma=quienes NamedEntityTag=O]
[Text=dan CharacterOffsetBegin=169 CharacterOffsetEnd=172 PartOfSpeech=VERB Lemma=dan NamedEntityTag=O]
[Text=satisfacciones CharacterOffsetBegin=173 CharacterOffsetEnd=187 PartOfSpeech=NOUN Lemma=satisfacciones NamedEntityTag=O]
[Text=son CharacterOffsetBegin=188 CharacterOffsetEnd=191 PartOfSpeech=AUX Lemma=son NamedEntityTag=O]
[Text=a CharacterOffsetBegin=192 CharacterOffsetEnd=193 PartOfSpeech=ADP Lemma=a NamedEntityTag=O]
[Text=los CharacterOffsetBegin=194 CharacterOffsetEnd=197 PartOfSpeech=DET Lemma=los NamedEntityTag=O]
[Text=educandos CharacterOffsetBegin=198 CharacterOffsetEnd=207 PartOfSpeech=NOUN Lemma=educandos NamedEntityTag=O]
[Text=de CharacterOffsetBegin=208 CharacterOffsetEnd=210 PartOfSpeech=ADP Lemma=de NamedEntityTag=O]
[Text=la CharacterOffsetBegin=211 CharacterOffsetEnd=213 PartOfSpeech=DET Lemma=la NamedEntityTag=O]
[Text=Universidad CharacterOffsetBegin=214 CharacterOffsetEnd=225 PartOfSpeech=PROPN Lemma=universidad NamedEntityTag=ORGANIZATION]
[Text=; CharacterOffsetBegin=225 CharacterOffsetEnd=226 PartOfSpeech=PUNCT Lemma=; NamedEntityTag=O]
[Text=el CharacterOffsetBegin=227 CharacterOffsetEnd=229 PartOfSpeech=DET Lemma=el NamedEntityTag=O]
[Text=Lic CharacterOffsetBegin=230 CharacterOffsetEnd=233 PartOfSpeech=PROPN Lemma=lic NamedEntityTag=O]
[Text=. CharacterOffsetBegin=233 CharacterOffsetEnd=234 PartOfSpeech=PUNCT Lemma=. NamedEntityTag=O]

Dependency Parse (enhanced plus plus dependencies):
root(ROOT-0, educandos-10)
mark(educandos-10, que-1)
nsubj(educandos-10, ellos-2)
mark(dan-5, a-3)
nsubj(dan-5, quienes-4)
acl(ellos-2, dan-5)
obj(dan-5, satisfacciones-6)
cop(educandos-10, son-7)
case(educandos-10, a-8)
det(educandos-10, los-9)
case(Universidad-13, de-11)
det(Universidad-13, la-12)
nmod(educandos-10, Universidad-13)
punct(educandos-10, ;-14)
det(Lic-16, el-15)
obl(educandos-10, Lic-16)
punct(educandos-10, .-17)

Extracted the following NER entity mentions:
Universidad	ORGANIZATION	ORGANIZATION:0.9289738474097452

Sentence #3 (24 tokens):
RAN--
GEL GUERRA, hizó notar que la SEP repudia el se--
cuestro del funcionario de la Dependencia en el
Edo.

Tokens:
[Text=RAN CharacterOffsetBegin=235 CharacterOffsetEnd=238 PartOfSpeech=PROPN Lemma=ran NamedEntityTag=ORGANIZATION]
[Text=-- CharacterOffsetBegin=238 CharacterOffsetEnd=240 PartOfSpeech=PROPN Lemma=-- NamedEntityTag=O]
[Text=GEL CharacterOffsetBegin=241 CharacterOffsetEnd=244 PartOfSpeech=PROPN Lemma=gel NamedEntityTag=O]
[Text=GUERRA CharacterOffsetBegin=245 CharacterOffsetEnd=251 PartOfSpeech=PROPN Lemma=guerra NamedEntityTag=CAUSE_OF_DEATH]
[Text=, CharacterOffsetBegin=251 CharacterOffsetEnd=252 PartOfSpeech=PUNCT Lemma=, NamedEntityTag=O]
[Text=hizó CharacterOffsetBegin=253 CharacterOffsetEnd=257 PartOfSpeech=VERB Lemma=hizó NamedEntityTag=O]
[Text=notar CharacterOffsetBegin=258 CharacterOffsetEnd=263 PartOfSpeech=AUX Lemma=notar NamedEntityTag=O]
[Text=que CharacterOffsetBegin=264 CharacterOffsetEnd=267 PartOfSpeech=SCONJ Lemma=que NamedEntityTag=O]
[Text=la CharacterOffsetBegin=268 CharacterOffsetEnd=270 PartOfSpeech=DET Lemma=la NamedEntityTag=O]
[Text=SEP CharacterOffsetBegin=271 CharacterOffsetEnd=274 PartOfSpeech=PROPN Lemma=sep NamedEntityTag=ORGANIZATION]
[Text=repudia CharacterOffsetBegin=275 CharacterOffsetEnd=282 PartOfSpeech=VERB Lemma=repudia NamedEntityTag=O]
[Text=el CharacterOffsetBegin=283 CharacterOffsetEnd=285 PartOfSpeech=DET Lemma=el NamedEntityTag=O]
[Text=se CharacterOffsetBegin=286 CharacterOffsetEnd=288 PartOfSpeech=PRON Lemma=se NamedEntityTag=O]
[Text=-- CharacterOffsetBegin=288 CharacterOffsetEnd=290 PartOfSpeech=NUM Lemma=-- NamedEntityTag=O]
[Text=cuestro CharacterOffsetBegin=291 CharacterOffsetEnd=298 PartOfSpeech=NOUN Lemma=cuestro NamedEntityTag=O]
[Text=del CharacterOffsetBegin=299 CharacterOffsetEnd=302 PartOfSpeech=ADP Lemma=del NamedEntityTag=O]
[Text=funcionario CharacterOffsetBegin=303 CharacterOffsetEnd=314 PartOfSpeech=NOUN Lemma=funcionario NamedEntityTag=O]
[Text=de CharacterOffsetBegin=315 CharacterOffsetEnd=317 PartOfSpeech=ADP Lemma=de NamedEntityTag=O]
[Text=la CharacterOffsetBegin=318 CharacterOffsetEnd=320 PartOfSpeech=DET Lemma=la NamedEntityTag=O]
[Text=Dependencia CharacterOffsetBegin=321 CharacterOffsetEnd=332 PartOfSpeech=PROPN Lemma=dependencia NamedEntityTag=MISC]
[Text=en CharacterOffsetBegin=333 CharacterOffsetEnd=335 PartOfSpeech=ADP Lemma=en NamedEntityTag=O]
[Text=el CharacterOffsetBegin=336 CharacterOffsetEnd=338 PartOfSpeech=DET Lemma=el NamedEntityTag=O]
[Text=Edo CharacterOffsetBegin=339 CharacterOffsetEnd=342 PartOfSpeech=PROPN Lemma=edo NamedEntityTag=O]
[Text=. CharacterOffsetBegin=342 CharacterOffsetEnd=343 PartOfSpeech=PUNCT Lemma=. NamedEntityTag=O]

Dependency Parse (enhanced plus plus dependencies):
root(ROOT-0, hizó-6)
nsubj(hizó-6, RAN-1)
flat(RAN-1, ---2)
flat(RAN-1, GEL-3)
flat(RAN-1, GUERRA-4)
punct(RAN-1, ,-5)
aux(repudia-11, notar-7)
mark(repudia-11, que-8)
det(SEP-10, la-9)
nsubj(repudia-11, SEP-10)
ccomp(hizó-6, repudia-11)
det(---14, el-12)
obj(---14, se-13)
nummod(cuestro-15, ---14)
obj(repudia-11, cuestro-15)
case(funcionario-17, del-16)
nmod(cuestro-15, funcionario-17)
case(Dependencia-20, de-18)
det(Dependencia-20, la-19)
nmod(funcionario-17, Dependencia-20)
case(Edo-23, en-21)
det(Edo-23, el-22)
obl(repudia-11, Edo-23)
punct(hizó-6, .-24)

Extracted the following NER entity mentions:
RAN	ORGANIZATION	ORGANIZATION:0.560226926242035
GUERRA	CAUSE_OF_DEATH	-
SEP	ORGANIZATION	ORGANIZATION:0.9299191997177988
Dependencia	MISC	MISC:0.5903346804830936

Sentence #4 (15 tokens):
de Morelos, CESAR UZCANGA, en días pasados
por parte de esudiantes UAG.

Tokens:
[Text=de CharacterOffsetBegin=343 CharacterOffsetEnd=345 PartOfSpeech=ADP Lemma=de NamedEntityTag=O]
[Text=Morelos CharacterOffsetBegin=346 CharacterOffsetEnd=353 PartOfSpeech=PROPN Lemma=morelos NamedEntityTag=PERSON]
[Text=, CharacterOffsetBegin=353 CharacterOffsetEnd=354 PartOfSpeech=PUNCT Lemma=, NamedEntityTag=O]
[Text=CESAR CharacterOffsetBegin=355 CharacterOffsetEnd=360 PartOfSpeech=PROPN Lemma=cesar NamedEntityTag=ORGANIZATION]
[Text=UZCANGA CharacterOffsetBegin=361 CharacterOffsetEnd=368 PartOfSpeech=PROPN Lemma=uzcanga NamedEntityTag=ORGANIZATION]
[Text=, CharacterOffsetBegin=368 CharacterOffsetEnd=369 PartOfSpeech=PUNCT Lemma=, NamedEntityTag=O]
[Text=en CharacterOffsetBegin=370 CharacterOffsetEnd=372 PartOfSpeech=ADP Lemma=en NamedEntityTag=O]
[Text=días CharacterOffsetBegin=373 CharacterOffsetEnd=377 PartOfSpeech=NOUN Lemma=días NamedEntityTag=O]
[Text=pasados CharacterOffsetBegin=378 CharacterOffsetEnd=385 PartOfSpeech=ADJ Lemma=pasados NamedEntityTag=O]
[Text=por CharacterOffsetBegin=386 CharacterOffsetEnd=389 PartOfSpeech=ADP Lemma=por NamedEntityTag=O]
[Text=parte CharacterOffsetBegin=390 CharacterOffsetEnd=395 PartOfSpeech=NOUN Lemma=parte NamedEntityTag=O]
[Text=de CharacterOffsetBegin=396 CharacterOffsetEnd=398 PartOfSpeech=ADP Lemma=de NamedEntityTag=O]
[Text=esudiantes CharacterOffsetBegin=399 CharacterOffsetEnd=409 PartOfSpeech=NOUN Lemma=esudiantes NamedEntityTag=O]
[Text=UAG CharacterOffsetBegin=410 CharacterOffsetEnd=413 PartOfSpeech=PROPN Lemma=uag NamedEntityTag=ORGANIZATION]
[Text=. CharacterOffsetBegin=413 CharacterOffsetEnd=414 PartOfSpeech=PUNCT Lemma=. NamedEntityTag=O]

Dependency Parse (enhanced plus plus dependencies):
root(ROOT-0, Morelos-2)
case(Morelos-2, de-1)
punct(CESAR-4, ,-3)
appos(Morelos-2, CESAR-4)
flat(CESAR-4, UZCANGA-5)
punct(CESAR-4, ,-6)
case(días-8, en-7)
nmod(Morelos-2, días-8)
amod(días-8, pasados-9)
case(esudiantes-13, por-10)
fixed(por-10, parte-11)
fixed(por-10, de-12)
obj(pasados-9, esudiantes-13)
appos(esudiantes-13, UAG-14)
punct(Morelos-2, .-15)

Extracted the following NER entity mentions:
Morelos	PERSON	PERSON:0.4845959353075433
CESAR UZCANGA	ORGANIZATION	ORGANIZATION:0.567940748547031
UAG	ORGANIZATION	ORGANIZATION:0.8092917652569356

Sentence #5 (10 tokens):
-Pmmc
012-028-002
18 Mar.82
Los marchistas Sindicales UAG.

Tokens:
[Text=- CharacterOffsetBegin=414 CharacterOffsetEnd=415 PartOfSpeech=PUNCT Lemma=- NamedEntityTag=O]
[Text=Pmmc CharacterOffsetBegin=415 CharacterOffsetEnd=419 PartOfSpeech=PROPN Lemma=pmmc NamedEntityTag=O]
[Text=012-028-002 CharacterOffsetBegin=420 CharacterOffsetEnd=431 PartOfSpeech=NUM Lemma=012-028-002 NamedEntityTag=O]
[Text=18 CharacterOffsetBegin=432 CharacterOffsetEnd=434 PartOfSpeech=NUM Lemma=18 NamedEntityTag=NUMBER NormalizedNamedEntityTag=18.0]
[Text=Mar.82 CharacterOffsetBegin=435 CharacterOffsetEnd=441 PartOfSpeech=PROPN Lemma=mar.82 NamedEntityTag=O]
[Text=Los CharacterOffsetBegin=442 CharacterOffsetEnd=445 PartOfSpeech=DET Lemma=los NamedEntityTag=O]
[Text=marchistas CharacterOffsetBegin=446 CharacterOffsetEnd=456 PartOfSpeech=PROPN Lemma=marchistas NamedEntityTag=O]
[Text=Sindicales CharacterOffsetBegin=457 CharacterOffsetEnd=467 PartOfSpeech=PROPN Lemma=sindicales NamedEntityTag=ORGANIZATION]
[Text=UAG CharacterOffsetBegin=468 CharacterOffsetEnd=471 PartOfSpeech=PROPN Lemma=uag NamedEntityTag=ORGANIZATION]
[Text=. CharacterOffsetBegin=471 CharacterOffsetEnd=472 PartOfSpeech=PUNCT Lemma=. NamedEntityTag=O]

Dependency Parse (enhanced plus plus dependencies):
root(ROOT-0, Pmmc-2)
punct(Pmmc-2, --1)
nummod(Pmmc-2, 012-028-002-3)
nummod(Pmmc-2, 18-4)
flat(Pmmc-2, Mar.82-5)
det(marchistas-7, Los-6)
flat(Pmmc-2, marchistas-7)
flat(Pmmc-2, Sindicales-8)
flat(Pmmc-2, UAG-9)
punct(Pmmc-2, .-10)

Extracted the following NER entity mentions:
18	NUMBER	NUMBER:-1.0
Sindicales UAG	ORGANIZATION	ORGANIZATION:0.41493114013784854

Sentence #6 (16 tokens):
permanecen en el
edificio SUNTU, integrando brigadas de boteo y
distribución de su propaganda .

Tokens:
[Text=permanecen CharacterOffsetBegin=472 CharacterOffsetEnd=482 PartOfSpeech=VERB Lemma=permanecen NamedEntityTag=O]
[Text=en CharacterOffsetBegin=483 CharacterOffsetEnd=485 PartOfSpeech=ADP Lemma=en NamedEntityTag=O]
[Text=el CharacterOffsetBegin=486 CharacterOffsetEnd=488 PartOfSpeech=DET Lemma=el NamedEntityTag=O]
[Text=edificio CharacterOffsetBegin=489 CharacterOffsetEnd=497 PartOfSpeech=NOUN Lemma=edificio NamedEntityTag=O]
[Text=SUNTU CharacterOffsetBegin=498 CharacterOffsetEnd=503 PartOfSpeech=PROPN Lemma=suntu NamedEntityTag=ORGANIZATION]
[Text=, CharacterOffsetBegin=503 CharacterOffsetEnd=504 PartOfSpeech=PUNCT Lemma=, NamedEntityTag=O]
[Text=integrando CharacterOffsetBegin=505 CharacterOffsetEnd=515 PartOfSpeech=VERB Lemma=integrando NamedEntityTag=O]
[Text=brigadas CharacterOffsetBegin=516 CharacterOffsetEnd=524 PartOfSpeech=NOUN Lemma=brigadas NamedEntityTag=O]
[Text=de CharacterOffsetBegin=525 CharacterOffsetEnd=527 PartOfSpeech=ADP Lemma=de NamedEntityTag=O]
[Text=boteo CharacterOffsetBegin=528 CharacterOffsetEnd=533 PartOfSpeech=NOUN Lemma=boteo NamedEntityTag=O]
[Text=y CharacterOffsetBegin=534 CharacterOffsetEnd=535 PartOfSpeech=CCONJ Lemma=y NamedEntityTag=O]
[Text=distribución CharacterOffsetBegin=536 CharacterOffsetEnd=548 PartOfSpeech=NOUN Lemma=distribución NamedEntityTag=O]
[Text=de CharacterOffsetBegin=549 CharacterOffsetEnd=551 PartOfSpeech=ADP Lemma=de NamedEntityTag=O]
[Text=su CharacterOffsetBegin=552 CharacterOffsetEnd=554 PartOfSpeech=DET Lemma=su NamedEntityTag=O]
[Text=propaganda CharacterOffsetBegin=555 CharacterOffsetEnd=565 PartOfSpeech=NOUN Lemma=propaganda NamedEntityTag=O]
[Text=. CharacterOffsetBegin=566 CharacterOffsetEnd=567 PartOfSpeech=PUNCT Lemma=. NamedEntityTag=O]

Dependency Parse (enhanced plus plus dependencies):
root(ROOT-0, permanecen-1)
case(edificio-4, en-2)
det(edificio-4, el-3)
obl(permanecen-1, edificio-4)
appos(edificio-4, SUNTU-5)
punct(permanecen-1, ,-6)
advcl(permanecen-1, integrando-7)
obj(integrando-7, brigadas-8)
case(boteo-10, de-9)
nmod(brigadas-8, boteo-10)
cc(distribución-12, y-11)
nmod(brigadas-8, distribución-12)
conj:y(boteo-10, distribución-12)
case(propaganda-15, de-13)
det(propaganda-15, su-14)
nmod(brigadas-8, propaganda-15)
punct(permanecen-1, .-16)

Extracted the following NER entity mentions:
SUNTU	ORGANIZATION	ORGANIZATION:0.4893899210466398

Sentence #7 (2 tokens):
-Pmmc

Tokens:
[Text=- CharacterOffsetBegin=567 CharacterOffsetEnd=568 PartOfSpeech=PUNCT Lemma=- NamedEntityTag=O]
[Text=Pmmc CharacterOffsetBegin=568 CharacterOffsetEnd=572 PartOfSpeech=PROPN Lemma=pmmc NamedEntityTag=O]

Dependency Parse (enhanced plus plus dependencies):
root(ROOT-0, Pmmc-2)
punct(Pmmc-2, --1)

Extracted the following NER entity mentions:
