Document: ID=file_116.txt (9 sentences, 140 tokens)

Sentence #1 (18 tokens):
su programa de accion en defensa de la Univer
sidad, sobre la base de evitar incidentes.

Tokens:
[Text=su CharacterOffsetBegin=0 CharacterOffsetEnd=2 PartOfSpeech=DET Lemma=su NamedEntityTag=O]
[Text=programa CharacterOffsetBegin=3 CharacterOffsetEnd=11 PartOfSpeech=NOUN Lemma=programa NamedEntityTag=O]
[Text=de CharacterOffsetBegin=12 CharacterOffsetEnd=14 PartOfSpeech=ADP Lemma=de NamedEntityTag=O]
[Text=accion CharacterOffsetBegin=15 CharacterOffsetEnd=21 PartOfSpeech=NOUN Lemma=accion NamedEntityTag=O]
[Text=en CharacterOffsetBegin=22 CharacterOffsetEnd=24 PartOfSpeech=ADP Lemma=en NamedEntityTag=O]
[Text=defensa CharacterOffsetBegin=25 CharacterOffsetEnd=32 PartOfSpeech=NOUN Lemma=defensa NamedEntityTag=O]
[Text=de CharacterOffsetBegin=33 CharacterOffsetEnd=35 PartOfSpeech=ADP Lemma=de NamedEntityTag=O]
[Text=la CharacterOffsetBegin=36 CharacterOffsetEnd=38 PartOfSpeech=DET Lemma=la NamedEntityTag=O]
[Text=Univer CharacterOffsetBegin=39 CharacterOffsetEnd=45 PartOfSpeech=PROPN Lemma=univer NamedEntityTag=ORGANIZATION]
[Text=sidad CharacterOffsetBegin=46 CharacterOffsetEnd=51 PartOfSpeech=NOUN Lemma=sidad NamedEntityTag=ORGANIZATION]
[Text=, CharacterOffsetBegin=51 CharacterOffsetEnd=52 PartOfSpeech=PUNCT Lemma=, NamedEntityTag=O]
[Text=sobre CharacterOffsetBegin=53 CharacterOffsetEnd=58 PartOfSpeech=ADP Lemma=sobre NamedEntityTag=O]
[Text=la CharacterOffsetBegin=59 CharacterOffsetEnd=61 PartOfSpeech=DET Lemma=la NamedEntityTag=O]
[Text=base CharacterOffsetBegin=62 CharacterOffsetEnd=66 PartOfSpeech=NOUN Lemma=base NamedEntityTag=O]
[Text=de CharacterOffsetBegin=67 CharacterOffsetEnd=69 PartOfSpeech=ADP Lemma=de NamedEntityTag=O]
[Text=evitar CharacterOffsetBegin=70 CharacterOffsetEnd=76 PartOfSpeech=VERB Lemma=evitar NamedEntityTag=O]
[Text=incidentes CharacterOffsetBegin=77 CharacterOffsetEnd=87 PartOfSpeech=NOUN Lemma=incidentes NamedEntityTag=O]
[Text=. CharacterOffsetBegin=87 CharacterOffsetEnd=88 PartOfSpeech=PUNCT Lemma=. NamedEntityTag=O]

Dependency Parse (enhanced plus plus dependencies):
root(ROOT-0, programa-2)
det(programa-2, su-1)
case(accion-4, de-3)
nmod(programa-2, accion-4)
case(defensa-6, en-5)
nmod(programa-2, defensa-6)
case(Univer-9, de-7)
det(Univer-9, la-8)
nmod(defensa-6, Univer-9)
flat(Univer-9, sidad-10)
punct(base-14, ,-11)
case(base-14, sobre-12)
det(base-14, la-13)
nmod(programa-2, base-14)
mark(evitar-16, de-15)
acl(base-14, evitar-16)
obj(evitar-16, incidentes-17)
punct(programa-2, .-18)

Extracted the following NER entity mentions:
Univer
sidad	ORGANIZATION	ORGANIZATION:0.4326311279694504

Sentence #2 (1 tokens):
.

Tokens:
[Text=. CharacterOffsetBegin=88 CharacterOffsetEnd=89 PartOfSpeech=PUNCT Lemma=. NamedEntityTag=O]

Dependency Parse (enhanced plus plus dependencies):
root(ROOT-0, .-1)

Extracted the following NER entity mentions:

Sentence #3 (28 tokens):
Por 1 tarde contunuaron en la Puerta del Recint
Universitario los estudiamy s con la bandera
roji negra sin perjuicio de qye a partir de las
17.00Hrs.

Tokens:
[Text=Por CharacterOffsetBegin=90 CharacterOffsetEnd=93 PartOfSpeech=ADP Lemma=por NamedEntityTag=O]
[Text=1 CharacterOffsetBegin=94 CharacterOffsetEnd=95 PartOfSpeech=NUM Lemma=1 NamedEntityTag=NUMBER NormalizedNamedEntityTag=1.0]
[Text=tarde CharacterOffsetBegin=96 CharacterOffsetEnd=101 PartOfSpeech=ADV Lemma=tarde NamedEntityTag=O]
[Text=contunuaron CharacterOffsetBegin=102 CharacterOffsetEnd=113 PartOfSpeech=VERB Lemma=contunuaron NamedEntityTag=O]
[Text=en CharacterOffsetBegin=114 CharacterOffsetEnd=116 PartOfSpeech=ADP Lemma=en NamedEntityTag=O]
[Text=la CharacterOffsetBegin=117 CharacterOffsetEnd=119 PartOfSpeech=DET Lemma=la NamedEntityTag=O]
[Text=Puerta CharacterOffsetBegin=120 CharacterOffsetEnd=126 PartOfSpeech=PROPN Lemma=puerta NamedEntityTag=LOCATION]
[Text=del CharacterOffsetBegin=127 CharacterOffsetEnd=130 PartOfSpeech=ADP Lemma=del NamedEntityTag=LOCATION]
[Text=Recint CharacterOffsetBegin=131 CharacterOffsetEnd=137 PartOfSpeech=PROPN Lemma=recint NamedEntityTag=LOCATION]
[Text=Universitario CharacterOffsetBegin=138 CharacterOffsetEnd=151 PartOfSpeech=PROPN Lemma=universitario NamedEntityTag=LOCATION]
[Text=los CharacterOffsetBegin=152 CharacterOffsetEnd=155 PartOfSpeech=DET Lemma=los NamedEntityTag=O]
[Text=estudiamy CharacterOffsetBegin=156 CharacterOffsetEnd=165 PartOfSpeech=PROPN Lemma=estudiamy NamedEntityTag=O]
[Text=s CharacterOffsetBegin=166 CharacterOffsetEnd=167 PartOfSpeech=PROPN Lemma=s NamedEntityTag=O]
[Text=con CharacterOffsetBegin=168 CharacterOffsetEnd=171 PartOfSpeech=ADP Lemma=con NamedEntityTag=O]
[Text=la CharacterOffsetBegin=172 CharacterOffsetEnd=174 PartOfSpeech=DET Lemma=la NamedEntityTag=O]
[Text=bandera CharacterOffsetBegin=175 CharacterOffsetEnd=182 PartOfSpeech=NOUN Lemma=bandera NamedEntityTag=O]
[Text=roji CharacterOffsetBegin=183 CharacterOffsetEnd=187 PartOfSpeech=ADJ Lemma=roji NamedEntityTag=O]
[Text=negra CharacterOffsetBegin=188 CharacterOffsetEnd=193 PartOfSpeech=ADJ Lemma=negra NamedEntityTag=O]
[Text=sin CharacterOffsetBegin=194 CharacterOffsetEnd=197 PartOfSpeech=ADP Lemma=sin NamedEntityTag=O]
[Text=perjuicio CharacterOffsetBegin=198 CharacterOffsetEnd=207 PartOfSpeech=NOUN Lemma=perjuicio NamedEntityTag=O]
[Text=de CharacterOffsetBegin=208 CharacterOffsetEnd=210 PartOfSpeech=ADP Lemma=de NamedEntityTag=O]
[Text=qye CharacterOffsetBegin=211 CharacterOffsetEnd=214 PartOfSpeech=NOUN Lemma=qye NamedEntityTag=O]
[Text=a CharacterOffsetBegin=215 CharacterOffsetEnd=216 PartOfSpeech=ADP Lemma=a NamedEntityTag=O]
[Text=partir CharacterOffsetBegin=217 CharacterOffsetEnd=223 PartOfSpeech=NOUN Lemma=partir NamedEntityTag=O]
[Text=de CharacterOffsetBegin=224 CharacterOffsetEnd=226 PartOfSpeech=ADP Lemma=de NamedEntityTag=O]
[Text=las CharacterOffsetBegin=227 CharacterOffsetEnd=230 PartOfSpeech=DET Lemma=las NamedEntityTag=O]
[Text=17.00Hrs CharacterOffsetBegin=231 CharacterOffsetEnd=239 PartOfSpeech=NOUN Lemma=17.00hrs NamedEntityTag=O]
[Text=. CharacterOffsetBegin=239 CharacterOffsetEnd=240 PartOfSpeech=PUNCT Lemma=. NamedEntityTag=O]

Dependency Parse (enhanced plus plus dependencies):
root(ROOT-0, contunuaron-4)
case(1-2, Por-1)
obl(contunuaron-4, 1-2)
advmod(1-2, tarde-3)
case(Puerta-7, en-5)
det(Puerta-7, la-6)
obl(contunuaron-4, Puerta-7)
case(Recint-9, del-8)
flat(Puerta-7, Recint-9)
flat(Recint-9, Universitario-10)
det(estudiamy-12, los-11)
obj(contunuaron-4, estudiamy-12)
flat(estudiamy-12, s-13)
case(bandera-16, con-14)
det(bandera-16, la-15)
nmod(estudiamy-12, bandera-16)
amod(bandera-16, roji-17)
amod(bandera-16, negra-18)
case(qye-22, sin-19)
fixed(sin-19, perjuicio-20)
fixed(sin-19, de-21)
obl(contunuaron-4, qye-22)
obl(contunuaron-4, qye-22)
case(17.00Hrs-27, a-23)
fixed(a-23, partir-24)
fixed(a-23, de-25)
det(17.00Hrs-27, las-26)
nmod(qye-22, 17.00Hrs-27)
nmod(qye-22, 17.00Hrs-27)
punct(contunuaron-4, .-28)

Extracted the following NER entity mentions:
1	NUMBER	NUMBER:-1.0
Puerta del Recint
Universitario	LOCATION	LOCATION:0.4679837784355299

Sentence #4 (13 tokens):
los estydiantes del turno vespertino
asistieran a sus clases en forma normal.

Tokens:
[Text=los CharacterOffsetBegin=241 CharacterOffsetEnd=244 PartOfSpeech=DET Lemma=los NamedEntityTag=O]
[Text=estydiantes CharacterOffsetBegin=245 CharacterOffsetEnd=256 PartOfSpeech=NOUN Lemma=estydiantes NamedEntityTag=O]
[Text=del CharacterOffsetBegin=257 CharacterOffsetEnd=260 PartOfSpeech=ADP Lemma=del NamedEntityTag=O]
[Text=turno CharacterOffsetBegin=261 CharacterOffsetEnd=266 PartOfSpeech=NOUN Lemma=turno NamedEntityTag=O]
[Text=vespertino CharacterOffsetBegin=267 CharacterOffsetEnd=277 PartOfSpeech=ADJ Lemma=vespertino NamedEntityTag=O]
[Text=asistieran CharacterOffsetBegin=278 CharacterOffsetEnd=288 PartOfSpeech=VERB Lemma=asistieran NamedEntityTag=O]
[Text=a CharacterOffsetBegin=289 CharacterOffsetEnd=290 PartOfSpeech=ADP Lemma=a NamedEntityTag=O]
[Text=sus CharacterOffsetBegin=291 CharacterOffsetEnd=294 PartOfSpeech=DET Lemma=sus NamedEntityTag=O]
[Text=clases CharacterOffsetBegin=295 CharacterOffsetEnd=301 PartOfSpeech=NOUN Lemma=clases NamedEntityTag=O]
[Text=en CharacterOffsetBegin=302 CharacterOffsetEnd=304 PartOfSpeech=ADP Lemma=en NamedEntityTag=O]
[Text=forma CharacterOffsetBegin=305 CharacterOffsetEnd=310 PartOfSpeech=NOUN Lemma=forma NamedEntityTag=O]
[Text=normal CharacterOffsetBegin=311 CharacterOffsetEnd=317 PartOfSpeech=ADJ Lemma=normal NamedEntityTag=O]
[Text=. CharacterOffsetBegin=317 CharacterOffsetEnd=318 PartOfSpeech=PUNCT Lemma=. NamedEntityTag=O]

Dependency Parse (enhanced plus plus dependencies):
root(ROOT-0, asistieran-6)
det(estydiantes-2, los-1)
nsubj(asistieran-6, estydiantes-2)
case(turno-4, del-3)
nmod(estydiantes-2, turno-4)
amod(turno-4, vespertino-5)
case(clases-9, a-7)
det(clases-9, sus-8)
obj(asistieran-6, clases-9)
case(forma-11, en-10)
obl(asistieran-6, forma-11)
amod(forma-11, normal-12)
punct(asistieran-6, .-13)

Extracted the following NER entity mentions:

Sentence #5 (4 tokens):
A as
24.00Hrs.

Tokens:
[Text=A CharacterOffsetBegin=319 CharacterOffsetEnd=320 PartOfSpeech=ADP Lemma=a NamedEntityTag=O]
[Text=as CharacterOffsetBegin=321 CharacterOffsetEnd=323 PartOfSpeech=NOUN Lemma=as NamedEntityTag=O]
[Text=24.00Hrs CharacterOffsetBegin=324 CharacterOffsetEnd=332 PartOfSpeech=NOUN Lemma=24.00hrs NamedEntityTag=O]
[Text=. CharacterOffsetBegin=332 CharacterOffsetEnd=333 PartOfSpeech=PUNCT Lemma=. NamedEntityTag=O]

Dependency Parse (enhanced plus plus dependencies):
root(ROOT-0, A-1)
fixed(A-1, as-2)
fixed(A-1, 24.00Hrs-3)
punct(A-1, .-4)

Extracted the following NER entity mentions:

Sentence #6 (30 tokens):
del día 21 actual en que es especulab
que arriarian la bandera roji Negra, no lo hici
ron, permaneciendo 18 estudiantes en el pórtico
del edificio Universitario.

Tokens:
[Text=del CharacterOffsetBegin=334 CharacterOffsetEnd=337 PartOfSpeech=ADP Lemma=del NamedEntityTag=O]
[Text=día CharacterOffsetBegin=338 CharacterOffsetEnd=341 PartOfSpeech=NOUN Lemma=día NamedEntityTag=O]
[Text=21 CharacterOffsetBegin=342 CharacterOffsetEnd=344 PartOfSpeech=NUM Lemma=21 NamedEntityTag=NUMBER NormalizedNamedEntityTag=21.0]
[Text=actual CharacterOffsetBegin=345 CharacterOffsetEnd=351 PartOfSpeech=ADJ Lemma=actual NamedEntityTag=O]
[Text=en CharacterOffsetBegin=352 CharacterOffsetEnd=354 PartOfSpeech=ADP Lemma=en NamedEntityTag=O]
[Text=que CharacterOffsetBegin=355 CharacterOffsetEnd=358 PartOfSpeech=PRON Lemma=que NamedEntityTag=O]
[Text=es CharacterOffsetBegin=359 CharacterOffsetEnd=361 PartOfSpeech=AUX Lemma=es NamedEntityTag=O]
[Text=especulab CharacterOffsetBegin=362 CharacterOffsetEnd=371 PartOfSpeech=VERB Lemma=especulab NamedEntityTag=O]
[Text=que CharacterOffsetBegin=372 CharacterOffsetEnd=375 PartOfSpeech=SCONJ Lemma=que NamedEntityTag=O]
[Text=arriarian CharacterOffsetBegin=376 CharacterOffsetEnd=385 PartOfSpeech=VERB Lemma=arriarian NamedEntityTag=O]
[Text=la CharacterOffsetBegin=386 CharacterOffsetEnd=388 PartOfSpeech=DET Lemma=la NamedEntityTag=O]
[Text=bandera CharacterOffsetBegin=389 CharacterOffsetEnd=396 PartOfSpeech=NOUN Lemma=bandera NamedEntityTag=O]
[Text=roji CharacterOffsetBegin=397 CharacterOffsetEnd=401 PartOfSpeech=ADJ Lemma=roji NamedEntityTag=MISC]
[Text=Negra CharacterOffsetBegin=402 CharacterOffsetEnd=407 PartOfSpeech=PROPN Lemma=negra NamedEntityTag=MISC]
[Text=, CharacterOffsetBegin=407 CharacterOffsetEnd=408 PartOfSpeech=PUNCT Lemma=, NamedEntityTag=O]
[Text=no CharacterOffsetBegin=409 CharacterOffsetEnd=411 PartOfSpeech=ADV Lemma=no NamedEntityTag=O]
[Text=lo CharacterOffsetBegin=412 CharacterOffsetEnd=414 PartOfSpeech=PRON Lemma=lo NamedEntityTag=O]
[Text=hici CharacterOffsetBegin=415 CharacterOffsetEnd=419 PartOfSpeech=VERB Lemma=hici NamedEntityTag=O]
[Text=ron CharacterOffsetBegin=420 CharacterOffsetEnd=423 PartOfSpeech=NOUN Lemma=ron NamedEntityTag=O]
[Text=, CharacterOffsetBegin=423 CharacterOffsetEnd=424 PartOfSpeech=PUNCT Lemma=, NamedEntityTag=O]
[Text=permaneciendo CharacterOffsetBegin=425 CharacterOffsetEnd=438 PartOfSpeech=VERB Lemma=permaneciendo NamedEntityTag=O]
[Text=18 CharacterOffsetBegin=439 CharacterOffsetEnd=441 PartOfSpeech=NUM Lemma=18 NamedEntityTag=NUMBER NormalizedNamedEntityTag=18.0]
[Text=estudiantes CharacterOffsetBegin=442 CharacterOffsetEnd=453 PartOfSpeech=NOUN Lemma=estudiantes NamedEntityTag=O]
[Text=en CharacterOffsetBegin=454 CharacterOffsetEnd=456 PartOfSpeech=ADP Lemma=en NamedEntityTag=O]
[Text=el CharacterOffsetBegin=457 CharacterOffsetEnd=459 PartOfSpeech=DET Lemma=el NamedEntityTag=O]
[Text=pórtico CharacterOffsetBegin=460 CharacterOffsetEnd=467 PartOfSpeech=NOUN Lemma=pórtico NamedEntityTag=O]
[Text=del CharacterOffsetBegin=468 CharacterOffsetEnd=471 PartOfSpeech=ADP Lemma=del NamedEntityTag=O]
[Text=edificio CharacterOffsetBegin=472 CharacterOffsetEnd=480 PartOfSpeech=NOUN Lemma=edificio NamedEntityTag=O]
[Text=Universitario CharacterOffsetBegin=481 CharacterOffsetEnd=494 PartOfSpeech=PROPN Lemma=universitario NamedEntityTag=LOCATION]
[Text=. CharacterOffsetBegin=494 CharacterOffsetEnd=495 PartOfSpeech=PUNCT Lemma=. NamedEntityTag=O]

Dependency Parse (enhanced plus plus dependencies):
root(ROOT-0, hici-18)
case(día-2, del-1)
obl(hici-18, día-2)
compound(día-2, 21-3)
amod(día-2, actual-4)
case(que-6, en-5)
obl(es-7, que-6)
acl(día-2, es-7)
aux(arriarian-10, especulab-8)
mark(arriarian-10, que-9)
ccomp(es-7, arriarian-10)
det(bandera-12, la-11)
obj(arriarian-10, bandera-12)
amod(bandera-12, roji-13)
appos(bandera-12, Negra-14)
punct(día-2, ,-15)
advmod(hici-18, no-16)
obj(hici-18, lo-17)
nsubj(hici-18, ron-19)
punct(hici-18, ,-20)
advcl(hici-18, permaneciendo-21)
nummod(estudiantes-23, 18-22)
obj(permaneciendo-21, estudiantes-23)
case(pórtico-26, en-24)
det(pórtico-26, el-25)
obl(permaneciendo-21, pórtico-26)
case(edificio-28, del-27)
nmod(pórtico-26, edificio-28)
appos(edificio-28, Universitario-29)
punct(hici-18, .-30)

Extracted the following NER entity mentions:
21	NUMBER	NUMBER:-1.0
roji Negra	MISC	MISC:0.6092311437980964
18	NUMBER	NUMBER:-1.0
Universitario	LOCATION	LOCATION:0.729101298423236

Sentence #7 (3 tokens):
FOLIO 219.

Tokens:
[Text=FOLIO CharacterOffsetBegin=496 CharacterOffsetEnd=501 PartOfSpeech=PROPN Lemma=folio NamedEntityTag=O]
[Text=219 CharacterOffsetBegin=502 CharacterOffsetEnd=505 PartOfSpeech=NUM Lemma=219 NamedEntityTag=NUMBER NormalizedNamedEntityTag=219.0]
[Text=. CharacterOffsetBegin=505 CharacterOffsetEnd=506 PartOfSpeech=PUNCT Lemma=. NamedEntityTag=O]

Dependency Parse (enhanced plus plus dependencies):
root(ROOT-0, FOLIO-1)
nummod(FOLIO-1, 219-2)
punct(FOLIO-1, .-3)

Extracted the following NER entity mentions:
219	NUMBER	NUMBER:-1.0

Sentence #8 (4 tokens):
OA las O.30Hrs.

Tokens:
[Text=OA CharacterOffsetBegin=507 CharacterOffsetEnd=509 PartOfSpeech=VERB Lemma=oa NamedEntityTag=O]
[Text=las CharacterOffsetBegin=510 CharacterOffsetEnd=513 PartOfSpeech=DET Lemma=las NamedEntityTag=O]
[Text=O.30Hrs CharacterOffsetBegin=514 CharacterOffsetEnd=521 PartOfSpeech=NOUN Lemma=o.30hrs NamedEntityTag=O]
[Text=. CharacterOffsetBegin=521 CharacterOffsetEnd=522 PartOfSpeech=PUNCT Lemma=. NamedEntityTag=O]

Dependency Parse (enhanced plus plus dependencies):
root(ROOT-0, OA-1)
det(O.30Hrs-3, las-2)
obj(OA-1, O.30Hrs-3)
punct(OA-1, .-4)

Extracted the following NER entity mentions:

Sentence #9 (39 tokens):
del día 22 attual los
del grupo del Frente Universitario Guerrerense,
que estaba de guardia en el edificio de la Uni
versifad Autonoma de Guerrero, entregó éste al
velador ONORIO AGUERO SANDOVAL, con lo que se

Tokens:
[Text=del CharacterOffsetBegin=523 CharacterOffsetEnd=526 PartOfSpeech=ADP Lemma=del NamedEntityTag=O]
[Text=día CharacterOffsetBegin=527 CharacterOffsetEnd=530 PartOfSpeech=NOUN Lemma=día NamedEntityTag=O]
[Text=22 CharacterOffsetBegin=531 CharacterOffsetEnd=533 PartOfSpeech=NUM Lemma=22 NamedEntityTag=NUMBER NormalizedNamedEntityTag=22.0]
[Text=attual CharacterOffsetBegin=534 CharacterOffsetEnd=540 PartOfSpeech=VERB Lemma=attual NamedEntityTag=O]
[Text=los CharacterOffsetBegin=541 CharacterOffsetEnd=544 PartOfSpeech=DET Lemma=los NamedEntityTag=O]
[Text=del CharacterOffsetBegin=545 CharacterOffsetEnd=548 PartOfSpeech=ADP Lemma=del NamedEntityTag=O]
[Text=grupo CharacterOffsetBegin=549 CharacterOffsetEnd=554 PartOfSpeech=NOUN Lemma=grupo NamedEntityTag=O]
[Text=del CharacterOffsetBegin=555 CharacterOffsetEnd=558 PartOfSpeech=ADP Lemma=del NamedEntityTag=O]
[Text=Frente CharacterOffsetBegin=559 CharacterOffsetEnd=565 PartOfSpeech=PROPN Lemma=frente NamedEntityTag=ORGANIZATION]
[Text=Universitario CharacterOffsetBegin=566 CharacterOffsetEnd=579 PartOfSpeech=PROPN Lemma=universitario NamedEntityTag=ORGANIZATION]
[Text=Guerrerense CharacterOffsetBegin=580 CharacterOffsetEnd=591 PartOfSpeech=PROPN Lemma=guerrerense NamedEntityTag=ORGANIZATION]
[Text=, CharacterOffsetBegin=591 CharacterOffsetEnd=592 PartOfSpeech=PUNCT Lemma=, NamedEntityTag=O]
[Text=que CharacterOffsetBegin=593 CharacterOffsetEnd=596 PartOfSpeech=PRON Lemma=que NamedEntityTag=O]
[Text=estaba CharacterOffsetBegin=597 CharacterOffsetEnd=603 PartOfSpeech=AUX Lemma=estaba NamedEntityTag=O]
[Text=de CharacterOffsetBegin=604 CharacterOffsetEnd=606 PartOfSpeech=ADP Lemma=de NamedEntityTag=O]
[Text=guardia CharacterOffsetBegin=607 CharacterOffsetEnd=614 PartOfSpeech=NOUN Lemma=guardia NamedEntityTag=TITLE]
[Text=en CharacterOffsetBegin=615 CharacterOffsetEnd=617 PartOfSpeech=ADP Lemma=en NamedEntityTag=O]
[Text=el CharacterOffsetBegin=618 CharacterOffsetEnd=620 PartOfSpeech=DET Lemma=el NamedEntityTag=O]
[Text=edificio CharacterOffsetBegin=621 CharacterOffsetEnd=629 PartOfSpeech=NOUN Lemma=edificio NamedEntityTag=O]
[Text=de CharacterOffsetBegin=630 CharacterOffsetEnd=632 PartOfSpeech=ADP Lemma=de NamedEntityTag=O]
[Text=la CharacterOffsetBegin=633 CharacterOffsetEnd=635 PartOfSpeech=DET Lemma=la NamedEntityTag=O]
[Text=Uni CharacterOffsetBegin=636 CharacterOffsetEnd=639 PartOfSpeech=PROPN Lemma=uni NamedEntityTag=MISC]
[Text=versifad CharacterOffsetBegin=640 CharacterOffsetEnd=648 PartOfSpeech=PROPN Lemma=versifad NamedEntityTag=MISC]
[Text=Autonoma CharacterOffsetBegin=649 CharacterOffsetEnd=657 PartOfSpeech=PROPN Lemma=autonoma NamedEntityTag=MISC]
[Text=de CharacterOffsetBegin=658 CharacterOffsetEnd=660 PartOfSpeech=ADP Lemma=de NamedEntityTag=MISC]
[Text=Guerrero CharacterOffsetBegin=661 CharacterOffsetEnd=669 PartOfSpeech=PROPN Lemma=guerrero NamedEntityTag=TITLE]
[Text=, CharacterOffsetBegin=669 CharacterOffsetEnd=670 PartOfSpeech=PUNCT Lemma=, NamedEntityTag=O]
[Text=entregó CharacterOffsetBegin=671 CharacterOffsetEnd=678 PartOfSpeech=VERB Lemma=entregó NamedEntityTag=O]
[Text=éste CharacterOffsetBegin=679 CharacterOffsetEnd=683 PartOfSpeech=PRON Lemma=éste NamedEntityTag=O]
[Text=al CharacterOffsetBegin=684 CharacterOffsetEnd=686 PartOfSpeech=ADP Lemma=al NamedEntityTag=O]
[Text=velador CharacterOffsetBegin=687 CharacterOffsetEnd=694 PartOfSpeech=NOUN Lemma=velador NamedEntityTag=O]
[Text=ONORIO CharacterOffsetBegin=695 CharacterOffsetEnd=701 PartOfSpeech=PROPN Lemma=onorio NamedEntityTag=O]
[Text=AGUERO CharacterOffsetBegin=702 CharacterOffsetEnd=708 PartOfSpeech=PROPN Lemma=aguero NamedEntityTag=PERSON]
[Text=SANDOVAL CharacterOffsetBegin=709 CharacterOffsetEnd=717 PartOfSpeech=PROPN Lemma=sandoval NamedEntityTag=PERSON]
[Text=, CharacterOffsetBegin=717 CharacterOffsetEnd=718 PartOfSpeech=PUNCT Lemma=, NamedEntityTag=O]
[Text=con CharacterOffsetBegin=719 CharacterOffsetEnd=722 PartOfSpeech=ADP Lemma=con NamedEntityTag=O]
[Text=lo CharacterOffsetBegin=723 CharacterOffsetEnd=725 PartOfSpeech=DET Lemma=lo NamedEntityTag=O]
[Text=que CharacterOffsetBegin=726 CharacterOffsetEnd=729 PartOfSpeech=PRON Lemma=que NamedEntityTag=O]
[Text=se CharacterOffsetBegin=730 CharacterOffsetEnd=732 PartOfSpeech=PRON Lemma=se NamedEntityTag=O]

Dependency Parse (enhanced plus plus dependencies):
root(ROOT-0, entregó-28)
case(día-2, del-1)
obl(attual-4, día-2)
compound(día-2, 22-3)
ccomp(entregó-28, attual-4)
det(attual-4, los-5)
case(los-5, del-6)
nsubj(los-5, grupo-7)
case(Frente-9, del-8)
nmod(grupo-7, Frente-9)
flat(Frente-9, Universitario-10)
flat(Frente-9, Guerrerense-11)
punct(guardia-16, ,-12)
nsubj(guardia-16, que-13)
cop(guardia-16, estaba-14)
case(guardia-16, de-15)
acl(Frente-9, guardia-16)
case(edificio-19, en-17)
det(edificio-19, el-18)
obl(guardia-16, edificio-19)
case(Uni-22, de-20)
det(Uni-22, la-21)
nmod(edificio-19, Uni-22)
flat(Uni-22, versifad-23)
flat(Uni-22, Autonoma-24)
case(Guerrero-26, de-25)
flat(Uni-22, Guerrero-26)
punct(guardia-16, ,-27)
nsubj(entregó-28, éste-29)
case(velador-31, al-30)
obj(entregó-28, velador-31)
appos(velador-31, ONORIO-32)
flat(ONORIO-32, AGUERO-33)
flat(ONORIO-32, SANDOVAL-34)
punct(que-38, ,-35)
case(que-38, con-36)
det(que-38, lo-37)
nmod(velador-31, que-38)
expl:pass(que-38, se-39)

Extracted the following NER entity mentions:
22	NUMBER	NUMBER:-1.0
Frente Universitario Guerrerense	ORGANIZATION	ORGANIZATION:0.9960691799636164
guardia	TITLE	-
Uni
versifad Autonoma de	MISC	MISC:0.6511862619559791
Guerrero	TITLE	MISC:0.714549820456079
AGUERO SANDOVAL	PERSON	PERSON:0.943062910851798
