Document: ID=file_219.txt (5 sentences, 144 tokens)

Sentence #1 (4 tokens):
UNIVERSIDAD AUTONOMA Exp.

Tokens:
[Text=UNIVERSIDAD CharacterOffsetBegin=0 CharacterOffsetEnd=11 PartOfSpeech=PROPN Lemma=universidad NamedEntityTag=ORGANIZATION]
[Text=AUTONOMA CharacterOffsetBegin=12 CharacterOffsetEnd=20 PartOfSpeech=PROPN Lemma=autonoma NamedEntityTag=ORGANIZATION]
[Text=Exp CharacterOffsetBegin=21 CharacterOffsetEnd=24 PartOfSpeech=PROPN Lemma=exp NamedEntityTag=ORGANIZATION]
[Text=. CharacterOffsetBegin=24 CharacterOffsetEnd=25 PartOfSpeech=PUNCT Lemma=. NamedEntityTag=O]

Dependency Parse (enhanced plus plus dependencies):
root(ROOT-0, UNIVERSIDAD-1)
flat(UNIVERSIDAD-1, AUTONOMA-2)
flat(UNIVERSIDAD-1, Exp-3)
punct(UNIVERSIDAD-1, .-4)

Extracted the following NER entity mentions:
UNIVERSIDAD AUTONOMA Exp	ORGANIZATION	ORGANIZATION:0.454763562353262

Sentence #2 (43 tokens):
-100-10-1-76
DE GUERRERO H-188 L-59
(10)
tre las autoridades Estatales y de la U.A.G.,-
informando los marchistas que esperarán el re-
sultado de las mismas para saber si contunúan-
o regresan a sus lugares de origen.

Tokens:
[Text=-100-10-1-76 CharacterOffsetBegin=25 CharacterOffsetEnd=37 PartOfSpeech=NUM Lemma=-100-10-1-76 NamedEntityTag=O]
[Text=DE CharacterOffsetBegin=38 CharacterOffsetEnd=40 PartOfSpeech=ADP Lemma=de NamedEntityTag=O]
[Text=GUERRERO CharacterOffsetBegin=41 CharacterOffsetEnd=49 PartOfSpeech=NOUN Lemma=guerrero NamedEntityTag=TITLE]
[Text=H-188 CharacterOffsetBegin=50 CharacterOffsetEnd=55 PartOfSpeech=ADP Lemma=h-188 NamedEntityTag=MISC]
[Text=L-59 CharacterOffsetBegin=56 CharacterOffsetEnd=60 PartOfSpeech=PROPN Lemma=l-59 NamedEntityTag=MISC]
[Text=( CharacterOffsetBegin=61 CharacterOffsetEnd=62 PartOfSpeech=PUNCT Lemma=( NamedEntityTag=O]
[Text=10 CharacterOffsetBegin=62 CharacterOffsetEnd=64 PartOfSpeech=NUM Lemma=10 NamedEntityTag=NUMBER NormalizedNamedEntityTag=10.0]
[Text=) CharacterOffsetBegin=64 CharacterOffsetEnd=65 PartOfSpeech=PUNCT Lemma=) NamedEntityTag=O]
[Text=tre CharacterOffsetBegin=66 CharacterOffsetEnd=69 PartOfSpeech=VERB Lemma=tre NamedEntityTag=O]
[Text=las CharacterOffsetBegin=70 CharacterOffsetEnd=73 PartOfSpeech=DET Lemma=las NamedEntityTag=O]
[Text=autoridades CharacterOffsetBegin=74 CharacterOffsetEnd=85 PartOfSpeech=NOUN Lemma=autoridades NamedEntityTag=O]
[Text=Estatales CharacterOffsetBegin=86 CharacterOffsetEnd=95 PartOfSpeech=PROPN Lemma=estatales NamedEntityTag=O]
[Text=y CharacterOffsetBegin=96 CharacterOffsetEnd=97 PartOfSpeech=CCONJ Lemma=y NamedEntityTag=O]
[Text=de CharacterOffsetBegin=98 CharacterOffsetEnd=100 PartOfSpeech=ADP Lemma=de NamedEntityTag=O]
[Text=la CharacterOffsetBegin=101 CharacterOffsetEnd=103 PartOfSpeech=DET Lemma=la NamedEntityTag=O]
[Text=U.A.G. CharacterOffsetBegin=104 CharacterOffsetEnd=110 PartOfSpeech=PROPN Lemma=u.a.g. NamedEntityTag=O]
[Text=, CharacterOffsetBegin=110 CharacterOffsetEnd=111 PartOfSpeech=PUNCT Lemma=, NamedEntityTag=O]
[Text=- CharacterOffsetBegin=111 CharacterOffsetEnd=112 PartOfSpeech=PUNCT Lemma=- NamedEntityTag=O]
[Text=informando CharacterOffsetBegin=113 CharacterOffsetEnd=123 PartOfSpeech=VERB Lemma=informando NamedEntityTag=O]
[Text=los CharacterOffsetBegin=124 CharacterOffsetEnd=127 PartOfSpeech=DET Lemma=los NamedEntityTag=O]
[Text=marchistas CharacterOffsetBegin=128 CharacterOffsetEnd=138 PartOfSpeech=NOUN Lemma=marchistas NamedEntityTag=O]
[Text=que CharacterOffsetBegin=139 CharacterOffsetEnd=142 PartOfSpeech=PRON Lemma=que NamedEntityTag=O]
[Text=esperarán CharacterOffsetBegin=143 CharacterOffsetEnd=152 PartOfSpeech=VERB Lemma=esperarán NamedEntityTag=O]
[Text=el CharacterOffsetBegin=153 CharacterOffsetEnd=155 PartOfSpeech=DET Lemma=el NamedEntityTag=O]
[Text=re CharacterOffsetBegin=156 CharacterOffsetEnd=158 PartOfSpeech=NOUN Lemma=re NamedEntityTag=O]
[Text=- CharacterOffsetBegin=158 CharacterOffsetEnd=159 PartOfSpeech=PUNCT Lemma=- NamedEntityTag=O]
[Text=sultado CharacterOffsetBegin=160 CharacterOffsetEnd=167 PartOfSpeech=ADJ Lemma=sultado NamedEntityTag=O]
[Text=de CharacterOffsetBegin=168 CharacterOffsetEnd=170 PartOfSpeech=ADP Lemma=de NamedEntityTag=O]
[Text=las CharacterOffsetBegin=171 CharacterOffsetEnd=174 PartOfSpeech=DET Lemma=las NamedEntityTag=O]
[Text=mismas CharacterOffsetBegin=175 CharacterOffsetEnd=181 PartOfSpeech=DET Lemma=mismas NamedEntityTag=O]
[Text=para CharacterOffsetBegin=182 CharacterOffsetEnd=186 PartOfSpeech=ADP Lemma=para NamedEntityTag=O]
[Text=saber CharacterOffsetBegin=187 CharacterOffsetEnd=192 PartOfSpeech=AUX Lemma=saber NamedEntityTag=O]
[Text=si CharacterOffsetBegin=193 CharacterOffsetEnd=195 PartOfSpeech=SCONJ Lemma=si NamedEntityTag=O]
[Text=contunúan CharacterOffsetBegin=196 CharacterOffsetEnd=205 PartOfSpeech=VERB Lemma=contunúan NamedEntityTag=O]
[Text=- CharacterOffsetBegin=205 CharacterOffsetEnd=206 PartOfSpeech=PUNCT Lemma=- NamedEntityTag=O]
[Text=o CharacterOffsetBegin=207 CharacterOffsetEnd=208 PartOfSpeech=CCONJ Lemma=o NamedEntityTag=O]
[Text=regresan CharacterOffsetBegin=209 CharacterOffsetEnd=217 PartOfSpeech=VERB Lemma=regresan NamedEntityTag=O]
[Text=a CharacterOffsetBegin=218 CharacterOffsetEnd=219 PartOfSpeech=ADP Lemma=a NamedEntityTag=O]
[Text=sus CharacterOffsetBegin=220 CharacterOffsetEnd=223 PartOfSpeech=DET Lemma=sus NamedEntityTag=O]
[Text=lugares CharacterOffsetBegin=224 CharacterOffsetEnd=231 PartOfSpeech=NOUN Lemma=lugares NamedEntityTag=O]
[Text=de CharacterOffsetBegin=232 CharacterOffsetEnd=234 PartOfSpeech=ADP Lemma=de NamedEntityTag=O]
[Text=origen CharacterOffsetBegin=235 CharacterOffsetEnd=241 PartOfSpeech=NOUN Lemma=origen NamedEntityTag=O]
[Text=. CharacterOffsetBegin=241 CharacterOffsetEnd=242 PartOfSpeech=PUNCT Lemma=. NamedEntityTag=O]

Dependency Parse (enhanced plus plus dependencies):
root(ROOT-0, tre-9)
nsubj(tre-9, -100-10-1-76-1)
case(GUERRERO-3, DE-2)
nmod(-100-10-1-76-1, GUERRERO-3)
case(L-59-5, H-188-4)
nmod(-100-10-1-76-1, L-59-5)
punct(10-7, (-6)
appos(L-59-5, 10-7)
punct(10-7, )-8)
det(autoridades-11, las-10)
obj(tre-9, autoridades-11)
appos(autoridades-11, Estatales-12)
cc(U.A.G.-16, y-13)
case(U.A.G.-16, de-14)
det(U.A.G.-16, la-15)
appos(autoridades-11, U.A.G.-16)
conj:y(Estatales-12, U.A.G.-16)
punct(informando-19, ,-17)
punct(informando-19, --18)
advcl(tre-9, informando-19)
det(marchistas-21, los-20)
obj(informando-19, marchistas-21)
nsubj(esperarán-23, que-22)
acl(marchistas-21, esperarán-23)
det(re-25, el-24)
obj(esperarán-23, re-25)
punct(sultado-27, --26)
amod(re-25, sultado-27)
case(mismas-30, de-28)
det(mismas-30, las-29)
nmod(sultado-27, mismas-30)
mark(contunúan-34, para-31)
aux(contunúan-34, saber-32)
mark(contunúan-34, si-33)
acl(sultado-27, contunúan-34)
punct(sultado-27, --35)
cc(regresan-37, o-36)
acl(marchistas-21, regresan-37)
conj:o(esperarán-23, regresan-37)
case(lugares-40, a-38)
det(lugares-40, sus-39)
obl(regresan-37, lugares-40)
case(origen-42, de-41)
nmod(lugares-40, origen-42)
punct(tre-9, .-43)

Extracted the following NER entity mentions:
GUERRERO	TITLE	MISC:0.4408678026998435
H-188 L-59	MISC	MISC:0.43764162292787834
10	NUMBER	NUMBER:-1.0

Sentence #3 (18 tokens):
El Contin-
gente restante debido a la separación de algu-
nos grupos suma 500 personas.

Tokens:
[Text=El CharacterOffsetBegin=243 CharacterOffsetEnd=245 PartOfSpeech=DET Lemma=el NamedEntityTag=O]
[Text=Contin CharacterOffsetBegin=246 CharacterOffsetEnd=252 PartOfSpeech=PROPN Lemma=contin NamedEntityTag=O]
[Text=- CharacterOffsetBegin=252 CharacterOffsetEnd=253 PartOfSpeech=PUNCT Lemma=- NamedEntityTag=O]
[Text=gente CharacterOffsetBegin=254 CharacterOffsetEnd=259 PartOfSpeech=NOUN Lemma=gente NamedEntityTag=O]
[Text=restante CharacterOffsetBegin=260 CharacterOffsetEnd=268 PartOfSpeech=ADJ Lemma=restante NamedEntityTag=O]
[Text=debido CharacterOffsetBegin=269 CharacterOffsetEnd=275 PartOfSpeech=ADJ Lemma=debido NamedEntityTag=O]
[Text=a CharacterOffsetBegin=276 CharacterOffsetEnd=277 PartOfSpeech=ADP Lemma=a NamedEntityTag=O]
[Text=la CharacterOffsetBegin=278 CharacterOffsetEnd=280 PartOfSpeech=DET Lemma=la NamedEntityTag=O]
[Text=separación CharacterOffsetBegin=281 CharacterOffsetEnd=291 PartOfSpeech=NOUN Lemma=separación NamedEntityTag=O]
[Text=de CharacterOffsetBegin=292 CharacterOffsetEnd=294 PartOfSpeech=ADP Lemma=de NamedEntityTag=O]
[Text=algu CharacterOffsetBegin=295 CharacterOffsetEnd=299 PartOfSpeech=NOUN Lemma=algu NamedEntityTag=O]
[Text=- CharacterOffsetBegin=299 CharacterOffsetEnd=300 PartOfSpeech=PUNCT Lemma=- NamedEntityTag=O]
[Text=nos CharacterOffsetBegin=301 CharacterOffsetEnd=304 PartOfSpeech=PRON Lemma=nos NamedEntityTag=O]
[Text=grupos CharacterOffsetBegin=305 CharacterOffsetEnd=311 PartOfSpeech=NOUN Lemma=grupos NamedEntityTag=O]
[Text=suma CharacterOffsetBegin=312 CharacterOffsetEnd=316 PartOfSpeech=VERB Lemma=suma NamedEntityTag=O]
[Text=500 CharacterOffsetBegin=317 CharacterOffsetEnd=320 PartOfSpeech=NUM Lemma=500 NamedEntityTag=NUMBER NormalizedNamedEntityTag=500.0]
[Text=personas CharacterOffsetBegin=321 CharacterOffsetEnd=329 PartOfSpeech=NOUN Lemma=personas NamedEntityTag=O]
[Text=. CharacterOffsetBegin=329 CharacterOffsetEnd=330 PartOfSpeech=PUNCT Lemma=. NamedEntityTag=O]

Dependency Parse (enhanced plus plus dependencies):
root(ROOT-0, suma-15)
det(Contin-2, El-1)
nsubj(suma-15, Contin-2)
punct(gente-4, --3)
appos(Contin-2, gente-4)
amod(gente-4, restante-5)
case(separación-9, debido-6)
fixed(debido-6, a-7)
det(separación-9, la-8)
nmod(gente-4, separación-9)
case(algu-11, de-10)
nmod(separación-9, algu-11)
punct(gente-4, --12)
obj(suma-15, nos-13)
obj(suma-15, grupos-14)
nummod(personas-17, 500-16)
obj(suma-15, personas-17)
punct(suma-15, .-18)

Extracted the following NER entity mentions:
500	NUMBER	NUMBER:-1.0

Sentence #4 (22 tokens):
Se hace notar --
que dieron a conocer su lucha mendiante propa-
ganda y "pintas" en la ciudad.

Tokens:
[Text=Se CharacterOffsetBegin=331 CharacterOffsetEnd=333 PartOfSpeech=PRON Lemma=se NamedEntityTag=O]
[Text=hace CharacterOffsetBegin=334 CharacterOffsetEnd=338 PartOfSpeech=AUX Lemma=hace NamedEntityTag=O]
[Text=notar CharacterOffsetBegin=339 CharacterOffsetEnd=344 PartOfSpeech=VERB Lemma=notar NamedEntityTag=O]
[Text=-- CharacterOffsetBegin=345 CharacterOffsetEnd=347 PartOfSpeech=NUM Lemma=-- NamedEntityTag=O]
[Text=que CharacterOffsetBegin=348 CharacterOffsetEnd=351 PartOfSpeech=PRON Lemma=que NamedEntityTag=O]
[Text=dieron CharacterOffsetBegin=352 CharacterOffsetEnd=358 PartOfSpeech=VERB Lemma=dieron NamedEntityTag=O]
[Text=a CharacterOffsetBegin=359 CharacterOffsetEnd=360 PartOfSpeech=ADP Lemma=a NamedEntityTag=O]
[Text=conocer CharacterOffsetBegin=361 CharacterOffsetEnd=368 PartOfSpeech=VERB Lemma=conocer NamedEntityTag=O]
[Text=su CharacterOffsetBegin=369 CharacterOffsetEnd=371 PartOfSpeech=DET Lemma=su NamedEntityTag=O]
[Text=lucha CharacterOffsetBegin=372 CharacterOffsetEnd=377 PartOfSpeech=NOUN Lemma=lucha NamedEntityTag=O]
[Text=mendiante CharacterOffsetBegin=378 CharacterOffsetEnd=387 PartOfSpeech=ADJ Lemma=mendiante NamedEntityTag=O]
[Text=propa CharacterOffsetBegin=388 CharacterOffsetEnd=393 PartOfSpeech=ADJ Lemma=propa NamedEntityTag=O]
[Text=- CharacterOffsetBegin=393 CharacterOffsetEnd=394 PartOfSpeech=PUNCT Lemma=- NamedEntityTag=O]
[Text=ganda CharacterOffsetBegin=395 CharacterOffsetEnd=400 PartOfSpeech=ADJ Lemma=ganda NamedEntityTag=O]
[Text=y CharacterOffsetBegin=401 CharacterOffsetEnd=402 PartOfSpeech=CCONJ Lemma=y NamedEntityTag=O]
[Text=" CharacterOffsetBegin=403 CharacterOffsetEnd=404 PartOfSpeech=PUNCT Lemma=" NamedEntityTag=O]
[Text=pintas CharacterOffsetBegin=404 CharacterOffsetEnd=410 PartOfSpeech=NOUN Lemma=pintas NamedEntityTag=O]
[Text=" CharacterOffsetBegin=410 CharacterOffsetEnd=411 PartOfSpeech=PUNCT Lemma=" NamedEntityTag=O]
[Text=en CharacterOffsetBegin=412 CharacterOffsetEnd=414 PartOfSpeech=ADP Lemma=en NamedEntityTag=O]
[Text=la CharacterOffsetBegin=415 CharacterOffsetEnd=417 PartOfSpeech=DET Lemma=la NamedEntityTag=O]
[Text=ciudad CharacterOffsetBegin=418 CharacterOffsetEnd=424 PartOfSpeech=NOUN Lemma=ciudad NamedEntityTag=O]
[Text=. CharacterOffsetBegin=424 CharacterOffsetEnd=425 PartOfSpeech=PUNCT Lemma=. NamedEntityTag=O]

Dependency Parse (enhanced plus plus dependencies):
root(ROOT-0, notar-3)
obj(notar-3, Se-1)
aux(notar-3, hace-2)
nsubj(notar-3, ---4)
obj(dieron-6, que-5)
acl(---4, dieron-6)
mark(conocer-8, a-7)
advcl(dieron-6, conocer-8)
det(lucha-10, su-9)
obj(conocer-8, lucha-10)
amod(lucha-10, mendiante-11)
amod(lucha-10, propa-12)
punct(ganda-14, --13)
conj(propa-12, ganda-14)
cc(pintas-17, y-15)
punct(pintas-17, "-16)
acl(---4, pintas-17)
conj:y(dieron-6, pintas-17)
punct(pintas-17, "-18)
case(ciudad-21, en-19)
det(ciudad-21, la-20)
nmod(pintas-17, ciudad-21)
punct(notar-3, .-22)

Extracted the following NER entity mentions:

Sentence #5 (57 tokens):
Por otra parte-
una comisión de los marchistas intentó venir--
al D.F., pero fué interceptada por la Policía-
Federal de Caminos, quienes los cominaron a -
a retornar al local del sindicato donde están-
hospedados"...Por otra parte las siguientes --
autoridades JORGE ALCARAZ VEGA, ALFONSO SOTOMA-

Tokens:
[Text=Por CharacterOffsetBegin=426 CharacterOffsetEnd=429 PartOfSpeech=ADP Lemma=por NamedEntityTag=O]
[Text=otra CharacterOffsetBegin=430 CharacterOffsetEnd=434 PartOfSpeech=NOUN Lemma=otra NamedEntityTag=O]
[Text=parte CharacterOffsetBegin=435 CharacterOffsetEnd=440 PartOfSpeech=NOUN Lemma=parte NamedEntityTag=O]
[Text=- CharacterOffsetBegin=440 CharacterOffsetEnd=441 PartOfSpeech=PUNCT Lemma=- NamedEntityTag=O]
[Text=una CharacterOffsetBegin=442 CharacterOffsetEnd=445 PartOfSpeech=DET Lemma=una NamedEntityTag=O]
[Text=comisión CharacterOffsetBegin=446 CharacterOffsetEnd=454 PartOfSpeech=NOUN Lemma=comisión NamedEntityTag=O]
[Text=de CharacterOffsetBegin=455 CharacterOffsetEnd=457 PartOfSpeech=ADP Lemma=de NamedEntityTag=O]
[Text=los CharacterOffsetBegin=458 CharacterOffsetEnd=461 PartOfSpeech=DET Lemma=los NamedEntityTag=O]
[Text=marchistas CharacterOffsetBegin=462 CharacterOffsetEnd=472 PartOfSpeech=NOUN Lemma=marchistas NamedEntityTag=O]
[Text=intentó CharacterOffsetBegin=473 CharacterOffsetEnd=480 PartOfSpeech=VERB Lemma=intentó NamedEntityTag=O]
[Text=venir CharacterOffsetBegin=481 CharacterOffsetEnd=486 PartOfSpeech=VERB Lemma=venir NamedEntityTag=O]
[Text=-- CharacterOffsetBegin=486 CharacterOffsetEnd=488 PartOfSpeech=SCONJ Lemma=-- NamedEntityTag=O]
[Text=al CharacterOffsetBegin=489 CharacterOffsetEnd=491 PartOfSpeech=ADP Lemma=al NamedEntityTag=O]
[Text=D.F. CharacterOffsetBegin=492 CharacterOffsetEnd=496 PartOfSpeech=PROPN Lemma=d.f. NamedEntityTag=O]
[Text=, CharacterOffsetBegin=496 CharacterOffsetEnd=497 PartOfSpeech=PUNCT Lemma=, NamedEntityTag=O]
[Text=pero CharacterOffsetBegin=498 CharacterOffsetEnd=502 PartOfSpeech=CCONJ Lemma=pero NamedEntityTag=O]
[Text=fué CharacterOffsetBegin=503 CharacterOffsetEnd=506 PartOfSpeech=NOUN Lemma=fué NamedEntityTag=O]
[Text=interceptada CharacterOffsetBegin=507 CharacterOffsetEnd=519 PartOfSpeech=ADJ Lemma=interceptada NamedEntityTag=O]
[Text=por CharacterOffsetBegin=520 CharacterOffsetEnd=523 PartOfSpeech=ADP Lemma=por NamedEntityTag=O]
[Text=la CharacterOffsetBegin=524 CharacterOffsetEnd=526 PartOfSpeech=DET Lemma=la NamedEntityTag=O]
[Text=Policía CharacterOffsetBegin=527 CharacterOffsetEnd=534 PartOfSpeech=PROPN Lemma=policía NamedEntityTag=ORGANIZATION]
[Text=- CharacterOffsetBegin=534 CharacterOffsetEnd=535 PartOfSpeech=PUNCT Lemma=- NamedEntityTag=ORGANIZATION]
[Text=Federal CharacterOffsetBegin=536 CharacterOffsetEnd=543 PartOfSpeech=PROPN Lemma=federal NamedEntityTag=ORGANIZATION]
[Text=de CharacterOffsetBegin=544 CharacterOffsetEnd=546 PartOfSpeech=ADP Lemma=de NamedEntityTag=ORGANIZATION]
[Text=Caminos CharacterOffsetBegin=547 CharacterOffsetEnd=554 PartOfSpeech=PROPN Lemma=caminos NamedEntityTag=ORGANIZATION]
[Text=, CharacterOffsetBegin=554 CharacterOffsetEnd=555 PartOfSpeech=PUNCT Lemma=, NamedEntityTag=O]
[Text=quienes CharacterOffsetBegin=556 CharacterOffsetEnd=563 PartOfSpeech=PRON Lemma=quienes NamedEntityTag=O]
[Text=los CharacterOffsetBegin=564 CharacterOffsetEnd=567 PartOfSpeech=DET Lemma=los NamedEntityTag=O]
[Text=cominaron CharacterOffsetBegin=568 CharacterOffsetEnd=577 PartOfSpeech=NOUN Lemma=cominaron NamedEntityTag=O]
[Text=a CharacterOffsetBegin=578 CharacterOffsetEnd=579 PartOfSpeech=ADP Lemma=a NamedEntityTag=O]
[Text=- CharacterOffsetBegin=580 CharacterOffsetEnd=581 PartOfSpeech=PUNCT Lemma=- NamedEntityTag=O]
[Text=a CharacterOffsetBegin=582 CharacterOffsetEnd=583 PartOfSpeech=ADP Lemma=a NamedEntityTag=O]
[Text=retornar CharacterOffsetBegin=584 CharacterOffsetEnd=592 PartOfSpeech=VERB Lemma=retornar NamedEntityTag=O]
[Text=al CharacterOffsetBegin=593 CharacterOffsetEnd=595 PartOfSpeech=ADP Lemma=al NamedEntityTag=O]
[Text=local CharacterOffsetBegin=596 CharacterOffsetEnd=601 PartOfSpeech=NOUN Lemma=local NamedEntityTag=O]
[Text=del CharacterOffsetBegin=602 CharacterOffsetEnd=605 PartOfSpeech=ADP Lemma=del NamedEntityTag=O]
[Text=sindicato CharacterOffsetBegin=606 CharacterOffsetEnd=615 PartOfSpeech=NOUN Lemma=sindicato NamedEntityTag=O]
[Text=donde CharacterOffsetBegin=616 CharacterOffsetEnd=621 PartOfSpeech=PRON Lemma=donde NamedEntityTag=O]
[Text=están CharacterOffsetBegin=622 CharacterOffsetEnd=627 PartOfSpeech=VERB Lemma=están NamedEntityTag=O]
[Text=- CharacterOffsetBegin=627 CharacterOffsetEnd=628 PartOfSpeech=PUNCT Lemma=- NamedEntityTag=O]
[Text=hospedados CharacterOffsetBegin=629 CharacterOffsetEnd=639 PartOfSpeech=ADJ Lemma=hospedados NamedEntityTag=O]
[Text=" CharacterOffsetBegin=639 CharacterOffsetEnd=640 PartOfSpeech=PUNCT Lemma=" NamedEntityTag=O]
[Text=... CharacterOffsetBegin=640 CharacterOffsetEnd=643 PartOfSpeech=PUNCT Lemma=... NamedEntityTag=O]
[Text=Por CharacterOffsetBegin=643 CharacterOffsetEnd=646 PartOfSpeech=ADP Lemma=por NamedEntityTag=O]
[Text=otra CharacterOffsetBegin=647 CharacterOffsetEnd=651 PartOfSpeech=DET Lemma=otra NamedEntityTag=O]
[Text=parte CharacterOffsetBegin=652 CharacterOffsetEnd=657 PartOfSpeech=NOUN Lemma=parte NamedEntityTag=O]
[Text=las CharacterOffsetBegin=658 CharacterOffsetEnd=661 PartOfSpeech=DET Lemma=las NamedEntityTag=O]
[Text=siguientes CharacterOffsetBegin=662 CharacterOffsetEnd=672 PartOfSpeech=ADJ Lemma=siguientes NamedEntityTag=O]
[Text=-- CharacterOffsetBegin=673 CharacterOffsetEnd=675 PartOfSpeech=NUM Lemma=-- NamedEntityTag=O]
[Text=autoridades CharacterOffsetBegin=676 CharacterOffsetEnd=687 PartOfSpeech=NOUN Lemma=autoridades NamedEntityTag=O]
[Text=JORGE CharacterOffsetBegin=688 CharacterOffsetEnd=693 PartOfSpeech=PROPN Lemma=jorge NamedEntityTag=PERSON]
[Text=ALCARAZ CharacterOffsetBegin=694 CharacterOffsetEnd=701 PartOfSpeech=PROPN Lemma=alcaraz NamedEntityTag=PERSON]
[Text=VEGA CharacterOffsetBegin=702 CharacterOffsetEnd=706 PartOfSpeech=PROPN Lemma=vega NamedEntityTag=PERSON]
[Text=, CharacterOffsetBegin=706 CharacterOffsetEnd=707 PartOfSpeech=PUNCT Lemma=, NamedEntityTag=O]
[Text=ALFONSO CharacterOffsetBegin=708 CharacterOffsetEnd=715 PartOfSpeech=PROPN Lemma=alfonso NamedEntityTag=PERSON]
[Text=SOTOMA CharacterOffsetBegin=716 CharacterOffsetEnd=722 PartOfSpeech=PROPN Lemma=sotoma NamedEntityTag=PERSON]
[Text=- CharacterOffsetBegin=722 CharacterOffsetEnd=723 PartOfSpeech=PUNCT Lemma=- NamedEntityTag=O]

Dependency Parse (enhanced plus plus dependencies):
root(ROOT-0, intentó-10)
advmod(intentó-10, Por-1)
fixed(Por-1, otra-2)
fixed(Por-1, parte-3)
punct(comisión-6, --4)
det(comisión-6, una-5)
nsubj(intentó-10, comisión-6)
case(marchistas-9, de-7)
det(marchistas-9, los-8)
nmod(comisión-6, marchistas-9)
xcomp(intentó-10, venir-11)
mark(D.F.-14, ---12)
case(D.F.-14, al-13)
obl(venir-11, D.F.-14)
punct(fué-17, ,-15)
cc(fué-17, pero-16)
conj:pero(intentó-10, fué-17)
amod(fué-17, interceptada-18)
case(Policía-21, por-19)
det(Policía-21, la-20)
nmod(fué-17, Policía-21)
punct(Federal-23, --22)
flat(Policía-21, Federal-23)
case(Caminos-25, de-24)
flat(Federal-23, Caminos-25)
punct(Federal-23, ,-26)
nmod(cominaron-29, quienes-27)
det(cominaron-29, los-28)
appos(fué-17, cominaron-29)
mark(retornar-33, a-30)
punct(retornar-33, --31)
mark(retornar-33, a-32)
acl(cominaron-29, retornar-33)
case(local-35, al-34)
obj(retornar-33, local-35)
case(sindicato-37, del-36)
nmod(local-35, sindicato-37)
obl(están-39, donde-38)
acl(local-35, están-39)
punct(hospedados-41, --40)
obj(están-39, hospedados-41)
punct(hospedados-41, "-42)
punct(cominaron-29, ...-43)
case(parte-46, Por-44)
det(parte-46, otra-45)
nmod(fué-17, parte-46)
det(autoridades-50, las-47)
amod(las-47, siguientes-48)
nummod(las-47, ---49)
obj(parte-46, autoridades-50)
appos(autoridades-50, JORGE-51)
flat(JORGE-51, ALCARAZ-52)
flat(JORGE-51, VEGA-53)
punct(ALFONSO-55, ,-54)
appos(autoridades-50, ALFONSO-55)
flat(ALFONSO-55, SOTOMA-56)
punct(fué-17, --57)

Extracted the following NER entity mentions:
Policía-
Federal de Caminos	ORGANIZATION	ORGANIZATION:0.8730844139317765
JORGE ALCARAZ VEGA	PERSON	PERSON:0.6086906543168534
ALFONSO SOTOMA	PERSON	PERSON:0.8972817164793325
