Document: ID=file_75.txt (15 sentences, 148 tokens)

Sentence #1 (22 tokens):
por las personas que fueron afectadas al recono-
séreceles pro Resolución Presidencial al recono-
cimiento de sus bienes comunales.

Tokens:
[Text=por CharacterOffsetBegin=0 CharacterOffsetEnd=3 PartOfSpeech=ADP Lemma=por NamedEntityTag=O]
[Text=las CharacterOffsetBegin=4 CharacterOffsetEnd=7 PartOfSpeech=DET Lemma=las NamedEntityTag=O]
[Text=personas CharacterOffsetBegin=8 CharacterOffsetEnd=16 PartOfSpeech=NOUN Lemma=personas NamedEntityTag=O]
[Text=que CharacterOffsetBegin=17 CharacterOffsetEnd=20 PartOfSpeech=PRON Lemma=que NamedEntityTag=O]
[Text=fueron CharacterOffsetBegin=21 CharacterOffsetEnd=27 PartOfSpeech=AUX Lemma=fueron NamedEntityTag=O]
[Text=afectadas CharacterOffsetBegin=28 CharacterOffsetEnd=37 PartOfSpeech=ADJ Lemma=afectadas NamedEntityTag=O]
[Text=al CharacterOffsetBegin=38 CharacterOffsetEnd=40 PartOfSpeech=ADP Lemma=al NamedEntityTag=O]
[Text=recono CharacterOffsetBegin=41 CharacterOffsetEnd=47 PartOfSpeech=NOUN Lemma=recono NamedEntityTag=O]
[Text=- CharacterOffsetBegin=47 CharacterOffsetEnd=48 PartOfSpeech=PUNCT Lemma=- NamedEntityTag=O]
[Text=séreceles CharacterOffsetBegin=49 CharacterOffsetEnd=58 PartOfSpeech=ADJ Lemma=séreceles NamedEntityTag=O]
[Text=pro CharacterOffsetBegin=59 CharacterOffsetEnd=62 PartOfSpeech=ADP Lemma=pro NamedEntityTag=O]
[Text=Resolución CharacterOffsetBegin=63 CharacterOffsetEnd=73 PartOfSpeech=PROPN Lemma=resolución NamedEntityTag=ORGANIZATION]
[Text=Presidencial CharacterOffsetBegin=74 CharacterOffsetEnd=86 PartOfSpeech=PROPN Lemma=presidencial NamedEntityTag=ORGANIZATION]
[Text=al CharacterOffsetBegin=87 CharacterOffsetEnd=89 PartOfSpeech=ADP Lemma=al NamedEntityTag=O]
[Text=recono CharacterOffsetBegin=90 CharacterOffsetEnd=96 PartOfSpeech=PROPN Lemma=recono NamedEntityTag=O]
[Text=- CharacterOffsetBegin=96 CharacterOffsetEnd=97 PartOfSpeech=PUNCT Lemma=- NamedEntityTag=O]
[Text=cimiento CharacterOffsetBegin=98 CharacterOffsetEnd=106 PartOfSpeech=NOUN Lemma=cimiento NamedEntityTag=O]
[Text=de CharacterOffsetBegin=107 CharacterOffsetEnd=109 PartOfSpeech=ADP Lemma=de NamedEntityTag=O]
[Text=sus CharacterOffsetBegin=110 CharacterOffsetEnd=113 PartOfSpeech=DET Lemma=sus NamedEntityTag=O]
[Text=bienes CharacterOffsetBegin=114 CharacterOffsetEnd=120 PartOfSpeech=NOUN Lemma=bienes NamedEntityTag=O]
[Text=comunales CharacterOffsetBegin=121 CharacterOffsetEnd=130 PartOfSpeech=ADJ Lemma=comunales NamedEntityTag=O]
[Text=. CharacterOffsetBegin=130 CharacterOffsetEnd=131 PartOfSpeech=PUNCT Lemma=. NamedEntityTag=O]

Dependency Parse (enhanced plus plus dependencies):
root(ROOT-0, personas-3)
case(personas-3, por-1)
det(personas-3, las-2)
nsubj(afectadas-6, que-4)
cop(afectadas-6, fueron-5)
acl(personas-3, afectadas-6)
case(recono-8, al-7)
obj(afectadas-6, recono-8)
punct(séreceles-10, --9)
amod(recono-8, séreceles-10)
case(Resolución-12, pro-11)
obl(séreceles-10, Resolución-12)
flat(Resolución-12, Presidencial-13)
case(recono-15, al-14)
obj(séreceles-10, recono-15)
punct(séreceles-10, --16)
appos(recono-8, cimiento-17)
case(bienes-20, de-18)
det(bienes-20, sus-19)
nmod(cimiento-17, bienes-20)
amod(bienes-20, comunales-21)
punct(personas-3, .-22)

Extracted the following NER entity mentions:
Resolución Presidencial	ORGANIZATION	ORGANIZATION:0.4885577969067214

Sentence #2 (16 tokens):
sin que se acept
te dentro de su zona pequeñas propiedades dicho -
estacamento pert.

Tokens:
[Text=sin CharacterOffsetBegin=131 CharacterOffsetEnd=134 PartOfSpeech=ADP Lemma=sin NamedEntityTag=O]
[Text=que CharacterOffsetBegin=135 CharacterOffsetEnd=138 PartOfSpeech=SCONJ Lemma=que NamedEntityTag=O]
[Text=se CharacterOffsetBegin=139 CharacterOffsetEnd=141 PartOfSpeech=PRON Lemma=se NamedEntityTag=O]
[Text=acept CharacterOffsetBegin=142 CharacterOffsetEnd=147 PartOfSpeech=VERB Lemma=acept NamedEntityTag=O]
[Text=te CharacterOffsetBegin=148 CharacterOffsetEnd=150 PartOfSpeech=PRON Lemma=te NamedEntityTag=O]
[Text=dentro CharacterOffsetBegin=151 CharacterOffsetEnd=157 PartOfSpeech=ADV Lemma=dentro NamedEntityTag=O]
[Text=de CharacterOffsetBegin=158 CharacterOffsetEnd=160 PartOfSpeech=ADP Lemma=de NamedEntityTag=O]
[Text=su CharacterOffsetBegin=161 CharacterOffsetEnd=163 PartOfSpeech=DET Lemma=su NamedEntityTag=O]
[Text=zona CharacterOffsetBegin=164 CharacterOffsetEnd=168 PartOfSpeech=NOUN Lemma=zona NamedEntityTag=O]
[Text=pequeñas CharacterOffsetBegin=169 CharacterOffsetEnd=177 PartOfSpeech=ADJ Lemma=pequeñas NamedEntityTag=O]
[Text=propiedades CharacterOffsetBegin=178 CharacterOffsetEnd=189 PartOfSpeech=NOUN Lemma=propiedades NamedEntityTag=O]
[Text=dicho CharacterOffsetBegin=190 CharacterOffsetEnd=195 PartOfSpeech=ADJ Lemma=dicho NamedEntityTag=O]
[Text=- CharacterOffsetBegin=196 CharacterOffsetEnd=197 PartOfSpeech=PUNCT Lemma=- NamedEntityTag=O]
[Text=estacamento CharacterOffsetBegin=198 CharacterOffsetEnd=209 PartOfSpeech=ADJ Lemma=estacamento NamedEntityTag=O]
[Text=pert CharacterOffsetBegin=210 CharacterOffsetEnd=214 PartOfSpeech=NOUN Lemma=pert NamedEntityTag=O]
[Text=. CharacterOffsetBegin=214 CharacterOffsetEnd=215 PartOfSpeech=PUNCT Lemma=. NamedEntityTag=O]

Dependency Parse (enhanced plus plus dependencies):
root(ROOT-0, acept-4)
mark(acept-4, sin-1)
mark(acept-4, que-2)
obj(acept-4, se-3)
obj(acept-4, te-5)
advmod(acept-4, dentro-6)
case(zona-9, de-7)
det(zona-9, su-8)
obl(dentro-6, zona-9)
amod(zona-9, pequeñas-10)
obj(acept-4, propiedades-11)
amod(propiedades-11, dicho-12)
punct(pert-15, --13)
amod(pert-15, estacamento-14)
appos(propiedades-11, pert-15)
punct(acept-4, .-16)

Extracted the following NER entity mentions:

Sentence #3 (5 tokens):
a esta Zona Mil.

Tokens:
[Text=a CharacterOffsetBegin=215 CharacterOffsetEnd=216 PartOfSpeech=ADP Lemma=a NamedEntityTag=O]
[Text=esta CharacterOffsetBegin=217 CharacterOffsetEnd=221 PartOfSpeech=DET Lemma=esta NamedEntityTag=O]
[Text=Zona CharacterOffsetBegin=222 CharacterOffsetEnd=226 PartOfSpeech=PROPN Lemma=zona NamedEntityTag=MISC]
[Text=Mil CharacterOffsetBegin=227 CharacterOffsetEnd=230 PartOfSpeech=PROPN Lemma=mil NamedEntityTag=MISC]
[Text=. CharacterOffsetBegin=230 CharacterOffsetEnd=231 PartOfSpeech=PUNCT Lemma=. NamedEntityTag=O]

Dependency Parse (enhanced plus plus dependencies):
root(ROOT-0, Zona-3)
case(Zona-3, a-1)
det(Zona-3, esta-2)
flat(Zona-3, Mil-4)
punct(Zona-3, .-5)

Extracted the following NER entity mentions:
Zona Mil	MISC	MISC:0.4394812462225004

Sentence #4 (3 tokens):
-Exp.10-91-971.

Tokens:
[Text=- CharacterOffsetBegin=231 CharacterOffsetEnd=232 PartOfSpeech=PUNCT Lemma=- NamedEntityTag=O]
[Text=Exp.10-91-971 CharacterOffsetBegin=232 CharacterOffsetEnd=245 PartOfSpeech=NUM Lemma=exp.10-91-971 NamedEntityTag=O]
[Text=. CharacterOffsetBegin=245 CharacterOffsetEnd=246 PartOfSpeech=PUNCT Lemma=. NamedEntityTag=O]

Dependency Parse (enhanced plus plus dependencies):
root(ROOT-0, Exp.10-91-971-2)
punct(Exp.10-91-971-2, --1)
punct(Exp.10-91-971-2, .-3)

Extracted the following NER entity mentions:

Sentence #5 (2 tokens):
H-156.

Tokens:
[Text=H-156 CharacterOffsetBegin=247 CharacterOffsetEnd=252 PartOfSpeech=NUM Lemma=h-156 NamedEntityTag=O]
[Text=. CharacterOffsetBegin=252 CharacterOffsetEnd=253 PartOfSpeech=PUNCT Lemma=. NamedEntityTag=O]

Dependency Parse (enhanced plus plus dependencies):
root(ROOT-0, H-156-1)
punct(H-156-1, .-2)

Extracted the following NER entity mentions:

Sentence #6 (2 tokens):
L-1.

Tokens:
[Text=L-1 CharacterOffsetBegin=254 CharacterOffsetEnd=257 PartOfSpeech=NUM Lemma=l-1 NamedEntityTag=O]
[Text=. CharacterOffsetBegin=257 CharacterOffsetEnd=258 PartOfSpeech=PUNCT Lemma=. NamedEntityTag=O]

Dependency Parse (enhanced plus plus dependencies):
root(ROOT-0, L-1-1)
punct(L-1-1, .-2)

Extracted the following NER entity mentions:

Sentence #7 (2 tokens):
Feb-25-971.

Tokens:
[Text=Feb-25-971 CharacterOffsetBegin=259 CharacterOffsetEnd=269 PartOfSpeech=NOUN Lemma=feb-25-971 NamedEntityTag=O]
[Text=. CharacterOffsetBegin=269 CharacterOffsetEnd=270 PartOfSpeech=PUNCT Lemma=. NamedEntityTag=O]

Dependency Parse (enhanced plus plus dependencies):
root(ROOT-0, Feb-25-971-1)
punct(Feb-25-971-1, .-2)

Extracted the following NER entity mentions:

Sentence #8 (24 tokens):
- El día 23 del actual miembros de --
dicha Zona militar tuvieron a su cargo la seguri-
dad del Sr. Lic.

Tokens:
[Text=- CharacterOffsetBegin=270 CharacterOffsetEnd=271 PartOfSpeech=PUNCT Lemma=- NamedEntityTag=O]
[Text=El CharacterOffsetBegin=272 CharacterOffsetEnd=274 PartOfSpeech=DET Lemma=el NamedEntityTag=O]
[Text=día CharacterOffsetBegin=275 CharacterOffsetEnd=278 PartOfSpeech=PROPN Lemma=día NamedEntityTag=O]
[Text=23 CharacterOffsetBegin=279 CharacterOffsetEnd=281 PartOfSpeech=NUM Lemma=23 NamedEntityTag=NUMBER NormalizedNamedEntityTag=23.0]
[Text=del CharacterOffsetBegin=282 CharacterOffsetEnd=285 PartOfSpeech=ADP Lemma=del NamedEntityTag=O]
[Text=actual CharacterOffsetBegin=286 CharacterOffsetEnd=292 PartOfSpeech=ADJ Lemma=actual NamedEntityTag=O]
[Text=miembros CharacterOffsetBegin=293 CharacterOffsetEnd=301 PartOfSpeech=NOUN Lemma=miembros NamedEntityTag=O]
[Text=de CharacterOffsetBegin=302 CharacterOffsetEnd=304 PartOfSpeech=ADP Lemma=de NamedEntityTag=O]
[Text=-- CharacterOffsetBegin=305 CharacterOffsetEnd=307 PartOfSpeech=NUM Lemma=-- NamedEntityTag=O]
[Text=dicha CharacterOffsetBegin=308 CharacterOffsetEnd=313 PartOfSpeech=ADJ Lemma=dicha NamedEntityTag=O]
[Text=Zona CharacterOffsetBegin=314 CharacterOffsetEnd=318 PartOfSpeech=PROPN Lemma=zona NamedEntityTag=O]
[Text=militar CharacterOffsetBegin=319 CharacterOffsetEnd=326 PartOfSpeech=ADJ Lemma=militar NamedEntityTag=O]
[Text=tuvieron CharacterOffsetBegin=327 CharacterOffsetEnd=335 PartOfSpeech=VERB Lemma=tuvieron NamedEntityTag=O]
[Text=a CharacterOffsetBegin=336 CharacterOffsetEnd=337 PartOfSpeech=ADP Lemma=a NamedEntityTag=O]
[Text=su CharacterOffsetBegin=338 CharacterOffsetEnd=340 PartOfSpeech=DET Lemma=su NamedEntityTag=O]
[Text=cargo CharacterOffsetBegin=341 CharacterOffsetEnd=346 PartOfSpeech=NOUN Lemma=cargo NamedEntityTag=O]
[Text=la CharacterOffsetBegin=347 CharacterOffsetEnd=349 PartOfSpeech=DET Lemma=la NamedEntityTag=O]
[Text=seguri CharacterOffsetBegin=350 CharacterOffsetEnd=356 PartOfSpeech=NOUN Lemma=seguri NamedEntityTag=O]
[Text=- CharacterOffsetBegin=356 CharacterOffsetEnd=357 PartOfSpeech=PUNCT Lemma=- NamedEntityTag=O]
[Text=dad CharacterOffsetBegin=358 CharacterOffsetEnd=361 PartOfSpeech=NOUN Lemma=dad NamedEntityTag=O]
[Text=del CharacterOffsetBegin=362 CharacterOffsetEnd=365 PartOfSpeech=ADP Lemma=del NamedEntityTag=O]
[Text=Sr. CharacterOffsetBegin=366 CharacterOffsetEnd=369 PartOfSpeech=PROPN Lemma=sr. NamedEntityTag=MISC]
[Text=Lic CharacterOffsetBegin=370 CharacterOffsetEnd=373 PartOfSpeech=PROPN Lemma=lic NamedEntityTag=MISC]
[Text=. CharacterOffsetBegin=373 CharacterOffsetEnd=374 PartOfSpeech=PUNCT Lemma=. NamedEntityTag=O]

Dependency Parse (enhanced plus plus dependencies):
root(ROOT-0, tuvieron-13)
punct(tuvieron-13, --1)
det(día-3, El-2)
nsubj(tuvieron-13, día-3)
compound(día-3, 23-4)
case(miembros-7, del-5)
amod(miembros-7, actual-6)
nmod(día-3, miembros-7)
case(Zona-11, de-8)
nummod(Zona-11, ---9)
amod(Zona-11, dicha-10)
nmod(miembros-7, Zona-11)
amod(Zona-11, militar-12)
case(cargo-16, a-14)
det(cargo-16, su-15)
obl(tuvieron-13, cargo-16)
det(seguri-18, la-17)
obj(tuvieron-13, seguri-18)
punct(tuvieron-13, --19)
obl(tuvieron-13, dad-20)
case(Sr.-22, del-21)
nmod(dad-20, Sr.-22)
flat(Sr.-22, Lic-23)
punct(tuvieron-13, .-24)

Extracted the following NER entity mentions:
23	NUMBER	NUMBER:-1.0
Sr. Lic	MISC	MISC:0.6758890055687036

Sentence #9 (28 tokens):
LUIS ECHEVERRIA, presidente de -
la República, que asistió a la conmemoración del
día de la Bandera, acto que tuvo lugar en la Cd.

Tokens:
[Text=LUIS CharacterOffsetBegin=375 CharacterOffsetEnd=379 PartOfSpeech=PROPN Lemma=luis NamedEntityTag=PERSON]
[Text=ECHEVERRIA CharacterOffsetBegin=380 CharacterOffsetEnd=390 PartOfSpeech=PROPN Lemma=echeverria NamedEntityTag=PERSON]
[Text=, CharacterOffsetBegin=390 CharacterOffsetEnd=391 PartOfSpeech=PUNCT Lemma=, NamedEntityTag=O]
[Text=presidente CharacterOffsetBegin=392 CharacterOffsetEnd=402 PartOfSpeech=NOUN Lemma=presidente NamedEntityTag=TITLE]
[Text=de CharacterOffsetBegin=403 CharacterOffsetEnd=405 PartOfSpeech=ADP Lemma=de NamedEntityTag=O]
[Text=- CharacterOffsetBegin=406 CharacterOffsetEnd=407 PartOfSpeech=PUNCT Lemma=- NamedEntityTag=O]
[Text=la CharacterOffsetBegin=408 CharacterOffsetEnd=410 PartOfSpeech=DET Lemma=la NamedEntityTag=O]
[Text=República CharacterOffsetBegin=411 CharacterOffsetEnd=420 PartOfSpeech=PROPN Lemma=república NamedEntityTag=ORGANIZATION]
[Text=, CharacterOffsetBegin=420 CharacterOffsetEnd=421 PartOfSpeech=PUNCT Lemma=, NamedEntityTag=O]
[Text=que CharacterOffsetBegin=422 CharacterOffsetEnd=425 PartOfSpeech=PRON Lemma=que NamedEntityTag=O]
[Text=asistió CharacterOffsetBegin=426 CharacterOffsetEnd=433 PartOfSpeech=VERB Lemma=asistió NamedEntityTag=O]
[Text=a CharacterOffsetBegin=434 CharacterOffsetEnd=435 PartOfSpeech=ADP Lemma=a NamedEntityTag=O]
[Text=la CharacterOffsetBegin=436 CharacterOffsetEnd=438 PartOfSpeech=DET Lemma=la NamedEntityTag=O]
[Text=conmemoración CharacterOffsetBegin=439 CharacterOffsetEnd=452 PartOfSpeech=NOUN Lemma=conmemoración NamedEntityTag=O]
[Text=del CharacterOffsetBegin=453 CharacterOffsetEnd=456 PartOfSpeech=ADP Lemma=del NamedEntityTag=O]
[Text=día CharacterOffsetBegin=457 CharacterOffsetEnd=460 PartOfSpeech=NOUN Lemma=día NamedEntityTag=O]
[Text=de CharacterOffsetBegin=461 CharacterOffsetEnd=463 PartOfSpeech=ADP Lemma=de NamedEntityTag=O]
[Text=la CharacterOffsetBegin=464 CharacterOffsetEnd=466 PartOfSpeech=DET Lemma=la NamedEntityTag=O]
[Text=Bandera CharacterOffsetBegin=467 CharacterOffsetEnd=474 PartOfSpeech=PROPN Lemma=bandera NamedEntityTag=LOCATION]
[Text=, CharacterOffsetBegin=474 CharacterOffsetEnd=475 PartOfSpeech=PUNCT Lemma=, NamedEntityTag=O]
[Text=acto CharacterOffsetBegin=476 CharacterOffsetEnd=480 PartOfSpeech=NOUN Lemma=acto NamedEntityTag=O]
[Text=que CharacterOffsetBegin=481 CharacterOffsetEnd=484 PartOfSpeech=PRON Lemma=que NamedEntityTag=O]
[Text=tuvo CharacterOffsetBegin=485 CharacterOffsetEnd=489 PartOfSpeech=VERB Lemma=tuvo NamedEntityTag=O]
[Text=lugar CharacterOffsetBegin=490 CharacterOffsetEnd=495 PartOfSpeech=NOUN Lemma=lugar NamedEntityTag=O]
[Text=en CharacterOffsetBegin=496 CharacterOffsetEnd=498 PartOfSpeech=ADP Lemma=en NamedEntityTag=O]
[Text=la CharacterOffsetBegin=499 CharacterOffsetEnd=501 PartOfSpeech=DET Lemma=la NamedEntityTag=O]
[Text=Cd CharacterOffsetBegin=502 CharacterOffsetEnd=504 PartOfSpeech=PROPN Lemma=cd NamedEntityTag=MISC]
[Text=. CharacterOffsetBegin=504 CharacterOffsetEnd=505 PartOfSpeech=PUNCT Lemma=. NamedEntityTag=O]

Dependency Parse (enhanced plus plus dependencies):
root(ROOT-0, LUIS-1)
flat(LUIS-1, ECHEVERRIA-2)
punct(presidente-4, ,-3)
appos(LUIS-1, presidente-4)
case(República-8, de-5)
punct(República-8, --6)
det(República-8, la-7)
nmod(presidente-4, República-8)
punct(asistió-11, ,-9)
nsubj(asistió-11, que-10)
acl(República-8, asistió-11)
case(conmemoración-14, a-12)
det(conmemoración-14, la-13)
obl(asistió-11, conmemoración-14)
case(día-16, del-15)
nmod(conmemoración-14, día-16)
case(Bandera-19, de-17)
det(Bandera-19, la-18)
nmod(día-16, Bandera-19)
punct(acto-21, ,-20)
obl(asistió-11, acto-21)
nsubj(tuvo-23, que-22)
acl(acto-21, tuvo-23)
compound(tuvo-23, lugar-24)
case(Cd-27, en-25)
det(Cd-27, la-26)
obl(tuvo-23, Cd-27)
punct(LUIS-1, .-28)

Extracted the following NER entity mentions:
LUIS ECHEVERRIA	PERSON	PERSON:0.9957098961517641
presidente	TITLE	-
República	ORGANIZATION	ORGANIZATION:0.8540452988990552
Bandera	LOCATION	LOCATION:0.43577311791044493
Cd	MISC	MISC:0.3911769587426702

Extracted the following KBP triples:
1.0	LUIS ECHEVERRIA	per:employee_or_member_of	República
1.0	LUIS ECHEVERRIA	per:title	presidente
1.0	República	org:top_members_employees	LUIS ECHEVERRIA

Sentence #10 (4 tokens):
de Iguala Gro.

Tokens:
[Text=de CharacterOffsetBegin=506 CharacterOffsetEnd=508 PartOfSpeech=ADP Lemma=de NamedEntityTag=O]
[Text=Iguala CharacterOffsetBegin=509 CharacterOffsetEnd=515 PartOfSpeech=PROPN Lemma=iguala NamedEntityTag=PERSON]
[Text=Gro CharacterOffsetBegin=516 CharacterOffsetEnd=519 PartOfSpeech=PROPN Lemma=gro NamedEntityTag=PERSON]
[Text=. CharacterOffsetBegin=519 CharacterOffsetEnd=520 PartOfSpeech=PUNCT Lemma=. NamedEntityTag=O]

Dependency Parse (enhanced plus plus dependencies):
root(ROOT-0, Iguala-2)
case(Iguala-2, de-1)
flat(Iguala-2, Gro-3)
punct(Iguala-2, .-4)

Extracted the following NER entity mentions:
Iguala Gro	PERSON	PERSON:0.8413249978596207

Sentence #11 (2 tokens):
Exp.100-10-1-71.

Tokens:
[Text=Exp.100-10-1-71 CharacterOffsetBegin=521 CharacterOffsetEnd=536 PartOfSpeech=NUM Lemma=exp.100-10-1-71 NamedEntityTag=O]
[Text=. CharacterOffsetBegin=536 CharacterOffsetEnd=537 PartOfSpeech=PUNCT Lemma=. NamedEntityTag=O]

Dependency Parse (enhanced plus plus dependencies):
root(ROOT-0, Exp.100-10-1-71-1)
punct(Exp.100-10-1-71-1, .-2)

Extracted the following NER entity mentions:

Sentence #12 (3 tokens):
H-407 L-37.

Tokens:
[Text=H-407 CharacterOffsetBegin=538 CharacterOffsetEnd=543 PartOfSpeech=NUM Lemma=h-407 NamedEntityTag=O]
[Text=L-37 CharacterOffsetBegin=544 CharacterOffsetEnd=548 PartOfSpeech=NUM Lemma=l-37 NamedEntityTag=O]
[Text=. CharacterOffsetBegin=548 CharacterOffsetEnd=549 PartOfSpeech=PUNCT Lemma=. NamedEntityTag=O]

Dependency Parse (enhanced plus plus dependencies):
root(ROOT-0, L-37-2)
nummod(L-37-2, H-407-1)
punct(L-37-2, .-3)

Extracted the following NER entity mentions:

Sentence #13 (4 tokens):
26-Mar-71.

Tokens:
[Text=26 CharacterOffsetBegin=550 CharacterOffsetEnd=552 PartOfSpeech=NUM Lemma=26 NamedEntityTag=O]
[Text=- CharacterOffsetBegin=552 CharacterOffsetEnd=553 PartOfSpeech=PUNCT Lemma=- NamedEntityTag=O]
[Text=Mar-71 CharacterOffsetBegin=553 CharacterOffsetEnd=559 PartOfSpeech=PROPN Lemma=mar-71 NamedEntityTag=O]
[Text=. CharacterOffsetBegin=559 CharacterOffsetEnd=560 PartOfSpeech=PUNCT Lemma=. NamedEntityTag=O]

Dependency Parse (enhanced plus plus dependencies):
root(ROOT-0, Mar-71-3)
nummod(Mar-71-3, 26-1)
punct(26-1, --2)
punct(Mar-71-3, .-4)

Extracted the following NER entity mentions:

Sentence #14 (5 tokens):
-El 24 actl.

Tokens:
[Text=- CharacterOffsetBegin=560 CharacterOffsetEnd=561 PartOfSpeech=PUNCT Lemma=- NamedEntityTag=O]
[Text=El CharacterOffsetBegin=561 CharacterOffsetEnd=563 PartOfSpeech=DET Lemma=el NamedEntityTag=O]
[Text=24 CharacterOffsetBegin=564 CharacterOffsetEnd=566 PartOfSpeech=NUM Lemma=24 NamedEntityTag=NUMBER NormalizedNamedEntityTag=24.0]
[Text=actl CharacterOffsetBegin=567 CharacterOffsetEnd=571 PartOfSpeech=NOUN Lemma=actl NamedEntityTag=O]
[Text=. CharacterOffsetBegin=571 CharacterOffsetEnd=572 PartOfSpeech=PUNCT Lemma=. NamedEntityTag=O]

Dependency Parse (enhanced plus plus dependencies):
root(ROOT-0, actl-4)
punct(actl-4, --1)
det(24-3, El-2)
nummod(actl-4, 24-3)
punct(actl-4, .-5)

Extracted the following NER entity mentions:
24	NUMBER	NUMBER:-1.0

Sentence #15 (26 tokens):
,en una discusión entablada
por 4 personas desconocidas y 2 soldados pertene-
cientes a esta Zona Militar, y en la que hubo has

Tokens:
[Text=, CharacterOffsetBegin=572 CharacterOffsetEnd=573 PartOfSpeech=PUNCT Lemma=, NamedEntityTag=O]
[Text=en CharacterOffsetBegin=573 CharacterOffsetEnd=575 PartOfSpeech=ADP Lemma=en NamedEntityTag=O]
[Text=una CharacterOffsetBegin=576 CharacterOffsetEnd=579 PartOfSpeech=DET Lemma=una NamedEntityTag=O]
[Text=discusión CharacterOffsetBegin=580 CharacterOffsetEnd=589 PartOfSpeech=NOUN Lemma=discusión NamedEntityTag=O]
[Text=entablada CharacterOffsetBegin=590 CharacterOffsetEnd=599 PartOfSpeech=ADJ Lemma=entablada NamedEntityTag=O]
[Text=por CharacterOffsetBegin=600 CharacterOffsetEnd=603 PartOfSpeech=ADP Lemma=por NamedEntityTag=O]
[Text=4 CharacterOffsetBegin=604 CharacterOffsetEnd=605 PartOfSpeech=NUM Lemma=4 NamedEntityTag=NUMBER NormalizedNamedEntityTag=4.0]
[Text=personas CharacterOffsetBegin=606 CharacterOffsetEnd=614 PartOfSpeech=NOUN Lemma=personas NamedEntityTag=O]
[Text=desconocidas CharacterOffsetBegin=615 CharacterOffsetEnd=627 PartOfSpeech=ADJ Lemma=desconocidas NamedEntityTag=O]
[Text=y CharacterOffsetBegin=628 CharacterOffsetEnd=629 PartOfSpeech=CCONJ Lemma=y NamedEntityTag=O]
[Text=2 CharacterOffsetBegin=630 CharacterOffsetEnd=631 PartOfSpeech=NUM Lemma=2 NamedEntityTag=NUMBER NormalizedNamedEntityTag=2.0]
[Text=soldados CharacterOffsetBegin=632 CharacterOffsetEnd=640 PartOfSpeech=NOUN Lemma=soldados NamedEntityTag=O]
[Text=pertene CharacterOffsetBegin=641 CharacterOffsetEnd=648 PartOfSpeech=VERB Lemma=pertene NamedEntityTag=O]
[Text=- CharacterOffsetBegin=648 CharacterOffsetEnd=649 PartOfSpeech=PUNCT Lemma=- NamedEntityTag=O]
[Text=cientes CharacterOffsetBegin=650 CharacterOffsetEnd=657 PartOfSpeech=ADJ Lemma=cientes NamedEntityTag=O]
[Text=a CharacterOffsetBegin=658 CharacterOffsetEnd=659 PartOfSpeech=ADP Lemma=a NamedEntityTag=O]
[Text=esta CharacterOffsetBegin=660 CharacterOffsetEnd=664 PartOfSpeech=DET Lemma=esta NamedEntityTag=O]
[Text=Zona CharacterOffsetBegin=665 CharacterOffsetEnd=669 PartOfSpeech=PROPN Lemma=zona NamedEntityTag=MISC]
[Text=Militar CharacterOffsetBegin=670 CharacterOffsetEnd=677 PartOfSpeech=PROPN Lemma=militar NamedEntityTag=MISC]
[Text=, CharacterOffsetBegin=677 CharacterOffsetEnd=678 PartOfSpeech=PUNCT Lemma=, NamedEntityTag=O]
[Text=y CharacterOffsetBegin=679 CharacterOffsetEnd=680 PartOfSpeech=CCONJ Lemma=y NamedEntityTag=O]
[Text=en CharacterOffsetBegin=681 CharacterOffsetEnd=683 PartOfSpeech=ADP Lemma=en NamedEntityTag=O]
[Text=la CharacterOffsetBegin=684 CharacterOffsetEnd=686 PartOfSpeech=DET Lemma=la NamedEntityTag=O]
[Text=que CharacterOffsetBegin=687 CharacterOffsetEnd=690 PartOfSpeech=PRON Lemma=que NamedEntityTag=O]
[Text=hubo CharacterOffsetBegin=691 CharacterOffsetEnd=695 PartOfSpeech=AUX Lemma=hubo NamedEntityTag=O]
[Text=has CharacterOffsetBegin=696 CharacterOffsetEnd=699 PartOfSpeech=AUX Lemma=has NamedEntityTag=O]

Dependency Parse (enhanced plus plus dependencies):
root(ROOT-0, pertene-13)
punct(discusión-4, ,-1)
case(discusión-4, en-2)
det(discusión-4, una-3)
obl(pertene-13, discusión-4)
amod(discusión-4, entablada-5)
case(personas-8, por-6)
nummod(personas-8, 4-7)
obj(entablada-5, personas-8)
amod(personas-8, desconocidas-9)
cc(soldados-12, y-10)
nummod(soldados-12, 2-11)
obj(entablada-5, soldados-12)
conj:y(personas-8, soldados-12)
punct(cientes-15, --14)
obj(pertene-13, cientes-15)
case(Zona-18, a-16)
det(Zona-18, esta-17)
nmod(cientes-15, Zona-18)
flat(Zona-18, Militar-19)
punct(hubo-25, ,-20)
cc(hubo-25, y-21)
case(que-24, en-22)
det(que-24, la-23)
obl(hubo-25, que-24)
obj(pertene-13, hubo-25)
conj:y(cientes-15, hubo-25)
aux(hubo-25, has-26)

Extracted the following NER entity mentions:
4	NUMBER	NUMBER:-1.0
2	NUMBER	NUMBER:-1.0
Zona Militar	MISC	MISC:0.33625850808238905
