Document: ID=file_296.txt (2 sentences, 185 tokens)

Sentence #1 (91 tokens):
discutió el documento enviado al Consejo Universitario-
por el Consejo Técnico de la Escuela Normal Superior, -
mediante el cual solicitan orientación sobre los casos-
de ANTONIO GARCIA RODRIGUEZ y JESUS BAHENA WENCES, so--
brino del Rector, si se les inscribe o no en los Cur--
sos de Verano que se imparten en la E.N.S.-El Director-
de la Normal, ALEJANDRO MIGUEL MENDEZ dijo que deben --
analizarse los asesinatos de Obdulio Ceballos Juárez y-
Juan Baez Sánchez.

Tokens:
[Text=discutió CharacterOffsetBegin=0 CharacterOffsetEnd=8 PartOfSpeech=VERB Lemma=discutió NamedEntityTag=O]
[Text=el CharacterOffsetBegin=9 CharacterOffsetEnd=11 PartOfSpeech=DET Lemma=el NamedEntityTag=O]
[Text=documento CharacterOffsetBegin=12 CharacterOffsetEnd=21 PartOfSpeech=NOUN Lemma=documento NamedEntityTag=O]
[Text=enviado CharacterOffsetBegin=22 CharacterOffsetEnd=29 PartOfSpeech=ADJ Lemma=enviado NamedEntityTag=O]
[Text=al CharacterOffsetBegin=30 CharacterOffsetEnd=32 PartOfSpeech=ADP Lemma=al NamedEntityTag=O]
[Text=Consejo CharacterOffsetBegin=33 CharacterOffsetEnd=40 PartOfSpeech=PROPN Lemma=consejo NamedEntityTag=ORGANIZATION]
[Text=Universitario CharacterOffsetBegin=41 CharacterOffsetEnd=54 PartOfSpeech=PROPN Lemma=universitario NamedEntityTag=ORGANIZATION]
[Text=- CharacterOffsetBegin=54 CharacterOffsetEnd=55 PartOfSpeech=PUNCT Lemma=- NamedEntityTag=ORGANIZATION]
[Text=por CharacterOffsetBegin=56 CharacterOffsetEnd=59 PartOfSpeech=ADP Lemma=por NamedEntityTag=O]
[Text=el CharacterOffsetBegin=60 CharacterOffsetEnd=62 PartOfSpeech=DET Lemma=el NamedEntityTag=O]
[Text=Consejo CharacterOffsetBegin=63 CharacterOffsetEnd=70 PartOfSpeech=PROPN Lemma=consejo NamedEntityTag=ORGANIZATION]
[Text=Técnico CharacterOffsetBegin=71 CharacterOffsetEnd=78 PartOfSpeech=PROPN Lemma=técnico NamedEntityTag=ORGANIZATION]
[Text=de CharacterOffsetBegin=79 CharacterOffsetEnd=81 PartOfSpeech=ADP Lemma=de NamedEntityTag=ORGANIZATION]
[Text=la CharacterOffsetBegin=82 CharacterOffsetEnd=84 PartOfSpeech=DET Lemma=la NamedEntityTag=ORGANIZATION]
[Text=Escuela CharacterOffsetBegin=85 CharacterOffsetEnd=92 PartOfSpeech=PROPN Lemma=escuela NamedEntityTag=ORGANIZATION]
[Text=Normal CharacterOffsetBegin=93 CharacterOffsetEnd=99 PartOfSpeech=PROPN Lemma=normal NamedEntityTag=ORGANIZATION]
[Text=Superior CharacterOffsetBegin=100 CharacterOffsetEnd=108 PartOfSpeech=PROPN Lemma=superior NamedEntityTag=ORGANIZATION]
[Text=, CharacterOffsetBegin=108 CharacterOffsetEnd=109 PartOfSpeech=PUNCT Lemma=, NamedEntityTag=O]
[Text=- CharacterOffsetBegin=110 CharacterOffsetEnd=111 PartOfSpeech=PUNCT Lemma=- NamedEntityTag=O]
[Text=mediante CharacterOffsetBegin=112 CharacterOffsetEnd=120 PartOfSpeech=ADP Lemma=mediante NamedEntityTag=O]
[Text=el CharacterOffsetBegin=121 CharacterOffsetEnd=123 PartOfSpeech=DET Lemma=el NamedEntityTag=O]
[Text=cual CharacterOffsetBegin=124 CharacterOffsetEnd=128 PartOfSpeech=PRON Lemma=cual NamedEntityTag=O]
[Text=solicitan CharacterOffsetBegin=129 CharacterOffsetEnd=138 PartOfSpeech=VERB Lemma=solicitan NamedEntityTag=O]
[Text=orientación CharacterOffsetBegin=139 CharacterOffsetEnd=150 PartOfSpeech=NOUN Lemma=orientación NamedEntityTag=O]
[Text=sobre CharacterOffsetBegin=151 CharacterOffsetEnd=156 PartOfSpeech=ADP Lemma=sobre NamedEntityTag=O]
[Text=los CharacterOffsetBegin=157 CharacterOffsetEnd=160 PartOfSpeech=DET Lemma=los NamedEntityTag=O]
[Text=casos CharacterOffsetBegin=161 CharacterOffsetEnd=166 PartOfSpeech=NOUN Lemma=casos NamedEntityTag=O]
[Text=- CharacterOffsetBegin=166 CharacterOffsetEnd=167 PartOfSpeech=PUNCT Lemma=- NamedEntityTag=O]
[Text=de CharacterOffsetBegin=168 CharacterOffsetEnd=170 PartOfSpeech=ADP Lemma=de NamedEntityTag=O]
[Text=ANTONIO CharacterOffsetBegin=171 CharacterOffsetEnd=178 PartOfSpeech=PROPN Lemma=antonio NamedEntityTag=PERSON]
[Text=GARCIA CharacterOffsetBegin=179 CharacterOffsetEnd=185 PartOfSpeech=PROPN Lemma=garcia NamedEntityTag=PERSON]
[Text=RODRIGUEZ CharacterOffsetBegin=186 CharacterOffsetEnd=195 PartOfSpeech=PROPN Lemma=rodriguez NamedEntityTag=PERSON]
[Text=y CharacterOffsetBegin=196 CharacterOffsetEnd=197 PartOfSpeech=CCONJ Lemma=y NamedEntityTag=O]
[Text=JESUS CharacterOffsetBegin=198 CharacterOffsetEnd=203 PartOfSpeech=PROPN Lemma=jesus NamedEntityTag=PERSON]
[Text=BAHENA CharacterOffsetBegin=204 CharacterOffsetEnd=210 PartOfSpeech=PROPN Lemma=bahena NamedEntityTag=PERSON]
[Text=WENCES CharacterOffsetBegin=211 CharacterOffsetEnd=217 PartOfSpeech=PROPN Lemma=wences NamedEntityTag=PERSON]
[Text=, CharacterOffsetBegin=217 CharacterOffsetEnd=218 PartOfSpeech=PUNCT Lemma=, NamedEntityTag=O]
[Text=so CharacterOffsetBegin=219 CharacterOffsetEnd=221 PartOfSpeech=PROPN Lemma=so NamedEntityTag=O]
[Text=-- CharacterOffsetBegin=221 CharacterOffsetEnd=223 PartOfSpeech=PROPN Lemma=-- NamedEntityTag=O]
[Text=brino CharacterOffsetBegin=224 CharacterOffsetEnd=229 PartOfSpeech=PROPN Lemma=brino NamedEntityTag=O]
[Text=del CharacterOffsetBegin=230 CharacterOffsetEnd=233 PartOfSpeech=ADP Lemma=del NamedEntityTag=O]
[Text=Rector CharacterOffsetBegin=234 CharacterOffsetEnd=240 PartOfSpeech=PROPN Lemma=rector NamedEntityTag=MISC]
[Text=, CharacterOffsetBegin=240 CharacterOffsetEnd=241 PartOfSpeech=PUNCT Lemma=, NamedEntityTag=O]
[Text=si CharacterOffsetBegin=242 CharacterOffsetEnd=244 PartOfSpeech=SCONJ Lemma=si NamedEntityTag=O]
[Text=se CharacterOffsetBegin=245 CharacterOffsetEnd=247 PartOfSpeech=PRON Lemma=se NamedEntityTag=O]
[Text=les CharacterOffsetBegin=248 CharacterOffsetEnd=251 PartOfSpeech=PRON Lemma=les NamedEntityTag=O]
[Text=inscribe CharacterOffsetBegin=252 CharacterOffsetEnd=260 PartOfSpeech=VERB Lemma=inscribe NamedEntityTag=O]
[Text=o CharacterOffsetBegin=261 CharacterOffsetEnd=262 PartOfSpeech=CCONJ Lemma=o NamedEntityTag=O]
[Text=no CharacterOffsetBegin=263 CharacterOffsetEnd=265 PartOfSpeech=ADV Lemma=no NamedEntityTag=O]
[Text=en CharacterOffsetBegin=266 CharacterOffsetEnd=268 PartOfSpeech=ADP Lemma=en NamedEntityTag=O]
[Text=los CharacterOffsetBegin=269 CharacterOffsetEnd=272 PartOfSpeech=DET Lemma=los NamedEntityTag=O]
[Text=Cur CharacterOffsetBegin=273 CharacterOffsetEnd=276 PartOfSpeech=PROPN Lemma=cur NamedEntityTag=O]
[Text=-- CharacterOffsetBegin=276 CharacterOffsetEnd=278 PartOfSpeech=PROPN Lemma=-- NamedEntityTag=O]
[Text=sos CharacterOffsetBegin=279 CharacterOffsetEnd=282 PartOfSpeech=NOUN Lemma=sos NamedEntityTag=O]
[Text=de CharacterOffsetBegin=283 CharacterOffsetEnd=285 PartOfSpeech=ADP Lemma=de NamedEntityTag=O]
[Text=Verano CharacterOffsetBegin=286 CharacterOffsetEnd=292 PartOfSpeech=PROPN Lemma=verano NamedEntityTag=O]
[Text=que CharacterOffsetBegin=293 CharacterOffsetEnd=296 PartOfSpeech=PRON Lemma=que NamedEntityTag=O]
[Text=se CharacterOffsetBegin=297 CharacterOffsetEnd=299 PartOfSpeech=PRON Lemma=se NamedEntityTag=O]
[Text=imparten CharacterOffsetBegin=300 CharacterOffsetEnd=308 PartOfSpeech=VERB Lemma=imparten NamedEntityTag=O]
[Text=en CharacterOffsetBegin=309 CharacterOffsetEnd=311 PartOfSpeech=ADP Lemma=en NamedEntityTag=O]
[Text=la CharacterOffsetBegin=312 CharacterOffsetEnd=314 PartOfSpeech=DET Lemma=la NamedEntityTag=O]
[Text=E.N.S. CharacterOffsetBegin=315 CharacterOffsetEnd=321 PartOfSpeech=PROPN Lemma=e.n.s. NamedEntityTag=O]
[Text=- CharacterOffsetBegin=321 CharacterOffsetEnd=322 PartOfSpeech=PUNCT Lemma=- NamedEntityTag=O]
[Text=El CharacterOffsetBegin=322 CharacterOffsetEnd=324 PartOfSpeech=DET Lemma=el NamedEntityTag=O]
[Text=Director CharacterOffsetBegin=325 CharacterOffsetEnd=333 PartOfSpeech=PROPN Lemma=director NamedEntityTag=O]
[Text=- CharacterOffsetBegin=333 CharacterOffsetEnd=334 PartOfSpeech=PUNCT Lemma=- NamedEntityTag=O]
[Text=de CharacterOffsetBegin=335 CharacterOffsetEnd=337 PartOfSpeech=ADP Lemma=de NamedEntityTag=O]
[Text=la CharacterOffsetBegin=338 CharacterOffsetEnd=340 PartOfSpeech=DET Lemma=la NamedEntityTag=O]
[Text=Normal CharacterOffsetBegin=341 CharacterOffsetEnd=347 PartOfSpeech=PROPN Lemma=normal NamedEntityTag=ORGANIZATION]
[Text=, CharacterOffsetBegin=347 CharacterOffsetEnd=348 PartOfSpeech=PUNCT Lemma=, NamedEntityTag=O]
[Text=ALEJANDRO CharacterOffsetBegin=349 CharacterOffsetEnd=358 PartOfSpeech=PROPN Lemma=alejandro NamedEntityTag=PERSON]
[Text=MIGUEL CharacterOffsetBegin=359 CharacterOffsetEnd=365 PartOfSpeech=PROPN Lemma=miguel NamedEntityTag=PERSON]
[Text=MENDEZ CharacterOffsetBegin=366 CharacterOffsetEnd=372 PartOfSpeech=PROPN Lemma=mendez NamedEntityTag=PERSON]
[Text=dijo CharacterOffsetBegin=373 CharacterOffsetEnd=377 PartOfSpeech=VERB Lemma=dijo NamedEntityTag=O]
[Text=que CharacterOffsetBegin=378 CharacterOffsetEnd=381 PartOfSpeech=SCONJ Lemma=que NamedEntityTag=O]
[Text=deben CharacterOffsetBegin=382 CharacterOffsetEnd=387 PartOfSpeech=AUX Lemma=deben NamedEntityTag=O]
[Text=-- CharacterOffsetBegin=388 CharacterOffsetEnd=390 PartOfSpeech=VERB Lemma=--_VERB NamedEntityTag=O]
[Text=analizar CharacterOffsetBegin=391 CharacterOffsetEnd=401 PartOfSpeech=VERB Lemma=analizar NamedEntityTag=O]
[Text=se CharacterOffsetBegin=391 CharacterOffsetEnd=401 PartOfSpeech=PRON Lemma=se NamedEntityTag=O]
[Text=los CharacterOffsetBegin=402 CharacterOffsetEnd=405 PartOfSpeech=DET Lemma=los NamedEntityTag=O]
[Text=asesinatos CharacterOffsetBegin=406 CharacterOffsetEnd=416 PartOfSpeech=NOUN Lemma=asesinatos NamedEntityTag=O]
[Text=de CharacterOffsetBegin=417 CharacterOffsetEnd=419 PartOfSpeech=ADP Lemma=de NamedEntityTag=O]
[Text=Obdulio CharacterOffsetBegin=420 CharacterOffsetEnd=427 PartOfSpeech=PROPN Lemma=obdulio NamedEntityTag=PERSON]
[Text=Ceballos CharacterOffsetBegin=428 CharacterOffsetEnd=436 PartOfSpeech=PROPN Lemma=ceballos NamedEntityTag=PERSON]
[Text=Juárez CharacterOffsetBegin=437 CharacterOffsetEnd=443 PartOfSpeech=PROPN Lemma=juárez NamedEntityTag=PERSON]
[Text=y CharacterOffsetBegin=444 CharacterOffsetEnd=445 PartOfSpeech=CCONJ Lemma=y NamedEntityTag=O]
[Text=- CharacterOffsetBegin=445 CharacterOffsetEnd=446 PartOfSpeech=PUNCT Lemma=- NamedEntityTag=O]
[Text=Juan CharacterOffsetBegin=447 CharacterOffsetEnd=451 PartOfSpeech=PROPN Lemma=juan NamedEntityTag=PERSON]
[Text=Baez CharacterOffsetBegin=452 CharacterOffsetEnd=456 PartOfSpeech=PROPN Lemma=baez NamedEntityTag=PERSON]
[Text=Sánchez CharacterOffsetBegin=457 CharacterOffsetEnd=464 PartOfSpeech=PROPN Lemma=sánchez NamedEntityTag=PERSON]
[Text=. CharacterOffsetBegin=464 CharacterOffsetEnd=465 PartOfSpeech=PUNCT Lemma=. NamedEntityTag=O]

Dependency Parse (enhanced plus plus dependencies):
root(ROOT-0, dijo-74)
xcomp(---77, analizar-78)
obj(analizar-78, se-79)
aux(dijo-74, discutió-1)
det(documento-3, el-2)
nsubj(dijo-74, documento-3)
amod(documento-3, enviado-4)
case(Consejo-6, al-5)
obj(enviado-4, Consejo-6)
flat(Consejo-6, Universitario-7)
punct(Consejo-11, --8)
case(Consejo-11, por-9)
det(Consejo-11, el-10)
obl(dijo-74, Consejo-11)
flat(Consejo-11, Técnico-12)
case(Escuela-15, de-13)
det(Escuela-15, la-14)
flat(Consejo-11, Escuela-15)
flat(Consejo-11, Normal-16)
flat(Consejo-11, Superior-17)
punct(Consejo-11, ,-18)
punct(solicitan-23, --19)
case(cual-22, mediante-20)
det(cual-22, el-21)
obl(solicitan-23, cual-22)
advcl(Consejo-11, solicitan-23)
nsubj(solicitan-23, orientación-24)
case(casos-27, sobre-25)
det(casos-27, los-26)
nmod(orientación-24, casos-27)
punct(solicitan-23, --28)
case(ANTONIO-30, de-29)
flat(Consejo-11, ANTONIO-30)
flat(ANTONIO-30, GARCIA-31)
flat(ANTONIO-30, RODRIGUEZ-32)
cc(JESUS-34, y-33)
flat(Consejo-11, JESUS-34)
conj:y(ANTONIO-30, JESUS-34)
flat(JESUS-34, BAHENA-35)
flat(JESUS-34, WENCES-36)
punct(Consejo-11, ,-37)
flat(Consejo-11, so-38)
flat(so-38, ---39)
flat(so-38, brino-40)
case(Rector-42, del-41)
flat(Consejo-11, Rector-42)
punct(inscribe-47, ,-43)
mark(inscribe-47, si-44)
expl:pass(inscribe-47, se-45)
obj(inscribe-47, les-46)
advcl(Consejo-11, inscribe-47)
cc(no-49, o-48)
advcl(Consejo-11, no-49)
conj:o(inscribe-47, no-49)
case(Cur-52, en-50)
det(Cur-52, los-51)
obl(inscribe-47, Cur-52)
flat(Cur-52, ---53)
nmod(Cur-52, sos-54)
case(Verano-56, de-55)
nmod(sos-54, Verano-56)
nsubj(imparten-59, que-57)
obj(imparten-59, se-58)
acl(Cur-52, imparten-59)
case(E.N.S.-62, en-60)
det(E.N.S.-62, la-61)
obl(imparten-59, E.N.S.-62)
punct(Consejo-11, --63)
det(Director-65, El-64)
flat(Consejo-11, Director-65)
punct(Consejo-11, --66)
case(Normal-69, de-67)
det(Normal-69, la-68)
flat(Consejo-11, Normal-69)
punct(Consejo-11, ,-70)
flat(Consejo-11, ALEJANDRO-71)
flat(ALEJANDRO-71, MIGUEL-72)
flat(ALEJANDRO-71, MENDEZ-73)
mark(---77, que-75)
aux(---77, deben-76)
ccomp(dijo-74, ---77)
det(asesinatos-81, los-80)
obj(analizar-78, asesinatos-81)
case(Obdulio-83, de-82)
nmod(asesinatos-81, Obdulio-83)
flat(Obdulio-83, Ceballos-84)
flat(Obdulio-83, Juárez-85)
cc(Juan-88, y-86)
punct(Juan-88, --87)
nmod(asesinatos-81, Juan-88)
conj:y(Obdulio-83, Juan-88)
flat(Juan-88, Baez-89)
flat(Juan-88, Sánchez-90)
punct(dijo-74, .-91)

Extracted the following NER entity mentions:
Consejo Universitario-	ORGANIZATION	ORGANIZATION:0.9775930510832521
Consejo Técnico de la Escuela Normal Superior	ORGANIZATION	ORGANIZATION:0.7785735927863351
ANTONIO GARCIA RODRIGUEZ	PERSON	PERSON:0.9561961998340898
JESUS BAHENA WENCES	PERSON	PERSON:0.9403547524865289
Rector	MISC	MISC:0.4207077293934968
Normal	ORGANIZATION	ORGANIZATION:0.5771690306824702
ALEJANDRO MIGUEL MENDEZ	PERSON	PERSON:0.9899301434659918
Obdulio Ceballos Juárez	PERSON	PERSON:0.999201457893151
Juan Baez Sánchez	PERSON	PERSON:0.9996877623244966

Sentence #2 (94 tokens):
-CARLOS DIAZ FRIAS (a) "El Chilango"-
miembro del Partido Proletario Unido de América, de --
quien se dice continúa militando en los grupos "Fuerzas
Armadas de Liberación y "Fuerzas Armadas Revolucionarias"
y quien señala a posibles víctimas manifestó que ANTONIO
GARCIA RODRIGUEZ sebe ser expulsado de la U.A.G., ya que
se tienen acusaciones concretas en su contra como la que
publicó ESTEBAN DAVALOS RUEDA, de que si no aceptaba --
participar en el grupo del Gobierno en contra de la UAG

Tokens:
[Text=- CharacterOffsetBegin=465 CharacterOffsetEnd=466 PartOfSpeech=PUNCT Lemma=- NamedEntityTag=O]
[Text=CAR CharacterOffsetBegin=466 CharacterOffsetEnd=472 PartOfSpeech=NOUN Lemma=car NamedEntityTag=O]
[Text=LOS CharacterOffsetBegin=466 CharacterOffsetEnd=472 PartOfSpeech=DET Lemma=los NamedEntityTag=O]
[Text=DIAZ CharacterOffsetBegin=473 CharacterOffsetEnd=477 PartOfSpeech=PROPN Lemma=diaz NamedEntityTag=MISC]
[Text=FRIAS CharacterOffsetBegin=478 CharacterOffsetEnd=483 PartOfSpeech=PROPN Lemma=frias NamedEntityTag=MISC]
[Text=( CharacterOffsetBegin=484 CharacterOffsetEnd=485 PartOfSpeech=PUNCT Lemma=( NamedEntityTag=O]
[Text=a CharacterOffsetBegin=485 CharacterOffsetEnd=486 PartOfSpeech=ADP Lemma=a NamedEntityTag=O]
[Text=) CharacterOffsetBegin=486 CharacterOffsetEnd=487 PartOfSpeech=PUNCT Lemma=) NamedEntityTag=O]
[Text=" CharacterOffsetBegin=488 CharacterOffsetEnd=489 PartOfSpeech=PUNCT Lemma=" NamedEntityTag=O]
[Text=El CharacterOffsetBegin=489 CharacterOffsetEnd=491 PartOfSpeech=DET Lemma=el NamedEntityTag=PERSON]
[Text=Chilango CharacterOffsetBegin=492 CharacterOffsetEnd=500 PartOfSpeech=PROPN Lemma=chilango NamedEntityTag=PERSON]
[Text=" CharacterOffsetBegin=500 CharacterOffsetEnd=501 PartOfSpeech=PUNCT Lemma=" NamedEntityTag=PERSON]
[Text=- CharacterOffsetBegin=501 CharacterOffsetEnd=502 PartOfSpeech=PUNCT Lemma=- NamedEntityTag=PERSON]
[Text=miembro CharacterOffsetBegin=503 CharacterOffsetEnd=510 PartOfSpeech=NOUN Lemma=miembro NamedEntityTag=O]
[Text=del CharacterOffsetBegin=511 CharacterOffsetEnd=514 PartOfSpeech=ADP Lemma=del NamedEntityTag=O]
[Text=Partido CharacterOffsetBegin=515 CharacterOffsetEnd=522 PartOfSpeech=PROPN Lemma=partido NamedEntityTag=ORGANIZATION]
[Text=Proletario CharacterOffsetBegin=523 CharacterOffsetEnd=533 PartOfSpeech=PROPN Lemma=proletario NamedEntityTag=ORGANIZATION]
[Text=Unido CharacterOffsetBegin=534 CharacterOffsetEnd=539 PartOfSpeech=PROPN Lemma=unido NamedEntityTag=ORGANIZATION]
[Text=de CharacterOffsetBegin=540 CharacterOffsetEnd=542 PartOfSpeech=ADP Lemma=de NamedEntityTag=ORGANIZATION]
[Text=América CharacterOffsetBegin=543 CharacterOffsetEnd=550 PartOfSpeech=PROPN Lemma=américa NamedEntityTag=ORGANIZATION]
[Text=, CharacterOffsetBegin=550 CharacterOffsetEnd=551 PartOfSpeech=PUNCT Lemma=, NamedEntityTag=O]
[Text=de CharacterOffsetBegin=552 CharacterOffsetEnd=554 PartOfSpeech=ADP Lemma=de NamedEntityTag=O]
[Text=-- CharacterOffsetBegin=555 CharacterOffsetEnd=557 PartOfSpeech=NUM Lemma=-- NamedEntityTag=O]
[Text=quien CharacterOffsetBegin=558 CharacterOffsetEnd=563 PartOfSpeech=PRON Lemma=quien NamedEntityTag=O]
[Text=se CharacterOffsetBegin=564 CharacterOffsetEnd=566 PartOfSpeech=PRON Lemma=se NamedEntityTag=O]
[Text=dice CharacterOffsetBegin=567 CharacterOffsetEnd=571 PartOfSpeech=VERB Lemma=dice NamedEntityTag=O]
[Text=continúa CharacterOffsetBegin=572 CharacterOffsetEnd=580 PartOfSpeech=AUX Lemma=continúa NamedEntityTag=O]
[Text=militando CharacterOffsetBegin=581 CharacterOffsetEnd=590 PartOfSpeech=VERB Lemma=militando NamedEntityTag=O]
[Text=en CharacterOffsetBegin=591 CharacterOffsetEnd=593 PartOfSpeech=ADP Lemma=en NamedEntityTag=O]
[Text=los CharacterOffsetBegin=594 CharacterOffsetEnd=597 PartOfSpeech=DET Lemma=los NamedEntityTag=O]
[Text=grupos CharacterOffsetBegin=598 CharacterOffsetEnd=604 PartOfSpeech=NOUN Lemma=grupos NamedEntityTag=O]
[Text=" CharacterOffsetBegin=605 CharacterOffsetEnd=606 PartOfSpeech=PUNCT Lemma=" NamedEntityTag=O]
[Text=Fuerzas CharacterOffsetBegin=606 CharacterOffsetEnd=613 PartOfSpeech=PROPN Lemma=fuerzas NamedEntityTag=MISC]
[Text=Armadas CharacterOffsetBegin=614 CharacterOffsetEnd=621 PartOfSpeech=PROPN Lemma=armadas NamedEntityTag=MISC]
[Text=de CharacterOffsetBegin=622 CharacterOffsetEnd=624 PartOfSpeech=ADP Lemma=de NamedEntityTag=MISC]
[Text=Liberación CharacterOffsetBegin=625 CharacterOffsetEnd=635 PartOfSpeech=PROPN Lemma=liberación NamedEntityTag=MISC]
[Text=y CharacterOffsetBegin=636 CharacterOffsetEnd=637 PartOfSpeech=CCONJ Lemma=y NamedEntityTag=O]
[Text=" CharacterOffsetBegin=638 CharacterOffsetEnd=639 PartOfSpeech=PUNCT Lemma=" NamedEntityTag=O]
[Text=Fuerzas CharacterOffsetBegin=639 CharacterOffsetEnd=646 PartOfSpeech=PROPN Lemma=fuerzas NamedEntityTag=MISC]
[Text=Armadas CharacterOffsetBegin=647 CharacterOffsetEnd=654 PartOfSpeech=PROPN Lemma=armadas NamedEntityTag=MISC]
[Text=Revolucionarias CharacterOffsetBegin=655 CharacterOffsetEnd=670 PartOfSpeech=PROPN Lemma=revolucionarias NamedEntityTag=MISC]
[Text=" CharacterOffsetBegin=670 CharacterOffsetEnd=671 PartOfSpeech=PUNCT Lemma=" NamedEntityTag=O]
[Text=y CharacterOffsetBegin=672 CharacterOffsetEnd=673 PartOfSpeech=CCONJ Lemma=y NamedEntityTag=O]
[Text=quien CharacterOffsetBegin=674 CharacterOffsetEnd=679 PartOfSpeech=PRON Lemma=quien NamedEntityTag=O]
[Text=señala CharacterOffsetBegin=680 CharacterOffsetEnd=686 PartOfSpeech=VERB Lemma=señala NamedEntityTag=O]
[Text=a CharacterOffsetBegin=687 CharacterOffsetEnd=688 PartOfSpeech=ADP Lemma=a NamedEntityTag=O]
[Text=posibles CharacterOffsetBegin=689 CharacterOffsetEnd=697 PartOfSpeech=ADJ Lemma=posibles NamedEntityTag=O]
[Text=víctimas CharacterOffsetBegin=698 CharacterOffsetEnd=706 PartOfSpeech=NOUN Lemma=víctimas NamedEntityTag=O]
[Text=manifestó CharacterOffsetBegin=707 CharacterOffsetEnd=716 PartOfSpeech=VERB Lemma=manifestó NamedEntityTag=O]
[Text=que CharacterOffsetBegin=717 CharacterOffsetEnd=720 PartOfSpeech=SCONJ Lemma=que NamedEntityTag=O]
[Text=ANTONIO CharacterOffsetBegin=721 CharacterOffsetEnd=728 PartOfSpeech=PROPN Lemma=antonio NamedEntityTag=PERSON]
[Text=GARCIA CharacterOffsetBegin=729 CharacterOffsetEnd=735 PartOfSpeech=PROPN Lemma=garcia NamedEntityTag=PERSON]
[Text=RODRIGUEZ CharacterOffsetBegin=736 CharacterOffsetEnd=745 PartOfSpeech=PROPN Lemma=rodriguez NamedEntityTag=PERSON]
[Text=sebe CharacterOffsetBegin=746 CharacterOffsetEnd=750 PartOfSpeech=VERB Lemma=sebe NamedEntityTag=O]
[Text=ser CharacterOffsetBegin=751 CharacterOffsetEnd=754 PartOfSpeech=AUX Lemma=ser NamedEntityTag=O]
[Text=expulsado CharacterOffsetBegin=755 CharacterOffsetEnd=764 PartOfSpeech=VERB Lemma=expulsado NamedEntityTag=O]
[Text=de CharacterOffsetBegin=765 CharacterOffsetEnd=767 PartOfSpeech=ADP Lemma=de NamedEntityTag=O]
[Text=la CharacterOffsetBegin=768 CharacterOffsetEnd=770 PartOfSpeech=DET Lemma=la NamedEntityTag=O]
[Text=U.A.G. CharacterOffsetBegin=771 CharacterOffsetEnd=777 PartOfSpeech=PROPN Lemma=u.a.g. NamedEntityTag=O]
[Text=, CharacterOffsetBegin=777 CharacterOffsetEnd=778 PartOfSpeech=PUNCT Lemma=, NamedEntityTag=O]
[Text=ya CharacterOffsetBegin=779 CharacterOffsetEnd=781 PartOfSpeech=ADV Lemma=ya NamedEntityTag=O]
[Text=que CharacterOffsetBegin=782 CharacterOffsetEnd=785 PartOfSpeech=SCONJ Lemma=que NamedEntityTag=O]
[Text=se CharacterOffsetBegin=786 CharacterOffsetEnd=788 PartOfSpeech=PRON Lemma=se NamedEntityTag=O]
[Text=tienen CharacterOffsetBegin=789 CharacterOffsetEnd=795 PartOfSpeech=VERB Lemma=tienen NamedEntityTag=O]
[Text=acusaciones CharacterOffsetBegin=796 CharacterOffsetEnd=807 PartOfSpeech=NOUN Lemma=acusaciones NamedEntityTag=O]
[Text=concretas CharacterOffsetBegin=808 CharacterOffsetEnd=817 PartOfSpeech=ADJ Lemma=concretas NamedEntityTag=O]
[Text=en CharacterOffsetBegin=818 CharacterOffsetEnd=820 PartOfSpeech=ADP Lemma=en NamedEntityTag=O]
[Text=su CharacterOffsetBegin=821 CharacterOffsetEnd=823 PartOfSpeech=DET Lemma=su NamedEntityTag=O]
[Text=contra CharacterOffsetBegin=824 CharacterOffsetEnd=830 PartOfSpeech=NOUN Lemma=contra NamedEntityTag=O]
[Text=como CharacterOffsetBegin=831 CharacterOffsetEnd=835 PartOfSpeech=SCONJ Lemma=como NamedEntityTag=O]
[Text=la CharacterOffsetBegin=836 CharacterOffsetEnd=838 PartOfSpeech=DET Lemma=la NamedEntityTag=O]
[Text=que CharacterOffsetBegin=839 CharacterOffsetEnd=842 PartOfSpeech=PRON Lemma=que NamedEntityTag=O]
[Text=publicó CharacterOffsetBegin=843 CharacterOffsetEnd=850 PartOfSpeech=VERB Lemma=publicó NamedEntityTag=O]
[Text=ESTEBAN CharacterOffsetBegin=851 CharacterOffsetEnd=858 PartOfSpeech=PROPN Lemma=esteban NamedEntityTag=PERSON]
[Text=DAVALOS CharacterOffsetBegin=859 CharacterOffsetEnd=866 PartOfSpeech=PROPN Lemma=davalos NamedEntityTag=PERSON]
[Text=RUEDA CharacterOffsetBegin=867 CharacterOffsetEnd=872 PartOfSpeech=PROPN Lemma=rueda NamedEntityTag=O]
[Text=, CharacterOffsetBegin=872 CharacterOffsetEnd=873 PartOfSpeech=PUNCT Lemma=, NamedEntityTag=O]
[Text=de CharacterOffsetBegin=874 CharacterOffsetEnd=876 PartOfSpeech=ADP Lemma=de NamedEntityTag=O]
[Text=que CharacterOffsetBegin=877 CharacterOffsetEnd=880 PartOfSpeech=SCONJ Lemma=que NamedEntityTag=O]
[Text=si CharacterOffsetBegin=881 CharacterOffsetEnd=883 PartOfSpeech=SCONJ Lemma=si NamedEntityTag=O]
[Text=no CharacterOffsetBegin=884 CharacterOffsetEnd=886 PartOfSpeech=ADV Lemma=no NamedEntityTag=O]
[Text=aceptaba CharacterOffsetBegin=887 CharacterOffsetEnd=895 PartOfSpeech=VERB Lemma=aceptaba NamedEntityTag=O]
[Text=-- CharacterOffsetBegin=896 CharacterOffsetEnd=898 PartOfSpeech=NUM Lemma=-- NamedEntityTag=O]
[Text=participar CharacterOffsetBegin=899 CharacterOffsetEnd=909 PartOfSpeech=VERB Lemma=participar NamedEntityTag=O]
[Text=en CharacterOffsetBegin=910 CharacterOffsetEnd=912 PartOfSpeech=ADP Lemma=en NamedEntityTag=O]
[Text=el CharacterOffsetBegin=913 CharacterOffsetEnd=915 PartOfSpeech=DET Lemma=el NamedEntityTag=O]
[Text=grupo CharacterOffsetBegin=916 CharacterOffsetEnd=921 PartOfSpeech=NOUN Lemma=grupo NamedEntityTag=O]
[Text=del CharacterOffsetBegin=922 CharacterOffsetEnd=925 PartOfSpeech=ADP Lemma=del NamedEntityTag=O]
[Text=Gobierno CharacterOffsetBegin=926 CharacterOffsetEnd=934 PartOfSpeech=PROPN Lemma=gobierno NamedEntityTag=ORGANIZATION]
[Text=en CharacterOffsetBegin=935 CharacterOffsetEnd=937 PartOfSpeech=ADP Lemma=en NamedEntityTag=O]
[Text=contra CharacterOffsetBegin=938 CharacterOffsetEnd=944 PartOfSpeech=NOUN Lemma=contra NamedEntityTag=O]
[Text=de CharacterOffsetBegin=945 CharacterOffsetEnd=947 PartOfSpeech=ADP Lemma=de NamedEntityTag=O]
[Text=la CharacterOffsetBegin=948 CharacterOffsetEnd=950 PartOfSpeech=DET Lemma=la NamedEntityTag=O]
[Text=UAG CharacterOffsetBegin=951 CharacterOffsetEnd=954 PartOfSpeech=PROPN Lemma=uag NamedEntityTag=ORGANIZATION]

Dependency Parse (enhanced plus plus dependencies):
root(ROOT-0, CAR-2)
det(DIAZ-4, LOS-3)
punct(CAR-2, --1)
appos(CAR-2, DIAZ-4)
flat(DIAZ-4, FRIAS-5)
punct(a-7, (-6)
appos(DIAZ-4, a-7)
punct(a-7, )-8)
punct(CAR-2, "-9)
det(Chilango-11, El-10)
appos(CAR-2, Chilango-11)
punct(CAR-2, "-12)
punct(CAR-2, --13)
nmod(CAR-2, miembro-14)
case(Partido-16, del-15)
nmod(miembro-14, Partido-16)
flat(Partido-16, Proletario-17)
flat(Partido-16, Unido-18)
case(América-20, de-19)
flat(Partido-16, América-20)
punct(---23, ,-21)
case(---23, de-22)
nummod(Partido-16, ---23)
nsubj(dice-26, quien-24)
obj(dice-26, se-25)
acl(---23, dice-26)
aux(militando-28, continúa-27)
advcl(dice-26, militando-28)
case(grupos-31, en-29)
det(grupos-31, los-30)
obl(militando-28, grupos-31)
punct(Fuerzas-33, "-32)
appos(grupos-31, Fuerzas-33)
flat(Fuerzas-33, Armadas-34)
case(Liberación-36, de-35)
flat(Fuerzas-33, Liberación-36)
cc(Fuerzas-39, y-37)
punct(Fuerzas-39, "-38)
appos(grupos-31, Fuerzas-39)
conj:y(Fuerzas-33, Fuerzas-39)
flat(Fuerzas-39, Armadas-40)
flat(Fuerzas-39, Revolucionarias-41)
punct(Fuerzas-39, "-42)
cc(señala-45, y-43)
nsubj(señala-45, quien-44)
appos(grupos-31, señala-45)
conj:y(Fuerzas-33, señala-45)
case(víctimas-48, a-46)
amod(víctimas-48, posibles-47)
iobj(señala-45, víctimas-48)
ccomp(señala-45, manifestó-49)
mark(sebe-54, que-50)
nsubj(sebe-54, ANTONIO-51)
flat(ANTONIO-51, GARCIA-52)
flat(ANTONIO-51, RODRIGUEZ-53)
ccomp(manifestó-49, sebe-54)
aux(expulsado-56, ser-55)
ccomp(sebe-54, expulsado-56)
case(U.A.G.-59, de-57)
det(U.A.G.-59, la-58)
obl(expulsado-56, U.A.G.-59)
punct(tienen-64, ,-60)
mark(tienen-64, ya-61)
fixed(ya-61, que-62)
obj(tienen-64, se-63)
advcl(sebe-54, tienen-64)
obj(tienen-64, acusaciones-65)
amod(acusaciones-65, concretas-66)
case(contra-69, en-67)
det(contra-69, su-68)
nmod(acusaciones-65, contra-69)
mark(publicó-73, como-70)
det(publicó-73, la-71)
obj(publicó-73, que-72)
acl(contra-69, publicó-73)
nsubj(publicó-73, ESTEBAN-74)
flat(ESTEBAN-74, DAVALOS-75)
flat(ESTEBAN-74, RUEDA-76)
punct(aceptaba-82, ,-77)
mark(aceptaba-82, de-78)
mark(aceptaba-82, que-79)
mark(aceptaba-82, si-80)
advmod(aceptaba-82, no-81)
acl(ESTEBAN-74, aceptaba-82)
obj(aceptaba-82, ---83)
advcl(---83, participar-84)
case(grupo-87, en-85)
det(grupo-87, el-86)
obj(participar-84, grupo-87)
case(Gobierno-89, del-88)
nmod(grupo-87, Gobierno-89)
case(UAG-94, en-90)
fixed(en-90, contra-91)
fixed(en-90, de-92)
det(UAG-94, la-93)
nmod(grupo-87, UAG-94)
nmod(grupo-87, UAG-94)

Extracted the following NER entity mentions:
DIAZ FRIAS	MISC	MISC:0.28681173393615783
El Chilango"-	PERSON	PERSON:0.36187060358404344
Partido Proletario Unido de América	ORGANIZATION	ORGANIZATION:0.9547798982489387
Fuerzas
Armadas de Liberación	MISC	MISC:0.4685747035132049
Fuerzas Armadas Revolucionarias	MISC	MISC:0.48470995077306117
ANTONIO
GARCIA RODRIGUEZ	PERSON	PERSON:0.9746792471313797
ESTEBAN DAVALOS	PERSON	PERSON:0.958683059148905
Gobierno	ORGANIZATION	ORGANIZATION:0.9975354652817463
UAG	ORGANIZATION	ORGANIZATION:0.7621995806862569
