Document: ID=file_4.txt (3 sentences, 155 tokens)

Sentence #1 (6 tokens):
LOPEZ BETANCOURT, Raúl Eduardo.

Tokens:
[Text=LOPEZ CharacterOffsetBegin=0 CharacterOffsetEnd=5 PartOfSpeech=PROPN Lemma=lopez NamedEntityTag=PERSON]
[Text=BETANCOURT CharacterOffsetBegin=6 CharacterOffsetEnd=16 PartOfSpeech=PROPN Lemma=betancourt NamedEntityTag=PERSON]
[Text=, CharacterOffsetBegin=16 CharacterOffsetEnd=17 PartOfSpeech=PUNCT Lemma=, NamedEntityTag=O]
[Text=Raúl CharacterOffsetBegin=18 CharacterOffsetEnd=22 PartOfSpeech=PROPN Lemma=raúl NamedEntityTag=PERSON]
[Text=Eduardo CharacterOffsetBegin=23 CharacterOffsetEnd=30 PartOfSpeech=PROPN Lemma=eduardo NamedEntityTag=PERSON]
[Text=. CharacterOffsetBegin=30 CharacterOffsetEnd=31 PartOfSpeech=PUNCT Lemma=. NamedEntityTag=O]

Dependency Parse (enhanced plus plus dependencies):
root(ROOT-0, LOPEZ-1)
flat(LOPEZ-1, BETANCOURT-2)
punct(Raúl-4, ,-3)
appos(LOPEZ-1, Raúl-4)
flat(Raúl-4, Eduardo-5)
punct(LOPEZ-1, .-6)

Extracted the following NER entity mentions:
LOPEZ BETANCOURT	PERSON	PERSON:0.9537678689752553
Raúl Eduardo	PERSON	PERSON:0.9999667799361783

Sentence #2 (124 tokens):
Exp-35-17-79
-16- H-122  L-19
var a cabo su secuestro, transcurriendo apro--
ximadamente un mes sin que se lograra dicho --
objetivo ya que el citado ELIAS NAIME NEMER se
econtraba muy poco en esa Ciudad y no así su--
hijo JORGE NAIME GOMEZ al cual sugirió el de--
clarante se secuestrara en lugar del primero--
propuesta que por mediación de LEOS Y ROMO  se-
le hizo al Dr. LOPEZ BETANCOURT  lo cual acep--
tó éste último y fue así como el día 17 de sep
tiembre de 1975 se llevó a efecto el secuestro
de esta persona aprovechando una reunión que -
se efectuaba en su domicili en la Ciudad de -
Chilpancingo, Gro.

Tokens:
[Text=Exp-35-17-79 CharacterOffsetBegin=32 CharacterOffsetEnd=44 PartOfSpeech=ADP Lemma=exp-35-17-79 NamedEntityTag=O]
[Text=-16 CharacterOffsetBegin=45 CharacterOffsetEnd=48 PartOfSpeech=NUM Lemma=-16 NamedEntityTag=O]
[Text=- CharacterOffsetBegin=48 CharacterOffsetEnd=49 PartOfSpeech=PUNCT Lemma=- NamedEntityTag=O]
[Text=H-122 CharacterOffsetBegin=50 CharacterOffsetEnd=55 PartOfSpeech=PROPN Lemma=h-122 NamedEntityTag=O]
[Text=L-19 CharacterOffsetBegin=57 CharacterOffsetEnd=61 PartOfSpeech=PROPN Lemma=l-19 NamedEntityTag=O]
[Text=var CharacterOffsetBegin=62 CharacterOffsetEnd=65 PartOfSpeech=VERB Lemma=var NamedEntityTag=O]
[Text=a CharacterOffsetBegin=66 CharacterOffsetEnd=67 PartOfSpeech=ADP Lemma=a NamedEntityTag=O]
[Text=cabo CharacterOffsetBegin=68 CharacterOffsetEnd=72 PartOfSpeech=NOUN Lemma=cabo NamedEntityTag=O]
[Text=su CharacterOffsetBegin=73 CharacterOffsetEnd=75 PartOfSpeech=DET Lemma=su NamedEntityTag=O]
[Text=secuestro CharacterOffsetBegin=76 CharacterOffsetEnd=85 PartOfSpeech=NOUN Lemma=secuestro NamedEntityTag=CRIMINAL_CHARGE]
[Text=, CharacterOffsetBegin=85 CharacterOffsetEnd=86 PartOfSpeech=PUNCT Lemma=, NamedEntityTag=O]
[Text=transcurriendo CharacterOffsetBegin=87 CharacterOffsetEnd=101 PartOfSpeech=VERB Lemma=transcurriendo NamedEntityTag=O]
[Text=apro CharacterOffsetBegin=102 CharacterOffsetEnd=106 PartOfSpeech=NOUN Lemma=apro NamedEntityTag=O]
[Text=-- CharacterOffsetBegin=106 CharacterOffsetEnd=108 PartOfSpeech=NUM Lemma=-- NamedEntityTag=O]
[Text=ximadamente CharacterOffsetBegin=109 CharacterOffsetEnd=120 PartOfSpeech=ADV Lemma=ximadamente NamedEntityTag=O]
[Text=un CharacterOffsetBegin=121 CharacterOffsetEnd=123 PartOfSpeech=DET Lemma=un NamedEntityTag=O]
[Text=mes CharacterOffsetBegin=124 CharacterOffsetEnd=127 PartOfSpeech=NOUN Lemma=mes NamedEntityTag=O]
[Text=sin CharacterOffsetBegin=128 CharacterOffsetEnd=131 PartOfSpeech=ADP Lemma=sin NamedEntityTag=O]
[Text=que CharacterOffsetBegin=132 CharacterOffsetEnd=135 PartOfSpeech=SCONJ Lemma=que NamedEntityTag=O]
[Text=se CharacterOffsetBegin=136 CharacterOffsetEnd=138 PartOfSpeech=PRON Lemma=se NamedEntityTag=O]
[Text=lograra CharacterOffsetBegin=139 CharacterOffsetEnd=146 PartOfSpeech=VERB Lemma=lograra NamedEntityTag=O]
[Text=dicho CharacterOffsetBegin=147 CharacterOffsetEnd=152 PartOfSpeech=ADJ Lemma=dicho NamedEntityTag=O]
[Text=-- CharacterOffsetBegin=153 CharacterOffsetEnd=155 PartOfSpeech=NUM Lemma=-- NamedEntityTag=O]
[Text=objetivo CharacterOffsetBegin=156 CharacterOffsetEnd=164 PartOfSpeech=NOUN Lemma=objetivo NamedEntityTag=O]
[Text=ya CharacterOffsetBegin=165 CharacterOffsetEnd=167 PartOfSpeech=ADV Lemma=ya NamedEntityTag=O]
[Text=que CharacterOffsetBegin=168 CharacterOffsetEnd=171 PartOfSpeech=SCONJ Lemma=que NamedEntityTag=O]
[Text=el CharacterOffsetBegin=172 CharacterOffsetEnd=174 PartOfSpeech=DET Lemma=el NamedEntityTag=O]
[Text=citado CharacterOffsetBegin=175 CharacterOffsetEnd=181 PartOfSpeech=ADJ Lemma=citado NamedEntityTag=O]
[Text=ELIAS CharacterOffsetBegin=182 CharacterOffsetEnd=187 PartOfSpeech=PROPN Lemma=elias NamedEntityTag=PERSON]
[Text=NAIME CharacterOffsetBegin=188 CharacterOffsetEnd=193 PartOfSpeech=PROPN Lemma=naime NamedEntityTag=PERSON]
[Text=NEMER CharacterOffsetBegin=194 CharacterOffsetEnd=199 PartOfSpeech=PROPN Lemma=nemer NamedEntityTag=PERSON]
[Text=se CharacterOffsetBegin=200 CharacterOffsetEnd=202 PartOfSpeech=PRON Lemma=se NamedEntityTag=O]
[Text=econtraba CharacterOffsetBegin=203 CharacterOffsetEnd=212 PartOfSpeech=VERB Lemma=econtraba NamedEntityTag=O]
[Text=muy CharacterOffsetBegin=213 CharacterOffsetEnd=216 PartOfSpeech=ADV Lemma=muy NamedEntityTag=O]
[Text=poco CharacterOffsetBegin=217 CharacterOffsetEnd=221 PartOfSpeech=ADV Lemma=poco NamedEntityTag=O]
[Text=en CharacterOffsetBegin=222 CharacterOffsetEnd=224 PartOfSpeech=ADP Lemma=en NamedEntityTag=O]
[Text=esa CharacterOffsetBegin=225 CharacterOffsetEnd=228 PartOfSpeech=DET Lemma=esa NamedEntityTag=O]
[Text=Ciudad CharacterOffsetBegin=229 CharacterOffsetEnd=235 PartOfSpeech=PROPN Lemma=ciudad NamedEntityTag=LOCATION]
[Text=y CharacterOffsetBegin=236 CharacterOffsetEnd=237 PartOfSpeech=CCONJ Lemma=y NamedEntityTag=O]
[Text=no CharacterOffsetBegin=238 CharacterOffsetEnd=240 PartOfSpeech=ADV Lemma=no NamedEntityTag=O]
[Text=así CharacterOffsetBegin=241 CharacterOffsetEnd=244 PartOfSpeech=ADV Lemma=así NamedEntityTag=O]
[Text=su CharacterOffsetBegin=245 CharacterOffsetEnd=247 PartOfSpeech=DET Lemma=su NamedEntityTag=O]
[Text=-- CharacterOffsetBegin=247 CharacterOffsetEnd=249 PartOfSpeech=NUM Lemma=-- NamedEntityTag=O]
[Text=hijo CharacterOffsetBegin=250 CharacterOffsetEnd=254 PartOfSpeech=NOUN Lemma=hijo NamedEntityTag=O]
[Text=JORGE CharacterOffsetBegin=255 CharacterOffsetEnd=260 PartOfSpeech=PROPN Lemma=jorge NamedEntityTag=PERSON]
[Text=NAIME CharacterOffsetBegin=261 CharacterOffsetEnd=266 PartOfSpeech=PROPN Lemma=naime NamedEntityTag=PERSON]
[Text=GOMEZ CharacterOffsetBegin=267 CharacterOffsetEnd=272 PartOfSpeech=PROPN Lemma=gomez NamedEntityTag=PERSON]
[Text=al CharacterOffsetBegin=273 CharacterOffsetEnd=275 PartOfSpeech=ADP Lemma=al NamedEntityTag=O]
[Text=cual CharacterOffsetBegin=276 CharacterOffsetEnd=280 PartOfSpeech=PRON Lemma=cual NamedEntityTag=O]
[Text=sugirió CharacterOffsetBegin=281 CharacterOffsetEnd=288 PartOfSpeech=VERB Lemma=sugirió NamedEntityTag=O]
[Text=el CharacterOffsetBegin=289 CharacterOffsetEnd=291 PartOfSpeech=DET Lemma=el NamedEntityTag=O]
[Text=de CharacterOffsetBegin=292 CharacterOffsetEnd=294 PartOfSpeech=ADP Lemma=de NamedEntityTag=O]
[Text=-- CharacterOffsetBegin=294 CharacterOffsetEnd=296 PartOfSpeech=NUM Lemma=-- NamedEntityTag=O]
[Text=clarante CharacterOffsetBegin=297 CharacterOffsetEnd=305 PartOfSpeech=NOUN Lemma=clarante NamedEntityTag=O]
[Text=se CharacterOffsetBegin=306 CharacterOffsetEnd=308 PartOfSpeech=PRON Lemma=se NamedEntityTag=O]
[Text=secuestrara CharacterOffsetBegin=309 CharacterOffsetEnd=320 PartOfSpeech=VERB Lemma=secuestrara NamedEntityTag=O]
[Text=en CharacterOffsetBegin=321 CharacterOffsetEnd=323 PartOfSpeech=ADP Lemma=en NamedEntityTag=O]
[Text=lugar CharacterOffsetBegin=324 CharacterOffsetEnd=329 PartOfSpeech=NOUN Lemma=lugar NamedEntityTag=O]
[Text=del CharacterOffsetBegin=330 CharacterOffsetEnd=333 PartOfSpeech=ADP Lemma=del NamedEntityTag=O]
[Text=primero CharacterOffsetBegin=334 CharacterOffsetEnd=341 PartOfSpeech=ADJ Lemma=primero NamedEntityTag=O]
[Text=-- CharacterOffsetBegin=341 CharacterOffsetEnd=343 PartOfSpeech=NUM Lemma=-- NamedEntityTag=O]
[Text=propuesta CharacterOffsetBegin=344 CharacterOffsetEnd=353 PartOfSpeech=NOUN Lemma=propuesta NamedEntityTag=O]
[Text=que CharacterOffsetBegin=354 CharacterOffsetEnd=357 PartOfSpeech=PRON Lemma=que NamedEntityTag=O]
[Text=por CharacterOffsetBegin=358 CharacterOffsetEnd=361 PartOfSpeech=ADP Lemma=por NamedEntityTag=O]
[Text=mediación CharacterOffsetBegin=362 CharacterOffsetEnd=371 PartOfSpeech=NOUN Lemma=mediación NamedEntityTag=O]
[Text=de CharacterOffsetBegin=372 CharacterOffsetEnd=374 PartOfSpeech=ADP Lemma=de NamedEntityTag=O]
[Text=LEOS CharacterOffsetBegin=375 CharacterOffsetEnd=379 PartOfSpeech=PROPN Lemma=leos NamedEntityTag=ORGANIZATION]
[Text=Y CharacterOffsetBegin=380 CharacterOffsetEnd=381 PartOfSpeech=CCONJ Lemma=y NamedEntityTag=O]
[Text=ROMO CharacterOffsetBegin=382 CharacterOffsetEnd=386 PartOfSpeech=PROPN Lemma=romo NamedEntityTag=PERSON]
[Text=se CharacterOffsetBegin=388 CharacterOffsetEnd=390 PartOfSpeech=PRON Lemma=se NamedEntityTag=O]
[Text=- CharacterOffsetBegin=390 CharacterOffsetEnd=391 PartOfSpeech=PUNCT Lemma=- NamedEntityTag=O]
[Text=le CharacterOffsetBegin=392 CharacterOffsetEnd=394 PartOfSpeech=PRON Lemma=le NamedEntityTag=O]
[Text=hizo CharacterOffsetBegin=395 CharacterOffsetEnd=399 PartOfSpeech=VERB Lemma=hizo NamedEntityTag=O]
[Text=al CharacterOffsetBegin=400 CharacterOffsetEnd=402 PartOfSpeech=ADP Lemma=al NamedEntityTag=O]
[Text=Dr. CharacterOffsetBegin=403 CharacterOffsetEnd=406 PartOfSpeech=PROPN Lemma=dr. NamedEntityTag=O]
[Text=LOPEZ CharacterOffsetBegin=407 CharacterOffsetEnd=412 PartOfSpeech=PROPN Lemma=lopez NamedEntityTag=PERSON]
[Text=BETANCOURT CharacterOffsetBegin=413 CharacterOffsetEnd=423 PartOfSpeech=PROPN Lemma=betancourt NamedEntityTag=PERSON]
[Text=lo CharacterOffsetBegin=425 CharacterOffsetEnd=427 PartOfSpeech=DET Lemma=lo NamedEntityTag=O]
[Text=cual CharacterOffsetBegin=428 CharacterOffsetEnd=432 PartOfSpeech=PRON Lemma=cual NamedEntityTag=O]
[Text=acep CharacterOffsetBegin=433 CharacterOffsetEnd=437 PartOfSpeech=VERB Lemma=acep NamedEntityTag=O]
[Text=-- CharacterOffsetBegin=437 CharacterOffsetEnd=439 PartOfSpeech=NUM Lemma=-- NamedEntityTag=O]
[Text=tó CharacterOffsetBegin=440 CharacterOffsetEnd=442 PartOfSpeech=PRON Lemma=tó NamedEntityTag=O]
[Text=éste CharacterOffsetBegin=443 CharacterOffsetEnd=447 PartOfSpeech=PRON Lemma=éste NamedEntityTag=O]
[Text=último CharacterOffsetBegin=448 CharacterOffsetEnd=454 PartOfSpeech=ADJ Lemma=último NamedEntityTag=TITLE]
[Text=y CharacterOffsetBegin=455 CharacterOffsetEnd=456 PartOfSpeech=CCONJ Lemma=y NamedEntityTag=O]
[Text=fue CharacterOffsetBegin=457 CharacterOffsetEnd=460 PartOfSpeech=AUX Lemma=fue NamedEntityTag=O]
[Text=así CharacterOffsetBegin=461 CharacterOffsetEnd=464 PartOfSpeech=ADV Lemma=así NamedEntityTag=O]
[Text=como CharacterOffsetBegin=465 CharacterOffsetEnd=469 PartOfSpeech=SCONJ Lemma=como NamedEntityTag=O]
[Text=el CharacterOffsetBegin=470 CharacterOffsetEnd=472 PartOfSpeech=DET Lemma=el NamedEntityTag=O]
[Text=día CharacterOffsetBegin=473 CharacterOffsetEnd=476 PartOfSpeech=NOUN Lemma=día NamedEntityTag=O]
[Text=17 CharacterOffsetBegin=477 CharacterOffsetEnd=479 PartOfSpeech=NUM Lemma=17 NamedEntityTag=NUMBER NormalizedNamedEntityTag=17.0]
[Text=de CharacterOffsetBegin=480 CharacterOffsetEnd=482 PartOfSpeech=ADP Lemma=de NamedEntityTag=O]
[Text=sep CharacterOffsetBegin=483 CharacterOffsetEnd=486 PartOfSpeech=NOUN Lemma=sep NamedEntityTag=O]
[Text=tiembre CharacterOffsetBegin=487 CharacterOffsetEnd=494 PartOfSpeech=ADJ Lemma=tiembre NamedEntityTag=O]
[Text=de CharacterOffsetBegin=495 CharacterOffsetEnd=497 PartOfSpeech=ADP Lemma=de NamedEntityTag=O]
[Text=1975 CharacterOffsetBegin=498 CharacterOffsetEnd=502 PartOfSpeech=NOUN Lemma=1975 NamedEntityTag=NUMBER NormalizedNamedEntityTag=1975.0]
[Text=se CharacterOffsetBegin=503 CharacterOffsetEnd=505 PartOfSpeech=PRON Lemma=se NamedEntityTag=O]
[Text=llevó CharacterOffsetBegin=506 CharacterOffsetEnd=511 PartOfSpeech=VERB Lemma=llevó NamedEntityTag=O]
[Text=a CharacterOffsetBegin=512 CharacterOffsetEnd=513 PartOfSpeech=ADP Lemma=a NamedEntityTag=O]
[Text=efecto CharacterOffsetBegin=514 CharacterOffsetEnd=520 PartOfSpeech=NOUN Lemma=efecto NamedEntityTag=O]
[Text=el CharacterOffsetBegin=521 CharacterOffsetEnd=523 PartOfSpeech=DET Lemma=el NamedEntityTag=O]
[Text=secuestro CharacterOffsetBegin=524 CharacterOffsetEnd=533 PartOfSpeech=NOUN Lemma=secuestro NamedEntityTag=CRIMINAL_CHARGE]
[Text=de CharacterOffsetBegin=534 CharacterOffsetEnd=536 PartOfSpeech=ADP Lemma=de NamedEntityTag=O]
[Text=esta CharacterOffsetBegin=537 CharacterOffsetEnd=541 PartOfSpeech=DET Lemma=esta NamedEntityTag=O]
[Text=persona CharacterOffsetBegin=542 CharacterOffsetEnd=549 PartOfSpeech=NOUN Lemma=persona NamedEntityTag=O]
[Text=aprovechando CharacterOffsetBegin=550 CharacterOffsetEnd=562 PartOfSpeech=VERB Lemma=aprovechando NamedEntityTag=O]
[Text=una CharacterOffsetBegin=563 CharacterOffsetEnd=566 PartOfSpeech=DET Lemma=una NamedEntityTag=O]
[Text=reunión CharacterOffsetBegin=567 CharacterOffsetEnd=574 PartOfSpeech=NOUN Lemma=reunión NamedEntityTag=O]
[Text=que CharacterOffsetBegin=575 CharacterOffsetEnd=578 PartOfSpeech=PRON Lemma=que NamedEntityTag=O]
[Text=- CharacterOffsetBegin=579 CharacterOffsetEnd=580 PartOfSpeech=PUNCT Lemma=- NamedEntityTag=O]
[Text=se CharacterOffsetBegin=581 CharacterOffsetEnd=583 PartOfSpeech=PRON Lemma=se NamedEntityTag=O]
[Text=efectuaba CharacterOffsetBegin=584 CharacterOffsetEnd=593 PartOfSpeech=VERB Lemma=efectuaba NamedEntityTag=O]
[Text=en CharacterOffsetBegin=594 CharacterOffsetEnd=596 PartOfSpeech=ADP Lemma=en NamedEntityTag=O]
[Text=su CharacterOffsetBegin=597 CharacterOffsetEnd=599 PartOfSpeech=DET Lemma=su NamedEntityTag=O]
[Text=domicili CharacterOffsetBegin=600 CharacterOffsetEnd=608 PartOfSpeech=NOUN Lemma=domicili NamedEntityTag=O]
[Text=en CharacterOffsetBegin=609 CharacterOffsetEnd=611 PartOfSpeech=ADP Lemma=en NamedEntityTag=O]
[Text=la CharacterOffsetBegin=612 CharacterOffsetEnd=614 PartOfSpeech=DET Lemma=la NamedEntityTag=O]
[Text=Ciudad CharacterOffsetBegin=615 CharacterOffsetEnd=621 PartOfSpeech=PROPN Lemma=ciudad NamedEntityTag=LOCATION]
[Text=de CharacterOffsetBegin=622 CharacterOffsetEnd=624 PartOfSpeech=ADP Lemma=de NamedEntityTag=LOCATION]
[Text=- CharacterOffsetBegin=625 CharacterOffsetEnd=626 PartOfSpeech=PUNCT Lemma=- NamedEntityTag=LOCATION]
[Text=Chilpancingo CharacterOffsetBegin=627 CharacterOffsetEnd=639 PartOfSpeech=PROPN Lemma=chilpancingo NamedEntityTag=CITY]
[Text=, CharacterOffsetBegin=639 CharacterOffsetEnd=640 PartOfSpeech=PUNCT Lemma=, NamedEntityTag=O]
[Text=Gro CharacterOffsetBegin=641 CharacterOffsetEnd=644 PartOfSpeech=PROPN Lemma=gro NamedEntityTag=PERSON]
[Text=. CharacterOffsetBegin=644 CharacterOffsetEnd=645 PartOfSpeech=PUNCT Lemma=. NamedEntityTag=O]

Dependency Parse (enhanced plus plus dependencies):
root(ROOT-0, secuestrara-56)
case(-16-2, Exp-35-17-79-1)
obl(var-6, -16-2)
punct(-16-2, --3)
nsubj(var-6, H-122-4)
flat(H-122-4, L-19-5)
ccomp(transcurriendo-12, var-6)
case(cabo-8, a-7)
compound(var-6, cabo-8)
det(secuestro-10, su-9)
obj(var-6, secuestro-10)
punct(var-6, ,-11)
advcl(secuestrara-56, transcurriendo-12)
nsubj(transcurriendo-12, apro-13)
compound(apro-13, ---14)
advmod(mes-17, ximadamente-15)
det(mes-17, un-16)
appos(apro-13, mes-17)
mark(lograra-21, sin-18)
mark(lograra-21, que-19)
obj(lograra-21, se-20)
acl(mes-17, lograra-21)
obj(lograra-21, dicho-22)
nummod(objetivo-24, ---23)
obj(lograra-21, objetivo-24)
advmod(objetivo-24, ya-25)
mark(econtraba-33, que-26)
det(ELIAS-29, el-27)
amod(ELIAS-29, citado-28)
nsubj(econtraba-33, ELIAS-29)
flat(ELIAS-29, NAIME-30)
flat(ELIAS-29, NEMER-31)
obj(econtraba-33, se-32)
acl(objetivo-24, econtraba-33)
advmod(poco-35, muy-34)
advmod(econtraba-33, poco-35)
case(Ciudad-38, en-36)
det(Ciudad-38, esa-37)
obl(econtraba-33, Ciudad-38)
cc(así-41, y-39)
advmod(así-41, no-40)
conj:y(transcurriendo-12, así-41)
advcl(secuestrara-56, así-41)
det(hijo-44, su-42)
nummod(su-42, ---43)
obj(así-41, hijo-44)
appos(hijo-44, JORGE-45)
flat(JORGE-45, NAIME-46)
flat(JORGE-45, GOMEZ-47)
case(cual-49, al-48)
obj(sugirió-50, cual-49)
acl(hijo-44, sugirió-50)
det(clarante-54, el-51)
case(el-51, de-52)
nummod(el-51, ---53)
nsubj(sugirió-50, clarante-54)
obj(secuestrara-56, se-55)
case(propuesta-62, en-57)
fixed(en-57, lugar-58)
fixed(en-57, del-59)
amod(propuesta-62, primero-60)
nummod(propuesta-62, ---61)
obl(secuestrara-56, propuesta-62)
obl(secuestrara-56, propuesta-62)
nmod(propuesta-62, que-63)
case(mediación-65, por-64)
nmod(que-63, mediación-65)
case(LEOS-67, de-66)
nmod(mediación-65, LEOS-67)
cc(ROMO-69, Y-68)
nmod(mediación-65, ROMO-69)
conj:y(LEOS-67, ROMO-69)
obj(mediación-65, se-70)
punct(hizo-73, --71)
obj(hizo-73, le-72)
acl(mediación-65, hizo-73)
case(Dr.-75, al-74)
obj(hizo-73, Dr.-75)
flat(Dr.-75, LOPEZ-76)
flat(Dr.-75, BETANCOURT-77)
det(acep-80, lo-78)
obl(acep-80, cual-79)
advcl(hizo-73, acep-80)
advmod(llevó-98, ---81)
nsubj(llevó-98, tó-82)
nsubj(llevó-98, éste-83)
amod(éste-83, último-84)
cc(así-87, y-85)
cop(así-87, fue-86)
conj:y(éste-83, así-87)
nsubj(llevó-98, así-87)
mark(día-90, como-88)
det(día-90, el-89)
obl(así-87, día-90)
compound(día-90, 17-91)
case(sep-93, de-92)
nmod(día-90, sep-93)
amod(sep-93, tiembre-94)
case(1975-96, de-95)
nmod(sep-93, 1975-96)
obj(llevó-98, se-97)
csubj(acep-80, llevó-98)
case(efecto-100, a-99)
compound(llevó-98, efecto-100)
det(secuestro-102, el-101)
obj(llevó-98, secuestro-102)
case(persona-105, de-103)
det(persona-105, esta-104)
nmod(secuestro-102, persona-105)
advcl(llevó-98, aprovechando-106)
det(reunión-108, una-107)
obj(aprovechando-106, reunión-108)
nsubj(efectuaba-112, que-109)
punct(efectuaba-112, --110)
obj(efectuaba-112, se-111)
acl(reunión-108, efectuaba-112)
case(domicili-115, en-113)
det(domicili-115, su-114)
obl(efectuaba-112, domicili-115)
case(Ciudad-118, en-116)
det(Ciudad-118, la-117)
obl(efectuaba-112, Ciudad-118)
case(Chilpancingo-121, de-119)
punct(Chilpancingo-121, --120)
flat(Ciudad-118, Chilpancingo-121)
punct(Gro-123, ,-122)
flat(Ciudad-118, Gro-123)
punct(secuestrara-56, .-124)

Extracted the following NER entity mentions:
secuestro	CRIMINAL_CHARGE	-
ELIAS NAIME NEMER	PERSON	PERSON:0.4807282933020698
Ciudad	LOCATION	LOCATION:0.910875966157675
JORGE NAIME GOMEZ	PERSON	PERSON:0.6931903085479255
LEOS	ORGANIZATION	ORGANIZATION:0.6604215885131238
ROMO	PERSON	PERSON:0.5623120296985121
LOPEZ BETANCOURT	PERSON	PERSON:0.5184072012258167
último	TITLE	-
17	NUMBER	NUMBER:-1.0
1975	NUMBER	NUMBER:-1.0
secuestro	CRIMINAL_CHARGE	-
Ciudad de -	LOCATION	LOCATION:0.865433633213067
Chilpancingo	CITY	LOCATION:0.992812113791118
Gro	PERSON	PERSON:0.5082065773548887

Sentence #3 (25 tokens):
, en un momento en que se --
encontraba abierta la puerta de entrada, cu---
biertos con pasamontañas el declarante, GERAR-

Tokens:
[Text=, CharacterOffsetBegin=645 CharacterOffsetEnd=646 PartOfSpeech=PUNCT Lemma=, NamedEntityTag=O]
[Text=en CharacterOffsetBegin=647 CharacterOffsetEnd=649 PartOfSpeech=ADP Lemma=en NamedEntityTag=O]
[Text=un CharacterOffsetBegin=650 CharacterOffsetEnd=652 PartOfSpeech=DET Lemma=un NamedEntityTag=O]
[Text=momento CharacterOffsetBegin=653 CharacterOffsetEnd=660 PartOfSpeech=NOUN Lemma=momento NamedEntityTag=O]
[Text=en CharacterOffsetBegin=661 CharacterOffsetEnd=663 PartOfSpeech=ADP Lemma=en NamedEntityTag=O]
[Text=que CharacterOffsetBegin=664 CharacterOffsetEnd=667 PartOfSpeech=PRON Lemma=que NamedEntityTag=O]
[Text=se CharacterOffsetBegin=668 CharacterOffsetEnd=670 PartOfSpeech=PRON Lemma=se NamedEntityTag=O]
[Text=-- CharacterOffsetBegin=671 CharacterOffsetEnd=673 PartOfSpeech=PROPN Lemma=-- NamedEntityTag=O]
[Text=encontraba CharacterOffsetBegin=674 CharacterOffsetEnd=684 PartOfSpeech=VERB Lemma=encontraba NamedEntityTag=O]
[Text=abierta CharacterOffsetBegin=685 CharacterOffsetEnd=692 PartOfSpeech=ADJ Lemma=abierta NamedEntityTag=O]
[Text=la CharacterOffsetBegin=693 CharacterOffsetEnd=695 PartOfSpeech=DET Lemma=la NamedEntityTag=O]
[Text=puerta CharacterOffsetBegin=696 CharacterOffsetEnd=702 PartOfSpeech=NOUN Lemma=puerta NamedEntityTag=O]
[Text=de CharacterOffsetBegin=703 CharacterOffsetEnd=705 PartOfSpeech=ADP Lemma=de NamedEntityTag=O]
[Text=entrada CharacterOffsetBegin=706 CharacterOffsetEnd=713 PartOfSpeech=NOUN Lemma=entrada NamedEntityTag=O]
[Text=, CharacterOffsetBegin=713 CharacterOffsetEnd=714 PartOfSpeech=PUNCT Lemma=, NamedEntityTag=O]
[Text=cu CharacterOffsetBegin=715 CharacterOffsetEnd=717 PartOfSpeech=PRON Lemma=cu NamedEntityTag=O]
[Text=--- CharacterOffsetBegin=717 CharacterOffsetEnd=720 PartOfSpeech=NUM Lemma=--- NamedEntityTag=O]
[Text=biertos CharacterOffsetBegin=721 CharacterOffsetEnd=728 PartOfSpeech=NOUN Lemma=biertos NamedEntityTag=O]
[Text=con CharacterOffsetBegin=729 CharacterOffsetEnd=732 PartOfSpeech=ADP Lemma=con NamedEntityTag=O]
[Text=pasamontañas CharacterOffsetBegin=733 CharacterOffsetEnd=745 PartOfSpeech=NOUN Lemma=pasamontañas NamedEntityTag=O]
[Text=el CharacterOffsetBegin=746 CharacterOffsetEnd=748 PartOfSpeech=DET Lemma=el NamedEntityTag=O]
[Text=declarante CharacterOffsetBegin=749 CharacterOffsetEnd=759 PartOfSpeech=NOUN Lemma=declarante NamedEntityTag=O]
[Text=, CharacterOffsetBegin=759 CharacterOffsetEnd=760 PartOfSpeech=PUNCT Lemma=, NamedEntityTag=O]
[Text=GERAR CharacterOffsetBegin=761 CharacterOffsetEnd=766 PartOfSpeech=PROPN Lemma=gerar NamedEntityTag=PERSON]
[Text=- CharacterOffsetBegin=766 CharacterOffsetEnd=767 PartOfSpeech=PUNCT Lemma=- NamedEntityTag=O]

Dependency Parse (enhanced plus plus dependencies):
root(ROOT-0, momento-4)
punct(momento-4, ,-1)
case(momento-4, en-2)
det(momento-4, un-3)
case(que-6, en-5)
obl(encontraba-9, que-6)
obj(encontraba-9, se-7)
nsubj(encontraba-9, ---8)
acl(momento-4, encontraba-9)
obj(encontraba-9, abierta-10)
det(puerta-12, la-11)
nsubj(encontraba-9, puerta-12)
case(entrada-14, de-13)
nmod(puerta-12, entrada-14)
punct(cu-16, ,-15)
appos(puerta-12, cu-16)
nummod(biertos-18, ----17)
nsubj(declarante-22, biertos-18)
case(pasamontañas-20, con-19)
nmod(biertos-18, pasamontañas-20)
det(declarante-22, el-21)
appos(cu-16, declarante-22)
punct(GERAR-24, ,-23)
appos(declarante-22, GERAR-24)
punct(momento-4, --25)

Extracted the following NER entity mentions:
GERAR	PERSON	PERSON:0.4897881829601562
